2019-02-13 05:13:30,982 - INFO - allennlp.common.from_params - instantiating class <class 'allennlp.data.dataset_readers.dataset_reader.DatasetReader'> from params {'mytokenizer': {'type': 'word', 'word_splitter': {'ner': True, 'parse': True, 'pos_tags': True, 'type': 'whitespacy'}}, 'token_indexers': {'dependency_label': {'namespace': 'dependencies', 'type': 'dependency_label'}, 'ner_tag': {'namespace': 'ner', 'type': 'ner_tag'}, 'pos_tag': {'coarse_tags': True, 'namespace': 'pos', 'type': 'pos_tag'}, 'tokens': {'lowercase_tokens': True, 'type': 'single_id'}}, 'type': 'sequence_tagging2', 'word_tag_delimiter': '//'} and extras {}
2019-02-13 05:13:30,982 - INFO - allennlp.common.params - dataset_reader.type = sequence_tagging2
2019-02-13 05:13:30,982 - INFO - allennlp.common.from_params - instantiating class <class 'myallennlp.dataset_readers.sequence_tagging2.SequenceTaggingDatasetReader'> from params {'mytokenizer': {'type': 'word', 'word_splitter': {'ner': True, 'parse': True, 'pos_tags': True, 'type': 'whitespacy'}}, 'token_indexers': {'dependency_label': {'namespace': 'dependencies', 'type': 'dependency_label'}, 'ner_tag': {'namespace': 'ner', 'type': 'ner_tag'}, 'pos_tag': {'coarse_tags': True, 'namespace': 'pos', 'type': 'pos_tag'}, 'tokens': {'lowercase_tokens': True, 'type': 'single_id'}}, 'word_tag_delimiter': '//'} and extras {}
2019-02-13 05:13:30,983 - INFO - allennlp.common.params - dataset_reader.word_tag_delimiter = //
2019-02-13 05:13:30,983 - INFO - allennlp.common.params - dataset_reader.token_delimiter = None
2019-02-13 05:13:30,983 - INFO - allennlp.common.from_params - instantiating class allennlp.data.token_indexers.token_indexer.TokenIndexer from params {'namespace': 'dependencies', 'type': 'dependency_label'} and extras {}
2019-02-13 05:13:30,983 - INFO - allennlp.common.params - dataset_reader.token_indexers.dependency_label.type = dependency_label
2019-02-13 05:13:30,983 - INFO - allennlp.common.from_params - instantiating class allennlp.data.token_indexers.dep_label_indexer.DepLabelIndexer from params {'namespace': 'dependencies'} and extras {}
2019-02-13 05:13:30,984 - INFO - allennlp.common.params - dataset_reader.token_indexers.dependency_label.namespace = dependencies
2019-02-13 05:13:30,984 - INFO - allennlp.common.from_params - instantiating class allennlp.data.token_indexers.token_indexer.TokenIndexer from params {'namespace': 'ner', 'type': 'ner_tag'} and extras {}
2019-02-13 05:13:30,984 - INFO - allennlp.common.params - dataset_reader.token_indexers.ner_tag.type = ner_tag
2019-02-13 05:13:30,984 - INFO - allennlp.common.from_params - instantiating class allennlp.data.token_indexers.ner_tag_indexer.NerTagIndexer from params {'namespace': 'ner'} and extras {}
2019-02-13 05:13:30,985 - INFO - allennlp.common.params - dataset_reader.token_indexers.ner_tag.namespace = ner
2019-02-13 05:13:30,985 - INFO - allennlp.common.from_params - instantiating class allennlp.data.token_indexers.token_indexer.TokenIndexer from params {'coarse_tags': True, 'namespace': 'pos', 'type': 'pos_tag'} and extras {}
2019-02-13 05:13:30,985 - INFO - allennlp.common.params - dataset_reader.token_indexers.pos_tag.type = pos_tag
2019-02-13 05:13:30,985 - INFO - allennlp.common.from_params - instantiating class allennlp.data.token_indexers.pos_tag_indexer.PosTagIndexer from params {'coarse_tags': True, 'namespace': 'pos'} and extras {}
2019-02-13 05:13:30,985 - INFO - allennlp.common.params - dataset_reader.token_indexers.pos_tag.namespace = pos
2019-02-13 05:13:30,985 - INFO - allennlp.common.params - dataset_reader.token_indexers.pos_tag.coarse_tags = True
2019-02-13 05:13:30,986 - INFO - allennlp.common.from_params - instantiating class allennlp.data.token_indexers.token_indexer.TokenIndexer from params {'lowercase_tokens': True, 'type': 'single_id'} and extras {}
2019-02-13 05:13:30,986 - INFO - allennlp.common.params - dataset_reader.token_indexers.tokens.type = single_id
2019-02-13 05:13:30,986 - INFO - allennlp.common.from_params - instantiating class allennlp.data.token_indexers.single_id_token_indexer.SingleIdTokenIndexer from params {'lowercase_tokens': True} and extras {}
2019-02-13 05:13:30,986 - INFO - allennlp.common.params - dataset_reader.token_indexers.tokens.namespace = tokens
2019-02-13 05:13:30,986 - INFO - allennlp.common.params - dataset_reader.token_indexers.tokens.lowercase_tokens = True
2019-02-13 05:13:30,986 - INFO - allennlp.common.params - dataset_reader.token_indexers.tokens.start_tokens = None
2019-02-13 05:13:30,987 - INFO - allennlp.common.params - dataset_reader.token_indexers.tokens.end_tokens = None
2019-02-13 05:13:30,987 - INFO - allennlp.common.params - dataset_reader.lazy = False
2019-02-13 05:13:30,987 - INFO - allennlp.common.from_params - instantiating class <class 'allennlp.data.tokenizers.tokenizer.Tokenizer'> from params {'type': 'word', 'word_splitter': {'ner': True, 'parse': True, 'pos_tags': True, 'type': 'whitespacy'}} and extras {}
2019-02-13 05:13:30,987 - INFO - allennlp.common.params - dataset_reader.mytokenizer.type = word
2019-02-13 05:13:30,987 - INFO - allennlp.common.from_params - instantiating class <class 'allennlp.data.tokenizers.word_tokenizer.WordTokenizer'> from params {'word_splitter': {'ner': True, 'parse': True, 'pos_tags': True, 'type': 'whitespacy'}} and extras {}
2019-02-13 05:13:30,988 - INFO - allennlp.common.from_params - instantiating class <class 'allennlp.data.tokenizers.word_splitter.WordSplitter'> from params {'ner': True, 'parse': True, 'pos_tags': True, 'type': 'whitespacy'} and extras {}
2019-02-13 05:13:30,988 - INFO - allennlp.common.params - dataset_reader.mytokenizer.word_splitter.type = whitespacy
2019-02-13 05:13:30,988 - INFO - allennlp.common.from_params - instantiating class <class 'myallennlp.data.tokenizers.word_splitter.SpacyWordSplitter'> from params {'ner': True, 'parse': True, 'pos_tags': True} and extras {}
2019-02-13 05:13:30,988 - INFO - allennlp.common.params - dataset_reader.mytokenizer.word_splitter.language = en_core_web_sm
2019-02-13 05:13:30,988 - INFO - allennlp.common.params - dataset_reader.mytokenizer.word_splitter.pos_tags = True
2019-02-13 05:13:30,988 - INFO - allennlp.common.params - dataset_reader.mytokenizer.word_splitter.parse = True
2019-02-13 05:13:30,989 - INFO - allennlp.common.params - dataset_reader.mytokenizer.word_splitter.ner = True
2019-02-13 05:13:31,579 - INFO - allennlp.common.params - dataset_reader.mytokenizer.start_tokens = None
2019-02-13 05:13:31,579 - INFO - allennlp.common.params - dataset_reader.mytokenizer.end_tokens = None
2019-02-13 05:13:31,580 - INFO - allennlp.common.params - dataset_reader.use_spacy_directly = False
2019-02-13 05:13:31,580 - INFO - allennlp.common.params - validation_dataset_reader = None
2019-02-13 05:13:31,580 - INFO - allennlp.common.params - train_data_path = ../data/allenTrain.txt
2019-02-13 05:13:31,580 - INFO - allennlp.commands.train - Reading training data from ../data/allenTrain.txt
2019-02-13 05:13:31,581 - INFO - myallennlp.dataset_readers.sequence_tagging2 - Reading instances from lines in file at: ../data/allenTrain.txt
2019-02-13 05:27:20,893 - INFO - allennlp.common.params - validation_data_path = ../data/allenDev.txt
2019-02-13 05:27:20,893 - INFO - allennlp.commands.train - Reading validation data from ../data/allenDev.txt
2019-02-13 05:27:20,893 - INFO - myallennlp.dataset_readers.sequence_tagging2 - Reading instances from lines in file at: ../data/allenDev.txt
2019-02-13 05:27:50,814 - INFO - allennlp.common.params - test_data_path = None
2019-02-13 05:27:50,814 - INFO - allennlp.commands.train - From dataset instances, train, validation will be considered for vocabulary creation.
2019-02-13 05:27:50,815 - INFO - allennlp.common.params - vocabulary.type = None
2019-02-13 05:27:50,815 - INFO - allennlp.common.params - vocabulary.extend = False
2019-02-13 05:27:50,815 - INFO - allennlp.common.params - vocabulary.directory_path = None
2019-02-13 05:27:50,815 - INFO - allennlp.common.params - vocabulary.min_count = None
2019-02-13 05:27:50,815 - INFO - allennlp.common.params - vocabulary.max_vocab_size = None
2019-02-13 05:27:50,815 - INFO - allennlp.common.params - vocabulary.non_padded_namespaces = ('*tags', '*labels')
2019-02-13 05:27:50,815 - INFO - allennlp.common.params - vocabulary.min_pretrained_embeddings = None
2019-02-13 05:27:50,816 - INFO - allennlp.common.params - vocabulary.only_include_pretrained_words = False
2019-02-13 05:27:50,816 - INFO - allennlp.common.params - vocabulary.tokens_to_add = None
2019-02-13 05:27:50,816 - INFO - allennlp.data.vocabulary - Fitting token dictionary from dataset.
2019-02-13 05:28:04,318 - INFO - allennlp.common.from_params - instantiating class <class 'allennlp.models.model.Model'> from params {'Ntags0': 90, 'Ntags1': 10, 'do_crossentropy_weighting': True, 'encoder': {'bidirectional': True, 'dropout': 0.5, 'hidden_size': 72, 'input_size': 72, 'num_layers': 2, 'type': 'lstm'}, 'text_field_embedder': {'token_embedders': {'dependency_label': {'embedding_dim': 10, 'type': 'embedding', 'vocab_namespace': 'dependencies'}, 'ner_tag': {'embedding_dim': 7, 'type': 'embedding', 'vocab_namespace': 'ner'}, 'pos_tag': {'embedding_dim': 5, 'type': 'embedding', 'vocab_namespace': 'pos'}, 'tokens': {'embedding_dim': 50, 'pretrained_file': '~/src/allennlp/glove/glove.6B.50d.txt.gz', 'trainable': False, 'type': 'embedding'}}}, 'type': 'simple_tagger2'} and extras {'vocab': Vocabulary with namespaces:  dependencies, Size: 47 || ner, Size: 21 || pos, Size: 17 || tokens, Size: 88725 || labels, Size: 2 || Non Padded Namespaces: {'*labels', '*tags'}}
2019-02-13 05:28:04,318 - INFO - allennlp.common.params - model.type = simple_tagger2
2019-02-13 05:28:04,318 - INFO - allennlp.common.from_params - instantiating class <class 'myallennlp.models.simple_tagger2.SimpleTagger2'> from params {'Ntags0': 90, 'Ntags1': 10, 'do_crossentropy_weighting': True, 'encoder': {'bidirectional': True, 'dropout': 0.5, 'hidden_size': 72, 'input_size': 72, 'num_layers': 2, 'type': 'lstm'}, 'text_field_embedder': {'token_embedders': {'dependency_label': {'embedding_dim': 10, 'type': 'embedding', 'vocab_namespace': 'dependencies'}, 'ner_tag': {'embedding_dim': 7, 'type': 'embedding', 'vocab_namespace': 'ner'}, 'pos_tag': {'embedding_dim': 5, 'type': 'embedding', 'vocab_namespace': 'pos'}, 'tokens': {'embedding_dim': 50, 'pretrained_file': '~/src/allennlp/glove/glove.6B.50d.txt.gz', 'trainable': False, 'type': 'embedding'}}}} and extras {'vocab': Vocabulary with namespaces:  dependencies, Size: 47 || ner, Size: 21 || pos, Size: 17 || tokens, Size: 88725 || labels, Size: 2 || Non Padded Namespaces: {'*labels', '*tags'}}
2019-02-13 05:28:04,319 - INFO - allennlp.common.from_params - instantiating class <class 'allennlp.modules.text_field_embedders.text_field_embedder.TextFieldEmbedder'> from params {'token_embedders': {'dependency_label': {'embedding_dim': 10, 'type': 'embedding', 'vocab_namespace': 'dependencies'}, 'ner_tag': {'embedding_dim': 7, 'type': 'embedding', 'vocab_namespace': 'ner'}, 'pos_tag': {'embedding_dim': 5, 'type': 'embedding', 'vocab_namespace': 'pos'}, 'tokens': {'embedding_dim': 50, 'pretrained_file': '~/src/allennlp/glove/glove.6B.50d.txt.gz', 'trainable': False, 'type': 'embedding'}}} and extras {'vocab': Vocabulary with namespaces:  dependencies, Size: 47 || ner, Size: 21 || pos, Size: 17 || tokens, Size: 88725 || labels, Size: 2 || Non Padded Namespaces: {'*labels', '*tags'}}
2019-02-13 05:28:04,319 - INFO - allennlp.common.params - model.text_field_embedder.type = basic
2019-02-13 05:28:04,319 - INFO - allennlp.common.params - model.text_field_embedder.embedder_to_indexer_map = None
2019-02-13 05:28:04,319 - INFO - allennlp.common.params - model.text_field_embedder.allow_unmatched_keys = False
2019-02-13 05:28:04,320 - INFO - allennlp.common.from_params - instantiating class <class 'allennlp.modules.token_embedders.token_embedder.TokenEmbedder'> from params {'embedding_dim': 10, 'type': 'embedding', 'vocab_namespace': 'dependencies'} and extras {'vocab': Vocabulary with namespaces:  dependencies, Size: 47 || ner, Size: 21 || pos, Size: 17 || tokens, Size: 88725 || labels, Size: 2 || Non Padded Namespaces: {'*labels', '*tags'}}
2019-02-13 05:28:04,320 - INFO - allennlp.common.params - model.text_field_embedder.token_embedders.dependency_label.type = embedding
2019-02-13 05:28:04,320 - INFO - allennlp.common.params - model.text_field_embedder.token_embedders.dependency_label.num_embeddings = None
2019-02-13 05:28:04,320 - INFO - allennlp.common.params - model.text_field_embedder.token_embedders.dependency_label.vocab_namespace = dependencies
2019-02-13 05:28:04,320 - INFO - allennlp.common.params - model.text_field_embedder.token_embedders.dependency_label.embedding_dim = 10
2019-02-13 05:28:04,320 - INFO - allennlp.common.params - model.text_field_embedder.token_embedders.dependency_label.pretrained_file = None
2019-02-13 05:28:04,320 - INFO - allennlp.common.params - model.text_field_embedder.token_embedders.dependency_label.projection_dim = None
2019-02-13 05:28:04,321 - INFO - allennlp.common.params - model.text_field_embedder.token_embedders.dependency_label.trainable = True
2019-02-13 05:28:04,321 - INFO - allennlp.common.params - model.text_field_embedder.token_embedders.dependency_label.padding_index = None
2019-02-13 05:28:04,321 - INFO - allennlp.common.params - model.text_field_embedder.token_embedders.dependency_label.max_norm = None
2019-02-13 05:28:04,321 - INFO - allennlp.common.params - model.text_field_embedder.token_embedders.dependency_label.norm_type = 2.0
2019-02-13 05:28:04,321 - INFO - allennlp.common.params - model.text_field_embedder.token_embedders.dependency_label.scale_grad_by_freq = False
2019-02-13 05:28:04,321 - INFO - allennlp.common.params - model.text_field_embedder.token_embedders.dependency_label.sparse = False
2019-02-13 05:28:04,322 - INFO - allennlp.common.from_params - instantiating class <class 'allennlp.modules.token_embedders.token_embedder.TokenEmbedder'> from params {'embedding_dim': 7, 'type': 'embedding', 'vocab_namespace': 'ner'} and extras {'vocab': Vocabulary with namespaces:  dependencies, Size: 47 || ner, Size: 21 || pos, Size: 17 || tokens, Size: 88725 || labels, Size: 2 || Non Padded Namespaces: {'*labels', '*tags'}}
2019-02-13 05:28:04,322 - INFO - allennlp.common.params - model.text_field_embedder.token_embedders.ner_tag.type = embedding
2019-02-13 05:28:04,323 - INFO - allennlp.common.params - model.text_field_embedder.token_embedders.ner_tag.num_embeddings = None
2019-02-13 05:28:04,323 - INFO - allennlp.common.params - model.text_field_embedder.token_embedders.ner_tag.vocab_namespace = ner
2019-02-13 05:28:04,323 - INFO - allennlp.common.params - model.text_field_embedder.token_embedders.ner_tag.embedding_dim = 7
2019-02-13 05:28:04,323 - INFO - allennlp.common.params - model.text_field_embedder.token_embedders.ner_tag.pretrained_file = None
2019-02-13 05:28:04,323 - INFO - allennlp.common.params - model.text_field_embedder.token_embedders.ner_tag.projection_dim = None
2019-02-13 05:28:04,323 - INFO - allennlp.common.params - model.text_field_embedder.token_embedders.ner_tag.trainable = True
2019-02-13 05:28:04,323 - INFO - allennlp.common.params - model.text_field_embedder.token_embedders.ner_tag.padding_index = None
2019-02-13 05:28:04,323 - INFO - allennlp.common.params - model.text_field_embedder.token_embedders.ner_tag.max_norm = None
2019-02-13 05:28:04,324 - INFO - allennlp.common.params - model.text_field_embedder.token_embedders.ner_tag.norm_type = 2.0
2019-02-13 05:28:04,324 - INFO - allennlp.common.params - model.text_field_embedder.token_embedders.ner_tag.scale_grad_by_freq = False
2019-02-13 05:28:04,324 - INFO - allennlp.common.params - model.text_field_embedder.token_embedders.ner_tag.sparse = False
2019-02-13 05:28:04,324 - INFO - allennlp.common.from_params - instantiating class <class 'allennlp.modules.token_embedders.token_embedder.TokenEmbedder'> from params {'embedding_dim': 5, 'type': 'embedding', 'vocab_namespace': 'pos'} and extras {'vocab': Vocabulary with namespaces:  dependencies, Size: 47 || ner, Size: 21 || pos, Size: 17 || tokens, Size: 88725 || labels, Size: 2 || Non Padded Namespaces: {'*labels', '*tags'}}
2019-02-13 05:28:04,324 - INFO - allennlp.common.params - model.text_field_embedder.token_embedders.pos_tag.type = embedding
2019-02-13 05:28:04,325 - INFO - allennlp.common.params - model.text_field_embedder.token_embedders.pos_tag.num_embeddings = None
2019-02-13 05:28:04,325 - INFO - allennlp.common.params - model.text_field_embedder.token_embedders.pos_tag.vocab_namespace = pos
2019-02-13 05:28:04,325 - INFO - allennlp.common.params - model.text_field_embedder.token_embedders.pos_tag.embedding_dim = 5
2019-02-13 05:28:04,325 - INFO - allennlp.common.params - model.text_field_embedder.token_embedders.pos_tag.pretrained_file = None
2019-02-13 05:28:04,325 - INFO - allennlp.common.params - model.text_field_embedder.token_embedders.pos_tag.projection_dim = None
2019-02-13 05:28:04,325 - INFO - allennlp.common.params - model.text_field_embedder.token_embedders.pos_tag.trainable = True
2019-02-13 05:28:04,325 - INFO - allennlp.common.params - model.text_field_embedder.token_embedders.pos_tag.padding_index = None
2019-02-13 05:28:04,325 - INFO - allennlp.common.params - model.text_field_embedder.token_embedders.pos_tag.max_norm = None
2019-02-13 05:28:04,325 - INFO - allennlp.common.params - model.text_field_embedder.token_embedders.pos_tag.norm_type = 2.0
2019-02-13 05:28:04,326 - INFO - allennlp.common.params - model.text_field_embedder.token_embedders.pos_tag.scale_grad_by_freq = False
2019-02-13 05:28:04,326 - INFO - allennlp.common.params - model.text_field_embedder.token_embedders.pos_tag.sparse = False
2019-02-13 05:28:04,326 - INFO - allennlp.common.from_params - instantiating class <class 'allennlp.modules.token_embedders.token_embedder.TokenEmbedder'> from params {'embedding_dim': 50, 'pretrained_file': '~/src/allennlp/glove/glove.6B.50d.txt.gz', 'trainable': False, 'type': 'embedding'} and extras {'vocab': Vocabulary with namespaces:  dependencies, Size: 47 || ner, Size: 21 || pos, Size: 17 || tokens, Size: 88725 || labels, Size: 2 || Non Padded Namespaces: {'*labels', '*tags'}}
2019-02-13 05:28:04,326 - INFO - allennlp.common.params - model.text_field_embedder.token_embedders.tokens.type = embedding
2019-02-13 05:28:04,326 - INFO - allennlp.common.params - model.text_field_embedder.token_embedders.tokens.num_embeddings = None
2019-02-13 05:28:04,327 - INFO - allennlp.common.params - model.text_field_embedder.token_embedders.tokens.vocab_namespace = tokens
2019-02-13 05:28:04,327 - INFO - allennlp.common.params - model.text_field_embedder.token_embedders.tokens.embedding_dim = 50
2019-02-13 05:28:04,327 - INFO - allennlp.common.params - model.text_field_embedder.token_embedders.tokens.pretrained_file = ~/src/allennlp/glove/glove.6B.50d.txt.gz
2019-02-13 05:28:04,327 - INFO - allennlp.common.params - model.text_field_embedder.token_embedders.tokens.projection_dim = None
2019-02-13 05:28:04,327 - INFO - allennlp.common.params - model.text_field_embedder.token_embedders.tokens.trainable = False
2019-02-13 05:28:04,327 - INFO - allennlp.common.params - model.text_field_embedder.token_embedders.tokens.padding_index = None
2019-02-13 05:28:04,327 - INFO - allennlp.common.params - model.text_field_embedder.token_embedders.tokens.max_norm = None
2019-02-13 05:28:04,327 - INFO - allennlp.common.params - model.text_field_embedder.token_embedders.tokens.norm_type = 2.0
2019-02-13 05:28:04,327 - INFO - allennlp.common.params - model.text_field_embedder.token_embedders.tokens.scale_grad_by_freq = False
2019-02-13 05:28:04,328 - INFO - allennlp.common.params - model.text_field_embedder.token_embedders.tokens.sparse = False
2019-02-13 05:28:04,337 - INFO - allennlp.modules.token_embedders.embedding - Reading pretrained embeddings from file
2019-02-13 05:28:08,191 - INFO - allennlp.modules.token_embedders.embedding - Initializing pre-trained embedding layer
2019-02-13 05:28:08,884 - INFO - allennlp.modules.token_embedders.embedding - Pretrained embeddings were found for 69081 out of 88725 tokens
2019-02-13 05:28:08,909 - INFO - allennlp.common.from_params - instantiating class <class 'allennlp.modules.seq2seq_encoders.seq2seq_encoder.Seq2SeqEncoder'> from params {'bidirectional': True, 'dropout': 0.5, 'hidden_size': 72, 'input_size': 72, 'num_layers': 2, 'type': 'lstm'} and extras {'vocab': Vocabulary with namespaces:  dependencies, Size: 47 || ner, Size: 21 || pos, Size: 17 || tokens, Size: 88725 || labels, Size: 2 || Non Padded Namespaces: {'*labels', '*tags'}}
2019-02-13 05:28:08,909 - INFO - allennlp.common.params - model.encoder.type = lstm
2019-02-13 05:28:08,909 - INFO - allennlp.common.params - model.encoder.batch_first = True
2019-02-13 05:28:08,910 - INFO - allennlp.common.params - model.encoder.stateful = False
2019-02-13 05:28:08,910 - INFO - allennlp.common.params - Converting Params object to dict; logging of default values will not occur when dictionary parameters are used subsequently.
2019-02-13 05:28:08,910 - INFO - allennlp.common.params - CURRENTLY DEFINED PARAMETERS: 
2019-02-13 05:28:08,910 - INFO - allennlp.common.params - model.encoder.bidirectional = True
2019-02-13 05:28:08,910 - INFO - allennlp.common.params - model.encoder.dropout = 0.5
2019-02-13 05:28:08,910 - INFO - allennlp.common.params - model.encoder.hidden_size = 72
2019-02-13 05:28:08,910 - INFO - allennlp.common.params - model.encoder.input_size = 72
2019-02-13 05:28:08,910 - INFO - allennlp.common.params - model.encoder.num_layers = 2
2019-02-13 05:28:08,911 - INFO - allennlp.common.params - model.encoder.batch_first = True
2019-02-13 05:28:08,914 - INFO - allennlp.common.params - model.do_crossentropy_weighting = True
2019-02-13 05:28:08,914 - INFO - allennlp.common.params - model.Ntags0 = 90
2019-02-13 05:28:08,914 - INFO - allennlp.common.params - model.Ntags1 = 10
2019-02-13 05:28:08,914 - INFO - allennlp.nn.initializers - Initializing parameters
2019-02-13 05:28:08,915 - INFO - allennlp.nn.initializers - Done initializing parameters; the following parameters are using their default initialization from their code
2019-02-13 05:28:08,915 - INFO - allennlp.nn.initializers -    encoder._module.bias_hh_l0
2019-02-13 05:28:08,915 - INFO - allennlp.nn.initializers -    encoder._module.bias_hh_l0_reverse
2019-02-13 05:28:08,915 - INFO - allennlp.nn.initializers -    encoder._module.bias_hh_l1
2019-02-13 05:28:08,915 - INFO - allennlp.nn.initializers -    encoder._module.bias_hh_l1_reverse
2019-02-13 05:28:08,915 - INFO - allennlp.nn.initializers -    encoder._module.bias_ih_l0
2019-02-13 05:28:08,915 - INFO - allennlp.nn.initializers -    encoder._module.bias_ih_l0_reverse
2019-02-13 05:28:08,916 - INFO - allennlp.nn.initializers -    encoder._module.bias_ih_l1
2019-02-13 05:28:08,916 - INFO - allennlp.nn.initializers -    encoder._module.bias_ih_l1_reverse
2019-02-13 05:28:08,916 - INFO - allennlp.nn.initializers -    encoder._module.weight_hh_l0
2019-02-13 05:28:08,916 - INFO - allennlp.nn.initializers -    encoder._module.weight_hh_l0_reverse
2019-02-13 05:28:08,916 - INFO - allennlp.nn.initializers -    encoder._module.weight_hh_l1
2019-02-13 05:28:08,916 - INFO - allennlp.nn.initializers -    encoder._module.weight_hh_l1_reverse
2019-02-13 05:28:08,916 - INFO - allennlp.nn.initializers -    encoder._module.weight_ih_l0
2019-02-13 05:28:08,916 - INFO - allennlp.nn.initializers -    encoder._module.weight_ih_l0_reverse
2019-02-13 05:28:08,917 - INFO - allennlp.nn.initializers -    encoder._module.weight_ih_l1
2019-02-13 05:28:08,917 - INFO - allennlp.nn.initializers -    encoder._module.weight_ih_l1_reverse
2019-02-13 05:28:08,917 - INFO - allennlp.nn.initializers -    tag_projection_layer._module.bias
2019-02-13 05:28:08,917 - INFO - allennlp.nn.initializers -    tag_projection_layer._module.weight
2019-02-13 05:28:08,917 - INFO - allennlp.nn.initializers -    text_field_embedder.token_embedder_dependency_label.weight
2019-02-13 05:28:08,917 - INFO - allennlp.nn.initializers -    text_field_embedder.token_embedder_ner_tag.weight
2019-02-13 05:28:08,917 - INFO - allennlp.nn.initializers -    text_field_embedder.token_embedder_pos_tag.weight
2019-02-13 05:28:08,917 - INFO - allennlp.nn.initializers -    text_field_embedder.token_embedder_tokens.weight
2019-02-13 05:28:09,179 - INFO - allennlp.common.from_params - instantiating class <class 'allennlp.data.iterators.data_iterator.DataIterator'> from params {'batch_size': 32, 'type': 'basic'} and extras {}
2019-02-13 05:28:09,179 - INFO - allennlp.common.params - iterator.type = basic
2019-02-13 05:28:09,179 - INFO - allennlp.common.from_params - instantiating class <class 'allennlp.data.iterators.basic_iterator.BasicIterator'> from params {'batch_size': 32} and extras {}
2019-02-13 05:28:09,180 - INFO - allennlp.common.params - iterator.batch_size = 32
2019-02-13 05:28:09,180 - INFO - allennlp.common.params - iterator.instances_per_epoch = None
2019-02-13 05:28:09,180 - INFO - allennlp.common.params - iterator.max_instances_in_memory = None
2019-02-13 05:28:09,180 - INFO - allennlp.common.params - iterator.cache_instances = False
2019-02-13 05:28:09,180 - INFO - allennlp.common.params - iterator.track_epoch = False
2019-02-13 05:28:09,180 - INFO - allennlp.common.params - iterator.maximum_samples_per_batch = None
2019-02-13 05:28:09,181 - INFO - allennlp.common.params - validation_iterator = None
2019-02-13 05:28:09,181 - INFO - allennlp.common.params - trainer.no_grad = ()
2019-02-13 05:28:09,181 - INFO - allennlp.commands.train - Following parameters are Frozen  (without gradient):
2019-02-13 05:28:09,181 - INFO - allennlp.commands.train - text_field_embedder.token_embedder_tokens.weight
2019-02-13 05:28:09,181 - INFO - allennlp.commands.train - Following parameters are Tunable (with gradient):
2019-02-13 05:28:09,181 - INFO - allennlp.commands.train - text_field_embedder.token_embedder_dependency_label.weight
2019-02-13 05:28:09,182 - INFO - allennlp.commands.train - text_field_embedder.token_embedder_ner_tag.weight
2019-02-13 05:28:09,182 - INFO - allennlp.commands.train - text_field_embedder.token_embedder_pos_tag.weight
2019-02-13 05:28:09,182 - INFO - allennlp.commands.train - encoder._module.weight_ih_l0
2019-02-13 05:28:09,182 - INFO - allennlp.commands.train - encoder._module.weight_hh_l0
2019-02-13 05:28:09,182 - INFO - allennlp.commands.train - encoder._module.bias_ih_l0
2019-02-13 05:28:09,182 - INFO - allennlp.commands.train - encoder._module.bias_hh_l0
2019-02-13 05:28:09,182 - INFO - allennlp.commands.train - encoder._module.weight_ih_l0_reverse
2019-02-13 05:28:09,182 - INFO - allennlp.commands.train - encoder._module.weight_hh_l0_reverse
2019-02-13 05:28:09,183 - INFO - allennlp.commands.train - encoder._module.bias_ih_l0_reverse
2019-02-13 05:28:09,183 - INFO - allennlp.commands.train - encoder._module.bias_hh_l0_reverse
2019-02-13 05:28:09,183 - INFO - allennlp.commands.train - encoder._module.weight_ih_l1
2019-02-13 05:28:09,183 - INFO - allennlp.commands.train - encoder._module.weight_hh_l1
2019-02-13 05:28:09,183 - INFO - allennlp.commands.train - encoder._module.bias_ih_l1
2019-02-13 05:28:09,183 - INFO - allennlp.commands.train - encoder._module.bias_hh_l1
2019-02-13 05:28:09,183 - INFO - allennlp.commands.train - encoder._module.weight_ih_l1_reverse
2019-02-13 05:28:09,183 - INFO - allennlp.commands.train - encoder._module.weight_hh_l1_reverse
2019-02-13 05:28:09,183 - INFO - allennlp.commands.train - encoder._module.bias_ih_l1_reverse
2019-02-13 05:28:09,183 - INFO - allennlp.commands.train - encoder._module.bias_hh_l1_reverse
2019-02-13 05:28:09,184 - INFO - allennlp.commands.train - tag_projection_layer._module.weight
2019-02-13 05:28:09,184 - INFO - allennlp.commands.train - tag_projection_layer._module.bias
2019-02-13 05:28:09,184 - INFO - allennlp.common.params - trainer.type = default
2019-02-13 05:28:09,184 - INFO - allennlp.common.params - trainer.patience = 5
2019-02-13 05:28:09,184 - INFO - allennlp.common.params - trainer.validation_metric = -loss
2019-02-13 05:28:09,184 - INFO - allennlp.common.params - trainer.shuffle = True
2019-02-13 05:28:09,184 - INFO - allennlp.common.params - trainer.num_epochs = 40
2019-02-13 05:28:09,184 - INFO - allennlp.common.params - trainer.cuda_device = 0
2019-02-13 05:28:09,185 - INFO - allennlp.common.params - trainer.grad_norm = None
2019-02-13 05:28:09,185 - INFO - allennlp.common.params - trainer.grad_clipping = None
2019-02-13 05:28:09,185 - INFO - allennlp.common.params - trainer.learning_rate_scheduler = None
2019-02-13 05:28:11,595 - INFO - allennlp.common.params - trainer.optimizer = adam
2019-02-13 05:28:11,595 - INFO - allennlp.common.params - parameter_groups = None
2019-02-13 05:28:11,596 - INFO - allennlp.training.optimizers - Number of trainable parameters: 210656
2019-02-13 05:28:11,597 - INFO - allennlp.common.params - Converting Params object to dict; logging of default values will not occur when dictionary parameters are used subsequently.
2019-02-13 05:28:11,597 - INFO - allennlp.common.params - CURRENTLY DEFINED PARAMETERS: 
2019-02-13 05:28:11,597 - INFO - allennlp.common.params - trainer.num_serialized_models_to_keep = 20
2019-02-13 05:28:11,597 - INFO - allennlp.common.params - trainer.keep_serialized_model_every_num_seconds = None
2019-02-13 05:28:11,597 - INFO - allennlp.common.params - trainer.model_save_interval = None
2019-02-13 05:28:11,597 - INFO - allennlp.common.params - trainer.summary_interval = 100
2019-02-13 05:28:11,598 - INFO - allennlp.common.params - trainer.histogram_interval = None
2019-02-13 05:28:11,598 - INFO - allennlp.common.params - trainer.should_log_parameter_statistics = True
2019-02-13 05:28:11,598 - INFO - allennlp.common.params - trainer.should_log_learning_rate = False
2019-02-13 05:28:11,598 - INFO - allennlp.common.params - trainer.log_batch_size_period = None
2019-02-13 05:28:11,601 - INFO - allennlp.common.params - evaluate_on_test = False
2019-02-13 05:28:11,601 - INFO - allennlp.training.trainer - Beginning training.
2019-02-13 05:28:11,602 - INFO - allennlp.training.trainer - Epoch 0/39
2019-02-13 05:28:11,602 - INFO - allennlp.training.trainer - Peak CPU memory usage MB: 5226.696
2019-02-13 05:28:11,767 - INFO - allennlp.training.trainer - GPU 0 memory usage MB: 339
2019-02-13 05:28:11,768 - INFO - allennlp.training.trainer - Training
2019-02-13 05:32:48,524 - INFO - allennlp.training.trainer - Validating
2019-02-13 05:32:51,953 - INFO - allennlp.training.trainer -                     Training |  Validation
2019-02-13 05:32:51,953 - INFO - allennlp.training.trainer - accuracy3       |     1.000  |     1.000
2019-02-13 05:32:51,954 - INFO - allennlp.training.trainer - gpu_0_memory_MB |   339.000  |       N/A
2019-02-13 05:32:51,954 - INFO - allennlp.training.trainer - loss            |     0.353  |     0.422
2019-02-13 05:32:51,954 - INFO - allennlp.training.trainer - accuracy        |     0.898  |     0.906
2019-02-13 05:32:51,955 - INFO - allennlp.training.trainer - cpu_memory_MB   |  5226.696  |       N/A
2019-02-13 05:32:51,995 - INFO - allennlp.training.trainer - Best validation performance so far. Copying weights to './model_params/best.th'.
2019-02-13 05:32:52,018 - INFO - allennlp.training.trainer - Epoch duration: 00:04:40
2019-02-13 05:32:52,018 - INFO - allennlp.training.trainer - Estimated training time remaining: 3:02:16
2019-02-13 05:32:52,018 - INFO - allennlp.training.trainer - Epoch 1/39
2019-02-13 05:32:52,018 - INFO - allennlp.training.trainer - Peak CPU memory usage MB: 5480.08
2019-02-13 05:32:52,189 - INFO - allennlp.training.trainer - GPU 0 memory usage MB: 421
2019-02-13 05:32:52,189 - INFO - allennlp.training.trainer - Training
2019-02-13 05:37:03,194 - INFO - allennlp.training.trainer - Validating
2019-02-13 05:37:05,872 - INFO - allennlp.training.trainer -                     Training |  Validation
2019-02-13 05:37:05,872 - INFO - allennlp.training.trainer - accuracy3       |     1.000  |     1.000
2019-02-13 05:37:05,873 - INFO - allennlp.training.trainer - gpu_0_memory_MB |   421.000  |       N/A
2019-02-13 05:37:05,873 - INFO - allennlp.training.trainer - loss            |     0.333  |     0.422
2019-02-13 05:37:05,874 - INFO - allennlp.training.trainer - accuracy        |     0.901  |     0.901
2019-02-13 05:37:05,874 - INFO - allennlp.training.trainer - cpu_memory_MB   |  5480.080  |       N/A
2019-02-13 05:37:05,905 - INFO - allennlp.training.trainer - Best validation performance so far. Copying weights to './model_params/best.th'.
2019-02-13 05:37:05,935 - INFO - allennlp.training.trainer - Epoch duration: 00:04:13
2019-02-13 05:37:05,936 - INFO - allennlp.training.trainer - Estimated training time remaining: 2:49:12
2019-02-13 05:37:05,936 - INFO - allennlp.training.trainer - Epoch 2/39
2019-02-13 05:37:05,936 - INFO - allennlp.training.trainer - Peak CPU memory usage MB: 5480.908
2019-02-13 05:37:06,115 - INFO - allennlp.training.trainer - GPU 0 memory usage MB: 421
2019-02-13 05:37:06,116 - INFO - allennlp.training.trainer - Training
2019-02-13 05:41:14,167 - INFO - allennlp.training.trainer - Validating
2019-02-13 05:41:16,845 - INFO - allennlp.training.trainer -                     Training |  Validation
2019-02-13 05:41:16,846 - INFO - allennlp.training.trainer - accuracy3       |     1.000  |     1.000
2019-02-13 05:41:16,846 - INFO - allennlp.training.trainer - gpu_0_memory_MB |   421.000  |       N/A
2019-02-13 05:41:16,847 - INFO - allennlp.training.trainer - loss            |     0.326  |     0.415
2019-02-13 05:41:16,847 - INFO - allennlp.training.trainer - accuracy        |     0.902  |     0.903
2019-02-13 05:41:16,847 - INFO - allennlp.training.trainer - cpu_memory_MB   |  5480.908  |       N/A
2019-02-13 05:41:16,877 - INFO - allennlp.training.trainer - Best validation performance so far. Copying weights to './model_params/best.th'.
2019-02-13 05:41:16,905 - INFO - allennlp.training.trainer - Epoch duration: 00:04:10
2019-02-13 05:41:16,905 - INFO - allennlp.training.trainer - Estimated training time remaining: 2:41:25
2019-02-13 05:41:16,905 - INFO - allennlp.training.trainer - Epoch 3/39
2019-02-13 05:41:16,905 - INFO - allennlp.training.trainer - Peak CPU memory usage MB: 5481.236
2019-02-13 05:41:17,092 - INFO - allennlp.training.trainer - GPU 0 memory usage MB: 429
2019-02-13 05:41:17,093 - INFO - allennlp.training.trainer - Training
2019-02-13 05:45:23,804 - INFO - allennlp.training.trainer - Validating
2019-02-13 05:45:26,476 - INFO - allennlp.training.trainer -                     Training |  Validation
2019-02-13 05:45:26,476 - INFO - allennlp.training.trainer - accuracy3       |     1.000  |     1.000
2019-02-13 05:45:26,477 - INFO - allennlp.training.trainer - gpu_0_memory_MB |   429.000  |       N/A
2019-02-13 05:45:26,477 - INFO - allennlp.training.trainer - loss            |     0.321  |     0.421
2019-02-13 05:45:26,478 - INFO - allennlp.training.trainer - accuracy        |     0.903  |     0.905
2019-02-13 05:45:26,478 - INFO - allennlp.training.trainer - cpu_memory_MB   |  5481.236  |       N/A
2019-02-13 05:45:26,510 - INFO - allennlp.training.trainer - Epoch duration: 00:04:09
2019-02-13 05:45:26,510 - INFO - allennlp.training.trainer - Estimated training time remaining: 2:35:14
2019-02-13 05:45:26,510 - INFO - allennlp.training.trainer - Epoch 4/39
2019-02-13 05:45:26,511 - INFO - allennlp.training.trainer - Peak CPU memory usage MB: 5481.62
2019-02-13 05:45:26,679 - INFO - allennlp.training.trainer - GPU 0 memory usage MB: 429
2019-02-13 05:45:26,679 - INFO - allennlp.training.trainer - Training
2019-02-13 05:49:35,120 - INFO - allennlp.training.trainer - Validating
2019-02-13 05:49:37,805 - INFO - allennlp.training.trainer -                     Training |  Validation
2019-02-13 05:49:37,806 - INFO - allennlp.training.trainer - accuracy3       |     1.000  |     1.000
2019-02-13 05:49:37,806 - INFO - allennlp.training.trainer - gpu_0_memory_MB |   429.000  |       N/A
2019-02-13 05:49:37,806 - INFO - allennlp.training.trainer - loss            |     0.316  |     0.413
2019-02-13 05:49:37,807 - INFO - allennlp.training.trainer - accuracy        |     0.904  |     0.897
2019-02-13 05:49:37,807 - INFO - allennlp.training.trainer - cpu_memory_MB   |  5481.620  |       N/A
2019-02-13 05:49:37,836 - INFO - allennlp.training.trainer - Best validation performance so far. Copying weights to './model_params/best.th'.
2019-02-13 05:49:37,864 - INFO - allennlp.training.trainer - Epoch duration: 00:04:11
2019-02-13 05:49:37,864 - INFO - allennlp.training.trainer - Estimated training time remaining: 2:30:03
2019-02-13 05:49:37,865 - INFO - allennlp.training.trainer - Epoch 5/39
2019-02-13 05:49:37,865 - INFO - allennlp.training.trainer - Peak CPU memory usage MB: 5481.736
2019-02-13 05:49:38,047 - INFO - allennlp.training.trainer - GPU 0 memory usage MB: 429
2019-02-13 05:49:38,047 - INFO - allennlp.training.trainer - Training
2019-02-13 05:53:46,330 - INFO - allennlp.training.trainer - Validating
2019-02-13 05:53:49,000 - INFO - allennlp.training.trainer -                     Training |  Validation
2019-02-13 05:53:49,000 - INFO - allennlp.training.trainer - accuracy3       |     1.000  |     1.000
2019-02-13 05:53:49,001 - INFO - allennlp.training.trainer - gpu_0_memory_MB |   429.000  |       N/A
2019-02-13 05:53:49,001 - INFO - allennlp.training.trainer - loss            |     0.312  |     0.415
2019-02-13 05:53:49,002 - INFO - allennlp.training.trainer - accuracy        |     0.904  |     0.899
2019-02-13 05:53:49,002 - INFO - allennlp.training.trainer - cpu_memory_MB   |  5481.736  |       N/A
2019-02-13 05:53:49,034 - INFO - allennlp.training.trainer - Epoch duration: 00:04:11
2019-02-13 05:53:49,034 - INFO - allennlp.training.trainer - Estimated training time remaining: 2:25:12
2019-02-13 05:53:49,034 - INFO - allennlp.training.trainer - Epoch 6/39
2019-02-13 05:53:49,034 - INFO - allennlp.training.trainer - Peak CPU memory usage MB: 5481.82
2019-02-13 05:53:49,203 - INFO - allennlp.training.trainer - GPU 0 memory usage MB: 437
2019-02-13 05:53:49,203 - INFO - allennlp.training.trainer - Training
2019-02-13 05:57:58,086 - INFO - allennlp.training.trainer - Validating
2019-02-13 05:58:00,768 - INFO - allennlp.training.trainer -                     Training |  Validation
2019-02-13 05:58:00,769 - INFO - allennlp.training.trainer - accuracy3       |     1.000  |     1.000
2019-02-13 05:58:00,769 - INFO - allennlp.training.trainer - gpu_0_memory_MB |   437.000  |       N/A
2019-02-13 05:58:00,770 - INFO - allennlp.training.trainer - loss            |     0.308  |     0.407
2019-02-13 05:58:00,770 - INFO - allennlp.training.trainer - accuracy        |     0.905  |     0.885
2019-02-13 05:58:00,770 - INFO - allennlp.training.trainer - cpu_memory_MB   |  5481.820  |       N/A
2019-02-13 05:58:00,800 - INFO - allennlp.training.trainer - Best validation performance so far. Copying weights to './model_params/best.th'.
2019-02-13 05:58:00,827 - INFO - allennlp.training.trainer - Epoch duration: 00:04:11
2019-02-13 05:58:00,827 - INFO - allennlp.training.trainer - Estimated training time remaining: 2:20:34
2019-02-13 05:58:00,828 - INFO - allennlp.training.trainer - Epoch 7/39
2019-02-13 05:58:00,828 - INFO - allennlp.training.trainer - Peak CPU memory usage MB: 5481.944
2019-02-13 05:58:01,000 - INFO - allennlp.training.trainer - GPU 0 memory usage MB: 445
2019-02-13 05:58:01,001 - INFO - allennlp.training.trainer - Training
2019-02-13 06:02:09,607 - INFO - allennlp.training.trainer - Validating
2019-02-13 06:02:12,288 - INFO - allennlp.training.trainer -                     Training |  Validation
2019-02-13 06:02:12,288 - INFO - allennlp.training.trainer - accuracy3       |     1.000  |     1.000
2019-02-13 06:02:12,289 - INFO - allennlp.training.trainer - gpu_0_memory_MB |   445.000  |       N/A
2019-02-13 06:02:12,290 - INFO - allennlp.training.trainer - loss            |     0.303  |     0.404
2019-02-13 06:02:12,290 - INFO - allennlp.training.trainer - accuracy        |     0.905  |     0.869
2019-02-13 06:02:12,290 - INFO - allennlp.training.trainer - cpu_memory_MB   |  5481.944  |       N/A
2019-02-13 06:02:12,321 - INFO - allennlp.training.trainer - Best validation performance so far. Copying weights to './model_params/best.th'.
2019-02-13 06:02:12,358 - INFO - allennlp.training.trainer - Epoch duration: 00:04:11
2019-02-13 06:02:12,360 - INFO - allennlp.training.trainer - Estimated training time remaining: 2:16:03
2019-02-13 06:02:12,361 - INFO - allennlp.training.trainer - Epoch 8/39
2019-02-13 06:02:12,361 - INFO - allennlp.training.trainer - Peak CPU memory usage MB: 5482.032
2019-02-13 06:02:12,544 - INFO - allennlp.training.trainer - GPU 0 memory usage MB: 453
2019-02-13 06:02:12,545 - INFO - allennlp.training.trainer - Training
2019-02-13 06:06:24,743 - INFO - allennlp.training.trainer - Validating
2019-02-13 06:06:27,408 - INFO - allennlp.training.trainer -                     Training |  Validation
2019-02-13 06:06:27,409 - INFO - allennlp.training.trainer - accuracy3       |     1.000  |     1.000
2019-02-13 06:06:27,409 - INFO - allennlp.training.trainer - gpu_0_memory_MB |   453.000  |       N/A
2019-02-13 06:06:27,410 - INFO - allennlp.training.trainer - loss            |     0.299  |     0.436
2019-02-13 06:06:27,410 - INFO - allennlp.training.trainer - accuracy        |     0.905  |     0.899
2019-02-13 06:06:27,410 - INFO - allennlp.training.trainer - cpu_memory_MB   |  5482.032  |       N/A
2019-02-13 06:06:27,444 - INFO - allennlp.training.trainer - Epoch duration: 00:04:15
2019-02-13 06:06:27,444 - INFO - allennlp.training.trainer - Estimated training time remaining: 2:11:47
2019-02-13 06:06:27,445 - INFO - allennlp.training.trainer - Epoch 9/39
2019-02-13 06:06:27,445 - INFO - allennlp.training.trainer - Peak CPU memory usage MB: 5482.212
2019-02-13 06:06:27,613 - INFO - allennlp.training.trainer - GPU 0 memory usage MB: 453
2019-02-13 06:06:27,615 - INFO - allennlp.training.trainer - Training
2019-02-13 06:10:38,474 - INFO - allennlp.training.trainer - Validating
2019-02-13 06:10:41,143 - INFO - allennlp.training.trainer -                     Training |  Validation
2019-02-13 06:10:41,143 - INFO - allennlp.training.trainer - accuracy3       |     1.000  |     1.000
2019-02-13 06:10:41,144 - INFO - allennlp.training.trainer - gpu_0_memory_MB |   453.000  |       N/A
2019-02-13 06:10:41,144 - INFO - allennlp.training.trainer - loss            |     0.295  |     0.440
2019-02-13 06:10:41,145 - INFO - allennlp.training.trainer - accuracy        |     0.906  |     0.902
2019-02-13 06:10:41,145 - INFO - allennlp.training.trainer - cpu_memory_MB   |  5482.212  |       N/A
2019-02-13 06:10:41,179 - INFO - allennlp.training.trainer - Epoch duration: 00:04:13
2019-02-13 06:10:41,179 - INFO - allennlp.training.trainer - Estimated training time remaining: 2:07:28
2019-02-13 06:10:41,179 - INFO - allennlp.training.trainer - Epoch 10/39
2019-02-13 06:10:41,179 - INFO - allennlp.training.trainer - Peak CPU memory usage MB: 5482.252
2019-02-13 06:10:41,352 - INFO - allennlp.training.trainer - GPU 0 memory usage MB: 453
2019-02-13 06:10:41,353 - INFO - allennlp.training.trainer - Training
2019-02-13 06:14:52,591 - INFO - allennlp.training.trainer - Validating
2019-02-13 06:14:55,297 - INFO - allennlp.training.trainer -                     Training |  Validation
2019-02-13 06:14:55,297 - INFO - allennlp.training.trainer - accuracy3       |     1.000  |     1.000
2019-02-13 06:14:55,298 - INFO - allennlp.training.trainer - gpu_0_memory_MB |   453.000  |       N/A
2019-02-13 06:14:55,298 - INFO - allennlp.training.trainer - loss            |     0.290  |     0.431
2019-02-13 06:14:55,298 - INFO - allennlp.training.trainer - accuracy        |     0.907  |     0.892
2019-02-13 06:14:55,298 - INFO - allennlp.training.trainer - cpu_memory_MB   |  5482.252  |       N/A
2019-02-13 06:14:55,328 - INFO - allennlp.training.trainer - Epoch duration: 00:04:14
2019-02-13 06:14:55,329 - INFO - allennlp.training.trainer - Estimated training time remaining: 2:03:11
2019-02-13 06:14:55,329 - INFO - allennlp.training.trainer - Epoch 11/39
2019-02-13 06:14:55,329 - INFO - allennlp.training.trainer - Peak CPU memory usage MB: 5482.352
2019-02-13 06:14:55,505 - INFO - allennlp.training.trainer - GPU 0 memory usage MB: 453
2019-02-13 06:14:55,505 - INFO - allennlp.training.trainer - Training
2019-02-13 06:19:06,785 - INFO - allennlp.training.trainer - Validating
2019-02-13 06:19:09,493 - INFO - allennlp.training.trainer -                     Training |  Validation
2019-02-13 06:19:09,493 - INFO - allennlp.training.trainer - accuracy3       |     1.000  |     1.000
2019-02-13 06:19:09,494 - INFO - allennlp.training.trainer - gpu_0_memory_MB |   453.000  |       N/A
2019-02-13 06:19:09,495 - INFO - allennlp.training.trainer - loss            |     0.286  |     0.432
2019-02-13 06:19:09,495 - INFO - allennlp.training.trainer - accuracy        |     0.907  |     0.890
2019-02-13 06:19:09,495 - INFO - allennlp.training.trainer - cpu_memory_MB   |  5482.352  |       N/A
2019-02-13 06:19:09,524 - INFO - allennlp.training.trainer - Epoch duration: 00:04:14
2019-02-13 06:19:09,524 - INFO - allennlp.training.trainer - Estimated training time remaining: 1:58:55
2019-02-13 06:19:09,524 - INFO - allennlp.training.trainer - Epoch 12/39
2019-02-13 06:19:09,524 - INFO - allennlp.training.trainer - Peak CPU memory usage MB: 5482.392
2019-02-13 06:19:09,697 - INFO - allennlp.training.trainer - GPU 0 memory usage MB: 453
2019-02-13 06:19:09,697 - INFO - allennlp.training.trainer - Training
2019-02-13 06:23:20,108 - INFO - allennlp.training.trainer - Validating
2019-02-13 06:23:22,789 - INFO - allennlp.training.trainer - Ran out of patience.  Stopping training.
2019-02-13 06:23:22,789 - INFO - allennlp.models.archival - archiving weights and vocabulary to ./model_params/model.tar.gz
2019-02-13 06:23:23,975 - INFO - allennlp.commands.train - Loading the best epoch weights.
2019-02-13 06:23:23,997 - INFO - allennlp.common.util - Metrics: {
  "peak_cpu_memory_MB": 5482.392,
  "peak_gpu_0_memory_MB": 453,
  "training_duration": "00:50:57",
  "training_start_epoch": 0,
  "training_epochs": 11,
  "epoch": 11,
  "training_accuracy": 0.9067856689833675,
  "training_accuracy3": 1.0,
  "training_loss": 0.2859857299343278,
  "training_cpu_memory_MB": 5482.352,
  "training_gpu_0_memory_MB": 453,
  "validation_accuracy": 0.8896106092898948,
  "validation_accuracy3": 1.0,
  "validation_loss": 0.43203919730624374,
  "best_epoch": 7,
  "best_validation_accuracy": 0.8691994541989467,
  "best_validation_accuracy3": 1.0,
  "best_validation_loss": 0.4038958286448401
}
Token batch process time:
821.7064850330353
Token batch process time:
29.677899599075317
