2019-02-12 05:51:50,186 - INFO - allennlp.common.from_params - instantiating class <class 'allennlp.data.dataset_readers.dataset_reader.DatasetReader'> from params {'mytokenizer': {'type': 'word', 'word_splitter': {'ner': True, 'parse': True, 'pos_tags': True, 'type': 'whitespacy'}}, 'token_indexers': {'ner_tag': {'namespace': 'ner', 'type': 'ner_tag'}}, 'type': 'sequence_tagging2', 'word_tag_delimiter': '//'} and extras {}
2019-02-12 05:51:50,187 - INFO - allennlp.common.params - dataset_reader.type = sequence_tagging2
2019-02-12 05:51:50,187 - INFO - allennlp.common.from_params - instantiating class <class 'myallennlp.dataset_readers.sequence_tagging2.SequenceTaggingDatasetReader'> from params {'mytokenizer': {'type': 'word', 'word_splitter': {'ner': True, 'parse': True, 'pos_tags': True, 'type': 'whitespacy'}}, 'token_indexers': {'ner_tag': {'namespace': 'ner', 'type': 'ner_tag'}}, 'word_tag_delimiter': '//'} and extras {}
2019-02-12 05:51:50,189 - INFO - allennlp.common.params - dataset_reader.word_tag_delimiter = //
2019-02-12 05:51:50,189 - INFO - allennlp.common.params - dataset_reader.token_delimiter = None
2019-02-12 05:51:50,190 - INFO - allennlp.common.from_params - instantiating class allennlp.data.token_indexers.token_indexer.TokenIndexer from params {'namespace': 'ner', 'type': 'ner_tag'} and extras {}
2019-02-12 05:51:50,190 - INFO - allennlp.common.params - dataset_reader.token_indexers.ner_tag.type = ner_tag
2019-02-12 05:51:50,190 - INFO - allennlp.common.from_params - instantiating class allennlp.data.token_indexers.ner_tag_indexer.NerTagIndexer from params {'namespace': 'ner'} and extras {}
2019-02-12 05:51:50,190 - INFO - allennlp.common.params - dataset_reader.token_indexers.ner_tag.namespace = ner
2019-02-12 05:51:50,191 - INFO - allennlp.common.params - dataset_reader.lazy = False
2019-02-12 05:51:50,191 - INFO - allennlp.common.from_params - instantiating class <class 'allennlp.data.tokenizers.tokenizer.Tokenizer'> from params {'type': 'word', 'word_splitter': {'ner': True, 'parse': True, 'pos_tags': True, 'type': 'whitespacy'}} and extras {}
2019-02-12 05:51:50,191 - INFO - allennlp.common.params - dataset_reader.mytokenizer.type = word
2019-02-12 05:51:50,191 - INFO - allennlp.common.from_params - instantiating class <class 'allennlp.data.tokenizers.word_tokenizer.WordTokenizer'> from params {'word_splitter': {'ner': True, 'parse': True, 'pos_tags': True, 'type': 'whitespacy'}} and extras {}
2019-02-12 05:51:50,192 - INFO - allennlp.common.from_params - instantiating class <class 'allennlp.data.tokenizers.word_splitter.WordSplitter'> from params {'ner': True, 'parse': True, 'pos_tags': True, 'type': 'whitespacy'} and extras {}
2019-02-12 05:51:50,192 - INFO - allennlp.common.params - dataset_reader.mytokenizer.word_splitter.type = whitespacy
2019-02-12 05:51:50,192 - INFO - allennlp.common.from_params - instantiating class <class 'myallennlp.data.tokenizers.word_splitter.SpacyWordSplitter'> from params {'ner': True, 'parse': True, 'pos_tags': True} and extras {}
2019-02-12 05:51:50,192 - INFO - allennlp.common.params - dataset_reader.mytokenizer.word_splitter.language = en_core_web_sm
2019-02-12 05:51:50,193 - INFO - allennlp.common.params - dataset_reader.mytokenizer.word_splitter.pos_tags = True
2019-02-12 05:51:50,193 - INFO - allennlp.common.params - dataset_reader.mytokenizer.word_splitter.parse = True
2019-02-12 05:51:50,194 - INFO - allennlp.common.params - dataset_reader.mytokenizer.word_splitter.ner = True
2019-02-12 05:51:51,124 - INFO - allennlp.common.params - dataset_reader.mytokenizer.start_tokens = None
2019-02-12 05:51:51,125 - INFO - allennlp.common.params - dataset_reader.mytokenizer.end_tokens = None
2019-02-12 05:51:51,125 - INFO - allennlp.common.params - dataset_reader.use_spacy_directly = False
2019-02-12 05:51:51,125 - INFO - allennlp.common.params - validation_dataset_reader = None
2019-02-12 05:51:51,125 - INFO - allennlp.common.params - train_data_path = ../data/allenTrain.txt
2019-02-12 05:51:51,125 - INFO - allennlp.commands.train - Reading training data from ../data/allenTrain.txt
2019-02-12 05:51:51,126 - INFO - myallennlp.dataset_readers.sequence_tagging2 - Reading instances from lines in file at: ../data/allenTrain.txt
2019-02-12 05:53:28,998 - INFO - allennlp.common.params - validation_data_path = ../data/allenDev.txt
2019-02-12 05:53:28,999 - INFO - allennlp.commands.train - Reading validation data from ../data/allenDev.txt
2019-02-12 05:53:28,999 - INFO - myallennlp.dataset_readers.sequence_tagging2 - Reading instances from lines in file at: ../data/allenDev.txt
2019-02-12 05:54:20,911 - INFO - allennlp.common.params - test_data_path = None
2019-02-12 05:54:20,911 - INFO - allennlp.commands.train - From dataset instances, train, validation will be considered for vocabulary creation.
2019-02-12 05:54:20,911 - INFO - allennlp.common.params - vocabulary.type = None
2019-02-12 05:54:20,912 - INFO - allennlp.common.params - vocabulary.extend = False
2019-02-12 05:54:20,912 - INFO - allennlp.common.params - vocabulary.directory_path = None
2019-02-12 05:54:20,912 - INFO - allennlp.common.params - vocabulary.min_count = None
2019-02-12 05:54:20,912 - INFO - allennlp.common.params - vocabulary.max_vocab_size = None
2019-02-12 05:54:20,912 - INFO - allennlp.common.params - vocabulary.non_padded_namespaces = ('*tags', '*labels')
2019-02-12 05:54:20,912 - INFO - allennlp.common.params - vocabulary.min_pretrained_embeddings = None
2019-02-12 05:54:20,913 - INFO - allennlp.common.params - vocabulary.only_include_pretrained_words = False
2019-02-12 05:54:20,913 - INFO - allennlp.common.params - vocabulary.tokens_to_add = None
2019-02-12 05:54:20,913 - INFO - allennlp.data.vocabulary - Fitting token dictionary from dataset.
2019-02-12 05:54:21,275 - INFO - allennlp.common.from_params - instantiating class <class 'allennlp.models.model.Model'> from params {'Ntags0': 95, 'Ntags1': 5, 'do_crossentropy_weighting': True, 'encoder': {'input_dim': 19, 'type': 'pass_through'}, 'text_field_embedder': {'token_embedders': {'ner_tag': {'embedding_dim': 19, 'type': 'embedding', 'vocab_namespace': 'ner'}}}, 'type': 'simple_tagger2'} and extras {'vocab': Vocabulary with namespaces:  ner, Size: 21 || labels, Size: 2 || Non Padded Namespaces: {'*labels', '*tags'}}
2019-02-12 05:54:21,275 - INFO - allennlp.common.params - model.type = simple_tagger2
2019-02-12 05:54:21,275 - INFO - allennlp.common.from_params - instantiating class <class 'myallennlp.models.simple_tagger2.SimpleTagger2'> from params {'Ntags0': 95, 'Ntags1': 5, 'do_crossentropy_weighting': True, 'encoder': {'input_dim': 19, 'type': 'pass_through'}, 'text_field_embedder': {'token_embedders': {'ner_tag': {'embedding_dim': 19, 'type': 'embedding', 'vocab_namespace': 'ner'}}}} and extras {'vocab': Vocabulary with namespaces:  ner, Size: 21 || labels, Size: 2 || Non Padded Namespaces: {'*labels', '*tags'}}
2019-02-12 05:54:21,276 - INFO - allennlp.common.from_params - instantiating class <class 'allennlp.modules.text_field_embedders.text_field_embedder.TextFieldEmbedder'> from params {'token_embedders': {'ner_tag': {'embedding_dim': 19, 'type': 'embedding', 'vocab_namespace': 'ner'}}} and extras {'vocab': Vocabulary with namespaces:  ner, Size: 21 || labels, Size: 2 || Non Padded Namespaces: {'*labels', '*tags'}}
2019-02-12 05:54:21,276 - INFO - allennlp.common.params - model.text_field_embedder.type = basic
2019-02-12 05:54:21,276 - INFO - allennlp.common.params - model.text_field_embedder.embedder_to_indexer_map = None
2019-02-12 05:54:21,276 - INFO - allennlp.common.params - model.text_field_embedder.allow_unmatched_keys = False
2019-02-12 05:54:21,277 - INFO - allennlp.common.from_params - instantiating class <class 'allennlp.modules.token_embedders.token_embedder.TokenEmbedder'> from params {'embedding_dim': 19, 'type': 'embedding', 'vocab_namespace': 'ner'} and extras {'vocab': Vocabulary with namespaces:  ner, Size: 21 || labels, Size: 2 || Non Padded Namespaces: {'*labels', '*tags'}}
2019-02-12 05:54:21,277 - INFO - allennlp.common.params - model.text_field_embedder.token_embedders.ner_tag.type = embedding
2019-02-12 05:54:21,277 - INFO - allennlp.common.params - model.text_field_embedder.token_embedders.ner_tag.num_embeddings = None
2019-02-12 05:54:21,277 - INFO - allennlp.common.params - model.text_field_embedder.token_embedders.ner_tag.vocab_namespace = ner
2019-02-12 05:54:21,277 - INFO - allennlp.common.params - model.text_field_embedder.token_embedders.ner_tag.embedding_dim = 19
2019-02-12 05:54:21,278 - INFO - allennlp.common.params - model.text_field_embedder.token_embedders.ner_tag.pretrained_file = None
2019-02-12 05:54:21,278 - INFO - allennlp.common.params - model.text_field_embedder.token_embedders.ner_tag.projection_dim = None
2019-02-12 05:54:21,278 - INFO - allennlp.common.params - model.text_field_embedder.token_embedders.ner_tag.trainable = True
2019-02-12 05:54:21,278 - INFO - allennlp.common.params - model.text_field_embedder.token_embedders.ner_tag.padding_index = None
2019-02-12 05:54:21,278 - INFO - allennlp.common.params - model.text_field_embedder.token_embedders.ner_tag.max_norm = None
2019-02-12 05:54:21,278 - INFO - allennlp.common.params - model.text_field_embedder.token_embedders.ner_tag.norm_type = 2.0
2019-02-12 05:54:21,278 - INFO - allennlp.common.params - model.text_field_embedder.token_embedders.ner_tag.scale_grad_by_freq = False
2019-02-12 05:54:21,278 - INFO - allennlp.common.params - model.text_field_embedder.token_embedders.ner_tag.sparse = False
2019-02-12 05:54:21,279 - INFO - allennlp.common.from_params - instantiating class <class 'allennlp.modules.seq2seq_encoders.seq2seq_encoder.Seq2SeqEncoder'> from params {'input_dim': 19, 'type': 'pass_through'} and extras {'vocab': Vocabulary with namespaces:  ner, Size: 21 || labels, Size: 2 || Non Padded Namespaces: {'*labels', '*tags'}}
2019-02-12 05:54:21,280 - INFO - allennlp.common.params - model.encoder.type = pass_through
2019-02-12 05:54:21,280 - INFO - allennlp.common.from_params - instantiating class <class 'allennlp.modules.seq2seq_encoders.pass_through_encoder.PassThroughEncoder'> from params {'input_dim': 19} and extras {'vocab': Vocabulary with namespaces:  ner, Size: 21 || labels, Size: 2 || Non Padded Namespaces: {'*labels', '*tags'}}
2019-02-12 05:54:21,280 - INFO - allennlp.common.params - model.encoder.input_dim = 19
2019-02-12 05:54:21,280 - INFO - allennlp.common.params - model.do_crossentropy_weighting = True
2019-02-12 05:54:21,280 - INFO - allennlp.common.params - model.Ntags0 = 95
2019-02-12 05:54:21,281 - INFO - allennlp.common.params - model.Ntags1 = 5
2019-02-12 05:54:21,281 - INFO - allennlp.nn.initializers - Initializing parameters
2019-02-12 05:54:21,281 - INFO - allennlp.nn.initializers - Done initializing parameters; the following parameters are using their default initialization from their code
2019-02-12 05:54:21,282 - INFO - allennlp.nn.initializers -    tag_projection_layer._module.bias
2019-02-12 05:54:21,282 - INFO - allennlp.nn.initializers -    tag_projection_layer._module.weight
2019-02-12 05:54:21,282 - INFO - allennlp.nn.initializers -    text_field_embedder.token_embedder_ner_tag.weight
2019-02-12 05:54:21,283 - INFO - allennlp.common.from_params - instantiating class <class 'allennlp.data.iterators.data_iterator.DataIterator'> from params {'batch_size': 32, 'type': 'basic'} and extras {}
2019-02-12 05:54:21,283 - INFO - allennlp.common.params - iterator.type = basic
2019-02-12 05:54:21,283 - INFO - allennlp.common.from_params - instantiating class <class 'allennlp.data.iterators.basic_iterator.BasicIterator'> from params {'batch_size': 32} and extras {}
2019-02-12 05:54:21,283 - INFO - allennlp.common.params - iterator.batch_size = 32
2019-02-12 05:54:21,284 - INFO - allennlp.common.params - iterator.instances_per_epoch = None
2019-02-12 05:54:21,284 - INFO - allennlp.common.params - iterator.max_instances_in_memory = None
2019-02-12 05:54:21,284 - INFO - allennlp.common.params - iterator.cache_instances = False
2019-02-12 05:54:21,284 - INFO - allennlp.common.params - iterator.track_epoch = False
2019-02-12 05:54:21,284 - INFO - allennlp.common.params - iterator.maximum_samples_per_batch = None
2019-02-12 05:54:21,284 - INFO - allennlp.common.params - validation_iterator = None
2019-02-12 05:54:21,284 - INFO - allennlp.common.params - trainer.no_grad = ()
2019-02-12 05:54:21,285 - INFO - allennlp.commands.train - Following parameters are Frozen  (without gradient):
2019-02-12 05:54:21,285 - INFO - allennlp.commands.train - Following parameters are Tunable (with gradient):
2019-02-12 05:54:21,285 - INFO - allennlp.commands.train - text_field_embedder.token_embedder_ner_tag.weight
2019-02-12 05:54:21,285 - INFO - allennlp.commands.train - tag_projection_layer._module.weight
2019-02-12 05:54:21,285 - INFO - allennlp.commands.train - tag_projection_layer._module.bias
2019-02-12 05:54:21,285 - INFO - allennlp.common.params - trainer.type = default
2019-02-12 05:54:21,285 - INFO - allennlp.common.params - trainer.patience = 5
2019-02-12 05:54:21,285 - INFO - allennlp.common.params - trainer.validation_metric = -loss
2019-02-12 05:54:21,286 - INFO - allennlp.common.params - trainer.shuffle = True
2019-02-12 05:54:21,286 - INFO - allennlp.common.params - trainer.num_epochs = 40
2019-02-12 05:54:21,286 - INFO - allennlp.common.params - trainer.cuda_device = 0
2019-02-12 05:54:21,286 - INFO - allennlp.common.params - trainer.grad_norm = None
2019-02-12 05:54:21,286 - INFO - allennlp.common.params - trainer.grad_clipping = None
2019-02-12 05:54:21,286 - INFO - allennlp.common.params - trainer.learning_rate_scheduler = None
2019-02-12 05:54:25,239 - INFO - allennlp.common.params - trainer.optimizer = adam
2019-02-12 05:54:25,240 - INFO - allennlp.common.params - parameter_groups = None
2019-02-12 05:54:25,240 - INFO - allennlp.training.optimizers - Number of trainable parameters: 439
2019-02-12 05:54:25,241 - INFO - allennlp.common.params - Converting Params object to dict; logging of default values will not occur when dictionary parameters are used subsequently.
2019-02-12 05:54:25,242 - INFO - allennlp.common.params - CURRENTLY DEFINED PARAMETERS: 
2019-02-12 05:54:25,242 - INFO - allennlp.common.params - trainer.num_serialized_models_to_keep = 20
2019-02-12 05:54:25,242 - INFO - allennlp.common.params - trainer.keep_serialized_model_every_num_seconds = None
2019-02-12 05:54:25,242 - INFO - allennlp.common.params - trainer.model_save_interval = None
2019-02-12 05:54:25,242 - INFO - allennlp.common.params - trainer.summary_interval = 100
2019-02-12 05:54:25,242 - INFO - allennlp.common.params - trainer.histogram_interval = None
2019-02-12 05:54:25,243 - INFO - allennlp.common.params - trainer.should_log_parameter_statistics = True
2019-02-12 05:54:25,243 - INFO - allennlp.common.params - trainer.should_log_learning_rate = False
2019-02-12 05:54:25,243 - INFO - allennlp.common.params - trainer.log_batch_size_period = None
2019-02-12 05:54:25,245 - INFO - allennlp.common.params - evaluate_on_test = False
2019-02-12 05:54:25,246 - INFO - allennlp.training.trainer - Beginning training.
2019-02-12 05:54:25,246 - INFO - allennlp.training.trainer - Epoch 0/39
2019-02-12 05:54:25,246 - INFO - allennlp.training.trainer - Peak CPU memory usage MB: 2627.792
2019-02-12 05:54:25,341 - INFO - allennlp.training.trainer - GPU 0 memory usage MB: 771
2019-02-12 05:54:25,342 - INFO - allennlp.training.trainer - Training
2019-02-12 05:54:29,902 - INFO - allennlp.training.trainer - Validating
2019-02-12 05:54:31,652 - INFO - allennlp.training.trainer -                     Training |  Validation
2019-02-12 05:54:31,653 - INFO - allennlp.training.trainer - accuracy        |     0.911  |     0.849
2019-02-12 05:54:31,653 - INFO - allennlp.training.trainer - loss            |     0.597  |     0.661
2019-02-12 05:54:31,653 - INFO - allennlp.training.trainer - cpu_memory_MB   |  2627.792  |       N/A
2019-02-12 05:54:31,657 - INFO - allennlp.training.trainer - accuracy3       |     1.000  |     1.000
2019-02-12 05:54:31,658 - INFO - allennlp.training.trainer - gpu_0_memory_MB |   771.000  |       N/A
2019-02-12 05:54:31,662 - INFO - allennlp.training.trainer - Best validation performance so far. Copying weights to './model_params/best.th'.
2019-02-12 05:54:31,662 - INFO - allennlp.training.trainer - Epoch duration: 00:00:06
2019-02-12 05:54:31,663 - INFO - allennlp.training.trainer - Estimated training time remaining: 0:04:10
2019-02-12 05:54:31,663 - INFO - allennlp.training.trainer - Epoch 1/39
2019-02-12 05:54:31,663 - INFO - allennlp.training.trainer - Peak CPU memory usage MB: 2648.22
2019-02-12 05:54:31,780 - INFO - allennlp.training.trainer - GPU 0 memory usage MB: 773
2019-02-12 05:54:31,781 - INFO - allennlp.training.trainer - Training
2019-02-12 05:54:35,837 - INFO - allennlp.training.trainer - Validating
2019-02-12 05:54:37,250 - INFO - allennlp.training.trainer -                     Training |  Validation
2019-02-12 05:54:37,251 - INFO - allennlp.training.trainer - accuracy        |     0.829  |     0.838
2019-02-12 05:54:37,251 - INFO - allennlp.training.trainer - loss            |     0.545  |     0.660
2019-02-12 05:54:37,252 - INFO - allennlp.training.trainer - cpu_memory_MB   |  2648.220  |       N/A
2019-02-12 05:54:37,252 - INFO - allennlp.training.trainer - accuracy3       |     1.000  |     1.000
2019-02-12 05:54:37,252 - INFO - allennlp.training.trainer - gpu_0_memory_MB |   773.000  |       N/A
2019-02-12 05:54:37,255 - INFO - allennlp.training.trainer - Best validation performance so far. Copying weights to './model_params/best.th'.
2019-02-12 05:54:37,255 - INFO - allennlp.training.trainer - Epoch duration: 00:00:05
2019-02-12 05:54:37,256 - INFO - allennlp.training.trainer - Estimated training time remaining: 0:03:48
2019-02-12 05:54:37,256 - INFO - allennlp.training.trainer - Epoch 2/39
2019-02-12 05:54:37,256 - INFO - allennlp.training.trainer - Peak CPU memory usage MB: 2648.248
2019-02-12 05:54:37,372 - INFO - allennlp.training.trainer - GPU 0 memory usage MB: 773
2019-02-12 05:54:37,373 - INFO - allennlp.training.trainer - Training
2019-02-12 05:54:41,387 - INFO - allennlp.training.trainer - Validating
2019-02-12 05:54:42,767 - INFO - allennlp.training.trainer -                     Training |  Validation
2019-02-12 05:54:42,768 - INFO - allennlp.training.trainer - accuracy        |     0.827  |     0.838
2019-02-12 05:54:42,768 - INFO - allennlp.training.trainer - loss            |     0.542  |     0.660
2019-02-12 05:54:42,768 - INFO - allennlp.training.trainer - cpu_memory_MB   |  2648.248  |       N/A
2019-02-12 05:54:42,768 - INFO - allennlp.training.trainer - accuracy3       |     1.000  |     1.000
2019-02-12 05:54:42,769 - INFO - allennlp.training.trainer - gpu_0_memory_MB |   773.000  |       N/A
2019-02-12 05:54:42,771 - INFO - allennlp.training.trainer - Epoch duration: 00:00:05
2019-02-12 05:54:42,771 - INFO - allennlp.training.trainer - Estimated training time remaining: 0:03:36
2019-02-12 05:54:42,771 - INFO - allennlp.training.trainer - Epoch 3/39
2019-02-12 05:54:42,773 - INFO - allennlp.training.trainer - Peak CPU memory usage MB: 2648.268
2019-02-12 05:54:42,882 - INFO - allennlp.training.trainer - GPU 0 memory usage MB: 773
2019-02-12 05:54:42,883 - INFO - allennlp.training.trainer - Training
2019-02-12 05:54:46,889 - INFO - allennlp.training.trainer - Validating
2019-02-12 05:54:48,287 - INFO - allennlp.training.trainer -                     Training |  Validation
2019-02-12 05:54:48,288 - INFO - allennlp.training.trainer - accuracy        |     0.826  |     0.840
2019-02-12 05:54:48,289 - INFO - allennlp.training.trainer - loss            |     0.541  |     0.658
2019-02-12 05:54:48,289 - INFO - allennlp.training.trainer - cpu_memory_MB   |  2648.268  |       N/A
2019-02-12 05:54:48,289 - INFO - allennlp.training.trainer - accuracy3       |     1.000  |     1.000
2019-02-12 05:54:48,289 - INFO - allennlp.training.trainer - gpu_0_memory_MB |   773.000  |       N/A
2019-02-12 05:54:48,291 - INFO - allennlp.training.trainer - Best validation performance so far. Copying weights to './model_params/best.th'.
2019-02-12 05:54:48,292 - INFO - allennlp.training.trainer - Epoch duration: 00:00:05
2019-02-12 05:54:48,292 - INFO - allennlp.training.trainer - Estimated training time remaining: 0:03:27
2019-02-12 05:54:48,293 - INFO - allennlp.training.trainer - Epoch 4/39
2019-02-12 05:54:48,293 - INFO - allennlp.training.trainer - Peak CPU memory usage MB: 2648.272
2019-02-12 05:54:48,407 - INFO - allennlp.training.trainer - GPU 0 memory usage MB: 773
2019-02-12 05:54:48,408 - INFO - allennlp.training.trainer - Training
2019-02-12 05:54:52,336 - INFO - allennlp.training.trainer - Validating
2019-02-12 05:54:53,562 - INFO - allennlp.training.trainer -                     Training |  Validation
2019-02-12 05:54:53,563 - INFO - allennlp.training.trainer - accuracy        |     0.827  |     0.840
2019-02-12 05:54:53,564 - INFO - allennlp.training.trainer - loss            |     0.541  |     0.660
2019-02-12 05:54:53,564 - INFO - allennlp.training.trainer - cpu_memory_MB   |  2648.272  |       N/A
2019-02-12 05:54:53,564 - INFO - allennlp.training.trainer - accuracy3       |     1.000  |     1.000
2019-02-12 05:54:53,564 - INFO - allennlp.training.trainer - gpu_0_memory_MB |   773.000  |       N/A
2019-02-12 05:54:53,566 - INFO - allennlp.training.trainer - Epoch duration: 00:00:05
2019-02-12 05:54:53,567 - INFO - allennlp.training.trainer - Estimated training time remaining: 0:03:18
2019-02-12 05:54:53,567 - INFO - allennlp.training.trainer - Epoch 5/39
2019-02-12 05:54:53,567 - INFO - allennlp.training.trainer - Peak CPU memory usage MB: 2648.272
2019-02-12 05:54:53,665 - INFO - allennlp.training.trainer - GPU 0 memory usage MB: 773
2019-02-12 05:54:53,666 - INFO - allennlp.training.trainer - Training
2019-02-12 05:54:57,348 - INFO - allennlp.training.trainer - Validating
2019-02-12 05:54:58,628 - INFO - allennlp.training.trainer -                     Training |  Validation
2019-02-12 05:54:58,629 - INFO - allennlp.training.trainer - accuracy        |     0.827  |     0.840
2019-02-12 05:54:58,629 - INFO - allennlp.training.trainer - loss            |     0.541  |     0.657
2019-02-12 05:54:58,629 - INFO - allennlp.training.trainer - cpu_memory_MB   |  2648.272  |       N/A
2019-02-12 05:54:58,629 - INFO - allennlp.training.trainer - accuracy3       |     1.000  |     1.000
2019-02-12 05:54:58,630 - INFO - allennlp.training.trainer - gpu_0_memory_MB |   773.000  |       N/A
2019-02-12 05:54:58,632 - INFO - allennlp.training.trainer - Best validation performance so far. Copying weights to './model_params/best.th'.
2019-02-12 05:54:58,632 - INFO - allennlp.training.trainer - Epoch duration: 00:00:05
2019-02-12 05:54:58,633 - INFO - allennlp.training.trainer - Estimated training time remaining: 0:03:09
2019-02-12 05:54:58,633 - INFO - allennlp.training.trainer - Epoch 6/39
2019-02-12 05:54:58,633 - INFO - allennlp.training.trainer - Peak CPU memory usage MB: 2648.336
2019-02-12 05:54:58,739 - INFO - allennlp.training.trainer - GPU 0 memory usage MB: 773
2019-02-12 05:54:58,739 - INFO - allennlp.training.trainer - Training
2019-02-12 05:55:02,433 - INFO - allennlp.training.trainer - Validating
2019-02-12 05:55:03,762 - INFO - allennlp.training.trainer -                     Training |  Validation
2019-02-12 05:55:03,763 - INFO - allennlp.training.trainer - accuracy        |     0.827  |     0.840
2019-02-12 05:55:03,764 - INFO - allennlp.training.trainer - loss            |     0.541  |     0.660
2019-02-12 05:55:03,764 - INFO - allennlp.training.trainer - cpu_memory_MB   |  2648.336  |       N/A
2019-02-12 05:55:03,764 - INFO - allennlp.training.trainer - accuracy3       |     1.000  |     1.000
2019-02-12 05:55:03,764 - INFO - allennlp.training.trainer - gpu_0_memory_MB |   773.000  |       N/A
2019-02-12 05:55:03,766 - INFO - allennlp.training.trainer - Epoch duration: 00:00:05
2019-02-12 05:55:03,767 - INFO - allennlp.training.trainer - Estimated training time remaining: 0:03:01
2019-02-12 05:55:03,767 - INFO - allennlp.training.trainer - Epoch 7/39
2019-02-12 05:55:03,767 - INFO - allennlp.training.trainer - Peak CPU memory usage MB: 2648.336
2019-02-12 05:55:03,868 - INFO - allennlp.training.trainer - GPU 0 memory usage MB: 773
2019-02-12 05:55:03,869 - INFO - allennlp.training.trainer - Training
2019-02-12 05:55:07,565 - INFO - allennlp.training.trainer - Validating
2019-02-12 05:55:08,828 - INFO - allennlp.training.trainer -                     Training |  Validation
2019-02-12 05:55:08,829 - INFO - allennlp.training.trainer - accuracy        |     0.828  |     0.840
2019-02-12 05:55:08,829 - INFO - allennlp.training.trainer - loss            |     0.540  |     0.660
2019-02-12 05:55:08,830 - INFO - allennlp.training.trainer - cpu_memory_MB   |  2648.336  |       N/A
2019-02-12 05:55:08,830 - INFO - allennlp.training.trainer - accuracy3       |     1.000  |     1.000
2019-02-12 05:55:08,830 - INFO - allennlp.training.trainer - gpu_0_memory_MB |   773.000  |       N/A
2019-02-12 05:55:08,832 - INFO - allennlp.training.trainer - Epoch duration: 00:00:05
2019-02-12 05:55:08,832 - INFO - allennlp.training.trainer - Estimated training time remaining: 0:02:54
2019-02-12 05:55:08,833 - INFO - allennlp.training.trainer - Epoch 8/39
2019-02-12 05:55:08,833 - INFO - allennlp.training.trainer - Peak CPU memory usage MB: 2648.336
2019-02-12 05:55:08,940 - INFO - allennlp.training.trainer - GPU 0 memory usage MB: 773
2019-02-12 05:55:08,940 - INFO - allennlp.training.trainer - Training
2019-02-12 05:55:12,609 - INFO - allennlp.training.trainer - Validating
2019-02-12 05:55:13,911 - INFO - allennlp.training.trainer -                     Training |  Validation
2019-02-12 05:55:13,912 - INFO - allennlp.training.trainer - accuracy        |     0.828  |     0.840
2019-02-12 05:55:13,912 - INFO - allennlp.training.trainer - loss            |     0.541  |     0.656
2019-02-12 05:55:13,914 - INFO - allennlp.training.trainer - cpu_memory_MB   |  2648.336  |       N/A
2019-02-12 05:55:13,914 - INFO - allennlp.training.trainer - accuracy3       |     1.000  |     1.000
2019-02-12 05:55:13,914 - INFO - allennlp.training.trainer - gpu_0_memory_MB |   773.000  |       N/A
2019-02-12 05:55:13,916 - INFO - allennlp.training.trainer - Best validation performance so far. Copying weights to './model_params/best.th'.
2019-02-12 05:55:13,917 - INFO - allennlp.training.trainer - Epoch duration: 00:00:05
2019-02-12 05:55:13,917 - INFO - allennlp.training.trainer - Estimated training time remaining: 0:02:47
2019-02-12 05:55:13,917 - INFO - allennlp.training.trainer - Epoch 9/39
2019-02-12 05:55:13,917 - INFO - allennlp.training.trainer - Peak CPU memory usage MB: 2648.336
2019-02-12 05:55:14,024 - INFO - allennlp.training.trainer - GPU 0 memory usage MB: 773
2019-02-12 05:55:14,024 - INFO - allennlp.training.trainer - Training
2019-02-12 05:55:17,629 - INFO - allennlp.training.trainer - Validating
2019-02-12 05:55:18,936 - INFO - allennlp.training.trainer -                     Training |  Validation
2019-02-12 05:55:18,937 - INFO - allennlp.training.trainer - accuracy        |     0.829  |     0.840
2019-02-12 05:55:18,938 - INFO - allennlp.training.trainer - loss            |     0.541  |     0.653
2019-02-12 05:55:18,938 - INFO - allennlp.training.trainer - cpu_memory_MB   |  2648.336  |       N/A
2019-02-12 05:55:18,938 - INFO - allennlp.training.trainer - accuracy3       |     1.000  |     1.000
2019-02-12 05:55:18,938 - INFO - allennlp.training.trainer - gpu_0_memory_MB |   773.000  |       N/A
2019-02-12 05:55:18,940 - INFO - allennlp.training.trainer - Best validation performance so far. Copying weights to './model_params/best.th'.
2019-02-12 05:55:18,941 - INFO - allennlp.training.trainer - Epoch duration: 00:00:05
2019-02-12 05:55:18,941 - INFO - allennlp.training.trainer - Estimated training time remaining: 0:02:41
2019-02-12 05:55:18,941 - INFO - allennlp.training.trainer - Epoch 10/39
2019-02-12 05:55:18,941 - INFO - allennlp.training.trainer - Peak CPU memory usage MB: 2648.34
2019-02-12 05:55:19,051 - INFO - allennlp.training.trainer - GPU 0 memory usage MB: 773
2019-02-12 05:55:19,052 - INFO - allennlp.training.trainer - Training
2019-02-12 05:55:22,755 - INFO - allennlp.training.trainer - Validating
2019-02-12 05:55:24,072 - INFO - allennlp.training.trainer -                     Training |  Validation
2019-02-12 05:55:24,073 - INFO - allennlp.training.trainer - accuracy        |     0.828  |     0.840
2019-02-12 05:55:24,073 - INFO - allennlp.training.trainer - loss            |     0.541  |     0.657
2019-02-12 05:55:24,073 - INFO - allennlp.training.trainer - cpu_memory_MB   |  2648.340  |       N/A
2019-02-12 05:55:24,073 - INFO - allennlp.training.trainer - accuracy3       |     1.000  |     1.000
2019-02-12 05:55:24,074 - INFO - allennlp.training.trainer - gpu_0_memory_MB |   773.000  |       N/A
2019-02-12 05:55:24,076 - INFO - allennlp.training.trainer - Epoch duration: 00:00:05
2019-02-12 05:55:24,076 - INFO - allennlp.training.trainer - Estimated training time remaining: 0:02:35
2019-02-12 05:55:24,076 - INFO - allennlp.training.trainer - Epoch 11/39
2019-02-12 05:55:24,076 - INFO - allennlp.training.trainer - Peak CPU memory usage MB: 2648.352
2019-02-12 05:55:24,186 - INFO - allennlp.training.trainer - GPU 0 memory usage MB: 773
2019-02-12 05:55:24,186 - INFO - allennlp.training.trainer - Training
2019-02-12 05:55:27,783 - INFO - allennlp.training.trainer - Validating
2019-02-12 05:55:29,052 - INFO - allennlp.training.trainer -                     Training |  Validation
2019-02-12 05:55:29,053 - INFO - allennlp.training.trainer - accuracy        |     0.829  |     0.843
2019-02-12 05:55:29,054 - INFO - allennlp.training.trainer - loss            |     0.541  |     0.656
2019-02-12 05:55:29,054 - INFO - allennlp.training.trainer - cpu_memory_MB   |  2648.352  |       N/A
2019-02-12 05:55:29,054 - INFO - allennlp.training.trainer - accuracy3       |     1.000  |     1.000
2019-02-12 05:55:29,054 - INFO - allennlp.training.trainer - gpu_0_memory_MB |   773.000  |       N/A
2019-02-12 05:55:29,056 - INFO - allennlp.training.trainer - Epoch duration: 00:00:04
2019-02-12 05:55:29,057 - INFO - allennlp.training.trainer - Estimated training time remaining: 0:02:28
2019-02-12 05:55:29,057 - INFO - allennlp.training.trainer - Epoch 12/39
2019-02-12 05:55:29,057 - INFO - allennlp.training.trainer - Peak CPU memory usage MB: 2648.356
2019-02-12 05:55:29,159 - INFO - allennlp.training.trainer - GPU 0 memory usage MB: 773
2019-02-12 05:55:29,160 - INFO - allennlp.training.trainer - Training
2019-02-12 05:55:32,653 - INFO - allennlp.training.trainer - Validating
2019-02-12 05:55:33,892 - INFO - allennlp.training.trainer -                     Training |  Validation
2019-02-12 05:55:33,894 - INFO - allennlp.training.trainer - accuracy        |     0.829  |     0.843
2019-02-12 05:55:33,894 - INFO - allennlp.training.trainer - loss            |     0.541  |     0.652
2019-02-12 05:55:33,894 - INFO - allennlp.training.trainer - cpu_memory_MB   |  2648.356  |       N/A
2019-02-12 05:55:33,894 - INFO - allennlp.training.trainer - accuracy3       |     1.000  |     1.000
2019-02-12 05:55:33,894 - INFO - allennlp.training.trainer - gpu_0_memory_MB |   773.000  |       N/A
2019-02-12 05:55:33,896 - INFO - allennlp.training.trainer - Best validation performance so far. Copying weights to './model_params/best.th'.
2019-02-12 05:55:33,897 - INFO - allennlp.training.trainer - Epoch duration: 00:00:04
2019-02-12 05:55:33,897 - INFO - allennlp.training.trainer - Estimated training time remaining: 0:02:22
2019-02-12 05:55:33,897 - INFO - allennlp.training.trainer - Epoch 13/39
2019-02-12 05:55:33,897 - INFO - allennlp.training.trainer - Peak CPU memory usage MB: 2648.356
2019-02-12 05:55:34,001 - INFO - allennlp.training.trainer - GPU 0 memory usage MB: 773
2019-02-12 05:55:34,001 - INFO - allennlp.training.trainer - Training
2019-02-12 05:55:37,621 - INFO - allennlp.training.trainer - Validating
2019-02-12 05:55:38,872 - INFO - allennlp.training.trainer -                     Training |  Validation
2019-02-12 05:55:38,873 - INFO - allennlp.training.trainer - accuracy        |     0.829  |     0.840
2019-02-12 05:55:38,874 - INFO - allennlp.training.trainer - loss            |     0.542  |     0.653
2019-02-12 05:55:38,874 - INFO - allennlp.training.trainer - cpu_memory_MB   |  2648.356  |       N/A
2019-02-12 05:55:38,874 - INFO - allennlp.training.trainer - accuracy3       |     1.000  |     1.000
2019-02-12 05:55:38,874 - INFO - allennlp.training.trainer - gpu_0_memory_MB |   773.000  |       N/A
2019-02-12 05:55:38,876 - INFO - allennlp.training.trainer - Epoch duration: 00:00:04
2019-02-12 05:55:38,876 - INFO - allennlp.training.trainer - Estimated training time remaining: 0:02:16
2019-02-12 05:55:38,876 - INFO - allennlp.training.trainer - Epoch 14/39
2019-02-12 05:55:38,877 - INFO - allennlp.training.trainer - Peak CPU memory usage MB: 2648.364
2019-02-12 05:55:38,981 - INFO - allennlp.training.trainer - GPU 0 memory usage MB: 773
2019-02-12 05:55:38,982 - INFO - allennlp.training.trainer - Training
2019-02-12 05:55:42,482 - INFO - allennlp.training.trainer - Validating
2019-02-12 05:55:43,720 - INFO - allennlp.training.trainer -                     Training |  Validation
2019-02-12 05:55:43,721 - INFO - allennlp.training.trainer - accuracy        |     0.827  |     0.840
2019-02-12 05:55:43,721 - INFO - allennlp.training.trainer - loss            |     0.541  |     0.664
2019-02-12 05:55:43,721 - INFO - allennlp.training.trainer - cpu_memory_MB   |  2648.364  |       N/A
2019-02-12 05:55:43,721 - INFO - allennlp.training.trainer - accuracy3       |     1.000  |     1.000
2019-02-12 05:55:43,722 - INFO - allennlp.training.trainer - gpu_0_memory_MB |   773.000  |       N/A
2019-02-12 05:55:43,724 - INFO - allennlp.training.trainer - Epoch duration: 00:00:04
2019-02-12 05:55:43,724 - INFO - allennlp.training.trainer - Estimated training time remaining: 0:02:10
2019-02-12 05:55:43,724 - INFO - allennlp.training.trainer - Epoch 15/39
2019-02-12 05:55:43,724 - INFO - allennlp.training.trainer - Peak CPU memory usage MB: 2648.364
2019-02-12 05:55:43,826 - INFO - allennlp.training.trainer - GPU 0 memory usage MB: 773
2019-02-12 05:55:43,828 - INFO - allennlp.training.trainer - Training
2019-02-12 05:55:47,459 - INFO - allennlp.training.trainer - Validating
2019-02-12 05:55:48,725 - INFO - allennlp.training.trainer -                     Training |  Validation
2019-02-12 05:55:48,726 - INFO - allennlp.training.trainer - accuracy        |     0.828  |     0.840
2019-02-12 05:55:48,726 - INFO - allennlp.training.trainer - loss            |     0.541  |     0.654
2019-02-12 05:55:48,726 - INFO - allennlp.training.trainer - cpu_memory_MB   |  2648.364  |       N/A
2019-02-12 05:55:48,726 - INFO - allennlp.training.trainer - accuracy3       |     1.000  |     1.000
2019-02-12 05:55:48,727 - INFO - allennlp.training.trainer - gpu_0_memory_MB |   773.000  |       N/A
2019-02-12 05:55:48,729 - INFO - allennlp.training.trainer - Epoch duration: 00:00:05
2019-02-12 05:55:48,729 - INFO - allennlp.training.trainer - Estimated training time remaining: 0:02:05
2019-02-12 05:55:48,729 - INFO - allennlp.training.trainer - Epoch 16/39
2019-02-12 05:55:48,730 - INFO - allennlp.training.trainer - Peak CPU memory usage MB: 2648.364
2019-02-12 05:55:48,838 - INFO - allennlp.training.trainer - GPU 0 memory usage MB: 773
2019-02-12 05:55:48,838 - INFO - allennlp.training.trainer - Training
2019-02-12 05:55:52,416 - INFO - allennlp.training.trainer - Validating
2019-02-12 05:55:53,692 - INFO - allennlp.training.trainer -                     Training |  Validation
2019-02-12 05:55:53,694 - INFO - allennlp.training.trainer - accuracy        |     0.828  |     0.843
2019-02-12 05:55:53,694 - INFO - allennlp.training.trainer - loss            |     0.540  |     0.655
2019-02-12 05:55:53,694 - INFO - allennlp.training.trainer - cpu_memory_MB   |  2648.364  |       N/A
2019-02-12 05:55:53,694 - INFO - allennlp.training.trainer - accuracy3       |     1.000  |     1.000
2019-02-12 05:55:53,694 - INFO - allennlp.training.trainer - gpu_0_memory_MB |   773.000  |       N/A
2019-02-12 05:55:53,696 - INFO - allennlp.training.trainer - Epoch duration: 00:00:04
2019-02-12 05:55:53,697 - INFO - allennlp.training.trainer - Estimated training time remaining: 0:01:59
2019-02-12 05:55:53,697 - INFO - allennlp.training.trainer - Epoch 17/39
2019-02-12 05:55:53,697 - INFO - allennlp.training.trainer - Peak CPU memory usage MB: 2648.364
2019-02-12 05:55:53,794 - INFO - allennlp.training.trainer - GPU 0 memory usage MB: 773
2019-02-12 05:55:53,795 - INFO - allennlp.training.trainer - Training
2019-02-12 05:55:57,328 - INFO - allennlp.training.trainer - Validating
2019-02-12 05:55:58,581 - INFO - allennlp.training.trainer - Ran out of patience.  Stopping training.
2019-02-12 05:55:58,582 - INFO - allennlp.models.archival - archiving weights and vocabulary to ./model_params/model.tar.gz
2019-02-12 05:55:58,587 - INFO - allennlp.commands.train - Loading the best epoch weights.
2019-02-12 05:55:58,591 - INFO - allennlp.common.util - Metrics: {
  "peak_cpu_memory_MB": 2648.364,
  "peak_gpu_0_memory_MB": 773,
  "training_duration": "00:01:28",
  "training_start_epoch": 0,
  "training_epochs": 16,
  "epoch": 16,
  "training_accuracy": 0.828363645120314,
  "training_accuracy3": 1.0,
  "training_loss": 0.5402842121927635,
  "training_cpu_memory_MB": 2648.364,
  "training_gpu_0_memory_MB": 773,
  "validation_accuracy": 0.8431385815938744,
  "validation_accuracy3": 1.0,
  "validation_loss": 0.6552878922345687,
  "best_epoch": 12,
  "best_validation_accuracy": 0.8431385815938744,
  "best_validation_accuracy3": 1.0,
  "best_validation_loss": 0.6518685060496233
}
Token batch process time:
97.25362586975098
Token batch process time:
51.357911109924316
