2019-02-10 04:53:17,668 - INFO - allennlp.common.from_params - instantiating class <class 'allennlp.data.dataset_readers.dataset_reader.DatasetReader'> from params {'mytokenizer': {'type': 'word', 'word_splitter': {'ner': True, 'parse': True, 'pos_tags': True, 'type': 'whitespacy'}}, 'token_indexers': {'dependency_label': {'namespace': 'dependencies', 'type': 'dependency_label'}, 'ner_tag': {'namespace': 'ner', 'type': 'ner_tag'}, 'pos_tag': {'coarse_tags': False, 'namespace': 'pos', 'type': 'pos_tag'}, 'tokens': {'lowercase_tokens': True, 'type': 'single_id'}}, 'type': 'sequence_tagging2', 'word_tag_delimiter': '//'} and extras {}
2019-02-10 04:53:17,668 - INFO - allennlp.common.params - dataset_reader.type = sequence_tagging2
2019-02-10 04:53:17,668 - INFO - allennlp.common.from_params - instantiating class <class 'myallennlp.dataset_readers.sequence_tagging2.SequenceTaggingDatasetReader'> from params {'mytokenizer': {'type': 'word', 'word_splitter': {'ner': True, 'parse': True, 'pos_tags': True, 'type': 'whitespacy'}}, 'token_indexers': {'dependency_label': {'namespace': 'dependencies', 'type': 'dependency_label'}, 'ner_tag': {'namespace': 'ner', 'type': 'ner_tag'}, 'pos_tag': {'coarse_tags': False, 'namespace': 'pos', 'type': 'pos_tag'}, 'tokens': {'lowercase_tokens': True, 'type': 'single_id'}}, 'word_tag_delimiter': '//'} and extras {}
2019-02-10 04:53:17,668 - INFO - allennlp.common.params - dataset_reader.word_tag_delimiter = //
2019-02-10 04:53:17,668 - INFO - allennlp.common.params - dataset_reader.token_delimiter = None
2019-02-10 04:53:17,668 - INFO - allennlp.common.from_params - instantiating class allennlp.data.token_indexers.token_indexer.TokenIndexer from params {'namespace': 'dependencies', 'type': 'dependency_label'} and extras {}
2019-02-10 04:53:17,669 - INFO - allennlp.common.params - dataset_reader.token_indexers.dependency_label.type = dependency_label
2019-02-10 04:53:17,669 - INFO - allennlp.common.from_params - instantiating class allennlp.data.token_indexers.dep_label_indexer.DepLabelIndexer from params {'namespace': 'dependencies'} and extras {}
2019-02-10 04:53:17,669 - INFO - allennlp.common.params - dataset_reader.token_indexers.dependency_label.namespace = dependencies
2019-02-10 04:53:17,669 - INFO - allennlp.common.from_params - instantiating class allennlp.data.token_indexers.token_indexer.TokenIndexer from params {'namespace': 'ner', 'type': 'ner_tag'} and extras {}
2019-02-10 04:53:17,669 - INFO - allennlp.common.params - dataset_reader.token_indexers.ner_tag.type = ner_tag
2019-02-10 04:53:17,669 - INFO - allennlp.common.from_params - instantiating class allennlp.data.token_indexers.ner_tag_indexer.NerTagIndexer from params {'namespace': 'ner'} and extras {}
2019-02-10 04:53:17,669 - INFO - allennlp.common.params - dataset_reader.token_indexers.ner_tag.namespace = ner
2019-02-10 04:53:17,670 - INFO - allennlp.common.from_params - instantiating class allennlp.data.token_indexers.token_indexer.TokenIndexer from params {'coarse_tags': False, 'namespace': 'pos', 'type': 'pos_tag'} and extras {}
2019-02-10 04:53:17,670 - INFO - allennlp.common.params - dataset_reader.token_indexers.pos_tag.type = pos_tag
2019-02-10 04:53:17,670 - INFO - allennlp.common.from_params - instantiating class allennlp.data.token_indexers.pos_tag_indexer.PosTagIndexer from params {'coarse_tags': False, 'namespace': 'pos'} and extras {}
2019-02-10 04:53:17,670 - INFO - allennlp.common.params - dataset_reader.token_indexers.pos_tag.namespace = pos
2019-02-10 04:53:17,670 - INFO - allennlp.common.params - dataset_reader.token_indexers.pos_tag.coarse_tags = False
2019-02-10 04:53:17,670 - INFO - allennlp.common.from_params - instantiating class allennlp.data.token_indexers.token_indexer.TokenIndexer from params {'lowercase_tokens': True, 'type': 'single_id'} and extras {}
2019-02-10 04:53:17,670 - INFO - allennlp.common.params - dataset_reader.token_indexers.tokens.type = single_id
2019-02-10 04:53:17,670 - INFO - allennlp.common.from_params - instantiating class allennlp.data.token_indexers.single_id_token_indexer.SingleIdTokenIndexer from params {'lowercase_tokens': True} and extras {}
2019-02-10 04:53:17,671 - INFO - allennlp.common.params - dataset_reader.token_indexers.tokens.namespace = tokens
2019-02-10 04:53:17,671 - INFO - allennlp.common.params - dataset_reader.token_indexers.tokens.lowercase_tokens = True
2019-02-10 04:53:17,671 - INFO - allennlp.common.params - dataset_reader.token_indexers.tokens.start_tokens = None
2019-02-10 04:53:17,671 - INFO - allennlp.common.params - dataset_reader.token_indexers.tokens.end_tokens = None
2019-02-10 04:53:17,671 - INFO - allennlp.common.params - dataset_reader.lazy = False
2019-02-10 04:53:17,671 - INFO - allennlp.common.from_params - instantiating class <class 'allennlp.data.tokenizers.tokenizer.Tokenizer'> from params {'type': 'word', 'word_splitter': {'ner': True, 'parse': True, 'pos_tags': True, 'type': 'whitespacy'}} and extras {}
2019-02-10 04:53:17,671 - INFO - allennlp.common.params - dataset_reader.mytokenizer.type = word
2019-02-10 04:53:17,672 - INFO - allennlp.common.from_params - instantiating class <class 'allennlp.data.tokenizers.word_tokenizer.WordTokenizer'> from params {'word_splitter': {'ner': True, 'parse': True, 'pos_tags': True, 'type': 'whitespacy'}} and extras {}
2019-02-10 04:53:17,672 - INFO - allennlp.common.from_params - instantiating class <class 'allennlp.data.tokenizers.word_splitter.WordSplitter'> from params {'ner': True, 'parse': True, 'pos_tags': True, 'type': 'whitespacy'} and extras {}
2019-02-10 04:53:17,672 - INFO - allennlp.common.params - dataset_reader.mytokenizer.word_splitter.type = whitespacy
2019-02-10 04:53:17,672 - INFO - allennlp.common.from_params - instantiating class <class 'myallennlp.data.tokenizers.word_splitter.SpacyWordSplitter'> from params {'ner': True, 'parse': True, 'pos_tags': True} and extras {}
2019-02-10 04:53:17,672 - INFO - allennlp.common.params - dataset_reader.mytokenizer.word_splitter.language = en_core_web_sm
2019-02-10 04:53:17,673 - INFO - allennlp.common.params - dataset_reader.mytokenizer.word_splitter.pos_tags = True
2019-02-10 04:53:17,673 - INFO - allennlp.common.params - dataset_reader.mytokenizer.word_splitter.parse = True
2019-02-10 04:53:17,673 - INFO - allennlp.common.params - dataset_reader.mytokenizer.word_splitter.ner = True
2019-02-10 04:53:18,059 - INFO - allennlp.common.params - dataset_reader.mytokenizer.start_tokens = None
2019-02-10 04:53:18,059 - INFO - allennlp.common.params - dataset_reader.mytokenizer.end_tokens = None
2019-02-10 04:53:18,059 - INFO - allennlp.common.params - dataset_reader.use_spacy_directly = False
2019-02-10 04:53:18,059 - INFO - allennlp.common.params - validation_dataset_reader = None
2019-02-10 04:53:18,059 - INFO - allennlp.common.params - train_data_path = ../data/allenTrain.txt
2019-02-10 04:53:18,059 - INFO - allennlp.commands.train - Reading training data from ../data/allenTrain.txt
2019-02-10 04:53:18,059 - INFO - myallennlp.dataset_readers.sequence_tagging2 - Reading instances from lines in file at: ../data/allenTrain.txt
2019-02-10 04:53:41,661 - INFO - allennlp.common.params - validation_data_path = ../data/allenDev.txt
2019-02-10 04:53:41,662 - INFO - allennlp.commands.train - Reading validation data from ../data/allenDev.txt
2019-02-10 04:53:41,662 - INFO - myallennlp.dataset_readers.sequence_tagging2 - Reading instances from lines in file at: ../data/allenDev.txt
2019-02-10 04:53:53,179 - INFO - allennlp.common.params - test_data_path = None
2019-02-10 04:53:53,179 - INFO - allennlp.commands.train - From dataset instances, train, validation will be considered for vocabulary creation.
2019-02-10 04:53:53,179 - INFO - allennlp.common.params - vocabulary.type = None
2019-02-10 04:53:53,179 - INFO - allennlp.common.params - vocabulary.extend = False
2019-02-10 04:53:53,179 - INFO - allennlp.common.params - vocabulary.directory_path = None
2019-02-10 04:53:53,179 - INFO - allennlp.common.params - vocabulary.min_count = None
2019-02-10 04:53:53,179 - INFO - allennlp.common.params - vocabulary.max_vocab_size = None
2019-02-10 04:53:53,179 - INFO - allennlp.common.params - vocabulary.non_padded_namespaces = ('*tags', '*labels')
2019-02-10 04:53:53,179 - INFO - allennlp.common.params - vocabulary.min_pretrained_embeddings = None
2019-02-10 04:53:53,179 - INFO - allennlp.common.params - vocabulary.only_include_pretrained_words = False
2019-02-10 04:53:53,179 - INFO - allennlp.common.params - vocabulary.tokens_to_add = None
2019-02-10 04:53:53,179 - INFO - allennlp.data.vocabulary - Fitting token dictionary from dataset.
2019-02-10 04:53:54,026 - INFO - allennlp.common.from_params - instantiating class <class 'allennlp.models.model.Model'> from params {'Ntags0': 5620.99, 'Ntags1': 256.16, 'do_crossentropy_weighting': True, 'encoder': {'bidirectional': True, 'dropout': 0.5, 'hidden_size': 72, 'input_size': 72, 'num_layers': 2, 'type': 'lstm'}, 'text_field_embedder': {'token_embedders': {'dependency_label': {'embedding_dim': 10, 'type': 'embedding', 'vocab_namespace': 'dependencies'}, 'ner_tag': {'embedding_dim': 7, 'type': 'embedding', 'vocab_namespace': 'ner'}, 'pos_tag': {'embedding_dim': 5, 'type': 'embedding', 'vocab_namespace': 'pos'}, 'tokens': {'embedding_dim': 50, 'pretrained_file': '~/src/allennlp/glove/glove.6B.50d.txt.gz', 'trainable': False, 'type': 'embedding'}}}, 'type': 'simple_tagger2'} and extras {'vocab': Vocabulary with namespaces:  dependencies, Size: 47 || ner, Size: 21 || pos, Size: 51 || tokens, Size: 21902 || labels, Size: 2 || Non Padded Namespaces: {'*tags', '*labels'}}
2019-02-10 04:53:54,026 - INFO - allennlp.common.params - model.type = simple_tagger2
2019-02-10 04:53:54,027 - INFO - allennlp.common.from_params - instantiating class <class 'myallennlp.models.simple_tagger2.SimpleTagger2'> from params {'Ntags0': 5620.99, 'Ntags1': 256.16, 'do_crossentropy_weighting': True, 'encoder': {'bidirectional': True, 'dropout': 0.5, 'hidden_size': 72, 'input_size': 72, 'num_layers': 2, 'type': 'lstm'}, 'text_field_embedder': {'token_embedders': {'dependency_label': {'embedding_dim': 10, 'type': 'embedding', 'vocab_namespace': 'dependencies'}, 'ner_tag': {'embedding_dim': 7, 'type': 'embedding', 'vocab_namespace': 'ner'}, 'pos_tag': {'embedding_dim': 5, 'type': 'embedding', 'vocab_namespace': 'pos'}, 'tokens': {'embedding_dim': 50, 'pretrained_file': '~/src/allennlp/glove/glove.6B.50d.txt.gz', 'trainable': False, 'type': 'embedding'}}}} and extras {'vocab': Vocabulary with namespaces:  dependencies, Size: 47 || ner, Size: 21 || pos, Size: 51 || tokens, Size: 21902 || labels, Size: 2 || Non Padded Namespaces: {'*tags', '*labels'}}
2019-02-10 04:53:54,027 - INFO - allennlp.common.from_params - instantiating class <class 'allennlp.modules.text_field_embedders.text_field_embedder.TextFieldEmbedder'> from params {'token_embedders': {'dependency_label': {'embedding_dim': 10, 'type': 'embedding', 'vocab_namespace': 'dependencies'}, 'ner_tag': {'embedding_dim': 7, 'type': 'embedding', 'vocab_namespace': 'ner'}, 'pos_tag': {'embedding_dim': 5, 'type': 'embedding', 'vocab_namespace': 'pos'}, 'tokens': {'embedding_dim': 50, 'pretrained_file': '~/src/allennlp/glove/glove.6B.50d.txt.gz', 'trainable': False, 'type': 'embedding'}}} and extras {'vocab': Vocabulary with namespaces:  dependencies, Size: 47 || ner, Size: 21 || pos, Size: 51 || tokens, Size: 21902 || labels, Size: 2 || Non Padded Namespaces: {'*tags', '*labels'}}
2019-02-10 04:53:54,027 - INFO - allennlp.common.params - model.text_field_embedder.type = basic
2019-02-10 04:53:54,027 - INFO - allennlp.common.params - model.text_field_embedder.embedder_to_indexer_map = None
2019-02-10 04:53:54,027 - INFO - allennlp.common.params - model.text_field_embedder.allow_unmatched_keys = False
2019-02-10 04:53:54,027 - INFO - allennlp.common.from_params - instantiating class <class 'allennlp.modules.token_embedders.token_embedder.TokenEmbedder'> from params {'embedding_dim': 10, 'type': 'embedding', 'vocab_namespace': 'dependencies'} and extras {'vocab': Vocabulary with namespaces:  dependencies, Size: 47 || ner, Size: 21 || pos, Size: 51 || tokens, Size: 21902 || labels, Size: 2 || Non Padded Namespaces: {'*tags', '*labels'}}
2019-02-10 04:53:54,027 - INFO - allennlp.common.params - model.text_field_embedder.token_embedders.dependency_label.type = embedding
2019-02-10 04:53:54,028 - INFO - allennlp.common.params - model.text_field_embedder.token_embedders.dependency_label.num_embeddings = None
2019-02-10 04:53:54,028 - INFO - allennlp.common.params - model.text_field_embedder.token_embedders.dependency_label.vocab_namespace = dependencies
2019-02-10 04:53:54,028 - INFO - allennlp.common.params - model.text_field_embedder.token_embedders.dependency_label.embedding_dim = 10
2019-02-10 04:53:54,028 - INFO - allennlp.common.params - model.text_field_embedder.token_embedders.dependency_label.pretrained_file = None
2019-02-10 04:53:54,028 - INFO - allennlp.common.params - model.text_field_embedder.token_embedders.dependency_label.projection_dim = None
2019-02-10 04:53:54,028 - INFO - allennlp.common.params - model.text_field_embedder.token_embedders.dependency_label.trainable = True
2019-02-10 04:53:54,028 - INFO - allennlp.common.params - model.text_field_embedder.token_embedders.dependency_label.padding_index = None
2019-02-10 04:53:54,028 - INFO - allennlp.common.params - model.text_field_embedder.token_embedders.dependency_label.max_norm = None
2019-02-10 04:53:54,028 - INFO - allennlp.common.params - model.text_field_embedder.token_embedders.dependency_label.norm_type = 2.0
2019-02-10 04:53:54,028 - INFO - allennlp.common.params - model.text_field_embedder.token_embedders.dependency_label.scale_grad_by_freq = False
2019-02-10 04:53:54,028 - INFO - allennlp.common.params - model.text_field_embedder.token_embedders.dependency_label.sparse = False
2019-02-10 04:53:54,029 - INFO - allennlp.common.from_params - instantiating class <class 'allennlp.modules.token_embedders.token_embedder.TokenEmbedder'> from params {'embedding_dim': 7, 'type': 'embedding', 'vocab_namespace': 'ner'} and extras {'vocab': Vocabulary with namespaces:  dependencies, Size: 47 || ner, Size: 21 || pos, Size: 51 || tokens, Size: 21902 || labels, Size: 2 || Non Padded Namespaces: {'*tags', '*labels'}}
2019-02-10 04:53:54,029 - INFO - allennlp.common.params - model.text_field_embedder.token_embedders.ner_tag.type = embedding
2019-02-10 04:53:54,029 - INFO - allennlp.common.params - model.text_field_embedder.token_embedders.ner_tag.num_embeddings = None
2019-02-10 04:53:54,029 - INFO - allennlp.common.params - model.text_field_embedder.token_embedders.ner_tag.vocab_namespace = ner
2019-02-10 04:53:54,029 - INFO - allennlp.common.params - model.text_field_embedder.token_embedders.ner_tag.embedding_dim = 7
2019-02-10 04:53:54,029 - INFO - allennlp.common.params - model.text_field_embedder.token_embedders.ner_tag.pretrained_file = None
2019-02-10 04:53:54,029 - INFO - allennlp.common.params - model.text_field_embedder.token_embedders.ner_tag.projection_dim = None
2019-02-10 04:53:54,029 - INFO - allennlp.common.params - model.text_field_embedder.token_embedders.ner_tag.trainable = True
2019-02-10 04:53:54,029 - INFO - allennlp.common.params - model.text_field_embedder.token_embedders.ner_tag.padding_index = None
2019-02-10 04:53:54,029 - INFO - allennlp.common.params - model.text_field_embedder.token_embedders.ner_tag.max_norm = None
2019-02-10 04:53:54,029 - INFO - allennlp.common.params - model.text_field_embedder.token_embedders.ner_tag.norm_type = 2.0
2019-02-10 04:53:54,029 - INFO - allennlp.common.params - model.text_field_embedder.token_embedders.ner_tag.scale_grad_by_freq = False
2019-02-10 04:53:54,029 - INFO - allennlp.common.params - model.text_field_embedder.token_embedders.ner_tag.sparse = False
2019-02-10 04:53:54,029 - INFO - allennlp.common.from_params - instantiating class <class 'allennlp.modules.token_embedders.token_embedder.TokenEmbedder'> from params {'embedding_dim': 5, 'type': 'embedding', 'vocab_namespace': 'pos'} and extras {'vocab': Vocabulary with namespaces:  dependencies, Size: 47 || ner, Size: 21 || pos, Size: 51 || tokens, Size: 21902 || labels, Size: 2 || Non Padded Namespaces: {'*tags', '*labels'}}
2019-02-10 04:53:54,030 - INFO - allennlp.common.params - model.text_field_embedder.token_embedders.pos_tag.type = embedding
2019-02-10 04:53:54,030 - INFO - allennlp.common.params - model.text_field_embedder.token_embedders.pos_tag.num_embeddings = None
2019-02-10 04:53:54,030 - INFO - allennlp.common.params - model.text_field_embedder.token_embedders.pos_tag.vocab_namespace = pos
2019-02-10 04:53:54,030 - INFO - allennlp.common.params - model.text_field_embedder.token_embedders.pos_tag.embedding_dim = 5
2019-02-10 04:53:54,030 - INFO - allennlp.common.params - model.text_field_embedder.token_embedders.pos_tag.pretrained_file = None
2019-02-10 04:53:54,030 - INFO - allennlp.common.params - model.text_field_embedder.token_embedders.pos_tag.projection_dim = None
2019-02-10 04:53:54,030 - INFO - allennlp.common.params - model.text_field_embedder.token_embedders.pos_tag.trainable = True
2019-02-10 04:53:54,030 - INFO - allennlp.common.params - model.text_field_embedder.token_embedders.pos_tag.padding_index = None
2019-02-10 04:53:54,030 - INFO - allennlp.common.params - model.text_field_embedder.token_embedders.pos_tag.max_norm = None
2019-02-10 04:53:54,030 - INFO - allennlp.common.params - model.text_field_embedder.token_embedders.pos_tag.norm_type = 2.0
2019-02-10 04:53:54,030 - INFO - allennlp.common.params - model.text_field_embedder.token_embedders.pos_tag.scale_grad_by_freq = False
2019-02-10 04:53:54,030 - INFO - allennlp.common.params - model.text_field_embedder.token_embedders.pos_tag.sparse = False
2019-02-10 04:53:54,030 - INFO - allennlp.common.from_params - instantiating class <class 'allennlp.modules.token_embedders.token_embedder.TokenEmbedder'> from params {'embedding_dim': 50, 'pretrained_file': '~/src/allennlp/glove/glove.6B.50d.txt.gz', 'trainable': False, 'type': 'embedding'} and extras {'vocab': Vocabulary with namespaces:  dependencies, Size: 47 || ner, Size: 21 || pos, Size: 51 || tokens, Size: 21902 || labels, Size: 2 || Non Padded Namespaces: {'*tags', '*labels'}}
2019-02-10 04:53:54,030 - INFO - allennlp.common.params - model.text_field_embedder.token_embedders.tokens.type = embedding
2019-02-10 04:53:54,030 - INFO - allennlp.common.params - model.text_field_embedder.token_embedders.tokens.num_embeddings = None
2019-02-10 04:53:54,030 - INFO - allennlp.common.params - model.text_field_embedder.token_embedders.tokens.vocab_namespace = tokens
2019-02-10 04:53:54,030 - INFO - allennlp.common.params - model.text_field_embedder.token_embedders.tokens.embedding_dim = 50
2019-02-10 04:53:54,030 - INFO - allennlp.common.params - model.text_field_embedder.token_embedders.tokens.pretrained_file = ~/src/allennlp/glove/glove.6B.50d.txt.gz
2019-02-10 04:53:54,031 - INFO - allennlp.common.params - model.text_field_embedder.token_embedders.tokens.projection_dim = None
2019-02-10 04:53:54,031 - INFO - allennlp.common.params - model.text_field_embedder.token_embedders.tokens.trainable = False
2019-02-10 04:53:54,031 - INFO - allennlp.common.params - model.text_field_embedder.token_embedders.tokens.padding_index = None
2019-02-10 04:53:54,031 - INFO - allennlp.common.params - model.text_field_embedder.token_embedders.tokens.max_norm = None
2019-02-10 04:53:54,031 - INFO - allennlp.common.params - model.text_field_embedder.token_embedders.tokens.norm_type = 2.0
2019-02-10 04:53:54,031 - INFO - allennlp.common.params - model.text_field_embedder.token_embedders.tokens.scale_grad_by_freq = False
2019-02-10 04:53:54,031 - INFO - allennlp.common.params - model.text_field_embedder.token_embedders.tokens.sparse = False
2019-02-10 04:53:54,032 - INFO - allennlp.modules.token_embedders.embedding - Reading pretrained embeddings from file
2019-02-10 04:53:55,925 - INFO - allennlp.modules.token_embedders.embedding - Initializing pre-trained embedding layer
2019-02-10 04:53:56,053 - INFO - allennlp.modules.token_embedders.embedding - Pretrained embeddings were found for 20103 out of 21902 tokens
2019-02-10 04:53:56,059 - INFO - allennlp.common.from_params - instantiating class <class 'allennlp.modules.seq2seq_encoders.seq2seq_encoder.Seq2SeqEncoder'> from params {'bidirectional': True, 'dropout': 0.5, 'hidden_size': 72, 'input_size': 72, 'num_layers': 2, 'type': 'lstm'} and extras {'vocab': Vocabulary with namespaces:  dependencies, Size: 47 || ner, Size: 21 || pos, Size: 51 || tokens, Size: 21902 || labels, Size: 2 || Non Padded Namespaces: {'*tags', '*labels'}}
2019-02-10 04:53:56,060 - INFO - allennlp.common.params - model.encoder.type = lstm
2019-02-10 04:53:56,060 - INFO - allennlp.common.params - model.encoder.batch_first = True
2019-02-10 04:53:56,060 - INFO - allennlp.common.params - model.encoder.stateful = False
2019-02-10 04:53:56,060 - INFO - allennlp.common.params - Converting Params object to dict; logging of default values will not occur when dictionary parameters are used subsequently.
2019-02-10 04:53:56,060 - INFO - allennlp.common.params - CURRENTLY DEFINED PARAMETERS: 
2019-02-10 04:53:56,060 - INFO - allennlp.common.params - model.encoder.bidirectional = True
2019-02-10 04:53:56,060 - INFO - allennlp.common.params - model.encoder.dropout = 0.5
2019-02-10 04:53:56,060 - INFO - allennlp.common.params - model.encoder.hidden_size = 72
2019-02-10 04:53:56,060 - INFO - allennlp.common.params - model.encoder.input_size = 72
2019-02-10 04:53:56,060 - INFO - allennlp.common.params - model.encoder.num_layers = 2
2019-02-10 04:53:56,060 - INFO - allennlp.common.params - model.encoder.batch_first = True
2019-02-10 04:53:56,062 - INFO - allennlp.common.params - model.do_crossentropy_weighting = True
2019-02-10 04:53:56,062 - INFO - allennlp.common.params - model.Ntags0 = 5620.99
2019-02-10 04:53:56,062 - INFO - allennlp.common.params - model.Ntags1 = 256.16
2019-02-10 04:53:56,062 - INFO - allennlp.nn.initializers - Initializing parameters
2019-02-10 04:53:56,063 - INFO - allennlp.nn.initializers - Done initializing parameters; the following parameters are using their default initialization from their code
2019-02-10 04:53:56,063 - INFO - allennlp.nn.initializers -    encoder._module.bias_hh_l0
2019-02-10 04:53:56,063 - INFO - allennlp.nn.initializers -    encoder._module.bias_hh_l0_reverse
2019-02-10 04:53:56,063 - INFO - allennlp.nn.initializers -    encoder._module.bias_hh_l1
2019-02-10 04:53:56,063 - INFO - allennlp.nn.initializers -    encoder._module.bias_hh_l1_reverse
2019-02-10 04:53:56,063 - INFO - allennlp.nn.initializers -    encoder._module.bias_ih_l0
2019-02-10 04:53:56,063 - INFO - allennlp.nn.initializers -    encoder._module.bias_ih_l0_reverse
2019-02-10 04:53:56,063 - INFO - allennlp.nn.initializers -    encoder._module.bias_ih_l1
2019-02-10 04:53:56,063 - INFO - allennlp.nn.initializers -    encoder._module.bias_ih_l1_reverse
2019-02-10 04:53:56,063 - INFO - allennlp.nn.initializers -    encoder._module.weight_hh_l0
2019-02-10 04:53:56,063 - INFO - allennlp.nn.initializers -    encoder._module.weight_hh_l0_reverse
2019-02-10 04:53:56,063 - INFO - allennlp.nn.initializers -    encoder._module.weight_hh_l1
2019-02-10 04:53:56,063 - INFO - allennlp.nn.initializers -    encoder._module.weight_hh_l1_reverse
2019-02-10 04:53:56,063 - INFO - allennlp.nn.initializers -    encoder._module.weight_ih_l0
2019-02-10 04:53:56,063 - INFO - allennlp.nn.initializers -    encoder._module.weight_ih_l0_reverse
2019-02-10 04:53:56,063 - INFO - allennlp.nn.initializers -    encoder._module.weight_ih_l1
2019-02-10 04:53:56,063 - INFO - allennlp.nn.initializers -    encoder._module.weight_ih_l1_reverse
2019-02-10 04:53:56,063 - INFO - allennlp.nn.initializers -    tag_projection_layer._module.bias
2019-02-10 04:53:56,063 - INFO - allennlp.nn.initializers -    tag_projection_layer._module.weight
2019-02-10 04:53:56,063 - INFO - allennlp.nn.initializers -    text_field_embedder.token_embedder_dependency_label.weight
2019-02-10 04:53:56,063 - INFO - allennlp.nn.initializers -    text_field_embedder.token_embedder_ner_tag.weight
2019-02-10 04:53:56,063 - INFO - allennlp.nn.initializers -    text_field_embedder.token_embedder_pos_tag.weight
2019-02-10 04:53:56,064 - INFO - allennlp.nn.initializers -    text_field_embedder.token_embedder_tokens.weight
2019-02-10 04:53:56,138 - INFO - allennlp.common.from_params - instantiating class <class 'allennlp.data.iterators.data_iterator.DataIterator'> from params {'batch_size': 32, 'type': 'basic'} and extras {}
2019-02-10 04:53:56,138 - INFO - allennlp.common.params - iterator.type = basic
2019-02-10 04:53:56,138 - INFO - allennlp.common.from_params - instantiating class <class 'allennlp.data.iterators.basic_iterator.BasicIterator'> from params {'batch_size': 32} and extras {}
2019-02-10 04:53:56,139 - INFO - allennlp.common.params - iterator.batch_size = 32
2019-02-10 04:53:56,139 - INFO - allennlp.common.params - iterator.instances_per_epoch = None
2019-02-10 04:53:56,139 - INFO - allennlp.common.params - iterator.max_instances_in_memory = None
2019-02-10 04:53:56,139 - INFO - allennlp.common.params - iterator.cache_instances = False
2019-02-10 04:53:56,139 - INFO - allennlp.common.params - iterator.track_epoch = False
2019-02-10 04:53:56,139 - INFO - allennlp.common.params - iterator.maximum_samples_per_batch = None
2019-02-10 04:53:56,139 - INFO - allennlp.common.params - validation_iterator = None
2019-02-10 04:53:56,139 - INFO - allennlp.common.params - trainer.no_grad = ()
2019-02-10 04:53:56,139 - INFO - allennlp.commands.train - Following parameters are Frozen  (without gradient):
2019-02-10 04:53:56,139 - INFO - allennlp.commands.train - text_field_embedder.token_embedder_tokens.weight
2019-02-10 04:53:56,139 - INFO - allennlp.commands.train - Following parameters are Tunable (with gradient):
2019-02-10 04:53:56,139 - INFO - allennlp.commands.train - text_field_embedder.token_embedder_dependency_label.weight
2019-02-10 04:53:56,140 - INFO - allennlp.commands.train - text_field_embedder.token_embedder_ner_tag.weight
2019-02-10 04:53:56,140 - INFO - allennlp.commands.train - text_field_embedder.token_embedder_pos_tag.weight
2019-02-10 04:53:56,140 - INFO - allennlp.commands.train - encoder._module.weight_ih_l0
2019-02-10 04:53:56,140 - INFO - allennlp.commands.train - encoder._module.weight_hh_l0
2019-02-10 04:53:56,140 - INFO - allennlp.commands.train - encoder._module.bias_ih_l0
2019-02-10 04:53:56,140 - INFO - allennlp.commands.train - encoder._module.bias_hh_l0
2019-02-10 04:53:56,140 - INFO - allennlp.commands.train - encoder._module.weight_ih_l0_reverse
2019-02-10 04:53:56,140 - INFO - allennlp.commands.train - encoder._module.weight_hh_l0_reverse
2019-02-10 04:53:56,140 - INFO - allennlp.commands.train - encoder._module.bias_ih_l0_reverse
2019-02-10 04:53:56,140 - INFO - allennlp.commands.train - encoder._module.bias_hh_l0_reverse
2019-02-10 04:53:56,140 - INFO - allennlp.commands.train - encoder._module.weight_ih_l1
2019-02-10 04:53:56,140 - INFO - allennlp.commands.train - encoder._module.weight_hh_l1
2019-02-10 04:53:56,140 - INFO - allennlp.commands.train - encoder._module.bias_ih_l1
2019-02-10 04:53:56,140 - INFO - allennlp.commands.train - encoder._module.bias_hh_l1
2019-02-10 04:53:56,140 - INFO - allennlp.commands.train - encoder._module.weight_ih_l1_reverse
2019-02-10 04:53:56,140 - INFO - allennlp.commands.train - encoder._module.weight_hh_l1_reverse
2019-02-10 04:53:56,140 - INFO - allennlp.commands.train - encoder._module.bias_ih_l1_reverse
2019-02-10 04:53:56,140 - INFO - allennlp.commands.train - encoder._module.bias_hh_l1_reverse
2019-02-10 04:53:56,141 - INFO - allennlp.commands.train - tag_projection_layer._module.weight
2019-02-10 04:53:56,141 - INFO - allennlp.commands.train - tag_projection_layer._module.bias
2019-02-10 04:53:56,141 - INFO - allennlp.common.params - trainer.type = default
2019-02-10 04:53:56,141 - INFO - allennlp.common.params - trainer.patience = 5
2019-02-10 04:53:56,141 - INFO - allennlp.common.params - trainer.validation_metric = -loss
2019-02-10 04:53:56,141 - INFO - allennlp.common.params - trainer.shuffle = True
2019-02-10 04:53:56,141 - INFO - allennlp.common.params - trainer.num_epochs = 40
2019-02-10 04:53:56,141 - INFO - allennlp.common.params - trainer.cuda_device = -1
2019-02-10 04:53:56,141 - INFO - allennlp.common.params - trainer.grad_norm = None
2019-02-10 04:53:56,141 - INFO - allennlp.common.params - trainer.grad_clipping = None
2019-02-10 04:53:56,141 - INFO - allennlp.common.params - trainer.learning_rate_scheduler = None
2019-02-10 04:53:56,141 - INFO - allennlp.common.params - trainer.optimizer = adam
2019-02-10 04:53:56,141 - INFO - allennlp.common.params - parameter_groups = None
2019-02-10 04:53:56,141 - INFO - allennlp.training.optimizers - Number of trainable parameters: 210826
2019-02-10 04:53:56,142 - INFO - allennlp.common.params - Converting Params object to dict; logging of default values will not occur when dictionary parameters are used subsequently.
2019-02-10 04:53:56,142 - INFO - allennlp.common.params - CURRENTLY DEFINED PARAMETERS: 
2019-02-10 04:53:56,142 - INFO - allennlp.common.params - trainer.num_serialized_models_to_keep = 20
2019-02-10 04:53:56,142 - INFO - allennlp.common.params - trainer.keep_serialized_model_every_num_seconds = None
2019-02-10 04:53:56,142 - INFO - allennlp.common.params - trainer.model_save_interval = None
2019-02-10 04:53:56,142 - INFO - allennlp.common.params - trainer.summary_interval = 100
2019-02-10 04:53:56,142 - INFO - allennlp.common.params - trainer.histogram_interval = None
2019-02-10 04:53:56,142 - INFO - allennlp.common.params - trainer.should_log_parameter_statistics = True
2019-02-10 04:53:56,143 - INFO - allennlp.common.params - trainer.should_log_learning_rate = False
2019-02-10 04:53:56,143 - INFO - allennlp.common.params - trainer.log_batch_size_period = None
2019-02-10 04:53:56,144 - INFO - allennlp.common.params - evaluate_on_test = False
2019-02-10 04:53:56,144 - INFO - allennlp.training.trainer - Beginning training.
2019-02-10 04:53:56,144 - INFO - allennlp.training.trainer - Epoch 0/39
2019-02-10 04:53:56,144 - INFO - allennlp.training.trainer - Peak CPU memory usage MB: 1001.352
2019-02-10 04:53:56,176 - INFO - allennlp.training.trainer - Training
2019-02-10 04:54:44,051 - INFO - allennlp.training.trainer - Validating
2019-02-10 04:54:48,287 - INFO - allennlp.training.trainer -                   Training |  Validation
2019-02-10 04:54:48,288 - INFO - allennlp.training.trainer - accuracy      |     0.723  |     0.730
2019-02-10 04:54:48,288 - INFO - allennlp.training.trainer - cpu_memory_MB |  1001.352  |       N/A
2019-02-10 04:54:48,288 - INFO - allennlp.training.trainer - accuracy3     |     1.000  |     1.000
2019-02-10 04:54:48,288 - INFO - allennlp.training.trainer - loss          |     0.479  |     0.499
2019-02-10 04:54:48,294 - INFO - allennlp.training.trainer - Best validation performance so far. Copying weights to './model_params/best.th'.
2019-02-10 04:54:48,299 - INFO - allennlp.training.trainer - Epoch duration: 00:00:52
2019-02-10 04:54:48,299 - INFO - allennlp.training.trainer - Estimated training time remaining: 0:33:54
2019-02-10 04:54:48,299 - INFO - allennlp.training.trainer - Epoch 1/39
2019-02-10 04:54:48,299 - INFO - allennlp.training.trainer - Peak CPU memory usage MB: 1001.352
2019-02-10 04:54:48,339 - INFO - allennlp.training.trainer - Training
2019-02-10 04:55:38,149 - INFO - allennlp.training.trainer - Validating
2019-02-10 04:55:41,812 - INFO - allennlp.training.trainer -                   Training |  Validation
2019-02-10 04:55:41,812 - INFO - allennlp.training.trainer - accuracy      |     0.812  |     0.726
2019-02-10 04:55:41,813 - INFO - allennlp.training.trainer - cpu_memory_MB |  1001.352  |       N/A
2019-02-10 04:55:41,813 - INFO - allennlp.training.trainer - accuracy3     |     1.000  |     1.000
2019-02-10 04:55:41,813 - INFO - allennlp.training.trainer - loss          |     0.392  |     0.496
2019-02-10 04:55:41,818 - INFO - allennlp.training.trainer - Best validation performance so far. Copying weights to './model_params/best.th'.
2019-02-10 04:55:41,825 - INFO - allennlp.training.trainer - Epoch duration: 00:00:53
2019-02-10 04:55:41,825 - INFO - allennlp.training.trainer - Estimated training time remaining: 0:33:27
2019-02-10 04:55:41,825 - INFO - allennlp.training.trainer - Epoch 2/39
2019-02-10 04:55:41,825 - INFO - allennlp.training.trainer - Peak CPU memory usage MB: 1001.352
2019-02-10 04:55:41,867 - INFO - allennlp.training.trainer - Training
2019-02-10 04:56:31,732 - INFO - allennlp.training.trainer - Validating
2019-02-10 04:56:36,009 - INFO - allennlp.training.trainer -                   Training |  Validation
2019-02-10 04:56:36,009 - INFO - allennlp.training.trainer - accuracy      |     0.821  |     0.729
2019-02-10 04:56:36,010 - INFO - allennlp.training.trainer - cpu_memory_MB |  1001.352  |       N/A
2019-02-10 04:56:36,010 - INFO - allennlp.training.trainer - accuracy3     |     1.000  |     1.000
2019-02-10 04:56:36,010 - INFO - allennlp.training.trainer - loss          |     0.378  |     0.488
2019-02-10 04:56:36,017 - INFO - allennlp.training.trainer - Best validation performance so far. Copying weights to './model_params/best.th'.
2019-02-10 04:56:36,025 - INFO - allennlp.training.trainer - Epoch duration: 00:00:54
2019-02-10 04:56:36,025 - INFO - allennlp.training.trainer - Estimated training time remaining: 0:32:51
2019-02-10 04:56:36,025 - INFO - allennlp.training.trainer - Epoch 3/39
2019-02-10 04:56:36,025 - INFO - allennlp.training.trainer - Peak CPU memory usage MB: 1001.352
2019-02-10 04:56:36,069 - INFO - allennlp.training.trainer - Training
2019-02-10 04:57:30,576 - INFO - allennlp.training.trainer - Validating
2019-02-10 04:57:34,734 - INFO - allennlp.training.trainer -                   Training |  Validation
2019-02-10 04:57:34,735 - INFO - allennlp.training.trainer - accuracy      |     0.828  |     0.741
2019-02-10 04:57:34,735 - INFO - allennlp.training.trainer - cpu_memory_MB |  1001.352  |       N/A
2019-02-10 04:57:34,735 - INFO - allennlp.training.trainer - accuracy3     |     1.000  |     1.000
2019-02-10 04:57:34,735 - INFO - allennlp.training.trainer - loss          |     0.367  |     0.476
2019-02-10 04:57:34,741 - INFO - allennlp.training.trainer - Best validation performance so far. Copying weights to './model_params/best.th'.
2019-02-10 04:57:34,748 - INFO - allennlp.training.trainer - Epoch duration: 00:00:58
2019-02-10 04:57:34,748 - INFO - allennlp.training.trainer - Estimated training time remaining: 0:32:47
2019-02-10 04:57:34,748 - INFO - allennlp.training.trainer - Epoch 4/39
2019-02-10 04:57:34,748 - INFO - allennlp.training.trainer - Peak CPU memory usage MB: 1001.352
2019-02-10 04:57:34,789 - INFO - allennlp.training.trainer - Training
2019-02-10 04:58:28,699 - INFO - allennlp.training.trainer - Validating
2019-02-10 04:58:33,885 - INFO - allennlp.training.trainer -                   Training |  Validation
2019-02-10 04:58:33,885 - INFO - allennlp.training.trainer - accuracy      |     0.834  |     0.715
2019-02-10 04:58:33,886 - INFO - allennlp.training.trainer - cpu_memory_MB |  1001.352  |       N/A
2019-02-10 04:58:33,886 - INFO - allennlp.training.trainer - accuracy3     |     1.000  |     1.000
2019-02-10 04:58:33,886 - INFO - allennlp.training.trainer - loss          |     0.354  |     0.505
2019-02-10 04:58:33,896 - INFO - allennlp.training.trainer - Epoch duration: 00:00:59
2019-02-10 04:58:33,896 - INFO - allennlp.training.trainer - Estimated training time remaining: 0:32:24
2019-02-10 04:58:33,896 - INFO - allennlp.training.trainer - Epoch 5/39
2019-02-10 04:58:33,896 - INFO - allennlp.training.trainer - Peak CPU memory usage MB: 1001.352
2019-02-10 04:58:33,944 - INFO - allennlp.training.trainer - Training
2019-02-10 04:59:26,536 - INFO - allennlp.training.trainer - Validating
2019-02-10 04:59:31,005 - INFO - allennlp.training.trainer -                   Training |  Validation
2019-02-10 04:59:31,005 - INFO - allennlp.training.trainer - accuracy      |     0.837  |     0.742
2019-02-10 04:59:31,005 - INFO - allennlp.training.trainer - cpu_memory_MB |  1001.352  |       N/A
2019-02-10 04:59:31,005 - INFO - allennlp.training.trainer - accuracy3     |     1.000  |     1.000
2019-02-10 04:59:31,006 - INFO - allennlp.training.trainer - loss          |     0.348  |     0.501
2019-02-10 04:59:31,015 - INFO - allennlp.training.trainer - Epoch duration: 00:00:57
2019-02-10 04:59:31,015 - INFO - allennlp.training.trainer - Estimated training time remaining: 0:31:37
2019-02-10 04:59:31,015 - INFO - allennlp.training.trainer - Epoch 6/39
2019-02-10 04:59:31,015 - INFO - allennlp.training.trainer - Peak CPU memory usage MB: 1001.352
2019-02-10 04:59:31,055 - INFO - allennlp.training.trainer - Training
2019-02-10 05:01:10,544 - INFO - allennlp.training.trainer - Validating
2019-02-10 05:01:17,947 - INFO - allennlp.training.trainer -                   Training |  Validation
2019-02-10 05:01:17,950 - INFO - allennlp.training.trainer - accuracy      |     0.837  |     0.749
2019-02-10 05:01:17,950 - INFO - allennlp.training.trainer - cpu_memory_MB |  1001.352  |       N/A
2019-02-10 05:01:17,950 - INFO - allennlp.training.trainer - accuracy3     |     1.000  |     1.000
2019-02-10 05:01:17,950 - INFO - allennlp.training.trainer - loss          |     0.340  |     0.490
2019-02-10 05:01:17,960 - INFO - allennlp.training.trainer - Epoch duration: 00:01:46
2019-02-10 05:01:17,960 - INFO - allennlp.training.trainer - Estimated training time remaining: 0:34:42
2019-02-10 05:01:17,960 - INFO - allennlp.training.trainer - Epoch 7/39
2019-02-10 05:01:17,960 - INFO - allennlp.training.trainer - Peak CPU memory usage MB: 1001.352
2019-02-10 05:01:18,024 - INFO - allennlp.training.trainer - Training
2019-02-10 05:03:35,021 - INFO - allennlp.training.trainer - Validating
2019-02-10 05:03:42,928 - INFO - allennlp.training.trainer -                   Training |  Validation
2019-02-10 05:03:42,929 - INFO - allennlp.training.trainer - accuracy      |     0.847  |     0.732
2019-02-10 05:03:42,929 - INFO - allennlp.training.trainer - cpu_memory_MB |  1001.352  |       N/A
2019-02-10 05:03:42,930 - INFO - allennlp.training.trainer - accuracy3     |     1.000  |     1.000
2019-02-10 05:03:42,930 - INFO - allennlp.training.trainer - loss          |     0.330  |     0.530
2019-02-10 05:03:42,939 - INFO - allennlp.training.trainer - Epoch duration: 00:02:24
2019-02-10 05:03:42,939 - INFO - allennlp.training.trainer - Estimated training time remaining: 0:39:07
2019-02-10 05:03:42,939 - INFO - allennlp.training.trainer - Epoch 8/39
2019-02-10 05:03:42,939 - INFO - allennlp.training.trainer - Peak CPU memory usage MB: 1001.352
2019-02-10 05:03:42,995 - INFO - allennlp.training.trainer - Training
2019-02-10 05:05:58,081 - INFO - allennlp.training.trainer - Validating
2019-02-10 05:06:06,898 - INFO - allennlp.training.trainer - Ran out of patience.  Stopping training.
2019-02-10 05:06:06,898 - INFO - allennlp.models.archival - archiving weights and vocabulary to ./model_params/model.tar.gz
2019-02-10 05:06:07,295 - INFO - allennlp.commands.train - Loading the best epoch weights.
2019-02-10 05:06:07,302 - INFO - allennlp.common.util - Metrics: {
  "peak_cpu_memory_MB": 1001.352,
  "training_duration": "00:09:46",
  "training_start_epoch": 0,
  "training_epochs": 7,
  "epoch": 7,
  "training_accuracy": 0.8472189176328084,
  "training_accuracy3": 1.0,
  "training_loss": 0.3302977681159973,
  "training_cpu_memory_MB": 1001.352,
  "validation_accuracy": 0.7318355470500771,
  "validation_accuracy3": 1.0,
  "validation_loss": 0.5297166191193522,
  "best_epoch": 3,
  "best_validation_accuracy": 0.7409678696859534,
  "best_validation_accuracy3": 1.0,
  "best_validation_loss": 0.4761367352033148
}
Token batch process time:
23.25896167755127
Token batch process time:
11.376903057098389
