0it [00:00, ?it/s]
1it [01:52, 112.46s/it]
607it [01:52, 78.72s/it]
1318it [01:52, 55.11s/it]
2251it [01:52, 38.57s/it]
3240it [01:52, 27.00s/it]
3900it [01:52, 18.90s/it]
4760it [01:53, 13.23s/it]
5863it [01:53, 51.81it/s]

0it [00:00, ?it/s]
1it [00:58, 58.59s/it]
538it [00:58, 41.01s/it]
1209it [00:58, 28.71s/it]
2048it [00:59, 20.10s/it]
2914it [00:59, 14.07s/it]
3112it [00:59, 52.51it/s]

0it [00:00, ?it/s]
2400it [00:00, 23995.50it/s]
3982it [00:00, 20773.66it/s]
6275it [00:00, 21376.49it/s]
8695it [00:00, 22148.62it/s]
8975it [00:00, 21440.19it/s]

  0%|          | 0/184 [00:00<?, ?it/s]
accuracy: 0.5345, accuracy3: 1.0000, loss: 0.7119 ||:   2%|1         | 3/184 [00:00<00:06, 26.11it/s]
accuracy: 0.5396, accuracy3: 1.0000, loss: 0.7021 ||:   4%|4         | 8/184 [00:00<00:05, 29.53it/s]
accuracy: 0.5706, accuracy3: 1.0000, loss: 0.7002 ||:   7%|7         | 13/184 [00:00<00:05, 33.21it/s]
accuracy: 0.6001, accuracy3: 1.0000, loss: 0.6958 ||:  11%|#         | 20/184 [00:00<00:04, 38.91it/s]
accuracy: 0.6119, accuracy3: 1.0000, loss: 0.6918 ||:  14%|#3        | 25/184 [00:00<00:04, 38.21it/s]
accuracy: 0.6222, accuracy3: 1.0000, loss: 0.6879 ||:  16%|#6        | 30/184 [00:00<00:03, 39.75it/s]
accuracy: 0.6417, accuracy3: 1.0000, loss: 0.6819 ||:  20%|##        | 37/184 [00:00<00:03, 44.74it/s]
accuracy: 0.6620, accuracy3: 1.0000, loss: 0.6772 ||:  24%|##3       | 44/184 [00:00<00:02, 49.08it/s]
accuracy: 0.6771, accuracy3: 1.0000, loss: 0.6721 ||:  28%|##8       | 52/184 [00:01<00:02, 52.97it/s]
accuracy: 0.6854, accuracy3: 1.0000, loss: 0.6681 ||:  32%|###1      | 58/184 [00:01<00:02, 50.66it/s]
accuracy: 0.6955, accuracy3: 1.0000, loss: 0.6623 ||:  35%|###5      | 65/184 [00:01<00:02, 53.37it/s]
accuracy: 0.7015, accuracy3: 1.0000, loss: 0.6578 ||:  39%|###8      | 71/184 [00:01<00:02, 52.37it/s]
accuracy: 0.7057, accuracy3: 1.0000, loss: 0.6538 ||:  42%|####1     | 77/184 [00:01<00:02, 47.16it/s]
accuracy: 0.7046, accuracy3: 1.0000, loss: 0.6509 ||:  45%|####4     | 82/184 [00:01<00:02, 45.84it/s]
accuracy: 0.7046, accuracy3: 1.0000, loss: 0.6477 ||:  47%|####7     | 87/184 [00:01<00:02, 42.56it/s]
accuracy: 0.7051, accuracy3: 1.0000, loss: 0.6448 ||:  50%|#####     | 92/184 [00:01<00:02, 44.37it/s]
accuracy: 0.7045, accuracy3: 1.0000, loss: 0.6404 ||:  54%|#####3    | 99/184 [00:02<00:01, 49.37it/s]
accuracy: 0.7045, accuracy3: 1.0000, loss: 0.6368 ||:  57%|#####7    | 105/184 [00:02<00:01, 42.82it/s]
accuracy: 0.7043, accuracy3: 1.0000, loss: 0.6341 ||:  60%|#####9    | 110/184 [00:02<00:01, 42.88it/s]
accuracy: 0.7039, accuracy3: 1.0000, loss: 0.6312 ||:  62%|######2   | 115/184 [00:02<00:01, 41.70it/s]
accuracy: 0.7097, accuracy3: 1.0000, loss: 0.6280 ||:  65%|######5   | 120/184 [00:02<00:01, 40.70it/s]
accuracy: 0.7157, accuracy3: 1.0000, loss: 0.6249 ||:  68%|######7   | 125/184 [00:02<00:01, 39.50it/s]
accuracy: 0.7209, accuracy3: 1.0000, loss: 0.6219 ||:  71%|#######   | 130/184 [00:02<00:01, 40.55it/s]
accuracy: 0.7258, accuracy3: 1.0000, loss: 0.6189 ||:  73%|#######3  | 135/184 [00:02<00:01, 40.12it/s]
accuracy: 0.7304, accuracy3: 1.0000, loss: 0.6160 ||:  76%|#######6  | 140/184 [00:03<00:01, 39.58it/s]
accuracy: 0.7340, accuracy3: 1.0000, loss: 0.6134 ||:  78%|#######8  | 144/184 [00:03<00:01, 38.65it/s]
accuracy: 0.7374, accuracy3: 1.0000, loss: 0.6115 ||:  80%|########  | 148/184 [00:03<00:00, 36.85it/s]
accuracy: 0.7414, accuracy3: 1.0000, loss: 0.6092 ||:  83%|########3 | 153/184 [00:03<00:00, 38.14it/s]
accuracy: 0.7451, accuracy3: 1.0000, loss: 0.6063 ||:  86%|########5 | 158/184 [00:03<00:00, 38.57it/s]
accuracy: 0.7488, accuracy3: 1.0000, loss: 0.6034 ||:  89%|########8 | 163/184 [00:03<00:00, 40.43it/s]
accuracy: 0.7525, accuracy3: 1.0000, loss: 0.6004 ||:  92%|#########1| 169/184 [00:03<00:00, 44.81it/s]
accuracy: 0.7560, accuracy3: 1.0000, loss: 0.5971 ||:  95%|#########5| 175/184 [00:03<00:00, 46.80it/s]
accuracy: 0.7586, accuracy3: 1.0000, loss: 0.5946 ||:  98%|#########7| 180/184 [00:03<00:00, 46.77it/s]
accuracy: 0.7602, accuracy3: 1.0000, loss: 0.5923 ||: 100%|##########| 184/184 [00:04<00:00, 45.51it/s]

  0%|          | 0/98 [00:00<?, ?it/s]
accuracy: 0.8517, accuracy3: 1.0000, loss: 0.5463 ||:   9%|9         | 9/98 [00:00<00:01, 86.90it/s]
accuracy: 0.8472, accuracy3: 1.0000, loss: 0.5578 ||:  14%|#4        | 14/98 [00:00<00:01, 67.40it/s]
accuracy: 0.8374, accuracy3: 1.0000, loss: 0.5599 ||:  19%|#9        | 19/98 [00:00<00:01, 59.24it/s]
accuracy: 0.8358, accuracy3: 1.0000, loss: 0.5439 ||:  27%|##6       | 26/98 [00:00<00:01, 60.26it/s]
accuracy: 0.8409, accuracy3: 1.0000, loss: 0.5403 ||:  34%|###3      | 33/98 [00:00<00:01, 61.90it/s]
accuracy: 0.8509, accuracy3: 1.0000, loss: 0.5568 ||:  43%|####2     | 42/98 [00:00<00:00, 67.14it/s]
accuracy: 0.8515, accuracy3: 1.0000, loss: 0.5523 ||:  50%|#####     | 49/98 [00:00<00:00, 65.44it/s]
accuracy: 0.8556, accuracy3: 1.0000, loss: 0.5451 ||:  57%|#####7    | 56/98 [00:00<00:00, 57.00it/s]
accuracy: 0.8588, accuracy3: 1.0000, loss: 0.5463 ||:  63%|######3   | 62/98 [00:01<00:00, 53.08it/s]
accuracy: 0.8611, accuracy3: 1.0000, loss: 0.5460 ||:  69%|######9   | 68/98 [00:01<00:00, 49.95it/s]
accuracy: 0.8582, accuracy3: 1.0000, loss: 0.5438 ||:  76%|#######5  | 74/98 [00:01<00:00, 46.33it/s]
accuracy: 0.8579, accuracy3: 1.0000, loss: 0.5454 ||:  81%|########  | 79/98 [00:01<00:00, 46.33it/s]
accuracy: 0.8620, accuracy3: 1.0000, loss: 0.5502 ||:  90%|########9 | 88/98 [00:01<00:00, 53.63it/s]
accuracy: 0.8649, accuracy3: 1.0000, loss: 0.5527 ||:  96%|#########5| 94/98 [00:01<00:00, 54.55it/s]
accuracy: 0.8656, accuracy3: 1.0000, loss: 0.5509 ||: 100%|##########| 98/98 [00:01<00:00, 56.25it/s]

  0%|          | 0/184 [00:00<?, ?it/s]
accuracy: 0.8624, accuracy3: 1.0000, loss: 0.4784 ||:   2%|2         | 4/184 [00:00<00:04, 38.62it/s]
accuracy: 0.8631, accuracy3: 1.0000, loss: 0.4767 ||:   5%|4         | 9/184 [00:00<00:04, 40.44it/s]
accuracy: 0.8637, accuracy3: 1.0000, loss: 0.4869 ||:   9%|8         | 16/184 [00:00<00:03, 46.21it/s]
accuracy: 0.8617, accuracy3: 1.0000, loss: 0.4868 ||:  11%|#1        | 21/184 [00:00<00:03, 45.50it/s]
accuracy: 0.8604, accuracy3: 1.0000, loss: 0.4913 ||:  16%|#5        | 29/184 [00:00<00:03, 51.28it/s]
accuracy: 0.8594, accuracy3: 1.0000, loss: 0.4885 ||:  18%|#8        | 34/184 [00:00<00:02, 50.77it/s]
accuracy: 0.8572, accuracy3: 1.0000, loss: 0.4887 ||:  21%|##1       | 39/184 [00:00<00:03, 47.92it/s]
accuracy: 0.8577, accuracy3: 1.0000, loss: 0.4865 ||:  24%|##3       | 44/184 [00:00<00:03, 44.30it/s]
accuracy: 0.8578, accuracy3: 1.0000, loss: 0.4843 ||:  27%|##6       | 49/184 [00:01<00:03, 44.03it/s]
accuracy: 0.8572, accuracy3: 1.0000, loss: 0.4821 ||:  30%|##9       | 55/184 [00:01<00:02, 46.21it/s]
accuracy: 0.8581, accuracy3: 1.0000, loss: 0.4795 ||:  33%|###3      | 61/184 [00:01<00:02, 47.67it/s]
accuracy: 0.8593, accuracy3: 1.0000, loss: 0.4777 ||:  36%|###5      | 66/184 [00:01<00:02, 47.50it/s]
accuracy: 0.8601, accuracy3: 1.0000, loss: 0.4757 ||:  40%|###9      | 73/184 [00:01<00:02, 51.37it/s]
accuracy: 0.8596, accuracy3: 1.0000, loss: 0.4739 ||:  43%|####2     | 79/184 [00:01<00:02, 48.94it/s]
accuracy: 0.8599, accuracy3: 1.0000, loss: 0.4720 ||:  46%|####6     | 85/184 [00:01<00:01, 51.58it/s]
accuracy: 0.8601, accuracy3: 1.0000, loss: 0.4718 ||:  51%|#####     | 93/184 [00:01<00:01, 55.68it/s]
accuracy: 0.8596, accuracy3: 1.0000, loss: 0.4717 ||:  54%|#####3    | 99/184 [00:01<00:01, 53.67it/s]
accuracy: 0.8588, accuracy3: 1.0000, loss: 0.4718 ||:  59%|#####8    | 108/184 [00:02<00:01, 58.81it/s]
accuracy: 0.8583, accuracy3: 1.0000, loss: 0.4713 ||:  62%|######2   | 115/184 [00:02<00:01, 55.78it/s]
accuracy: 0.8589, accuracy3: 1.0000, loss: 0.4689 ||:  67%|######6   | 123/184 [00:02<00:01, 58.69it/s]
accuracy: 0.8591, accuracy3: 1.0000, loss: 0.4666 ||:  71%|#######   | 130/184 [00:02<00:01, 52.62it/s]
accuracy: 0.8590, accuracy3: 1.0000, loss: 0.4658 ||:  74%|#######3  | 136/184 [00:02<00:01, 47.64it/s]
accuracy: 0.8590, accuracy3: 1.0000, loss: 0.4652 ||:  77%|#######7  | 142/184 [00:02<00:00, 47.10it/s]
accuracy: 0.8593, accuracy3: 1.0000, loss: 0.4652 ||:  81%|########  | 149/184 [00:02<00:00, 52.05it/s]
accuracy: 0.8592, accuracy3: 1.0000, loss: 0.4644 ||:  85%|########5 | 157/184 [00:02<00:00, 57.62it/s]
accuracy: 0.8588, accuracy3: 1.0000, loss: 0.4639 ||:  90%|########9 | 165/184 [00:03<00:00, 61.43it/s]
accuracy: 0.8592, accuracy3: 1.0000, loss: 0.4631 ||:  93%|#########3| 172/184 [00:03<00:00, 56.51it/s]
accuracy: 0.8589, accuracy3: 1.0000, loss: 0.4617 ||:  97%|#########6| 178/184 [00:03<00:00, 53.64it/s]
accuracy: 0.8592, accuracy3: 1.0000, loss: 0.4611 ||: 100%|##########| 184/184 [00:03<00:00, 52.34it/s]

  0%|          | 0/98 [00:00<?, ?it/s]
accuracy: 0.8395, accuracy3: 1.0000, loss: 0.4486 ||:   6%|6         | 6/98 [00:00<00:01, 52.42it/s]
accuracy: 0.8503, accuracy3: 1.0000, loss: 0.5124 ||:  13%|#3        | 13/98 [00:00<00:01, 56.21it/s]
accuracy: 0.8377, accuracy3: 1.0000, loss: 0.5241 ||:  20%|##        | 20/98 [00:00<00:01, 56.75it/s]
accuracy: 0.8358, accuracy3: 1.0000, loss: 0.5087 ||:  27%|##6       | 26/98 [00:00<00:01, 57.56it/s]
accuracy: 0.8409, accuracy3: 1.0000, loss: 0.5026 ||:  34%|###3      | 33/98 [00:00<00:01, 59.86it/s]
accuracy: 0.8486, accuracy3: 1.0000, loss: 0.5156 ||:  40%|###9      | 39/98 [00:00<00:00, 59.57it/s]
accuracy: 0.8514, accuracy3: 1.0000, loss: 0.5294 ||:  46%|####5     | 45/98 [00:00<00:00, 59.54it/s]
accuracy: 0.8528, accuracy3: 1.0000, loss: 0.5176 ||:  52%|#####2    | 51/98 [00:00<00:00, 58.55it/s]
accuracy: 0.8562, accuracy3: 1.0000, loss: 0.5105 ||:  59%|#####9    | 58/98 [00:00<00:00, 59.19it/s]
accuracy: 0.8611, accuracy3: 1.0000, loss: 0.5142 ||:  69%|######9   | 68/98 [00:01<00:00, 67.10it/s]
accuracy: 0.8578, accuracy3: 1.0000, loss: 0.5097 ||:  80%|#######9  | 78/98 [00:01<00:00, 73.97it/s]
accuracy: 0.8620, accuracy3: 1.0000, loss: 0.5160 ||:  88%|########7 | 86/98 [00:01<00:00, 72.51it/s]
accuracy: 0.8649, accuracy3: 1.0000, loss: 0.5258 ||:  96%|#########5| 94/98 [00:01<00:00, 72.42it/s]
accuracy: 0.8656, accuracy3: 1.0000, loss: 0.5225 ||: 100%|##########| 98/98 [00:01<00:00, 68.36it/s]

  0%|          | 0/184 [00:00<?, ?it/s]
accuracy: 0.8637, accuracy3: 1.0000, loss: 0.4197 ||:   3%|2         | 5/184 [00:00<00:04, 38.54it/s]
accuracy: 0.8660, accuracy3: 1.0000, loss: 0.4381 ||:   5%|5         | 10/184 [00:00<00:04, 40.08it/s]
accuracy: 0.8656, accuracy3: 1.0000, loss: 0.4440 ||:   9%|8         | 16/184 [00:00<00:03, 44.13it/s]
accuracy: 0.8618, accuracy3: 1.0000, loss: 0.4432 ||:  11%|#1        | 21/184 [00:00<00:03, 44.84it/s]
accuracy: 0.8618, accuracy3: 1.0000, loss: 0.4409 ||:  14%|#3        | 25/184 [00:00<00:03, 42.65it/s]
accuracy: 0.8593, accuracy3: 1.0000, loss: 0.4415 ||:  16%|#6        | 30/184 [00:00<00:03, 43.62it/s]
accuracy: 0.8596, accuracy3: 1.0000, loss: 0.4375 ||:  19%|#9        | 35/184 [00:00<00:03, 42.89it/s]
accuracy: 0.8586, accuracy3: 1.0000, loss: 0.4395 ||:  22%|##1       | 40/184 [00:00<00:03, 42.25it/s]
accuracy: 0.8585, accuracy3: 1.0000, loss: 0.4385 ||:  24%|##4       | 45/184 [00:01<00:03, 43.59it/s]
accuracy: 0.8577, accuracy3: 1.0000, loss: 0.4395 ||:  29%|##8       | 53/184 [00:01<00:02, 49.63it/s]
accuracy: 0.8579, accuracy3: 1.0000, loss: 0.4381 ||:  33%|###2      | 60/184 [00:01<00:02, 53.16it/s]
accuracy: 0.8578, accuracy3: 1.0000, loss: 0.4389 ||:  37%|###6      | 68/184 [00:01<00:01, 59.04it/s]
accuracy: 0.8577, accuracy3: 1.0000, loss: 0.4386 ||:  41%|####1     | 76/184 [00:01<00:01, 63.47it/s]
accuracy: 0.8579, accuracy3: 1.0000, loss: 0.4375 ||:  45%|####5     | 83/184 [00:01<00:01, 52.59it/s]
accuracy: 0.8590, accuracy3: 1.0000, loss: 0.4371 ||:  49%|####8     | 90/184 [00:01<00:01, 55.14it/s]
accuracy: 0.8591, accuracy3: 1.0000, loss: 0.4381 ||:  52%|#####2    | 96/184 [00:01<00:01, 53.00it/s]
accuracy: 0.8594, accuracy3: 1.0000, loss: 0.4380 ||:  55%|#####5    | 102/184 [00:01<00:01, 54.64it/s]
accuracy: 0.8596, accuracy3: 1.0000, loss: 0.4375 ||:  60%|#####9    | 110/184 [00:02<00:01, 58.02it/s]
accuracy: 0.8587, accuracy3: 1.0000, loss: 0.4386 ||:  64%|######3   | 117/184 [00:02<00:01, 53.57it/s]
accuracy: 0.8587, accuracy3: 1.0000, loss: 0.4388 ||:  67%|######6   | 123/184 [00:02<00:01, 53.86it/s]
accuracy: 0.8591, accuracy3: 1.0000, loss: 0.4396 ||:  72%|#######1  | 132/184 [00:02<00:00, 59.14it/s]
accuracy: 0.8593, accuracy3: 1.0000, loss: 0.4387 ||:  76%|#######5  | 139/184 [00:02<00:00, 51.56it/s]
accuracy: 0.8592, accuracy3: 1.0000, loss: 0.4388 ||:  79%|#######8  | 145/184 [00:02<00:00, 47.35it/s]
accuracy: 0.8591, accuracy3: 1.0000, loss: 0.4394 ||:  82%|########2 | 151/184 [00:02<00:00, 48.23it/s]
accuracy: 0.8591, accuracy3: 1.0000, loss: 0.4391 ||:  85%|########5 | 157/184 [00:03<00:00, 49.16it/s]
accuracy: 0.8592, accuracy3: 1.0000, loss: 0.4384 ||:  89%|########9 | 164/184 [00:03<00:00, 52.57it/s]
accuracy: 0.8591, accuracy3: 1.0000, loss: 0.4393 ||:  94%|#########4| 173/184 [00:03<00:00, 58.95it/s]
accuracy: 0.8592, accuracy3: 1.0000, loss: 0.4385 ||:  98%|#########8| 181/184 [00:03<00:00, 63.24it/s]
accuracy: 0.8592, accuracy3: 1.0000, loss: 0.4391 ||: 100%|##########| 184/184 [00:03<00:00, 54.23it/s]

  0%|          | 0/98 [00:00<?, ?it/s]
accuracy: 0.8571, accuracy3: 1.0000, loss: 0.5137 ||:  11%|#1        | 11/98 [00:00<00:00, 103.35it/s]
accuracy: 0.8371, accuracy3: 1.0000, loss: 0.5161 ||:  18%|#8        | 18/98 [00:00<00:00, 90.18it/s] 
accuracy: 0.8363, accuracy3: 1.0000, loss: 0.5045 ||:  24%|##4       | 24/98 [00:00<00:01, 72.38it/s]
accuracy: 0.8334, accuracy3: 1.0000, loss: 0.4964 ||:  31%|###       | 30/98 [00:00<00:01, 65.02it/s]
accuracy: 0.8495, accuracy3: 1.0000, loss: 0.5144 ||:  41%|####      | 40/98 [00:00<00:00, 71.93it/s]
accuracy: 0.8525, accuracy3: 1.0000, loss: 0.5147 ||:  51%|#####1    | 50/98 [00:00<00:00, 78.26it/s]
accuracy: 0.8575, accuracy3: 1.0000, loss: 0.5090 ||:  62%|######2   | 61/98 [00:00<00:00, 84.77it/s]
accuracy: 0.8584, accuracy3: 1.0000, loss: 0.5087 ||:  71%|#######1  | 70/98 [00:00<00:00, 85.88it/s]
accuracy: 0.8592, accuracy3: 1.0000, loss: 0.5127 ||:  83%|########2 | 81/98 [00:00<00:00, 90.86it/s]
accuracy: 0.8629, accuracy3: 1.0000, loss: 0.5222 ||:  93%|#########2| 91/98 [00:01<00:00, 83.32it/s]
accuracy: 0.8656, accuracy3: 1.0000, loss: 0.5195 ||: 100%|##########| 98/98 [00:01<00:00, 81.62it/s]

  0%|          | 0/184 [00:00<?, ?it/s]
accuracy: 0.8425, accuracy3: 1.0000, loss: 0.4283 ||:   3%|2         | 5/184 [00:00<00:04, 43.26it/s]
accuracy: 0.8502, accuracy3: 1.0000, loss: 0.4206 ||:   5%|5         | 10/184 [00:00<00:03, 44.27it/s]
accuracy: 0.8539, accuracy3: 1.0000, loss: 0.4163 ||:   8%|7         | 14/184 [00:00<00:04, 42.34it/s]
accuracy: 0.8553, accuracy3: 1.0000, loss: 0.4223 ||:  12%|#1        | 22/184 [00:00<00:03, 48.42it/s]
accuracy: 0.8552, accuracy3: 1.0000, loss: 0.4258 ||:  17%|#6        | 31/184 [00:00<00:02, 55.12it/s]
accuracy: 0.8580, accuracy3: 1.0000, loss: 0.4302 ||:  21%|##        | 38/184 [00:00<00:02, 58.20it/s]
accuracy: 0.8592, accuracy3: 1.0000, loss: 0.4340 ||:  25%|##5       | 46/184 [00:00<00:02, 62.91it/s]
accuracy: 0.8600, accuracy3: 1.0000, loss: 0.4346 ||:  29%|##8       | 53/184 [00:00<00:02, 62.65it/s]
accuracy: 0.8614, accuracy3: 1.0000, loss: 0.4344 ||:  33%|###2      | 60/184 [00:00<00:01, 63.47it/s]
accuracy: 0.8607, accuracy3: 1.0000, loss: 0.4342 ||:  37%|###6      | 68/184 [00:01<00:01, 65.97it/s]
accuracy: 0.8602, accuracy3: 1.0000, loss: 0.4363 ||:  41%|####      | 75/184 [00:01<00:01, 59.93it/s]
accuracy: 0.8608, accuracy3: 1.0000, loss: 0.4379 ||:  45%|####5     | 83/184 [00:01<00:01, 64.43it/s]
accuracy: 0.8614, accuracy3: 1.0000, loss: 0.4379 ||:  49%|####8     | 90/184 [00:01<00:01, 64.78it/s]
accuracy: 0.8620, accuracy3: 1.0000, loss: 0.4365 ||:  53%|#####2    | 97/184 [00:01<00:01, 56.78it/s]
accuracy: 0.8616, accuracy3: 1.0000, loss: 0.4372 ||:  56%|#####5    | 103/184 [00:01<00:01, 56.38it/s]
accuracy: 0.8617, accuracy3: 1.0000, loss: 0.4363 ||:  59%|#####9    | 109/184 [00:01<00:01, 54.27it/s]
accuracy: 0.8612, accuracy3: 1.0000, loss: 0.4366 ||:  62%|######2   | 115/184 [00:01<00:01, 47.62it/s]
accuracy: 0.8606, accuracy3: 1.0000, loss: 0.4359 ||:  66%|######6   | 122/184 [00:02<00:01, 52.10it/s]
accuracy: 0.8601, accuracy3: 1.0000, loss: 0.4375 ||:  71%|#######   | 130/184 [00:02<00:00, 56.87it/s]
accuracy: 0.8600, accuracy3: 1.0000, loss: 0.4374 ||:  74%|#######4  | 137/184 [00:02<00:00, 52.88it/s]
accuracy: 0.8596, accuracy3: 1.0000, loss: 0.4370 ||:  79%|#######8  | 145/184 [00:02<00:00, 58.72it/s]
accuracy: 0.8597, accuracy3: 1.0000, loss: 0.4367 ||:  83%|########3 | 153/184 [00:02<00:00, 60.11it/s]
accuracy: 0.8597, accuracy3: 1.0000, loss: 0.4360 ||:  87%|########6 | 160/184 [00:02<00:00, 51.90it/s]
accuracy: 0.8597, accuracy3: 1.0000, loss: 0.4349 ||:  91%|######### | 167/184 [00:02<00:00, 55.68it/s]
accuracy: 0.8592, accuracy3: 1.0000, loss: 0.4362 ||:  95%|#########4| 174/184 [00:02<00:00, 58.77it/s]
accuracy: 0.8589, accuracy3: 1.0000, loss: 0.4362 ||:  98%|#########8| 181/184 [00:03<00:00, 51.17it/s]
accuracy: 0.8592, accuracy3: 1.0000, loss: 0.4358 ||: 100%|##########| 184/184 [00:03<00:00, 57.75it/s]

  0%|          | 0/98 [00:00<?, ?it/s]
accuracy: 0.8549, accuracy3: 1.0000, loss: 0.5066 ||:  12%|#2        | 12/98 [00:00<00:00, 115.71it/s]
accuracy: 0.8377, accuracy3: 1.0000, loss: 0.5184 ||:  20%|##        | 20/98 [00:00<00:00, 96.02it/s] 
accuracy: 0.8358, accuracy3: 1.0000, loss: 0.5036 ||:  27%|##6       | 26/98 [00:00<00:00, 78.05it/s]
accuracy: 0.8477, accuracy3: 1.0000, loss: 0.5023 ||:  38%|###7      | 37/98 [00:00<00:00, 84.20it/s]
accuracy: 0.8507, accuracy3: 1.0000, loss: 0.5195 ||:  49%|####8     | 48/98 [00:00<00:00, 88.82it/s]
accuracy: 0.8556, accuracy3: 1.0000, loss: 0.5071 ||:  57%|#####7    | 56/98 [00:00<00:00, 84.10it/s]
accuracy: 0.8611, accuracy3: 1.0000, loss: 0.5128 ||:  65%|######5   | 64/98 [00:00<00:00, 74.19it/s]
accuracy: 0.8589, accuracy3: 1.0000, loss: 0.5088 ||:  73%|#######3  | 72/98 [00:00<00:00, 66.52it/s]
accuracy: 0.8579, accuracy3: 1.0000, loss: 0.5111 ||:  81%|########  | 79/98 [00:01<00:00, 63.28it/s]
accuracy: 0.8629, accuracy3: 1.0000, loss: 0.5220 ||:  93%|#########2| 91/98 [00:01<00:00, 72.58it/s]
accuracy: 0.8656, accuracy3: 1.0000, loss: 0.5192 ||: 100%|##########| 98/98 [00:01<00:00, 78.40it/s]

  0%|          | 0/184 [00:00<?, ?it/s]
accuracy: 0.8521, accuracy3: 1.0000, loss: 0.4558 ||:   2%|2         | 4/184 [00:00<00:05, 34.94it/s]
accuracy: 0.8505, accuracy3: 1.0000, loss: 0.4662 ||:   5%|4         | 9/184 [00:00<00:04, 37.10it/s]
accuracy: 0.8560, accuracy3: 1.0000, loss: 0.4434 ||:   8%|7         | 14/184 [00:00<00:04, 38.27it/s]
accuracy: 0.8575, accuracy3: 1.0000, loss: 0.4408 ||:  10%|#         | 19/184 [00:00<00:04, 39.56it/s]
accuracy: 0.8591, accuracy3: 1.0000, loss: 0.4365 ||:  12%|#2        | 23/184 [00:00<00:04, 38.80it/s]
accuracy: 0.8595, accuracy3: 1.0000, loss: 0.4378 ||:  15%|#5        | 28/184 [00:00<00:03, 40.16it/s]
accuracy: 0.8593, accuracy3: 1.0000, loss: 0.4366 ||:  18%|#8        | 34/184 [00:00<00:03, 43.61it/s]
accuracy: 0.8593, accuracy3: 1.0000, loss: 0.4370 ||:  23%|##2       | 42/184 [00:00<00:02, 50.06it/s]
accuracy: 0.8607, accuracy3: 1.0000, loss: 0.4347 ||:  26%|##6       | 48/184 [00:01<00:02, 47.51it/s]
accuracy: 0.8602, accuracy3: 1.0000, loss: 0.4320 ||:  29%|##8       | 53/184 [00:01<00:02, 46.84it/s]
accuracy: 0.8596, accuracy3: 1.0000, loss: 0.4338 ||:  32%|###1      | 58/184 [00:01<00:02, 46.44it/s]
accuracy: 0.8598, accuracy3: 1.0000, loss: 0.4350 ||:  35%|###4      | 64/184 [00:01<00:02, 47.32it/s]
accuracy: 0.8600, accuracy3: 1.0000, loss: 0.4343 ||:  38%|###7      | 69/184 [00:01<00:02, 47.56it/s]
accuracy: 0.8602, accuracy3: 1.0000, loss: 0.4346 ||:  40%|####      | 74/184 [00:01<00:02, 44.75it/s]
accuracy: 0.8600, accuracy3: 1.0000, loss: 0.4367 ||:  43%|####2     | 79/184 [00:01<00:02, 43.37it/s]
accuracy: 0.8595, accuracy3: 1.0000, loss: 0.4357 ||:  46%|####6     | 85/184 [00:01<00:02, 44.52it/s]
accuracy: 0.8595, accuracy3: 1.0000, loss: 0.4349 ||:  50%|#####     | 92/184 [00:01<00:01, 48.65it/s]
accuracy: 0.8598, accuracy3: 1.0000, loss: 0.4364 ||:  55%|#####4    | 101/184 [00:02<00:01, 55.81it/s]
accuracy: 0.8594, accuracy3: 1.0000, loss: 0.4375 ||:  59%|#####8    | 108/184 [00:02<00:01, 56.04it/s]
accuracy: 0.8596, accuracy3: 1.0000, loss: 0.4360 ||:  63%|######3   | 116/184 [00:02<00:01, 61.16it/s]
accuracy: 0.8597, accuracy3: 1.0000, loss: 0.4355 ||:  67%|######6   | 123/184 [00:02<00:00, 61.88it/s]
accuracy: 0.8597, accuracy3: 1.0000, loss: 0.4366 ||:  71%|#######   | 130/184 [00:02<00:01, 51.85it/s]
accuracy: 0.8594, accuracy3: 1.0000, loss: 0.4364 ||:  74%|#######3  | 136/184 [00:02<00:01, 47.68it/s]
accuracy: 0.8587, accuracy3: 1.0000, loss: 0.4371 ||:  77%|#######7  | 142/184 [00:02<00:00, 48.30it/s]
accuracy: 0.8589, accuracy3: 1.0000, loss: 0.4368 ||:  80%|########  | 148/184 [00:03<00:00, 46.65it/s]
accuracy: 0.8593, accuracy3: 1.0000, loss: 0.4368 ||:  84%|########3 | 154/184 [00:03<00:00, 49.66it/s]
accuracy: 0.8593, accuracy3: 1.0000, loss: 0.4360 ||:  88%|########8 | 162/184 [00:03<00:00, 54.04it/s]
accuracy: 0.8590, accuracy3: 1.0000, loss: 0.4357 ||:  91%|#########1| 168/184 [00:03<00:00, 49.66it/s]
accuracy: 0.8590, accuracy3: 1.0000, loss: 0.4355 ||:  95%|#########4| 174/184 [00:03<00:00, 49.52it/s]
accuracy: 0.8595, accuracy3: 1.0000, loss: 0.4347 ||:  98%|#########7| 180/184 [00:03<00:00, 48.71it/s]
accuracy: 0.8592, accuracy3: 1.0000, loss: 0.4349 ||: 100%|##########| 184/184 [00:03<00:00, 49.50it/s]

  0%|          | 0/98 [00:00<?, ?it/s]
accuracy: 0.8395, accuracy3: 1.0000, loss: 0.4386 ||:   6%|6         | 6/98 [00:00<00:01, 57.39it/s]
accuracy: 0.8503, accuracy3: 1.0000, loss: 0.5027 ||:  13%|#3        | 13/98 [00:00<00:01, 58.82it/s]
accuracy: 0.8377, accuracy3: 1.0000, loss: 0.5186 ||:  20%|##        | 20/98 [00:00<00:01, 58.44it/s]
accuracy: 0.8358, accuracy3: 1.0000, loss: 0.5039 ||:  27%|##6       | 26/98 [00:00<00:01, 58.65it/s]
accuracy: 0.8429, accuracy3: 1.0000, loss: 0.4959 ||:  35%|###4      | 34/98 [00:00<00:01, 60.62it/s]
accuracy: 0.8506, accuracy3: 1.0000, loss: 0.5255 ||:  47%|####6     | 46/98 [00:00<00:00, 70.21it/s]
accuracy: 0.8536, accuracy3: 1.0000, loss: 0.5127 ||:  55%|#####5    | 54/98 [00:00<00:00, 72.14it/s]
accuracy: 0.8611, accuracy3: 1.0000, loss: 0.5137 ||:  65%|######5   | 64/98 [00:00<00:00, 77.34it/s]
accuracy: 0.8586, accuracy3: 1.0000, loss: 0.5091 ||:  74%|#######4  | 73/98 [00:00<00:00, 79.87it/s]
accuracy: 0.8599, accuracy3: 1.0000, loss: 0.5132 ||:  84%|########3 | 82/98 [00:01<00:00, 78.51it/s]
accuracy: 0.8646, accuracy3: 1.0000, loss: 0.5236 ||:  95%|#########4| 93/98 [00:01<00:00, 85.43it/s]
accuracy: 0.8656, accuracy3: 1.0000, loss: 0.5198 ||: 100%|##########| 98/98 [00:01<00:00, 76.00it/s]

  0%|          | 0/184 [00:00<?, ?it/s]
accuracy: 0.8655, accuracy3: 1.0000, loss: 0.4385 ||:   2%|2         | 4/184 [00:00<00:05, 35.57it/s]
accuracy: 0.8566, accuracy3: 1.0000, loss: 0.4656 ||:   4%|4         | 8/184 [00:00<00:04, 36.77it/s]
accuracy: 0.8626, accuracy3: 1.0000, loss: 0.4574 ||:   7%|7         | 13/184 [00:00<00:04, 38.14it/s]
accuracy: 0.8660, accuracy3: 1.0000, loss: 0.4409 ||:  10%|9         | 18/184 [00:00<00:04, 40.29it/s]
accuracy: 0.8669, accuracy3: 1.0000, loss: 0.4396 ||:  12%|#2        | 23/184 [00:00<00:03, 41.90it/s]
accuracy: 0.8676, accuracy3: 1.0000, loss: 0.4443 ||:  16%|#5        | 29/184 [00:00<00:03, 44.37it/s]
accuracy: 0.8681, accuracy3: 1.0000, loss: 0.4386 ||:  18%|#8        | 34/184 [00:00<00:03, 44.72it/s]
accuracy: 0.8650, accuracy3: 1.0000, loss: 0.4432 ||:  22%|##1       | 40/184 [00:00<00:03, 46.82it/s]
accuracy: 0.8642, accuracy3: 1.0000, loss: 0.4408 ||:  24%|##4       | 45/184 [00:01<00:03, 46.15it/s]
accuracy: 0.8640, accuracy3: 1.0000, loss: 0.4403 ||:  28%|##7       | 51/184 [00:01<00:02, 49.18it/s]
accuracy: 0.8643, accuracy3: 1.0000, loss: 0.4384 ||:  32%|###2      | 59/184 [00:01<00:02, 54.96it/s]
accuracy: 0.8644, accuracy3: 1.0000, loss: 0.4355 ||:  35%|###5      | 65/184 [00:01<00:02, 51.98it/s]
accuracy: 0.8637, accuracy3: 1.0000, loss: 0.4357 ||:  39%|###9      | 72/184 [00:01<00:02, 55.78it/s]
accuracy: 0.8623, accuracy3: 1.0000, loss: 0.4365 ||:  42%|####2     | 78/184 [00:01<00:01, 56.51it/s]
accuracy: 0.8623, accuracy3: 1.0000, loss: 0.4348 ||:  46%|####5     | 84/184 [00:01<00:01, 50.12it/s]
accuracy: 0.8623, accuracy3: 1.0000, loss: 0.4337 ||:  51%|#####     | 93/184 [00:01<00:01, 56.56it/s]
accuracy: 0.8613, accuracy3: 1.0000, loss: 0.4339 ||:  54%|#####4    | 100/184 [00:01<00:01, 56.23it/s]
accuracy: 0.8607, accuracy3: 1.0000, loss: 0.4340 ||:  58%|#####8    | 107/184 [00:02<00:01, 59.38it/s]
accuracy: 0.8604, accuracy3: 1.0000, loss: 0.4340 ||:  62%|######1   | 114/184 [00:02<00:01, 58.44it/s]
accuracy: 0.8601, accuracy3: 1.0000, loss: 0.4317 ||:  66%|######5   | 121/184 [00:02<00:01, 54.40it/s]
accuracy: 0.8603, accuracy3: 1.0000, loss: 0.4324 ||:  69%|######9   | 127/184 [00:02<00:01, 52.14it/s]
accuracy: 0.8600, accuracy3: 1.0000, loss: 0.4319 ||:  72%|#######2  | 133/184 [00:02<00:01, 48.29it/s]
accuracy: 0.8597, accuracy3: 1.0000, loss: 0.4330 ||:  75%|#######5  | 138/184 [00:02<00:01, 45.82it/s]
accuracy: 0.8600, accuracy3: 1.0000, loss: 0.4330 ||:  78%|#######7  | 143/184 [00:02<00:00, 45.52it/s]
accuracy: 0.8599, accuracy3: 1.0000, loss: 0.4350 ||:  82%|########2 | 151/184 [00:02<00:00, 51.15it/s]
accuracy: 0.8597, accuracy3: 1.0000, loss: 0.4353 ||:  86%|########5 | 158/184 [00:03<00:00, 54.00it/s]
accuracy: 0.8597, accuracy3: 1.0000, loss: 0.4342 ||:  89%|########9 | 164/184 [00:03<00:00, 50.29it/s]
accuracy: 0.8592, accuracy3: 1.0000, loss: 0.4338 ||:  94%|#########4| 173/184 [00:03<00:00, 57.20it/s]
accuracy: 0.8592, accuracy3: 1.0000, loss: 0.4345 ||:  98%|#########7| 180/184 [00:03<00:00, 59.25it/s]
accuracy: 0.8592, accuracy3: 1.0000, loss: 0.4343 ||: 100%|##########| 184/184 [00:03<00:00, 53.09it/s]

  0%|          | 0/98 [00:00<?, ?it/s]
accuracy: 0.8501, accuracy3: 1.0000, loss: 0.4842 ||:   8%|8         | 8/98 [00:00<00:01, 75.77it/s]
accuracy: 0.8374, accuracy3: 1.0000, loss: 0.5205 ||:  19%|#9        | 19/98 [00:00<00:00, 82.67it/s]
accuracy: 0.8376, accuracy3: 1.0000, loss: 0.5051 ||:  26%|##5       | 25/98 [00:00<00:00, 73.62it/s]
accuracy: 0.8470, accuracy3: 1.0000, loss: 0.4960 ||:  37%|###6      | 36/98 [00:00<00:00, 80.17it/s]
accuracy: 0.8514, accuracy3: 1.0000, loss: 0.5242 ||:  46%|####5     | 45/98 [00:00<00:00, 81.88it/s]
accuracy: 0.8524, accuracy3: 1.0000, loss: 0.5127 ||:  54%|#####4    | 53/98 [00:00<00:00, 78.25it/s]
accuracy: 0.8611, accuracy3: 1.0000, loss: 0.5109 ||:  65%|######5   | 64/98 [00:00<00:00, 84.84it/s]
accuracy: 0.8586, accuracy3: 1.0000, loss: 0.5064 ||:  74%|#######4  | 73/98 [00:00<00:00, 80.62it/s]
accuracy: 0.8605, accuracy3: 1.0000, loss: 0.5109 ||:  86%|########5 | 84/98 [00:00<00:00, 86.24it/s]
accuracy: 0.8646, accuracy3: 1.0000, loss: 0.5207 ||:  95%|#########4| 93/98 [00:01<00:00, 76.73it/s]
accuracy: 0.8656, accuracy3: 1.0000, loss: 0.5171 ||: 100%|##########| 98/98 [00:01<00:00, 83.06it/s]

  0%|          | 0/184 [00:00<?, ?it/s]
accuracy: 0.8557, accuracy3: 1.0000, loss: 0.4605 ||:   2%|2         | 4/184 [00:00<00:05, 33.68it/s]
accuracy: 0.8614, accuracy3: 1.0000, loss: 0.4426 ||:   5%|5         | 10/184 [00:00<00:04, 38.03it/s]
accuracy: 0.8613, accuracy3: 1.0000, loss: 0.4309 ||:   8%|8         | 15/184 [00:00<00:04, 38.96it/s]
accuracy: 0.8600, accuracy3: 1.0000, loss: 0.4368 ||:  11%|#         | 20/184 [00:00<00:04, 40.94it/s]
accuracy: 0.8574, accuracy3: 1.0000, loss: 0.4346 ||:  14%|#3        | 25/184 [00:00<00:03, 41.88it/s]
accuracy: 0.8575, accuracy3: 1.0000, loss: 0.4428 ||:  17%|#6        | 31/184 [00:00<00:03, 44.63it/s]
accuracy: 0.8583, accuracy3: 1.0000, loss: 0.4416 ||:  20%|#9        | 36/184 [00:00<00:03, 41.74it/s]
accuracy: 0.8591, accuracy3: 1.0000, loss: 0.4382 ||:  22%|##2       | 41/184 [00:00<00:03, 41.27it/s]
accuracy: 0.8594, accuracy3: 1.0000, loss: 0.4349 ||:  25%|##5       | 46/184 [00:01<00:03, 41.42it/s]
accuracy: 0.8583, accuracy3: 1.0000, loss: 0.4361 ||:  29%|##9       | 54/184 [00:01<00:02, 48.32it/s]
accuracy: 0.8582, accuracy3: 1.0000, loss: 0.4378 ||:  33%|###2      | 60/184 [00:01<00:02, 50.12it/s]
accuracy: 0.8576, accuracy3: 1.0000, loss: 0.4382 ||:  36%|###5      | 66/184 [00:01<00:02, 49.37it/s]
accuracy: 0.8563, accuracy3: 1.0000, loss: 0.4384 ||:  40%|####      | 74/184 [00:01<00:01, 55.54it/s]
accuracy: 0.8579, accuracy3: 1.0000, loss: 0.4377 ||:  43%|####3     | 80/184 [00:01<00:01, 55.12it/s]
accuracy: 0.8582, accuracy3: 1.0000, loss: 0.4353 ||:  47%|####6     | 86/184 [00:01<00:01, 54.35it/s]
accuracy: 0.8586, accuracy3: 1.0000, loss: 0.4339 ||:  51%|#####1    | 94/184 [00:01<00:01, 57.80it/s]
accuracy: 0.8583, accuracy3: 1.0000, loss: 0.4358 ||:  54%|#####4    | 100/184 [00:01<00:01, 55.56it/s]
accuracy: 0.8588, accuracy3: 1.0000, loss: 0.4350 ||:  58%|#####7    | 106/184 [00:02<00:01, 50.84it/s]
accuracy: 0.8587, accuracy3: 1.0000, loss: 0.4350 ||:  61%|######    | 112/184 [00:02<00:01, 51.69it/s]
accuracy: 0.8588, accuracy3: 1.0000, loss: 0.4360 ||:  64%|######4   | 118/184 [00:02<00:01, 49.70it/s]
accuracy: 0.8587, accuracy3: 1.0000, loss: 0.4370 ||:  67%|######7   | 124/184 [00:02<00:01, 48.74it/s]
accuracy: 0.8588, accuracy3: 1.0000, loss: 0.4363 ||:  71%|#######   | 130/184 [00:02<00:01, 49.84it/s]
accuracy: 0.8584, accuracy3: 1.0000, loss: 0.4378 ||:  74%|#######3  | 136/184 [00:02<00:00, 48.26it/s]
accuracy: 0.8580, accuracy3: 1.0000, loss: 0.4370 ||:  77%|#######7  | 142/184 [00:02<00:00, 50.07it/s]
accuracy: 0.8581, accuracy3: 1.0000, loss: 0.4370 ||:  80%|########  | 148/184 [00:02<00:00, 52.24it/s]
accuracy: 0.8578, accuracy3: 1.0000, loss: 0.4360 ||:  85%|########4 | 156/184 [00:03<00:00, 55.83it/s]
accuracy: 0.8584, accuracy3: 1.0000, loss: 0.4359 ||:  88%|########8 | 162/184 [00:03<00:00, 54.29it/s]
accuracy: 0.8577, accuracy3: 1.0000, loss: 0.4352 ||:  91%|#########1| 168/184 [00:03<00:00, 52.77it/s]
accuracy: 0.8583, accuracy3: 1.0000, loss: 0.4347 ||:  95%|#########4| 174/184 [00:03<00:00, 51.71it/s]
accuracy: 0.8588, accuracy3: 1.0000, loss: 0.4347 ||:  98%|#########7| 180/184 [00:03<00:00, 51.35it/s]
accuracy: 0.8592, accuracy3: 1.0000, loss: 0.4344 ||: 100%|##########| 184/184 [00:03<00:00, 50.83it/s]

  0%|          | 0/98 [00:00<?, ?it/s]
accuracy: 0.8454, accuracy3: 1.0000, loss: 0.4678 ||:   7%|7         | 7/98 [00:00<00:01, 67.93it/s]
accuracy: 0.8472, accuracy3: 1.0000, loss: 0.5132 ||:  14%|#4        | 14/98 [00:00<00:01, 67.62it/s]
accuracy: 0.8374, accuracy3: 1.0000, loss: 0.5239 ||:  19%|#9        | 19/98 [00:00<00:01, 58.95it/s]
accuracy: 0.8336, accuracy3: 1.0000, loss: 0.4958 ||:  30%|##9       | 29/98 [00:00<00:01, 66.63it/s]
accuracy: 0.8495, accuracy3: 1.0000, loss: 0.5148 ||:  41%|####      | 40/98 [00:00<00:00, 73.22it/s]
accuracy: 0.8499, accuracy3: 1.0000, loss: 0.5236 ||:  48%|####7     | 47/98 [00:00<00:00, 66.60it/s]
accuracy: 0.8536, accuracy3: 1.0000, loss: 0.5132 ||:  55%|#####5    | 54/98 [00:00<00:00, 65.06it/s]
accuracy: 0.8575, accuracy3: 1.0000, loss: 0.5102 ||:  62%|######2   | 61/98 [00:00<00:00, 64.19it/s]
accuracy: 0.8611, accuracy3: 1.0000, loss: 0.5112 ||:  69%|######9   | 68/98 [00:01<00:00, 63.66it/s]
accuracy: 0.8586, accuracy3: 1.0000, loss: 0.5127 ||:  82%|########1 | 80/98 [00:01<00:00, 73.75it/s]
accuracy: 0.8620, accuracy3: 1.0000, loss: 0.5192 ||:  90%|########9 | 88/98 [00:01<00:00, 71.46it/s]
accuracy: 0.8653, accuracy3: 1.0000, loss: 0.5219 ||:  98%|#########7| 96/98 [00:01<00:00, 64.89it/s]
accuracy: 0.8656, accuracy3: 1.0000, loss: 0.5200 ||: 100%|##########| 98/98 [00:01<00:00, 69.66it/s]

  0%|          | 0/184 [00:00<?, ?it/s]
accuracy: 0.8650, accuracy3: 1.0000, loss: 0.4553 ||:   2%|2         | 4/184 [00:00<00:04, 37.56it/s]
accuracy: 0.8594, accuracy3: 1.0000, loss: 0.4436 ||:   5%|4         | 9/184 [00:00<00:04, 39.54it/s]
accuracy: 0.8614, accuracy3: 1.0000, loss: 0.4430 ||:   8%|7         | 14/184 [00:00<00:04, 40.37it/s]
accuracy: 0.8623, accuracy3: 1.0000, loss: 0.4409 ||:  11%|#1        | 21/184 [00:00<00:03, 45.15it/s]
accuracy: 0.8591, accuracy3: 1.0000, loss: 0.4371 ||:  14%|#4        | 26/184 [00:00<00:03, 44.63it/s]
accuracy: 0.8562, accuracy3: 1.0000, loss: 0.4373 ||:  17%|#6        | 31/184 [00:00<00:03, 44.28it/s]
accuracy: 0.8572, accuracy3: 1.0000, loss: 0.4351 ||:  20%|#9        | 36/184 [00:00<00:03, 44.77it/s]
accuracy: 0.8581, accuracy3: 1.0000, loss: 0.4395 ||:  23%|##2       | 42/184 [00:00<00:02, 47.99it/s]
accuracy: 0.8568, accuracy3: 1.0000, loss: 0.4386 ||:  27%|##7       | 50/184 [00:00<00:02, 53.65it/s]
accuracy: 0.8562, accuracy3: 1.0000, loss: 0.4385 ||:  30%|###       | 56/184 [00:01<00:02, 52.22it/s]
accuracy: 0.8567, accuracy3: 1.0000, loss: 0.4384 ||:  35%|###4      | 64/184 [00:01<00:02, 56.89it/s]
accuracy: 0.8580, accuracy3: 1.0000, loss: 0.4365 ||:  38%|###8      | 70/184 [00:01<00:02, 51.85it/s]
accuracy: 0.8596, accuracy3: 1.0000, loss: 0.4354 ||:  41%|####1     | 76/184 [00:01<00:02, 50.38it/s]
accuracy: 0.8597, accuracy3: 1.0000, loss: 0.4359 ||:  45%|####4     | 82/184 [00:01<00:02, 49.85it/s]
accuracy: 0.8600, accuracy3: 1.0000, loss: 0.4348 ||:  48%|####8     | 89/184 [00:01<00:01, 53.79it/s]
accuracy: 0.8590, accuracy3: 1.0000, loss: 0.4345 ||:  53%|#####2    | 97/184 [00:01<00:01, 57.41it/s]
accuracy: 0.8595, accuracy3: 1.0000, loss: 0.4335 ||:  56%|#####5    | 103/184 [00:01<00:01, 52.48it/s]
accuracy: 0.8593, accuracy3: 1.0000, loss: 0.4350 ||:  59%|#####9    | 109/184 [00:02<00:01, 52.52it/s]
accuracy: 0.8594, accuracy3: 1.0000, loss: 0.4357 ||:  62%|######2   | 115/184 [00:02<00:01, 52.22it/s]
accuracy: 0.8597, accuracy3: 1.0000, loss: 0.4351 ||:  67%|######6   | 123/184 [00:02<00:01, 58.23it/s]
accuracy: 0.8585, accuracy3: 1.0000, loss: 0.4367 ||:  71%|#######   | 130/184 [00:02<00:00, 55.51it/s]
accuracy: 0.8583, accuracy3: 1.0000, loss: 0.4377 ||:  76%|#######5  | 139/184 [00:02<00:00, 61.26it/s]
accuracy: 0.8589, accuracy3: 1.0000, loss: 0.4355 ||:  80%|#######9  | 147/184 [00:02<00:00, 63.46it/s]
accuracy: 0.8589, accuracy3: 1.0000, loss: 0.4347 ||:  84%|########3 | 154/184 [00:02<00:00, 59.05it/s]
accuracy: 0.8591, accuracy3: 1.0000, loss: 0.4352 ||:  88%|########8 | 162/184 [00:02<00:00, 62.93it/s]
accuracy: 0.8594, accuracy3: 1.0000, loss: 0.4348 ||:  92%|#########1| 169/184 [00:03<00:00, 58.63it/s]
accuracy: 0.8598, accuracy3: 1.0000, loss: 0.4344 ||:  96%|#########5| 176/184 [00:03<00:00, 58.03it/s]
accuracy: 0.8592, accuracy3: 1.0000, loss: 0.4338 ||: 100%|##########| 184/184 [00:03<00:00, 56.16it/s]

  0%|          | 0/98 [00:00<?, ?it/s]
accuracy: 0.8454, accuracy3: 1.0000, loss: 0.4702 ||:   7%|7         | 7/98 [00:00<00:01, 65.04it/s]
accuracy: 0.8503, accuracy3: 1.0000, loss: 0.5049 ||:  13%|#3        | 13/98 [00:00<00:01, 62.20it/s]
accuracy: 0.8374, accuracy3: 1.0000, loss: 0.5233 ||:  19%|#9        | 19/98 [00:00<00:01, 58.62it/s]
accuracy: 0.8358, accuracy3: 1.0000, loss: 0.5038 ||:  27%|##6       | 26/98 [00:00<00:01, 59.63it/s]
accuracy: 0.8409, accuracy3: 1.0000, loss: 0.4969 ||:  34%|###3      | 33/98 [00:00<00:01, 59.97it/s]
accuracy: 0.8486, accuracy3: 1.0000, loss: 0.5106 ||:  40%|###9      | 39/98 [00:00<00:00, 59.34it/s]
accuracy: 0.8514, accuracy3: 1.0000, loss: 0.5276 ||:  46%|####5     | 45/98 [00:00<00:00, 58.58it/s]
accuracy: 0.8528, accuracy3: 1.0000, loss: 0.5146 ||:  52%|#####2    | 51/98 [00:00<00:00, 58.67it/s]
accuracy: 0.8562, accuracy3: 1.0000, loss: 0.5074 ||:  59%|#####9    | 58/98 [00:00<00:00, 60.29it/s]
accuracy: 0.8595, accuracy3: 1.0000, loss: 0.5109 ||:  70%|#######   | 69/98 [00:01<00:00, 68.84it/s]
accuracy: 0.8592, accuracy3: 1.0000, loss: 0.5133 ||:  83%|########2 | 81/98 [00:01<00:00, 78.05it/s]
accuracy: 0.8624, accuracy3: 1.0000, loss: 0.5230 ||:  92%|#########1| 90/98 [00:01<00:00, 74.55it/s]
accuracy: 0.8656, accuracy3: 1.0000, loss: 0.5196 ||: 100%|##########| 98/98 [00:01<00:00, 68.83it/s]

  0%|          | 0/184 [00:00<?, ?it/s]
accuracy: 0.8514, accuracy3: 1.0000, loss: 0.4389 ||:   2%|2         | 4/184 [00:00<00:05, 34.73it/s]
accuracy: 0.8594, accuracy3: 1.0000, loss: 0.4409 ||:   4%|4         | 8/184 [00:00<00:04, 35.82it/s]
accuracy: 0.8658, accuracy3: 1.0000, loss: 0.4379 ||:   7%|7         | 13/184 [00:00<00:04, 38.27it/s]
accuracy: 0.8649, accuracy3: 1.0000, loss: 0.4339 ||:  10%|9         | 18/184 [00:00<00:04, 39.47it/s]
accuracy: 0.8609, accuracy3: 1.0000, loss: 0.4403 ||:  13%|#3        | 24/184 [00:00<00:03, 42.19it/s]
accuracy: 0.8600, accuracy3: 1.0000, loss: 0.4385 ||:  16%|#5        | 29/184 [00:00<00:03, 42.77it/s]
accuracy: 0.8626, accuracy3: 1.0000, loss: 0.4346 ||:  18%|#8        | 34/184 [00:00<00:03, 43.03it/s]
accuracy: 0.8618, accuracy3: 1.0000, loss: 0.4371 ||:  22%|##2       | 41/184 [00:00<00:02, 48.35it/s]
accuracy: 0.8616, accuracy3: 1.0000, loss: 0.4315 ||:  26%|##6       | 48/184 [00:01<00:02, 51.53it/s]
accuracy: 0.8622, accuracy3: 1.0000, loss: 0.4337 ||:  29%|##9       | 54/184 [00:01<00:02, 50.46it/s]
accuracy: 0.8619, accuracy3: 1.0000, loss: 0.4341 ||:  33%|###3      | 61/184 [00:01<00:02, 53.74it/s]
accuracy: 0.8618, accuracy3: 1.0000, loss: 0.4341 ||:  36%|###6      | 67/184 [00:01<00:02, 51.79it/s]
accuracy: 0.8601, accuracy3: 1.0000, loss: 0.4357 ||:  41%|####      | 75/184 [00:01<00:01, 57.82it/s]
accuracy: 0.8596, accuracy3: 1.0000, loss: 0.4361 ||:  45%|####4     | 82/184 [00:01<00:01, 58.39it/s]
accuracy: 0.8599, accuracy3: 1.0000, loss: 0.4370 ||:  48%|####8     | 89/184 [00:01<00:01, 54.60it/s]
accuracy: 0.8588, accuracy3: 1.0000, loss: 0.4365 ||:  53%|#####2    | 97/184 [00:01<00:01, 59.72it/s]
accuracy: 0.8594, accuracy3: 1.0000, loss: 0.4352 ||:  58%|#####7    | 106/184 [00:01<00:01, 64.67it/s]
accuracy: 0.8598, accuracy3: 1.0000, loss: 0.4344 ||:  61%|######1   | 113/184 [00:02<00:01, 56.17it/s]
accuracy: 0.8594, accuracy3: 1.0000, loss: 0.4333 ||:  65%|######5   | 120/184 [00:02<00:01, 50.93it/s]
accuracy: 0.8591, accuracy3: 1.0000, loss: 0.4327 ||:  70%|######9   | 128/184 [00:02<00:01, 55.57it/s]
accuracy: 0.8586, accuracy3: 1.0000, loss: 0.4336 ||:  73%|#######2  | 134/184 [00:02<00:00, 52.32it/s]
accuracy: 0.8576, accuracy3: 1.0000, loss: 0.4355 ||:  76%|#######6  | 140/184 [00:02<00:00, 49.07it/s]
accuracy: 0.8582, accuracy3: 1.0000, loss: 0.4356 ||:  79%|#######9  | 146/184 [00:02<00:00, 49.83it/s]
accuracy: 0.8585, accuracy3: 1.0000, loss: 0.4357 ||:  83%|########2 | 152/184 [00:02<00:00, 49.26it/s]
accuracy: 0.8588, accuracy3: 1.0000, loss: 0.4348 ||:  86%|########5 | 158/184 [00:03<00:00, 48.75it/s]
accuracy: 0.8590, accuracy3: 1.0000, loss: 0.4343 ||:  89%|########9 | 164/184 [00:03<00:00, 49.72it/s]
accuracy: 0.8589, accuracy3: 1.0000, loss: 0.4342 ||:  92%|#########2| 170/184 [00:03<00:00, 49.04it/s]
accuracy: 0.8595, accuracy3: 1.0000, loss: 0.4336 ||:  97%|#########7| 179/184 [00:03<00:00, 55.58it/s]
accuracy: 0.8592, accuracy3: 1.0000, loss: 0.4340 ||: 100%|##########| 184/184 [00:03<00:00, 53.05it/s]

  0%|          | 0/98 [00:00<?, ?it/s]
accuracy: 0.8454, accuracy3: 1.0000, loss: 0.4689 ||:   7%|7         | 7/98 [00:00<00:01, 65.06it/s]
accuracy: 0.8503, accuracy3: 1.0000, loss: 0.5028 ||:  13%|#3        | 13/98 [00:00<00:01, 63.20it/s]
accuracy: 0.8374, accuracy3: 1.0000, loss: 0.5214 ||:  19%|#9        | 19/98 [00:00<00:01, 60.83it/s]
accuracy: 0.8376, accuracy3: 1.0000, loss: 0.5055 ||:  26%|##5       | 25/98 [00:00<00:01, 60.50it/s]
accuracy: 0.8470, accuracy3: 1.0000, loss: 0.4965 ||:  37%|###6      | 36/98 [00:00<00:00, 69.82it/s]
accuracy: 0.8499, accuracy3: 1.0000, loss: 0.5215 ||:  48%|####7     | 47/98 [00:00<00:00, 77.92it/s]
accuracy: 0.8552, accuracy3: 1.0000, loss: 0.5088 ||:  56%|#####6    | 55/98 [00:00<00:00, 64.97it/s]
accuracy: 0.8620, accuracy3: 1.0000, loss: 0.5122 ||:  66%|######6   | 65/98 [00:00<00:00, 72.11it/s]
accuracy: 0.8584, accuracy3: 1.0000, loss: 0.5050 ||:  78%|#######7  | 76/98 [00:00<00:00, 80.27it/s]
accuracy: 0.8614, accuracy3: 1.0000, loss: 0.5112 ||:  87%|########6 | 85/98 [00:01<00:00, 78.61it/s]
accuracy: 0.8652, accuracy3: 1.0000, loss: 0.5206 ||:  97%|#########6| 95/98 [00:01<00:00, 83.87it/s]
accuracy: 0.8656, accuracy3: 1.0000, loss: 0.5180 ||: 100%|##########| 98/98 [00:01<00:00, 78.96it/s]

  0%|          | 0/184 [00:00<?, ?it/s]
accuracy: 0.8610, accuracy3: 1.0000, loss: 0.4251 ||:   3%|3         | 6/184 [00:00<00:03, 48.39it/s]
accuracy: 0.8622, accuracy3: 1.0000, loss: 0.4374 ||:   6%|5         | 11/184 [00:00<00:03, 48.30it/s]
accuracy: 0.8582, accuracy3: 1.0000, loss: 0.4346 ||:   8%|8         | 15/184 [00:00<00:03, 44.46it/s]
accuracy: 0.8585, accuracy3: 1.0000, loss: 0.4393 ||:  12%|#1        | 22/184 [00:00<00:03, 48.77it/s]
accuracy: 0.8606, accuracy3: 1.0000, loss: 0.4380 ||:  16%|#6        | 30/184 [00:00<00:02, 54.49it/s]
accuracy: 0.8606, accuracy3: 1.0000, loss: 0.4384 ||:  20%|##        | 37/184 [00:00<00:02, 57.71it/s]
accuracy: 0.8596, accuracy3: 1.0000, loss: 0.4379 ||:  24%|##3       | 44/184 [00:00<00:02, 58.89it/s]
accuracy: 0.8586, accuracy3: 1.0000, loss: 0.4375 ||:  28%|##7       | 51/184 [00:00<00:02, 61.50it/s]
accuracy: 0.8592, accuracy3: 1.0000, loss: 0.4368 ||:  32%|###2      | 59/184 [00:00<00:01, 64.06it/s]
accuracy: 0.8578, accuracy3: 1.0000, loss: 0.4377 ||:  37%|###6      | 68/184 [00:01<00:01, 67.98it/s]
accuracy: 0.8582, accuracy3: 1.0000, loss: 0.4361 ||:  41%|####      | 75/184 [00:01<00:01, 67.35it/s]
accuracy: 0.8576, accuracy3: 1.0000, loss: 0.4367 ||:  45%|####4     | 82/184 [00:01<00:01, 57.70it/s]
accuracy: 0.8586, accuracy3: 1.0000, loss: 0.4336 ||:  49%|####9     | 91/184 [00:01<00:01, 63.33it/s]
accuracy: 0.8592, accuracy3: 1.0000, loss: 0.4302 ||:  53%|#####3    | 98/184 [00:01<00:01, 64.10it/s]
accuracy: 0.8600, accuracy3: 1.0000, loss: 0.4300 ||:  57%|#####7    | 105/184 [00:01<00:01, 57.85it/s]
accuracy: 0.8598, accuracy3: 1.0000, loss: 0.4314 ||:  61%|######    | 112/184 [00:01<00:01, 54.39it/s]
accuracy: 0.8596, accuracy3: 1.0000, loss: 0.4320 ||:  64%|######4   | 118/184 [00:02<00:01, 49.92it/s]
accuracy: 0.8596, accuracy3: 1.0000, loss: 0.4330 ||:  68%|######8   | 126/184 [00:02<00:01, 55.25it/s]
accuracy: 0.8589, accuracy3: 1.0000, loss: 0.4339 ||:  73%|#######3  | 135/184 [00:02<00:00, 61.48it/s]
accuracy: 0.8591, accuracy3: 1.0000, loss: 0.4331 ||:  77%|#######7  | 142/184 [00:02<00:00, 62.56it/s]
accuracy: 0.8592, accuracy3: 1.0000, loss: 0.4329 ||:  81%|########  | 149/184 [00:02<00:00, 55.05it/s]
accuracy: 0.8596, accuracy3: 1.0000, loss: 0.4332 ||:  86%|########5 | 158/184 [00:02<00:00, 59.24it/s]
accuracy: 0.8595, accuracy3: 1.0000, loss: 0.4335 ||:  90%|########9 | 165/184 [00:02<00:00, 56.66it/s]
accuracy: 0.8594, accuracy3: 1.0000, loss: 0.4338 ||:  95%|#########4| 174/184 [00:02<00:00, 62.30it/s]
accuracy: 0.8592, accuracy3: 1.0000, loss: 0.4340 ||:  99%|#########8| 182/184 [00:02<00:00, 65.56it/s]
accuracy: 0.8592, accuracy3: 1.0000, loss: 0.4344 ||: 100%|##########| 184/184 [00:03<00:00, 61.23it/s]

  0%|          | 0/98 [00:00<?, ?it/s]
accuracy: 0.8549, accuracy3: 1.0000, loss: 0.5044 ||:  12%|#2        | 12/98 [00:00<00:00, 116.67it/s]
accuracy: 0.8363, accuracy3: 1.0000, loss: 0.5020 ||:  24%|##4       | 24/98 [00:00<00:00, 108.61it/s]
accuracy: 0.8395, accuracy3: 1.0000, loss: 0.4938 ||:  33%|###2      | 32/98 [00:00<00:00, 95.64it/s] 
accuracy: 0.8514, accuracy3: 1.0000, loss: 0.5196 ||:  44%|####3     | 43/98 [00:00<00:00, 98.08it/s]
accuracy: 0.8536, accuracy3: 1.0000, loss: 0.5103 ||:  55%|#####5    | 54/98 [00:00<00:00, 100.37it/s]
accuracy: 0.8601, accuracy3: 1.0000, loss: 0.5074 ||:  64%|######4   | 63/98 [00:00<00:00, 88.08it/s] 
accuracy: 0.8590, accuracy3: 1.0000, loss: 0.5077 ||:  72%|#######2  | 71/98 [00:00<00:00, 80.74it/s]
accuracy: 0.8579, accuracy3: 1.0000, loss: 0.5089 ||:  81%|########  | 79/98 [00:00<00:00, 72.49it/s]
accuracy: 0.8619, accuracy3: 1.0000, loss: 0.5129 ||:  89%|########8 | 87/98 [00:01<00:00, 71.04it/s]
accuracy: 0.8657, accuracy3: 1.0000, loss: 0.5179 ||:  99%|#########8| 97/98 [00:01<00:00, 76.47it/s]
accuracy: 0.8656, accuracy3: 1.0000, loss: 0.5165 ||: 100%|##########| 98/98 [00:01<00:00, 84.20it/s]

  0%|          | 0/184 [00:00<?, ?it/s]
accuracy: 0.8584, accuracy3: 1.0000, loss: 0.4218 ||:   3%|2         | 5/184 [00:00<00:04, 41.84it/s]
accuracy: 0.8474, accuracy3: 1.0000, loss: 0.4312 ||:   5%|5         | 10/184 [00:00<00:04, 41.88it/s]
accuracy: 0.8482, accuracy3: 1.0000, loss: 0.4496 ||:   8%|8         | 15/184 [00:00<00:03, 42.52it/s]
accuracy: 0.8501, accuracy3: 1.0000, loss: 0.4439 ||:  11%|#         | 20/184 [00:00<00:03, 43.52it/s]
accuracy: 0.8538, accuracy3: 1.0000, loss: 0.4384 ||:  14%|#4        | 26/184 [00:00<00:03, 46.36it/s]
accuracy: 0.8551, accuracy3: 1.0000, loss: 0.4368 ||:  17%|#7        | 32/184 [00:00<00:03, 48.75it/s]
accuracy: 0.8550, accuracy3: 1.0000, loss: 0.4361 ||:  21%|##        | 38/184 [00:00<00:02, 51.07it/s]
accuracy: 0.8570, accuracy3: 1.0000, loss: 0.4341 ||:  25%|##5       | 46/184 [00:00<00:02, 57.20it/s]
accuracy: 0.8567, accuracy3: 1.0000, loss: 0.4350 ||:  28%|##8       | 52/184 [00:00<00:02, 56.05it/s]
accuracy: 0.8561, accuracy3: 1.0000, loss: 0.4342 ||:  32%|###1      | 58/184 [00:01<00:02, 56.64it/s]
accuracy: 0.8567, accuracy3: 1.0000, loss: 0.4321 ||:  35%|###5      | 65/184 [00:01<00:01, 59.71it/s]
accuracy: 0.8576, accuracy3: 1.0000, loss: 0.4330 ||:  40%|####      | 74/184 [00:01<00:01, 65.45it/s]
accuracy: 0.8579, accuracy3: 1.0000, loss: 0.4343 ||:  45%|####4     | 82/184 [00:01<00:01, 68.42it/s]
accuracy: 0.8579, accuracy3: 1.0000, loss: 0.4376 ||:  49%|####8     | 90/184 [00:01<00:01, 68.96it/s]
accuracy: 0.8585, accuracy3: 1.0000, loss: 0.4372 ||:  53%|#####3    | 98/184 [00:01<00:01, 58.72it/s]
accuracy: 0.8584, accuracy3: 1.0000, loss: 0.4348 ||:  57%|#####7    | 105/184 [00:01<00:01, 55.65it/s]
accuracy: 0.8580, accuracy3: 1.0000, loss: 0.4342 ||:  61%|######    | 112/184 [00:01<00:01, 58.43it/s]
accuracy: 0.8582, accuracy3: 1.0000, loss: 0.4333 ||:  65%|######5   | 120/184 [00:02<00:01, 63.29it/s]
accuracy: 0.8588, accuracy3: 1.0000, loss: 0.4330 ||:  69%|######9   | 127/184 [00:02<00:01, 55.77it/s]
accuracy: 0.8591, accuracy3: 1.0000, loss: 0.4325 ||:  73%|#######3  | 135/184 [00:02<00:00, 60.16it/s]
accuracy: 0.8591, accuracy3: 1.0000, loss: 0.4331 ||:  78%|#######7  | 143/184 [00:02<00:00, 62.07it/s]
accuracy: 0.8594, accuracy3: 1.0000, loss: 0.4337 ||:  82%|########1 | 150/184 [00:02<00:00, 60.54it/s]
accuracy: 0.8592, accuracy3: 1.0000, loss: 0.4348 ||:  86%|########5 | 158/184 [00:02<00:00, 63.91it/s]
accuracy: 0.8595, accuracy3: 1.0000, loss: 0.4340 ||:  90%|########9 | 165/184 [00:02<00:00, 58.24it/s]
accuracy: 0.8591, accuracy3: 1.0000, loss: 0.4341 ||:  93%|#########3| 172/184 [00:02<00:00, 54.01it/s]
accuracy: 0.8592, accuracy3: 1.0000, loss: 0.4342 ||:  97%|#########6| 178/184 [00:03<00:00, 51.20it/s]
accuracy: 0.8592, accuracy3: 1.0000, loss: 0.4339 ||: 100%|##########| 184/184 [00:03<00:00, 49.95it/s]

  0%|          | 0/98 [00:00<?, ?it/s]
accuracy: 0.8395, accuracy3: 1.0000, loss: 0.4412 ||:   6%|6         | 6/98 [00:00<00:01, 54.84it/s]
accuracy: 0.8503, accuracy3: 1.0000, loss: 0.5026 ||:  13%|#3        | 13/98 [00:00<00:01, 57.53it/s]
accuracy: 0.8377, accuracy3: 1.0000, loss: 0.5175 ||:  20%|##        | 20/98 [00:00<00:01, 58.79it/s]
accuracy: 0.8358, accuracy3: 1.0000, loss: 0.5026 ||:  27%|##6       | 26/98 [00:00<00:01, 55.98it/s]
accuracy: 0.8429, accuracy3: 1.0000, loss: 0.4945 ||:  35%|###4      | 34/98 [00:00<00:01, 58.97it/s]
accuracy: 0.8509, accuracy3: 1.0000, loss: 0.5174 ||:  43%|####2     | 42/98 [00:00<00:00, 62.19it/s]
accuracy: 0.8507, accuracy3: 1.0000, loss: 0.5192 ||:  49%|####8     | 48/98 [00:00<00:00, 61.16it/s]
accuracy: 0.8566, accuracy3: 1.0000, loss: 0.5078 ||:  61%|######1   | 60/98 [00:00<00:00, 71.41it/s]
accuracy: 0.8584, accuracy3: 1.0000, loss: 0.5081 ||:  71%|#######1  | 70/98 [00:00<00:00, 77.22it/s]
accuracy: 0.8579, accuracy3: 1.0000, loss: 0.5104 ||:  81%|########  | 79/98 [00:01<00:00, 68.23it/s]
accuracy: 0.8619, accuracy3: 1.0000, loss: 0.5145 ||:  89%|########8 | 87/98 [00:01<00:00, 66.62it/s]
accuracy: 0.8656, accuracy3: 1.0000, loss: 0.5178 ||: 100%|##########| 98/98 [00:01<00:00, 71.32it/s]

  0%|          | 0/184 [00:00<?, ?it/s]
accuracy: 0.8486, accuracy3: 1.0000, loss: 0.4432 ||:   2%|2         | 4/184 [00:00<00:04, 39.07it/s]
accuracy: 0.8510, accuracy3: 1.0000, loss: 0.4516 ||:   5%|4         | 9/184 [00:00<00:04, 41.04it/s]
accuracy: 0.8557, accuracy3: 1.0000, loss: 0.4386 ||:   8%|7         | 14/184 [00:00<00:03, 43.31it/s]
accuracy: 0.8528, accuracy3: 1.0000, loss: 0.4442 ||:  11%|#         | 20/184 [00:00<00:03, 45.24it/s]
accuracy: 0.8565, accuracy3: 1.0000, loss: 0.4418 ||:  14%|#3        | 25/184 [00:00<00:03, 46.43it/s]
accuracy: 0.8576, accuracy3: 1.0000, loss: 0.4419 ||:  16%|#6        | 30/184 [00:00<00:03, 43.92it/s]
accuracy: 0.8558, accuracy3: 1.0000, loss: 0.4398 ||:  19%|#9        | 35/184 [00:00<00:03, 45.14it/s]
accuracy: 0.8560, accuracy3: 1.0000, loss: 0.4449 ||:  22%|##1       | 40/184 [00:00<00:03, 44.21it/s]
accuracy: 0.8565, accuracy3: 1.0000, loss: 0.4454 ||:  24%|##4       | 45/184 [00:00<00:03, 44.57it/s]
accuracy: 0.8562, accuracy3: 1.0000, loss: 0.4445 ||:  28%|##7       | 51/184 [00:01<00:02, 46.82it/s]
accuracy: 0.8577, accuracy3: 1.0000, loss: 0.4418 ||:  30%|###       | 56/184 [00:01<00:02, 46.24it/s]
accuracy: 0.8575, accuracy3: 1.0000, loss: 0.4449 ||:  34%|###3      | 62/184 [00:01<00:02, 48.17it/s]
accuracy: 0.8581, accuracy3: 1.0000, loss: 0.4428 ||:  36%|###6      | 67/184 [00:01<00:02, 48.41it/s]
accuracy: 0.8577, accuracy3: 1.0000, loss: 0.4426 ||:  39%|###9      | 72/184 [00:01<00:02, 46.33it/s]
accuracy: 0.8573, accuracy3: 1.0000, loss: 0.4411 ||:  42%|####1     | 77/184 [00:01<00:02, 42.29it/s]
accuracy: 0.8589, accuracy3: 1.0000, loss: 0.4390 ||:  46%|####6     | 85/184 [00:01<00:02, 48.80it/s]
accuracy: 0.8591, accuracy3: 1.0000, loss: 0.4350 ||:  50%|#####     | 92/184 [00:01<00:01, 51.30it/s]
accuracy: 0.8594, accuracy3: 1.0000, loss: 0.4349 ||:  53%|#####3    | 98/184 [00:02<00:01, 51.25it/s]
accuracy: 0.8586, accuracy3: 1.0000, loss: 0.4355 ||:  57%|#####6    | 104/184 [00:02<00:01, 48.72it/s]
accuracy: 0.8585, accuracy3: 1.0000, loss: 0.4340 ||:  60%|#####9    | 110/184 [00:02<00:01, 48.77it/s]
accuracy: 0.8588, accuracy3: 1.0000, loss: 0.4321 ||:  63%|######3   | 116/184 [00:02<00:01, 47.34it/s]
accuracy: 0.8582, accuracy3: 1.0000, loss: 0.4331 ||:  67%|######6   | 123/184 [00:02<00:01, 51.01it/s]
accuracy: 0.8587, accuracy3: 1.0000, loss: 0.4326 ||:  71%|#######   | 130/184 [00:02<00:01, 52.22it/s]
accuracy: 0.8592, accuracy3: 1.0000, loss: 0.4331 ||:  74%|#######3  | 136/184 [00:02<00:00, 50.34it/s]
accuracy: 0.8590, accuracy3: 1.0000, loss: 0.4336 ||:  78%|#######8  | 144/184 [00:02<00:00, 56.41it/s]
accuracy: 0.8588, accuracy3: 1.0000, loss: 0.4333 ||:  82%|########1 | 150/184 [00:03<00:00, 51.42it/s]
accuracy: 0.8589, accuracy3: 1.0000, loss: 0.4339 ||:  85%|########4 | 156/184 [00:03<00:00, 52.03it/s]
accuracy: 0.8590, accuracy3: 1.0000, loss: 0.4350 ||:  89%|########9 | 164/184 [00:03<00:00, 57.85it/s]
accuracy: 0.8590, accuracy3: 1.0000, loss: 0.4350 ||:  93%|#########2| 171/184 [00:03<00:00, 58.27it/s]
accuracy: 0.8588, accuracy3: 1.0000, loss: 0.4346 ||:  97%|#########6| 178/184 [00:03<00:00, 52.92it/s]
accuracy: 0.8592, accuracy3: 1.0000, loss: 0.4346 ||: 100%|##########| 184/184 [00:03<00:00, 50.17it/s]

  0%|          | 0/98 [00:00<?, ?it/s]
accuracy: 0.8395, accuracy3: 1.0000, loss: 0.4408 ||:   6%|6         | 6/98 [00:00<00:01, 57.13it/s]
accuracy: 0.8503, accuracy3: 1.0000, loss: 0.5017 ||:  13%|#3        | 13/98 [00:00<00:01, 58.22it/s]
accuracy: 0.8377, accuracy3: 1.0000, loss: 0.5163 ||:  20%|##        | 20/98 [00:00<00:01, 59.45it/s]
accuracy: 0.8336, accuracy3: 1.0000, loss: 0.4968 ||:  29%|##8       | 28/98 [00:00<00:01, 63.82it/s]
accuracy: 0.8470, accuracy3: 1.0000, loss: 0.4956 ||:  37%|###6      | 36/98 [00:00<00:00, 67.02it/s]
accuracy: 0.8509, accuracy3: 1.0000, loss: 0.5162 ||:  43%|####2     | 42/98 [00:00<00:00, 62.47it/s]
accuracy: 0.8507, accuracy3: 1.0000, loss: 0.5180 ||:  49%|####8     | 48/98 [00:00<00:00, 60.29it/s]
accuracy: 0.8536, accuracy3: 1.0000, loss: 0.5105 ||:  55%|#####5    | 54/98 [00:00<00:00, 59.97it/s]
accuracy: 0.8601, accuracy3: 1.0000, loss: 0.5077 ||:  64%|######4   | 63/98 [00:00<00:00, 65.93it/s]
accuracy: 0.8589, accuracy3: 1.0000, loss: 0.5071 ||:  73%|#######3  | 72/98 [00:01<00:00, 70.30it/s]
accuracy: 0.8586, accuracy3: 1.0000, loss: 0.5100 ||:  82%|########1 | 80/98 [00:01<00:00, 66.99it/s]
accuracy: 0.8619, accuracy3: 1.0000, loss: 0.5132 ||:  89%|########8 | 87/98 [00:01<00:00, 65.16it/s]
accuracy: 0.8649, accuracy3: 1.0000, loss: 0.5202 ||:  96%|#########5| 94/98 [00:01<00:00, 64.92it/s]
accuracy: 0.8656, accuracy3: 1.0000, loss: 0.5167 ||: 100%|##########| 98/98 [00:01<00:00, 65.45it/s]

  0%|          | 0/184 [00:00<?, ?it/s]
accuracy: 0.8568, accuracy3: 1.0000, loss: 0.3898 ||:   3%|2         | 5/184 [00:00<00:04, 40.77it/s]
accuracy: 0.8586, accuracy3: 1.0000, loss: 0.4137 ||:   6%|5         | 11/184 [00:00<00:03, 43.61it/s]
accuracy: 0.8579, accuracy3: 1.0000, loss: 0.4178 ||:   9%|8         | 16/184 [00:00<00:03, 43.96it/s]
accuracy: 0.8596, accuracy3: 1.0000, loss: 0.4177 ||:  11%|#1        | 21/184 [00:00<00:03, 45.15it/s]
accuracy: 0.8634, accuracy3: 1.0000, loss: 0.4236 ||:  16%|#5        | 29/184 [00:00<00:03, 51.59it/s]
accuracy: 0.8614, accuracy3: 1.0000, loss: 0.4304 ||:  20%|##        | 37/184 [00:00<00:02, 56.57it/s]
accuracy: 0.8624, accuracy3: 1.0000, loss: 0.4268 ||:  24%|##4       | 45/184 [00:00<00:02, 61.95it/s]
accuracy: 0.8626, accuracy3: 1.0000, loss: 0.4332 ||:  28%|##8       | 52/184 [00:00<00:02, 56.18it/s]
accuracy: 0.8627, accuracy3: 1.0000, loss: 0.4327 ||:  32%|###1      | 58/184 [00:01<00:02, 55.25it/s]
accuracy: 0.8623, accuracy3: 1.0000, loss: 0.4322 ||:  36%|###6      | 67/184 [00:01<00:01, 61.42it/s]
accuracy: 0.8614, accuracy3: 1.0000, loss: 0.4334 ||:  41%|####      | 75/184 [00:01<00:01, 63.13it/s]
accuracy: 0.8604, accuracy3: 1.0000, loss: 0.4344 ||:  45%|####4     | 82/184 [00:01<00:01, 53.61it/s]
accuracy: 0.8595, accuracy3: 1.0000, loss: 0.4349 ||:  48%|####7     | 88/184 [00:01<00:01, 49.93it/s]
accuracy: 0.8586, accuracy3: 1.0000, loss: 0.4342 ||:  51%|#####1    | 94/184 [00:01<00:01, 50.78it/s]
accuracy: 0.8589, accuracy3: 1.0000, loss: 0.4365 ||:  54%|#####4    | 100/184 [00:01<00:01, 51.36it/s]
accuracy: 0.8590, accuracy3: 1.0000, loss: 0.4381 ||:  59%|#####8    | 108/184 [00:01<00:01, 56.84it/s]
accuracy: 0.8585, accuracy3: 1.0000, loss: 0.4378 ||:  62%|######1   | 114/184 [00:02<00:01, 56.06it/s]
accuracy: 0.8580, accuracy3: 1.0000, loss: 0.4375 ||:  66%|######6   | 122/184 [00:02<00:01, 60.31it/s]
accuracy: 0.8587, accuracy3: 1.0000, loss: 0.4361 ||:  70%|#######   | 129/184 [00:02<00:00, 61.43it/s]
accuracy: 0.8589, accuracy3: 1.0000, loss: 0.4360 ||:  74%|#######3  | 136/184 [00:02<00:00, 54.52it/s]
accuracy: 0.8589, accuracy3: 1.0000, loss: 0.4350 ||:  78%|#######8  | 144/184 [00:02<00:00, 58.56it/s]
accuracy: 0.8596, accuracy3: 1.0000, loss: 0.4340 ||:  82%|########2 | 151/184 [00:02<00:00, 60.59it/s]
accuracy: 0.8597, accuracy3: 1.0000, loss: 0.4343 ||:  86%|########6 | 159/184 [00:02<00:00, 64.56it/s]
accuracy: 0.8597, accuracy3: 1.0000, loss: 0.4337 ||:  91%|######### | 167/184 [00:02<00:00, 67.01it/s]
accuracy: 0.8599, accuracy3: 1.0000, loss: 0.4336 ||:  95%|#########5| 175/184 [00:02<00:00, 67.49it/s]
accuracy: 0.8595, accuracy3: 1.0000, loss: 0.4343 ||:  99%|#########8| 182/184 [00:03<00:00, 62.20it/s]
accuracy: 0.8592, accuracy3: 1.0000, loss: 0.4341 ||: 100%|##########| 184/184 [00:03<00:00, 59.35it/s]

  0%|          | 0/98 [00:00<?, ?it/s]
accuracy: 0.8549, accuracy3: 1.0000, loss: 0.5067 ||:  12%|#2        | 12/98 [00:00<00:00, 118.82it/s]
accuracy: 0.8365, accuracy3: 1.0000, loss: 0.5077 ||:  23%|##3       | 23/98 [00:00<00:00, 113.65it/s]
accuracy: 0.8334, accuracy3: 1.0000, loss: 0.4940 ||:  31%|###       | 30/98 [00:00<00:00, 92.36it/s] 
accuracy: 0.8477, accuracy3: 1.0000, loss: 0.4999 ||:  38%|###7      | 37/98 [00:00<00:00, 79.77it/s]
accuracy: 0.8514, accuracy3: 1.0000, loss: 0.5201 ||:  44%|####3     | 43/98 [00:00<00:00, 71.56it/s]
accuracy: 0.8515, accuracy3: 1.0000, loss: 0.5157 ||:  50%|#####     | 49/98 [00:00<00:00, 67.20it/s]
accuracy: 0.8552, accuracy3: 1.0000, loss: 0.5082 ||:  56%|#####6    | 55/98 [00:00<00:00, 64.83it/s]
accuracy: 0.8575, accuracy3: 1.0000, loss: 0.5080 ||:  62%|######2   | 61/98 [00:00<00:00, 63.06it/s]
accuracy: 0.8611, accuracy3: 1.0000, loss: 0.5088 ||:  69%|######9   | 68/98 [00:00<00:00, 63.57it/s]
accuracy: 0.8580, accuracy3: 1.0000, loss: 0.5061 ||:  77%|#######6  | 75/98 [00:01<00:00, 62.02it/s]
accuracy: 0.8599, accuracy3: 1.0000, loss: 0.5110 ||:  84%|########3 | 82/98 [00:01<00:00, 63.06it/s]
accuracy: 0.8621, accuracy3: 1.0000, loss: 0.5197 ||:  91%|######### | 89/98 [00:01<00:00, 60.49it/s]
accuracy: 0.8652, accuracy3: 1.0000, loss: 0.5197 ||:  97%|#########6| 95/98 [00:01<00:00, 60.33it/s]
accuracy: 0.8656, accuracy3: 1.0000, loss: 0.5172 ||: 100%|##########| 98/98 [00:01<00:00, 67.38it/s]

  0%|          | 0/184 [00:00<?, ?it/s]
accuracy: 0.8526, accuracy3: 1.0000, loss: 0.4222 ||:   2%|2         | 4/184 [00:00<00:05, 35.52it/s]
accuracy: 0.8637, accuracy3: 1.0000, loss: 0.4059 ||:   5%|4         | 9/184 [00:00<00:04, 38.22it/s]
accuracy: 0.8623, accuracy3: 1.0000, loss: 0.4235 ||:   8%|7         | 14/184 [00:00<00:04, 40.07it/s]
accuracy: 0.8636, accuracy3: 1.0000, loss: 0.4169 ||:  10%|#         | 19/184 [00:00<00:03, 42.24it/s]
accuracy: 0.8615, accuracy3: 1.0000, loss: 0.4205 ||:  13%|#3        | 24/184 [00:00<00:03, 43.66it/s]
accuracy: 0.8614, accuracy3: 1.0000, loss: 0.4236 ||:  16%|#5        | 29/184 [00:00<00:03, 44.37it/s]
accuracy: 0.8615, accuracy3: 1.0000, loss: 0.4242 ||:  18%|#8        | 34/184 [00:00<00:03, 45.12it/s]
accuracy: 0.8608, accuracy3: 1.0000, loss: 0.4239 ||:  21%|##1       | 39/184 [00:00<00:03, 44.80it/s]
accuracy: 0.8608, accuracy3: 1.0000, loss: 0.4237 ||:  24%|##3       | 44/184 [00:00<00:03, 44.78it/s]
accuracy: 0.8605, accuracy3: 1.0000, loss: 0.4258 ||:  28%|##8       | 52/184 [00:01<00:02, 51.44it/s]
accuracy: 0.8598, accuracy3: 1.0000, loss: 0.4263 ||:  33%|###2      | 60/184 [00:01<00:02, 56.48it/s]
accuracy: 0.8599, accuracy3: 1.0000, loss: 0.4297 ||:  36%|###5      | 66/184 [00:01<00:02, 56.42it/s]
accuracy: 0.8594, accuracy3: 1.0000, loss: 0.4312 ||:  39%|###9      | 72/184 [00:01<00:02, 51.83it/s]
accuracy: 0.8589, accuracy3: 1.0000, loss: 0.4305 ||:  42%|####2     | 78/184 [00:01<00:02, 49.99it/s]
accuracy: 0.8599, accuracy3: 1.0000, loss: 0.4292 ||:  46%|####5     | 84/184 [00:01<00:01, 51.16it/s]
accuracy: 0.8598, accuracy3: 1.0000, loss: 0.4286 ||:  49%|####8     | 90/184 [00:01<00:01, 52.61it/s]
accuracy: 0.8595, accuracy3: 1.0000, loss: 0.4327 ||:  53%|#####3    | 98/184 [00:01<00:01, 56.22it/s]
accuracy: 0.8588, accuracy3: 1.0000, loss: 0.4322 ||:  57%|#####6    | 104/184 [00:02<00:01, 54.17it/s]
accuracy: 0.8590, accuracy3: 1.0000, loss: 0.4335 ||:  61%|######    | 112/184 [00:02<00:01, 59.29it/s]
accuracy: 0.8584, accuracy3: 1.0000, loss: 0.4343 ||:  65%|######5   | 120/184 [00:02<00:01, 62.32it/s]
accuracy: 0.8592, accuracy3: 1.0000, loss: 0.4331 ||:  69%|######9   | 127/184 [00:02<00:01, 55.88it/s]
accuracy: 0.8595, accuracy3: 1.0000, loss: 0.4324 ||:  72%|#######2  | 133/184 [00:02<00:00, 53.61it/s]
accuracy: 0.8596, accuracy3: 1.0000, loss: 0.4325 ||:  77%|#######6  | 141/184 [00:02<00:00, 59.03it/s]
accuracy: 0.8599, accuracy3: 1.0000, loss: 0.4320 ||:  80%|########  | 148/184 [00:02<00:00, 53.85it/s]
accuracy: 0.8599, accuracy3: 1.0000, loss: 0.4321 ||:  84%|########3 | 154/184 [00:02<00:00, 50.36it/s]
accuracy: 0.8598, accuracy3: 1.0000, loss: 0.4324 ||:  89%|########8 | 163/184 [00:03<00:00, 57.49it/s]
accuracy: 0.8596, accuracy3: 1.0000, loss: 0.4325 ||:  92%|#########2| 170/184 [00:03<00:00, 59.35it/s]
accuracy: 0.8593, accuracy3: 1.0000, loss: 0.4333 ||:  96%|#########6| 177/184 [00:03<00:00, 57.87it/s]
accuracy: 0.8589, accuracy3: 1.0000, loss: 0.4346 ||: 100%|##########| 184/184 [00:03<00:00, 55.13it/s]

  0%|          | 0/98 [00:00<?, ?it/s]
accuracy: 0.8562, accuracy3: 1.0000, loss: 0.5108 ||:  11%|#1        | 11/98 [00:00<00:00, 101.32it/s]
accuracy: 0.8369, accuracy3: 1.0000, loss: 0.5194 ||:  19%|#9        | 19/98 [00:00<00:00, 92.02it/s] 
accuracy: 0.8356, accuracy3: 1.0000, loss: 0.4931 ||:  32%|###1      | 31/98 [00:00<00:00, 97.61it/s]
accuracy: 0.8503, accuracy3: 1.0000, loss: 0.5151 ||:  43%|####2     | 42/98 [00:00<00:00, 95.08it/s]
accuracy: 0.8519, accuracy3: 1.0000, loss: 0.5125 ||:  51%|#####1    | 50/98 [00:00<00:00, 73.95it/s]
accuracy: 0.8555, accuracy3: 1.0000, loss: 0.5022 ||:  58%|#####8    | 57/98 [00:00<00:00, 72.33it/s]
accuracy: 0.8605, accuracy3: 1.0000, loss: 0.5105 ||:  65%|######5   | 64/98 [00:00<00:00, 67.75it/s]
accuracy: 0.8585, accuracy3: 1.0000, loss: 0.5073 ||:  72%|#######2  | 71/98 [00:00<00:00, 63.46it/s]
accuracy: 0.8573, accuracy3: 1.0000, loss: 0.5030 ||:  80%|#######9  | 78/98 [00:01<00:00, 64.43it/s]
accuracy: 0.8609, accuracy3: 1.0000, loss: 0.5092 ||:  87%|########6 | 85/98 [00:01<00:00, 63.93it/s]
accuracy: 0.8633, accuracy3: 1.0000, loss: 0.5178 ||:  94%|#########3| 92/98 [00:01<00:00, 64.12it/s]
accuracy: 0.8650, accuracy3: 1.0000, loss: 0.5158 ||: 100%|##########| 98/98 [00:01<00:00, 71.45it/s]

  0%|          | 0/184 [00:00<?, ?it/s]
accuracy: 0.8698, accuracy3: 1.0000, loss: 0.4515 ||:   2%|2         | 4/184 [00:00<00:05, 33.69it/s]
accuracy: 0.8640, accuracy3: 1.0000, loss: 0.4342 ||:   5%|4         | 9/184 [00:00<00:04, 36.50it/s]
accuracy: 0.8577, accuracy3: 1.0000, loss: 0.4415 ||:  10%|9         | 18/184 [00:00<00:03, 44.30it/s]
accuracy: 0.8546, accuracy3: 1.0000, loss: 0.4405 ||:  14%|#3        | 25/184 [00:00<00:03, 49.35it/s]
accuracy: 0.8564, accuracy3: 1.0000, loss: 0.4409 ||:  17%|#7        | 32/184 [00:00<00:02, 51.79it/s]
accuracy: 0.8573, accuracy3: 1.0000, loss: 0.4376 ||:  21%|##        | 38/184 [00:00<00:02, 50.41it/s]
accuracy: 0.8570, accuracy3: 1.0000, loss: 0.4378 ||:  25%|##5       | 46/184 [00:00<00:02, 55.48it/s]
accuracy: 0.8578, accuracy3: 1.0000, loss: 0.4390 ||:  28%|##8       | 52/184 [00:00<00:02, 51.36it/s]
accuracy: 0.8583, accuracy3: 1.0000, loss: 0.4348 ||:  32%|###1      | 58/184 [00:01<00:02, 46.80it/s]
accuracy: 0.8582, accuracy3: 1.0000, loss: 0.4350 ||:  34%|###4      | 63/184 [00:01<00:02, 46.22it/s]
accuracy: 0.8587, accuracy3: 1.0000, loss: 0.4334 ||:  37%|###6      | 68/184 [00:01<00:02, 46.69it/s]
accuracy: 0.8585, accuracy3: 1.0000, loss: 0.4335 ||:  41%|####      | 75/184 [00:01<00:02, 50.63it/s]
accuracy: 0.8586, accuracy3: 1.0000, loss: 0.4337 ||:  46%|####5     | 84/184 [00:01<00:01, 56.90it/s]
accuracy: 0.8594, accuracy3: 1.0000, loss: 0.4341 ||:  49%|####9     | 91/184 [00:01<00:01, 59.22it/s]
accuracy: 0.8591, accuracy3: 1.0000, loss: 0.4336 ||:  53%|#####3    | 98/184 [00:01<00:01, 56.04it/s]
accuracy: 0.8591, accuracy3: 1.0000, loss: 0.4325 ||:  57%|#####6    | 104/184 [00:01<00:01, 56.06it/s]
accuracy: 0.8591, accuracy3: 1.0000, loss: 0.4326 ||:  60%|#####9    | 110/184 [00:01<00:01, 54.93it/s]
accuracy: 0.8589, accuracy3: 1.0000, loss: 0.4347 ||:  63%|######3   | 116/184 [00:02<00:01, 52.02it/s]
accuracy: 0.8590, accuracy3: 1.0000, loss: 0.4355 ||:  67%|######6   | 123/184 [00:02<00:01, 55.02it/s]
accuracy: 0.8597, accuracy3: 1.0000, loss: 0.4353 ||:  70%|#######   | 129/184 [00:02<00:01, 52.90it/s]
accuracy: 0.8597, accuracy3: 1.0000, loss: 0.4352 ||:  74%|#######4  | 137/184 [00:02<00:00, 58.57it/s]
accuracy: 0.8597, accuracy3: 1.0000, loss: 0.4353 ||:  78%|#######8  | 144/184 [00:02<00:00, 61.14it/s]
accuracy: 0.8591, accuracy3: 1.0000, loss: 0.4361 ||:  83%|########2 | 152/184 [00:02<00:00, 65.37it/s]
accuracy: 0.8588, accuracy3: 1.0000, loss: 0.4359 ||:  86%|########6 | 159/184 [00:02<00:00, 65.64it/s]
accuracy: 0.8588, accuracy3: 1.0000, loss: 0.4345 ||:  90%|######### | 166/184 [00:02<00:00, 62.37it/s]
accuracy: 0.8590, accuracy3: 1.0000, loss: 0.4349 ||:  95%|#########4| 174/184 [00:02<00:00, 66.23it/s]
accuracy: 0.8590, accuracy3: 1.0000, loss: 0.4344 ||:  98%|#########8| 181/184 [00:03<00:00, 62.58it/s]
accuracy: 0.8589, accuracy3: 1.0000, loss: 0.4345 ||: 100%|##########| 184/184 [00:03<00:00, 57.93it/s]

  0%|          | 0/98 [00:00<?, ?it/s]
accuracy: 0.8541, accuracy3: 1.0000, loss: 0.5087 ||:  12%|#2        | 12/98 [00:00<00:00, 115.69it/s]
accuracy: 0.8357, accuracy3: 1.0000, loss: 0.5038 ||:  24%|##4       | 24/98 [00:00<00:00, 115.69it/s]
accuracy: 0.8403, accuracy3: 1.0000, loss: 0.4962 ||:  34%|###3      | 33/98 [00:00<00:00, 100.80it/s]
accuracy: 0.8490, accuracy3: 1.0000, loss: 0.5132 ||:  41%|####      | 40/98 [00:00<00:00, 86.12it/s] 
accuracy: 0.8514, accuracy3: 1.0000, loss: 0.5146 ||:  53%|#####3    | 52/98 [00:00<00:00, 92.32it/s]
accuracy: 0.8595, accuracy3: 1.0000, loss: 0.5095 ||:  64%|######4   | 63/98 [00:00<00:00, 95.78it/s]
accuracy: 0.8577, accuracy3: 1.0000, loss: 0.5074 ||:  76%|#######5  | 74/98 [00:00<00:00, 98.79it/s]
accuracy: 0.8609, accuracy3: 1.0000, loss: 0.5116 ||:  87%|########6 | 85/98 [00:00<00:00, 98.69it/s]
accuracy: 0.8646, accuracy3: 1.0000, loss: 0.5211 ||:  97%|#########6| 95/98 [00:01<00:00, 78.57it/s]
accuracy: 0.8650, accuracy3: 1.0000, loss: 0.5185 ||: 100%|##########| 98/98 [00:01<00:00, 90.33it/s]

  0%|          | 0/184 [00:00<?, ?it/s]
accuracy: 0.8564, accuracy3: 1.0000, loss: 0.4540 ||:   2%|2         | 4/184 [00:00<00:05, 35.45it/s]
accuracy: 0.8554, accuracy3: 1.0000, loss: 0.4383 ||:   5%|4         | 9/184 [00:00<00:04, 38.03it/s]
accuracy: 0.8626, accuracy3: 1.0000, loss: 0.4294 ||:   8%|7         | 14/184 [00:00<00:04, 39.48it/s]
accuracy: 0.8580, accuracy3: 1.0000, loss: 0.4279 ||:  11%|#1        | 21/184 [00:00<00:03, 44.97it/s]
accuracy: 0.8603, accuracy3: 1.0000, loss: 0.4299 ||:  16%|#5        | 29/184 [00:00<00:03, 51.53it/s]
accuracy: 0.8606, accuracy3: 1.0000, loss: 0.4351 ||:  20%|##        | 37/184 [00:00<00:02, 57.59it/s]
accuracy: 0.8614, accuracy3: 1.0000, loss: 0.4304 ||:  23%|##3       | 43/184 [00:00<00:02, 54.45it/s]
accuracy: 0.8616, accuracy3: 1.0000, loss: 0.4307 ||:  27%|##6       | 49/184 [00:00<00:02, 55.87it/s]
accuracy: 0.8605, accuracy3: 1.0000, loss: 0.4300 ||:  32%|###1      | 58/184 [00:00<00:02, 62.00it/s]
accuracy: 0.8596, accuracy3: 1.0000, loss: 0.4305 ||:  35%|###5      | 65/184 [00:01<00:02, 57.49it/s]
accuracy: 0.8597, accuracy3: 1.0000, loss: 0.4307 ||:  39%|###9      | 72/184 [00:01<00:02, 55.36it/s]
accuracy: 0.8593, accuracy3: 1.0000, loss: 0.4297 ||:  42%|####2     | 78/184 [00:01<00:02, 50.59it/s]
accuracy: 0.8591, accuracy3: 1.0000, loss: 0.4291 ||:  46%|####5     | 84/184 [00:01<00:02, 47.86it/s]
accuracy: 0.8587, accuracy3: 1.0000, loss: 0.4304 ||:  49%|####8     | 90/184 [00:01<00:01, 49.78it/s]
accuracy: 0.8584, accuracy3: 1.0000, loss: 0.4328 ||:  52%|#####2    | 96/184 [00:01<00:01, 47.62it/s]
accuracy: 0.8576, accuracy3: 1.0000, loss: 0.4323 ||:  55%|#####5    | 102/184 [00:01<00:01, 49.53it/s]
accuracy: 0.8580, accuracy3: 1.0000, loss: 0.4314 ||:  59%|#####8    | 108/184 [00:02<00:01, 50.40it/s]
accuracy: 0.8588, accuracy3: 1.0000, loss: 0.4316 ||:  63%|######3   | 116/184 [00:02<00:01, 55.77it/s]
accuracy: 0.8597, accuracy3: 1.0000, loss: 0.4305 ||:  67%|######6   | 123/184 [00:02<00:01, 59.38it/s]
accuracy: 0.8594, accuracy3: 1.0000, loss: 0.4311 ||:  71%|#######1  | 131/184 [00:02<00:00, 63.36it/s]
accuracy: 0.8593, accuracy3: 1.0000, loss: 0.4321 ||:  75%|#######5  | 138/184 [00:02<00:00, 56.38it/s]
accuracy: 0.8599, accuracy3: 1.0000, loss: 0.4324 ||:  78%|#######8  | 144/184 [00:02<00:00, 50.94it/s]
accuracy: 0.8599, accuracy3: 1.0000, loss: 0.4314 ||:  82%|########1 | 150/184 [00:02<00:00, 53.18it/s]
accuracy: 0.8599, accuracy3: 1.0000, loss: 0.4317 ||:  85%|########4 | 156/184 [00:02<00:00, 52.14it/s]
accuracy: 0.8597, accuracy3: 1.0000, loss: 0.4326 ||:  89%|########9 | 164/184 [00:02<00:00, 56.68it/s]
accuracy: 0.8589, accuracy3: 1.0000, loss: 0.4335 ||:  93%|#########3| 172/184 [00:03<00:00, 61.61it/s]
accuracy: 0.8589, accuracy3: 1.0000, loss: 0.4341 ||:  97%|#########7| 179/184 [00:03<00:00, 63.39it/s]
accuracy: 0.8589, accuracy3: 1.0000, loss: 0.4336 ||: 100%|##########| 184/184 [00:03<00:00, 56.06it/s]

  0%|          | 0/98 [00:00<?, ?it/s]
accuracy: 0.8562, accuracy3: 1.0000, loss: 0.5139 ||:  11%|#1        | 11/98 [00:00<00:00, 105.46it/s]
accuracy: 0.8337, accuracy3: 1.0000, loss: 0.5090 ||:  17%|#7        | 17/98 [00:00<00:00, 85.00it/s] 
accuracy: 0.8360, accuracy3: 1.0000, loss: 0.5083 ||:  23%|##3       | 23/98 [00:00<00:01, 74.95it/s]
accuracy: 0.8403, accuracy3: 1.0000, loss: 0.4956 ||:  34%|###3      | 33/98 [00:00<00:00, 79.57it/s]
accuracy: 0.8509, accuracy3: 1.0000, loss: 0.5216 ||:  44%|####3     | 43/98 [00:00<00:00, 83.82it/s]
accuracy: 0.8523, accuracy3: 1.0000, loss: 0.5134 ||:  52%|#####2    | 51/98 [00:00<00:00, 82.23it/s]
accuracy: 0.8605, accuracy3: 1.0000, loss: 0.5123 ||:  65%|######5   | 64/98 [00:00<00:00, 92.18it/s]
accuracy: 0.8581, accuracy3: 1.0000, loss: 0.5076 ||:  74%|#######4  | 73/98 [00:00<00:00, 89.10it/s]
accuracy: 0.8594, accuracy3: 1.0000, loss: 0.5113 ||:  84%|########3 | 82/98 [00:00<00:00, 82.15it/s]
accuracy: 0.8641, accuracy3: 1.0000, loss: 0.5212 ||:  95%|#########4| 93/98 [00:01<00:00, 88.46it/s]
accuracy: 0.8650, accuracy3: 1.0000, loss: 0.5175 ||: 100%|##########| 98/98 [00:01<00:00, 88.67it/s]

  0%|          | 0/184 [00:00<?, ?it/s]
accuracy: 0.8719, accuracy3: 1.0000, loss: 0.4211 ||:   2%|2         | 4/184 [00:00<00:04, 39.31it/s]
accuracy: 0.8570, accuracy3: 1.0000, loss: 0.4395 ||:   5%|4         | 9/184 [00:00<00:04, 41.51it/s]
accuracy: 0.8546, accuracy3: 1.0000, loss: 0.4325 ||:   8%|8         | 15/184 [00:00<00:03, 43.06it/s]
accuracy: 0.8572, accuracy3: 1.0000, loss: 0.4377 ||:  11%|#         | 20/184 [00:00<00:03, 43.25it/s]
accuracy: 0.8547, accuracy3: 1.0000, loss: 0.4416 ||:  14%|#3        | 25/184 [00:00<00:03, 44.73it/s]
accuracy: 0.8570, accuracy3: 1.0000, loss: 0.4398 ||:  16%|#6        | 30/184 [00:00<00:03, 44.77it/s]
accuracy: 0.8571, accuracy3: 1.0000, loss: 0.4438 ||:  19%|#9        | 35/184 [00:00<00:03, 43.82it/s]
accuracy: 0.8575, accuracy3: 1.0000, loss: 0.4418 ||:  22%|##1       | 40/184 [00:00<00:03, 44.98it/s]
accuracy: 0.8568, accuracy3: 1.0000, loss: 0.4426 ||:  25%|##5       | 46/184 [00:00<00:02, 48.60it/s]
accuracy: 0.8557, accuracy3: 1.0000, loss: 0.4443 ||:  28%|##7       | 51/184 [00:01<00:02, 48.97it/s]
accuracy: 0.8557, accuracy3: 1.0000, loss: 0.4424 ||:  32%|###2      | 59/184 [00:01<00:02, 54.66it/s]
accuracy: 0.8574, accuracy3: 1.0000, loss: 0.4396 ||:  35%|###5      | 65/184 [00:01<00:02, 54.15it/s]
accuracy: 0.8571, accuracy3: 1.0000, loss: 0.4388 ||:  39%|###8      | 71/184 [00:01<00:02, 52.07it/s]
accuracy: 0.8573, accuracy3: 1.0000, loss: 0.4395 ||:  42%|####1     | 77/184 [00:01<00:02, 49.22it/s]
accuracy: 0.8571, accuracy3: 1.0000, loss: 0.4406 ||:  45%|####5     | 83/184 [00:01<00:02, 48.69it/s]
accuracy: 0.8574, accuracy3: 1.0000, loss: 0.4391 ||:  48%|####7     | 88/184 [00:01<00:02, 47.51it/s]
accuracy: 0.8579, accuracy3: 1.0000, loss: 0.4390 ||:  51%|#####     | 93/184 [00:01<00:01, 46.55it/s]
accuracy: 0.8581, accuracy3: 1.0000, loss: 0.4374 ||:  53%|#####3    | 98/184 [00:02<00:01, 47.12it/s]
accuracy: 0.8579, accuracy3: 1.0000, loss: 0.4371 ||:  56%|#####5    | 103/184 [00:02<00:01, 45.96it/s]
accuracy: 0.8582, accuracy3: 1.0000, loss: 0.4357 ||:  59%|#####9    | 109/184 [00:02<00:01, 48.56it/s]
accuracy: 0.8581, accuracy3: 1.0000, loss: 0.4341 ||:  62%|######1   | 114/184 [00:02<00:01, 47.51it/s]
accuracy: 0.8583, accuracy3: 1.0000, loss: 0.4348 ||:  65%|######4   | 119/184 [00:02<00:01, 46.22it/s]
accuracy: 0.8575, accuracy3: 1.0000, loss: 0.4352 ||:  68%|######8   | 126/184 [00:02<00:01, 49.16it/s]
accuracy: 0.8572, accuracy3: 1.0000, loss: 0.4355 ||:  71%|#######1  | 131/184 [00:02<00:01, 48.84it/s]
accuracy: 0.8577, accuracy3: 1.0000, loss: 0.4349 ||:  74%|#######3  | 136/184 [00:02<00:01, 45.69it/s]
accuracy: 0.8579, accuracy3: 1.0000, loss: 0.4343 ||:  77%|#######7  | 142/184 [00:02<00:00, 47.93it/s]
accuracy: 0.8582, accuracy3: 1.0000, loss: 0.4346 ||:  80%|########  | 148/184 [00:03<00:00, 50.06it/s]
accuracy: 0.8577, accuracy3: 1.0000, loss: 0.4365 ||:  84%|########3 | 154/184 [00:03<00:00, 50.22it/s]
accuracy: 0.8584, accuracy3: 1.0000, loss: 0.4355 ||:  87%|########6 | 160/184 [00:03<00:00, 50.62it/s]
accuracy: 0.8586, accuracy3: 1.0000, loss: 0.4357 ||:  90%|######### | 166/184 [00:03<00:00, 50.22it/s]
accuracy: 0.8592, accuracy3: 1.0000, loss: 0.4352 ||:  93%|#########3| 172/184 [00:03<00:00, 47.72it/s]
accuracy: 0.8590, accuracy3: 1.0000, loss: 0.4344 ||:  97%|#########6| 178/184 [00:03<00:00, 47.75it/s]
accuracy: 0.8588, accuracy3: 1.0000, loss: 0.4340 ||:  99%|#########9| 183/184 [00:03<00:00, 47.01it/s]
accuracy: 0.8589, accuracy3: 1.0000, loss: 0.4336 ||: 100%|##########| 184/184 [00:03<00:00, 48.63it/s]

  0%|          | 0/98 [00:00<?, ?it/s]
accuracy: 0.8445, accuracy3: 1.0000, loss: 0.4707 ||:   7%|7         | 7/98 [00:00<00:01, 65.55it/s]
accuracy: 0.8369, accuracy3: 1.0000, loss: 0.5194 ||:  19%|#9        | 19/98 [00:00<00:01, 74.80it/s]
accuracy: 0.8353, accuracy3: 1.0000, loss: 0.5007 ||:  27%|##6       | 26/98 [00:00<00:01, 71.95it/s]
accuracy: 0.8403, accuracy3: 1.0000, loss: 0.4940 ||:  34%|###3      | 33/98 [00:00<00:00, 71.20it/s]
accuracy: 0.8511, accuracy3: 1.0000, loss: 0.5206 ||:  45%|####4     | 44/98 [00:00<00:00, 79.33it/s]
accuracy: 0.8550, accuracy3: 1.0000, loss: 0.5053 ||:  57%|#####7    | 56/98 [00:00<00:00, 87.39it/s]
accuracy: 0.8614, accuracy3: 1.0000, loss: 0.5106 ||:  66%|######6   | 65/98 [00:00<00:00, 84.40it/s]
accuracy: 0.8578, accuracy3: 1.0000, loss: 0.5039 ||:  78%|#######7  | 76/98 [00:00<00:00, 88.47it/s]
accuracy: 0.8614, accuracy3: 1.0000, loss: 0.5130 ||:  89%|########8 | 87/98 [00:00<00:00, 91.76it/s]
accuracy: 0.8651, accuracy3: 1.0000, loss: 0.5176 ||:  99%|#########8| 97/98 [00:01<00:00, 86.15it/s]
accuracy: 0.8650, accuracy3: 1.0000, loss: 0.5162 ||: 100%|##########| 98/98 [00:01<00:00, 89.10it/s]

  0%|          | 0/184 [00:00<?, ?it/s]
accuracy: 0.8639, accuracy3: 1.0000, loss: 0.4860 ||:   2%|2         | 4/184 [00:00<00:04, 36.44it/s]
accuracy: 0.8561, accuracy3: 1.0000, loss: 0.4820 ||:   5%|4         | 9/184 [00:00<00:04, 39.40it/s]
accuracy: 0.8586, accuracy3: 1.0000, loss: 0.4721 ||:   8%|7         | 14/184 [00:00<00:04, 41.45it/s]
accuracy: 0.8577, accuracy3: 1.0000, loss: 0.4563 ||:  11%|#1        | 21/184 [00:00<00:03, 46.23it/s]
accuracy: 0.8570, accuracy3: 1.0000, loss: 0.4522 ||:  16%|#5        | 29/184 [00:00<00:02, 52.23it/s]
accuracy: 0.8565, accuracy3: 1.0000, loss: 0.4553 ||:  19%|#9        | 35/184 [00:00<00:02, 51.99it/s]
accuracy: 0.8574, accuracy3: 1.0000, loss: 0.4451 ||:  24%|##3       | 44/184 [00:00<00:02, 58.64it/s]
accuracy: 0.8583, accuracy3: 1.0000, loss: 0.4415 ||:  28%|##7       | 51/184 [00:00<00:02, 54.96it/s]
accuracy: 0.8581, accuracy3: 1.0000, loss: 0.4401 ||:  31%|###       | 57/184 [00:01<00:02, 52.44it/s]
accuracy: 0.8592, accuracy3: 1.0000, loss: 0.4368 ||:  34%|###4      | 63/184 [00:01<00:02, 50.38it/s]
accuracy: 0.8587, accuracy3: 1.0000, loss: 0.4350 ||:  38%|###7      | 69/184 [00:01<00:02, 52.34it/s]
accuracy: 0.8593, accuracy3: 1.0000, loss: 0.4345 ||:  41%|####      | 75/184 [00:01<00:02, 50.28it/s]
accuracy: 0.8593, accuracy3: 1.0000, loss: 0.4340 ||:  46%|####5     | 84/184 [00:01<00:01, 57.19it/s]
accuracy: 0.8590, accuracy3: 1.0000, loss: 0.4359 ||:  50%|#####     | 92/184 [00:01<00:01, 60.43it/s]
accuracy: 0.8594, accuracy3: 1.0000, loss: 0.4354 ||:  54%|#####3    | 99/184 [00:01<00:01, 57.19it/s]
accuracy: 0.8591, accuracy3: 1.0000, loss: 0.4354 ||:  59%|#####8    | 108/184 [00:01<00:01, 63.38it/s]
accuracy: 0.8587, accuracy3: 1.0000, loss: 0.4355 ||:  62%|######2   | 115/184 [00:02<00:01, 57.93it/s]
accuracy: 0.8597, accuracy3: 1.0000, loss: 0.4338 ||:  66%|######6   | 122/184 [00:02<00:01, 51.28it/s]
accuracy: 0.8600, accuracy3: 1.0000, loss: 0.4348 ||:  70%|#######   | 129/184 [00:02<00:01, 54.99it/s]
accuracy: 0.8602, accuracy3: 1.0000, loss: 0.4342 ||:  73%|#######3  | 135/184 [00:02<00:00, 51.93it/s]
accuracy: 0.8602, accuracy3: 1.0000, loss: 0.4329 ||:  78%|#######8  | 144/184 [00:02<00:00, 59.27it/s]
accuracy: 0.8597, accuracy3: 1.0000, loss: 0.4323 ||:  83%|########2 | 152/184 [00:02<00:00, 63.82it/s]
accuracy: 0.8597, accuracy3: 1.0000, loss: 0.4326 ||:  86%|########6 | 159/184 [00:02<00:00, 58.57it/s]
accuracy: 0.8590, accuracy3: 1.0000, loss: 0.4334 ||:  91%|#########1| 168/184 [00:02<00:00, 64.47it/s]
accuracy: 0.8594, accuracy3: 1.0000, loss: 0.4327 ||:  96%|#########5| 176/184 [00:02<00:00, 65.80it/s]
accuracy: 0.8589, accuracy3: 1.0000, loss: 0.4338 ||:  99%|#########9| 183/184 [00:03<00:00, 58.35it/s]
accuracy: 0.8589, accuracy3: 1.0000, loss: 0.4352 ||: 100%|##########| 184/184 [00:03<00:00, 58.44it/s]

  0%|          | 0/98 [00:00<?, ?it/s]
accuracy: 0.8445, accuracy3: 1.0000, loss: 0.4709 ||:   7%|7         | 7/98 [00:00<00:01, 67.51it/s]
accuracy: 0.8465, accuracy3: 1.0000, loss: 0.5130 ||:  14%|#4        | 14/98 [00:00<00:01, 65.92it/s]
accuracy: 0.8372, accuracy3: 1.0000, loss: 0.5185 ||:  20%|##        | 20/98 [00:00<00:01, 62.03it/s]
accuracy: 0.8353, accuracy3: 1.0000, loss: 0.5031 ||:  27%|##6       | 26/98 [00:00<00:01, 60.26it/s]
accuracy: 0.8389, accuracy3: 1.0000, loss: 0.4952 ||:  33%|###2      | 32/98 [00:00<00:01, 59.73it/s]
accuracy: 0.8481, accuracy3: 1.0000, loss: 0.5094 ||:  40%|###9      | 39/98 [00:00<00:00, 59.49it/s]
accuracy: 0.8509, accuracy3: 1.0000, loss: 0.5270 ||:  46%|####5     | 45/98 [00:00<00:00, 59.47it/s]
accuracy: 0.8518, accuracy3: 1.0000, loss: 0.5152 ||:  54%|#####4    | 53/98 [00:00<00:00, 64.02it/s]
accuracy: 0.8569, accuracy3: 1.0000, loss: 0.5096 ||:  62%|######2   | 61/98 [00:00<00:00, 64.41it/s]
accuracy: 0.8585, accuracy3: 1.0000, loss: 0.5099 ||:  72%|#######2  | 71/98 [00:01<00:00, 71.23it/s]
accuracy: 0.8597, accuracy3: 1.0000, loss: 0.5134 ||:  85%|########4 | 83/98 [00:01<00:00, 80.11it/s]
accuracy: 0.8633, accuracy3: 1.0000, loss: 0.5208 ||:  94%|#########3| 92/98 [00:01<00:00, 72.72it/s]
accuracy: 0.8650, accuracy3: 1.0000, loss: 0.5188 ||: 100%|##########| 98/98 [00:01<00:00, 68.35it/s]

  0%|          | 0/184 [00:00<?, ?it/s]
accuracy: 0.8477, accuracy3: 1.0000, loss: 0.4259 ||:   3%|2         | 5/184 [00:00<00:04, 44.64it/s]
accuracy: 0.8596, accuracy3: 1.0000, loss: 0.4334 ||:   5%|5         | 10/184 [00:00<00:03, 45.95it/s]
accuracy: 0.8550, accuracy3: 1.0000, loss: 0.4419 ||:   8%|8         | 15/184 [00:00<00:03, 45.79it/s]
accuracy: 0.8581, accuracy3: 1.0000, loss: 0.4489 ||:  11%|#         | 20/184 [00:00<00:03, 46.23it/s]
accuracy: 0.8600, accuracy3: 1.0000, loss: 0.4434 ||:  14%|#4        | 26/184 [00:00<00:03, 47.89it/s]
accuracy: 0.8591, accuracy3: 1.0000, loss: 0.4452 ||:  17%|#7        | 32/184 [00:00<00:03, 48.43it/s]
accuracy: 0.8591, accuracy3: 1.0000, loss: 0.4418 ||:  21%|##        | 38/184 [00:00<00:02, 49.27it/s]
accuracy: 0.8591, accuracy3: 1.0000, loss: 0.4415 ||:  23%|##3       | 43/184 [00:00<00:02, 48.17it/s]
accuracy: 0.8584, accuracy3: 1.0000, loss: 0.4412 ||:  26%|##6       | 48/184 [00:00<00:02, 48.21it/s]
accuracy: 0.8594, accuracy3: 1.0000, loss: 0.4396 ||:  29%|##9       | 54/184 [00:01<00:02, 48.88it/s]
accuracy: 0.8600, accuracy3: 1.0000, loss: 0.4368 ||:  32%|###2      | 59/184 [00:01<00:02, 48.51it/s]
accuracy: 0.8601, accuracy3: 1.0000, loss: 0.4392 ||:  35%|###4      | 64/184 [00:01<00:02, 47.56it/s]
accuracy: 0.8591, accuracy3: 1.0000, loss: 0.4399 ||:  38%|###8      | 70/184 [00:01<00:02, 47.50it/s]
accuracy: 0.8587, accuracy3: 1.0000, loss: 0.4387 ||:  41%|####      | 75/184 [00:01<00:02, 46.36it/s]
accuracy: 0.8587, accuracy3: 1.0000, loss: 0.4406 ||:  43%|####3     | 80/184 [00:01<00:02, 46.87it/s]
accuracy: 0.8586, accuracy3: 1.0000, loss: 0.4389 ||:  46%|####6     | 85/184 [00:01<00:02, 44.61it/s]
accuracy: 0.8589, accuracy3: 1.0000, loss: 0.4386 ||:  49%|####8     | 90/184 [00:01<00:02, 44.56it/s]
accuracy: 0.8594, accuracy3: 1.0000, loss: 0.4383 ||:  52%|#####1    | 95/184 [00:02<00:01, 44.56it/s]
accuracy: 0.8588, accuracy3: 1.0000, loss: 0.4383 ||:  54%|#####4    | 100/184 [00:02<00:01, 44.58it/s]
accuracy: 0.8586, accuracy3: 1.0000, loss: 0.4385 ||:  58%|#####8    | 107/184 [00:02<00:01, 49.41it/s]
accuracy: 0.8584, accuracy3: 1.0000, loss: 0.4384 ||:  62%|######1   | 114/184 [00:02<00:01, 53.21it/s]
accuracy: 0.8585, accuracy3: 1.0000, loss: 0.4404 ||:  65%|######5   | 120/184 [00:02<00:01, 52.59it/s]
accuracy: 0.8588, accuracy3: 1.0000, loss: 0.4388 ||:  70%|#######   | 129/184 [00:02<00:00, 58.82it/s]
accuracy: 0.8589, accuracy3: 1.0000, loss: 0.4376 ||:  74%|#######3  | 136/184 [00:02<00:00, 61.76it/s]
accuracy: 0.8592, accuracy3: 1.0000, loss: 0.4366 ||:  78%|#######7  | 143/184 [00:02<00:00, 55.68it/s]
accuracy: 0.8591, accuracy3: 1.0000, loss: 0.4368 ||:  81%|########  | 149/184 [00:02<00:00, 50.42it/s]
accuracy: 0.8593, accuracy3: 1.0000, loss: 0.4366 ||:  84%|########4 | 155/184 [00:03<00:00, 49.10it/s]
accuracy: 0.8595, accuracy3: 1.0000, loss: 0.4345 ||:  88%|########8 | 162/184 [00:03<00:00, 53.42it/s]
accuracy: 0.8591, accuracy3: 1.0000, loss: 0.4343 ||:  92%|#########1| 169/184 [00:03<00:00, 56.98it/s]
accuracy: 0.8589, accuracy3: 1.0000, loss: 0.4339 ||:  95%|#########5| 175/184 [00:03<00:00, 48.02it/s]
accuracy: 0.8588, accuracy3: 1.0000, loss: 0.4340 ||:  98%|#########8| 181/184 [00:03<00:00, 48.65it/s]
accuracy: 0.8589, accuracy3: 1.0000, loss: 0.4338 ||: 100%|##########| 184/184 [00:03<00:00, 50.60it/s]

  0%|          | 0/98 [00:00<?, ?it/s]
accuracy: 0.8493, accuracy3: 1.0000, loss: 0.4899 ||:   8%|8         | 8/98 [00:00<00:01, 63.16it/s]
accuracy: 0.8366, accuracy3: 1.0000, loss: 0.5160 ||:  18%|#8        | 18/98 [00:00<00:01, 69.82it/s]
accuracy: 0.8353, accuracy3: 1.0000, loss: 0.5031 ||:  27%|##6       | 26/98 [00:00<00:01, 69.14it/s]
accuracy: 0.8389, accuracy3: 1.0000, loss: 0.4952 ||:  33%|###2      | 32/98 [00:00<00:01, 64.48it/s]
accuracy: 0.8485, accuracy3: 1.0000, loss: 0.5044 ||:  39%|###8      | 38/98 [00:00<00:00, 60.41it/s]
accuracy: 0.8509, accuracy3: 1.0000, loss: 0.5271 ||:  46%|####5     | 45/98 [00:00<00:00, 61.85it/s]
accuracy: 0.8514, accuracy3: 1.0000, loss: 0.5148 ||:  53%|#####3    | 52/98 [00:00<00:00, 62.64it/s]
accuracy: 0.8556, accuracy3: 1.0000, loss: 0.5069 ||:  59%|#####9    | 58/98 [00:00<00:00, 60.87it/s]
accuracy: 0.8605, accuracy3: 1.0000, loss: 0.5105 ||:  69%|######9   | 68/98 [00:01<00:00, 66.71it/s]
accuracy: 0.8582, accuracy3: 1.0000, loss: 0.5059 ||:  79%|#######8  | 77/98 [00:01<00:00, 70.64it/s]
accuracy: 0.8614, accuracy3: 1.0000, loss: 0.5183 ||:  90%|########9 | 88/98 [00:01<00:00, 78.10it/s]
accuracy: 0.8651, accuracy3: 1.0000, loss: 0.5204 ||:  99%|#########8| 97/98 [00:01<00:00, 64.36it/s]
accuracy: 0.8650, accuracy3: 1.0000, loss: 0.5189 ||: 100%|##########| 98/98 [00:01<00:00, 68.45it/s]

