2019-02-11 08:36:28,625 - INFO - allennlp.common.from_params - instantiating class <class 'allennlp.data.dataset_readers.dataset_reader.DatasetReader'> from params {'mytokenizer': {'type': 'word', 'word_splitter': {'ner': True, 'parse': True, 'pos_tags': True, 'type': 'whitespacy'}}, 'token_indexers': {'dependency_label': {'namespace': 'dependencies', 'type': 'dependency_label'}, 'ner_tag': {'namespace': 'ner', 'type': 'ner_tag'}, 'pos_tag': {'coarse_tags': True, 'namespace': 'pos', 'type': 'pos_tag'}}, 'type': 'sequence_tagging2', 'word_tag_delimiter': '//'} and extras {}
2019-02-11 08:36:28,626 - INFO - allennlp.common.params - dataset_reader.type = sequence_tagging2
2019-02-11 08:36:28,626 - INFO - allennlp.common.from_params - instantiating class <class 'myallennlp.dataset_readers.sequence_tagging2.SequenceTaggingDatasetReader'> from params {'mytokenizer': {'type': 'word', 'word_splitter': {'ner': True, 'parse': True, 'pos_tags': True, 'type': 'whitespacy'}}, 'token_indexers': {'dependency_label': {'namespace': 'dependencies', 'type': 'dependency_label'}, 'ner_tag': {'namespace': 'ner', 'type': 'ner_tag'}, 'pos_tag': {'coarse_tags': True, 'namespace': 'pos', 'type': 'pos_tag'}}, 'word_tag_delimiter': '//'} and extras {}
2019-02-11 08:36:28,626 - INFO - allennlp.common.params - dataset_reader.word_tag_delimiter = //
2019-02-11 08:36:28,626 - INFO - allennlp.common.params - dataset_reader.token_delimiter = None
2019-02-11 08:36:28,627 - INFO - allennlp.common.from_params - instantiating class allennlp.data.token_indexers.token_indexer.TokenIndexer from params {'namespace': 'dependencies', 'type': 'dependency_label'} and extras {}
2019-02-11 08:36:28,627 - INFO - allennlp.common.params - dataset_reader.token_indexers.dependency_label.type = dependency_label
2019-02-11 08:36:28,627 - INFO - allennlp.common.from_params - instantiating class allennlp.data.token_indexers.dep_label_indexer.DepLabelIndexer from params {'namespace': 'dependencies'} and extras {}
2019-02-11 08:36:28,627 - INFO - allennlp.common.params - dataset_reader.token_indexers.dependency_label.namespace = dependencies
2019-02-11 08:36:28,627 - INFO - allennlp.common.from_params - instantiating class allennlp.data.token_indexers.token_indexer.TokenIndexer from params {'namespace': 'ner', 'type': 'ner_tag'} and extras {}
2019-02-11 08:36:28,627 - INFO - allennlp.common.params - dataset_reader.token_indexers.ner_tag.type = ner_tag
2019-02-11 08:36:28,628 - INFO - allennlp.common.from_params - instantiating class allennlp.data.token_indexers.ner_tag_indexer.NerTagIndexer from params {'namespace': 'ner'} and extras {}
2019-02-11 08:36:28,628 - INFO - allennlp.common.params - dataset_reader.token_indexers.ner_tag.namespace = ner
2019-02-11 08:36:28,628 - INFO - allennlp.common.from_params - instantiating class allennlp.data.token_indexers.token_indexer.TokenIndexer from params {'coarse_tags': True, 'namespace': 'pos', 'type': 'pos_tag'} and extras {}
2019-02-11 08:36:28,628 - INFO - allennlp.common.params - dataset_reader.token_indexers.pos_tag.type = pos_tag
2019-02-11 08:36:28,628 - INFO - allennlp.common.from_params - instantiating class allennlp.data.token_indexers.pos_tag_indexer.PosTagIndexer from params {'coarse_tags': True, 'namespace': 'pos'} and extras {}
2019-02-11 08:36:28,628 - INFO - allennlp.common.params - dataset_reader.token_indexers.pos_tag.namespace = pos
2019-02-11 08:36:28,628 - INFO - allennlp.common.params - dataset_reader.token_indexers.pos_tag.coarse_tags = True
2019-02-11 08:36:28,629 - INFO - allennlp.common.params - dataset_reader.lazy = False
2019-02-11 08:36:28,629 - INFO - allennlp.common.from_params - instantiating class <class 'allennlp.data.tokenizers.tokenizer.Tokenizer'> from params {'type': 'word', 'word_splitter': {'ner': True, 'parse': True, 'pos_tags': True, 'type': 'whitespacy'}} and extras {}
2019-02-11 08:36:28,629 - INFO - allennlp.common.params - dataset_reader.mytokenizer.type = word
2019-02-11 08:36:28,629 - INFO - allennlp.common.from_params - instantiating class <class 'allennlp.data.tokenizers.word_tokenizer.WordTokenizer'> from params {'word_splitter': {'ner': True, 'parse': True, 'pos_tags': True, 'type': 'whitespacy'}} and extras {}
2019-02-11 08:36:28,630 - INFO - allennlp.common.from_params - instantiating class <class 'allennlp.data.tokenizers.word_splitter.WordSplitter'> from params {'ner': True, 'parse': True, 'pos_tags': True, 'type': 'whitespacy'} and extras {}
2019-02-11 08:36:28,630 - INFO - allennlp.common.params - dataset_reader.mytokenizer.word_splitter.type = whitespacy
2019-02-11 08:36:28,630 - INFO - allennlp.common.from_params - instantiating class <class 'myallennlp.data.tokenizers.word_splitter.SpacyWordSplitter'> from params {'ner': True, 'parse': True, 'pos_tags': True} and extras {}
2019-02-11 08:36:28,630 - INFO - allennlp.common.params - dataset_reader.mytokenizer.word_splitter.language = en_core_web_sm
2019-02-11 08:36:28,630 - INFO - allennlp.common.params - dataset_reader.mytokenizer.word_splitter.pos_tags = True
2019-02-11 08:36:28,630 - INFO - allennlp.common.params - dataset_reader.mytokenizer.word_splitter.parse = True
2019-02-11 08:36:28,630 - INFO - allennlp.common.params - dataset_reader.mytokenizer.word_splitter.ner = True
2019-02-11 08:36:29,232 - INFO - allennlp.common.params - dataset_reader.mytokenizer.start_tokens = None
2019-02-11 08:36:29,232 - INFO - allennlp.common.params - dataset_reader.mytokenizer.end_tokens = None
2019-02-11 08:36:29,232 - INFO - allennlp.common.params - dataset_reader.use_spacy_directly = False
2019-02-11 08:36:29,233 - INFO - allennlp.common.params - validation_dataset_reader = None
2019-02-11 08:36:29,233 - INFO - allennlp.common.params - train_data_path = ../data/allenTrain.txt
2019-02-11 08:36:29,233 - INFO - allennlp.commands.train - Reading training data from ../data/allenTrain.txt
2019-02-11 08:36:29,233 - INFO - myallennlp.dataset_readers.sequence_tagging2 - Reading instances from lines in file at: ../data/allenTrain.txt
2019-02-11 08:37:32,662 - INFO - allennlp.common.params - validation_data_path = ../data/allenDev.txt
2019-02-11 08:37:32,662 - INFO - allennlp.commands.train - Reading validation data from ../data/allenDev.txt
2019-02-11 08:37:32,663 - INFO - myallennlp.dataset_readers.sequence_tagging2 - Reading instances from lines in file at: ../data/allenDev.txt
2019-02-11 08:38:01,358 - INFO - allennlp.common.params - test_data_path = None
2019-02-11 08:38:01,358 - INFO - allennlp.commands.train - From dataset instances, train, validation will be considered for vocabulary creation.
2019-02-11 08:38:01,358 - INFO - allennlp.common.params - vocabulary.type = None
2019-02-11 08:38:01,358 - INFO - allennlp.common.params - vocabulary.extend = False
2019-02-11 08:38:01,358 - INFO - allennlp.common.params - vocabulary.directory_path = None
2019-02-11 08:38:01,359 - INFO - allennlp.common.params - vocabulary.min_count = None
2019-02-11 08:38:01,359 - INFO - allennlp.common.params - vocabulary.max_vocab_size = None
2019-02-11 08:38:01,359 - INFO - allennlp.common.params - vocabulary.non_padded_namespaces = ('*tags', '*labels')
2019-02-11 08:38:01,359 - INFO - allennlp.common.params - vocabulary.min_pretrained_embeddings = None
2019-02-11 08:38:01,359 - INFO - allennlp.common.params - vocabulary.only_include_pretrained_words = False
2019-02-11 08:38:01,359 - INFO - allennlp.common.params - vocabulary.tokens_to_add = None
2019-02-11 08:38:01,359 - INFO - allennlp.data.vocabulary - Fitting token dictionary from dataset.
2019-02-11 08:38:01,905 - INFO - allennlp.common.from_params - instantiating class <class 'allennlp.models.model.Model'> from params {'Ntags0': 80, 'Ntags1': 20, 'do_crossentropy_weighting': True, 'encoder': {'bidirectional': True, 'dropout': 0.5, 'hidden_size': 54, 'input_size': 54, 'num_layers': 2, 'type': 'rnn'}, 'text_field_embedder': {'token_embedders': {'dependency_label': {'embedding_dim': 20, 'type': 'embedding', 'vocab_namespace': 'dependencies'}, 'ner_tag': {'embedding_dim': 19, 'type': 'embedding', 'vocab_namespace': 'ner'}, 'pos_tag': {'embedding_dim': 15, 'type': 'embedding', 'vocab_namespace': 'pos'}}}, 'type': 'simple_tagger2'} and extras {'vocab': Vocabulary with namespaces:  dependencies, Size: 47 || ner, Size: 21 || pos, Size: 17 || labels, Size: 2 || Non Padded Namespaces: {'*labels', '*tags'}}
2019-02-11 08:38:01,906 - INFO - allennlp.common.params - model.type = simple_tagger2
2019-02-11 08:38:01,906 - INFO - allennlp.common.from_params - instantiating class <class 'myallennlp.models.simple_tagger2.SimpleTagger2'> from params {'Ntags0': 80, 'Ntags1': 20, 'do_crossentropy_weighting': True, 'encoder': {'bidirectional': True, 'dropout': 0.5, 'hidden_size': 54, 'input_size': 54, 'num_layers': 2, 'type': 'rnn'}, 'text_field_embedder': {'token_embedders': {'dependency_label': {'embedding_dim': 20, 'type': 'embedding', 'vocab_namespace': 'dependencies'}, 'ner_tag': {'embedding_dim': 19, 'type': 'embedding', 'vocab_namespace': 'ner'}, 'pos_tag': {'embedding_dim': 15, 'type': 'embedding', 'vocab_namespace': 'pos'}}}} and extras {'vocab': Vocabulary with namespaces:  dependencies, Size: 47 || ner, Size: 21 || pos, Size: 17 || labels, Size: 2 || Non Padded Namespaces: {'*labels', '*tags'}}
2019-02-11 08:38:01,906 - INFO - allennlp.common.from_params - instantiating class <class 'allennlp.modules.text_field_embedders.text_field_embedder.TextFieldEmbedder'> from params {'token_embedders': {'dependency_label': {'embedding_dim': 20, 'type': 'embedding', 'vocab_namespace': 'dependencies'}, 'ner_tag': {'embedding_dim': 19, 'type': 'embedding', 'vocab_namespace': 'ner'}, 'pos_tag': {'embedding_dim': 15, 'type': 'embedding', 'vocab_namespace': 'pos'}}} and extras {'vocab': Vocabulary with namespaces:  dependencies, Size: 47 || ner, Size: 21 || pos, Size: 17 || labels, Size: 2 || Non Padded Namespaces: {'*labels', '*tags'}}
2019-02-11 08:38:01,906 - INFO - allennlp.common.params - model.text_field_embedder.type = basic
2019-02-11 08:38:01,907 - INFO - allennlp.common.params - model.text_field_embedder.embedder_to_indexer_map = None
2019-02-11 08:38:01,907 - INFO - allennlp.common.params - model.text_field_embedder.allow_unmatched_keys = False
2019-02-11 08:38:01,907 - INFO - allennlp.common.from_params - instantiating class <class 'allennlp.modules.token_embedders.token_embedder.TokenEmbedder'> from params {'embedding_dim': 20, 'type': 'embedding', 'vocab_namespace': 'dependencies'} and extras {'vocab': Vocabulary with namespaces:  dependencies, Size: 47 || ner, Size: 21 || pos, Size: 17 || labels, Size: 2 || Non Padded Namespaces: {'*labels', '*tags'}}
2019-02-11 08:38:01,907 - INFO - allennlp.common.params - model.text_field_embedder.token_embedders.dependency_label.type = embedding
2019-02-11 08:38:01,907 - INFO - allennlp.common.params - model.text_field_embedder.token_embedders.dependency_label.num_embeddings = None
2019-02-11 08:38:01,907 - INFO - allennlp.common.params - model.text_field_embedder.token_embedders.dependency_label.vocab_namespace = dependencies
2019-02-11 08:38:01,907 - INFO - allennlp.common.params - model.text_field_embedder.token_embedders.dependency_label.embedding_dim = 20
2019-02-11 08:38:01,907 - INFO - allennlp.common.params - model.text_field_embedder.token_embedders.dependency_label.pretrained_file = None
2019-02-11 08:38:01,908 - INFO - allennlp.common.params - model.text_field_embedder.token_embedders.dependency_label.projection_dim = None
2019-02-11 08:38:01,908 - INFO - allennlp.common.params - model.text_field_embedder.token_embedders.dependency_label.trainable = True
2019-02-11 08:38:01,908 - INFO - allennlp.common.params - model.text_field_embedder.token_embedders.dependency_label.padding_index = None
2019-02-11 08:38:01,908 - INFO - allennlp.common.params - model.text_field_embedder.token_embedders.dependency_label.max_norm = None
2019-02-11 08:38:01,908 - INFO - allennlp.common.params - model.text_field_embedder.token_embedders.dependency_label.norm_type = 2.0
2019-02-11 08:38:01,908 - INFO - allennlp.common.params - model.text_field_embedder.token_embedders.dependency_label.scale_grad_by_freq = False
2019-02-11 08:38:01,908 - INFO - allennlp.common.params - model.text_field_embedder.token_embedders.dependency_label.sparse = False
2019-02-11 08:38:01,951 - INFO - allennlp.common.from_params - instantiating class <class 'allennlp.modules.token_embedders.token_embedder.TokenEmbedder'> from params {'embedding_dim': 19, 'type': 'embedding', 'vocab_namespace': 'ner'} and extras {'vocab': Vocabulary with namespaces:  dependencies, Size: 47 || ner, Size: 21 || pos, Size: 17 || labels, Size: 2 || Non Padded Namespaces: {'*labels', '*tags'}}
2019-02-11 08:38:01,951 - INFO - allennlp.common.params - model.text_field_embedder.token_embedders.ner_tag.type = embedding
2019-02-11 08:38:01,951 - INFO - allennlp.common.params - model.text_field_embedder.token_embedders.ner_tag.num_embeddings = None
2019-02-11 08:38:01,951 - INFO - allennlp.common.params - model.text_field_embedder.token_embedders.ner_tag.vocab_namespace = ner
2019-02-11 08:38:01,951 - INFO - allennlp.common.params - model.text_field_embedder.token_embedders.ner_tag.embedding_dim = 19
2019-02-11 08:38:01,951 - INFO - allennlp.common.params - model.text_field_embedder.token_embedders.ner_tag.pretrained_file = None
2019-02-11 08:38:01,952 - INFO - allennlp.common.params - model.text_field_embedder.token_embedders.ner_tag.projection_dim = None
2019-02-11 08:38:01,952 - INFO - allennlp.common.params - model.text_field_embedder.token_embedders.ner_tag.trainable = True
2019-02-11 08:38:01,952 - INFO - allennlp.common.params - model.text_field_embedder.token_embedders.ner_tag.padding_index = None
2019-02-11 08:38:01,952 - INFO - allennlp.common.params - model.text_field_embedder.token_embedders.ner_tag.max_norm = None
2019-02-11 08:38:01,952 - INFO - allennlp.common.params - model.text_field_embedder.token_embedders.ner_tag.norm_type = 2.0
2019-02-11 08:38:01,952 - INFO - allennlp.common.params - model.text_field_embedder.token_embedders.ner_tag.scale_grad_by_freq = False
2019-02-11 08:38:01,952 - INFO - allennlp.common.params - model.text_field_embedder.token_embedders.ner_tag.sparse = False
2019-02-11 08:38:01,953 - INFO - allennlp.common.from_params - instantiating class <class 'allennlp.modules.token_embedders.token_embedder.TokenEmbedder'> from params {'embedding_dim': 15, 'type': 'embedding', 'vocab_namespace': 'pos'} and extras {'vocab': Vocabulary with namespaces:  dependencies, Size: 47 || ner, Size: 21 || pos, Size: 17 || labels, Size: 2 || Non Padded Namespaces: {'*labels', '*tags'}}
2019-02-11 08:38:01,953 - INFO - allennlp.common.params - model.text_field_embedder.token_embedders.pos_tag.type = embedding
2019-02-11 08:38:01,953 - INFO - allennlp.common.params - model.text_field_embedder.token_embedders.pos_tag.num_embeddings = None
2019-02-11 08:38:01,953 - INFO - allennlp.common.params - model.text_field_embedder.token_embedders.pos_tag.vocab_namespace = pos
2019-02-11 08:38:01,953 - INFO - allennlp.common.params - model.text_field_embedder.token_embedders.pos_tag.embedding_dim = 15
2019-02-11 08:38:01,953 - INFO - allennlp.common.params - model.text_field_embedder.token_embedders.pos_tag.pretrained_file = None
2019-02-11 08:38:01,953 - INFO - allennlp.common.params - model.text_field_embedder.token_embedders.pos_tag.projection_dim = None
2019-02-11 08:38:01,953 - INFO - allennlp.common.params - model.text_field_embedder.token_embedders.pos_tag.trainable = True
2019-02-11 08:38:01,954 - INFO - allennlp.common.params - model.text_field_embedder.token_embedders.pos_tag.padding_index = None
2019-02-11 08:38:01,954 - INFO - allennlp.common.params - model.text_field_embedder.token_embedders.pos_tag.max_norm = None
2019-02-11 08:38:01,954 - INFO - allennlp.common.params - model.text_field_embedder.token_embedders.pos_tag.norm_type = 2.0
2019-02-11 08:38:01,954 - INFO - allennlp.common.params - model.text_field_embedder.token_embedders.pos_tag.scale_grad_by_freq = False
2019-02-11 08:38:01,954 - INFO - allennlp.common.params - model.text_field_embedder.token_embedders.pos_tag.sparse = False
2019-02-11 08:38:01,954 - INFO - allennlp.common.from_params - instantiating class <class 'allennlp.modules.seq2seq_encoders.seq2seq_encoder.Seq2SeqEncoder'> from params {'bidirectional': True, 'dropout': 0.5, 'hidden_size': 54, 'input_size': 54, 'num_layers': 2, 'type': 'rnn'} and extras {'vocab': Vocabulary with namespaces:  dependencies, Size: 47 || ner, Size: 21 || pos, Size: 17 || labels, Size: 2 || Non Padded Namespaces: {'*labels', '*tags'}}
2019-02-11 08:38:01,955 - INFO - allennlp.common.params - model.encoder.type = rnn
2019-02-11 08:38:01,955 - INFO - allennlp.common.params - model.encoder.batch_first = True
2019-02-11 08:38:01,955 - INFO - allennlp.common.params - model.encoder.stateful = False
2019-02-11 08:38:01,955 - INFO - allennlp.common.params - Converting Params object to dict; logging of default values will not occur when dictionary parameters are used subsequently.
2019-02-11 08:38:01,955 - INFO - allennlp.common.params - CURRENTLY DEFINED PARAMETERS: 
2019-02-11 08:38:01,955 - INFO - allennlp.common.params - model.encoder.bidirectional = True
2019-02-11 08:38:01,955 - INFO - allennlp.common.params - model.encoder.dropout = 0.5
2019-02-11 08:38:01,955 - INFO - allennlp.common.params - model.encoder.hidden_size = 54
2019-02-11 08:38:01,955 - INFO - allennlp.common.params - model.encoder.input_size = 54
2019-02-11 08:38:01,956 - INFO - allennlp.common.params - model.encoder.num_layers = 2
2019-02-11 08:38:01,956 - INFO - allennlp.common.params - model.encoder.batch_first = True
2019-02-11 08:38:01,957 - INFO - allennlp.common.params - model.do_crossentropy_weighting = True
2019-02-11 08:38:01,957 - INFO - allennlp.common.params - model.Ntags0 = 80
2019-02-11 08:38:01,957 - INFO - allennlp.common.params - model.Ntags1 = 20
2019-02-11 08:38:01,957 - INFO - allennlp.nn.initializers - Initializing parameters
2019-02-11 08:38:01,958 - INFO - allennlp.nn.initializers - Done initializing parameters; the following parameters are using their default initialization from their code
2019-02-11 08:38:01,958 - INFO - allennlp.nn.initializers -    encoder._module.bias_hh_l0
2019-02-11 08:38:01,958 - INFO - allennlp.nn.initializers -    encoder._module.bias_hh_l0_reverse
2019-02-11 08:38:01,958 - INFO - allennlp.nn.initializers -    encoder._module.bias_hh_l1
2019-02-11 08:38:01,958 - INFO - allennlp.nn.initializers -    encoder._module.bias_hh_l1_reverse
2019-02-11 08:38:01,958 - INFO - allennlp.nn.initializers -    encoder._module.bias_ih_l0
2019-02-11 08:38:01,958 - INFO - allennlp.nn.initializers -    encoder._module.bias_ih_l0_reverse
2019-02-11 08:38:01,958 - INFO - allennlp.nn.initializers -    encoder._module.bias_ih_l1
2019-02-11 08:38:01,958 - INFO - allennlp.nn.initializers -    encoder._module.bias_ih_l1_reverse
2019-02-11 08:38:01,959 - INFO - allennlp.nn.initializers -    encoder._module.weight_hh_l0
2019-02-11 08:38:01,959 - INFO - allennlp.nn.initializers -    encoder._module.weight_hh_l0_reverse
2019-02-11 08:38:01,959 - INFO - allennlp.nn.initializers -    encoder._module.weight_hh_l1
2019-02-11 08:38:01,959 - INFO - allennlp.nn.initializers -    encoder._module.weight_hh_l1_reverse
2019-02-11 08:38:01,959 - INFO - allennlp.nn.initializers -    encoder._module.weight_ih_l0
2019-02-11 08:38:01,959 - INFO - allennlp.nn.initializers -    encoder._module.weight_ih_l0_reverse
2019-02-11 08:38:01,959 - INFO - allennlp.nn.initializers -    encoder._module.weight_ih_l1
2019-02-11 08:38:01,959 - INFO - allennlp.nn.initializers -    encoder._module.weight_ih_l1_reverse
2019-02-11 08:38:01,959 - INFO - allennlp.nn.initializers -    tag_projection_layer._module.bias
2019-02-11 08:38:01,959 - INFO - allennlp.nn.initializers -    tag_projection_layer._module.weight
2019-02-11 08:38:01,960 - INFO - allennlp.nn.initializers -    text_field_embedder.token_embedder_dependency_label.weight
2019-02-11 08:38:01,960 - INFO - allennlp.nn.initializers -    text_field_embedder.token_embedder_ner_tag.weight
2019-02-11 08:38:01,960 - INFO - allennlp.nn.initializers -    text_field_embedder.token_embedder_pos_tag.weight
2019-02-11 08:38:01,961 - INFO - allennlp.common.from_params - instantiating class <class 'allennlp.data.iterators.data_iterator.DataIterator'> from params {'batch_size': 32, 'type': 'basic'} and extras {}
2019-02-11 08:38:01,961 - INFO - allennlp.common.params - iterator.type = basic
2019-02-11 08:38:01,961 - INFO - allennlp.common.from_params - instantiating class <class 'allennlp.data.iterators.basic_iterator.BasicIterator'> from params {'batch_size': 32} and extras {}
2019-02-11 08:38:01,961 - INFO - allennlp.common.params - iterator.batch_size = 32
2019-02-11 08:38:01,961 - INFO - allennlp.common.params - iterator.instances_per_epoch = None
2019-02-11 08:38:01,962 - INFO - allennlp.common.params - iterator.max_instances_in_memory = None
2019-02-11 08:38:01,962 - INFO - allennlp.common.params - iterator.cache_instances = False
2019-02-11 08:38:01,962 - INFO - allennlp.common.params - iterator.track_epoch = False
2019-02-11 08:38:01,962 - INFO - allennlp.common.params - iterator.maximum_samples_per_batch = None
2019-02-11 08:38:01,962 - INFO - allennlp.common.params - validation_iterator = None
2019-02-11 08:38:01,962 - INFO - allennlp.common.params - trainer.no_grad = ()
2019-02-11 08:38:01,963 - INFO - allennlp.commands.train - Following parameters are Frozen  (without gradient):
2019-02-11 08:38:01,963 - INFO - allennlp.commands.train - Following parameters are Tunable (with gradient):
2019-02-11 08:38:01,963 - INFO - allennlp.commands.train - text_field_embedder.token_embedder_dependency_label.weight
2019-02-11 08:38:01,963 - INFO - allennlp.commands.train - text_field_embedder.token_embedder_ner_tag.weight
2019-02-11 08:38:01,963 - INFO - allennlp.commands.train - text_field_embedder.token_embedder_pos_tag.weight
2019-02-11 08:38:01,963 - INFO - allennlp.commands.train - encoder._module.weight_ih_l0
2019-02-11 08:38:01,963 - INFO - allennlp.commands.train - encoder._module.weight_hh_l0
2019-02-11 08:38:01,963 - INFO - allennlp.commands.train - encoder._module.bias_ih_l0
2019-02-11 08:38:01,963 - INFO - allennlp.commands.train - encoder._module.bias_hh_l0
2019-02-11 08:38:01,963 - INFO - allennlp.commands.train - encoder._module.weight_ih_l0_reverse
2019-02-11 08:38:01,964 - INFO - allennlp.commands.train - encoder._module.weight_hh_l0_reverse
2019-02-11 08:38:01,964 - INFO - allennlp.commands.train - encoder._module.bias_ih_l0_reverse
2019-02-11 08:38:01,964 - INFO - allennlp.commands.train - encoder._module.bias_hh_l0_reverse
2019-02-11 08:38:01,964 - INFO - allennlp.commands.train - encoder._module.weight_ih_l1
2019-02-11 08:38:01,964 - INFO - allennlp.commands.train - encoder._module.weight_hh_l1
2019-02-11 08:38:01,964 - INFO - allennlp.commands.train - encoder._module.bias_ih_l1
2019-02-11 08:38:01,964 - INFO - allennlp.commands.train - encoder._module.bias_hh_l1
2019-02-11 08:38:01,964 - INFO - allennlp.commands.train - encoder._module.weight_ih_l1_reverse
2019-02-11 08:38:01,964 - INFO - allennlp.commands.train - encoder._module.weight_hh_l1_reverse
2019-02-11 08:38:01,964 - INFO - allennlp.commands.train - encoder._module.bias_ih_l1_reverse
2019-02-11 08:38:01,964 - INFO - allennlp.commands.train - encoder._module.bias_hh_l1_reverse
2019-02-11 08:38:01,964 - INFO - allennlp.commands.train - tag_projection_layer._module.weight
2019-02-11 08:38:01,965 - INFO - allennlp.commands.train - tag_projection_layer._module.bias
2019-02-11 08:38:01,965 - INFO - allennlp.common.params - trainer.type = default
2019-02-11 08:38:01,965 - INFO - allennlp.common.params - trainer.patience = 5
2019-02-11 08:38:01,965 - INFO - allennlp.common.params - trainer.validation_metric = -loss
2019-02-11 08:38:01,965 - INFO - allennlp.common.params - trainer.shuffle = True
2019-02-11 08:38:01,965 - INFO - allennlp.common.params - trainer.num_epochs = 40
2019-02-11 08:38:01,965 - INFO - allennlp.common.params - trainer.cuda_device = 0
2019-02-11 08:38:01,965 - INFO - allennlp.common.params - trainer.grad_norm = None
2019-02-11 08:38:01,965 - INFO - allennlp.common.params - trainer.grad_clipping = None
2019-02-11 08:38:01,966 - INFO - allennlp.common.params - trainer.learning_rate_scheduler = None
2019-02-11 08:38:07,483 - INFO - allennlp.common.params - trainer.optimizer = adam
2019-02-11 08:38:07,483 - INFO - allennlp.common.params - parameter_groups = None
2019-02-11 08:38:07,483 - INFO - allennlp.training.optimizers - Number of trainable parameters: 31404
2019-02-11 08:38:07,484 - INFO - allennlp.common.params - Converting Params object to dict; logging of default values will not occur when dictionary parameters are used subsequently.
2019-02-11 08:38:07,485 - INFO - allennlp.common.params - CURRENTLY DEFINED PARAMETERS: 
2019-02-11 08:38:07,485 - INFO - allennlp.common.params - trainer.num_serialized_models_to_keep = 20
2019-02-11 08:38:07,485 - INFO - allennlp.common.params - trainer.keep_serialized_model_every_num_seconds = None
2019-02-11 08:38:07,485 - INFO - allennlp.common.params - trainer.model_save_interval = None
2019-02-11 08:38:07,485 - INFO - allennlp.common.params - trainer.summary_interval = 100
2019-02-11 08:38:07,485 - INFO - allennlp.common.params - trainer.histogram_interval = None
2019-02-11 08:38:07,485 - INFO - allennlp.common.params - trainer.should_log_parameter_statistics = True
2019-02-11 08:38:07,485 - INFO - allennlp.common.params - trainer.should_log_learning_rate = False
2019-02-11 08:38:07,485 - INFO - allennlp.common.params - trainer.log_batch_size_period = None
2019-02-11 08:38:07,488 - INFO - allennlp.common.params - evaluate_on_test = False
2019-02-11 08:38:07,488 - INFO - allennlp.training.trainer - Beginning training.
2019-02-11 08:38:07,488 - INFO - allennlp.training.trainer - Epoch 0/39
2019-02-11 08:38:07,488 - INFO - allennlp.training.trainer - Peak CPU memory usage MB: 2618.328
2019-02-11 08:38:07,554 - INFO - allennlp.training.trainer - GPU 0 memory usage MB: 321
2019-02-11 08:38:07,554 - INFO - allennlp.training.trainer - Training
2019-02-11 08:38:22,187 - INFO - allennlp.training.trainer - Validating
2019-02-11 08:38:24,960 - INFO - allennlp.training.trainer -                     Training |  Validation
2019-02-11 08:38:24,960 - INFO - allennlp.training.trainer - gpu_0_memory_MB |   321.000  |       N/A
2019-02-11 08:38:24,961 - INFO - allennlp.training.trainer - accuracy        |     0.839  |     0.808
2019-02-11 08:38:24,961 - INFO - allennlp.training.trainer - loss            |     0.331  |     0.373
2019-02-11 08:38:24,961 - INFO - allennlp.training.trainer - cpu_memory_MB   |  2618.328  |       N/A
2019-02-11 08:38:24,961 - INFO - allennlp.training.trainer - accuracy3       |     1.000  |     1.000
2019-02-11 08:38:24,967 - INFO - allennlp.training.trainer - Best validation performance so far. Copying weights to './model_params/best.th'.
2019-02-11 08:38:24,967 - INFO - allennlp.training.trainer - Epoch duration: 00:00:17
2019-02-11 08:38:24,967 - INFO - allennlp.training.trainer - Estimated training time remaining: 0:11:21
2019-02-11 08:38:24,967 - INFO - allennlp.training.trainer - Epoch 1/39
2019-02-11 08:38:24,968 - INFO - allennlp.training.trainer - Peak CPU memory usage MB: 2651.372
2019-02-11 08:38:25,028 - INFO - allennlp.training.trainer - GPU 0 memory usage MB: 340
2019-02-11 08:38:25,028 - INFO - allennlp.training.trainer - Training
2019-02-11 08:38:39,060 - INFO - allennlp.training.trainer - Validating
2019-02-11 08:38:41,447 - INFO - allennlp.training.trainer -                     Training |  Validation
2019-02-11 08:38:41,448 - INFO - allennlp.training.trainer - gpu_0_memory_MB |   340.000  |       N/A
2019-02-11 08:38:41,448 - INFO - allennlp.training.trainer - accuracy        |     0.850  |     0.809
2019-02-11 08:38:41,448 - INFO - allennlp.training.trainer - loss            |     0.302  |     0.376
2019-02-11 08:38:41,449 - INFO - allennlp.training.trainer - cpu_memory_MB   |  2651.372  |       N/A
2019-02-11 08:38:41,449 - INFO - allennlp.training.trainer - accuracy3       |     1.000  |     1.000
2019-02-11 08:38:41,453 - INFO - allennlp.training.trainer - Epoch duration: 00:00:16
2019-02-11 08:38:41,453 - INFO - allennlp.training.trainer - Estimated training time remaining: 0:10:45
2019-02-11 08:38:41,453 - INFO - allennlp.training.trainer - Epoch 2/39
2019-02-11 08:38:41,454 - INFO - allennlp.training.trainer - Peak CPU memory usage MB: 2652.0
2019-02-11 08:38:41,512 - INFO - allennlp.training.trainer - GPU 0 memory usage MB: 340
2019-02-11 08:38:41,513 - INFO - allennlp.training.trainer - Training
2019-02-11 08:38:55,394 - INFO - allennlp.training.trainer - Validating
2019-02-11 08:38:57,809 - INFO - allennlp.training.trainer -                     Training |  Validation
2019-02-11 08:38:57,810 - INFO - allennlp.training.trainer - gpu_0_memory_MB |   340.000  |       N/A
2019-02-11 08:38:57,810 - INFO - allennlp.training.trainer - accuracy        |     0.854  |     0.811
2019-02-11 08:38:57,811 - INFO - allennlp.training.trainer - loss            |     0.298  |     0.367
2019-02-11 08:38:57,811 - INFO - allennlp.training.trainer - cpu_memory_MB   |  2652.000  |       N/A
2019-02-11 08:38:57,811 - INFO - allennlp.training.trainer - accuracy3       |     1.000  |     1.000
2019-02-11 08:38:57,816 - INFO - allennlp.training.trainer - Best validation performance so far. Copying weights to './model_params/best.th'.
2019-02-11 08:38:57,816 - INFO - allennlp.training.trainer - Epoch duration: 00:00:16
2019-02-11 08:38:57,816 - INFO - allennlp.training.trainer - Estimated training time remaining: 0:10:20
2019-02-11 08:38:57,816 - INFO - allennlp.training.trainer - Epoch 3/39
2019-02-11 08:38:57,817 - INFO - allennlp.training.trainer - Peak CPU memory usage MB: 2652.304
2019-02-11 08:38:57,876 - INFO - allennlp.training.trainer - GPU 0 memory usage MB: 340
2019-02-11 08:38:57,878 - INFO - allennlp.training.trainer - Training
2019-02-11 08:39:12,006 - INFO - allennlp.training.trainer - Validating
2019-02-11 08:39:14,404 - INFO - allennlp.training.trainer -                     Training |  Validation
2019-02-11 08:39:14,405 - INFO - allennlp.training.trainer - gpu_0_memory_MB |   340.000  |       N/A
2019-02-11 08:39:14,405 - INFO - allennlp.training.trainer - accuracy        |     0.855  |     0.812
2019-02-11 08:39:14,405 - INFO - allennlp.training.trainer - loss            |     0.296  |     0.370
2019-02-11 08:39:14,405 - INFO - allennlp.training.trainer - cpu_memory_MB   |  2652.304  |       N/A
2019-02-11 08:39:14,405 - INFO - allennlp.training.trainer - accuracy3       |     1.000  |     1.000
2019-02-11 08:39:14,416 - INFO - allennlp.training.trainer - Epoch duration: 00:00:16
2019-02-11 08:39:14,416 - INFO - allennlp.training.trainer - Estimated training time remaining: 0:10:02
2019-02-11 08:39:14,416 - INFO - allennlp.training.trainer - Epoch 4/39
2019-02-11 08:39:14,416 - INFO - allennlp.training.trainer - Peak CPU memory usage MB: 2652.424
2019-02-11 08:39:14,475 - INFO - allennlp.training.trainer - GPU 0 memory usage MB: 341
2019-02-11 08:39:14,475 - INFO - allennlp.training.trainer - Training
2019-02-11 08:39:28,502 - INFO - allennlp.training.trainer - Validating
2019-02-11 08:39:30,914 - INFO - allennlp.training.trainer -                     Training |  Validation
2019-02-11 08:39:30,914 - INFO - allennlp.training.trainer - gpu_0_memory_MB |   341.000  |       N/A
2019-02-11 08:39:30,915 - INFO - allennlp.training.trainer - accuracy        |     0.857  |     0.812
2019-02-11 08:39:30,915 - INFO - allennlp.training.trainer - loss            |     0.293  |     0.369
2019-02-11 08:39:30,915 - INFO - allennlp.training.trainer - cpu_memory_MB   |  2652.424  |       N/A
2019-02-11 08:39:30,916 - INFO - allennlp.training.trainer - accuracy3       |     1.000  |     1.000
2019-02-11 08:39:30,920 - INFO - allennlp.training.trainer - Epoch duration: 00:00:16
2019-02-11 08:39:30,920 - INFO - allennlp.training.trainer - Estimated training time remaining: 0:09:44
2019-02-11 08:39:30,921 - INFO - allennlp.training.trainer - Epoch 5/39
2019-02-11 08:39:30,921 - INFO - allennlp.training.trainer - Peak CPU memory usage MB: 2652.52
2019-02-11 08:39:30,980 - INFO - allennlp.training.trainer - GPU 0 memory usage MB: 341
2019-02-11 08:39:30,981 - INFO - allennlp.training.trainer - Training
2019-02-11 08:39:44,739 - INFO - allennlp.training.trainer - Validating
2019-02-11 08:39:47,122 - INFO - allennlp.training.trainer -                     Training |  Validation
2019-02-11 08:39:47,123 - INFO - allennlp.training.trainer - gpu_0_memory_MB |   341.000  |       N/A
2019-02-11 08:39:47,123 - INFO - allennlp.training.trainer - accuracy        |     0.858  |     0.813
2019-02-11 08:39:47,124 - INFO - allennlp.training.trainer - loss            |     0.290  |     0.366
2019-02-11 08:39:47,124 - INFO - allennlp.training.trainer - cpu_memory_MB   |  2652.520  |       N/A
2019-02-11 08:39:47,124 - INFO - allennlp.training.trainer - accuracy3       |     1.000  |     1.000
2019-02-11 08:39:47,128 - INFO - allennlp.training.trainer - Best validation performance so far. Copying weights to './model_params/best.th'.
2019-02-11 08:39:47,129 - INFO - allennlp.training.trainer - Epoch duration: 00:00:16
2019-02-11 08:39:47,129 - INFO - allennlp.training.trainer - Estimated training time remaining: 0:09:24
2019-02-11 08:39:47,129 - INFO - allennlp.training.trainer - Epoch 6/39
2019-02-11 08:39:47,129 - INFO - allennlp.training.trainer - Peak CPU memory usage MB: 2652.604
2019-02-11 08:39:47,190 - INFO - allennlp.training.trainer - GPU 0 memory usage MB: 341
2019-02-11 08:39:47,191 - INFO - allennlp.training.trainer - Training
2019-02-11 08:40:01,166 - INFO - allennlp.training.trainer - Validating
2019-02-11 08:40:03,569 - INFO - allennlp.training.trainer -                     Training |  Validation
2019-02-11 08:40:03,569 - INFO - allennlp.training.trainer - gpu_0_memory_MB |   341.000  |       N/A
2019-02-11 08:40:03,570 - INFO - allennlp.training.trainer - accuracy        |     0.858  |     0.814
2019-02-11 08:40:03,570 - INFO - allennlp.training.trainer - loss            |     0.289  |     0.367
2019-02-11 08:40:03,570 - INFO - allennlp.training.trainer - cpu_memory_MB   |  2652.604  |       N/A
2019-02-11 08:40:03,570 - INFO - allennlp.training.trainer - accuracy3       |     1.000  |     1.000
2019-02-11 08:40:03,575 - INFO - allennlp.training.trainer - Epoch duration: 00:00:16
2019-02-11 08:40:03,576 - INFO - allennlp.training.trainer - Estimated training time remaining: 0:09:07
2019-02-11 08:40:03,576 - INFO - allennlp.training.trainer - Epoch 7/39
2019-02-11 08:40:03,576 - INFO - allennlp.training.trainer - Peak CPU memory usage MB: 2652.964
2019-02-11 08:40:03,635 - INFO - allennlp.training.trainer - GPU 0 memory usage MB: 341
2019-02-11 08:40:03,636 - INFO - allennlp.training.trainer - Training
2019-02-11 08:40:17,449 - INFO - allennlp.training.trainer - Validating
2019-02-11 08:40:19,835 - INFO - allennlp.training.trainer -                     Training |  Validation
2019-02-11 08:40:19,836 - INFO - allennlp.training.trainer - gpu_0_memory_MB |   341.000  |       N/A
2019-02-11 08:40:19,837 - INFO - allennlp.training.trainer - accuracy        |     0.860  |     0.813
2019-02-11 08:40:19,837 - INFO - allennlp.training.trainer - loss            |     0.287  |     0.374
2019-02-11 08:40:19,837 - INFO - allennlp.training.trainer - cpu_memory_MB   |  2652.964  |       N/A
2019-02-11 08:40:19,837 - INFO - allennlp.training.trainer - accuracy3       |     1.000  |     1.000
2019-02-11 08:40:19,841 - INFO - allennlp.training.trainer - Epoch duration: 00:00:16
2019-02-11 08:40:19,841 - INFO - allennlp.training.trainer - Estimated training time remaining: 0:08:49
2019-02-11 08:40:19,841 - INFO - allennlp.training.trainer - Epoch 8/39
2019-02-11 08:40:19,842 - INFO - allennlp.training.trainer - Peak CPU memory usage MB: 2653.376
2019-02-11 08:40:19,901 - INFO - allennlp.training.trainer - GPU 0 memory usage MB: 341
2019-02-11 08:40:19,901 - INFO - allennlp.training.trainer - Training
2019-02-11 08:40:33,897 - INFO - allennlp.training.trainer - Validating
2019-02-11 08:40:36,298 - INFO - allennlp.training.trainer -                     Training |  Validation
2019-02-11 08:40:36,299 - INFO - allennlp.training.trainer - gpu_0_memory_MB |   341.000  |       N/A
2019-02-11 08:40:36,300 - INFO - allennlp.training.trainer - accuracy        |     0.860  |     0.813
2019-02-11 08:40:36,300 - INFO - allennlp.training.trainer - loss            |     0.286  |     0.369
2019-02-11 08:40:36,300 - INFO - allennlp.training.trainer - cpu_memory_MB   |  2653.376  |       N/A
2019-02-11 08:40:36,300 - INFO - allennlp.training.trainer - accuracy3       |     1.000  |     1.000
2019-02-11 08:40:36,305 - INFO - allennlp.training.trainer - Epoch duration: 00:00:16
2019-02-11 08:40:36,305 - INFO - allennlp.training.trainer - Estimated training time remaining: 0:08:32
2019-02-11 08:40:36,305 - INFO - allennlp.training.trainer - Epoch 9/39
2019-02-11 08:40:36,305 - INFO - allennlp.training.trainer - Peak CPU memory usage MB: 2653.628
2019-02-11 08:40:36,366 - INFO - allennlp.training.trainer - GPU 0 memory usage MB: 341
2019-02-11 08:40:36,366 - INFO - allennlp.training.trainer - Training
2019-02-11 08:40:50,334 - INFO - allennlp.training.trainer - Validating
2019-02-11 08:40:52,738 - INFO - allennlp.training.trainer -                     Training |  Validation
2019-02-11 08:40:52,738 - INFO - allennlp.training.trainer - gpu_0_memory_MB |   341.000  |       N/A
2019-02-11 08:40:52,739 - INFO - allennlp.training.trainer - accuracy        |     0.862  |     0.814
2019-02-11 08:40:52,739 - INFO - allennlp.training.trainer - loss            |     0.285  |     0.366
2019-02-11 08:40:52,740 - INFO - allennlp.training.trainer - cpu_memory_MB   |  2653.628  |       N/A
2019-02-11 08:40:52,740 - INFO - allennlp.training.trainer - accuracy3       |     1.000  |     1.000
2019-02-11 08:40:52,744 - INFO - allennlp.training.trainer - Best validation performance so far. Copying weights to './model_params/best.th'.
2019-02-11 08:40:52,745 - INFO - allennlp.training.trainer - Epoch duration: 00:00:16
2019-02-11 08:40:52,745 - INFO - allennlp.training.trainer - Estimated training time remaining: 0:08:15
2019-02-11 08:40:52,745 - INFO - allennlp.training.trainer - Epoch 10/39
2019-02-11 08:40:52,745 - INFO - allennlp.training.trainer - Peak CPU memory usage MB: 2653.76
2019-02-11 08:40:52,805 - INFO - allennlp.training.trainer - GPU 0 memory usage MB: 341
2019-02-11 08:40:52,805 - INFO - allennlp.training.trainer - Training
2019-02-11 08:41:06,659 - INFO - allennlp.training.trainer - Validating
2019-02-11 08:41:09,058 - INFO - allennlp.training.trainer -                     Training |  Validation
2019-02-11 08:41:09,058 - INFO - allennlp.training.trainer - gpu_0_memory_MB |   341.000  |       N/A
2019-02-11 08:41:09,059 - INFO - allennlp.training.trainer - accuracy        |     0.861  |     0.812
2019-02-11 08:41:09,059 - INFO - allennlp.training.trainer - loss            |     0.285  |     0.378
2019-02-11 08:41:09,059 - INFO - allennlp.training.trainer - cpu_memory_MB   |  2653.760  |       N/A
2019-02-11 08:41:09,060 - INFO - allennlp.training.trainer - accuracy3       |     1.000  |     1.000
2019-02-11 08:41:09,065 - INFO - allennlp.training.trainer - Epoch duration: 00:00:16
2019-02-11 08:41:09,065 - INFO - allennlp.training.trainer - Estimated training time remaining: 0:07:58
2019-02-11 08:41:09,065 - INFO - allennlp.training.trainer - Epoch 11/39
2019-02-11 08:41:09,065 - INFO - allennlp.training.trainer - Peak CPU memory usage MB: 2653.792
2019-02-11 08:41:09,124 - INFO - allennlp.training.trainer - GPU 0 memory usage MB: 341
2019-02-11 08:41:09,125 - INFO - allennlp.training.trainer - Training
2019-02-11 08:41:23,052 - INFO - allennlp.training.trainer - Validating
2019-02-11 08:41:25,456 - INFO - allennlp.training.trainer -                     Training |  Validation
2019-02-11 08:41:25,456 - INFO - allennlp.training.trainer - gpu_0_memory_MB |   341.000  |       N/A
2019-02-11 08:41:25,457 - INFO - allennlp.training.trainer - accuracy        |     0.861  |     0.814
2019-02-11 08:41:25,457 - INFO - allennlp.training.trainer - loss            |     0.284  |     0.370
2019-02-11 08:41:25,457 - INFO - allennlp.training.trainer - cpu_memory_MB   |  2653.792  |       N/A
2019-02-11 08:41:25,458 - INFO - allennlp.training.trainer - accuracy3       |     1.000  |     1.000
2019-02-11 08:41:25,462 - INFO - allennlp.training.trainer - Epoch duration: 00:00:16
2019-02-11 08:41:25,462 - INFO - allennlp.training.trainer - Estimated training time remaining: 0:07:41
2019-02-11 08:41:25,462 - INFO - allennlp.training.trainer - Epoch 12/39
2019-02-11 08:41:25,463 - INFO - allennlp.training.trainer - Peak CPU memory usage MB: 2653.8
2019-02-11 08:41:25,527 - INFO - allennlp.training.trainer - GPU 0 memory usage MB: 341
2019-02-11 08:41:25,527 - INFO - allennlp.training.trainer - Training
2019-02-11 08:41:39,534 - INFO - allennlp.training.trainer - Validating
2019-02-11 08:41:41,929 - INFO - allennlp.training.trainer -                     Training |  Validation
2019-02-11 08:41:41,930 - INFO - allennlp.training.trainer - gpu_0_memory_MB |   341.000  |       N/A
2019-02-11 08:41:41,930 - INFO - allennlp.training.trainer - accuracy        |     0.862  |     0.814
2019-02-11 08:41:41,930 - INFO - allennlp.training.trainer - loss            |     0.283  |     0.362
2019-02-11 08:41:41,931 - INFO - allennlp.training.trainer - cpu_memory_MB   |  2653.800  |       N/A
2019-02-11 08:41:41,931 - INFO - allennlp.training.trainer - accuracy3       |     1.000  |     1.000
2019-02-11 08:41:41,936 - INFO - allennlp.training.trainer - Best validation performance so far. Copying weights to './model_params/best.th'.
2019-02-11 08:41:41,936 - INFO - allennlp.training.trainer - Epoch duration: 00:00:16
2019-02-11 08:41:41,936 - INFO - allennlp.training.trainer - Estimated training time remaining: 0:07:25
2019-02-11 08:41:41,936 - INFO - allennlp.training.trainer - Epoch 13/39
2019-02-11 08:41:41,937 - INFO - allennlp.training.trainer - Peak CPU memory usage MB: 2653.836
2019-02-11 08:41:41,999 - INFO - allennlp.training.trainer - GPU 0 memory usage MB: 341
2019-02-11 08:41:42,000 - INFO - allennlp.training.trainer - Training
2019-02-11 08:41:55,380 - INFO - allennlp.training.trainer - Validating
2019-02-11 08:41:57,793 - INFO - allennlp.training.trainer -                     Training |  Validation
2019-02-11 08:41:57,794 - INFO - allennlp.training.trainer - gpu_0_memory_MB |   341.000  |       N/A
2019-02-11 08:41:57,794 - INFO - allennlp.training.trainer - accuracy        |     0.862  |     0.814
2019-02-11 08:41:57,794 - INFO - allennlp.training.trainer - loss            |     0.281  |     0.361
2019-02-11 08:41:57,795 - INFO - allennlp.training.trainer - cpu_memory_MB   |  2653.836  |       N/A
2019-02-11 08:41:57,795 - INFO - allennlp.training.trainer - accuracy3       |     1.000  |     1.000
2019-02-11 08:41:57,799 - INFO - allennlp.training.trainer - Best validation performance so far. Copying weights to './model_params/best.th'.
2019-02-11 08:41:57,800 - INFO - allennlp.training.trainer - Epoch duration: 00:00:15
2019-02-11 08:41:57,800 - INFO - allennlp.training.trainer - Estimated training time remaining: 0:07:07
2019-02-11 08:41:57,801 - INFO - allennlp.training.trainer - Epoch 14/39
2019-02-11 08:41:57,801 - INFO - allennlp.training.trainer - Peak CPU memory usage MB: 2653.928
2019-02-11 08:41:57,861 - INFO - allennlp.training.trainer - GPU 0 memory usage MB: 341
2019-02-11 08:41:57,862 - INFO - allennlp.training.trainer - Training
2019-02-11 08:42:11,916 - INFO - allennlp.training.trainer - Validating
2019-02-11 08:42:14,326 - INFO - allennlp.training.trainer -                     Training |  Validation
2019-02-11 08:42:14,326 - INFO - allennlp.training.trainer - gpu_0_memory_MB |   341.000  |       N/A
2019-02-11 08:42:14,326 - INFO - allennlp.training.trainer - accuracy        |     0.863  |     0.813
2019-02-11 08:42:14,327 - INFO - allennlp.training.trainer - loss            |     0.281  |     0.383
2019-02-11 08:42:14,327 - INFO - allennlp.training.trainer - cpu_memory_MB   |  2653.928  |       N/A
2019-02-11 08:42:14,327 - INFO - allennlp.training.trainer - accuracy3       |     1.000  |     1.000
2019-02-11 08:42:14,332 - INFO - allennlp.training.trainer - Epoch duration: 00:00:16
2019-02-11 08:42:14,332 - INFO - allennlp.training.trainer - Estimated training time remaining: 0:06:51
2019-02-11 08:42:14,332 - INFO - allennlp.training.trainer - Epoch 15/39
2019-02-11 08:42:14,332 - INFO - allennlp.training.trainer - Peak CPU memory usage MB: 2654.0
2019-02-11 08:42:14,397 - INFO - allennlp.training.trainer - GPU 0 memory usage MB: 341
2019-02-11 08:42:14,398 - INFO - allennlp.training.trainer - Training
2019-02-11 08:42:28,205 - INFO - allennlp.training.trainer - Validating
2019-02-11 08:42:30,622 - INFO - allennlp.training.trainer -                     Training |  Validation
2019-02-11 08:42:30,622 - INFO - allennlp.training.trainer - gpu_0_memory_MB |   341.000  |       N/A
2019-02-11 08:42:30,622 - INFO - allennlp.training.trainer - accuracy        |     0.863  |     0.815
2019-02-11 08:42:30,622 - INFO - allennlp.training.trainer - loss            |     0.279  |     0.363
2019-02-11 08:42:30,623 - INFO - allennlp.training.trainer - cpu_memory_MB   |  2654.000  |       N/A
2019-02-11 08:42:30,623 - INFO - allennlp.training.trainer - accuracy3       |     1.000  |     1.000
2019-02-11 08:42:30,629 - INFO - allennlp.training.trainer - Epoch duration: 00:00:16
2019-02-11 08:42:30,629 - INFO - allennlp.training.trainer - Estimated training time remaining: 0:06:34
2019-02-11 08:42:30,629 - INFO - allennlp.training.trainer - Epoch 16/39
2019-02-11 08:42:30,629 - INFO - allennlp.training.trainer - Peak CPU memory usage MB: 2654.064
2019-02-11 08:42:30,690 - INFO - allennlp.training.trainer - GPU 0 memory usage MB: 341
2019-02-11 08:42:30,690 - INFO - allennlp.training.trainer - Training
2019-02-11 08:42:44,630 - INFO - allennlp.training.trainer - Validating
2019-02-11 08:42:47,036 - INFO - allennlp.training.trainer -                     Training |  Validation
2019-02-11 08:42:47,036 - INFO - allennlp.training.trainer - gpu_0_memory_MB |   341.000  |       N/A
2019-02-11 08:42:47,037 - INFO - allennlp.training.trainer - accuracy        |     0.864  |     0.815
2019-02-11 08:42:47,037 - INFO - allennlp.training.trainer - loss            |     0.278  |     0.381
2019-02-11 08:42:47,037 - INFO - allennlp.training.trainer - cpu_memory_MB   |  2654.064  |       N/A
2019-02-11 08:42:47,037 - INFO - allennlp.training.trainer - accuracy3       |     1.000  |     1.000
2019-02-11 08:42:47,042 - INFO - allennlp.training.trainer - Epoch duration: 00:00:16
2019-02-11 08:42:47,042 - INFO - allennlp.training.trainer - Estimated training time remaining: 0:06:18
2019-02-11 08:42:47,042 - INFO - allennlp.training.trainer - Epoch 17/39
2019-02-11 08:42:47,042 - INFO - allennlp.training.trainer - Peak CPU memory usage MB: 2654.096
2019-02-11 08:42:47,102 - INFO - allennlp.training.trainer - GPU 0 memory usage MB: 341
2019-02-11 08:42:47,102 - INFO - allennlp.training.trainer - Training
2019-02-11 08:43:01,109 - INFO - allennlp.training.trainer - Validating
2019-02-11 08:43:03,506 - INFO - allennlp.training.trainer -                     Training |  Validation
2019-02-11 08:43:03,507 - INFO - allennlp.training.trainer - gpu_0_memory_MB |   341.000  |       N/A
2019-02-11 08:43:03,507 - INFO - allennlp.training.trainer - accuracy        |     0.864  |     0.815
2019-02-11 08:43:03,507 - INFO - allennlp.training.trainer - loss            |     0.279  |     0.369
2019-02-11 08:43:03,508 - INFO - allennlp.training.trainer - cpu_memory_MB   |  2654.096  |       N/A
2019-02-11 08:43:03,508 - INFO - allennlp.training.trainer - accuracy3       |     1.000  |     1.000
2019-02-11 08:43:03,513 - INFO - allennlp.training.trainer - Epoch duration: 00:00:16
2019-02-11 08:43:03,513 - INFO - allennlp.training.trainer - Estimated training time remaining: 0:06:01
2019-02-11 08:43:03,513 - INFO - allennlp.training.trainer - Epoch 18/39
2019-02-11 08:43:03,513 - INFO - allennlp.training.trainer - Peak CPU memory usage MB: 2654.144
2019-02-11 08:43:03,574 - INFO - allennlp.training.trainer - GPU 0 memory usage MB: 341
2019-02-11 08:43:03,575 - INFO - allennlp.training.trainer - Training
2019-02-11 08:43:17,315 - INFO - allennlp.training.trainer - Validating
2019-02-11 08:43:19,693 - INFO - allennlp.training.trainer - Ran out of patience.  Stopping training.
2019-02-11 08:43:19,693 - INFO - allennlp.models.archival - archiving weights and vocabulary to ./model_params/model.tar.gz
2019-02-11 08:43:19,704 - INFO - allennlp.commands.train - Loading the best epoch weights.
2019-02-11 08:43:19,707 - INFO - allennlp.common.util - Metrics: {
  "peak_cpu_memory_MB": 2654.144,
  "peak_gpu_0_memory_MB": 341,
  "training_duration": "00:04:56",
  "training_start_epoch": 0,
  "training_epochs": 17,
  "epoch": 17,
  "training_accuracy": 0.8643969426091462,
  "training_accuracy3": 1.0,
  "training_loss": 0.2786570329866979,
  "training_cpu_memory_MB": 2654.096,
  "training_gpu_0_memory_MB": 341,
  "validation_accuracy": 0.8145953219387901,
  "validation_accuracy3": 1.0,
  "validation_loss": 0.3692475519314104,
  "best_epoch": 13,
  "best_validation_accuracy": 0.814194508860832,
  "best_validation_accuracy3": 1.0,
  "best_validation_loss": 0.36072676552801713
}
Token batch process time:
63.068257093429565
Token batch process time:
28.335920810699463
