2019-02-13 01:53:36,969 - INFO - allennlp.common.from_params - instantiating class <class 'allennlp.data.dataset_readers.dataset_reader.DatasetReader'> from params {'mytokenizer': {'type': 'word', 'word_splitter': {'ner': True, 'parse': True, 'pos_tags': True, 'type': 'whitespacy'}}, 'token_indexers': {'dependency_label': {'namespace': 'dependencies', 'type': 'dependency_label'}, 'ner_tag': {'namespace': 'ner', 'type': 'ner_tag'}, 'pos_tag': {'coarse_tags': True, 'namespace': 'pos', 'type': 'pos_tag'}}, 'type': 'sequence_tagging2', 'word_tag_delimiter': '//'} and extras {}
2019-02-13 01:53:36,970 - INFO - allennlp.common.params - dataset_reader.type = sequence_tagging2
2019-02-13 01:53:36,970 - INFO - allennlp.common.from_params - instantiating class <class 'myallennlp.dataset_readers.sequence_tagging2.SequenceTaggingDatasetReader'> from params {'mytokenizer': {'type': 'word', 'word_splitter': {'ner': True, 'parse': True, 'pos_tags': True, 'type': 'whitespacy'}}, 'token_indexers': {'dependency_label': {'namespace': 'dependencies', 'type': 'dependency_label'}, 'ner_tag': {'namespace': 'ner', 'type': 'ner_tag'}, 'pos_tag': {'coarse_tags': True, 'namespace': 'pos', 'type': 'pos_tag'}}, 'word_tag_delimiter': '//'} and extras {}
2019-02-13 01:53:36,970 - INFO - allennlp.common.params - dataset_reader.word_tag_delimiter = //
2019-02-13 01:53:36,970 - INFO - allennlp.common.params - dataset_reader.token_delimiter = None
2019-02-13 01:53:36,971 - INFO - allennlp.common.from_params - instantiating class allennlp.data.token_indexers.token_indexer.TokenIndexer from params {'namespace': 'dependencies', 'type': 'dependency_label'} and extras {}
2019-02-13 01:53:36,971 - INFO - allennlp.common.params - dataset_reader.token_indexers.dependency_label.type = dependency_label
2019-02-13 01:53:36,971 - INFO - allennlp.common.from_params - instantiating class allennlp.data.token_indexers.dep_label_indexer.DepLabelIndexer from params {'namespace': 'dependencies'} and extras {}
2019-02-13 01:53:36,971 - INFO - allennlp.common.params - dataset_reader.token_indexers.dependency_label.namespace = dependencies
2019-02-13 01:53:36,971 - INFO - allennlp.common.from_params - instantiating class allennlp.data.token_indexers.token_indexer.TokenIndexer from params {'namespace': 'ner', 'type': 'ner_tag'} and extras {}
2019-02-13 01:53:36,972 - INFO - allennlp.common.params - dataset_reader.token_indexers.ner_tag.type = ner_tag
2019-02-13 01:53:36,972 - INFO - allennlp.common.from_params - instantiating class allennlp.data.token_indexers.ner_tag_indexer.NerTagIndexer from params {'namespace': 'ner'} and extras {}
2019-02-13 01:53:36,972 - INFO - allennlp.common.params - dataset_reader.token_indexers.ner_tag.namespace = ner
2019-02-13 01:53:36,972 - INFO - allennlp.common.from_params - instantiating class allennlp.data.token_indexers.token_indexer.TokenIndexer from params {'coarse_tags': True, 'namespace': 'pos', 'type': 'pos_tag'} and extras {}
2019-02-13 01:53:36,972 - INFO - allennlp.common.params - dataset_reader.token_indexers.pos_tag.type = pos_tag
2019-02-13 01:53:36,973 - INFO - allennlp.common.from_params - instantiating class allennlp.data.token_indexers.pos_tag_indexer.PosTagIndexer from params {'coarse_tags': True, 'namespace': 'pos'} and extras {}
2019-02-13 01:53:36,973 - INFO - allennlp.common.params - dataset_reader.token_indexers.pos_tag.namespace = pos
2019-02-13 01:53:36,973 - INFO - allennlp.common.params - dataset_reader.token_indexers.pos_tag.coarse_tags = True
2019-02-13 01:53:36,973 - INFO - allennlp.common.params - dataset_reader.lazy = False
2019-02-13 01:53:36,973 - INFO - allennlp.common.from_params - instantiating class <class 'allennlp.data.tokenizers.tokenizer.Tokenizer'> from params {'type': 'word', 'word_splitter': {'ner': True, 'parse': True, 'pos_tags': True, 'type': 'whitespacy'}} and extras {}
2019-02-13 01:53:36,974 - INFO - allennlp.common.params - dataset_reader.mytokenizer.type = word
2019-02-13 01:53:36,974 - INFO - allennlp.common.from_params - instantiating class <class 'allennlp.data.tokenizers.word_tokenizer.WordTokenizer'> from params {'word_splitter': {'ner': True, 'parse': True, 'pos_tags': True, 'type': 'whitespacy'}} and extras {}
2019-02-13 01:53:36,974 - INFO - allennlp.common.from_params - instantiating class <class 'allennlp.data.tokenizers.word_splitter.WordSplitter'> from params {'ner': True, 'parse': True, 'pos_tags': True, 'type': 'whitespacy'} and extras {}
2019-02-13 01:53:36,974 - INFO - allennlp.common.params - dataset_reader.mytokenizer.word_splitter.type = whitespacy
2019-02-13 01:53:36,975 - INFO - allennlp.common.from_params - instantiating class <class 'myallennlp.data.tokenizers.word_splitter.SpacyWordSplitter'> from params {'ner': True, 'parse': True, 'pos_tags': True} and extras {}
2019-02-13 01:53:36,975 - INFO - allennlp.common.params - dataset_reader.mytokenizer.word_splitter.language = en_core_web_sm
2019-02-13 01:53:36,975 - INFO - allennlp.common.params - dataset_reader.mytokenizer.word_splitter.pos_tags = True
2019-02-13 01:53:36,975 - INFO - allennlp.common.params - dataset_reader.mytokenizer.word_splitter.parse = True
2019-02-13 01:53:36,975 - INFO - allennlp.common.params - dataset_reader.mytokenizer.word_splitter.ner = True
2019-02-13 01:53:37,552 - INFO - allennlp.common.params - dataset_reader.mytokenizer.start_tokens = None
2019-02-13 01:53:37,553 - INFO - allennlp.common.params - dataset_reader.mytokenizer.end_tokens = None
2019-02-13 01:53:37,553 - INFO - allennlp.common.params - dataset_reader.use_spacy_directly = False
2019-02-13 01:53:37,553 - INFO - allennlp.common.params - validation_dataset_reader = None
2019-02-13 01:53:37,553 - INFO - allennlp.common.params - train_data_path = ../data/allenTrain.txt
2019-02-13 01:53:37,553 - INFO - allennlp.commands.train - Reading training data from ../data/allenTrain.txt
2019-02-13 01:53:37,554 - INFO - myallennlp.dataset_readers.sequence_tagging2 - Reading instances from lines in file at: ../data/allenTrain.txt
2019-02-13 01:54:33,735 - INFO - allennlp.common.params - validation_data_path = ../data/allenDev.txt
2019-02-13 01:54:33,736 - INFO - allennlp.commands.train - Reading validation data from ../data/allenDev.txt
2019-02-13 01:54:33,736 - INFO - myallennlp.dataset_readers.sequence_tagging2 - Reading instances from lines in file at: ../data/allenDev.txt
2019-02-13 01:55:03,182 - INFO - allennlp.common.params - test_data_path = None
2019-02-13 01:55:03,183 - INFO - allennlp.commands.train - From dataset instances, train, validation will be considered for vocabulary creation.
2019-02-13 01:55:03,183 - INFO - allennlp.common.params - vocabulary.type = None
2019-02-13 01:55:03,183 - INFO - allennlp.common.params - vocabulary.extend = False
2019-02-13 01:55:03,183 - INFO - allennlp.common.params - vocabulary.directory_path = None
2019-02-13 01:55:03,183 - INFO - allennlp.common.params - vocabulary.min_count = None
2019-02-13 01:55:03,183 - INFO - allennlp.common.params - vocabulary.max_vocab_size = None
2019-02-13 01:55:03,184 - INFO - allennlp.common.params - vocabulary.non_padded_namespaces = ('*tags', '*labels')
2019-02-13 01:55:03,184 - INFO - allennlp.common.params - vocabulary.min_pretrained_embeddings = None
2019-02-13 01:55:03,184 - INFO - allennlp.common.params - vocabulary.only_include_pretrained_words = False
2019-02-13 01:55:03,184 - INFO - allennlp.common.params - vocabulary.tokens_to_add = None
2019-02-13 01:55:03,184 - INFO - allennlp.data.vocabulary - Fitting token dictionary from dataset.
2019-02-13 01:55:03,742 - INFO - allennlp.common.from_params - instantiating class <class 'allennlp.models.model.Model'> from params {'Ntags0': 90, 'Ntags1': 10, 'do_crossentropy_weighting': True, 'encoder': {'bidirectional': True, 'dropout': 0.5, 'hidden_size': 54, 'input_size': 54, 'num_layers': 2, 'type': 'lstm'}, 'text_field_embedder': {'token_embedders': {'dependency_label': {'embedding_dim': 20, 'type': 'embedding', 'vocab_namespace': 'dependencies'}, 'ner_tag': {'embedding_dim': 19, 'type': 'embedding', 'vocab_namespace': 'ner'}, 'pos_tag': {'embedding_dim': 15, 'type': 'embedding', 'vocab_namespace': 'pos'}}}, 'type': 'simple_tagger2'} and extras {'vocab': Vocabulary with namespaces:  dependencies, Size: 47 || ner, Size: 21 || pos, Size: 17 || labels, Size: 2 || Non Padded Namespaces: {'*labels', '*tags'}}
2019-02-13 01:55:03,743 - INFO - allennlp.common.params - model.type = simple_tagger2
2019-02-13 01:55:03,743 - INFO - allennlp.common.from_params - instantiating class <class 'myallennlp.models.simple_tagger2.SimpleTagger2'> from params {'Ntags0': 90, 'Ntags1': 10, 'do_crossentropy_weighting': True, 'encoder': {'bidirectional': True, 'dropout': 0.5, 'hidden_size': 54, 'input_size': 54, 'num_layers': 2, 'type': 'lstm'}, 'text_field_embedder': {'token_embedders': {'dependency_label': {'embedding_dim': 20, 'type': 'embedding', 'vocab_namespace': 'dependencies'}, 'ner_tag': {'embedding_dim': 19, 'type': 'embedding', 'vocab_namespace': 'ner'}, 'pos_tag': {'embedding_dim': 15, 'type': 'embedding', 'vocab_namespace': 'pos'}}}} and extras {'vocab': Vocabulary with namespaces:  dependencies, Size: 47 || ner, Size: 21 || pos, Size: 17 || labels, Size: 2 || Non Padded Namespaces: {'*labels', '*tags'}}
2019-02-13 01:55:03,743 - INFO - allennlp.common.from_params - instantiating class <class 'allennlp.modules.text_field_embedders.text_field_embedder.TextFieldEmbedder'> from params {'token_embedders': {'dependency_label': {'embedding_dim': 20, 'type': 'embedding', 'vocab_namespace': 'dependencies'}, 'ner_tag': {'embedding_dim': 19, 'type': 'embedding', 'vocab_namespace': 'ner'}, 'pos_tag': {'embedding_dim': 15, 'type': 'embedding', 'vocab_namespace': 'pos'}}} and extras {'vocab': Vocabulary with namespaces:  dependencies, Size: 47 || ner, Size: 21 || pos, Size: 17 || labels, Size: 2 || Non Padded Namespaces: {'*labels', '*tags'}}
2019-02-13 01:55:03,744 - INFO - allennlp.common.params - model.text_field_embedder.type = basic
2019-02-13 01:55:03,744 - INFO - allennlp.common.params - model.text_field_embedder.embedder_to_indexer_map = None
2019-02-13 01:55:03,744 - INFO - allennlp.common.params - model.text_field_embedder.allow_unmatched_keys = False
2019-02-13 01:55:03,744 - INFO - allennlp.common.from_params - instantiating class <class 'allennlp.modules.token_embedders.token_embedder.TokenEmbedder'> from params {'embedding_dim': 20, 'type': 'embedding', 'vocab_namespace': 'dependencies'} and extras {'vocab': Vocabulary with namespaces:  dependencies, Size: 47 || ner, Size: 21 || pos, Size: 17 || labels, Size: 2 || Non Padded Namespaces: {'*labels', '*tags'}}
2019-02-13 01:55:03,745 - INFO - allennlp.common.params - model.text_field_embedder.token_embedders.dependency_label.type = embedding
2019-02-13 01:55:03,745 - INFO - allennlp.common.params - model.text_field_embedder.token_embedders.dependency_label.num_embeddings = None
2019-02-13 01:55:03,745 - INFO - allennlp.common.params - model.text_field_embedder.token_embedders.dependency_label.vocab_namespace = dependencies
2019-02-13 01:55:03,745 - INFO - allennlp.common.params - model.text_field_embedder.token_embedders.dependency_label.embedding_dim = 20
2019-02-13 01:55:03,745 - INFO - allennlp.common.params - model.text_field_embedder.token_embedders.dependency_label.pretrained_file = None
2019-02-13 01:55:03,745 - INFO - allennlp.common.params - model.text_field_embedder.token_embedders.dependency_label.projection_dim = None
2019-02-13 01:55:03,745 - INFO - allennlp.common.params - model.text_field_embedder.token_embedders.dependency_label.trainable = True
2019-02-13 01:55:03,746 - INFO - allennlp.common.params - model.text_field_embedder.token_embedders.dependency_label.padding_index = None
2019-02-13 01:55:03,746 - INFO - allennlp.common.params - model.text_field_embedder.token_embedders.dependency_label.max_norm = None
2019-02-13 01:55:03,746 - INFO - allennlp.common.params - model.text_field_embedder.token_embedders.dependency_label.norm_type = 2.0
2019-02-13 01:55:03,746 - INFO - allennlp.common.params - model.text_field_embedder.token_embedders.dependency_label.scale_grad_by_freq = False
2019-02-13 01:55:03,746 - INFO - allennlp.common.params - model.text_field_embedder.token_embedders.dependency_label.sparse = False
2019-02-13 01:55:03,747 - INFO - allennlp.common.from_params - instantiating class <class 'allennlp.modules.token_embedders.token_embedder.TokenEmbedder'> from params {'embedding_dim': 19, 'type': 'embedding', 'vocab_namespace': 'ner'} and extras {'vocab': Vocabulary with namespaces:  dependencies, Size: 47 || ner, Size: 21 || pos, Size: 17 || labels, Size: 2 || Non Padded Namespaces: {'*labels', '*tags'}}
2019-02-13 01:55:03,747 - INFO - allennlp.common.params - model.text_field_embedder.token_embedders.ner_tag.type = embedding
2019-02-13 01:55:03,747 - INFO - allennlp.common.params - model.text_field_embedder.token_embedders.ner_tag.num_embeddings = None
2019-02-13 01:55:03,748 - INFO - allennlp.common.params - model.text_field_embedder.token_embedders.ner_tag.vocab_namespace = ner
2019-02-13 01:55:03,748 - INFO - allennlp.common.params - model.text_field_embedder.token_embedders.ner_tag.embedding_dim = 19
2019-02-13 01:55:03,748 - INFO - allennlp.common.params - model.text_field_embedder.token_embedders.ner_tag.pretrained_file = None
2019-02-13 01:55:03,748 - INFO - allennlp.common.params - model.text_field_embedder.token_embedders.ner_tag.projection_dim = None
2019-02-13 01:55:03,748 - INFO - allennlp.common.params - model.text_field_embedder.token_embedders.ner_tag.trainable = True
2019-02-13 01:55:03,748 - INFO - allennlp.common.params - model.text_field_embedder.token_embedders.ner_tag.padding_index = None
2019-02-13 01:55:03,748 - INFO - allennlp.common.params - model.text_field_embedder.token_embedders.ner_tag.max_norm = None
2019-02-13 01:55:03,748 - INFO - allennlp.common.params - model.text_field_embedder.token_embedders.ner_tag.norm_type = 2.0
2019-02-13 01:55:03,749 - INFO - allennlp.common.params - model.text_field_embedder.token_embedders.ner_tag.scale_grad_by_freq = False
2019-02-13 01:55:03,749 - INFO - allennlp.common.params - model.text_field_embedder.token_embedders.ner_tag.sparse = False
2019-02-13 01:55:03,749 - INFO - allennlp.common.from_params - instantiating class <class 'allennlp.modules.token_embedders.token_embedder.TokenEmbedder'> from params {'embedding_dim': 15, 'type': 'embedding', 'vocab_namespace': 'pos'} and extras {'vocab': Vocabulary with namespaces:  dependencies, Size: 47 || ner, Size: 21 || pos, Size: 17 || labels, Size: 2 || Non Padded Namespaces: {'*labels', '*tags'}}
2019-02-13 01:55:03,749 - INFO - allennlp.common.params - model.text_field_embedder.token_embedders.pos_tag.type = embedding
2019-02-13 01:55:03,749 - INFO - allennlp.common.params - model.text_field_embedder.token_embedders.pos_tag.num_embeddings = None
2019-02-13 01:55:03,750 - INFO - allennlp.common.params - model.text_field_embedder.token_embedders.pos_tag.vocab_namespace = pos
2019-02-13 01:55:03,750 - INFO - allennlp.common.params - model.text_field_embedder.token_embedders.pos_tag.embedding_dim = 15
2019-02-13 01:55:03,750 - INFO - allennlp.common.params - model.text_field_embedder.token_embedders.pos_tag.pretrained_file = None
2019-02-13 01:55:03,750 - INFO - allennlp.common.params - model.text_field_embedder.token_embedders.pos_tag.projection_dim = None
2019-02-13 01:55:03,750 - INFO - allennlp.common.params - model.text_field_embedder.token_embedders.pos_tag.trainable = True
2019-02-13 01:55:03,750 - INFO - allennlp.common.params - model.text_field_embedder.token_embedders.pos_tag.padding_index = None
2019-02-13 01:55:03,750 - INFO - allennlp.common.params - model.text_field_embedder.token_embedders.pos_tag.max_norm = None
2019-02-13 01:55:03,750 - INFO - allennlp.common.params - model.text_field_embedder.token_embedders.pos_tag.norm_type = 2.0
2019-02-13 01:55:03,750 - INFO - allennlp.common.params - model.text_field_embedder.token_embedders.pos_tag.scale_grad_by_freq = False
2019-02-13 01:55:03,751 - INFO - allennlp.common.params - model.text_field_embedder.token_embedders.pos_tag.sparse = False
2019-02-13 01:55:03,751 - INFO - allennlp.common.from_params - instantiating class <class 'allennlp.modules.seq2seq_encoders.seq2seq_encoder.Seq2SeqEncoder'> from params {'bidirectional': True, 'dropout': 0.5, 'hidden_size': 54, 'input_size': 54, 'num_layers': 2, 'type': 'lstm'} and extras {'vocab': Vocabulary with namespaces:  dependencies, Size: 47 || ner, Size: 21 || pos, Size: 17 || labels, Size: 2 || Non Padded Namespaces: {'*labels', '*tags'}}
2019-02-13 01:55:03,751 - INFO - allennlp.common.params - model.encoder.type = lstm
2019-02-13 01:55:03,751 - INFO - allennlp.common.params - model.encoder.batch_first = True
2019-02-13 01:55:03,752 - INFO - allennlp.common.params - model.encoder.stateful = False
2019-02-13 01:55:03,752 - INFO - allennlp.common.params - Converting Params object to dict; logging of default values will not occur when dictionary parameters are used subsequently.
2019-02-13 01:55:03,752 - INFO - allennlp.common.params - CURRENTLY DEFINED PARAMETERS: 
2019-02-13 01:55:03,752 - INFO - allennlp.common.params - model.encoder.bidirectional = True
2019-02-13 01:55:03,752 - INFO - allennlp.common.params - model.encoder.dropout = 0.5
2019-02-13 01:55:03,752 - INFO - allennlp.common.params - model.encoder.hidden_size = 54
2019-02-13 01:55:03,752 - INFO - allennlp.common.params - model.encoder.input_size = 54
2019-02-13 01:55:03,752 - INFO - allennlp.common.params - model.encoder.num_layers = 2
2019-02-13 01:55:03,752 - INFO - allennlp.common.params - model.encoder.batch_first = True
2019-02-13 01:55:03,754 - INFO - allennlp.common.params - model.do_crossentropy_weighting = True
2019-02-13 01:55:03,755 - INFO - allennlp.common.params - model.Ntags0 = 90
2019-02-13 01:55:03,755 - INFO - allennlp.common.params - model.Ntags1 = 10
2019-02-13 01:55:03,755 - INFO - allennlp.nn.initializers - Initializing parameters
2019-02-13 01:55:03,755 - INFO - allennlp.nn.initializers - Done initializing parameters; the following parameters are using their default initialization from their code
2019-02-13 01:55:03,756 - INFO - allennlp.nn.initializers -    encoder._module.bias_hh_l0
2019-02-13 01:55:03,756 - INFO - allennlp.nn.initializers -    encoder._module.bias_hh_l0_reverse
2019-02-13 01:55:03,756 - INFO - allennlp.nn.initializers -    encoder._module.bias_hh_l1
2019-02-13 01:55:03,756 - INFO - allennlp.nn.initializers -    encoder._module.bias_hh_l1_reverse
2019-02-13 01:55:03,756 - INFO - allennlp.nn.initializers -    encoder._module.bias_ih_l0
2019-02-13 01:55:03,756 - INFO - allennlp.nn.initializers -    encoder._module.bias_ih_l0_reverse
2019-02-13 01:55:03,756 - INFO - allennlp.nn.initializers -    encoder._module.bias_ih_l1
2019-02-13 01:55:03,756 - INFO - allennlp.nn.initializers -    encoder._module.bias_ih_l1_reverse
2019-02-13 01:55:03,757 - INFO - allennlp.nn.initializers -    encoder._module.weight_hh_l0
2019-02-13 01:55:03,757 - INFO - allennlp.nn.initializers -    encoder._module.weight_hh_l0_reverse
2019-02-13 01:55:03,757 - INFO - allennlp.nn.initializers -    encoder._module.weight_hh_l1
2019-02-13 01:55:03,757 - INFO - allennlp.nn.initializers -    encoder._module.weight_hh_l1_reverse
2019-02-13 01:55:03,757 - INFO - allennlp.nn.initializers -    encoder._module.weight_ih_l0
2019-02-13 01:55:03,757 - INFO - allennlp.nn.initializers -    encoder._module.weight_ih_l0_reverse
2019-02-13 01:55:03,757 - INFO - allennlp.nn.initializers -    encoder._module.weight_ih_l1
2019-02-13 01:55:03,757 - INFO - allennlp.nn.initializers -    encoder._module.weight_ih_l1_reverse
2019-02-13 01:55:03,757 - INFO - allennlp.nn.initializers -    tag_projection_layer._module.bias
2019-02-13 01:55:03,758 - INFO - allennlp.nn.initializers -    tag_projection_layer._module.weight
2019-02-13 01:55:03,758 - INFO - allennlp.nn.initializers -    text_field_embedder.token_embedder_dependency_label.weight
2019-02-13 01:55:03,758 - INFO - allennlp.nn.initializers -    text_field_embedder.token_embedder_ner_tag.weight
2019-02-13 01:55:03,758 - INFO - allennlp.nn.initializers -    text_field_embedder.token_embedder_pos_tag.weight
2019-02-13 01:55:03,759 - INFO - allennlp.common.from_params - instantiating class <class 'allennlp.data.iterators.data_iterator.DataIterator'> from params {'batch_size': 32, 'type': 'basic'} and extras {}
2019-02-13 01:55:03,759 - INFO - allennlp.common.params - iterator.type = basic
2019-02-13 01:55:03,759 - INFO - allennlp.common.from_params - instantiating class <class 'allennlp.data.iterators.basic_iterator.BasicIterator'> from params {'batch_size': 32} and extras {}
2019-02-13 01:55:03,760 - INFO - allennlp.common.params - iterator.batch_size = 32
2019-02-13 01:55:03,760 - INFO - allennlp.common.params - iterator.instances_per_epoch = None
2019-02-13 01:55:03,760 - INFO - allennlp.common.params - iterator.max_instances_in_memory = None
2019-02-13 01:55:03,760 - INFO - allennlp.common.params - iterator.cache_instances = False
2019-02-13 01:55:03,760 - INFO - allennlp.common.params - iterator.track_epoch = False
2019-02-13 01:55:03,760 - INFO - allennlp.common.params - iterator.maximum_samples_per_batch = None
2019-02-13 01:55:03,761 - INFO - allennlp.common.params - validation_iterator = None
2019-02-13 01:55:03,761 - INFO - allennlp.common.params - trainer.no_grad = ()
2019-02-13 01:55:03,761 - INFO - allennlp.commands.train - Following parameters are Frozen  (without gradient):
2019-02-13 01:55:03,761 - INFO - allennlp.commands.train - Following parameters are Tunable (with gradient):
2019-02-13 01:55:03,761 - INFO - allennlp.commands.train - text_field_embedder.token_embedder_dependency_label.weight
2019-02-13 01:55:03,761 - INFO - allennlp.commands.train - text_field_embedder.token_embedder_ner_tag.weight
2019-02-13 01:55:03,761 - INFO - allennlp.commands.train - text_field_embedder.token_embedder_pos_tag.weight
2019-02-13 01:55:03,762 - INFO - allennlp.commands.train - encoder._module.weight_ih_l0
2019-02-13 01:55:03,762 - INFO - allennlp.commands.train - encoder._module.weight_hh_l0
2019-02-13 01:55:03,762 - INFO - allennlp.commands.train - encoder._module.bias_ih_l0
2019-02-13 01:55:03,762 - INFO - allennlp.commands.train - encoder._module.bias_hh_l0
2019-02-13 01:55:03,762 - INFO - allennlp.commands.train - encoder._module.weight_ih_l0_reverse
2019-02-13 01:55:03,762 - INFO - allennlp.commands.train - encoder._module.weight_hh_l0_reverse
2019-02-13 01:55:03,762 - INFO - allennlp.commands.train - encoder._module.bias_ih_l0_reverse
2019-02-13 01:55:03,762 - INFO - allennlp.commands.train - encoder._module.bias_hh_l0_reverse
2019-02-13 01:55:03,763 - INFO - allennlp.commands.train - encoder._module.weight_ih_l1
2019-02-13 01:55:03,763 - INFO - allennlp.commands.train - encoder._module.weight_hh_l1
2019-02-13 01:55:03,763 - INFO - allennlp.commands.train - encoder._module.bias_ih_l1
2019-02-13 01:55:03,763 - INFO - allennlp.commands.train - encoder._module.bias_hh_l1
2019-02-13 01:55:03,763 - INFO - allennlp.commands.train - encoder._module.weight_ih_l1_reverse
2019-02-13 01:55:03,763 - INFO - allennlp.commands.train - encoder._module.weight_hh_l1_reverse
2019-02-13 01:55:03,763 - INFO - allennlp.commands.train - encoder._module.bias_ih_l1_reverse
2019-02-13 01:55:03,763 - INFO - allennlp.commands.train - encoder._module.bias_hh_l1_reverse
2019-02-13 01:55:03,763 - INFO - allennlp.commands.train - tag_projection_layer._module.weight
2019-02-13 01:55:03,763 - INFO - allennlp.commands.train - tag_projection_layer._module.bias
2019-02-13 01:55:03,764 - INFO - allennlp.common.params - trainer.type = default
2019-02-13 01:55:03,764 - INFO - allennlp.common.params - trainer.patience = 5
2019-02-13 01:55:03,764 - INFO - allennlp.common.params - trainer.validation_metric = -loss
2019-02-13 01:55:03,764 - INFO - allennlp.common.params - trainer.shuffle = True
2019-02-13 01:55:03,764 - INFO - allennlp.common.params - trainer.num_epochs = 40
2019-02-13 01:55:03,764 - INFO - allennlp.common.params - trainer.cuda_device = 0
2019-02-13 01:55:03,764 - INFO - allennlp.common.params - trainer.grad_norm = None
2019-02-13 01:55:03,764 - INFO - allennlp.common.params - trainer.grad_clipping = None
2019-02-13 01:55:03,764 - INFO - allennlp.common.params - trainer.learning_rate_scheduler = None
2019-02-13 01:55:06,141 - INFO - allennlp.common.params - trainer.optimizer = adam
2019-02-13 01:55:06,141 - INFO - allennlp.common.params - parameter_groups = None
2019-02-13 01:55:06,141 - INFO - allennlp.training.optimizers - Number of trainable parameters: 120180
2019-02-13 01:55:06,142 - INFO - allennlp.common.params - Converting Params object to dict; logging of default values will not occur when dictionary parameters are used subsequently.
2019-02-13 01:55:06,142 - INFO - allennlp.common.params - CURRENTLY DEFINED PARAMETERS: 
2019-02-13 01:55:06,143 - INFO - allennlp.common.params - trainer.num_serialized_models_to_keep = 20
2019-02-13 01:55:06,143 - INFO - allennlp.common.params - trainer.keep_serialized_model_every_num_seconds = None
2019-02-13 01:55:06,143 - INFO - allennlp.common.params - trainer.model_save_interval = None
2019-02-13 01:55:06,143 - INFO - allennlp.common.params - trainer.summary_interval = 100
2019-02-13 01:55:06,143 - INFO - allennlp.common.params - trainer.histogram_interval = None
2019-02-13 01:55:06,143 - INFO - allennlp.common.params - trainer.should_log_parameter_statistics = True
2019-02-13 01:55:06,143 - INFO - allennlp.common.params - trainer.should_log_learning_rate = False
2019-02-13 01:55:06,144 - INFO - allennlp.common.params - trainer.log_batch_size_period = None
2019-02-13 01:55:06,146 - INFO - allennlp.common.params - evaluate_on_test = False
2019-02-13 01:55:06,146 - INFO - allennlp.training.trainer - Beginning training.
2019-02-13 01:55:06,147 - INFO - allennlp.training.trainer - Epoch 0/39
2019-02-13 01:55:06,147 - INFO - allennlp.training.trainer - Peak CPU memory usage MB: 2612.44
2019-02-13 01:55:06,238 - INFO - allennlp.training.trainer - GPU 0 memory usage MB: 321
2019-02-13 01:55:06,238 - INFO - allennlp.training.trainer - Training
2019-02-13 01:55:22,170 - INFO - allennlp.training.trainer - Validating
2019-02-13 01:55:25,096 - INFO - allennlp.training.trainer -                     Training |  Validation
2019-02-13 01:55:25,097 - INFO - allennlp.training.trainer - accuracy        |     0.884  |     0.847
2019-02-13 01:55:25,097 - INFO - allennlp.training.trainer - accuracy3       |     1.000  |     1.000
2019-02-13 01:55:25,098 - INFO - allennlp.training.trainer - gpu_0_memory_MB |   321.000  |       N/A
2019-02-13 01:55:25,098 - INFO - allennlp.training.trainer - cpu_memory_MB   |  2612.440  |       N/A
2019-02-13 01:55:25,098 - INFO - allennlp.training.trainer - loss            |     0.455  |     0.460
2019-02-13 01:55:25,105 - INFO - allennlp.training.trainer - Best validation performance so far. Copying weights to './model_params/best.th'.
2019-02-13 01:55:25,106 - INFO - allennlp.training.trainer - Epoch duration: 00:00:18
2019-02-13 01:55:25,106 - INFO - allennlp.training.trainer - Estimated training time remaining: 0:12:19
2019-02-13 01:55:25,106 - INFO - allennlp.training.trainer - Epoch 1/39
2019-02-13 01:55:25,106 - INFO - allennlp.training.trainer - Peak CPU memory usage MB: 2646.688
2019-02-13 01:55:25,200 - INFO - allennlp.training.trainer - GPU 0 memory usage MB: 346
2019-02-13 01:55:25,201 - INFO - allennlp.training.trainer - Training
2019-02-13 01:55:40,577 - INFO - allennlp.training.trainer - Validating
2019-02-13 01:55:43,148 - INFO - allennlp.training.trainer -                     Training |  Validation
2019-02-13 01:55:43,148 - INFO - allennlp.training.trainer - accuracy        |     0.877  |     0.880
2019-02-13 01:55:43,149 - INFO - allennlp.training.trainer - accuracy3       |     1.000  |     1.000
2019-02-13 01:55:43,149 - INFO - allennlp.training.trainer - gpu_0_memory_MB |   346.000  |       N/A
2019-02-13 01:55:43,150 - INFO - allennlp.training.trainer - cpu_memory_MB   |  2646.688  |       N/A
2019-02-13 01:55:43,150 - INFO - allennlp.training.trainer - loss            |     0.374  |     0.461
2019-02-13 01:55:43,156 - INFO - allennlp.training.trainer - Epoch duration: 00:00:18
2019-02-13 01:55:43,157 - INFO - allennlp.training.trainer - Estimated training time remaining: 0:11:43
2019-02-13 01:55:43,157 - INFO - allennlp.training.trainer - Epoch 2/39
2019-02-13 01:55:43,157 - INFO - allennlp.training.trainer - Peak CPU memory usage MB: 2647.236
2019-02-13 01:55:43,249 - INFO - allennlp.training.trainer - GPU 0 memory usage MB: 346
2019-02-13 01:55:43,249 - INFO - allennlp.training.trainer - Training
2019-02-13 01:55:58,505 - INFO - allennlp.training.trainer - Validating
2019-02-13 01:56:01,086 - INFO - allennlp.training.trainer -                     Training |  Validation
2019-02-13 01:56:01,087 - INFO - allennlp.training.trainer - accuracy        |     0.885  |     0.885
2019-02-13 01:56:01,087 - INFO - allennlp.training.trainer - accuracy3       |     1.000  |     1.000
2019-02-13 01:56:01,087 - INFO - allennlp.training.trainer - gpu_0_memory_MB |   346.000  |       N/A
2019-02-13 01:56:01,088 - INFO - allennlp.training.trainer - cpu_memory_MB   |  2647.236  |       N/A
2019-02-13 01:56:01,088 - INFO - allennlp.training.trainer - loss            |     0.367  |     0.453
2019-02-13 01:56:01,095 - INFO - allennlp.training.trainer - Best validation performance so far. Copying weights to './model_params/best.th'.
2019-02-13 01:56:01,096 - INFO - allennlp.training.trainer - Epoch duration: 00:00:17
2019-02-13 01:56:01,096 - INFO - allennlp.training.trainer - Estimated training time remaining: 0:11:17
2019-02-13 01:56:01,096 - INFO - allennlp.training.trainer - Epoch 3/39
2019-02-13 01:56:01,096 - INFO - allennlp.training.trainer - Peak CPU memory usage MB: 2647.36
2019-02-13 01:56:01,190 - INFO - allennlp.training.trainer - GPU 0 memory usage MB: 352
2019-02-13 01:56:01,190 - INFO - allennlp.training.trainer - Training
2019-02-13 01:56:16,625 - INFO - allennlp.training.trainer - Validating
2019-02-13 01:56:19,188 - INFO - allennlp.training.trainer -                     Training |  Validation
2019-02-13 01:56:19,189 - INFO - allennlp.training.trainer - accuracy        |     0.886  |     0.884
2019-02-13 01:56:19,190 - INFO - allennlp.training.trainer - accuracy3       |     1.000  |     1.000
2019-02-13 01:56:19,190 - INFO - allennlp.training.trainer - gpu_0_memory_MB |   352.000  |       N/A
2019-02-13 01:56:19,190 - INFO - allennlp.training.trainer - cpu_memory_MB   |  2647.360  |       N/A
2019-02-13 01:56:19,190 - INFO - allennlp.training.trainer - loss            |     0.362  |     0.446
2019-02-13 01:56:19,196 - INFO - allennlp.training.trainer - Best validation performance so far. Copying weights to './model_params/best.th'.
2019-02-13 01:56:19,197 - INFO - allennlp.training.trainer - Epoch duration: 00:00:18
2019-02-13 01:56:19,198 - INFO - allennlp.training.trainer - Estimated training time remaining: 0:10:57
2019-02-13 01:56:19,198 - INFO - allennlp.training.trainer - Epoch 4/39
2019-02-13 01:56:19,198 - INFO - allennlp.training.trainer - Peak CPU memory usage MB: 2647.648
2019-02-13 01:56:19,291 - INFO - allennlp.training.trainer - GPU 0 memory usage MB: 357
2019-02-13 01:56:19,292 - INFO - allennlp.training.trainer - Training
2019-02-13 01:56:34,710 - INFO - allennlp.training.trainer - Validating
2019-02-13 01:56:37,267 - INFO - allennlp.training.trainer -                     Training |  Validation
2019-02-13 01:56:37,268 - INFO - allennlp.training.trainer - accuracy        |     0.888  |     0.890
2019-02-13 01:56:37,268 - INFO - allennlp.training.trainer - accuracy3       |     1.000  |     1.000
2019-02-13 01:56:37,269 - INFO - allennlp.training.trainer - gpu_0_memory_MB |   357.000  |       N/A
2019-02-13 01:56:37,269 - INFO - allennlp.training.trainer - cpu_memory_MB   |  2647.648  |       N/A
2019-02-13 01:56:37,270 - INFO - allennlp.training.trainer - loss            |     0.359  |     0.458
2019-02-13 01:56:37,275 - INFO - allennlp.training.trainer - Epoch duration: 00:00:18
2019-02-13 01:56:37,276 - INFO - allennlp.training.trainer - Estimated training time remaining: 0:10:37
2019-02-13 01:56:37,276 - INFO - allennlp.training.trainer - Epoch 5/39
2019-02-13 01:56:37,276 - INFO - allennlp.training.trainer - Peak CPU memory usage MB: 2647.648
2019-02-13 01:56:37,373 - INFO - allennlp.training.trainer - GPU 0 memory usage MB: 357
2019-02-13 01:56:37,374 - INFO - allennlp.training.trainer - Training
2019-02-13 01:56:52,681 - INFO - allennlp.training.trainer - Validating
2019-02-13 01:56:55,229 - INFO - allennlp.training.trainer -                     Training |  Validation
2019-02-13 01:56:55,230 - INFO - allennlp.training.trainer - accuracy        |     0.889  |     0.862
2019-02-13 01:56:55,230 - INFO - allennlp.training.trainer - accuracy3       |     1.000  |     1.000
2019-02-13 01:56:55,230 - INFO - allennlp.training.trainer - gpu_0_memory_MB |   357.000  |       N/A
2019-02-13 01:56:55,231 - INFO - allennlp.training.trainer - cpu_memory_MB   |  2647.648  |       N/A
2019-02-13 01:56:55,231 - INFO - allennlp.training.trainer - loss            |     0.357  |     0.445
2019-02-13 01:56:55,236 - INFO - allennlp.training.trainer - Best validation performance so far. Copying weights to './model_params/best.th'.
2019-02-13 01:56:55,238 - INFO - allennlp.training.trainer - Epoch duration: 00:00:17
2019-02-13 01:56:55,238 - INFO - allennlp.training.trainer - Estimated training time remaining: 0:10:18
2019-02-13 01:56:55,238 - INFO - allennlp.training.trainer - Epoch 6/39
2019-02-13 01:56:55,238 - INFO - allennlp.training.trainer - Peak CPU memory usage MB: 2647.84
2019-02-13 01:56:55,334 - INFO - allennlp.training.trainer - GPU 0 memory usage MB: 357
2019-02-13 01:56:55,335 - INFO - allennlp.training.trainer - Training
2019-02-13 01:57:10,656 - INFO - allennlp.training.trainer - Validating
2019-02-13 01:57:13,214 - INFO - allennlp.training.trainer -                     Training |  Validation
2019-02-13 01:57:13,214 - INFO - allennlp.training.trainer - accuracy        |     0.889  |     0.874
2019-02-13 01:57:13,215 - INFO - allennlp.training.trainer - accuracy3       |     1.000  |     1.000
2019-02-13 01:57:13,216 - INFO - allennlp.training.trainer - gpu_0_memory_MB |   357.000  |       N/A
2019-02-13 01:57:13,216 - INFO - allennlp.training.trainer - cpu_memory_MB   |  2647.840  |       N/A
2019-02-13 01:57:13,216 - INFO - allennlp.training.trainer - loss            |     0.354  |     0.447
2019-02-13 01:57:13,223 - INFO - allennlp.training.trainer - Epoch duration: 00:00:17
2019-02-13 01:57:13,223 - INFO - allennlp.training.trainer - Estimated training time remaining: 0:09:59
2019-02-13 01:57:13,223 - INFO - allennlp.training.trainer - Epoch 7/39
2019-02-13 01:57:13,223 - INFO - allennlp.training.trainer - Peak CPU memory usage MB: 2647.96
2019-02-13 01:57:13,316 - INFO - allennlp.training.trainer - GPU 0 memory usage MB: 357
2019-02-13 01:57:13,316 - INFO - allennlp.training.trainer - Training
2019-02-13 01:57:28,454 - INFO - allennlp.training.trainer - Validating
2019-02-13 01:57:31,021 - INFO - allennlp.training.trainer -                     Training |  Validation
2019-02-13 01:57:31,021 - INFO - allennlp.training.trainer - accuracy        |     0.891  |     0.875
2019-02-13 01:57:31,021 - INFO - allennlp.training.trainer - accuracy3       |     1.000  |     1.000
2019-02-13 01:57:31,022 - INFO - allennlp.training.trainer - gpu_0_memory_MB |   357.000  |       N/A
2019-02-13 01:57:31,022 - INFO - allennlp.training.trainer - cpu_memory_MB   |  2647.960  |       N/A
2019-02-13 01:57:31,022 - INFO - allennlp.training.trainer - loss            |     0.352  |     0.451
2019-02-13 01:57:31,029 - INFO - allennlp.training.trainer - Epoch duration: 00:00:17
2019-02-13 01:57:31,029 - INFO - allennlp.training.trainer - Estimated training time remaining: 0:09:39
2019-02-13 01:57:31,029 - INFO - allennlp.training.trainer - Epoch 8/39
2019-02-13 01:57:31,029 - INFO - allennlp.training.trainer - Peak CPU memory usage MB: 2648.072
2019-02-13 01:57:31,123 - INFO - allennlp.training.trainer - GPU 0 memory usage MB: 357
2019-02-13 01:57:31,123 - INFO - allennlp.training.trainer - Training
2019-02-13 01:57:46,489 - INFO - allennlp.training.trainer - Validating
2019-02-13 01:57:49,078 - INFO - allennlp.training.trainer -                     Training |  Validation
2019-02-13 01:57:49,078 - INFO - allennlp.training.trainer - accuracy        |     0.891  |     0.881
2019-02-13 01:57:49,079 - INFO - allennlp.training.trainer - accuracy3       |     1.000  |     1.000
2019-02-13 01:57:49,079 - INFO - allennlp.training.trainer - gpu_0_memory_MB |   357.000  |       N/A
2019-02-13 01:57:49,079 - INFO - allennlp.training.trainer - cpu_memory_MB   |  2648.072  |       N/A
2019-02-13 01:57:49,080 - INFO - allennlp.training.trainer - loss            |     0.349  |     0.447
2019-02-13 01:57:49,086 - INFO - allennlp.training.trainer - Epoch duration: 00:00:18
2019-02-13 01:57:49,086 - INFO - allennlp.training.trainer - Estimated training time remaining: 0:09:21
2019-02-13 01:57:49,086 - INFO - allennlp.training.trainer - Epoch 9/39
2019-02-13 01:57:49,086 - INFO - allennlp.training.trainer - Peak CPU memory usage MB: 2648.524
2019-02-13 01:57:49,182 - INFO - allennlp.training.trainer - GPU 0 memory usage MB: 357
2019-02-13 01:57:49,182 - INFO - allennlp.training.trainer - Training
2019-02-13 01:58:04,520 - INFO - allennlp.training.trainer - Validating
2019-02-13 01:58:07,087 - INFO - allennlp.training.trainer -                     Training |  Validation
2019-02-13 01:58:07,087 - INFO - allennlp.training.trainer - accuracy        |     0.892  |     0.855
2019-02-13 01:58:07,087 - INFO - allennlp.training.trainer - accuracy3       |     1.000  |     1.000
2019-02-13 01:58:07,088 - INFO - allennlp.training.trainer - gpu_0_memory_MB |   357.000  |       N/A
2019-02-13 01:58:07,088 - INFO - allennlp.training.trainer - cpu_memory_MB   |  2648.524  |       N/A
2019-02-13 01:58:07,088 - INFO - allennlp.training.trainer - loss            |     0.347  |     0.441
2019-02-13 01:58:07,095 - INFO - allennlp.training.trainer - Best validation performance so far. Copying weights to './model_params/best.th'.
2019-02-13 01:58:07,096 - INFO - allennlp.training.trainer - Epoch duration: 00:00:18
2019-02-13 01:58:07,096 - INFO - allennlp.training.trainer - Estimated training time remaining: 0:09:02
2019-02-13 01:58:07,096 - INFO - allennlp.training.trainer - Epoch 10/39
2019-02-13 01:58:07,097 - INFO - allennlp.training.trainer - Peak CPU memory usage MB: 2648.892
2019-02-13 01:58:07,191 - INFO - allennlp.training.trainer - GPU 0 memory usage MB: 357
2019-02-13 01:58:07,192 - INFO - allennlp.training.trainer - Training
2019-02-13 01:58:22,448 - INFO - allennlp.training.trainer - Validating
2019-02-13 01:58:24,989 - INFO - allennlp.training.trainer -                     Training |  Validation
2019-02-13 01:58:24,990 - INFO - allennlp.training.trainer - accuracy        |     0.892  |     0.875
2019-02-13 01:58:24,990 - INFO - allennlp.training.trainer - accuracy3       |     1.000  |     1.000
2019-02-13 01:58:24,990 - INFO - allennlp.training.trainer - gpu_0_memory_MB |   357.000  |       N/A
2019-02-13 01:58:24,991 - INFO - allennlp.training.trainer - cpu_memory_MB   |  2648.892  |       N/A
2019-02-13 01:58:24,991 - INFO - allennlp.training.trainer - loss            |     0.347  |     0.443
2019-02-13 01:58:25,000 - INFO - allennlp.training.trainer - Epoch duration: 00:00:17
2019-02-13 01:58:25,000 - INFO - allennlp.training.trainer - Estimated training time remaining: 0:08:44
2019-02-13 01:58:25,001 - INFO - allennlp.training.trainer - Epoch 11/39
2019-02-13 01:58:25,001 - INFO - allennlp.training.trainer - Peak CPU memory usage MB: 2649.004
2019-02-13 01:58:25,092 - INFO - allennlp.training.trainer - GPU 0 memory usage MB: 357
2019-02-13 01:58:25,093 - INFO - allennlp.training.trainer - Training
2019-02-13 01:58:40,404 - INFO - allennlp.training.trainer - Validating
2019-02-13 01:58:42,983 - INFO - allennlp.training.trainer -                     Training |  Validation
2019-02-13 01:58:42,983 - INFO - allennlp.training.trainer - accuracy        |     0.893  |     0.885
2019-02-13 01:58:42,984 - INFO - allennlp.training.trainer - accuracy3       |     1.000  |     1.000
2019-02-13 01:58:42,984 - INFO - allennlp.training.trainer - gpu_0_memory_MB |   357.000  |       N/A
2019-02-13 01:58:42,985 - INFO - allennlp.training.trainer - cpu_memory_MB   |  2649.004  |       N/A
2019-02-13 01:58:42,985 - INFO - allennlp.training.trainer - loss            |     0.344  |     0.458
2019-02-13 01:58:42,991 - INFO - allennlp.training.trainer - Epoch duration: 00:00:17
2019-02-13 01:58:42,991 - INFO - allennlp.training.trainer - Estimated training time remaining: 0:08:25
2019-02-13 01:58:42,991 - INFO - allennlp.training.trainer - Epoch 12/39
2019-02-13 01:58:42,992 - INFO - allennlp.training.trainer - Peak CPU memory usage MB: 2649.032
2019-02-13 01:58:43,085 - INFO - allennlp.training.trainer - GPU 0 memory usage MB: 357
2019-02-13 01:58:43,085 - INFO - allennlp.training.trainer - Training
2019-02-13 01:58:58,442 - INFO - allennlp.training.trainer - Validating
2019-02-13 01:59:01,003 - INFO - allennlp.training.trainer -                     Training |  Validation
2019-02-13 01:59:01,004 - INFO - allennlp.training.trainer - accuracy        |     0.892  |     0.860
2019-02-13 01:59:01,004 - INFO - allennlp.training.trainer - accuracy3       |     1.000  |     1.000
2019-02-13 01:59:01,004 - INFO - allennlp.training.trainer - gpu_0_memory_MB |   357.000  |       N/A
2019-02-13 01:59:01,005 - INFO - allennlp.training.trainer - cpu_memory_MB   |  2649.032  |       N/A
2019-02-13 01:59:01,005 - INFO - allennlp.training.trainer - loss            |     0.342  |     0.442
2019-02-13 01:59:01,011 - INFO - allennlp.training.trainer - Epoch duration: 00:00:18
2019-02-13 01:59:01,011 - INFO - allennlp.training.trainer - Estimated training time remaining: 0:08:07
2019-02-13 01:59:01,012 - INFO - allennlp.training.trainer - Epoch 13/39
2019-02-13 01:59:01,012 - INFO - allennlp.training.trainer - Peak CPU memory usage MB: 2649.068
2019-02-13 01:59:01,104 - INFO - allennlp.training.trainer - GPU 0 memory usage MB: 357
2019-02-13 01:59:01,105 - INFO - allennlp.training.trainer - Training
2019-02-13 01:59:16,313 - INFO - allennlp.training.trainer - Validating
2019-02-13 01:59:18,868 - INFO - allennlp.training.trainer -                     Training |  Validation
2019-02-13 01:59:18,868 - INFO - allennlp.training.trainer - accuracy        |     0.892  |     0.888
2019-02-13 01:59:18,868 - INFO - allennlp.training.trainer - accuracy3       |     1.000  |     1.000
2019-02-13 01:59:18,869 - INFO - allennlp.training.trainer - gpu_0_memory_MB |   357.000  |       N/A
2019-02-13 01:59:18,869 - INFO - allennlp.training.trainer - cpu_memory_MB   |  2649.068  |       N/A
2019-02-13 01:59:18,869 - INFO - allennlp.training.trainer - loss            |     0.340  |     0.450
2019-02-13 01:59:18,876 - INFO - allennlp.training.trainer - Epoch duration: 00:00:17
2019-02-13 01:59:18,876 - INFO - allennlp.training.trainer - Estimated training time remaining: 0:07:49
2019-02-13 01:59:18,876 - INFO - allennlp.training.trainer - Epoch 14/39
2019-02-13 01:59:18,876 - INFO - allennlp.training.trainer - Peak CPU memory usage MB: 2649.116
2019-02-13 01:59:18,973 - INFO - allennlp.training.trainer - GPU 0 memory usage MB: 357
2019-02-13 01:59:18,973 - INFO - allennlp.training.trainer - Training
2019-02-13 01:59:34,389 - INFO - allennlp.training.trainer - Validating
2019-02-13 01:59:36,939 - INFO - allennlp.training.trainer - Ran out of patience.  Stopping training.
2019-02-13 01:59:36,940 - INFO - allennlp.models.archival - archiving weights and vocabulary to ./model_params/model.tar.gz
2019-02-13 01:59:36,970 - INFO - allennlp.commands.train - Loading the best epoch weights.
2019-02-13 01:59:36,973 - INFO - allennlp.common.util - Metrics: {
  "peak_cpu_memory_MB": 2649.116,
  "peak_gpu_0_memory_MB": 357,
  "training_duration": "00:04:12",
  "training_start_epoch": 0,
  "training_epochs": 13,
  "epoch": 13,
  "training_accuracy": 0.8923043580342791,
  "training_accuracy3": 1.0,
  "training_loss": 0.3398166410624981,
  "training_cpu_memory_MB": 2649.068,
  "training_gpu_0_memory_MB": 357,
  "validation_accuracy": 0.8876709857121914,
  "validation_accuracy3": 1.0,
  "validation_loss": 0.45037712430467414,
  "best_epoch": 9,
  "best_validation_accuracy": 0.8551259063793317,
  "best_validation_accuracy3": 1.0,
  "best_validation_loss": 0.44071717134543825
}
Token batch process time:
55.8129665851593
Token batch process time:
29.005553007125854
