0it [00:00, ?it/s]
1it [01:50, 110.95s/it]
839it [01:51, 77.66s/it]
1702it [01:51, 54.37s/it]
2593it [01:51, 38.06s/it]
3317it [01:51, 26.64s/it]
4297it [01:51, 18.65s/it]
5243it [01:51, 13.05s/it]
5863it [01:51, 52.53it/s]

0it [00:00, ?it/s]
1it [00:32, 32.76s/it]
1277it [00:32, 22.93s/it]
2048it [00:33, 16.05s/it]
3112it [00:33, 93.66it/s]

0it [00:00, ?it/s]
1461it [00:00, 14604.13it/s]
2852it [00:00, 14388.08it/s]
4460it [00:00, 14856.36it/s]
6035it [00:00, 15112.99it/s]
7527it [00:00, 15053.71it/s]
8947it [00:00, 14784.85it/s]
8975it [00:00, 14903.57it/s]

  0%|          | 0/184 [00:00<?, ?it/s]
accuracy: 0.1391, accuracy3: 1.0000, loss: 0.7422 ||:   2%|2         | 4/184 [00:00<00:04, 39.45it/s]
accuracy: 0.1597, accuracy3: 1.0000, loss: 0.7434 ||:   5%|4         | 9/184 [00:00<00:04, 39.56it/s]
accuracy: 0.1916, accuracy3: 1.0000, loss: 0.7295 ||:   8%|7         | 14/184 [00:00<00:04, 41.66it/s]
accuracy: 0.2310, accuracy3: 1.0000, loss: 0.7205 ||:  10%|#         | 19/184 [00:00<00:03, 42.66it/s]
accuracy: 0.2804, accuracy3: 1.0000, loss: 0.7115 ||:  13%|#3        | 24/184 [00:00<00:03, 44.05it/s]
accuracy: 0.3502, accuracy3: 1.0000, loss: 0.7023 ||:  16%|#5        | 29/184 [00:00<00:03, 44.70it/s]
accuracy: 0.4018, accuracy3: 1.0000, loss: 0.6942 ||:  18%|#8        | 34/184 [00:00<00:03, 45.09it/s]
accuracy: 0.4429, accuracy3: 1.0000, loss: 0.6854 ||:  21%|##1       | 39/184 [00:00<00:03, 45.95it/s]
accuracy: 0.4814, accuracy3: 1.0000, loss: 0.6776 ||:  24%|##3       | 44/184 [00:00<00:03, 45.39it/s]
accuracy: 0.5170, accuracy3: 1.0000, loss: 0.6690 ||:  27%|##6       | 49/184 [00:01<00:03, 44.48it/s]
accuracy: 0.5508, accuracy3: 1.0000, loss: 0.6587 ||:  30%|##9       | 55/184 [00:01<00:02, 46.61it/s]
accuracy: 0.5740, accuracy3: 1.0000, loss: 0.6509 ||:  33%|###2      | 60/184 [00:01<00:02, 46.77it/s]
accuracy: 0.5943, accuracy3: 1.0000, loss: 0.6440 ||:  35%|###5      | 65/184 [00:01<00:02, 46.38it/s]
accuracy: 0.6114, accuracy3: 1.0000, loss: 0.6356 ||:  38%|###8      | 70/184 [00:01<00:02, 46.55it/s]
accuracy: 0.6275, accuracy3: 1.0000, loss: 0.6278 ||:  41%|####      | 75/184 [00:01<00:02, 47.21it/s]
accuracy: 0.6405, accuracy3: 1.0000, loss: 0.6214 ||:  43%|####3     | 80/184 [00:01<00:02, 47.63it/s]
accuracy: 0.6531, accuracy3: 1.0000, loss: 0.6157 ||:  46%|####6     | 85/184 [00:01<00:02, 46.55it/s]
accuracy: 0.6642, accuracy3: 1.0000, loss: 0.6091 ||:  49%|####8     | 90/184 [00:01<00:02, 46.05it/s]
accuracy: 0.6748, accuracy3: 1.0000, loss: 0.6030 ||:  52%|#####1    | 95/184 [00:02<00:01, 46.25it/s]
accuracy: 0.6833, accuracy3: 1.0000, loss: 0.5972 ||:  54%|#####4    | 100/184 [00:02<00:01, 44.86it/s]
accuracy: 0.6909, accuracy3: 1.0000, loss: 0.5920 ||:  57%|#####7    | 105/184 [00:02<00:01, 45.48it/s]
accuracy: 0.6983, accuracy3: 1.0000, loss: 0.5869 ||:  60%|#####9    | 110/184 [00:02<00:01, 45.27it/s]
accuracy: 0.7055, accuracy3: 1.0000, loss: 0.5804 ||:  63%|######3   | 116/184 [00:02<00:01, 46.63it/s]
accuracy: 0.7118, accuracy3: 1.0000, loss: 0.5745 ||:  66%|######5   | 121/184 [00:02<00:01, 46.28it/s]
accuracy: 0.7175, accuracy3: 1.0000, loss: 0.5698 ||:  68%|######8   | 126/184 [00:02<00:01, 47.05it/s]
accuracy: 0.7221, accuracy3: 1.0000, loss: 0.5658 ||:  71%|#######1  | 131/184 [00:02<00:01, 47.60it/s]
accuracy: 0.7264, accuracy3: 1.0000, loss: 0.5613 ||:  74%|#######3  | 136/184 [00:02<00:01, 46.21it/s]
accuracy: 0.7304, accuracy3: 1.0000, loss: 0.5571 ||:  77%|#######6  | 141/184 [00:03<00:00, 45.08it/s]
accuracy: 0.7347, accuracy3: 1.0000, loss: 0.5526 ||:  79%|#######9  | 146/184 [00:03<00:00, 45.31it/s]
accuracy: 0.7382, accuracy3: 1.0000, loss: 0.5504 ||:  82%|########2 | 151/184 [00:03<00:00, 45.47it/s]
accuracy: 0.7416, accuracy3: 1.0000, loss: 0.5479 ||:  85%|########4 | 156/184 [00:03<00:00, 45.56it/s]
accuracy: 0.7447, accuracy3: 1.0000, loss: 0.5440 ||:  88%|########7 | 161/184 [00:03<00:00, 44.81it/s]
accuracy: 0.7484, accuracy3: 1.0000, loss: 0.5406 ||:  91%|######### | 167/184 [00:03<00:00, 46.44it/s]
accuracy: 0.7509, accuracy3: 1.0000, loss: 0.5378 ||:  93%|#########3| 172/184 [00:03<00:00, 45.19it/s]
accuracy: 0.7537, accuracy3: 1.0000, loss: 0.5346 ||:  96%|#########6| 177/184 [00:03<00:00, 44.29it/s]
accuracy: 0.7560, accuracy3: 1.0000, loss: 0.5322 ||:  99%|#########8| 182/184 [00:03<00:00, 45.53it/s]
accuracy: 0.7563, accuracy3: 1.0000, loss: 0.5314 ||: 100%|##########| 184/184 [00:04<00:00, 45.89it/s]

  0%|          | 0/98 [00:00<?, ?it/s]
accuracy: 0.8395, accuracy3: 1.0000, loss: 0.5050 ||:   8%|8         | 8/98 [00:00<00:01, 77.91it/s]
accuracy: 0.8297, accuracy3: 1.0000, loss: 0.5359 ||:  16%|#6        | 16/98 [00:00<00:01, 77.64it/s]
accuracy: 0.8264, accuracy3: 1.0000, loss: 0.5215 ||:  24%|##4       | 24/98 [00:00<00:00, 76.35it/s]
accuracy: 0.8290, accuracy3: 1.0000, loss: 0.5123 ||:  34%|###3      | 33/98 [00:00<00:00, 77.62it/s]
accuracy: 0.8384, accuracy3: 1.0000, loss: 0.5332 ||:  42%|####1     | 41/98 [00:00<00:00, 75.90it/s]
accuracy: 0.8400, accuracy3: 1.0000, loss: 0.5317 ||:  50%|#####     | 49/98 [00:00<00:00, 75.14it/s]
accuracy: 0.8448, accuracy3: 1.0000, loss: 0.5216 ||:  57%|#####7    | 56/98 [00:00<00:00, 72.97it/s]
accuracy: 0.8504, accuracy3: 1.0000, loss: 0.5264 ||:  65%|######5   | 64/98 [00:00<00:00, 73.96it/s]
accuracy: 0.8477, accuracy3: 1.0000, loss: 0.5213 ||:  73%|#######3  | 72/98 [00:00<00:00, 74.89it/s]
accuracy: 0.8471, accuracy3: 1.0000, loss: 0.5246 ||:  82%|########1 | 80/98 [00:01<00:00, 74.22it/s]
accuracy: 0.8512, accuracy3: 1.0000, loss: 0.5359 ||:  91%|######### | 89/98 [00:01<00:00, 75.68it/s]
accuracy: 0.8552, accuracy3: 1.0000, loss: 0.5358 ||:  99%|#########8| 97/98 [00:01<00:00, 75.65it/s]
accuracy: 0.8551, accuracy3: 1.0000, loss: 0.5345 ||: 100%|##########| 98/98 [00:01<00:00, 75.83it/s]

  0%|          | 0/184 [00:00<?, ?it/s]
accuracy: 0.8384, accuracy3: 1.0000, loss: 0.4239 ||:   3%|3         | 6/184 [00:00<00:03, 52.76it/s]
accuracy: 0.8474, accuracy3: 1.0000, loss: 0.4334 ||:   7%|6         | 12/184 [00:00<00:03, 52.48it/s]
accuracy: 0.8481, accuracy3: 1.0000, loss: 0.4348 ||:  10%|9         | 18/184 [00:00<00:03, 53.53it/s]
accuracy: 0.8468, accuracy3: 1.0000, loss: 0.4383 ||:  14%|#3        | 25/184 [00:00<00:02, 55.22it/s]
accuracy: 0.8452, accuracy3: 1.0000, loss: 0.4432 ||:  16%|#6        | 30/184 [00:00<00:02, 52.77it/s]
accuracy: 0.8449, accuracy3: 1.0000, loss: 0.4423 ||:  20%|#9        | 36/184 [00:00<00:02, 53.68it/s]
accuracy: 0.8359, accuracy3: 1.0000, loss: 0.4421 ||:  23%|##3       | 43/184 [00:00<00:02, 54.36it/s]
accuracy: 0.8348, accuracy3: 1.0000, loss: 0.4399 ||:  27%|##6       | 49/184 [00:00<00:02, 55.34it/s]
accuracy: 0.8359, accuracy3: 1.0000, loss: 0.4380 ||:  30%|##9       | 55/184 [00:00<00:02, 56.28it/s]
accuracy: 0.8382, accuracy3: 1.0000, loss: 0.4361 ||:  34%|###3      | 62/184 [00:01<00:02, 57.73it/s]
accuracy: 0.8396, accuracy3: 1.0000, loss: 0.4329 ||:  37%|###6      | 68/184 [00:01<00:02, 56.80it/s]
accuracy: 0.8401, accuracy3: 1.0000, loss: 0.4338 ||:  41%|####      | 75/184 [00:01<00:01, 58.55it/s]
accuracy: 0.8405, accuracy3: 1.0000, loss: 0.4315 ||:  44%|####4     | 81/184 [00:01<00:01, 58.72it/s]
accuracy: 0.8406, accuracy3: 1.0000, loss: 0.4317 ||:  48%|####7     | 88/184 [00:01<00:01, 59.05it/s]
accuracy: 0.8413, accuracy3: 1.0000, loss: 0.4330 ||:  51%|#####1    | 94/184 [00:01<00:01, 56.94it/s]
accuracy: 0.8408, accuracy3: 1.0000, loss: 0.4334 ||:  54%|#####4    | 100/184 [00:01<00:01, 55.88it/s]
accuracy: 0.8408, accuracy3: 1.0000, loss: 0.4356 ||:  58%|#####7    | 106/184 [00:01<00:01, 55.84it/s]
accuracy: 0.8406, accuracy3: 1.0000, loss: 0.4347 ||:  61%|######    | 112/184 [00:01<00:01, 56.42it/s]
accuracy: 0.8406, accuracy3: 1.0000, loss: 0.4351 ||:  64%|######4   | 118/184 [00:02<00:01, 55.86it/s]
accuracy: 0.8413, accuracy3: 1.0000, loss: 0.4339 ||:  67%|######7   | 124/184 [00:02<00:01, 55.67it/s]
accuracy: 0.8416, accuracy3: 1.0000, loss: 0.4331 ||:  71%|#######1  | 131/184 [00:02<00:00, 57.13it/s]
accuracy: 0.8420, accuracy3: 1.0000, loss: 0.4321 ||:  74%|#######4  | 137/184 [00:02<00:00, 54.29it/s]
accuracy: 0.8420, accuracy3: 1.0000, loss: 0.4316 ||:  78%|#######8  | 144/184 [00:02<00:00, 56.91it/s]
accuracy: 0.8427, accuracy3: 1.0000, loss: 0.4325 ||:  82%|########1 | 150/184 [00:02<00:00, 54.10it/s]
accuracy: 0.8427, accuracy3: 1.0000, loss: 0.4328 ||:  85%|########4 | 156/184 [00:02<00:00, 55.00it/s]
accuracy: 0.8426, accuracy3: 1.0000, loss: 0.4322 ||:  88%|########8 | 162/184 [00:02<00:00, 56.04it/s]
accuracy: 0.8429, accuracy3: 1.0000, loss: 0.4324 ||:  91%|#########1| 168/184 [00:02<00:00, 56.64it/s]
accuracy: 0.8428, accuracy3: 1.0000, loss: 0.4315 ||:  95%|#########5| 175/184 [00:03<00:00, 56.82it/s]
accuracy: 0.8430, accuracy3: 1.0000, loss: 0.4313 ||:  98%|#########8| 181/184 [00:03<00:00, 55.69it/s]
accuracy: 0.8432, accuracy3: 1.0000, loss: 0.4312 ||: 100%|##########| 184/184 [00:03<00:00, 56.39it/s]

  0%|          | 0/98 [00:00<?, ?it/s]
accuracy: 0.8478, accuracy3: 1.0000, loss: 0.5177 ||:  12%|#2        | 12/98 [00:00<00:00, 114.79it/s]
accuracy: 0.8259, accuracy3: 1.0000, loss: 0.5100 ||:  24%|##4       | 24/98 [00:00<00:00, 113.42it/s]
accuracy: 0.8353, accuracy3: 1.0000, loss: 0.5012 ||:  37%|###6      | 36/98 [00:00<00:00, 114.90it/s]
accuracy: 0.8381, accuracy3: 1.0000, loss: 0.5244 ||:  48%|####7     | 47/98 [00:00<00:00, 113.17it/s]
accuracy: 0.8451, accuracy3: 1.0000, loss: 0.5077 ||:  59%|#####9    | 58/98 [00:00<00:00, 108.79it/s]
accuracy: 0.8468, accuracy3: 1.0000, loss: 0.5078 ||:  71%|#######1  | 70/98 [00:00<00:00, 109.98it/s]
accuracy: 0.8484, accuracy3: 1.0000, loss: 0.5120 ||:  84%|########3 | 82/98 [00:00<00:00, 110.32it/s]
accuracy: 0.8543, accuracy3: 1.0000, loss: 0.5245 ||:  96%|#########5| 94/98 [00:00<00:00, 111.87it/s]
accuracy: 0.8552, accuracy3: 1.0000, loss: 0.5206 ||: 100%|##########| 98/98 [00:00<00:00, 111.34it/s]

  0%|          | 0/184 [00:00<?, ?it/s]
accuracy: 0.8454, accuracy3: 1.0000, loss: 0.4251 ||:   3%|3         | 6/184 [00:00<00:03, 53.67it/s]
accuracy: 0.8505, accuracy3: 1.0000, loss: 0.4393 ||:   7%|6         | 12/184 [00:00<00:03, 54.99it/s]
accuracy: 0.8440, accuracy3: 1.0000, loss: 0.4324 ||:  10%|#         | 19/184 [00:00<00:02, 57.93it/s]
accuracy: 0.8442, accuracy3: 1.0000, loss: 0.4278 ||:  14%|#3        | 25/184 [00:00<00:02, 58.42it/s]
accuracy: 0.8414, accuracy3: 1.0000, loss: 0.4269 ||:  17%|#7        | 32/184 [00:00<00:02, 57.69it/s]
accuracy: 0.8420, accuracy3: 1.0000, loss: 0.4235 ||:  21%|##        | 38/184 [00:00<00:02, 55.43it/s]
accuracy: 0.8416, accuracy3: 1.0000, loss: 0.4227 ||:  24%|##3       | 44/184 [00:00<00:02, 54.72it/s]
accuracy: 0.8396, accuracy3: 1.0000, loss: 0.4234 ||:  27%|##7       | 50/184 [00:00<00:02, 55.99it/s]
accuracy: 0.8413, accuracy3: 1.0000, loss: 0.4224 ||:  30%|###       | 56/184 [00:00<00:02, 54.92it/s]
accuracy: 0.8407, accuracy3: 1.0000, loss: 0.4221 ||:  34%|###3      | 62/184 [00:01<00:02, 56.27it/s]
accuracy: 0.8411, accuracy3: 1.0000, loss: 0.4232 ||:  37%|###6      | 68/184 [00:01<00:02, 57.02it/s]
accuracy: 0.8407, accuracy3: 1.0000, loss: 0.4238 ||:  41%|####      | 75/184 [00:01<00:01, 58.41it/s]
accuracy: 0.8406, accuracy3: 1.0000, loss: 0.4227 ||:  44%|####4     | 81/184 [00:01<00:01, 56.48it/s]
accuracy: 0.8411, accuracy3: 1.0000, loss: 0.4228 ||:  47%|####7     | 87/184 [00:01<00:01, 56.71it/s]
accuracy: 0.8425, accuracy3: 1.0000, loss: 0.4222 ||:  51%|#####     | 93/184 [00:01<00:01, 57.60it/s]
accuracy: 0.8420, accuracy3: 1.0000, loss: 0.4236 ||:  54%|#####3    | 99/184 [00:01<00:01, 58.05it/s]
accuracy: 0.8423, accuracy3: 1.0000, loss: 0.4226 ||:  58%|#####7    | 106/184 [00:01<00:01, 59.25it/s]
accuracy: 0.8428, accuracy3: 1.0000, loss: 0.4228 ||:  61%|######    | 112/184 [00:01<00:01, 56.84it/s]
accuracy: 0.8416, accuracy3: 1.0000, loss: 0.4242 ||:  65%|######4   | 119/184 [00:02<00:01, 57.37it/s]
accuracy: 0.8417, accuracy3: 1.0000, loss: 0.4242 ||:  68%|######7   | 125/184 [00:02<00:01, 56.64it/s]
accuracy: 0.8420, accuracy3: 1.0000, loss: 0.4245 ||:  71%|#######1  | 131/184 [00:02<00:00, 56.96it/s]
accuracy: 0.8418, accuracy3: 1.0000, loss: 0.4247 ||:  74%|#######4  | 137/184 [00:02<00:00, 56.43it/s]
accuracy: 0.8422, accuracy3: 1.0000, loss: 0.4250 ||:  78%|#######7  | 143/184 [00:02<00:00, 56.18it/s]
accuracy: 0.8424, accuracy3: 1.0000, loss: 0.4257 ||:  82%|########1 | 150/184 [00:02<00:00, 57.59it/s]
accuracy: 0.8421, accuracy3: 1.0000, loss: 0.4249 ||:  85%|########5 | 157/184 [00:02<00:00, 59.19it/s]
accuracy: 0.8424, accuracy3: 1.0000, loss: 0.4241 ||:  89%|########8 | 163/184 [00:02<00:00, 58.98it/s]
accuracy: 0.8427, accuracy3: 1.0000, loss: 0.4245 ||:  92%|#########1| 169/184 [00:02<00:00, 58.89it/s]
accuracy: 0.8427, accuracy3: 1.0000, loss: 0.4248 ||:  95%|#########5| 175/184 [00:03<00:00, 57.00it/s]
accuracy: 0.8426, accuracy3: 1.0000, loss: 0.4239 ||:  99%|#########8| 182/184 [00:03<00:00, 57.80it/s]
accuracy: 0.8426, accuracy3: 1.0000, loss: 0.4245 ||: 100%|##########| 184/184 [00:03<00:00, 57.61it/s]

  0%|          | 0/98 [00:00<?, ?it/s]
accuracy: 0.8461, accuracy3: 1.0000, loss: 0.5157 ||:  12%|#2        | 12/98 [00:00<00:00, 110.69it/s]
accuracy: 0.8239, accuracy3: 1.0000, loss: 0.5082 ||:  24%|##4       | 24/98 [00:00<00:00, 111.85it/s]
accuracy: 0.8335, accuracy3: 1.0000, loss: 0.4985 ||:  37%|###6      | 36/98 [00:00<00:00, 112.43it/s]
accuracy: 0.8366, accuracy3: 1.0000, loss: 0.5222 ||:  48%|####7     | 47/98 [00:00<00:00, 109.06it/s]
accuracy: 0.8442, accuracy3: 1.0000, loss: 0.5047 ||:  60%|######    | 59/98 [00:00<00:00, 110.18it/s]
accuracy: 0.8455, accuracy3: 1.0000, loss: 0.5051 ||:  71%|#######1  | 70/98 [00:00<00:00, 108.79it/s]
accuracy: 0.8472, accuracy3: 1.0000, loss: 0.5093 ||:  84%|########3 | 82/98 [00:00<00:00, 110.59it/s]
accuracy: 0.8530, accuracy3: 1.0000, loss: 0.5213 ||:  96%|#########5| 94/98 [00:00<00:00, 110.36it/s]
accuracy: 0.8539, accuracy3: 1.0000, loss: 0.5175 ||: 100%|##########| 98/98 [00:00<00:00, 109.58it/s]

  0%|          | 0/184 [00:00<?, ?it/s]
accuracy: 0.8265, accuracy3: 1.0000, loss: 0.4207 ||:   3%|3         | 6/184 [00:00<00:03, 57.77it/s]
accuracy: 0.8362, accuracy3: 1.0000, loss: 0.4088 ||:   7%|6         | 12/184 [00:00<00:02, 58.21it/s]
accuracy: 0.8422, accuracy3: 1.0000, loss: 0.4049 ||:  10%|#         | 19/184 [00:00<00:02, 58.48it/s]
accuracy: 0.8419, accuracy3: 1.0000, loss: 0.4086 ||:  14%|#3        | 25/184 [00:00<00:02, 58.61it/s]
accuracy: 0.8422, accuracy3: 1.0000, loss: 0.4108 ||:  17%|#7        | 32/184 [00:00<00:02, 59.66it/s]
accuracy: 0.8433, accuracy3: 1.0000, loss: 0.4129 ||:  20%|##        | 37/184 [00:00<00:02, 55.08it/s]
accuracy: 0.8450, accuracy3: 1.0000, loss: 0.4155 ||:  23%|##3       | 43/184 [00:00<00:02, 55.95it/s]
accuracy: 0.8454, accuracy3: 1.0000, loss: 0.4174 ||:  27%|##6       | 49/184 [00:00<00:02, 55.31it/s]
accuracy: 0.8459, accuracy3: 1.0000, loss: 0.4183 ||:  30%|##9       | 55/184 [00:00<00:02, 54.67it/s]
accuracy: 0.8462, accuracy3: 1.0000, loss: 0.4178 ||:  34%|###3      | 62/184 [00:01<00:02, 56.74it/s]
accuracy: 0.8453, accuracy3: 1.0000, loss: 0.4189 ||:  37%|###6      | 68/184 [00:01<00:02, 55.52it/s]
accuracy: 0.8448, accuracy3: 1.0000, loss: 0.4203 ||:  40%|####      | 74/184 [00:01<00:01, 55.54it/s]
accuracy: 0.8446, accuracy3: 1.0000, loss: 0.4211 ||:  43%|####3     | 80/184 [00:01<00:01, 56.47it/s]
accuracy: 0.8445, accuracy3: 1.0000, loss: 0.4220 ||:  47%|####6     | 86/184 [00:01<00:01, 56.52it/s]
accuracy: 0.8447, accuracy3: 1.0000, loss: 0.4231 ||:  50%|#####     | 92/184 [00:01<00:01, 56.87it/s]
accuracy: 0.8450, accuracy3: 1.0000, loss: 0.4220 ||:  53%|#####3    | 98/184 [00:01<00:01, 55.30it/s]
accuracy: 0.8446, accuracy3: 1.0000, loss: 0.4230 ||:  57%|#####7    | 105/184 [00:01<00:01, 57.22it/s]
accuracy: 0.8442, accuracy3: 1.0000, loss: 0.4219 ||:  60%|######    | 111/184 [00:01<00:01, 54.67it/s]
accuracy: 0.8434, accuracy3: 1.0000, loss: 0.4229 ||:  64%|######3   | 117/184 [00:02<00:01, 53.56it/s]
accuracy: 0.8428, accuracy3: 1.0000, loss: 0.4223 ||:  67%|######6   | 123/184 [00:02<00:01, 54.17it/s]
accuracy: 0.8429, accuracy3: 1.0000, loss: 0.4245 ||:  71%|#######   | 130/184 [00:02<00:00, 55.79it/s]
accuracy: 0.8427, accuracy3: 1.0000, loss: 0.4239 ||:  74%|#######3  | 136/184 [00:02<00:00, 56.11it/s]
accuracy: 0.8421, accuracy3: 1.0000, loss: 0.4239 ||:  77%|#######7  | 142/184 [00:02<00:00, 57.18it/s]
accuracy: 0.8421, accuracy3: 1.0000, loss: 0.4227 ||:  80%|########  | 148/184 [00:02<00:00, 56.52it/s]
accuracy: 0.8422, accuracy3: 1.0000, loss: 0.4226 ||:  84%|########3 | 154/184 [00:02<00:00, 55.66it/s]
accuracy: 0.8425, accuracy3: 1.0000, loss: 0.4221 ||:  87%|########6 | 160/184 [00:02<00:00, 54.81it/s]
accuracy: 0.8426, accuracy3: 1.0000, loss: 0.4211 ||:  90%|######### | 166/184 [00:02<00:00, 53.04it/s]
accuracy: 0.8424, accuracy3: 1.0000, loss: 0.4218 ||:  93%|#########3| 172/184 [00:03<00:00, 54.60it/s]
accuracy: 0.8419, accuracy3: 1.0000, loss: 0.4221 ||:  97%|#########7| 179/184 [00:03<00:00, 56.51it/s]
accuracy: 0.8420, accuracy3: 1.0000, loss: 0.4217 ||: 100%|##########| 184/184 [00:03<00:00, 56.37it/s]

  0%|          | 0/98 [00:00<?, ?it/s]
accuracy: 0.8460, accuracy3: 1.0000, loss: 0.5128 ||:  12%|#2        | 12/98 [00:00<00:00, 114.85it/s]
accuracy: 0.8244, accuracy3: 1.0000, loss: 0.5069 ||:  24%|##4       | 24/98 [00:00<00:00, 114.49it/s]
accuracy: 0.8343, accuracy3: 1.0000, loss: 0.4972 ||:  37%|###6      | 36/98 [00:00<00:00, 114.70it/s]
accuracy: 0.8383, accuracy3: 1.0000, loss: 0.5187 ||:  49%|####8     | 48/98 [00:00<00:00, 114.14it/s]
accuracy: 0.8448, accuracy3: 1.0000, loss: 0.5036 ||:  60%|######    | 59/98 [00:00<00:00, 112.50it/s]
accuracy: 0.8460, accuracy3: 1.0000, loss: 0.5036 ||:  71%|#######1  | 70/98 [00:00<00:00, 111.11it/s]
accuracy: 0.8472, accuracy3: 1.0000, loss: 0.5074 ||:  83%|########2 | 81/98 [00:00<00:00, 110.29it/s]
accuracy: 0.8525, accuracy3: 1.0000, loss: 0.5176 ||:  94%|#########3| 92/98 [00:00<00:00, 109.07it/s]
accuracy: 0.8546, accuracy3: 1.0000, loss: 0.5153 ||: 100%|##########| 98/98 [00:00<00:00, 111.38it/s]

  0%|          | 0/184 [00:00<?, ?it/s]
accuracy: 0.8311, accuracy3: 1.0000, loss: 0.4473 ||:   3%|3         | 6/184 [00:00<00:03, 57.48it/s]
accuracy: 0.8384, accuracy3: 1.0000, loss: 0.4330 ||:   7%|6         | 12/184 [00:00<00:03, 56.89it/s]
accuracy: 0.8388, accuracy3: 1.0000, loss: 0.4273 ||:  10%|9         | 18/184 [00:00<00:02, 57.49it/s]
accuracy: 0.8433, accuracy3: 1.0000, loss: 0.4251 ||:  13%|#3        | 24/184 [00:00<00:02, 57.85it/s]
accuracy: 0.8429, accuracy3: 1.0000, loss: 0.4247 ||:  16%|#6        | 30/184 [00:00<00:02, 55.76it/s]
accuracy: 0.8439, accuracy3: 1.0000, loss: 0.4229 ||:  20%|#9        | 36/184 [00:00<00:02, 56.09it/s]
accuracy: 0.8436, accuracy3: 1.0000, loss: 0.4225 ||:  23%|##2       | 42/184 [00:00<00:02, 56.84it/s]
accuracy: 0.8448, accuracy3: 1.0000, loss: 0.4214 ||:  26%|##6       | 48/184 [00:00<00:02, 56.14it/s]
accuracy: 0.8449, accuracy3: 1.0000, loss: 0.4185 ||:  29%|##9       | 54/184 [00:00<00:02, 54.93it/s]
accuracy: 0.8442, accuracy3: 1.0000, loss: 0.4203 ||:  33%|###3      | 61/184 [00:01<00:02, 56.73it/s]
accuracy: 0.8453, accuracy3: 1.0000, loss: 0.4204 ||:  36%|###6      | 67/184 [00:01<00:02, 56.02it/s]
accuracy: 0.8453, accuracy3: 1.0000, loss: 0.4198 ||:  40%|###9      | 73/184 [00:01<00:01, 56.32it/s]
accuracy: 0.8454, accuracy3: 1.0000, loss: 0.4217 ||:  43%|####2     | 79/184 [00:01<00:01, 56.74it/s]
accuracy: 0.8450, accuracy3: 1.0000, loss: 0.4211 ||:  46%|####6     | 85/184 [00:01<00:01, 54.88it/s]
accuracy: 0.8451, accuracy3: 1.0000, loss: 0.4209 ||:  49%|####9     | 91/184 [00:01<00:01, 55.22it/s]
accuracy: 0.8448, accuracy3: 1.0000, loss: 0.4217 ||:  53%|#####3    | 98/184 [00:01<00:01, 57.09it/s]
accuracy: 0.8452, accuracy3: 1.0000, loss: 0.4228 ||:  57%|#####6    | 104/184 [00:01<00:01, 57.31it/s]
accuracy: 0.8455, accuracy3: 1.0000, loss: 0.4231 ||:  60%|#####9    | 110/184 [00:01<00:01, 56.95it/s]
accuracy: 0.8458, accuracy3: 1.0000, loss: 0.4215 ||:  63%|######3   | 116/184 [00:02<00:01, 56.35it/s]
accuracy: 0.8459, accuracy3: 1.0000, loss: 0.4205 ||:  67%|######6   | 123/184 [00:02<00:01, 57.71it/s]
accuracy: 0.8458, accuracy3: 1.0000, loss: 0.4224 ||:  70%|#######   | 129/184 [00:02<00:00, 55.78it/s]
accuracy: 0.8457, accuracy3: 1.0000, loss: 0.4224 ||:  73%|#######3  | 135/184 [00:02<00:00, 55.99it/s]
accuracy: 0.8453, accuracy3: 1.0000, loss: 0.4226 ||:  77%|#######7  | 142/184 [00:02<00:00, 57.18it/s]
accuracy: 0.8455, accuracy3: 1.0000, loss: 0.4222 ||:  80%|########  | 148/184 [00:02<00:00, 57.53it/s]
accuracy: 0.8459, accuracy3: 1.0000, loss: 0.4221 ||:  84%|########3 | 154/184 [00:02<00:00, 57.85it/s]
accuracy: 0.8456, accuracy3: 1.0000, loss: 0.4219 ||:  87%|########6 | 160/184 [00:02<00:00, 57.44it/s]
accuracy: 0.8453, accuracy3: 1.0000, loss: 0.4210 ||:  90%|######### | 166/184 [00:02<00:00, 54.32it/s]
accuracy: 0.8450, accuracy3: 1.0000, loss: 0.4211 ||:  94%|#########4| 173/184 [00:03<00:00, 55.70it/s]
accuracy: 0.8453, accuracy3: 1.0000, loss: 0.4208 ||:  97%|#########7| 179/184 [00:03<00:00, 56.41it/s]
accuracy: 0.8449, accuracy3: 1.0000, loss: 0.4207 ||: 100%|##########| 184/184 [00:03<00:00, 56.84it/s]

  0%|          | 0/98 [00:00<?, ?it/s]
accuracy: 0.8486, accuracy3: 1.0000, loss: 0.5145 ||:  12%|#2        | 12/98 [00:00<00:00, 112.07it/s]
accuracy: 0.8276, accuracy3: 1.0000, loss: 0.5082 ||:  24%|##4       | 24/98 [00:00<00:00, 112.12it/s]
accuracy: 0.8369, accuracy3: 1.0000, loss: 0.4978 ||:  37%|###6      | 36/98 [00:00<00:00, 113.64it/s]
accuracy: 0.8399, accuracy3: 1.0000, loss: 0.5230 ||:  48%|####7     | 47/98 [00:00<00:00, 111.79it/s]
accuracy: 0.8472, accuracy3: 1.0000, loss: 0.5054 ||:  60%|######    | 59/98 [00:00<00:00, 112.03it/s]
accuracy: 0.8485, accuracy3: 1.0000, loss: 0.5058 ||:  71%|#######1  | 70/98 [00:00<00:00, 108.05it/s]
accuracy: 0.8502, accuracy3: 1.0000, loss: 0.5098 ||:  84%|########3 | 82/98 [00:00<00:00, 109.97it/s]
accuracy: 0.8555, accuracy3: 1.0000, loss: 0.5218 ||:  95%|#########4| 93/98 [00:00<00:00, 109.44it/s]
accuracy: 0.8567, accuracy3: 1.0000, loss: 0.5173 ||: 100%|##########| 98/98 [00:00<00:00, 110.86it/s]

  0%|          | 0/184 [00:00<?, ?it/s]
accuracy: 0.8494, accuracy3: 1.0000, loss: 0.4319 ||:   3%|3         | 6/184 [00:00<00:03, 46.90it/s]
accuracy: 0.8444, accuracy3: 1.0000, loss: 0.4479 ||:   7%|6         | 12/184 [00:00<00:03, 49.02it/s]
accuracy: 0.8490, accuracy3: 1.0000, loss: 0.4321 ||:   9%|9         | 17/184 [00:00<00:03, 48.82it/s]
accuracy: 0.8500, accuracy3: 1.0000, loss: 0.4292 ||:  12%|#2        | 23/184 [00:00<00:03, 50.94it/s]
accuracy: 0.8515, accuracy3: 1.0000, loss: 0.4309 ||:  16%|#6        | 30/184 [00:00<00:02, 53.62it/s]
accuracy: 0.8500, accuracy3: 1.0000, loss: 0.4322 ||:  20%|##        | 37/184 [00:00<00:02, 55.28it/s]
accuracy: 0.8499, accuracy3: 1.0000, loss: 0.4261 ||:  23%|##3       | 43/184 [00:00<00:02, 55.38it/s]
accuracy: 0.8484, accuracy3: 1.0000, loss: 0.4256 ||:  27%|##6       | 49/184 [00:00<00:02, 55.81it/s]
accuracy: 0.8483, accuracy3: 1.0000, loss: 0.4230 ||:  30%|##9       | 55/184 [00:01<00:02, 54.62it/s]
accuracy: 0.8492, accuracy3: 1.0000, loss: 0.4232 ||:  34%|###3      | 62/184 [00:01<00:02, 57.23it/s]
accuracy: 0.8500, accuracy3: 1.0000, loss: 0.4192 ||:  37%|###6      | 68/184 [00:01<00:02, 55.91it/s]
accuracy: 0.8479, accuracy3: 1.0000, loss: 0.4226 ||:  41%|####      | 75/184 [00:01<00:01, 58.06it/s]
accuracy: 0.8474, accuracy3: 1.0000, loss: 0.4213 ||:  44%|####4     | 81/184 [00:01<00:01, 57.55it/s]
accuracy: 0.8470, accuracy3: 1.0000, loss: 0.4209 ||:  47%|####7     | 87/184 [00:01<00:01, 57.21it/s]
accuracy: 0.8466, accuracy3: 1.0000, loss: 0.4203 ||:  51%|#####1    | 94/184 [00:01<00:01, 58.54it/s]
accuracy: 0.8464, accuracy3: 1.0000, loss: 0.4206 ||:  54%|#####4    | 100/184 [00:01<00:01, 58.70it/s]
accuracy: 0.8456, accuracy3: 1.0000, loss: 0.4209 ||:  58%|#####7    | 106/184 [00:01<00:01, 58.22it/s]
accuracy: 0.8455, accuracy3: 1.0000, loss: 0.4204 ||:  61%|######    | 112/184 [00:01<00:01, 58.27it/s]
accuracy: 0.8454, accuracy3: 1.0000, loss: 0.4192 ||:  64%|######4   | 118/184 [00:02<00:01, 56.57it/s]
accuracy: 0.8455, accuracy3: 1.0000, loss: 0.4181 ||:  67%|######7   | 124/184 [00:02<00:01, 57.47it/s]
accuracy: 0.8453, accuracy3: 1.0000, loss: 0.4175 ||:  71%|#######   | 130/184 [00:02<00:00, 57.59it/s]
accuracy: 0.8454, accuracy3: 1.0000, loss: 0.4172 ||:  74%|#######3  | 136/184 [00:02<00:00, 55.38it/s]
accuracy: 0.8456, accuracy3: 1.0000, loss: 0.4187 ||:  77%|#######7  | 142/184 [00:02<00:00, 56.57it/s]
accuracy: 0.8457, accuracy3: 1.0000, loss: 0.4198 ||:  80%|########  | 148/184 [00:02<00:00, 57.35it/s]
accuracy: 0.8456, accuracy3: 1.0000, loss: 0.4209 ||:  84%|########4 | 155/184 [00:02<00:00, 58.09it/s]
accuracy: 0.8453, accuracy3: 1.0000, loss: 0.4211 ||:  88%|########7 | 161/184 [00:02<00:00, 56.45it/s]
accuracy: 0.8453, accuracy3: 1.0000, loss: 0.4209 ||:  91%|#########1| 168/184 [00:02<00:00, 58.05it/s]
accuracy: 0.8452, accuracy3: 1.0000, loss: 0.4199 ||:  95%|#########4| 174/184 [00:03<00:00, 56.48it/s]
accuracy: 0.8452, accuracy3: 1.0000, loss: 0.4204 ||:  98%|#########7| 180/184 [00:03<00:00, 55.21it/s]
accuracy: 0.8452, accuracy3: 1.0000, loss: 0.4202 ||: 100%|##########| 184/184 [00:03<00:00, 56.89it/s]

  0%|          | 0/98 [00:00<?, ?it/s]
accuracy: 0.8452, accuracy3: 1.0000, loss: 0.5072 ||:  12%|#2        | 12/98 [00:00<00:00, 111.67it/s]
accuracy: 0.8246, accuracy3: 1.0000, loss: 0.5026 ||:  24%|##4       | 24/98 [00:00<00:00, 112.60it/s]
accuracy: 0.8350, accuracy3: 1.0000, loss: 0.4920 ||:  37%|###6      | 36/98 [00:00<00:00, 113.57it/s]
accuracy: 0.8380, accuracy3: 1.0000, loss: 0.5156 ||:  48%|####7     | 47/98 [00:00<00:00, 112.08it/s]
accuracy: 0.8449, accuracy3: 1.0000, loss: 0.5001 ||:  59%|#####9    | 58/98 [00:00<00:00, 107.47it/s]
accuracy: 0.8469, accuracy3: 1.0000, loss: 0.4998 ||:  71%|#######1  | 70/98 [00:00<00:00, 108.79it/s]
accuracy: 0.8490, accuracy3: 1.0000, loss: 0.5040 ||:  84%|########3 | 82/98 [00:00<00:00, 110.46it/s]
accuracy: 0.8547, accuracy3: 1.0000, loss: 0.5148 ||:  96%|#########5| 94/98 [00:00<00:00, 111.32it/s]
accuracy: 0.8556, accuracy3: 1.0000, loss: 0.5112 ||: 100%|##########| 98/98 [00:00<00:00, 111.06it/s]

  0%|          | 0/184 [00:00<?, ?it/s]
accuracy: 0.8373, accuracy3: 1.0000, loss: 0.4627 ||:   3%|3         | 6/184 [00:00<00:03, 53.34it/s]
accuracy: 0.8488, accuracy3: 1.0000, loss: 0.4278 ||:   7%|6         | 12/184 [00:00<00:03, 54.31it/s]
accuracy: 0.8473, accuracy3: 1.0000, loss: 0.4248 ||:  10%|9         | 18/184 [00:00<00:03, 54.92it/s]
accuracy: 0.8443, accuracy3: 1.0000, loss: 0.4220 ||:  13%|#3        | 24/184 [00:00<00:02, 54.97it/s]
accuracy: 0.8415, accuracy3: 1.0000, loss: 0.4302 ||:  16%|#6        | 30/184 [00:00<00:02, 54.52it/s]
accuracy: 0.8420, accuracy3: 1.0000, loss: 0.4302 ||:  20%|#9        | 36/184 [00:00<00:02, 53.76it/s]
accuracy: 0.8430, accuracy3: 1.0000, loss: 0.4253 ||:  23%|##2       | 42/184 [00:00<00:02, 55.22it/s]
accuracy: 0.8429, accuracy3: 1.0000, loss: 0.4233 ||:  26%|##6       | 48/184 [00:00<00:02, 55.73it/s]
accuracy: 0.8430, accuracy3: 1.0000, loss: 0.4252 ||:  29%|##9       | 54/184 [00:00<00:02, 56.91it/s]
accuracy: 0.8432, accuracy3: 1.0000, loss: 0.4264 ||:  33%|###2      | 60/184 [00:01<00:02, 57.41it/s]
accuracy: 0.8434, accuracy3: 1.0000, loss: 0.4262 ||:  36%|###5      | 66/184 [00:01<00:02, 56.23it/s]
accuracy: 0.8423, accuracy3: 1.0000, loss: 0.4256 ||:  39%|###9      | 72/184 [00:01<00:02, 55.52it/s]
accuracy: 0.8439, accuracy3: 1.0000, loss: 0.4250 ||:  43%|####2     | 79/184 [00:01<00:01, 58.00it/s]
accuracy: 0.8446, accuracy3: 1.0000, loss: 0.4223 ||:  46%|####6     | 85/184 [00:01<00:01, 58.21it/s]
accuracy: 0.8451, accuracy3: 1.0000, loss: 0.4217 ||:  49%|####9     | 91/184 [00:01<00:01, 56.27it/s]
accuracy: 0.8452, accuracy3: 1.0000, loss: 0.4220 ||:  53%|#####2    | 97/184 [00:01<00:01, 54.77it/s]
accuracy: 0.8461, accuracy3: 1.0000, loss: 0.4211 ||:  56%|#####5    | 103/184 [00:01<00:01, 55.62it/s]
accuracy: 0.8461, accuracy3: 1.0000, loss: 0.4205 ||:  59%|#####9    | 109/184 [00:01<00:01, 55.42it/s]
accuracy: 0.8457, accuracy3: 1.0000, loss: 0.4213 ||:  63%|######3   | 116/184 [00:02<00:01, 56.89it/s]
accuracy: 0.8457, accuracy3: 1.0000, loss: 0.4224 ||:  66%|######6   | 122/184 [00:02<00:01, 55.33it/s]
accuracy: 0.8459, accuracy3: 1.0000, loss: 0.4213 ||:  70%|######9   | 128/184 [00:02<00:01, 55.12it/s]
accuracy: 0.8454, accuracy3: 1.0000, loss: 0.4232 ||:  73%|#######2  | 134/184 [00:02<00:00, 56.44it/s]
accuracy: 0.8435, accuracy3: 1.0000, loss: 0.4230 ||:  76%|#######6  | 140/184 [00:02<00:00, 56.70it/s]
accuracy: 0.8425, accuracy3: 1.0000, loss: 0.4230 ||:  80%|#######9  | 147/184 [00:02<00:00, 58.58it/s]
accuracy: 0.8421, accuracy3: 1.0000, loss: 0.4222 ||:  83%|########3 | 153/184 [00:02<00:00, 55.66it/s]
accuracy: 0.8427, accuracy3: 1.0000, loss: 0.4214 ||:  87%|########6 | 160/184 [00:02<00:00, 57.42it/s]
accuracy: 0.8424, accuracy3: 1.0000, loss: 0.4215 ||:  91%|######### | 167/184 [00:02<00:00, 58.94it/s]
accuracy: 0.8435, accuracy3: 1.0000, loss: 0.4201 ||:  95%|#########4| 174/184 [00:03<00:00, 59.91it/s]
accuracy: 0.8444, accuracy3: 1.0000, loss: 0.4203 ||:  98%|#########8| 181/184 [00:03<00:00, 58.62it/s]
accuracy: 0.8447, accuracy3: 1.0000, loss: 0.4199 ||: 100%|##########| 184/184 [00:03<00:00, 57.06it/s]

  0%|          | 0/98 [00:00<?, ?it/s]
accuracy: 0.8458, accuracy3: 1.0000, loss: 0.5145 ||:  12%|#2        | 12/98 [00:00<00:00, 117.75it/s]
accuracy: 0.8256, accuracy3: 1.0000, loss: 0.5142 ||:  23%|##3       | 23/98 [00:00<00:00, 114.10it/s]
accuracy: 0.8328, accuracy3: 1.0000, loss: 0.4975 ||:  36%|###5      | 35/98 [00:00<00:00, 115.46it/s]
accuracy: 0.8386, accuracy3: 1.0000, loss: 0.5225 ||:  48%|####7     | 47/98 [00:00<00:00, 112.23it/s]
accuracy: 0.8454, accuracy3: 1.0000, loss: 0.5053 ||:  59%|#####9    | 58/98 [00:00<00:00, 109.56it/s]
accuracy: 0.8477, accuracy3: 1.0000, loss: 0.5050 ||:  71%|#######1  | 70/98 [00:00<00:00, 110.91it/s]
accuracy: 0.8497, accuracy3: 1.0000, loss: 0.5091 ||:  84%|########3 | 82/98 [00:00<00:00, 111.35it/s]
accuracy: 0.8554, accuracy3: 1.0000, loss: 0.5206 ||:  96%|#########5| 94/98 [00:00<00:00, 111.97it/s]
accuracy: 0.8563, accuracy3: 1.0000, loss: 0.5167 ||: 100%|##########| 98/98 [00:00<00:00, 111.94it/s]

  0%|          | 0/184 [00:00<?, ?it/s]
accuracy: 0.8425, accuracy3: 1.0000, loss: 0.4346 ||:   3%|3         | 6/184 [00:00<00:03, 55.40it/s]
accuracy: 0.8448, accuracy3: 1.0000, loss: 0.4351 ||:   7%|6         | 12/184 [00:00<00:03, 54.81it/s]
accuracy: 0.8483, accuracy3: 1.0000, loss: 0.4267 ||:  10%|9         | 18/184 [00:00<00:02, 55.94it/s]
accuracy: 0.8444, accuracy3: 1.0000, loss: 0.4238 ||:  14%|#3        | 25/184 [00:00<00:02, 58.55it/s]
accuracy: 0.8418, accuracy3: 1.0000, loss: 0.4221 ||:  16%|#6        | 30/184 [00:00<00:02, 55.01it/s]
accuracy: 0.8411, accuracy3: 1.0000, loss: 0.4221 ||:  20%|#9        | 36/184 [00:00<00:02, 54.76it/s]
accuracy: 0.8424, accuracy3: 1.0000, loss: 0.4271 ||:  23%|##2       | 42/184 [00:00<00:02, 55.91it/s]
accuracy: 0.8418, accuracy3: 1.0000, loss: 0.4258 ||:  27%|##6       | 49/184 [00:00<00:02, 58.15it/s]
accuracy: 0.8420, accuracy3: 1.0000, loss: 0.4247 ||:  30%|##9       | 55/184 [00:00<00:02, 55.22it/s]
accuracy: 0.8423, accuracy3: 1.0000, loss: 0.4263 ||:  33%|###3      | 61/184 [00:01<00:02, 56.48it/s]
accuracy: 0.8444, accuracy3: 1.0000, loss: 0.4235 ||:  37%|###6      | 68/184 [00:01<00:02, 57.40it/s]
accuracy: 0.8469, accuracy3: 1.0000, loss: 0.4224 ||:  41%|####      | 75/184 [00:01<00:01, 58.35it/s]
accuracy: 0.8474, accuracy3: 1.0000, loss: 0.4233 ||:  45%|####4     | 82/184 [00:01<00:01, 59.38it/s]
accuracy: 0.8482, accuracy3: 1.0000, loss: 0.4224 ||:  48%|####7     | 88/184 [00:01<00:01, 59.00it/s]
accuracy: 0.8475, accuracy3: 1.0000, loss: 0.4230 ||:  52%|#####1    | 95/184 [00:01<00:01, 59.83it/s]
accuracy: 0.8477, accuracy3: 1.0000, loss: 0.4216 ||:  55%|#####4    | 101/184 [00:01<00:01, 57.59it/s]
accuracy: 0.8481, accuracy3: 1.0000, loss: 0.4213 ||:  58%|#####8    | 107/184 [00:01<00:01, 57.98it/s]
accuracy: 0.8484, accuracy3: 1.0000, loss: 0.4224 ||:  61%|######1   | 113/184 [00:01<00:01, 57.25it/s]
accuracy: 0.8484, accuracy3: 1.0000, loss: 0.4208 ||:  65%|######4   | 119/184 [00:02<00:01, 55.89it/s]
accuracy: 0.8469, accuracy3: 1.0000, loss: 0.4225 ||:  68%|######7   | 125/184 [00:02<00:01, 56.83it/s]
accuracy: 0.8444, accuracy3: 1.0000, loss: 0.4233 ||:  72%|#######1  | 132/184 [00:02<00:00, 59.06it/s]
accuracy: 0.8409, accuracy3: 1.0000, loss: 0.4242 ||:  75%|#######5  | 138/184 [00:02<00:00, 58.67it/s]
accuracy: 0.8385, accuracy3: 1.0000, loss: 0.4228 ||:  78%|#######8  | 144/184 [00:02<00:00, 58.25it/s]
accuracy: 0.8386, accuracy3: 1.0000, loss: 0.4215 ||:  82%|########1 | 150/184 [00:02<00:00, 55.11it/s]
accuracy: 0.8393, accuracy3: 1.0000, loss: 0.4213 ||:  85%|########4 | 156/184 [00:02<00:00, 54.67it/s]
accuracy: 0.8393, accuracy3: 1.0000, loss: 0.4214 ||:  88%|########8 | 162/184 [00:02<00:00, 55.64it/s]
accuracy: 0.8394, accuracy3: 1.0000, loss: 0.4211 ||:  91%|#########1| 168/184 [00:02<00:00, 54.85it/s]
accuracy: 0.8401, accuracy3: 1.0000, loss: 0.4200 ||:  95%|#########4| 174/184 [00:03<00:00, 55.69it/s]
accuracy: 0.8398, accuracy3: 1.0000, loss: 0.4202 ||:  98%|#########7| 180/184 [00:03<00:00, 55.09it/s]
accuracy: 0.8399, accuracy3: 1.0000, loss: 0.4195 ||: 100%|##########| 184/184 [00:03<00:00, 57.21it/s]

  0%|          | 0/98 [00:00<?, ?it/s]
accuracy: 0.8459, accuracy3: 1.0000, loss: 0.5159 ||:  12%|#2        | 12/98 [00:00<00:00, 111.64it/s]
accuracy: 0.8251, accuracy3: 1.0000, loss: 0.5081 ||:  24%|##4       | 24/98 [00:00<00:00, 112.66it/s]
accuracy: 0.8346, accuracy3: 1.0000, loss: 0.4973 ||:  37%|###6      | 36/98 [00:00<00:00, 114.66it/s]
accuracy: 0.8383, accuracy3: 1.0000, loss: 0.5256 ||:  47%|####6     | 46/98 [00:00<00:00, 109.02it/s]
accuracy: 0.8448, accuracy3: 1.0000, loss: 0.5056 ||:  59%|#####9    | 58/98 [00:00<00:00, 109.98it/s]
accuracy: 0.8480, accuracy3: 1.0000, loss: 0.5069 ||:  70%|#######   | 69/98 [00:00<00:00, 109.89it/s]
accuracy: 0.8481, accuracy3: 1.0000, loss: 0.5091 ||:  83%|########2 | 81/98 [00:00<00:00, 110.96it/s]
accuracy: 0.8533, accuracy3: 1.0000, loss: 0.5191 ||:  94%|#########3| 92/98 [00:00<00:00, 110.19it/s]
accuracy: 0.8554, accuracy3: 1.0000, loss: 0.5165 ||: 100%|##########| 98/98 [00:00<00:00, 111.41it/s]

  0%|          | 0/184 [00:00<?, ?it/s]
accuracy: 0.8399, accuracy3: 1.0000, loss: 0.4220 ||:   3%|3         | 6/184 [00:00<00:03, 56.41it/s]
accuracy: 0.8513, accuracy3: 1.0000, loss: 0.4189 ||:   7%|6         | 12/184 [00:00<00:03, 56.22it/s]
accuracy: 0.8514, accuracy3: 1.0000, loss: 0.4190 ||:  10%|9         | 18/184 [00:00<00:03, 54.54it/s]
accuracy: 0.8474, accuracy3: 1.0000, loss: 0.4232 ||:  13%|#3        | 24/184 [00:00<00:02, 53.71it/s]
accuracy: 0.8476, accuracy3: 1.0000, loss: 0.4193 ||:  16%|#6        | 30/184 [00:00<00:02, 54.29it/s]
accuracy: 0.8476, accuracy3: 1.0000, loss: 0.4188 ||:  20%|#9        | 36/184 [00:00<00:02, 54.56it/s]
accuracy: 0.8481, accuracy3: 1.0000, loss: 0.4192 ||:  23%|##3       | 43/184 [00:00<00:02, 56.24it/s]
accuracy: 0.8482, accuracy3: 1.0000, loss: 0.4168 ||:  27%|##6       | 49/184 [00:00<00:02, 56.88it/s]
accuracy: 0.8490, accuracy3: 1.0000, loss: 0.4181 ||:  30%|##9       | 55/184 [00:00<00:02, 55.38it/s]
accuracy: 0.8483, accuracy3: 1.0000, loss: 0.4194 ||:  33%|###3      | 61/184 [00:01<00:02, 55.21it/s]
accuracy: 0.8481, accuracy3: 1.0000, loss: 0.4202 ||:  36%|###6      | 67/184 [00:01<00:02, 56.51it/s]
accuracy: 0.8472, accuracy3: 1.0000, loss: 0.4210 ||:  40%|####      | 74/184 [00:01<00:01, 59.68it/s]
accuracy: 0.8463, accuracy3: 1.0000, loss: 0.4218 ||:  43%|####3     | 80/184 [00:01<00:01, 57.69it/s]
accuracy: 0.8473, accuracy3: 1.0000, loss: 0.4225 ||:  47%|####6     | 86/184 [00:01<00:01, 57.79it/s]
accuracy: 0.8472, accuracy3: 1.0000, loss: 0.4220 ||:  51%|#####     | 93/184 [00:01<00:01, 58.14it/s]
accuracy: 0.8458, accuracy3: 1.0000, loss: 0.4216 ||:  54%|#####3    | 99/184 [00:01<00:01, 56.99it/s]
accuracy: 0.8460, accuracy3: 1.0000, loss: 0.4215 ||:  57%|#####7    | 105/184 [00:01<00:01, 56.62it/s]
accuracy: 0.8463, accuracy3: 1.0000, loss: 0.4203 ||:  60%|######    | 111/184 [00:01<00:01, 54.14it/s]
accuracy: 0.8460, accuracy3: 1.0000, loss: 0.4207 ||:  64%|######3   | 117/184 [00:02<00:01, 55.24it/s]
accuracy: 0.8455, accuracy3: 1.0000, loss: 0.4198 ||:  67%|######6   | 123/184 [00:02<00:01, 54.99it/s]
accuracy: 0.8455, accuracy3: 1.0000, loss: 0.4192 ||:  70%|#######   | 129/184 [00:02<00:00, 55.53it/s]
accuracy: 0.8450, accuracy3: 1.0000, loss: 0.4200 ||:  73%|#######3  | 135/184 [00:02<00:00, 54.49it/s]
accuracy: 0.8443, accuracy3: 1.0000, loss: 0.4214 ||:  77%|#######6  | 141/184 [00:02<00:00, 54.95it/s]
accuracy: 0.8452, accuracy3: 1.0000, loss: 0.4213 ||:  80%|#######9  | 147/184 [00:02<00:00, 55.71it/s]
accuracy: 0.8457, accuracy3: 1.0000, loss: 0.4211 ||:  84%|########3 | 154/184 [00:02<00:00, 57.71it/s]
accuracy: 0.8456, accuracy3: 1.0000, loss: 0.4205 ||:  87%|########6 | 160/184 [00:02<00:00, 57.27it/s]
accuracy: 0.8457, accuracy3: 1.0000, loss: 0.4204 ||:  91%|######### | 167/184 [00:02<00:00, 58.28it/s]
accuracy: 0.8461, accuracy3: 1.0000, loss: 0.4194 ||:  95%|#########4| 174/184 [00:03<00:00, 60.04it/s]
accuracy: 0.8462, accuracy3: 1.0000, loss: 0.4197 ||:  98%|#########8| 181/184 [00:03<00:00, 58.82it/s]
accuracy: 0.8461, accuracy3: 1.0000, loss: 0.4194 ||: 100%|##########| 184/184 [00:03<00:00, 56.98it/s]

  0%|          | 0/98 [00:00<?, ?it/s]
accuracy: 0.8463, accuracy3: 1.0000, loss: 0.5100 ||:  12%|#2        | 12/98 [00:00<00:00, 119.10it/s]
accuracy: 0.8260, accuracy3: 1.0000, loss: 0.5094 ||:  23%|##3       | 23/98 [00:00<00:00, 115.18it/s]
accuracy: 0.8310, accuracy3: 1.0000, loss: 0.4913 ||:  35%|###4      | 34/98 [00:00<00:00, 111.49it/s]
accuracy: 0.8401, accuracy3: 1.0000, loss: 0.5210 ||:  46%|####5     | 45/98 [00:00<00:00, 108.31it/s]
accuracy: 0.8449, accuracy3: 1.0000, loss: 0.5016 ||:  57%|#####7    | 56/98 [00:00<00:00, 108.64it/s]
accuracy: 0.8507, accuracy3: 1.0000, loss: 0.5029 ||:  69%|######9   | 68/98 [00:00<00:00, 109.25it/s]
accuracy: 0.8483, accuracy3: 1.0000, loss: 0.5040 ||:  82%|########1 | 80/98 [00:00<00:00, 110.20it/s]
accuracy: 0.8543, accuracy3: 1.0000, loss: 0.5140 ||:  94%|#########3| 92/98 [00:00<00:00, 110.49it/s]
accuracy: 0.8562, accuracy3: 1.0000, loss: 0.5117 ||: 100%|##########| 98/98 [00:00<00:00, 109.82it/s]

  0%|          | 0/184 [00:00<?, ?it/s]
accuracy: 0.8538, accuracy3: 1.0000, loss: 0.4049 ||:   3%|3         | 6/184 [00:00<00:03, 54.15it/s]
accuracy: 0.8505, accuracy3: 1.0000, loss: 0.4183 ||:   7%|7         | 13/184 [00:00<00:03, 55.36it/s]
accuracy: 0.8495, accuracy3: 1.0000, loss: 0.4190 ||:  10%|9         | 18/184 [00:00<00:03, 50.07it/s]
accuracy: 0.8504, accuracy3: 1.0000, loss: 0.4211 ||:  13%|#3        | 24/184 [00:00<00:03, 52.24it/s]
accuracy: 0.8522, accuracy3: 1.0000, loss: 0.4199 ||:  17%|#6        | 31/184 [00:00<00:02, 54.62it/s]
accuracy: 0.8510, accuracy3: 1.0000, loss: 0.4219 ||:  21%|##        | 38/184 [00:00<00:02, 56.24it/s]
accuracy: 0.8499, accuracy3: 1.0000, loss: 0.4211 ||:  24%|##3       | 44/184 [00:00<00:02, 55.57it/s]
accuracy: 0.8484, accuracy3: 1.0000, loss: 0.4215 ||:  27%|##7       | 50/184 [00:00<00:02, 55.29it/s]
accuracy: 0.8490, accuracy3: 1.0000, loss: 0.4216 ||:  30%|###       | 56/184 [00:01<00:02, 54.49it/s]
accuracy: 0.8491, accuracy3: 1.0000, loss: 0.4231 ||:  34%|###3      | 62/184 [00:01<00:02, 55.52it/s]
accuracy: 0.8478, accuracy3: 1.0000, loss: 0.4231 ||:  37%|###6      | 68/184 [00:01<00:02, 54.49it/s]
accuracy: 0.8478, accuracy3: 1.0000, loss: 0.4219 ||:  40%|####      | 74/184 [00:01<00:02, 54.99it/s]
accuracy: 0.8478, accuracy3: 1.0000, loss: 0.4229 ||:  43%|####3     | 80/184 [00:01<00:01, 52.66it/s]
accuracy: 0.8477, accuracy3: 1.0000, loss: 0.4214 ||:  47%|####6     | 86/184 [00:01<00:01, 54.50it/s]
accuracy: 0.8484, accuracy3: 1.0000, loss: 0.4178 ||:  51%|#####     | 93/184 [00:01<00:01, 57.24it/s]
accuracy: 0.8492, accuracy3: 1.0000, loss: 0.4161 ||:  54%|#####3    | 99/184 [00:01<00:01, 57.07it/s]
accuracy: 0.8499, accuracy3: 1.0000, loss: 0.4163 ||:  58%|#####7    | 106/184 [00:01<00:01, 60.08it/s]
accuracy: 0.8502, accuracy3: 1.0000, loss: 0.4173 ||:  61%|######1   | 113/184 [00:02<00:01, 58.02it/s]
accuracy: 0.8496, accuracy3: 1.0000, loss: 0.4177 ||:  65%|######4   | 119/184 [00:02<00:01, 57.56it/s]
accuracy: 0.8496, accuracy3: 1.0000, loss: 0.4189 ||:  68%|######7   | 125/184 [00:02<00:01, 57.64it/s]
accuracy: 0.8492, accuracy3: 1.0000, loss: 0.4191 ||:  71%|#######1  | 131/184 [00:02<00:00, 57.24it/s]
accuracy: 0.8477, accuracy3: 1.0000, loss: 0.4195 ||:  74%|#######4  | 137/184 [00:02<00:00, 58.01it/s]
accuracy: 0.8480, accuracy3: 1.0000, loss: 0.4185 ||:  78%|#######8  | 144/184 [00:02<00:00, 58.31it/s]
accuracy: 0.8480, accuracy3: 1.0000, loss: 0.4186 ||:  82%|########1 | 150/184 [00:02<00:00, 58.62it/s]
accuracy: 0.8483, accuracy3: 1.0000, loss: 0.4183 ||:  85%|########4 | 156/184 [00:02<00:00, 57.32it/s]
accuracy: 0.8483, accuracy3: 1.0000, loss: 0.4181 ||:  88%|########8 | 162/184 [00:02<00:00, 56.93it/s]
accuracy: 0.8481, accuracy3: 1.0000, loss: 0.4184 ||:  92%|#########1| 169/184 [00:02<00:00, 58.15it/s]
accuracy: 0.8482, accuracy3: 1.0000, loss: 0.4188 ||:  96%|#########5| 176/184 [00:03<00:00, 60.00it/s]
accuracy: 0.8480, accuracy3: 1.0000, loss: 0.4196 ||:  99%|#########9| 183/184 [00:03<00:00, 59.13it/s]
accuracy: 0.8479, accuracy3: 1.0000, loss: 0.4199 ||: 100%|##########| 184/184 [00:03<00:00, 57.09it/s]

  0%|          | 0/98 [00:00<?, ?it/s]
accuracy: 0.8461, accuracy3: 1.0000, loss: 0.5058 ||:  12%|#2        | 12/98 [00:00<00:00, 111.29it/s]
accuracy: 0.8254, accuracy3: 1.0000, loss: 0.5080 ||:  23%|##3       | 23/98 [00:00<00:00, 109.82it/s]
accuracy: 0.8313, accuracy3: 1.0000, loss: 0.4922 ||:  36%|###5      | 35/98 [00:00<00:00, 112.37it/s]
accuracy: 0.8374, accuracy3: 1.0000, loss: 0.5152 ||:  48%|####7     | 47/98 [00:00<00:00, 111.37it/s]
accuracy: 0.8449, accuracy3: 1.0000, loss: 0.4989 ||:  60%|######    | 59/98 [00:00<00:00, 112.35it/s]
accuracy: 0.8466, accuracy3: 1.0000, loss: 0.4988 ||:  71%|#######1  | 70/98 [00:00<00:00, 111.24it/s]
accuracy: 0.8484, accuracy3: 1.0000, loss: 0.5027 ||:  84%|########3 | 82/98 [00:00<00:00, 112.31it/s]
accuracy: 0.8541, accuracy3: 1.0000, loss: 0.5130 ||:  96%|#########5| 94/98 [00:00<00:00, 111.98it/s]
accuracy: 0.8550, accuracy3: 1.0000, loss: 0.5094 ||: 100%|##########| 98/98 [00:00<00:00, 112.53it/s]

  0%|          | 0/184 [00:00<?, ?it/s]
accuracy: 0.8426, accuracy3: 1.0000, loss: 0.3974 ||:   3%|3         | 6/184 [00:00<00:03, 58.03it/s]
accuracy: 0.8349, accuracy3: 1.0000, loss: 0.4290 ||:   7%|6         | 12/184 [00:00<00:03, 54.69it/s]
accuracy: 0.8350, accuracy3: 1.0000, loss: 0.4319 ||:  10%|9         | 18/184 [00:00<00:03, 54.20it/s]
accuracy: 0.8397, accuracy3: 1.0000, loss: 0.4260 ||:  13%|#3        | 24/184 [00:00<00:02, 54.66it/s]
accuracy: 0.8415, accuracy3: 1.0000, loss: 0.4221 ||:  17%|#6        | 31/184 [00:00<00:02, 57.04it/s]
accuracy: 0.8420, accuracy3: 1.0000, loss: 0.4214 ||:  20%|##        | 37/184 [00:00<00:02, 56.24it/s]
accuracy: 0.8428, accuracy3: 1.0000, loss: 0.4191 ||:  23%|##3       | 43/184 [00:00<00:02, 57.26it/s]
accuracy: 0.8429, accuracy3: 1.0000, loss: 0.4224 ||:  27%|##6       | 49/184 [00:00<00:02, 57.34it/s]
accuracy: 0.8432, accuracy3: 1.0000, loss: 0.4206 ||:  30%|###       | 56/184 [00:00<00:02, 59.22it/s]
accuracy: 0.8438, accuracy3: 1.0000, loss: 0.4190 ||:  34%|###3      | 62/184 [00:01<00:02, 58.25it/s]
accuracy: 0.8441, accuracy3: 1.0000, loss: 0.4184 ||:  37%|###6      | 68/184 [00:01<00:02, 57.03it/s]
accuracy: 0.8450, accuracy3: 1.0000, loss: 0.4198 ||:  40%|####      | 74/184 [00:01<00:01, 57.75it/s]
accuracy: 0.8455, accuracy3: 1.0000, loss: 0.4209 ||:  44%|####4     | 81/184 [00:01<00:01, 58.58it/s]
accuracy: 0.8456, accuracy3: 1.0000, loss: 0.4235 ||:  47%|####7     | 87/184 [00:01<00:01, 57.76it/s]
accuracy: 0.8451, accuracy3: 1.0000, loss: 0.4244 ||:  51%|#####1    | 94/184 [00:01<00:01, 57.93it/s]
accuracy: 0.8457, accuracy3: 1.0000, loss: 0.4225 ||:  55%|#####4    | 101/184 [00:01<00:01, 59.45it/s]
accuracy: 0.8455, accuracy3: 1.0000, loss: 0.4205 ||:  59%|#####8    | 108/184 [00:01<00:01, 58.92it/s]
accuracy: 0.8451, accuracy3: 1.0000, loss: 0.4199 ||:  62%|######1   | 114/184 [00:01<00:01, 59.04it/s]
accuracy: 0.8454, accuracy3: 1.0000, loss: 0.4194 ||:  65%|######5   | 120/184 [00:02<00:01, 55.93it/s]
accuracy: 0.8465, accuracy3: 1.0000, loss: 0.4193 ||:  69%|######9   | 127/184 [00:02<00:00, 57.08it/s]
accuracy: 0.8465, accuracy3: 1.0000, loss: 0.4191 ||:  72%|#######2  | 133/184 [00:02<00:00, 56.27it/s]
accuracy: 0.8464, accuracy3: 1.0000, loss: 0.4190 ||:  76%|#######5  | 139/184 [00:02<00:00, 55.59it/s]
accuracy: 0.8469, accuracy3: 1.0000, loss: 0.4189 ||:  79%|#######8  | 145/184 [00:02<00:00, 56.75it/s]
accuracy: 0.8472, accuracy3: 1.0000, loss: 0.4183 ||:  82%|########2 | 151/184 [00:02<00:00, 53.53it/s]
accuracy: 0.8471, accuracy3: 1.0000, loss: 0.4197 ||:  86%|########5 | 158/184 [00:02<00:00, 56.17it/s]
accuracy: 0.8474, accuracy3: 1.0000, loss: 0.4187 ||:  89%|########9 | 164/184 [00:02<00:00, 55.70it/s]
accuracy: 0.8475, accuracy3: 1.0000, loss: 0.4189 ||:  92%|#########2| 170/184 [00:02<00:00, 55.45it/s]
accuracy: 0.8476, accuracy3: 1.0000, loss: 0.4192 ||:  96%|#########6| 177/184 [00:03<00:00, 57.87it/s]
accuracy: 0.8475, accuracy3: 1.0000, loss: 0.4195 ||:  99%|#########9| 183/184 [00:03<00:00, 57.22it/s]
accuracy: 0.8474, accuracy3: 1.0000, loss: 0.4195 ||: 100%|##########| 184/184 [00:03<00:00, 57.25it/s]

  0%|          | 0/98 [00:00<?, ?it/s]
accuracy: 0.8470, accuracy3: 1.0000, loss: 0.5148 ||:  11%|#1        | 11/98 [00:00<00:00, 106.11it/s]
accuracy: 0.8260, accuracy3: 1.0000, loss: 0.5142 ||:  22%|##2       | 22/98 [00:00<00:00, 107.00it/s]
accuracy: 0.8290, accuracy3: 1.0000, loss: 0.4922 ||:  35%|###4      | 34/98 [00:00<00:00, 109.63it/s]
accuracy: 0.8376, accuracy3: 1.0000, loss: 0.5198 ||:  47%|####6     | 46/98 [00:00<00:00, 111.25it/s]
accuracy: 0.8441, accuracy3: 1.0000, loss: 0.4991 ||:  58%|#####8    | 57/98 [00:00<00:00, 109.46it/s]
accuracy: 0.8474, accuracy3: 1.0000, loss: 0.5023 ||:  70%|#######   | 69/98 [00:00<00:00, 110.34it/s]
accuracy: 0.8467, accuracy3: 1.0000, loss: 0.5041 ||:  82%|########1 | 80/98 [00:00<00:00, 110.09it/s]
accuracy: 0.8528, accuracy3: 1.0000, loss: 0.5137 ||:  94%|#########3| 92/98 [00:00<00:00, 111.22it/s]
accuracy: 0.8547, accuracy3: 1.0000, loss: 0.5114 ||: 100%|##########| 98/98 [00:00<00:00, 111.46it/s]

  0%|          | 0/184 [00:00<?, ?it/s]
accuracy: 0.8370, accuracy3: 1.0000, loss: 0.4155 ||:   3%|3         | 6/184 [00:00<00:03, 48.90it/s]
accuracy: 0.8365, accuracy3: 1.0000, loss: 0.4223 ||:   7%|6         | 12/184 [00:00<00:03, 50.57it/s]
accuracy: 0.8358, accuracy3: 1.0000, loss: 0.4218 ||:  10%|#         | 19/184 [00:00<00:03, 53.44it/s]
accuracy: 0.8412, accuracy3: 1.0000, loss: 0.4188 ||:  14%|#3        | 25/184 [00:00<00:02, 54.82it/s]
accuracy: 0.8421, accuracy3: 1.0000, loss: 0.4200 ||:  17%|#6        | 31/184 [00:00<00:02, 53.84it/s]
accuracy: 0.8410, accuracy3: 1.0000, loss: 0.4175 ||:  20%|##        | 37/184 [00:00<00:02, 54.92it/s]
accuracy: 0.8419, accuracy3: 1.0000, loss: 0.4242 ||:  23%|##2       | 42/184 [00:00<00:02, 53.22it/s]
accuracy: 0.8415, accuracy3: 1.0000, loss: 0.4249 ||:  27%|##6       | 49/184 [00:00<00:02, 55.43it/s]
accuracy: 0.8415, accuracy3: 1.0000, loss: 0.4224 ||:  30%|##9       | 55/184 [00:01<00:02, 52.69it/s]
accuracy: 0.8426, accuracy3: 1.0000, loss: 0.4237 ||:  33%|###3      | 61/184 [00:01<00:02, 53.44it/s]
accuracy: 0.8432, accuracy3: 1.0000, loss: 0.4244 ||:  36%|###6      | 67/184 [00:01<00:02, 53.18it/s]
accuracy: 0.8429, accuracy3: 1.0000, loss: 0.4238 ||:  40%|###9      | 73/184 [00:01<00:02, 53.72it/s]
accuracy: 0.8432, accuracy3: 1.0000, loss: 0.4226 ||:  43%|####2     | 79/184 [00:01<00:01, 52.88it/s]
accuracy: 0.8455, accuracy3: 1.0000, loss: 0.4203 ||:  47%|####6     | 86/184 [00:01<00:01, 55.75it/s]
accuracy: 0.8460, accuracy3: 1.0000, loss: 0.4173 ||:  50%|#####     | 92/184 [00:01<00:01, 56.77it/s]
accuracy: 0.8467, accuracy3: 1.0000, loss: 0.4176 ||:  53%|#####3    | 98/184 [00:01<00:01, 55.37it/s]
accuracy: 0.8461, accuracy3: 1.0000, loss: 0.4184 ||:  57%|#####6    | 104/184 [00:01<00:01, 53.96it/s]
accuracy: 0.8460, accuracy3: 1.0000, loss: 0.4176 ||:  60%|#####9    | 110/184 [00:02<00:01, 54.89it/s]
accuracy: 0.8455, accuracy3: 1.0000, loss: 0.4162 ||:  64%|######3   | 117/184 [00:02<00:01, 56.38it/s]
accuracy: 0.8451, accuracy3: 1.0000, loss: 0.4170 ||:  67%|######6   | 123/184 [00:02<00:01, 56.39it/s]
accuracy: 0.8456, accuracy3: 1.0000, loss: 0.4170 ||:  71%|#######   | 130/184 [00:02<00:00, 57.93it/s]
accuracy: 0.8462, accuracy3: 1.0000, loss: 0.4174 ||:  74%|#######4  | 137/184 [00:02<00:00, 59.16it/s]
accuracy: 0.8459, accuracy3: 1.0000, loss: 0.4172 ||:  78%|#######7  | 143/184 [00:02<00:00, 58.45it/s]
accuracy: 0.8459, accuracy3: 1.0000, loss: 0.4175 ||:  82%|########1 | 150/184 [00:02<00:00, 58.86it/s]
accuracy: 0.8459, accuracy3: 1.0000, loss: 0.4184 ||:  85%|########4 | 156/184 [00:02<00:00, 58.76it/s]
accuracy: 0.8461, accuracy3: 1.0000, loss: 0.4201 ||:  89%|########8 | 163/184 [00:02<00:00, 60.65it/s]
accuracy: 0.8464, accuracy3: 1.0000, loss: 0.4201 ||:  92%|#########2| 170/184 [00:03<00:00, 60.84it/s]
accuracy: 0.8464, accuracy3: 1.0000, loss: 0.4201 ||:  96%|#########6| 177/184 [00:03<00:00, 58.03it/s]
accuracy: 0.8465, accuracy3: 1.0000, loss: 0.4194 ||:  99%|#########9| 183/184 [00:03<00:00, 56.82it/s]
accuracy: 0.8465, accuracy3: 1.0000, loss: 0.4200 ||: 100%|##########| 184/184 [00:03<00:00, 56.58it/s]

  0%|          | 0/98 [00:00<?, ?it/s]
accuracy: 0.8464, accuracy3: 1.0000, loss: 0.5090 ||:  12%|#2        | 12/98 [00:00<00:00, 110.76it/s]
accuracy: 0.8256, accuracy3: 1.0000, loss: 0.5032 ||:  24%|##4       | 24/98 [00:00<00:00, 111.42it/s]
accuracy: 0.8367, accuracy3: 1.0000, loss: 0.4957 ||:  38%|###7      | 37/98 [00:00<00:00, 112.50it/s]
accuracy: 0.8407, accuracy3: 1.0000, loss: 0.5117 ||:  50%|#####     | 49/98 [00:00<00:00, 112.61it/s]
accuracy: 0.8470, accuracy3: 1.0000, loss: 0.5024 ||:  62%|######2   | 61/98 [00:00<00:00, 112.82it/s]
accuracy: 0.8487, accuracy3: 1.0000, loss: 0.5009 ||:  73%|#######3  | 72/98 [00:00<00:00, 111.19it/s]
accuracy: 0.8507, accuracy3: 1.0000, loss: 0.5050 ||:  86%|########5 | 84/98 [00:00<00:00, 113.57it/s]
accuracy: 0.8559, accuracy3: 1.0000, loss: 0.5135 ||:  97%|#########6| 95/98 [00:00<00:00, 111.71it/s]
accuracy: 0.8565, accuracy3: 1.0000, loss: 0.5107 ||: 100%|##########| 98/98 [00:00<00:00, 112.80it/s]

  0%|          | 0/184 [00:00<?, ?it/s]
accuracy: 0.8514, accuracy3: 1.0000, loss: 0.3927 ||:   3%|3         | 6/184 [00:00<00:03, 53.07it/s]
accuracy: 0.8472, accuracy3: 1.0000, loss: 0.4048 ||:   7%|6         | 12/184 [00:00<00:03, 53.61it/s]
accuracy: 0.8471, accuracy3: 1.0000, loss: 0.4115 ||:  10%|#         | 19/184 [00:00<00:02, 55.42it/s]
accuracy: 0.8496, accuracy3: 1.0000, loss: 0.4097 ||:  14%|#4        | 26/184 [00:00<00:02, 57.80it/s]
accuracy: 0.8498, accuracy3: 1.0000, loss: 0.4142 ||:  18%|#7        | 33/184 [00:00<00:02, 58.39it/s]
accuracy: 0.8496, accuracy3: 1.0000, loss: 0.4158 ||:  21%|##1       | 39/184 [00:00<00:02, 58.85it/s]
accuracy: 0.8496, accuracy3: 1.0000, loss: 0.4141 ||:  24%|##4       | 45/184 [00:00<00:02, 58.80it/s]
accuracy: 0.8499, accuracy3: 1.0000, loss: 0.4198 ||:  28%|##8       | 52/184 [00:00<00:02, 59.44it/s]
accuracy: 0.8498, accuracy3: 1.0000, loss: 0.4191 ||:  32%|###1      | 58/184 [00:00<00:02, 59.15it/s]
accuracy: 0.8493, accuracy3: 1.0000, loss: 0.4183 ||:  35%|###4      | 64/184 [00:01<00:02, 57.03it/s]
accuracy: 0.8493, accuracy3: 1.0000, loss: 0.4204 ||:  38%|###8      | 70/184 [00:01<00:02, 55.29it/s]
accuracy: 0.8484, accuracy3: 1.0000, loss: 0.4196 ||:  41%|####1     | 76/184 [00:01<00:01, 56.52it/s]
accuracy: 0.8478, accuracy3: 1.0000, loss: 0.4212 ||:  45%|####4     | 82/184 [00:01<00:01, 56.68it/s]
accuracy: 0.8467, accuracy3: 1.0000, loss: 0.4217 ||:  48%|####7     | 88/184 [00:01<00:01, 57.10it/s]
accuracy: 0.8460, accuracy3: 1.0000, loss: 0.4205 ||:  51%|#####1    | 94/184 [00:01<00:01, 55.90it/s]
accuracy: 0.8463, accuracy3: 1.0000, loss: 0.4227 ||:  54%|#####4    | 100/184 [00:01<00:01, 56.16it/s]
accuracy: 0.8466, accuracy3: 1.0000, loss: 0.4225 ||:  58%|#####7    | 106/184 [00:01<00:01, 56.12it/s]
accuracy: 0.8462, accuracy3: 1.0000, loss: 0.4231 ||:  61%|######    | 112/184 [00:01<00:01, 55.51it/s]
accuracy: 0.8457, accuracy3: 1.0000, loss: 0.4224 ||:  64%|######4   | 118/184 [00:02<00:01, 54.65it/s]
accuracy: 0.8459, accuracy3: 1.0000, loss: 0.4226 ||:  67%|######7   | 124/184 [00:02<00:01, 54.32it/s]
accuracy: 0.8464, accuracy3: 1.0000, loss: 0.4215 ||:  71%|#######   | 130/184 [00:02<00:01, 53.99it/s]
accuracy: 0.8463, accuracy3: 1.0000, loss: 0.4211 ||:  75%|#######5  | 138/184 [00:02<00:00, 57.39it/s]
accuracy: 0.8466, accuracy3: 1.0000, loss: 0.4200 ||:  78%|#######8  | 144/184 [00:02<00:00, 57.12it/s]
accuracy: 0.8475, accuracy3: 1.0000, loss: 0.4191 ||:  82%|########1 | 150/184 [00:02<00:00, 52.46it/s]
accuracy: 0.8478, accuracy3: 1.0000, loss: 0.4196 ||:  85%|########5 | 157/184 [00:02<00:00, 55.63it/s]
accuracy: 0.8481, accuracy3: 1.0000, loss: 0.4186 ||:  89%|########8 | 163/184 [00:02<00:00, 53.95it/s]
accuracy: 0.8483, accuracy3: 1.0000, loss: 0.4188 ||:  92%|#########1| 169/184 [00:02<00:00, 55.54it/s]
accuracy: 0.8484, accuracy3: 1.0000, loss: 0.4191 ||:  95%|#########5| 175/184 [00:03<00:00, 54.64it/s]
accuracy: 0.8479, accuracy3: 1.0000, loss: 0.4197 ||:  98%|#########8| 181/184 [00:03<00:00, 54.49it/s]
accuracy: 0.8477, accuracy3: 1.0000, loss: 0.4196 ||: 100%|##########| 184/184 [00:03<00:00, 56.56it/s]

  0%|          | 0/98 [00:00<?, ?it/s]
accuracy: 0.8466, accuracy3: 1.0000, loss: 0.5075 ||:  12%|#2        | 12/98 [00:00<00:00, 113.04it/s]
accuracy: 0.8254, accuracy3: 1.0000, loss: 0.5024 ||:  24%|##4       | 24/98 [00:00<00:00, 113.09it/s]
accuracy: 0.8364, accuracy3: 1.0000, loss: 0.4948 ||:  38%|###7      | 37/98 [00:00<00:00, 115.40it/s]
accuracy: 0.8395, accuracy3: 1.0000, loss: 0.5130 ||:  49%|####8     | 48/98 [00:00<00:00, 112.20it/s]
accuracy: 0.8457, accuracy3: 1.0000, loss: 0.5005 ||:  61%|######1   | 60/98 [00:00<00:00, 112.74it/s]
accuracy: 0.8482, accuracy3: 1.0000, loss: 0.5009 ||:  72%|#######2  | 71/98 [00:00<00:00, 111.39it/s]
accuracy: 0.8499, accuracy3: 1.0000, loss: 0.5044 ||:  85%|########4 | 83/98 [00:00<00:00, 112.46it/s]
accuracy: 0.8552, accuracy3: 1.0000, loss: 0.5135 ||:  96%|#########5| 94/98 [00:00<00:00, 110.48it/s]
accuracy: 0.8560, accuracy3: 1.0000, loss: 0.5100 ||: 100%|##########| 98/98 [00:00<00:00, 111.51it/s]

  0%|          | 0/184 [00:00<?, ?it/s]
accuracy: 0.8526, accuracy3: 1.0000, loss: 0.3956 ||:   3%|3         | 6/184 [00:00<00:03, 51.38it/s]
accuracy: 0.8524, accuracy3: 1.0000, loss: 0.4025 ||:   6%|5         | 11/184 [00:00<00:03, 50.73it/s]
accuracy: 0.8530, accuracy3: 1.0000, loss: 0.4016 ||:   9%|9         | 17/184 [00:00<00:03, 52.07it/s]
accuracy: 0.8512, accuracy3: 1.0000, loss: 0.4095 ||:  13%|#3        | 24/184 [00:00<00:02, 53.86it/s]
accuracy: 0.8522, accuracy3: 1.0000, loss: 0.4076 ||:  17%|#6        | 31/184 [00:00<00:02, 56.06it/s]
accuracy: 0.8522, accuracy3: 1.0000, loss: 0.4121 ||:  20%|##        | 37/184 [00:00<00:02, 57.15it/s]
accuracy: 0.8508, accuracy3: 1.0000, loss: 0.4101 ||:  23%|##3       | 43/184 [00:00<00:02, 57.69it/s]
accuracy: 0.8502, accuracy3: 1.0000, loss: 0.4101 ||:  27%|##6       | 49/184 [00:00<00:02, 56.70it/s]
accuracy: 0.8494, accuracy3: 1.0000, loss: 0.4126 ||:  30%|##9       | 55/184 [00:01<00:02, 52.65it/s]
accuracy: 0.8496, accuracy3: 1.0000, loss: 0.4154 ||:  34%|###3      | 62/184 [00:01<00:02, 55.49it/s]
accuracy: 0.8496, accuracy3: 1.0000, loss: 0.4173 ||:  37%|###6      | 68/184 [00:01<00:02, 54.02it/s]
accuracy: 0.8492, accuracy3: 1.0000, loss: 0.4176 ||:  40%|####      | 74/184 [00:01<00:02, 54.93it/s]
accuracy: 0.8490, accuracy3: 1.0000, loss: 0.4159 ||:  43%|####3     | 80/184 [00:01<00:01, 55.91it/s]
accuracy: 0.8493, accuracy3: 1.0000, loss: 0.4152 ||:  47%|####7     | 87/184 [00:01<00:01, 57.83it/s]
accuracy: 0.8492, accuracy3: 1.0000, loss: 0.4166 ||:  51%|#####1    | 94/184 [00:01<00:01, 59.21it/s]
accuracy: 0.8489, accuracy3: 1.0000, loss: 0.4186 ||:  54%|#####4    | 100/184 [00:01<00:01, 58.42it/s]
accuracy: 0.8479, accuracy3: 1.0000, loss: 0.4199 ||:  58%|#####7    | 106/184 [00:01<00:01, 57.65it/s]
accuracy: 0.8481, accuracy3: 1.0000, loss: 0.4200 ||:  61%|######    | 112/184 [00:01<00:01, 54.72it/s]
accuracy: 0.8477, accuracy3: 1.0000, loss: 0.4195 ||:  65%|######4   | 119/184 [00:02<00:01, 57.65it/s]
accuracy: 0.8481, accuracy3: 1.0000, loss: 0.4191 ||:  68%|######7   | 125/184 [00:02<00:01, 58.25it/s]
accuracy: 0.8484, accuracy3: 1.0000, loss: 0.4196 ||:  71%|#######1  | 131/184 [00:02<00:00, 57.95it/s]
accuracy: 0.8483, accuracy3: 1.0000, loss: 0.4187 ||:  75%|#######5  | 138/184 [00:02<00:00, 58.47it/s]
accuracy: 0.8485, accuracy3: 1.0000, loss: 0.4180 ||:  78%|#######8  | 144/184 [00:02<00:00, 56.64it/s]
accuracy: 0.8488, accuracy3: 1.0000, loss: 0.4177 ||:  82%|########2 | 151/184 [00:02<00:00, 58.29it/s]
accuracy: 0.8489, accuracy3: 1.0000, loss: 0.4176 ||:  85%|########5 | 157/184 [00:02<00:00, 57.34it/s]
accuracy: 0.8490, accuracy3: 1.0000, loss: 0.4171 ||:  89%|########9 | 164/184 [00:02<00:00, 59.07it/s]
accuracy: 0.8488, accuracy3: 1.0000, loss: 0.4177 ||:  92%|#########2| 170/184 [00:02<00:00, 54.80it/s]
accuracy: 0.8482, accuracy3: 1.0000, loss: 0.4185 ||:  96%|#########5| 176/184 [00:03<00:00, 53.54it/s]
accuracy: 0.8478, accuracy3: 1.0000, loss: 0.4195 ||:  99%|#########9| 183/184 [00:03<00:00, 55.32it/s]
accuracy: 0.8477, accuracy3: 1.0000, loss: 0.4195 ||: 100%|##########| 184/184 [00:03<00:00, 56.72it/s]

  0%|          | 0/98 [00:00<?, ?it/s]
accuracy: 0.8450, accuracy3: 1.0000, loss: 0.5036 ||:  12%|#2        | 12/98 [00:00<00:00, 110.58it/s]
accuracy: 0.8239, accuracy3: 1.0000, loss: 0.5002 ||:  24%|##4       | 24/98 [00:00<00:00, 110.41it/s]
accuracy: 0.8332, accuracy3: 1.0000, loss: 0.4896 ||:  37%|###6      | 36/98 [00:00<00:00, 112.94it/s]
accuracy: 0.8366, accuracy3: 1.0000, loss: 0.5127 ||:  48%|####7     | 47/98 [00:00<00:00, 111.83it/s]
accuracy: 0.8437, accuracy3: 1.0000, loss: 0.4977 ||:  59%|#####9    | 58/98 [00:00<00:00, 110.69it/s]
accuracy: 0.8458, accuracy3: 1.0000, loss: 0.4972 ||:  71%|#######1  | 70/98 [00:00<00:00, 111.06it/s]
accuracy: 0.8477, accuracy3: 1.0000, loss: 0.5011 ||:  84%|########3 | 82/98 [00:00<00:00, 110.85it/s]
accuracy: 0.8532, accuracy3: 1.0000, loss: 0.5113 ||:  95%|#########4| 93/98 [00:00<00:00, 108.04it/s]
accuracy: 0.8543, accuracy3: 1.0000, loss: 0.5073 ||: 100%|##########| 98/98 [00:00<00:00, 110.47it/s]

  0%|          | 0/184 [00:00<?, ?it/s]
accuracy: 0.8237, accuracy3: 1.0000, loss: 0.4428 ||:   3%|3         | 6/184 [00:00<00:03, 53.46it/s]
accuracy: 0.7967, accuracy3: 1.0000, loss: 0.4191 ||:   7%|7         | 13/184 [00:00<00:03, 55.86it/s]
accuracy: 0.7932, accuracy3: 1.0000, loss: 0.4270 ||:  10%|#         | 19/184 [00:00<00:02, 55.83it/s]
accuracy: 0.8003, accuracy3: 1.0000, loss: 0.4246 ||:  13%|#3        | 24/184 [00:00<00:02, 53.80it/s]
accuracy: 0.8107, accuracy3: 1.0000, loss: 0.4259 ||:  17%|#6        | 31/184 [00:00<00:02, 56.32it/s]
accuracy: 0.8156, accuracy3: 1.0000, loss: 0.4254 ||:  20%|##        | 37/184 [00:00<00:02, 54.82it/s]
accuracy: 0.8210, accuracy3: 1.0000, loss: 0.4258 ||:  24%|##3       | 44/184 [00:00<00:02, 56.66it/s]
accuracy: 0.8248, accuracy3: 1.0000, loss: 0.4248 ||:  27%|##7       | 50/184 [00:00<00:02, 56.83it/s]
accuracy: 0.8255, accuracy3: 1.0000, loss: 0.4228 ||:  30%|###       | 56/184 [00:00<00:02, 55.06it/s]
accuracy: 0.8263, accuracy3: 1.0000, loss: 0.4207 ||:  34%|###3      | 62/184 [00:01<00:02, 54.75it/s]
accuracy: 0.8283, accuracy3: 1.0000, loss: 0.4194 ||:  37%|###6      | 68/184 [00:01<00:02, 55.34it/s]
accuracy: 0.8292, accuracy3: 1.0000, loss: 0.4198 ||:  40%|####      | 74/184 [00:01<00:01, 56.10it/s]
accuracy: 0.8310, accuracy3: 1.0000, loss: 0.4196 ||:  43%|####3     | 80/184 [00:01<00:01, 56.83it/s]
accuracy: 0.8321, accuracy3: 1.0000, loss: 0.4203 ||:  47%|####6     | 86/184 [00:01<00:01, 57.47it/s]
accuracy: 0.8330, accuracy3: 1.0000, loss: 0.4203 ||:  50%|#####     | 92/184 [00:01<00:01, 53.98it/s]
accuracy: 0.8340, accuracy3: 1.0000, loss: 0.4188 ||:  53%|#####3    | 98/184 [00:01<00:01, 54.50it/s]
accuracy: 0.8347, accuracy3: 1.0000, loss: 0.4179 ||:  57%|#####7    | 105/184 [00:01<00:01, 57.05it/s]
accuracy: 0.8352, accuracy3: 1.0000, loss: 0.4185 ||:  60%|######    | 111/184 [00:01<00:01, 56.98it/s]
accuracy: 0.8364, accuracy3: 1.0000, loss: 0.4204 ||:  64%|######3   | 117/184 [00:02<00:01, 56.55it/s]
accuracy: 0.8368, accuracy3: 1.0000, loss: 0.4209 ||:  67%|######6   | 123/184 [00:02<00:01, 56.88it/s]
accuracy: 0.8376, accuracy3: 1.0000, loss: 0.4208 ||:  70%|#######   | 129/184 [00:02<00:01, 54.33it/s]
accuracy: 0.8375, accuracy3: 1.0000, loss: 0.4211 ||:  73%|#######3  | 135/184 [00:02<00:00, 55.35it/s]
accuracy: 0.8379, accuracy3: 1.0000, loss: 0.4209 ||:  77%|#######6  | 141/184 [00:02<00:00, 53.95it/s]
accuracy: 0.8376, accuracy3: 1.0000, loss: 0.4216 ||:  80%|########  | 148/184 [00:02<00:00, 56.02it/s]
accuracy: 0.8379, accuracy3: 1.0000, loss: 0.4212 ||:  84%|########3 | 154/184 [00:02<00:00, 55.12it/s]
accuracy: 0.8379, accuracy3: 1.0000, loss: 0.4213 ||:  87%|########6 | 160/184 [00:02<00:00, 56.04it/s]
accuracy: 0.8380, accuracy3: 1.0000, loss: 0.4200 ||:  90%|######### | 166/184 [00:02<00:00, 57.09it/s]
accuracy: 0.8384, accuracy3: 1.0000, loss: 0.4205 ||:  93%|#########3| 172/184 [00:03<00:00, 57.57it/s]
accuracy: 0.8388, accuracy3: 1.0000, loss: 0.4202 ||:  97%|#########6| 178/184 [00:03<00:00, 57.72it/s]
accuracy: 0.8392, accuracy3: 1.0000, loss: 0.4198 ||: 100%|##########| 184/184 [00:03<00:00, 56.79it/s]

  0%|          | 0/98 [00:00<?, ?it/s]
accuracy: 0.8500, accuracy3: 1.0000, loss: 0.5188 ||:  12%|#2        | 12/98 [00:00<00:00, 112.06it/s]
accuracy: 0.8295, accuracy3: 1.0000, loss: 0.5105 ||:  24%|##4       | 24/98 [00:00<00:00, 112.05it/s]
accuracy: 0.8396, accuracy3: 1.0000, loss: 0.4996 ||:  37%|###6      | 36/98 [00:00<00:00, 112.16it/s]
accuracy: 0.8427, accuracy3: 1.0000, loss: 0.5257 ||:  48%|####7     | 47/98 [00:00<00:00, 108.39it/s]
accuracy: 0.8491, accuracy3: 1.0000, loss: 0.5080 ||:  59%|#####9    | 58/98 [00:00<00:00, 107.54it/s]
accuracy: 0.8523, accuracy3: 1.0000, loss: 0.5093 ||:  70%|#######   | 69/98 [00:00<00:00, 105.87it/s]
accuracy: 0.8524, accuracy3: 1.0000, loss: 0.5112 ||:  83%|########2 | 81/98 [00:00<00:00, 107.98it/s]
accuracy: 0.8583, accuracy3: 1.0000, loss: 0.5230 ||:  95%|#########4| 93/98 [00:00<00:00, 109.22it/s]
accuracy: 0.8595, accuracy3: 1.0000, loss: 0.5188 ||: 100%|##########| 98/98 [00:00<00:00, 108.90it/s]

  0%|          | 0/184 [00:00<?, ?it/s]
accuracy: 0.8496, accuracy3: 1.0000, loss: 0.4279 ||:   3%|3         | 6/184 [00:00<00:03, 51.57it/s]
accuracy: 0.8560, accuracy3: 1.0000, loss: 0.4106 ||:   7%|6         | 12/184 [00:00<00:03, 51.73it/s]
accuracy: 0.8503, accuracy3: 1.0000, loss: 0.4106 ||:  10%|9         | 18/184 [00:00<00:03, 52.85it/s]
accuracy: 0.8529, accuracy3: 1.0000, loss: 0.4067 ||:  13%|#3        | 24/184 [00:00<00:03, 53.07it/s]
accuracy: 0.8520, accuracy3: 1.0000, loss: 0.4151 ||:  16%|#6        | 30/184 [00:00<00:02, 54.75it/s]
accuracy: 0.8529, accuracy3: 1.0000, loss: 0.4169 ||:  20%|#9        | 36/184 [00:00<00:02, 55.59it/s]
accuracy: 0.8532, accuracy3: 1.0000, loss: 0.4146 ||:  23%|##2       | 42/184 [00:00<00:02, 55.20it/s]
accuracy: 0.8529, accuracy3: 1.0000, loss: 0.4165 ||:  26%|##6       | 48/184 [00:00<00:02, 55.30it/s]
accuracy: 0.8517, accuracy3: 1.0000, loss: 0.4167 ||:  30%|##9       | 55/184 [00:00<00:02, 57.13it/s]
accuracy: 0.8517, accuracy3: 1.0000, loss: 0.4136 ||:  33%|###3      | 61/184 [00:01<00:02, 55.88it/s]
accuracy: 0.8515, accuracy3: 1.0000, loss: 0.4137 ||:  36%|###6      | 67/184 [00:01<00:02, 56.69it/s]
accuracy: 0.8514, accuracy3: 1.0000, loss: 0.4134 ||:  40%|###9      | 73/184 [00:01<00:01, 56.68it/s]
accuracy: 0.8504, accuracy3: 1.0000, loss: 0.4128 ||:  43%|####2     | 79/184 [00:01<00:01, 57.22it/s]
accuracy: 0.8497, accuracy3: 1.0000, loss: 0.4136 ||:  46%|####6     | 85/184 [00:01<00:01, 56.89it/s]
accuracy: 0.8496, accuracy3: 1.0000, loss: 0.4152 ||:  49%|####9     | 91/184 [00:01<00:01, 56.43it/s]
accuracy: 0.8492, accuracy3: 1.0000, loss: 0.4174 ||:  53%|#####2    | 97/184 [00:01<00:01, 55.71it/s]
accuracy: 0.8477, accuracy3: 1.0000, loss: 0.4173 ||:  57%|#####6    | 104/184 [00:01<00:01, 58.09it/s]
accuracy: 0.8479, accuracy3: 1.0000, loss: 0.4176 ||:  60%|######    | 111/184 [00:01<00:01, 58.90it/s]
accuracy: 0.8492, accuracy3: 1.0000, loss: 0.4168 ||:  64%|######4   | 118/184 [00:02<00:01, 59.73it/s]
accuracy: 0.8495, accuracy3: 1.0000, loss: 0.4166 ||:  67%|######7   | 124/184 [00:02<00:01, 59.69it/s]
accuracy: 0.8492, accuracy3: 1.0000, loss: 0.4169 ||:  71%|#######   | 130/184 [00:02<00:00, 58.05it/s]
accuracy: 0.8487, accuracy3: 1.0000, loss: 0.4175 ||:  74%|#######4  | 137/184 [00:02<00:00, 59.35it/s]
accuracy: 0.8493, accuracy3: 1.0000, loss: 0.4174 ||:  78%|#######7  | 143/184 [00:02<00:00, 57.04it/s]
accuracy: 0.8488, accuracy3: 1.0000, loss: 0.4169 ||:  81%|########  | 149/184 [00:02<00:00, 56.64it/s]
accuracy: 0.8487, accuracy3: 1.0000, loss: 0.4168 ||:  84%|########4 | 155/184 [00:02<00:00, 55.85it/s]
accuracy: 0.8485, accuracy3: 1.0000, loss: 0.4169 ||:  88%|########7 | 161/184 [00:02<00:00, 56.34it/s]
accuracy: 0.8483, accuracy3: 1.0000, loss: 0.4184 ||:  91%|######### | 167/184 [00:02<00:00, 56.81it/s]
accuracy: 0.8479, accuracy3: 1.0000, loss: 0.4193 ||:  94%|#########4| 173/184 [00:03<00:00, 57.65it/s]
accuracy: 0.8480, accuracy3: 1.0000, loss: 0.4198 ||:  97%|#########7| 179/184 [00:03<00:00, 57.67it/s]
accuracy: 0.8481, accuracy3: 1.0000, loss: 0.4190 ||: 100%|##########| 184/184 [00:03<00:00, 57.06it/s]

  0%|          | 0/98 [00:00<?, ?it/s]
accuracy: 0.8478, accuracy3: 1.0000, loss: 0.5094 ||:  12%|#2        | 12/98 [00:00<00:00, 112.62it/s]
accuracy: 0.8269, accuracy3: 1.0000, loss: 0.5046 ||:  24%|##4       | 24/98 [00:00<00:00, 112.28it/s]
accuracy: 0.8371, accuracy3: 1.0000, loss: 0.4943 ||:  37%|###6      | 36/98 [00:00<00:00, 112.61it/s]
accuracy: 0.8411, accuracy3: 1.0000, loss: 0.5161 ||:  49%|####8     | 48/98 [00:00<00:00, 112.48it/s]
accuracy: 0.8478, accuracy3: 1.0000, loss: 0.5014 ||:  60%|######    | 59/98 [00:00<00:00, 109.55it/s]
accuracy: 0.8501, accuracy3: 1.0000, loss: 0.5029 ||:  72%|#######2  | 71/98 [00:00<00:00, 110.18it/s]
accuracy: 0.8516, accuracy3: 1.0000, loss: 0.5061 ||:  85%|########4 | 83/98 [00:00<00:00, 111.99it/s]
accuracy: 0.8570, accuracy3: 1.0000, loss: 0.5142 ||:  97%|#########6| 95/98 [00:00<00:00, 112.43it/s]
accuracy: 0.8576, accuracy3: 1.0000, loss: 0.5114 ||: 100%|##########| 98/98 [00:00<00:00, 112.32it/s]

  0%|          | 0/184 [00:00<?, ?it/s]
accuracy: 0.8487, accuracy3: 1.0000, loss: 0.4322 ||:   3%|3         | 6/184 [00:00<00:03, 55.86it/s]
accuracy: 0.8457, accuracy3: 1.0000, loss: 0.4242 ||:   7%|7         | 13/184 [00:00<00:03, 56.31it/s]
accuracy: 0.8489, accuracy3: 1.0000, loss: 0.4259 ||:  10%|#         | 19/184 [00:00<00:02, 56.53it/s]
accuracy: 0.8482, accuracy3: 1.0000, loss: 0.4271 ||:  14%|#4        | 26/184 [00:00<00:02, 57.49it/s]
accuracy: 0.8490, accuracy3: 1.0000, loss: 0.4240 ||:  17%|#6        | 31/184 [00:00<00:02, 54.92it/s]
accuracy: 0.8492, accuracy3: 1.0000, loss: 0.4242 ||:  20%|##        | 37/184 [00:00<00:02, 54.23it/s]
accuracy: 0.8498, accuracy3: 1.0000, loss: 0.4232 ||:  24%|##3       | 44/184 [00:00<00:02, 55.98it/s]
accuracy: 0.8481, accuracy3: 1.0000, loss: 0.4234 ||:  27%|##7       | 50/184 [00:00<00:02, 56.14it/s]
accuracy: 0.8482, accuracy3: 1.0000, loss: 0.4246 ||:  30%|###       | 56/184 [00:01<00:02, 55.01it/s]
accuracy: 0.8489, accuracy3: 1.0000, loss: 0.4230 ||:  34%|###3      | 62/184 [00:01<00:02, 54.56it/s]
accuracy: 0.8503, accuracy3: 1.0000, loss: 0.4210 ||:  37%|###6      | 68/184 [00:01<00:02, 54.15it/s]
accuracy: 0.8498, accuracy3: 1.0000, loss: 0.4221 ||:  40%|####      | 74/184 [00:01<00:02, 52.31it/s]
accuracy: 0.8499, accuracy3: 1.0000, loss: 0.4226 ||:  43%|####3     | 80/184 [00:01<00:01, 53.52it/s]
accuracy: 0.8499, accuracy3: 1.0000, loss: 0.4220 ||:  47%|####6     | 86/184 [00:01<00:01, 54.28it/s]
accuracy: 0.8506, accuracy3: 1.0000, loss: 0.4221 ||:  50%|#####     | 92/184 [00:01<00:01, 55.62it/s]
accuracy: 0.8509, accuracy3: 1.0000, loss: 0.4215 ||:  53%|#####3    | 98/184 [00:01<00:01, 55.70it/s]
accuracy: 0.8507, accuracy3: 1.0000, loss: 0.4207 ||:  57%|#####6    | 104/184 [00:01<00:01, 56.44it/s]
accuracy: 0.8508, accuracy3: 1.0000, loss: 0.4192 ||:  60%|#####9    | 110/184 [00:01<00:01, 55.19it/s]
accuracy: 0.8505, accuracy3: 1.0000, loss: 0.4180 ||:  63%|######3   | 116/184 [00:02<00:01, 56.44it/s]
accuracy: 0.8498, accuracy3: 1.0000, loss: 0.4192 ||:  67%|######6   | 123/184 [00:02<00:01, 59.05it/s]
accuracy: 0.8491, accuracy3: 1.0000, loss: 0.4200 ||:  70%|#######   | 129/184 [00:02<00:00, 57.54it/s]
accuracy: 0.8494, accuracy3: 1.0000, loss: 0.4193 ||:  73%|#######3  | 135/184 [00:02<00:00, 55.56it/s]
accuracy: 0.8495, accuracy3: 1.0000, loss: 0.4190 ||:  77%|#######7  | 142/184 [00:02<00:00, 55.81it/s]
accuracy: 0.8496, accuracy3: 1.0000, loss: 0.4196 ||:  81%|########  | 149/184 [00:02<00:00, 56.82it/s]
accuracy: 0.8492, accuracy3: 1.0000, loss: 0.4216 ||:  84%|########4 | 155/184 [00:02<00:00, 56.86it/s]
accuracy: 0.8495, accuracy3: 1.0000, loss: 0.4205 ||:  88%|########7 | 161/184 [00:02<00:00, 56.87it/s]
accuracy: 0.8495, accuracy3: 1.0000, loss: 0.4209 ||:  91%|######### | 167/184 [00:02<00:00, 57.29it/s]
accuracy: 0.8499, accuracy3: 1.0000, loss: 0.4201 ||:  94%|#########4| 173/184 [00:03<00:00, 56.91it/s]
accuracy: 0.8495, accuracy3: 1.0000, loss: 0.4194 ||:  97%|#########7| 179/184 [00:03<00:00, 56.23it/s]
accuracy: 0.8492, accuracy3: 1.0000, loss: 0.4189 ||: 100%|##########| 184/184 [00:03<00:00, 56.22it/s]

  0%|          | 0/98 [00:00<?, ?it/s]
accuracy: 0.8452, accuracy3: 1.0000, loss: 0.5105 ||:  12%|#2        | 12/98 [00:00<00:00, 116.20it/s]
accuracy: 0.8244, accuracy3: 1.0000, loss: 0.5095 ||:  23%|##3       | 23/98 [00:00<00:00, 113.79it/s]
accuracy: 0.8298, accuracy3: 1.0000, loss: 0.4934 ||:  36%|###5      | 35/98 [00:00<00:00, 114.99it/s]
accuracy: 0.8373, accuracy3: 1.0000, loss: 0.5212 ||:  46%|####5     | 45/98 [00:00<00:00, 109.69it/s]
accuracy: 0.8426, accuracy3: 1.0000, loss: 0.5019 ||:  57%|#####7    | 56/98 [00:00<00:00, 109.65it/s]
accuracy: 0.8490, accuracy3: 1.0000, loss: 0.5040 ||:  68%|######8   | 67/98 [00:00<00:00, 109.33it/s]
accuracy: 0.8448, accuracy3: 1.0000, loss: 0.5038 ||:  81%|########  | 79/98 [00:00<00:00, 109.81it/s]
accuracy: 0.8502, accuracy3: 1.0000, loss: 0.5147 ||:  92%|#########1| 90/98 [00:00<00:00, 109.65it/s]
accuracy: 0.8538, accuracy3: 1.0000, loss: 0.5115 ||: 100%|##########| 98/98 [00:00<00:00, 110.69it/s]

  0%|          | 0/184 [00:00<?, ?it/s]
accuracy: 0.8381, accuracy3: 1.0000, loss: 0.4856 ||:   3%|3         | 6/184 [00:00<00:03, 53.61it/s]
accuracy: 0.8468, accuracy3: 1.0000, loss: 0.4558 ||:   7%|7         | 13/184 [00:00<00:03, 54.80it/s]
accuracy: 0.8466, accuracy3: 1.0000, loss: 0.4449 ||:  10%|#         | 19/184 [00:00<00:03, 53.97it/s]
accuracy: 0.8439, accuracy3: 1.0000, loss: 0.4424 ||:  13%|#3        | 24/184 [00:00<00:03, 52.50it/s]
accuracy: 0.8439, accuracy3: 1.0000, loss: 0.4400 ||:  16%|#6        | 30/184 [00:00<00:02, 53.99it/s]
accuracy: 0.8439, accuracy3: 1.0000, loss: 0.4398 ||:  20%|#9        | 36/184 [00:00<00:02, 55.43it/s]
accuracy: 0.8439, accuracy3: 1.0000, loss: 0.4334 ||:  23%|##2       | 42/184 [00:00<00:02, 56.66it/s]
accuracy: 0.8428, accuracy3: 1.0000, loss: 0.4303 ||:  26%|##6       | 48/184 [00:00<00:02, 56.57it/s]
accuracy: 0.8440, accuracy3: 1.0000, loss: 0.4266 ||:  29%|##9       | 54/184 [00:00<00:02, 57.10it/s]
accuracy: 0.8454, accuracy3: 1.0000, loss: 0.4238 ||:  33%|###2      | 60/184 [00:01<00:02, 54.77it/s]
accuracy: 0.8457, accuracy3: 1.0000, loss: 0.4214 ||:  36%|###5      | 66/184 [00:01<00:02, 54.05it/s]
accuracy: 0.8469, accuracy3: 1.0000, loss: 0.4196 ||:  39%|###9      | 72/184 [00:01<00:02, 53.30it/s]
accuracy: 0.8468, accuracy3: 1.0000, loss: 0.4194 ||:  42%|####2     | 78/184 [00:01<00:02, 51.84it/s]
accuracy: 0.8471, accuracy3: 1.0000, loss: 0.4190 ||:  46%|####5     | 84/184 [00:01<00:01, 53.18it/s]
accuracy: 0.8469, accuracy3: 1.0000, loss: 0.4202 ||:  49%|####8     | 90/184 [00:01<00:01, 53.53it/s]
accuracy: 0.8470, accuracy3: 1.0000, loss: 0.4211 ||:  52%|#####2    | 96/184 [00:01<00:01, 53.93it/s]
accuracy: 0.8470, accuracy3: 1.0000, loss: 0.4204 ||:  56%|#####5    | 103/184 [00:01<00:01, 55.91it/s]
accuracy: 0.8458, accuracy3: 1.0000, loss: 0.4207 ||:  59%|#####9    | 109/184 [00:01<00:01, 56.37it/s]
accuracy: 0.8455, accuracy3: 1.0000, loss: 0.4205 ||:  62%|######2   | 115/184 [00:02<00:01, 56.99it/s]
accuracy: 0.8462, accuracy3: 1.0000, loss: 0.4194 ||:  66%|######5   | 121/184 [00:02<00:01, 53.52it/s]
accuracy: 0.8464, accuracy3: 1.0000, loss: 0.4199 ||:  69%|######9   | 127/184 [00:02<00:01, 53.94it/s]
accuracy: 0.8469, accuracy3: 1.0000, loss: 0.4193 ||:  72%|#######2  | 133/184 [00:02<00:00, 54.22it/s]
accuracy: 0.8468, accuracy3: 1.0000, loss: 0.4183 ||:  76%|#######5  | 139/184 [00:02<00:00, 54.97it/s]
accuracy: 0.8470, accuracy3: 1.0000, loss: 0.4180 ||:  79%|#######8  | 145/184 [00:02<00:00, 56.33it/s]
accuracy: 0.8471, accuracy3: 1.0000, loss: 0.4171 ||:  83%|########2 | 152/184 [00:02<00:00, 58.23it/s]
accuracy: 0.8470, accuracy3: 1.0000, loss: 0.4169 ||:  86%|########5 | 158/184 [00:02<00:00, 58.40it/s]
accuracy: 0.8469, accuracy3: 1.0000, loss: 0.4177 ||:  90%|########9 | 165/184 [00:02<00:00, 59.59it/s]
accuracy: 0.8468, accuracy3: 1.0000, loss: 0.4181 ||:  93%|#########3| 172/184 [00:03<00:00, 58.61it/s]
accuracy: 0.8473, accuracy3: 1.0000, loss: 0.4182 ||:  97%|#########7| 179/184 [00:03<00:00, 59.50it/s]
accuracy: 0.8469, accuracy3: 1.0000, loss: 0.4204 ||: 100%|##########| 184/184 [00:03<00:00, 56.28it/s]

  0%|          | 0/98 [00:00<?, ?it/s]
accuracy: 0.8476, accuracy3: 1.0000, loss: 0.5095 ||:  12%|#2        | 12/98 [00:00<00:00, 111.36it/s]
accuracy: 0.8267, accuracy3: 1.0000, loss: 0.5041 ||:  24%|##4       | 24/98 [00:00<00:00, 112.30it/s]
accuracy: 0.8338, accuracy3: 1.0000, loss: 0.4938 ||:  36%|###5      | 35/98 [00:00<00:00, 111.09it/s]
accuracy: 0.8402, accuracy3: 1.0000, loss: 0.5199 ||:  47%|####6     | 46/98 [00:00<00:00, 110.54it/s]
accuracy: 0.8468, accuracy3: 1.0000, loss: 0.5015 ||:  59%|#####9    | 58/98 [00:00<00:00, 110.05it/s]
accuracy: 0.8490, accuracy3: 1.0000, loss: 0.5008 ||:  71%|#######1  | 70/98 [00:00<00:00, 110.38it/s]
accuracy: 0.8509, accuracy3: 1.0000, loss: 0.5047 ||:  84%|########3 | 82/98 [00:00<00:00, 112.02it/s]
accuracy: 0.8564, accuracy3: 1.0000, loss: 0.5149 ||:  96%|#########5| 94/98 [00:00<00:00, 111.70it/s]
accuracy: 0.8573, accuracy3: 1.0000, loss: 0.5113 ||: 100%|##########| 98/98 [00:00<00:00, 111.74it/s]

  0%|          | 0/184 [00:00<?, ?it/s]
accuracy: 0.8465, accuracy3: 1.0000, loss: 0.4152 ||:   3%|3         | 6/184 [00:00<00:03, 58.23it/s]
accuracy: 0.8503, accuracy3: 1.0000, loss: 0.4099 ||:   7%|6         | 12/184 [00:00<00:02, 58.48it/s]
accuracy: 0.8496, accuracy3: 1.0000, loss: 0.4203 ||:  10%|9         | 18/184 [00:00<00:02, 58.42it/s]
accuracy: 0.8483, accuracy3: 1.0000, loss: 0.4242 ||:  14%|#3        | 25/184 [00:00<00:02, 59.81it/s]
accuracy: 0.8500, accuracy3: 1.0000, loss: 0.4264 ||:  17%|#6        | 31/184 [00:00<00:02, 58.44it/s]
accuracy: 0.8490, accuracy3: 1.0000, loss: 0.4237 ||:  20%|##        | 37/184 [00:00<00:02, 58.51it/s]
accuracy: 0.8486, accuracy3: 1.0000, loss: 0.4223 ||:  24%|##3       | 44/184 [00:00<00:02, 60.10it/s]
accuracy: 0.8481, accuracy3: 1.0000, loss: 0.4240 ||:  27%|##7       | 50/184 [00:00<00:02, 59.66it/s]
accuracy: 0.8502, accuracy3: 1.0000, loss: 0.4175 ||:  31%|###       | 57/184 [00:00<00:02, 60.69it/s]
accuracy: 0.8502, accuracy3: 1.0000, loss: 0.4224 ||:  35%|###4      | 64/184 [00:01<00:01, 60.76it/s]
accuracy: 0.8491, accuracy3: 1.0000, loss: 0.4228 ||:  39%|###8      | 71/184 [00:01<00:01, 60.49it/s]
accuracy: 0.8489, accuracy3: 1.0000, loss: 0.4235 ||:  42%|####1     | 77/184 [00:01<00:01, 58.48it/s]
accuracy: 0.8486, accuracy3: 1.0000, loss: 0.4227 ||:  45%|####5     | 83/184 [00:01<00:01, 57.35it/s]
accuracy: 0.8479, accuracy3: 1.0000, loss: 0.4222 ||:  48%|####8     | 89/184 [00:01<00:01, 57.14it/s]
accuracy: 0.8488, accuracy3: 1.0000, loss: 0.4223 ||:  52%|#####1    | 95/184 [00:01<00:01, 57.90it/s]
accuracy: 0.8475, accuracy3: 1.0000, loss: 0.4218 ||:  55%|#####5    | 102/184 [00:01<00:01, 59.53it/s]
accuracy: 0.8472, accuracy3: 1.0000, loss: 0.4228 ||:  59%|#####8    | 108/184 [00:01<00:01, 58.69it/s]
accuracy: 0.8469, accuracy3: 1.0000, loss: 0.4228 ||:  62%|######1   | 114/184 [00:01<00:01, 56.66it/s]
accuracy: 0.8467, accuracy3: 1.0000, loss: 0.4237 ||:  65%|######5   | 120/184 [00:02<00:01, 57.55it/s]
accuracy: 0.8468, accuracy3: 1.0000, loss: 0.4224 ||:  69%|######9   | 127/184 [00:02<00:00, 59.95it/s]
accuracy: 0.8473, accuracy3: 1.0000, loss: 0.4219 ||:  73%|#######2  | 134/184 [00:02<00:00, 59.57it/s]
accuracy: 0.8476, accuracy3: 1.0000, loss: 0.4207 ||:  76%|#######6  | 140/184 [00:02<00:00, 58.20it/s]
accuracy: 0.8479, accuracy3: 1.0000, loss: 0.4203 ||:  80%|#######9  | 147/184 [00:02<00:00, 57.81it/s]
accuracy: 0.8483, accuracy3: 1.0000, loss: 0.4202 ||:  84%|########3 | 154/184 [00:02<00:00, 58.98it/s]
accuracy: 0.8487, accuracy3: 1.0000, loss: 0.4195 ||:  87%|########6 | 160/184 [00:02<00:00, 58.13it/s]
accuracy: 0.8482, accuracy3: 1.0000, loss: 0.4190 ||:  90%|######### | 166/184 [00:02<00:00, 57.74it/s]
accuracy: 0.8483, accuracy3: 1.0000, loss: 0.4186 ||:  93%|#########3| 172/184 [00:02<00:00, 56.55it/s]
accuracy: 0.8479, accuracy3: 1.0000, loss: 0.4193 ||:  97%|#########6| 178/184 [00:03<00:00, 53.68it/s]
accuracy: 0.8478, accuracy3: 1.0000, loss: 0.4189 ||: 100%|##########| 184/184 [00:03<00:00, 58.42it/s]

  0%|          | 0/98 [00:00<?, ?it/s]
accuracy: 0.8468, accuracy3: 1.0000, loss: 0.5128 ||:  12%|#2        | 12/98 [00:00<00:00, 118.37it/s]
accuracy: 0.8256, accuracy3: 1.0000, loss: 0.5059 ||:  24%|##4       | 24/98 [00:00<00:00, 115.13it/s]
accuracy: 0.8358, accuracy3: 1.0000, loss: 0.4949 ||:  37%|###6      | 36/98 [00:00<00:00, 114.17it/s]
accuracy: 0.8387, accuracy3: 1.0000, loss: 0.5198 ||:  48%|####7     | 47/98 [00:00<00:00, 111.99it/s]
accuracy: 0.8464, accuracy3: 1.0000, loss: 0.5030 ||:  60%|######    | 59/98 [00:00<00:00, 111.79it/s]
accuracy: 0.8488, accuracy3: 1.0000, loss: 0.5046 ||:  72%|#######2  | 71/98 [00:00<00:00, 112.61it/s]
accuracy: 0.8503, accuracy3: 1.0000, loss: 0.5082 ||:  85%|########4 | 83/98 [00:00<00:00, 113.29it/s]
accuracy: 0.8558, accuracy3: 1.0000, loss: 0.5168 ||:  97%|#########6| 95/98 [00:00<00:00, 113.49it/s]
accuracy: 0.8563, accuracy3: 1.0000, loss: 0.5140 ||: 100%|##########| 98/98 [00:00<00:00, 112.56it/s]

