2019-02-10 19:07:46,983 - INFO - allennlp.common.from_params - instantiating class <class 'allennlp.data.dataset_readers.dataset_reader.DatasetReader'> from params {'mytokenizer': {'type': 'word', 'word_splitter': {'ner': True, 'parse': True, 'pos_tags': True, 'type': 'whitespacy'}}, 'token_indexers': {'dependency_label': {'namespace': 'dependencies', 'type': 'dependency_label'}, 'ner_tag': {'namespace': 'ner', 'type': 'ner_tag'}, 'pos_tag': {'coarse_tags': True, 'namespace': 'pos', 'type': 'pos_tag'}}, 'type': 'sequence_tagging2', 'word_tag_delimiter': '//'} and extras {}
2019-02-10 19:07:46,983 - INFO - allennlp.common.params - dataset_reader.type = sequence_tagging2
2019-02-10 19:07:46,983 - INFO - allennlp.common.from_params - instantiating class <class 'myallennlp.dataset_readers.sequence_tagging2.SequenceTaggingDatasetReader'> from params {'mytokenizer': {'type': 'word', 'word_splitter': {'ner': True, 'parse': True, 'pos_tags': True, 'type': 'whitespacy'}}, 'token_indexers': {'dependency_label': {'namespace': 'dependencies', 'type': 'dependency_label'}, 'ner_tag': {'namespace': 'ner', 'type': 'ner_tag'}, 'pos_tag': {'coarse_tags': True, 'namespace': 'pos', 'type': 'pos_tag'}}, 'word_tag_delimiter': '//'} and extras {}
2019-02-10 19:07:46,983 - INFO - allennlp.common.params - dataset_reader.word_tag_delimiter = //
2019-02-10 19:07:46,983 - INFO - allennlp.common.params - dataset_reader.token_delimiter = None
2019-02-10 19:07:46,984 - INFO - allennlp.common.from_params - instantiating class allennlp.data.token_indexers.token_indexer.TokenIndexer from params {'namespace': 'dependencies', 'type': 'dependency_label'} and extras {}
2019-02-10 19:07:46,984 - INFO - allennlp.common.params - dataset_reader.token_indexers.dependency_label.type = dependency_label
2019-02-10 19:07:46,984 - INFO - allennlp.common.from_params - instantiating class allennlp.data.token_indexers.dep_label_indexer.DepLabelIndexer from params {'namespace': 'dependencies'} and extras {}
2019-02-10 19:07:46,984 - INFO - allennlp.common.params - dataset_reader.token_indexers.dependency_label.namespace = dependencies
2019-02-10 19:07:46,984 - INFO - allennlp.common.from_params - instantiating class allennlp.data.token_indexers.token_indexer.TokenIndexer from params {'namespace': 'ner', 'type': 'ner_tag'} and extras {}
2019-02-10 19:07:46,984 - INFO - allennlp.common.params - dataset_reader.token_indexers.ner_tag.type = ner_tag
2019-02-10 19:07:46,984 - INFO - allennlp.common.from_params - instantiating class allennlp.data.token_indexers.ner_tag_indexer.NerTagIndexer from params {'namespace': 'ner'} and extras {}
2019-02-10 19:07:46,984 - INFO - allennlp.common.params - dataset_reader.token_indexers.ner_tag.namespace = ner
2019-02-10 19:07:46,984 - INFO - allennlp.common.from_params - instantiating class allennlp.data.token_indexers.token_indexer.TokenIndexer from params {'coarse_tags': True, 'namespace': 'pos', 'type': 'pos_tag'} and extras {}
2019-02-10 19:07:46,985 - INFO - allennlp.common.params - dataset_reader.token_indexers.pos_tag.type = pos_tag
2019-02-10 19:07:46,985 - INFO - allennlp.common.from_params - instantiating class allennlp.data.token_indexers.pos_tag_indexer.PosTagIndexer from params {'coarse_tags': True, 'namespace': 'pos'} and extras {}
2019-02-10 19:07:46,985 - INFO - allennlp.common.params - dataset_reader.token_indexers.pos_tag.namespace = pos
2019-02-10 19:07:46,985 - INFO - allennlp.common.params - dataset_reader.token_indexers.pos_tag.coarse_tags = True
2019-02-10 19:07:46,985 - INFO - allennlp.common.params - dataset_reader.lazy = False
2019-02-10 19:07:46,985 - INFO - allennlp.common.from_params - instantiating class <class 'allennlp.data.tokenizers.tokenizer.Tokenizer'> from params {'type': 'word', 'word_splitter': {'ner': True, 'parse': True, 'pos_tags': True, 'type': 'whitespacy'}} and extras {}
2019-02-10 19:07:46,985 - INFO - allennlp.common.params - dataset_reader.mytokenizer.type = word
2019-02-10 19:07:46,985 - INFO - allennlp.common.from_params - instantiating class <class 'allennlp.data.tokenizers.word_tokenizer.WordTokenizer'> from params {'word_splitter': {'ner': True, 'parse': True, 'pos_tags': True, 'type': 'whitespacy'}} and extras {}
2019-02-10 19:07:46,986 - INFO - allennlp.common.from_params - instantiating class <class 'allennlp.data.tokenizers.word_splitter.WordSplitter'> from params {'ner': True, 'parse': True, 'pos_tags': True, 'type': 'whitespacy'} and extras {}
2019-02-10 19:07:46,986 - INFO - allennlp.common.params - dataset_reader.mytokenizer.word_splitter.type = whitespacy
2019-02-10 19:07:46,986 - INFO - allennlp.common.from_params - instantiating class <class 'myallennlp.data.tokenizers.word_splitter.SpacyWordSplitter'> from params {'ner': True, 'parse': True, 'pos_tags': True} and extras {}
2019-02-10 19:07:46,986 - INFO - allennlp.common.params - dataset_reader.mytokenizer.word_splitter.language = en_core_web_sm
2019-02-10 19:07:46,986 - INFO - allennlp.common.params - dataset_reader.mytokenizer.word_splitter.pos_tags = True
2019-02-10 19:07:46,986 - INFO - allennlp.common.params - dataset_reader.mytokenizer.word_splitter.parse = True
2019-02-10 19:07:46,986 - INFO - allennlp.common.params - dataset_reader.mytokenizer.word_splitter.ner = True
2019-02-10 19:07:47,561 - INFO - allennlp.common.params - dataset_reader.mytokenizer.start_tokens = None
2019-02-10 19:07:47,561 - INFO - allennlp.common.params - dataset_reader.mytokenizer.end_tokens = None
2019-02-10 19:07:47,561 - INFO - allennlp.common.params - dataset_reader.use_spacy_directly = False
2019-02-10 19:07:47,561 - INFO - allennlp.common.params - validation_dataset_reader = None
2019-02-10 19:07:47,561 - INFO - allennlp.common.params - train_data_path = ../data/allenTrain.txt
2019-02-10 19:07:47,562 - INFO - allennlp.commands.train - Reading training data from ../data/allenTrain.txt
2019-02-10 19:07:47,562 - INFO - myallennlp.dataset_readers.sequence_tagging2 - Reading instances from lines in file at: ../data/allenTrain.txt
2019-02-10 19:08:24,743 - INFO - allennlp.common.params - validation_data_path = ../data/allenDev.txt
2019-02-10 19:08:24,743 - INFO - allennlp.commands.train - Reading validation data from ../data/allenDev.txt
2019-02-10 19:08:24,743 - INFO - myallennlp.dataset_readers.sequence_tagging2 - Reading instances from lines in file at: ../data/allenDev.txt
2019-02-10 19:08:44,797 - INFO - allennlp.common.params - test_data_path = None
2019-02-10 19:08:44,797 - INFO - allennlp.commands.train - From dataset instances, validation, train will be considered for vocabulary creation.
2019-02-10 19:08:44,798 - INFO - allennlp.common.params - vocabulary.type = None
2019-02-10 19:08:44,798 - INFO - allennlp.common.params - vocabulary.extend = False
2019-02-10 19:08:44,798 - INFO - allennlp.common.params - vocabulary.directory_path = None
2019-02-10 19:08:44,798 - INFO - allennlp.common.params - vocabulary.min_count = None
2019-02-10 19:08:44,798 - INFO - allennlp.common.params - vocabulary.max_vocab_size = None
2019-02-10 19:08:44,798 - INFO - allennlp.common.params - vocabulary.non_padded_namespaces = ('*tags', '*labels')
2019-02-10 19:08:44,798 - INFO - allennlp.common.params - vocabulary.min_pretrained_embeddings = None
2019-02-10 19:08:44,798 - INFO - allennlp.common.params - vocabulary.only_include_pretrained_words = False
2019-02-10 19:08:44,798 - INFO - allennlp.common.params - vocabulary.tokens_to_add = None
2019-02-10 19:08:44,798 - INFO - allennlp.data.vocabulary - Fitting token dictionary from dataset.
2019-02-10 19:08:45,261 - INFO - allennlp.common.from_params - instantiating class <class 'allennlp.models.model.Model'> from params {'Ntags0': 5620.99, 'Ntags1': 256.16, 'do_crossentropy_weighting': True, 'encoder': {'bidirectional': True, 'dropout': 0.5, 'hidden_size': 22, 'input_size': 22, 'num_layers': 2, 'type': 'lstm'}, 'text_field_embedder': {'token_embedders': {'dependency_label': {'embedding_dim': 10, 'type': 'embedding', 'vocab_namespace': 'dependencies'}, 'ner_tag': {'embedding_dim': 7, 'type': 'embedding', 'vocab_namespace': 'ner'}, 'pos_tag': {'embedding_dim': 5, 'type': 'embedding', 'vocab_namespace': 'pos'}}}, 'type': 'simple_tagger2'} and extras {'vocab': Vocabulary with namespaces:  dependencies, Size: 47 || ner, Size: 21 || pos, Size: 17 || labels, Size: 2 || Non Padded Namespaces: {'*tags', '*labels'}}
2019-02-10 19:08:45,262 - INFO - allennlp.common.params - model.type = simple_tagger2
2019-02-10 19:08:45,263 - INFO - allennlp.common.from_params - instantiating class <class 'myallennlp.models.simple_tagger2.SimpleTagger2'> from params {'Ntags0': 5620.99, 'Ntags1': 256.16, 'do_crossentropy_weighting': True, 'encoder': {'bidirectional': True, 'dropout': 0.5, 'hidden_size': 22, 'input_size': 22, 'num_layers': 2, 'type': 'lstm'}, 'text_field_embedder': {'token_embedders': {'dependency_label': {'embedding_dim': 10, 'type': 'embedding', 'vocab_namespace': 'dependencies'}, 'ner_tag': {'embedding_dim': 7, 'type': 'embedding', 'vocab_namespace': 'ner'}, 'pos_tag': {'embedding_dim': 5, 'type': 'embedding', 'vocab_namespace': 'pos'}}}} and extras {'vocab': Vocabulary with namespaces:  dependencies, Size: 47 || ner, Size: 21 || pos, Size: 17 || labels, Size: 2 || Non Padded Namespaces: {'*tags', '*labels'}}
2019-02-10 19:08:45,263 - INFO - allennlp.common.from_params - instantiating class <class 'allennlp.modules.text_field_embedders.text_field_embedder.TextFieldEmbedder'> from params {'token_embedders': {'dependency_label': {'embedding_dim': 10, 'type': 'embedding', 'vocab_namespace': 'dependencies'}, 'ner_tag': {'embedding_dim': 7, 'type': 'embedding', 'vocab_namespace': 'ner'}, 'pos_tag': {'embedding_dim': 5, 'type': 'embedding', 'vocab_namespace': 'pos'}}} and extras {'vocab': Vocabulary with namespaces:  dependencies, Size: 47 || ner, Size: 21 || pos, Size: 17 || labels, Size: 2 || Non Padded Namespaces: {'*tags', '*labels'}}
2019-02-10 19:08:45,263 - INFO - allennlp.common.params - model.text_field_embedder.type = basic
2019-02-10 19:08:45,263 - INFO - allennlp.common.params - model.text_field_embedder.embedder_to_indexer_map = None
2019-02-10 19:08:45,263 - INFO - allennlp.common.params - model.text_field_embedder.allow_unmatched_keys = False
2019-02-10 19:08:45,264 - INFO - allennlp.common.from_params - instantiating class <class 'allennlp.modules.token_embedders.token_embedder.TokenEmbedder'> from params {'embedding_dim': 10, 'type': 'embedding', 'vocab_namespace': 'dependencies'} and extras {'vocab': Vocabulary with namespaces:  dependencies, Size: 47 || ner, Size: 21 || pos, Size: 17 || labels, Size: 2 || Non Padded Namespaces: {'*tags', '*labels'}}
2019-02-10 19:08:45,264 - INFO - allennlp.common.params - model.text_field_embedder.token_embedders.dependency_label.type = embedding
2019-02-10 19:08:45,264 - INFO - allennlp.common.params - model.text_field_embedder.token_embedders.dependency_label.num_embeddings = None
2019-02-10 19:08:45,264 - INFO - allennlp.common.params - model.text_field_embedder.token_embedders.dependency_label.vocab_namespace = dependencies
2019-02-10 19:08:45,264 - INFO - allennlp.common.params - model.text_field_embedder.token_embedders.dependency_label.embedding_dim = 10
2019-02-10 19:08:45,264 - INFO - allennlp.common.params - model.text_field_embedder.token_embedders.dependency_label.pretrained_file = None
2019-02-10 19:08:45,264 - INFO - allennlp.common.params - model.text_field_embedder.token_embedders.dependency_label.projection_dim = None
2019-02-10 19:08:45,264 - INFO - allennlp.common.params - model.text_field_embedder.token_embedders.dependency_label.trainable = True
2019-02-10 19:08:45,264 - INFO - allennlp.common.params - model.text_field_embedder.token_embedders.dependency_label.padding_index = None
2019-02-10 19:08:45,265 - INFO - allennlp.common.params - model.text_field_embedder.token_embedders.dependency_label.max_norm = None
2019-02-10 19:08:45,265 - INFO - allennlp.common.params - model.text_field_embedder.token_embedders.dependency_label.norm_type = 2.0
2019-02-10 19:08:45,265 - INFO - allennlp.common.params - model.text_field_embedder.token_embedders.dependency_label.scale_grad_by_freq = False
2019-02-10 19:08:45,265 - INFO - allennlp.common.params - model.text_field_embedder.token_embedders.dependency_label.sparse = False
2019-02-10 19:08:45,266 - INFO - allennlp.common.from_params - instantiating class <class 'allennlp.modules.token_embedders.token_embedder.TokenEmbedder'> from params {'embedding_dim': 7, 'type': 'embedding', 'vocab_namespace': 'ner'} and extras {'vocab': Vocabulary with namespaces:  dependencies, Size: 47 || ner, Size: 21 || pos, Size: 17 || labels, Size: 2 || Non Padded Namespaces: {'*tags', '*labels'}}
2019-02-10 19:08:45,266 - INFO - allennlp.common.params - model.text_field_embedder.token_embedders.ner_tag.type = embedding
2019-02-10 19:08:45,266 - INFO - allennlp.common.params - model.text_field_embedder.token_embedders.ner_tag.num_embeddings = None
2019-02-10 19:08:45,266 - INFO - allennlp.common.params - model.text_field_embedder.token_embedders.ner_tag.vocab_namespace = ner
2019-02-10 19:08:45,266 - INFO - allennlp.common.params - model.text_field_embedder.token_embedders.ner_tag.embedding_dim = 7
2019-02-10 19:08:45,266 - INFO - allennlp.common.params - model.text_field_embedder.token_embedders.ner_tag.pretrained_file = None
2019-02-10 19:08:45,266 - INFO - allennlp.common.params - model.text_field_embedder.token_embedders.ner_tag.projection_dim = None
2019-02-10 19:08:45,266 - INFO - allennlp.common.params - model.text_field_embedder.token_embedders.ner_tag.trainable = True
2019-02-10 19:08:45,266 - INFO - allennlp.common.params - model.text_field_embedder.token_embedders.ner_tag.padding_index = None
2019-02-10 19:08:45,266 - INFO - allennlp.common.params - model.text_field_embedder.token_embedders.ner_tag.max_norm = None
2019-02-10 19:08:45,267 - INFO - allennlp.common.params - model.text_field_embedder.token_embedders.ner_tag.norm_type = 2.0
2019-02-10 19:08:45,267 - INFO - allennlp.common.params - model.text_field_embedder.token_embedders.ner_tag.scale_grad_by_freq = False
2019-02-10 19:08:45,267 - INFO - allennlp.common.params - model.text_field_embedder.token_embedders.ner_tag.sparse = False
2019-02-10 19:08:45,267 - INFO - allennlp.common.from_params - instantiating class <class 'allennlp.modules.token_embedders.token_embedder.TokenEmbedder'> from params {'embedding_dim': 5, 'type': 'embedding', 'vocab_namespace': 'pos'} and extras {'vocab': Vocabulary with namespaces:  dependencies, Size: 47 || ner, Size: 21 || pos, Size: 17 || labels, Size: 2 || Non Padded Namespaces: {'*tags', '*labels'}}
2019-02-10 19:08:45,267 - INFO - allennlp.common.params - model.text_field_embedder.token_embedders.pos_tag.type = embedding
2019-02-10 19:08:45,267 - INFO - allennlp.common.params - model.text_field_embedder.token_embedders.pos_tag.num_embeddings = None
2019-02-10 19:08:45,267 - INFO - allennlp.common.params - model.text_field_embedder.token_embedders.pos_tag.vocab_namespace = pos
2019-02-10 19:08:45,267 - INFO - allennlp.common.params - model.text_field_embedder.token_embedders.pos_tag.embedding_dim = 5
2019-02-10 19:08:45,267 - INFO - allennlp.common.params - model.text_field_embedder.token_embedders.pos_tag.pretrained_file = None
2019-02-10 19:08:45,267 - INFO - allennlp.common.params - model.text_field_embedder.token_embedders.pos_tag.projection_dim = None
2019-02-10 19:08:45,268 - INFO - allennlp.common.params - model.text_field_embedder.token_embedders.pos_tag.trainable = True
2019-02-10 19:08:45,268 - INFO - allennlp.common.params - model.text_field_embedder.token_embedders.pos_tag.padding_index = None
2019-02-10 19:08:45,268 - INFO - allennlp.common.params - model.text_field_embedder.token_embedders.pos_tag.max_norm = None
2019-02-10 19:08:45,268 - INFO - allennlp.common.params - model.text_field_embedder.token_embedders.pos_tag.norm_type = 2.0
2019-02-10 19:08:45,268 - INFO - allennlp.common.params - model.text_field_embedder.token_embedders.pos_tag.scale_grad_by_freq = False
2019-02-10 19:08:45,268 - INFO - allennlp.common.params - model.text_field_embedder.token_embedders.pos_tag.sparse = False
2019-02-10 19:08:45,268 - INFO - allennlp.common.from_params - instantiating class <class 'allennlp.modules.seq2seq_encoders.seq2seq_encoder.Seq2SeqEncoder'> from params {'bidirectional': True, 'dropout': 0.5, 'hidden_size': 22, 'input_size': 22, 'num_layers': 2, 'type': 'lstm'} and extras {'vocab': Vocabulary with namespaces:  dependencies, Size: 47 || ner, Size: 21 || pos, Size: 17 || labels, Size: 2 || Non Padded Namespaces: {'*tags', '*labels'}}
2019-02-10 19:08:45,268 - INFO - allennlp.common.params - model.encoder.type = lstm
2019-02-10 19:08:45,269 - INFO - allennlp.common.params - model.encoder.batch_first = True
2019-02-10 19:08:45,269 - INFO - allennlp.common.params - model.encoder.stateful = False
2019-02-10 19:08:45,269 - INFO - allennlp.common.params - Converting Params object to dict; logging of default values will not occur when dictionary parameters are used subsequently.
2019-02-10 19:08:45,269 - INFO - allennlp.common.params - CURRENTLY DEFINED PARAMETERS: 
2019-02-10 19:08:45,269 - INFO - allennlp.common.params - model.encoder.bidirectional = True
2019-02-10 19:08:45,269 - INFO - allennlp.common.params - model.encoder.dropout = 0.5
2019-02-10 19:08:45,269 - INFO - allennlp.common.params - model.encoder.hidden_size = 22
2019-02-10 19:08:45,269 - INFO - allennlp.common.params - model.encoder.input_size = 22
2019-02-10 19:08:45,269 - INFO - allennlp.common.params - model.encoder.num_layers = 2
2019-02-10 19:08:45,269 - INFO - allennlp.common.params - model.encoder.batch_first = True
2019-02-10 19:08:45,270 - INFO - allennlp.common.params - model.do_crossentropy_weighting = True
2019-02-10 19:08:45,270 - INFO - allennlp.common.params - model.Ntags0 = 5620.99
2019-02-10 19:08:45,270 - INFO - allennlp.common.params - model.Ntags1 = 256.16
2019-02-10 19:08:45,271 - INFO - allennlp.nn.initializers - Initializing parameters
2019-02-10 19:08:45,271 - INFO - allennlp.nn.initializers - Done initializing parameters; the following parameters are using their default initialization from their code
2019-02-10 19:08:45,271 - INFO - allennlp.nn.initializers -    encoder._module.bias_hh_l0
2019-02-10 19:08:45,271 - INFO - allennlp.nn.initializers -    encoder._module.bias_hh_l0_reverse
2019-02-10 19:08:45,271 - INFO - allennlp.nn.initializers -    encoder._module.bias_hh_l1
2019-02-10 19:08:45,271 - INFO - allennlp.nn.initializers -    encoder._module.bias_hh_l1_reverse
2019-02-10 19:08:45,271 - INFO - allennlp.nn.initializers -    encoder._module.bias_ih_l0
2019-02-10 19:08:45,271 - INFO - allennlp.nn.initializers -    encoder._module.bias_ih_l0_reverse
2019-02-10 19:08:45,271 - INFO - allennlp.nn.initializers -    encoder._module.bias_ih_l1
2019-02-10 19:08:45,271 - INFO - allennlp.nn.initializers -    encoder._module.bias_ih_l1_reverse
2019-02-10 19:08:45,272 - INFO - allennlp.nn.initializers -    encoder._module.weight_hh_l0
2019-02-10 19:08:45,272 - INFO - allennlp.nn.initializers -    encoder._module.weight_hh_l0_reverse
2019-02-10 19:08:45,272 - INFO - allennlp.nn.initializers -    encoder._module.weight_hh_l1
2019-02-10 19:08:45,272 - INFO - allennlp.nn.initializers -    encoder._module.weight_hh_l1_reverse
2019-02-10 19:08:45,272 - INFO - allennlp.nn.initializers -    encoder._module.weight_ih_l0
2019-02-10 19:08:45,272 - INFO - allennlp.nn.initializers -    encoder._module.weight_ih_l0_reverse
2019-02-10 19:08:45,272 - INFO - allennlp.nn.initializers -    encoder._module.weight_ih_l1
2019-02-10 19:08:45,272 - INFO - allennlp.nn.initializers -    encoder._module.weight_ih_l1_reverse
2019-02-10 19:08:45,272 - INFO - allennlp.nn.initializers -    tag_projection_layer._module.bias
2019-02-10 19:08:45,272 - INFO - allennlp.nn.initializers -    tag_projection_layer._module.weight
2019-02-10 19:08:45,272 - INFO - allennlp.nn.initializers -    text_field_embedder.token_embedder_dependency_label.weight
2019-02-10 19:08:45,273 - INFO - allennlp.nn.initializers -    text_field_embedder.token_embedder_ner_tag.weight
2019-02-10 19:08:45,273 - INFO - allennlp.nn.initializers -    text_field_embedder.token_embedder_pos_tag.weight
2019-02-10 19:08:45,274 - INFO - allennlp.common.from_params - instantiating class <class 'allennlp.data.iterators.data_iterator.DataIterator'> from params {'batch_size': 32, 'type': 'basic'} and extras {}
2019-02-10 19:08:45,274 - INFO - allennlp.common.params - iterator.type = basic
2019-02-10 19:08:45,275 - INFO - allennlp.common.from_params - instantiating class <class 'allennlp.data.iterators.basic_iterator.BasicIterator'> from params {'batch_size': 32} and extras {}
2019-02-10 19:08:45,275 - INFO - allennlp.common.params - iterator.batch_size = 32
2019-02-10 19:08:45,275 - INFO - allennlp.common.params - iterator.instances_per_epoch = None
2019-02-10 19:08:45,275 - INFO - allennlp.common.params - iterator.max_instances_in_memory = None
2019-02-10 19:08:45,275 - INFO - allennlp.common.params - iterator.cache_instances = False
2019-02-10 19:08:45,275 - INFO - allennlp.common.params - iterator.track_epoch = False
2019-02-10 19:08:45,275 - INFO - allennlp.common.params - iterator.maximum_samples_per_batch = None
2019-02-10 19:08:45,275 - INFO - allennlp.common.params - validation_iterator = None
2019-02-10 19:08:45,275 - INFO - allennlp.common.params - trainer.no_grad = ()
2019-02-10 19:08:45,275 - INFO - allennlp.commands.train - Following parameters are Frozen  (without gradient):
2019-02-10 19:08:45,276 - INFO - allennlp.commands.train - Following parameters are Tunable (with gradient):
2019-02-10 19:08:45,276 - INFO - allennlp.commands.train - text_field_embedder.token_embedder_dependency_label.weight
2019-02-10 19:08:45,276 - INFO - allennlp.commands.train - text_field_embedder.token_embedder_ner_tag.weight
2019-02-10 19:08:45,276 - INFO - allennlp.commands.train - text_field_embedder.token_embedder_pos_tag.weight
2019-02-10 19:08:45,276 - INFO - allennlp.commands.train - encoder._module.weight_ih_l0
2019-02-10 19:08:45,276 - INFO - allennlp.commands.train - encoder._module.weight_hh_l0
2019-02-10 19:08:45,276 - INFO - allennlp.commands.train - encoder._module.bias_ih_l0
2019-02-10 19:08:45,276 - INFO - allennlp.commands.train - encoder._module.bias_hh_l0
2019-02-10 19:08:45,276 - INFO - allennlp.commands.train - encoder._module.weight_ih_l0_reverse
2019-02-10 19:08:45,276 - INFO - allennlp.commands.train - encoder._module.weight_hh_l0_reverse
2019-02-10 19:08:45,276 - INFO - allennlp.commands.train - encoder._module.bias_ih_l0_reverse
2019-02-10 19:08:45,276 - INFO - allennlp.commands.train - encoder._module.bias_hh_l0_reverse
2019-02-10 19:08:45,276 - INFO - allennlp.commands.train - encoder._module.weight_ih_l1
2019-02-10 19:08:45,276 - INFO - allennlp.commands.train - encoder._module.weight_hh_l1
2019-02-10 19:08:45,276 - INFO - allennlp.commands.train - encoder._module.bias_ih_l1
2019-02-10 19:08:45,277 - INFO - allennlp.commands.train - encoder._module.bias_hh_l1
2019-02-10 19:08:45,277 - INFO - allennlp.commands.train - encoder._module.weight_ih_l1_reverse
2019-02-10 19:08:45,277 - INFO - allennlp.commands.train - encoder._module.weight_hh_l1_reverse
2019-02-10 19:08:45,277 - INFO - allennlp.commands.train - encoder._module.bias_ih_l1_reverse
2019-02-10 19:08:45,277 - INFO - allennlp.commands.train - encoder._module.bias_hh_l1_reverse
2019-02-10 19:08:45,277 - INFO - allennlp.commands.train - tag_projection_layer._module.weight
2019-02-10 19:08:45,277 - INFO - allennlp.commands.train - tag_projection_layer._module.bias
2019-02-10 19:08:45,277 - INFO - allennlp.common.params - trainer.type = default
2019-02-10 19:08:45,277 - INFO - allennlp.common.params - trainer.patience = 5
2019-02-10 19:08:45,277 - INFO - allennlp.common.params - trainer.validation_metric = -loss
2019-02-10 19:08:45,277 - INFO - allennlp.common.params - trainer.shuffle = True
2019-02-10 19:08:45,277 - INFO - allennlp.common.params - trainer.num_epochs = 40
2019-02-10 19:08:45,277 - INFO - allennlp.common.params - trainer.cuda_device = -1
2019-02-10 19:08:45,277 - INFO - allennlp.common.params - trainer.grad_norm = None
2019-02-10 19:08:45,278 - INFO - allennlp.common.params - trainer.grad_clipping = None
2019-02-10 19:08:45,278 - INFO - allennlp.common.params - trainer.learning_rate_scheduler = None
2019-02-10 19:08:45,278 - INFO - allennlp.common.params - trainer.optimizer = adam
2019-02-10 19:08:45,278 - INFO - allennlp.common.params - parameter_groups = None
2019-02-10 19:08:45,278 - INFO - allennlp.training.optimizers - Number of trainable parameters: 20856
2019-02-10 19:08:45,279 - INFO - allennlp.common.params - Converting Params object to dict; logging of default values will not occur when dictionary parameters are used subsequently.
2019-02-10 19:08:45,279 - INFO - allennlp.common.params - CURRENTLY DEFINED PARAMETERS: 
2019-02-10 19:08:45,279 - INFO - allennlp.common.params - trainer.num_serialized_models_to_keep = 20
2019-02-10 19:08:45,279 - INFO - allennlp.common.params - trainer.keep_serialized_model_every_num_seconds = None
2019-02-10 19:08:45,279 - INFO - allennlp.common.params - trainer.model_save_interval = None
2019-02-10 19:08:45,279 - INFO - allennlp.common.params - trainer.summary_interval = 100
2019-02-10 19:08:45,279 - INFO - allennlp.common.params - trainer.histogram_interval = None
2019-02-10 19:08:45,279 - INFO - allennlp.common.params - trainer.should_log_parameter_statistics = True
2019-02-10 19:08:45,279 - INFO - allennlp.common.params - trainer.should_log_learning_rate = False
2019-02-10 19:08:45,279 - INFO - allennlp.common.params - trainer.log_batch_size_period = None
2019-02-10 19:08:45,281 - INFO - allennlp.common.params - evaluate_on_test = False
2019-02-10 19:08:45,281 - INFO - allennlp.training.trainer - Beginning training.
2019-02-10 19:08:45,281 - INFO - allennlp.training.trainer - Epoch 0/39
2019-02-10 19:08:45,281 - INFO - allennlp.training.trainer - Peak CPU memory usage MB: 985.8048
2019-02-10 19:08:45,296 - INFO - allennlp.training.trainer - Training
2019-02-10 19:09:08,539 - INFO - allennlp.training.trainer - Validating
2019-02-10 19:09:11,614 - INFO - allennlp.training.trainer -                   Training |  Validation
2019-02-10 19:09:11,614 - INFO - allennlp.training.trainer - cpu_memory_MB |   985.805  |       N/A
2019-02-10 19:09:11,614 - INFO - allennlp.training.trainer - accuracy      |     0.630  |     0.698
2019-02-10 19:09:11,614 - INFO - allennlp.training.trainer - accuracy3     |     1.000  |     1.000
2019-02-10 19:09:11,615 - INFO - allennlp.training.trainer - loss          |     0.575  |     0.530
2019-02-10 19:09:11,618 - INFO - allennlp.training.trainer - Best validation performance so far. Copying weights to './model_params/best.th'.
2019-02-10 19:09:11,618 - INFO - allennlp.training.trainer - Epoch duration: 00:00:26
2019-02-10 19:09:11,618 - INFO - allennlp.training.trainer - Estimated training time remaining: 0:17:07
2019-02-10 19:09:11,618 - INFO - allennlp.training.trainer - Epoch 1/39
2019-02-10 19:09:11,618 - INFO - allennlp.training.trainer - Peak CPU memory usage MB: 985.8048
2019-02-10 19:09:11,627 - INFO - allennlp.training.trainer - Training
2019-02-10 19:09:34,283 - INFO - allennlp.training.trainer - Validating
2019-02-10 19:09:37,042 - INFO - allennlp.training.trainer -                   Training |  Validation
2019-02-10 19:09:37,042 - INFO - allennlp.training.trainer - cpu_memory_MB |   985.805  |       N/A
2019-02-10 19:09:37,042 - INFO - allennlp.training.trainer - accuracy      |     0.783  |     0.686
2019-02-10 19:09:37,043 - INFO - allennlp.training.trainer - accuracy3     |     1.000  |     1.000
2019-02-10 19:09:37,043 - INFO - allennlp.training.trainer - loss          |     0.436  |     0.514
2019-02-10 19:09:37,046 - INFO - allennlp.training.trainer - Best validation performance so far. Copying weights to './model_params/best.th'.
2019-02-10 19:09:37,047 - INFO - allennlp.training.trainer - Epoch duration: 00:00:25
2019-02-10 19:09:37,047 - INFO - allennlp.training.trainer - Estimated training time remaining: 0:16:23
2019-02-10 19:09:37,047 - INFO - allennlp.training.trainer - Epoch 2/39
2019-02-10 19:09:37,047 - INFO - allennlp.training.trainer - Peak CPU memory usage MB: 985.8048
2019-02-10 19:09:37,055 - INFO - allennlp.training.trainer - Training
2019-02-10 19:09:59,698 - INFO - allennlp.training.trainer - Validating
2019-02-10 19:10:02,500 - INFO - allennlp.training.trainer -                   Training |  Validation
2019-02-10 19:10:02,501 - INFO - allennlp.training.trainer - cpu_memory_MB |   985.805  |       N/A
2019-02-10 19:10:02,501 - INFO - allennlp.training.trainer - accuracy      |     0.789  |     0.689
2019-02-10 19:10:02,501 - INFO - allennlp.training.trainer - accuracy3     |     1.000  |     1.000
2019-02-10 19:10:02,501 - INFO - allennlp.training.trainer - loss          |     0.422  |     0.510
2019-02-10 19:10:02,504 - INFO - allennlp.training.trainer - Best validation performance so far. Copying weights to './model_params/best.th'.
2019-02-10 19:10:02,505 - INFO - allennlp.training.trainer - Epoch duration: 00:00:25
2019-02-10 19:10:02,505 - INFO - allennlp.training.trainer - Estimated training time remaining: 0:15:52
2019-02-10 19:10:02,505 - INFO - allennlp.training.trainer - Epoch 3/39
2019-02-10 19:10:02,506 - INFO - allennlp.training.trainer - Peak CPU memory usage MB: 985.8048
2019-02-10 19:10:02,514 - INFO - allennlp.training.trainer - Training
2019-02-10 19:10:25,650 - INFO - allennlp.training.trainer - Validating
2019-02-10 19:10:28,517 - INFO - allennlp.training.trainer -                   Training |  Validation
2019-02-10 19:10:28,518 - INFO - allennlp.training.trainer - cpu_memory_MB |   985.805  |       N/A
2019-02-10 19:10:28,518 - INFO - allennlp.training.trainer - accuracy      |     0.795  |     0.700
2019-02-10 19:10:28,518 - INFO - allennlp.training.trainer - accuracy3     |     1.000  |     1.000
2019-02-10 19:10:28,518 - INFO - allennlp.training.trainer - loss          |     0.415  |     0.503
2019-02-10 19:10:28,521 - INFO - allennlp.training.trainer - Best validation performance so far. Copying weights to './model_params/best.th'.
2019-02-10 19:10:28,521 - INFO - allennlp.training.trainer - Epoch duration: 00:00:26
2019-02-10 19:10:28,522 - INFO - allennlp.training.trainer - Estimated training time remaining: 0:15:29
2019-02-10 19:10:28,522 - INFO - allennlp.training.trainer - Epoch 4/39
2019-02-10 19:10:28,522 - INFO - allennlp.training.trainer - Peak CPU memory usage MB: 985.8048
2019-02-10 19:10:28,530 - INFO - allennlp.training.trainer - Training
2019-02-10 19:10:51,518 - INFO - allennlp.training.trainer - Validating
2019-02-10 19:10:54,326 - INFO - allennlp.training.trainer -                   Training |  Validation
2019-02-10 19:10:54,327 - INFO - allennlp.training.trainer - cpu_memory_MB |   985.805  |       N/A
2019-02-10 19:10:54,327 - INFO - allennlp.training.trainer - accuracy      |     0.793  |     0.654
2019-02-10 19:10:54,327 - INFO - allennlp.training.trainer - accuracy3     |     1.000  |     1.000
2019-02-10 19:10:54,327 - INFO - allennlp.training.trainer - loss          |     0.413  |     0.521
2019-02-10 19:10:54,335 - INFO - allennlp.training.trainer - Epoch duration: 00:00:25
2019-02-10 19:10:54,336 - INFO - allennlp.training.trainer - Estimated training time remaining: 0:15:03
2019-02-10 19:10:54,336 - INFO - allennlp.training.trainer - Epoch 5/39
2019-02-10 19:10:54,336 - INFO - allennlp.training.trainer - Peak CPU memory usage MB: 985.8048
2019-02-10 19:10:54,345 - INFO - allennlp.training.trainer - Training
2019-02-10 19:11:16,881 - INFO - allennlp.training.trainer - Validating
2019-02-10 19:11:19,654 - INFO - allennlp.training.trainer -                   Training |  Validation
2019-02-10 19:11:19,655 - INFO - allennlp.training.trainer - cpu_memory_MB |   985.805  |       N/A
2019-02-10 19:11:19,655 - INFO - allennlp.training.trainer - accuracy      |     0.794  |     0.723
2019-02-10 19:11:19,655 - INFO - allennlp.training.trainer - accuracy3     |     1.000  |     1.000
2019-02-10 19:11:19,655 - INFO - allennlp.training.trainer - loss          |     0.410  |     0.495
2019-02-10 19:11:19,659 - INFO - allennlp.training.trainer - Best validation performance so far. Copying weights to './model_params/best.th'.
2019-02-10 19:11:19,659 - INFO - allennlp.training.trainer - Epoch duration: 00:00:25
2019-02-10 19:11:19,659 - INFO - allennlp.training.trainer - Estimated training time remaining: 0:14:34
2019-02-10 19:11:19,659 - INFO - allennlp.training.trainer - Epoch 6/39
2019-02-10 19:11:19,659 - INFO - allennlp.training.trainer - Peak CPU memory usage MB: 985.8048
2019-02-10 19:11:19,667 - INFO - allennlp.training.trainer - Training
2019-02-10 19:11:42,242 - INFO - allennlp.training.trainer - Validating
2019-02-10 19:11:45,022 - INFO - allennlp.training.trainer -                   Training |  Validation
2019-02-10 19:11:45,022 - INFO - allennlp.training.trainer - cpu_memory_MB |   985.805  |       N/A
2019-02-10 19:11:45,022 - INFO - allennlp.training.trainer - accuracy      |     0.797  |     0.722
2019-02-10 19:11:45,022 - INFO - allennlp.training.trainer - accuracy3     |     1.000  |     1.000
2019-02-10 19:11:45,022 - INFO - allennlp.training.trainer - loss          |     0.407  |     0.496
2019-02-10 19:11:45,025 - INFO - allennlp.training.trainer - Epoch duration: 00:00:25
2019-02-10 19:11:45,026 - INFO - allennlp.training.trainer - Estimated training time remaining: 0:14:07
2019-02-10 19:11:45,026 - INFO - allennlp.training.trainer - Epoch 7/39
2019-02-10 19:11:45,026 - INFO - allennlp.training.trainer - Peak CPU memory usage MB: 985.8048
2019-02-10 19:11:45,034 - INFO - allennlp.training.trainer - Training
2019-02-10 19:12:07,455 - INFO - allennlp.training.trainer - Validating
2019-02-10 19:12:10,231 - INFO - allennlp.training.trainer -                   Training |  Validation
2019-02-10 19:12:10,231 - INFO - allennlp.training.trainer - cpu_memory_MB |   985.805  |       N/A
2019-02-10 19:12:10,231 - INFO - allennlp.training.trainer - accuracy      |     0.799  |     0.690
2019-02-10 19:12:10,231 - INFO - allennlp.training.trainer - accuracy3     |     1.000  |     1.000
2019-02-10 19:12:10,231 - INFO - allennlp.training.trainer - loss          |     0.405  |     0.502
2019-02-10 19:12:10,235 - INFO - allennlp.training.trainer - Epoch duration: 00:00:25
2019-02-10 19:12:10,235 - INFO - allennlp.training.trainer - Estimated training time remaining: 0:13:39
2019-02-10 19:12:10,235 - INFO - allennlp.training.trainer - Epoch 8/39
2019-02-10 19:12:10,235 - INFO - allennlp.training.trainer - Peak CPU memory usage MB: 985.8048
2019-02-10 19:12:10,243 - INFO - allennlp.training.trainer - Training
2019-02-10 19:12:32,896 - INFO - allennlp.training.trainer - Validating
2019-02-10 19:12:35,637 - INFO - allennlp.training.trainer -                   Training |  Validation
2019-02-10 19:12:35,637 - INFO - allennlp.training.trainer - cpu_memory_MB |   985.805  |       N/A
2019-02-10 19:12:35,637 - INFO - allennlp.training.trainer - accuracy      |     0.799  |     0.725
2019-02-10 19:12:35,637 - INFO - allennlp.training.trainer - accuracy3     |     1.000  |     1.000
2019-02-10 19:12:35,638 - INFO - allennlp.training.trainer - loss          |     0.404  |     0.493
2019-02-10 19:12:35,641 - INFO - allennlp.training.trainer - Best validation performance so far. Copying weights to './model_params/best.th'.
2019-02-10 19:12:35,642 - INFO - allennlp.training.trainer - Epoch duration: 00:00:25
2019-02-10 19:12:35,642 - INFO - allennlp.training.trainer - Estimated training time remaining: 0:13:13
2019-02-10 19:12:35,642 - INFO - allennlp.training.trainer - Epoch 9/39
2019-02-10 19:12:35,642 - INFO - allennlp.training.trainer - Peak CPU memory usage MB: 985.8048
2019-02-10 19:12:35,650 - INFO - allennlp.training.trainer - Training
2019-02-10 19:12:57,895 - INFO - allennlp.training.trainer - Validating
2019-02-10 19:13:00,671 - INFO - allennlp.training.trainer -                   Training |  Validation
2019-02-10 19:13:00,671 - INFO - allennlp.training.trainer - cpu_memory_MB |   985.805  |       N/A
2019-02-10 19:13:00,671 - INFO - allennlp.training.trainer - accuracy      |     0.800  |     0.753
2019-02-10 19:13:00,672 - INFO - allennlp.training.trainer - accuracy3     |     1.000  |     1.000
2019-02-10 19:13:00,672 - INFO - allennlp.training.trainer - loss          |     0.402  |     0.483
2019-02-10 19:13:00,675 - INFO - allennlp.training.trainer - Best validation performance so far. Copying weights to './model_params/best.th'.
2019-02-10 19:13:00,676 - INFO - allennlp.training.trainer - Epoch duration: 00:00:25
2019-02-10 19:13:00,676 - INFO - allennlp.training.trainer - Estimated training time remaining: 0:12:46
2019-02-10 19:13:00,676 - INFO - allennlp.training.trainer - Epoch 10/39
2019-02-10 19:13:00,676 - INFO - allennlp.training.trainer - Peak CPU memory usage MB: 985.8048
2019-02-10 19:13:00,684 - INFO - allennlp.training.trainer - Training
2019-02-10 19:13:22,832 - INFO - allennlp.training.trainer - Validating
2019-02-10 19:13:25,586 - INFO - allennlp.training.trainer -                   Training |  Validation
2019-02-10 19:13:25,586 - INFO - allennlp.training.trainer - cpu_memory_MB |   985.805  |       N/A
2019-02-10 19:13:25,587 - INFO - allennlp.training.trainer - accuracy      |     0.800  |     0.735
2019-02-10 19:13:25,587 - INFO - allennlp.training.trainer - accuracy3     |     1.000  |     1.000
2019-02-10 19:13:25,587 - INFO - allennlp.training.trainer - loss          |     0.401  |     0.488
2019-02-10 19:13:25,590 - INFO - allennlp.training.trainer - Epoch duration: 00:00:24
2019-02-10 19:13:25,590 - INFO - allennlp.training.trainer - Estimated training time remaining: 0:12:18
2019-02-10 19:13:25,590 - INFO - allennlp.training.trainer - Epoch 11/39
2019-02-10 19:13:25,590 - INFO - allennlp.training.trainer - Peak CPU memory usage MB: 985.8048
2019-02-10 19:13:25,598 - INFO - allennlp.training.trainer - Training
2019-02-10 19:13:47,955 - INFO - allennlp.training.trainer - Validating
2019-02-10 19:13:50,716 - INFO - allennlp.training.trainer -                   Training |  Validation
2019-02-10 19:13:50,716 - INFO - allennlp.training.trainer - cpu_memory_MB |   985.805  |       N/A
2019-02-10 19:13:50,716 - INFO - allennlp.training.trainer - accuracy      |     0.801  |     0.692
2019-02-10 19:13:50,716 - INFO - allennlp.training.trainer - accuracy3     |     1.000  |     1.000
2019-02-10 19:13:50,717 - INFO - allennlp.training.trainer - loss          |     0.399  |     0.502
2019-02-10 19:13:50,720 - INFO - allennlp.training.trainer - Epoch duration: 00:00:25
2019-02-10 19:13:50,720 - INFO - allennlp.training.trainer - Estimated training time remaining: 0:11:52
2019-02-10 19:13:50,720 - INFO - allennlp.training.trainer - Epoch 12/39
2019-02-10 19:13:50,720 - INFO - allennlp.training.trainer - Peak CPU memory usage MB: 985.8048
2019-02-10 19:13:50,727 - INFO - allennlp.training.trainer - Training
2019-02-10 19:14:13,143 - INFO - allennlp.training.trainer - Validating
2019-02-10 19:14:15,892 - INFO - allennlp.training.trainer -                   Training |  Validation
2019-02-10 19:14:15,892 - INFO - allennlp.training.trainer - cpu_memory_MB |   985.805  |       N/A
2019-02-10 19:14:15,892 - INFO - allennlp.training.trainer - accuracy      |     0.803  |     0.739
2019-02-10 19:14:15,892 - INFO - allennlp.training.trainer - accuracy3     |     1.000  |     1.000
2019-02-10 19:14:15,892 - INFO - allennlp.training.trainer - loss          |     0.399  |     0.487
2019-02-10 19:14:15,896 - INFO - allennlp.training.trainer - Epoch duration: 00:00:25
2019-02-10 19:14:15,896 - INFO - allennlp.training.trainer - Estimated training time remaining: 0:11:26
2019-02-10 19:14:15,896 - INFO - allennlp.training.trainer - Epoch 13/39
2019-02-10 19:14:15,896 - INFO - allennlp.training.trainer - Peak CPU memory usage MB: 985.8048
2019-02-10 19:14:15,903 - INFO - allennlp.training.trainer - Training
2019-02-10 19:14:38,198 - INFO - allennlp.training.trainer - Validating
2019-02-10 19:14:41,113 - INFO - allennlp.training.trainer -                   Training |  Validation
2019-02-10 19:14:41,113 - INFO - allennlp.training.trainer - cpu_memory_MB |   985.805  |       N/A
2019-02-10 19:14:41,113 - INFO - allennlp.training.trainer - accuracy      |     0.804  |     0.708
2019-02-10 19:14:41,113 - INFO - allennlp.training.trainer - accuracy3     |     1.000  |     1.000
2019-02-10 19:14:41,113 - INFO - allennlp.training.trainer - loss          |     0.398  |     0.492
2019-02-10 19:14:41,117 - INFO - allennlp.training.trainer - Epoch duration: 00:00:25
2019-02-10 19:14:41,117 - INFO - allennlp.training.trainer - Estimated training time remaining: 0:11:00
2019-02-10 19:14:41,117 - INFO - allennlp.training.trainer - Epoch 14/39
2019-02-10 19:14:41,117 - INFO - allennlp.training.trainer - Peak CPU memory usage MB: 985.8048
2019-02-10 19:14:41,124 - INFO - allennlp.training.trainer - Training
2019-02-10 19:15:04,654 - INFO - allennlp.training.trainer - Validating
2019-02-10 19:15:07,368 - INFO - allennlp.training.trainer - Ran out of patience.  Stopping training.
2019-02-10 19:15:07,368 - INFO - allennlp.models.archival - archiving weights and vocabulary to ./model_params/model.tar.gz
2019-02-10 19:15:07,376 - INFO - allennlp.commands.train - Loading the best epoch weights.
2019-02-10 19:15:07,378 - INFO - allennlp.common.util - Metrics: {
  "peak_cpu_memory_MB": 985.8048,
  "training_duration": "00:05:55",
  "training_start_epoch": 0,
  "training_epochs": 13,
  "epoch": 13,
  "training_accuracy": 0.8037716030022495,
  "training_accuracy3": 1.0,
  "training_loss": 0.39760238401915715,
  "training_cpu_memory_MB": 985.8048,
  "validation_accuracy": 0.7080929310463399,
  "validation_accuracy3": 1.0,
  "validation_loss": 0.4924975694442282,
  "best_epoch": 9,
  "best_validation_accuracy": 0.7534118746279841,
  "best_validation_accuracy3": 1.0,
  "best_validation_loss": 0.4829291953724258
}
Token batch process time:
36.767043113708496
Token batch process time:
19.86792492866516
