2019-02-11 13:37:42,610 - INFO - allennlp.common.from_params - instantiating class <class 'allennlp.data.dataset_readers.dataset_reader.DatasetReader'> from params {'mytokenizer': {'type': 'word', 'word_splitter': {'ner': True, 'parse': True, 'pos_tags': True, 'type': 'whitespacy'}}, 'token_indexers': {'dependency_label': {'namespace': 'dependencies', 'type': 'dependency_label'}, 'ner_tag': {'namespace': 'ner', 'type': 'ner_tag'}, 'pos_tag': {'coarse_tags': True, 'namespace': 'pos', 'type': 'pos_tag'}}, 'type': 'sequence_tagging2', 'word_tag_delimiter': '//'} and extras {}
2019-02-11 13:37:42,611 - INFO - allennlp.common.params - dataset_reader.type = sequence_tagging2
2019-02-11 13:37:42,611 - INFO - allennlp.common.from_params - instantiating class <class 'myallennlp.dataset_readers.sequence_tagging2.SequenceTaggingDatasetReader'> from params {'mytokenizer': {'type': 'word', 'word_splitter': {'ner': True, 'parse': True, 'pos_tags': True, 'type': 'whitespacy'}}, 'token_indexers': {'dependency_label': {'namespace': 'dependencies', 'type': 'dependency_label'}, 'ner_tag': {'namespace': 'ner', 'type': 'ner_tag'}, 'pos_tag': {'coarse_tags': True, 'namespace': 'pos', 'type': 'pos_tag'}}, 'word_tag_delimiter': '//'} and extras {}
2019-02-11 13:37:42,611 - INFO - allennlp.common.params - dataset_reader.word_tag_delimiter = //
2019-02-11 13:37:42,611 - INFO - allennlp.common.params - dataset_reader.token_delimiter = None
2019-02-11 13:37:42,611 - INFO - allennlp.common.from_params - instantiating class allennlp.data.token_indexers.token_indexer.TokenIndexer from params {'namespace': 'dependencies', 'type': 'dependency_label'} and extras {}
2019-02-11 13:37:42,612 - INFO - allennlp.common.params - dataset_reader.token_indexers.dependency_label.type = dependency_label
2019-02-11 13:37:42,612 - INFO - allennlp.common.from_params - instantiating class allennlp.data.token_indexers.dep_label_indexer.DepLabelIndexer from params {'namespace': 'dependencies'} and extras {}
2019-02-11 13:37:42,612 - INFO - allennlp.common.params - dataset_reader.token_indexers.dependency_label.namespace = dependencies
2019-02-11 13:37:42,612 - INFO - allennlp.common.from_params - instantiating class allennlp.data.token_indexers.token_indexer.TokenIndexer from params {'namespace': 'ner', 'type': 'ner_tag'} and extras {}
2019-02-11 13:37:42,612 - INFO - allennlp.common.params - dataset_reader.token_indexers.ner_tag.type = ner_tag
2019-02-11 13:37:42,613 - INFO - allennlp.common.from_params - instantiating class allennlp.data.token_indexers.ner_tag_indexer.NerTagIndexer from params {'namespace': 'ner'} and extras {}
2019-02-11 13:37:42,613 - INFO - allennlp.common.params - dataset_reader.token_indexers.ner_tag.namespace = ner
2019-02-11 13:37:42,613 - INFO - allennlp.common.from_params - instantiating class allennlp.data.token_indexers.token_indexer.TokenIndexer from params {'coarse_tags': True, 'namespace': 'pos', 'type': 'pos_tag'} and extras {}
2019-02-11 13:37:42,613 - INFO - allennlp.common.params - dataset_reader.token_indexers.pos_tag.type = pos_tag
2019-02-11 13:37:42,613 - INFO - allennlp.common.from_params - instantiating class allennlp.data.token_indexers.pos_tag_indexer.PosTagIndexer from params {'coarse_tags': True, 'namespace': 'pos'} and extras {}
2019-02-11 13:37:42,613 - INFO - allennlp.common.params - dataset_reader.token_indexers.pos_tag.namespace = pos
2019-02-11 13:37:42,614 - INFO - allennlp.common.params - dataset_reader.token_indexers.pos_tag.coarse_tags = True
2019-02-11 13:37:42,614 - INFO - allennlp.common.params - dataset_reader.lazy = False
2019-02-11 13:37:42,614 - INFO - allennlp.common.from_params - instantiating class <class 'allennlp.data.tokenizers.tokenizer.Tokenizer'> from params {'type': 'word', 'word_splitter': {'ner': True, 'parse': True, 'pos_tags': True, 'type': 'whitespacy'}} and extras {}
2019-02-11 13:37:42,614 - INFO - allennlp.common.params - dataset_reader.mytokenizer.type = word
2019-02-11 13:37:42,614 - INFO - allennlp.common.from_params - instantiating class <class 'allennlp.data.tokenizers.word_tokenizer.WordTokenizer'> from params {'word_splitter': {'ner': True, 'parse': True, 'pos_tags': True, 'type': 'whitespacy'}} and extras {}
2019-02-11 13:37:42,615 - INFO - allennlp.common.from_params - instantiating class <class 'allennlp.data.tokenizers.word_splitter.WordSplitter'> from params {'ner': True, 'parse': True, 'pos_tags': True, 'type': 'whitespacy'} and extras {}
2019-02-11 13:37:42,615 - INFO - allennlp.common.params - dataset_reader.mytokenizer.word_splitter.type = whitespacy
2019-02-11 13:37:42,615 - INFO - allennlp.common.from_params - instantiating class <class 'myallennlp.data.tokenizers.word_splitter.SpacyWordSplitter'> from params {'ner': True, 'parse': True, 'pos_tags': True} and extras {}
2019-02-11 13:37:42,615 - INFO - allennlp.common.params - dataset_reader.mytokenizer.word_splitter.language = en_core_web_sm
2019-02-11 13:37:42,616 - INFO - allennlp.common.params - dataset_reader.mytokenizer.word_splitter.pos_tags = True
2019-02-11 13:37:42,616 - INFO - allennlp.common.params - dataset_reader.mytokenizer.word_splitter.parse = True
2019-02-11 13:37:42,616 - INFO - allennlp.common.params - dataset_reader.mytokenizer.word_splitter.ner = True
2019-02-11 13:37:43,374 - INFO - allennlp.common.params - dataset_reader.mytokenizer.start_tokens = None
2019-02-11 13:37:43,374 - INFO - allennlp.common.params - dataset_reader.mytokenizer.end_tokens = None
2019-02-11 13:37:43,374 - INFO - allennlp.common.params - dataset_reader.use_spacy_directly = False
2019-02-11 13:37:43,374 - INFO - allennlp.common.params - validation_dataset_reader = None
2019-02-11 13:37:43,374 - INFO - allennlp.common.params - train_data_path = ../data/allenTrain.txt
2019-02-11 13:37:43,374 - INFO - allennlp.commands.train - Reading training data from ../data/allenTrain.txt
2019-02-11 13:37:43,375 - INFO - myallennlp.dataset_readers.sequence_tagging2 - Reading instances from lines in file at: ../data/allenTrain.txt
2019-02-11 13:39:07,163 - INFO - allennlp.common.params - validation_data_path = ../data/allenDev.txt
2019-02-11 13:39:07,163 - INFO - allennlp.commands.train - Reading validation data from ../data/allenDev.txt
2019-02-11 13:39:07,163 - INFO - myallennlp.dataset_readers.sequence_tagging2 - Reading instances from lines in file at: ../data/allenDev.txt
2019-02-11 13:39:41,071 - INFO - allennlp.common.params - test_data_path = None
2019-02-11 13:39:41,071 - INFO - allennlp.commands.train - From dataset instances, train, validation will be considered for vocabulary creation.
2019-02-11 13:39:41,072 - INFO - allennlp.common.params - vocabulary.type = None
2019-02-11 13:39:41,072 - INFO - allennlp.common.params - vocabulary.extend = False
2019-02-11 13:39:41,072 - INFO - allennlp.common.params - vocabulary.directory_path = None
2019-02-11 13:39:41,073 - INFO - allennlp.common.params - vocabulary.min_count = None
2019-02-11 13:39:41,073 - INFO - allennlp.common.params - vocabulary.max_vocab_size = None
2019-02-11 13:39:41,074 - INFO - allennlp.common.params - vocabulary.non_padded_namespaces = ('*tags', '*labels')
2019-02-11 13:39:41,074 - INFO - allennlp.common.params - vocabulary.min_pretrained_embeddings = None
2019-02-11 13:39:41,074 - INFO - allennlp.common.params - vocabulary.only_include_pretrained_words = False
2019-02-11 13:39:41,075 - INFO - allennlp.common.params - vocabulary.tokens_to_add = None
2019-02-11 13:39:41,075 - INFO - allennlp.data.vocabulary - Fitting token dictionary from dataset.
2019-02-11 13:39:42,085 - INFO - allennlp.common.from_params - instantiating class <class 'allennlp.models.model.Model'> from params {'Ntags0': 90, 'Ntags1': 10, 'do_crossentropy_weighting': True, 'encoder': {'input_dim': 54, 'type': 'pass_through'}, 'text_field_embedder': {'token_embedders': {'dependency_label': {'embedding_dim': 20, 'type': 'embedding', 'vocab_namespace': 'dependencies'}, 'ner_tag': {'embedding_dim': 19, 'type': 'embedding', 'vocab_namespace': 'ner'}, 'pos_tag': {'embedding_dim': 15, 'type': 'embedding', 'vocab_namespace': 'pos'}}}, 'type': 'simple_tagger2'} and extras {'vocab': Vocabulary with namespaces:  dependencies, Size: 47 || ner, Size: 21 || pos, Size: 17 || labels, Size: 2 || Non Padded Namespaces: {'*labels', '*tags'}}
2019-02-11 13:39:42,085 - INFO - allennlp.common.params - model.type = simple_tagger2
2019-02-11 13:39:42,086 - INFO - allennlp.common.from_params - instantiating class <class 'myallennlp.models.simple_tagger2.SimpleTagger2'> from params {'Ntags0': 90, 'Ntags1': 10, 'do_crossentropy_weighting': True, 'encoder': {'input_dim': 54, 'type': 'pass_through'}, 'text_field_embedder': {'token_embedders': {'dependency_label': {'embedding_dim': 20, 'type': 'embedding', 'vocab_namespace': 'dependencies'}, 'ner_tag': {'embedding_dim': 19, 'type': 'embedding', 'vocab_namespace': 'ner'}, 'pos_tag': {'embedding_dim': 15, 'type': 'embedding', 'vocab_namespace': 'pos'}}}} and extras {'vocab': Vocabulary with namespaces:  dependencies, Size: 47 || ner, Size: 21 || pos, Size: 17 || labels, Size: 2 || Non Padded Namespaces: {'*labels', '*tags'}}
2019-02-11 13:39:42,086 - INFO - allennlp.common.from_params - instantiating class <class 'allennlp.modules.text_field_embedders.text_field_embedder.TextFieldEmbedder'> from params {'token_embedders': {'dependency_label': {'embedding_dim': 20, 'type': 'embedding', 'vocab_namespace': 'dependencies'}, 'ner_tag': {'embedding_dim': 19, 'type': 'embedding', 'vocab_namespace': 'ner'}, 'pos_tag': {'embedding_dim': 15, 'type': 'embedding', 'vocab_namespace': 'pos'}}} and extras {'vocab': Vocabulary with namespaces:  dependencies, Size: 47 || ner, Size: 21 || pos, Size: 17 || labels, Size: 2 || Non Padded Namespaces: {'*labels', '*tags'}}
2019-02-11 13:39:42,086 - INFO - allennlp.common.params - model.text_field_embedder.type = basic
2019-02-11 13:39:42,086 - INFO - allennlp.common.params - model.text_field_embedder.embedder_to_indexer_map = None
2019-02-11 13:39:42,087 - INFO - allennlp.common.params - model.text_field_embedder.allow_unmatched_keys = False
2019-02-11 13:39:42,087 - INFO - allennlp.common.from_params - instantiating class <class 'allennlp.modules.token_embedders.token_embedder.TokenEmbedder'> from params {'embedding_dim': 20, 'type': 'embedding', 'vocab_namespace': 'dependencies'} and extras {'vocab': Vocabulary with namespaces:  dependencies, Size: 47 || ner, Size: 21 || pos, Size: 17 || labels, Size: 2 || Non Padded Namespaces: {'*labels', '*tags'}}
2019-02-11 13:39:42,087 - INFO - allennlp.common.params - model.text_field_embedder.token_embedders.dependency_label.type = embedding
2019-02-11 13:39:42,087 - INFO - allennlp.common.params - model.text_field_embedder.token_embedders.dependency_label.num_embeddings = None
2019-02-11 13:39:42,087 - INFO - allennlp.common.params - model.text_field_embedder.token_embedders.dependency_label.vocab_namespace = dependencies
2019-02-11 13:39:42,088 - INFO - allennlp.common.params - model.text_field_embedder.token_embedders.dependency_label.embedding_dim = 20
2019-02-11 13:39:42,088 - INFO - allennlp.common.params - model.text_field_embedder.token_embedders.dependency_label.pretrained_file = None
2019-02-11 13:39:42,088 - INFO - allennlp.common.params - model.text_field_embedder.token_embedders.dependency_label.projection_dim = None
2019-02-11 13:39:42,088 - INFO - allennlp.common.params - model.text_field_embedder.token_embedders.dependency_label.trainable = True
2019-02-11 13:39:42,088 - INFO - allennlp.common.params - model.text_field_embedder.token_embedders.dependency_label.padding_index = None
2019-02-11 13:39:42,088 - INFO - allennlp.common.params - model.text_field_embedder.token_embedders.dependency_label.max_norm = None
2019-02-11 13:39:42,088 - INFO - allennlp.common.params - model.text_field_embedder.token_embedders.dependency_label.norm_type = 2.0
2019-02-11 13:39:42,088 - INFO - allennlp.common.params - model.text_field_embedder.token_embedders.dependency_label.scale_grad_by_freq = False
2019-02-11 13:39:42,089 - INFO - allennlp.common.params - model.text_field_embedder.token_embedders.dependency_label.sparse = False
2019-02-11 13:39:42,090 - INFO - allennlp.common.from_params - instantiating class <class 'allennlp.modules.token_embedders.token_embedder.TokenEmbedder'> from params {'embedding_dim': 19, 'type': 'embedding', 'vocab_namespace': 'ner'} and extras {'vocab': Vocabulary with namespaces:  dependencies, Size: 47 || ner, Size: 21 || pos, Size: 17 || labels, Size: 2 || Non Padded Namespaces: {'*labels', '*tags'}}
2019-02-11 13:39:42,090 - INFO - allennlp.common.params - model.text_field_embedder.token_embedders.ner_tag.type = embedding
2019-02-11 13:39:42,090 - INFO - allennlp.common.params - model.text_field_embedder.token_embedders.ner_tag.num_embeddings = None
2019-02-11 13:39:42,090 - INFO - allennlp.common.params - model.text_field_embedder.token_embedders.ner_tag.vocab_namespace = ner
2019-02-11 13:39:42,090 - INFO - allennlp.common.params - model.text_field_embedder.token_embedders.ner_tag.embedding_dim = 19
2019-02-11 13:39:42,090 - INFO - allennlp.common.params - model.text_field_embedder.token_embedders.ner_tag.pretrained_file = None
2019-02-11 13:39:42,090 - INFO - allennlp.common.params - model.text_field_embedder.token_embedders.ner_tag.projection_dim = None
2019-02-11 13:39:42,090 - INFO - allennlp.common.params - model.text_field_embedder.token_embedders.ner_tag.trainable = True
2019-02-11 13:39:42,091 - INFO - allennlp.common.params - model.text_field_embedder.token_embedders.ner_tag.padding_index = None
2019-02-11 13:39:42,091 - INFO - allennlp.common.params - model.text_field_embedder.token_embedders.ner_tag.max_norm = None
2019-02-11 13:39:42,091 - INFO - allennlp.common.params - model.text_field_embedder.token_embedders.ner_tag.norm_type = 2.0
2019-02-11 13:39:42,091 - INFO - allennlp.common.params - model.text_field_embedder.token_embedders.ner_tag.scale_grad_by_freq = False
2019-02-11 13:39:42,091 - INFO - allennlp.common.params - model.text_field_embedder.token_embedders.ner_tag.sparse = False
2019-02-11 13:39:42,091 - INFO - allennlp.common.from_params - instantiating class <class 'allennlp.modules.token_embedders.token_embedder.TokenEmbedder'> from params {'embedding_dim': 15, 'type': 'embedding', 'vocab_namespace': 'pos'} and extras {'vocab': Vocabulary with namespaces:  dependencies, Size: 47 || ner, Size: 21 || pos, Size: 17 || labels, Size: 2 || Non Padded Namespaces: {'*labels', '*tags'}}
2019-02-11 13:39:42,091 - INFO - allennlp.common.params - model.text_field_embedder.token_embedders.pos_tag.type = embedding
2019-02-11 13:39:42,092 - INFO - allennlp.common.params - model.text_field_embedder.token_embedders.pos_tag.num_embeddings = None
2019-02-11 13:39:42,092 - INFO - allennlp.common.params - model.text_field_embedder.token_embedders.pos_tag.vocab_namespace = pos
2019-02-11 13:39:42,092 - INFO - allennlp.common.params - model.text_field_embedder.token_embedders.pos_tag.embedding_dim = 15
2019-02-11 13:39:42,092 - INFO - allennlp.common.params - model.text_field_embedder.token_embedders.pos_tag.pretrained_file = None
2019-02-11 13:39:42,092 - INFO - allennlp.common.params - model.text_field_embedder.token_embedders.pos_tag.projection_dim = None
2019-02-11 13:39:42,092 - INFO - allennlp.common.params - model.text_field_embedder.token_embedders.pos_tag.trainable = True
2019-02-11 13:39:42,092 - INFO - allennlp.common.params - model.text_field_embedder.token_embedders.pos_tag.padding_index = None
2019-02-11 13:39:42,092 - INFO - allennlp.common.params - model.text_field_embedder.token_embedders.pos_tag.max_norm = None
2019-02-11 13:39:42,092 - INFO - allennlp.common.params - model.text_field_embedder.token_embedders.pos_tag.norm_type = 2.0
2019-02-11 13:39:42,093 - INFO - allennlp.common.params - model.text_field_embedder.token_embedders.pos_tag.scale_grad_by_freq = False
2019-02-11 13:39:42,093 - INFO - allennlp.common.params - model.text_field_embedder.token_embedders.pos_tag.sparse = False
2019-02-11 13:39:42,098 - INFO - allennlp.common.from_params - instantiating class <class 'allennlp.modules.seq2seq_encoders.seq2seq_encoder.Seq2SeqEncoder'> from params {'input_dim': 54, 'type': 'pass_through'} and extras {'vocab': Vocabulary with namespaces:  dependencies, Size: 47 || ner, Size: 21 || pos, Size: 17 || labels, Size: 2 || Non Padded Namespaces: {'*labels', '*tags'}}
2019-02-11 13:39:42,098 - INFO - allennlp.common.params - model.encoder.type = pass_through
2019-02-11 13:39:42,099 - INFO - allennlp.common.from_params - instantiating class <class 'allennlp.modules.seq2seq_encoders.pass_through_encoder.PassThroughEncoder'> from params {'input_dim': 54} and extras {'vocab': Vocabulary with namespaces:  dependencies, Size: 47 || ner, Size: 21 || pos, Size: 17 || labels, Size: 2 || Non Padded Namespaces: {'*labels', '*tags'}}
2019-02-11 13:39:42,099 - INFO - allennlp.common.params - model.encoder.input_dim = 54
2019-02-11 13:39:42,099 - INFO - allennlp.common.params - model.do_crossentropy_weighting = True
2019-02-11 13:39:42,099 - INFO - allennlp.common.params - model.Ntags0 = 90
2019-02-11 13:39:42,100 - INFO - allennlp.common.params - model.Ntags1 = 10
2019-02-11 13:39:42,100 - INFO - allennlp.nn.initializers - Initializing parameters
2019-02-11 13:39:42,100 - INFO - allennlp.nn.initializers - Done initializing parameters; the following parameters are using their default initialization from their code
2019-02-11 13:39:42,101 - INFO - allennlp.nn.initializers -    tag_projection_layer._module.bias
2019-02-11 13:39:42,101 - INFO - allennlp.nn.initializers -    tag_projection_layer._module.weight
2019-02-11 13:39:42,101 - INFO - allennlp.nn.initializers -    text_field_embedder.token_embedder_dependency_label.weight
2019-02-11 13:39:42,101 - INFO - allennlp.nn.initializers -    text_field_embedder.token_embedder_ner_tag.weight
2019-02-11 13:39:42,101 - INFO - allennlp.nn.initializers -    text_field_embedder.token_embedder_pos_tag.weight
2019-02-11 13:39:42,103 - INFO - allennlp.common.from_params - instantiating class <class 'allennlp.data.iterators.data_iterator.DataIterator'> from params {'batch_size': 32, 'type': 'basic'} and extras {}
2019-02-11 13:39:42,103 - INFO - allennlp.common.params - iterator.type = basic
2019-02-11 13:39:42,108 - INFO - allennlp.common.from_params - instantiating class <class 'allennlp.data.iterators.basic_iterator.BasicIterator'> from params {'batch_size': 32} and extras {}
2019-02-11 13:39:42,108 - INFO - allennlp.common.params - iterator.batch_size = 32
2019-02-11 13:39:42,108 - INFO - allennlp.common.params - iterator.instances_per_epoch = None
2019-02-11 13:39:42,109 - INFO - allennlp.common.params - iterator.max_instances_in_memory = None
2019-02-11 13:39:42,109 - INFO - allennlp.common.params - iterator.cache_instances = False
2019-02-11 13:39:42,109 - INFO - allennlp.common.params - iterator.track_epoch = False
2019-02-11 13:39:42,109 - INFO - allennlp.common.params - iterator.maximum_samples_per_batch = None
2019-02-11 13:39:42,109 - INFO - allennlp.common.params - validation_iterator = None
2019-02-11 13:39:42,110 - INFO - allennlp.common.params - trainer.no_grad = ()
2019-02-11 13:39:42,110 - INFO - allennlp.commands.train - Following parameters are Frozen  (without gradient):
2019-02-11 13:39:42,110 - INFO - allennlp.commands.train - Following parameters are Tunable (with gradient):
2019-02-11 13:39:42,110 - INFO - allennlp.commands.train - text_field_embedder.token_embedder_dependency_label.weight
2019-02-11 13:39:42,110 - INFO - allennlp.commands.train - text_field_embedder.token_embedder_ner_tag.weight
2019-02-11 13:39:42,110 - INFO - allennlp.commands.train - text_field_embedder.token_embedder_pos_tag.weight
2019-02-11 13:39:42,111 - INFO - allennlp.commands.train - tag_projection_layer._module.weight
2019-02-11 13:39:42,111 - INFO - allennlp.commands.train - tag_projection_layer._module.bias
2019-02-11 13:39:42,111 - INFO - allennlp.common.params - trainer.type = default
2019-02-11 13:39:42,111 - INFO - allennlp.common.params - trainer.patience = 5
2019-02-11 13:39:42,111 - INFO - allennlp.common.params - trainer.validation_metric = -loss
2019-02-11 13:39:42,111 - INFO - allennlp.common.params - trainer.shuffle = True
2019-02-11 13:39:42,112 - INFO - allennlp.common.params - trainer.num_epochs = 40
2019-02-11 13:39:42,112 - INFO - allennlp.common.params - trainer.cuda_device = 0
2019-02-11 13:39:42,112 - INFO - allennlp.common.params - trainer.grad_norm = None
2019-02-11 13:39:42,112 - INFO - allennlp.common.params - trainer.grad_clipping = None
2019-02-11 13:39:42,112 - INFO - allennlp.common.params - trainer.learning_rate_scheduler = None
2019-02-11 13:39:46,248 - INFO - allennlp.common.params - trainer.optimizer = adam
2019-02-11 13:39:46,249 - INFO - allennlp.common.params - parameter_groups = None
2019-02-11 13:39:46,249 - INFO - allennlp.training.optimizers - Number of trainable parameters: 1704
2019-02-11 13:39:46,250 - INFO - allennlp.common.params - Converting Params object to dict; logging of default values will not occur when dictionary parameters are used subsequently.
2019-02-11 13:39:46,250 - INFO - allennlp.common.params - CURRENTLY DEFINED PARAMETERS: 
2019-02-11 13:39:46,250 - INFO - allennlp.common.params - trainer.num_serialized_models_to_keep = 20
2019-02-11 13:39:46,250 - INFO - allennlp.common.params - trainer.keep_serialized_model_every_num_seconds = None
2019-02-11 13:39:46,250 - INFO - allennlp.common.params - trainer.model_save_interval = None
2019-02-11 13:39:46,251 - INFO - allennlp.common.params - trainer.summary_interval = 100
2019-02-11 13:39:46,251 - INFO - allennlp.common.params - trainer.histogram_interval = None
2019-02-11 13:39:46,251 - INFO - allennlp.common.params - trainer.should_log_parameter_statistics = True
2019-02-11 13:39:46,251 - INFO - allennlp.common.params - trainer.should_log_learning_rate = False
2019-02-11 13:39:46,251 - INFO - allennlp.common.params - trainer.log_batch_size_period = None
2019-02-11 13:39:46,253 - INFO - allennlp.common.params - evaluate_on_test = False
2019-02-11 13:39:46,254 - INFO - allennlp.training.trainer - Beginning training.
2019-02-11 13:39:46,254 - INFO - allennlp.training.trainer - Epoch 0/39
2019-02-11 13:39:46,254 - INFO - allennlp.training.trainer - Peak CPU memory usage MB: 2610.504
2019-02-11 13:39:46,370 - INFO - allennlp.training.trainer - GPU 0 memory usage MB: 319
2019-02-11 13:39:46,371 - INFO - allennlp.training.trainer - Training
2019-02-11 13:39:53,481 - INFO - allennlp.training.trainer - Validating
2019-02-11 13:39:55,873 - INFO - allennlp.training.trainer -                     Training |  Validation
2019-02-11 13:39:55,874 - INFO - allennlp.training.trainer - accuracy3       |     1.000  |     1.000
2019-02-11 13:39:55,874 - INFO - allennlp.training.trainer - cpu_memory_MB   |  2610.504  |       N/A
2019-02-11 13:39:55,874 - INFO - allennlp.training.trainer - loss            |     0.511  |     0.496
2019-02-11 13:39:55,875 - INFO - allennlp.training.trainer - accuracy        |     0.778  |     0.875
2019-02-11 13:39:55,875 - INFO - allennlp.training.trainer - gpu_0_memory_MB |   319.000  |       N/A
2019-02-11 13:39:55,877 - INFO - allennlp.training.trainer - Best validation performance so far. Copying weights to './model_params/best.th'.
2019-02-11 13:39:55,878 - INFO - allennlp.training.trainer - Epoch duration: 00:00:09
2019-02-11 13:39:55,878 - INFO - allennlp.training.trainer - Estimated training time remaining: 0:06:15
2019-02-11 13:39:55,878 - INFO - allennlp.training.trainer - Epoch 1/39
2019-02-11 13:39:55,878 - INFO - allennlp.training.trainer - Peak CPU memory usage MB: 2641.204
2019-02-11 13:39:55,970 - INFO - allennlp.training.trainer - GPU 0 memory usage MB: 323
2019-02-11 13:39:55,970 - INFO - allennlp.training.trainer - Training
2019-02-11 13:40:00,967 - INFO - allennlp.training.trainer - Validating
2019-02-11 13:40:02,511 - INFO - allennlp.training.trainer -                     Training |  Validation
2019-02-11 13:40:02,512 - INFO - allennlp.training.trainer - accuracy3       |     1.000  |     1.000
2019-02-11 13:40:02,512 - INFO - allennlp.training.trainer - cpu_memory_MB   |  2641.204  |       N/A
2019-02-11 13:40:02,512 - INFO - allennlp.training.trainer - loss            |     0.393  |     0.480
2019-02-11 13:40:02,512 - INFO - allennlp.training.trainer - accuracy        |     0.871  |     0.876
2019-02-11 13:40:02,512 - INFO - allennlp.training.trainer - gpu_0_memory_MB |   323.000  |       N/A
2019-02-11 13:40:02,515 - INFO - allennlp.training.trainer - Best validation performance so far. Copying weights to './model_params/best.th'.
2019-02-11 13:40:02,516 - INFO - allennlp.training.trainer - Epoch duration: 00:00:06
2019-02-11 13:40:02,516 - INFO - allennlp.training.trainer - Estimated training time remaining: 0:05:08
2019-02-11 13:40:02,520 - INFO - allennlp.training.trainer - Epoch 2/39
2019-02-11 13:40:02,520 - INFO - allennlp.training.trainer - Peak CPU memory usage MB: 2641.44
2019-02-11 13:40:02,675 - INFO - allennlp.training.trainer - GPU 0 memory usage MB: 323
2019-02-11 13:40:02,676 - INFO - allennlp.training.trainer - Training
2019-02-11 13:40:07,758 - INFO - allennlp.training.trainer - Validating
2019-02-11 13:40:09,532 - INFO - allennlp.training.trainer -                     Training |  Validation
2019-02-11 13:40:09,534 - INFO - allennlp.training.trainer - accuracy3       |     1.000  |     1.000
2019-02-11 13:40:09,534 - INFO - allennlp.training.trainer - cpu_memory_MB   |  2641.440  |       N/A
2019-02-11 13:40:09,534 - INFO - allennlp.training.trainer - loss            |     0.386  |     0.477
2019-02-11 13:40:09,535 - INFO - allennlp.training.trainer - accuracy        |     0.870  |     0.875
2019-02-11 13:40:09,535 - INFO - allennlp.training.trainer - gpu_0_memory_MB |   323.000  |       N/A
2019-02-11 13:40:09,541 - INFO - allennlp.training.trainer - Best validation performance so far. Copying weights to './model_params/best.th'.
2019-02-11 13:40:09,542 - INFO - allennlp.training.trainer - Epoch duration: 00:00:07
2019-02-11 13:40:09,542 - INFO - allennlp.training.trainer - Estimated training time remaining: 0:04:47
2019-02-11 13:40:09,543 - INFO - allennlp.training.trainer - Epoch 3/39
2019-02-11 13:40:09,543 - INFO - allennlp.training.trainer - Peak CPU memory usage MB: 2641.504
2019-02-11 13:40:09,700 - INFO - allennlp.training.trainer - GPU 0 memory usage MB: 323
2019-02-11 13:40:09,701 - INFO - allennlp.training.trainer - Training
2019-02-11 13:40:14,764 - INFO - allennlp.training.trainer - Validating
2019-02-11 13:40:16,440 - INFO - allennlp.training.trainer -                     Training |  Validation
2019-02-11 13:40:16,441 - INFO - allennlp.training.trainer - accuracy3       |     1.000  |     1.000
2019-02-11 13:40:16,441 - INFO - allennlp.training.trainer - cpu_memory_MB   |  2641.504  |       N/A
2019-02-11 13:40:16,441 - INFO - allennlp.training.trainer - loss            |     0.384  |     0.474
2019-02-11 13:40:16,441 - INFO - allennlp.training.trainer - accuracy        |     0.868  |     0.875
2019-02-11 13:40:16,441 - INFO - allennlp.training.trainer - gpu_0_memory_MB |   323.000  |       N/A
2019-02-11 13:40:16,444 - INFO - allennlp.training.trainer - Best validation performance so far. Copying weights to './model_params/best.th'.
2019-02-11 13:40:16,445 - INFO - allennlp.training.trainer - Epoch duration: 00:00:06
2019-02-11 13:40:16,445 - INFO - allennlp.training.trainer - Estimated training time remaining: 0:04:31
2019-02-11 13:40:16,445 - INFO - allennlp.training.trainer - Epoch 4/39
2019-02-11 13:40:16,445 - INFO - allennlp.training.trainer - Peak CPU memory usage MB: 2641.728
2019-02-11 13:40:16,526 - INFO - allennlp.training.trainer - GPU 0 memory usage MB: 323
2019-02-11 13:40:16,527 - INFO - allennlp.training.trainer - Training
2019-02-11 13:40:21,292 - INFO - allennlp.training.trainer - Validating
2019-02-11 13:40:23,166 - INFO - allennlp.training.trainer -                     Training |  Validation
2019-02-11 13:40:23,167 - INFO - allennlp.training.trainer - accuracy3       |     1.000  |     1.000
2019-02-11 13:40:23,168 - INFO - allennlp.training.trainer - cpu_memory_MB   |  2641.728  |       N/A
2019-02-11 13:40:23,168 - INFO - allennlp.training.trainer - loss            |     0.383  |     0.476
2019-02-11 13:40:23,168 - INFO - allennlp.training.trainer - accuracy        |     0.868  |     0.875
2019-02-11 13:40:23,168 - INFO - allennlp.training.trainer - gpu_0_memory_MB |   323.000  |       N/A
2019-02-11 13:40:23,171 - INFO - allennlp.training.trainer - Epoch duration: 00:00:06
2019-02-11 13:40:23,171 - INFO - allennlp.training.trainer - Estimated training time remaining: 0:04:18
2019-02-11 13:40:23,171 - INFO - allennlp.training.trainer - Epoch 5/39
2019-02-11 13:40:23,171 - INFO - allennlp.training.trainer - Peak CPU memory usage MB: 2641.748
2019-02-11 13:40:23,348 - INFO - allennlp.training.trainer - GPU 0 memory usage MB: 323
2019-02-11 13:40:23,348 - INFO - allennlp.training.trainer - Training
2019-02-11 13:40:28,257 - INFO - allennlp.training.trainer - Validating
2019-02-11 13:40:30,288 - INFO - allennlp.training.trainer -                     Training |  Validation
2019-02-11 13:40:30,289 - INFO - allennlp.training.trainer - accuracy3       |     1.000  |     1.000
2019-02-11 13:40:30,289 - INFO - allennlp.training.trainer - cpu_memory_MB   |  2641.748  |       N/A
2019-02-11 13:40:30,289 - INFO - allennlp.training.trainer - loss            |     0.382  |     0.471
2019-02-11 13:40:30,289 - INFO - allennlp.training.trainer - accuracy        |     0.868  |     0.872
2019-02-11 13:40:30,289 - INFO - allennlp.training.trainer - gpu_0_memory_MB |   323.000  |       N/A
2019-02-11 13:40:30,291 - INFO - allennlp.training.trainer - Best validation performance so far. Copying weights to './model_params/best.th'.
2019-02-11 13:40:30,294 - INFO - allennlp.training.trainer - Epoch duration: 00:00:07
2019-02-11 13:40:30,294 - INFO - allennlp.training.trainer - Estimated training time remaining: 0:04:09
2019-02-11 13:40:30,294 - INFO - allennlp.training.trainer - Epoch 6/39
2019-02-11 13:40:30,294 - INFO - allennlp.training.trainer - Peak CPU memory usage MB: 2641.776
2019-02-11 13:40:30,446 - INFO - allennlp.training.trainer - GPU 0 memory usage MB: 323
2019-02-11 13:40:30,447 - INFO - allennlp.training.trainer - Training
2019-02-11 13:40:35,165 - INFO - allennlp.training.trainer - Validating
2019-02-11 13:40:36,824 - INFO - allennlp.training.trainer -                     Training |  Validation
2019-02-11 13:40:36,825 - INFO - allennlp.training.trainer - accuracy3       |     1.000  |     1.000
2019-02-11 13:40:36,826 - INFO - allennlp.training.trainer - cpu_memory_MB   |  2641.776  |       N/A
2019-02-11 13:40:36,826 - INFO - allennlp.training.trainer - loss            |     0.382  |     0.475
2019-02-11 13:40:36,827 - INFO - allennlp.training.trainer - accuracy        |     0.867  |     0.875
2019-02-11 13:40:36,827 - INFO - allennlp.training.trainer - gpu_0_memory_MB |   323.000  |       N/A
2019-02-11 13:40:36,833 - INFO - allennlp.training.trainer - Epoch duration: 00:00:06
2019-02-11 13:40:36,833 - INFO - allennlp.training.trainer - Estimated training time remaining: 0:03:58
2019-02-11 13:40:36,834 - INFO - allennlp.training.trainer - Epoch 7/39
2019-02-11 13:40:36,834 - INFO - allennlp.training.trainer - Peak CPU memory usage MB: 2641.816
2019-02-11 13:40:36,925 - INFO - allennlp.training.trainer - GPU 0 memory usage MB: 323
2019-02-11 13:40:36,926 - INFO - allennlp.training.trainer - Training
2019-02-11 13:40:41,770 - INFO - allennlp.training.trainer - Validating
2019-02-11 13:40:43,287 - INFO - allennlp.training.trainer -                     Training |  Validation
2019-02-11 13:40:43,288 - INFO - allennlp.training.trainer - accuracy3       |     1.000  |     1.000
2019-02-11 13:40:43,288 - INFO - allennlp.training.trainer - cpu_memory_MB   |  2641.816  |       N/A
2019-02-11 13:40:43,288 - INFO - allennlp.training.trainer - loss            |     0.382  |     0.476
2019-02-11 13:40:43,288 - INFO - allennlp.training.trainer - accuracy        |     0.866  |     0.875
2019-02-11 13:40:43,289 - INFO - allennlp.training.trainer - gpu_0_memory_MB |   323.000  |       N/A
2019-02-11 13:40:43,291 - INFO - allennlp.training.trainer - Epoch duration: 00:00:06
2019-02-11 13:40:43,291 - INFO - allennlp.training.trainer - Estimated training time remaining: 0:03:48
2019-02-11 13:40:43,292 - INFO - allennlp.training.trainer - Epoch 8/39
2019-02-11 13:40:43,292 - INFO - allennlp.training.trainer - Peak CPU memory usage MB: 2641.836
2019-02-11 13:40:43,370 - INFO - allennlp.training.trainer - GPU 0 memory usage MB: 323
2019-02-11 13:40:43,371 - INFO - allennlp.training.trainer - Training
2019-02-11 13:40:48,374 - INFO - allennlp.training.trainer - Validating
2019-02-11 13:40:49,923 - INFO - allennlp.training.trainer -                     Training |  Validation
2019-02-11 13:40:49,923 - INFO - allennlp.training.trainer - accuracy3       |     1.000  |     1.000
2019-02-11 13:40:49,924 - INFO - allennlp.training.trainer - cpu_memory_MB   |  2641.836  |       N/A
2019-02-11 13:40:49,924 - INFO - allennlp.training.trainer - loss            |     0.382  |     0.472
2019-02-11 13:40:49,924 - INFO - allennlp.training.trainer - accuracy        |     0.867  |     0.872
2019-02-11 13:40:49,924 - INFO - allennlp.training.trainer - gpu_0_memory_MB |   323.000  |       N/A
2019-02-11 13:40:49,926 - INFO - allennlp.training.trainer - Epoch duration: 00:00:06
2019-02-11 13:40:49,926 - INFO - allennlp.training.trainer - Estimated training time remaining: 0:03:39
2019-02-11 13:40:49,926 - INFO - allennlp.training.trainer - Epoch 9/39
2019-02-11 13:40:49,927 - INFO - allennlp.training.trainer - Peak CPU memory usage MB: 2641.856
2019-02-11 13:40:50,049 - INFO - allennlp.training.trainer - GPU 0 memory usage MB: 323
2019-02-11 13:40:50,050 - INFO - allennlp.training.trainer - Training
2019-02-11 13:40:55,086 - INFO - allennlp.training.trainer - Validating
2019-02-11 13:40:56,903 - INFO - allennlp.training.trainer -                     Training |  Validation
2019-02-11 13:40:56,905 - INFO - allennlp.training.trainer - accuracy3       |     1.000  |     1.000
2019-02-11 13:40:56,905 - INFO - allennlp.training.trainer - cpu_memory_MB   |  2641.856  |       N/A
2019-02-11 13:40:56,905 - INFO - allennlp.training.trainer - loss            |     0.382  |     0.469
2019-02-11 13:40:56,906 - INFO - allennlp.training.trainer - accuracy        |     0.866  |     0.872
2019-02-11 13:40:56,906 - INFO - allennlp.training.trainer - gpu_0_memory_MB |   323.000  |       N/A
2019-02-11 13:40:56,909 - INFO - allennlp.training.trainer - Best validation performance so far. Copying weights to './model_params/best.th'.
2019-02-11 13:40:56,912 - INFO - allennlp.training.trainer - Epoch duration: 00:00:06
2019-02-11 13:40:56,913 - INFO - allennlp.training.trainer - Estimated training time remaining: 0:03:31
2019-02-11 13:40:56,914 - INFO - allennlp.training.trainer - Epoch 10/39
2019-02-11 13:40:56,914 - INFO - allennlp.training.trainer - Peak CPU memory usage MB: 2641.932
2019-02-11 13:40:57,103 - INFO - allennlp.training.trainer - GPU 0 memory usage MB: 323
2019-02-11 13:40:57,103 - INFO - allennlp.training.trainer - Training
2019-02-11 13:41:03,088 - INFO - allennlp.training.trainer - Validating
2019-02-11 13:41:04,824 - INFO - allennlp.training.trainer -                     Training |  Validation
2019-02-11 13:41:04,825 - INFO - allennlp.training.trainer - accuracy3       |     1.000  |     1.000
2019-02-11 13:41:04,826 - INFO - allennlp.training.trainer - cpu_memory_MB   |  2641.932  |       N/A
2019-02-11 13:41:04,826 - INFO - allennlp.training.trainer - loss            |     0.382  |     0.471
2019-02-11 13:41:04,827 - INFO - allennlp.training.trainer - accuracy        |     0.867  |     0.872
2019-02-11 13:41:04,827 - INFO - allennlp.training.trainer - gpu_0_memory_MB |   323.000  |       N/A
2019-02-11 13:41:04,830 - INFO - allennlp.training.trainer - Epoch duration: 00:00:07
2019-02-11 13:41:04,834 - INFO - allennlp.training.trainer - Estimated training time remaining: 0:03:27
2019-02-11 13:41:04,834 - INFO - allennlp.training.trainer - Epoch 11/39
2019-02-11 13:41:04,835 - INFO - allennlp.training.trainer - Peak CPU memory usage MB: 2641.964
2019-02-11 13:41:04,921 - INFO - allennlp.training.trainer - GPU 0 memory usage MB: 323
2019-02-11 13:41:04,922 - INFO - allennlp.training.trainer - Training
2019-02-11 13:41:09,887 - INFO - allennlp.training.trainer - Validating
2019-02-11 13:41:11,377 - INFO - allennlp.training.trainer -                     Training |  Validation
2019-02-11 13:41:11,378 - INFO - allennlp.training.trainer - accuracy3       |     1.000  |     1.000
2019-02-11 13:41:11,378 - INFO - allennlp.training.trainer - cpu_memory_MB   |  2641.964  |       N/A
2019-02-11 13:41:11,378 - INFO - allennlp.training.trainer - loss            |     0.382  |     0.471
2019-02-11 13:41:11,379 - INFO - allennlp.training.trainer - accuracy        |     0.865  |     0.872
2019-02-11 13:41:11,379 - INFO - allennlp.training.trainer - gpu_0_memory_MB |   323.000  |       N/A
2019-02-11 13:41:11,381 - INFO - allennlp.training.trainer - Epoch duration: 00:00:06
2019-02-11 13:41:11,381 - INFO - allennlp.training.trainer - Estimated training time remaining: 0:03:18
2019-02-11 13:41:11,382 - INFO - allennlp.training.trainer - Epoch 12/39
2019-02-11 13:41:11,382 - INFO - allennlp.training.trainer - Peak CPU memory usage MB: 2641.996
2019-02-11 13:41:11,525 - INFO - allennlp.training.trainer - GPU 0 memory usage MB: 323
2019-02-11 13:41:11,526 - INFO - allennlp.training.trainer - Training
2019-02-11 13:41:16,678 - INFO - allennlp.training.trainer - Validating
2019-02-11 13:41:18,370 - INFO - allennlp.training.trainer -                     Training |  Validation
2019-02-11 13:41:18,371 - INFO - allennlp.training.trainer - accuracy3       |     1.000  |     1.000
2019-02-11 13:41:18,371 - INFO - allennlp.training.trainer - cpu_memory_MB   |  2641.996  |       N/A
2019-02-11 13:41:18,371 - INFO - allennlp.training.trainer - loss            |     0.382  |     0.470
2019-02-11 13:41:18,371 - INFO - allennlp.training.trainer - accuracy        |     0.866  |     0.872
2019-02-11 13:41:18,371 - INFO - allennlp.training.trainer - gpu_0_memory_MB |   323.000  |       N/A
2019-02-11 13:41:18,373 - INFO - allennlp.training.trainer - Epoch duration: 00:00:06
2019-02-11 13:41:18,374 - INFO - allennlp.training.trainer - Estimated training time remaining: 0:03:11
2019-02-11 13:41:18,374 - INFO - allennlp.training.trainer - Epoch 13/39
2019-02-11 13:41:18,374 - INFO - allennlp.training.trainer - Peak CPU memory usage MB: 2642.004
2019-02-11 13:41:18,518 - INFO - allennlp.training.trainer - GPU 0 memory usage MB: 323
2019-02-11 13:41:18,519 - INFO - allennlp.training.trainer - Training
2019-02-11 13:41:23,445 - INFO - allennlp.training.trainer - Validating
2019-02-11 13:41:24,987 - INFO - allennlp.training.trainer -                     Training |  Validation
2019-02-11 13:41:24,988 - INFO - allennlp.training.trainer - accuracy3       |     1.000  |     1.000
2019-02-11 13:41:24,988 - INFO - allennlp.training.trainer - cpu_memory_MB   |  2642.004  |       N/A
2019-02-11 13:41:24,988 - INFO - allennlp.training.trainer - loss            |     0.382  |     0.468
2019-02-11 13:41:24,988 - INFO - allennlp.training.trainer - accuracy        |     0.866  |     0.872
2019-02-11 13:41:24,988 - INFO - allennlp.training.trainer - gpu_0_memory_MB |   323.000  |       N/A
2019-02-11 13:41:24,990 - INFO - allennlp.training.trainer - Best validation performance so far. Copying weights to './model_params/best.th'.
2019-02-11 13:41:24,990 - INFO - allennlp.training.trainer - Epoch duration: 00:00:06
2019-02-11 13:41:24,990 - INFO - allennlp.training.trainer - Estimated training time remaining: 0:03:03
2019-02-11 13:41:24,991 - INFO - allennlp.training.trainer - Epoch 14/39
2019-02-11 13:41:24,991 - INFO - allennlp.training.trainer - Peak CPU memory usage MB: 2642.004
2019-02-11 13:41:25,134 - INFO - allennlp.training.trainer - GPU 0 memory usage MB: 323
2019-02-11 13:41:25,134 - INFO - allennlp.training.trainer - Training
2019-02-11 13:41:30,070 - INFO - allennlp.training.trainer - Validating
2019-02-11 13:41:31,767 - INFO - allennlp.training.trainer -                     Training |  Validation
2019-02-11 13:41:31,768 - INFO - allennlp.training.trainer - accuracy3       |     1.000  |     1.000
2019-02-11 13:41:31,768 - INFO - allennlp.training.trainer - cpu_memory_MB   |  2642.004  |       N/A
2019-02-11 13:41:31,769 - INFO - allennlp.training.trainer - loss            |     0.382  |     0.477
2019-02-11 13:41:31,769 - INFO - allennlp.training.trainer - accuracy        |     0.866  |     0.873
2019-02-11 13:41:31,769 - INFO - allennlp.training.trainer - gpu_0_memory_MB |   323.000  |       N/A
2019-02-11 13:41:31,772 - INFO - allennlp.training.trainer - Epoch duration: 00:00:06
2019-02-11 13:41:31,772 - INFO - allennlp.training.trainer - Estimated training time remaining: 0:02:55
2019-02-11 13:41:31,772 - INFO - allennlp.training.trainer - Epoch 15/39
2019-02-11 13:41:31,772 - INFO - allennlp.training.trainer - Peak CPU memory usage MB: 2642.02
2019-02-11 13:41:31,920 - INFO - allennlp.training.trainer - GPU 0 memory usage MB: 323
2019-02-11 13:41:31,921 - INFO - allennlp.training.trainer - Training
2019-02-11 13:41:36,759 - INFO - allennlp.training.trainer - Validating
2019-02-11 13:41:38,348 - INFO - allennlp.training.trainer -                     Training |  Validation
2019-02-11 13:41:38,349 - INFO - allennlp.training.trainer - accuracy3       |     1.000  |     1.000
2019-02-11 13:41:38,349 - INFO - allennlp.training.trainer - cpu_memory_MB   |  2642.020  |       N/A
2019-02-11 13:41:38,349 - INFO - allennlp.training.trainer - loss            |     0.381  |     0.471
2019-02-11 13:41:38,349 - INFO - allennlp.training.trainer - accuracy        |     0.866  |     0.875
2019-02-11 13:41:38,350 - INFO - allennlp.training.trainer - gpu_0_memory_MB |   323.000  |       N/A
2019-02-11 13:41:38,352 - INFO - allennlp.training.trainer - Epoch duration: 00:00:06
2019-02-11 13:41:38,352 - INFO - allennlp.training.trainer - Estimated training time remaining: 0:02:48
2019-02-11 13:41:38,352 - INFO - allennlp.training.trainer - Epoch 16/39
2019-02-11 13:41:38,352 - INFO - allennlp.training.trainer - Peak CPU memory usage MB: 2642.328
2019-02-11 13:41:38,426 - INFO - allennlp.training.trainer - GPU 0 memory usage MB: 323
2019-02-11 13:41:38,427 - INFO - allennlp.training.trainer - Training
2019-02-11 13:41:42,625 - INFO - allennlp.training.trainer - Validating
2019-02-11 13:41:43,957 - INFO - allennlp.training.trainer -                     Training |  Validation
2019-02-11 13:41:43,959 - INFO - allennlp.training.trainer - accuracy3       |     1.000  |     1.000
2019-02-11 13:41:43,960 - INFO - allennlp.training.trainer - cpu_memory_MB   |  2642.328  |       N/A
2019-02-11 13:41:43,960 - INFO - allennlp.training.trainer - loss            |     0.381  |     0.471
2019-02-11 13:41:43,960 - INFO - allennlp.training.trainer - accuracy        |     0.867  |     0.872
2019-02-11 13:41:43,961 - INFO - allennlp.training.trainer - gpu_0_memory_MB |   323.000  |       N/A
2019-02-11 13:41:43,966 - INFO - allennlp.training.trainer - Epoch duration: 00:00:05
2019-02-11 13:41:43,967 - INFO - allennlp.training.trainer - Estimated training time remaining: 0:02:39
2019-02-11 13:41:43,967 - INFO - allennlp.training.trainer - Epoch 17/39
2019-02-11 13:41:43,968 - INFO - allennlp.training.trainer - Peak CPU memory usage MB: 2642.504
2019-02-11 13:41:44,116 - INFO - allennlp.training.trainer - GPU 0 memory usage MB: 323
2019-02-11 13:41:44,117 - INFO - allennlp.training.trainer - Training
2019-02-11 13:41:49,139 - INFO - allennlp.training.trainer - Validating
2019-02-11 13:41:50,933 - INFO - allennlp.training.trainer -                     Training |  Validation
2019-02-11 13:41:50,934 - INFO - allennlp.training.trainer - accuracy3       |     1.000  |     1.000
2019-02-11 13:41:50,934 - INFO - allennlp.training.trainer - cpu_memory_MB   |  2642.504  |       N/A
2019-02-11 13:41:50,935 - INFO - allennlp.training.trainer - loss            |     0.383  |     0.471
2019-02-11 13:41:50,935 - INFO - allennlp.training.trainer - accuracy        |     0.866  |     0.872
2019-02-11 13:41:50,935 - INFO - allennlp.training.trainer - gpu_0_memory_MB |   323.000  |       N/A
2019-02-11 13:41:50,937 - INFO - allennlp.training.trainer - Epoch duration: 00:00:06
2019-02-11 13:41:50,937 - INFO - allennlp.training.trainer - Estimated training time remaining: 0:02:32
2019-02-11 13:41:50,938 - INFO - allennlp.training.trainer - Epoch 18/39
2019-02-11 13:41:50,938 - INFO - allennlp.training.trainer - Peak CPU memory usage MB: 2642.504
2019-02-11 13:41:51,094 - INFO - allennlp.training.trainer - GPU 0 memory usage MB: 323
2019-02-11 13:41:51,094 - INFO - allennlp.training.trainer - Training
2019-02-11 13:41:55,916 - INFO - allennlp.training.trainer - Validating
2019-02-11 13:41:57,546 - INFO - allennlp.training.trainer - Ran out of patience.  Stopping training.
2019-02-11 13:41:57,547 - INFO - allennlp.models.archival - archiving weights and vocabulary to ./model_params/model.tar.gz
2019-02-11 13:41:57,555 - INFO - allennlp.commands.train - Loading the best epoch weights.
2019-02-11 13:41:57,562 - INFO - allennlp.common.util - Metrics: {
  "peak_cpu_memory_MB": 2642.504,
  "peak_gpu_0_memory_MB": 323,
  "training_duration": "00:02:04",
  "training_start_epoch": 0,
  "training_epochs": 17,
  "epoch": 17,
  "training_accuracy": 0.8664655914561096,
  "training_accuracy3": 1.0,
  "training_loss": 0.38255709863227344,
  "training_cpu_memory_MB": 2642.504,
  "training_gpu_0_memory_MB": 323,
  "validation_accuracy": 0.872255489021956,
  "validation_accuracy3": 1.0,
  "validation_loss": 0.4708300819810556,
  "best_epoch": 13,
  "best_validation_accuracy": 0.8722667659032218,
  "best_validation_accuracy3": 1.0,
  "best_validation_loss": 0.46762204626385045
}
Token batch process time:
83.3902940750122
Token batch process time:
33.256511211395264
