2019-02-13 02:28:51,708 - INFO - allennlp.common.from_params - instantiating class <class 'allennlp.data.dataset_readers.dataset_reader.DatasetReader'> from params {'mytokenizer': {'type': 'word', 'word_splitter': {'ner': True, 'parse': True, 'pos_tags': True, 'type': 'whitespacy'}}, 'token_indexers': {'dependency_label': {'namespace': 'dependencies', 'type': 'dependency_label'}, 'ner_tag': {'namespace': 'ner', 'type': 'ner_tag'}, 'pos_tag': {'coarse_tags': True, 'namespace': 'pos', 'type': 'pos_tag'}, 'tokens': {'lowercase_tokens': True, 'type': 'single_id'}}, 'type': 'sequence_tagging2', 'word_tag_delimiter': '//'} and extras {}
2019-02-13 02:28:51,708 - INFO - allennlp.common.params - dataset_reader.type = sequence_tagging2
2019-02-13 02:28:51,708 - INFO - allennlp.common.from_params - instantiating class <class 'myallennlp.dataset_readers.sequence_tagging2.SequenceTaggingDatasetReader'> from params {'mytokenizer': {'type': 'word', 'word_splitter': {'ner': True, 'parse': True, 'pos_tags': True, 'type': 'whitespacy'}}, 'token_indexers': {'dependency_label': {'namespace': 'dependencies', 'type': 'dependency_label'}, 'ner_tag': {'namespace': 'ner', 'type': 'ner_tag'}, 'pos_tag': {'coarse_tags': True, 'namespace': 'pos', 'type': 'pos_tag'}, 'tokens': {'lowercase_tokens': True, 'type': 'single_id'}}, 'word_tag_delimiter': '//'} and extras {}
2019-02-13 02:28:51,709 - INFO - allennlp.common.params - dataset_reader.word_tag_delimiter = //
2019-02-13 02:28:51,709 - INFO - allennlp.common.params - dataset_reader.token_delimiter = None
2019-02-13 02:28:51,709 - INFO - allennlp.common.from_params - instantiating class allennlp.data.token_indexers.token_indexer.TokenIndexer from params {'namespace': 'dependencies', 'type': 'dependency_label'} and extras {}
2019-02-13 02:28:51,709 - INFO - allennlp.common.params - dataset_reader.token_indexers.dependency_label.type = dependency_label
2019-02-13 02:28:51,710 - INFO - allennlp.common.from_params - instantiating class allennlp.data.token_indexers.dep_label_indexer.DepLabelIndexer from params {'namespace': 'dependencies'} and extras {}
2019-02-13 02:28:51,710 - INFO - allennlp.common.params - dataset_reader.token_indexers.dependency_label.namespace = dependencies
2019-02-13 02:28:51,710 - INFO - allennlp.common.from_params - instantiating class allennlp.data.token_indexers.token_indexer.TokenIndexer from params {'namespace': 'ner', 'type': 'ner_tag'} and extras {}
2019-02-13 02:28:51,710 - INFO - allennlp.common.params - dataset_reader.token_indexers.ner_tag.type = ner_tag
2019-02-13 02:28:51,711 - INFO - allennlp.common.from_params - instantiating class allennlp.data.token_indexers.ner_tag_indexer.NerTagIndexer from params {'namespace': 'ner'} and extras {}
2019-02-13 02:28:51,711 - INFO - allennlp.common.params - dataset_reader.token_indexers.ner_tag.namespace = ner
2019-02-13 02:28:51,711 - INFO - allennlp.common.from_params - instantiating class allennlp.data.token_indexers.token_indexer.TokenIndexer from params {'coarse_tags': True, 'namespace': 'pos', 'type': 'pos_tag'} and extras {}
2019-02-13 02:28:51,711 - INFO - allennlp.common.params - dataset_reader.token_indexers.pos_tag.type = pos_tag
2019-02-13 02:28:51,711 - INFO - allennlp.common.from_params - instantiating class allennlp.data.token_indexers.pos_tag_indexer.PosTagIndexer from params {'coarse_tags': True, 'namespace': 'pos'} and extras {}
2019-02-13 02:28:51,712 - INFO - allennlp.common.params - dataset_reader.token_indexers.pos_tag.namespace = pos
2019-02-13 02:28:51,712 - INFO - allennlp.common.params - dataset_reader.token_indexers.pos_tag.coarse_tags = True
2019-02-13 02:28:51,712 - INFO - allennlp.common.from_params - instantiating class allennlp.data.token_indexers.token_indexer.TokenIndexer from params {'lowercase_tokens': True, 'type': 'single_id'} and extras {}
2019-02-13 02:28:51,712 - INFO - allennlp.common.params - dataset_reader.token_indexers.tokens.type = single_id
2019-02-13 02:28:51,712 - INFO - allennlp.common.from_params - instantiating class allennlp.data.token_indexers.single_id_token_indexer.SingleIdTokenIndexer from params {'lowercase_tokens': True} and extras {}
2019-02-13 02:28:51,712 - INFO - allennlp.common.params - dataset_reader.token_indexers.tokens.namespace = tokens
2019-02-13 02:28:51,713 - INFO - allennlp.common.params - dataset_reader.token_indexers.tokens.lowercase_tokens = True
2019-02-13 02:28:51,713 - INFO - allennlp.common.params - dataset_reader.token_indexers.tokens.start_tokens = None
2019-02-13 02:28:51,713 - INFO - allennlp.common.params - dataset_reader.token_indexers.tokens.end_tokens = None
2019-02-13 02:28:51,713 - INFO - allennlp.common.params - dataset_reader.lazy = False
2019-02-13 02:28:51,713 - INFO - allennlp.common.from_params - instantiating class <class 'allennlp.data.tokenizers.tokenizer.Tokenizer'> from params {'type': 'word', 'word_splitter': {'ner': True, 'parse': True, 'pos_tags': True, 'type': 'whitespacy'}} and extras {}
2019-02-13 02:28:51,713 - INFO - allennlp.common.params - dataset_reader.mytokenizer.type = word
2019-02-13 02:28:51,714 - INFO - allennlp.common.from_params - instantiating class <class 'allennlp.data.tokenizers.word_tokenizer.WordTokenizer'> from params {'word_splitter': {'ner': True, 'parse': True, 'pos_tags': True, 'type': 'whitespacy'}} and extras {}
2019-02-13 02:28:51,714 - INFO - allennlp.common.from_params - instantiating class <class 'allennlp.data.tokenizers.word_splitter.WordSplitter'> from params {'ner': True, 'parse': True, 'pos_tags': True, 'type': 'whitespacy'} and extras {}
2019-02-13 02:28:51,714 - INFO - allennlp.common.params - dataset_reader.mytokenizer.word_splitter.type = whitespacy
2019-02-13 02:28:51,714 - INFO - allennlp.common.from_params - instantiating class <class 'myallennlp.data.tokenizers.word_splitter.SpacyWordSplitter'> from params {'ner': True, 'parse': True, 'pos_tags': True} and extras {}
2019-02-13 02:28:51,714 - INFO - allennlp.common.params - dataset_reader.mytokenizer.word_splitter.language = en_core_web_sm
2019-02-13 02:28:51,714 - INFO - allennlp.common.params - dataset_reader.mytokenizer.word_splitter.pos_tags = True
2019-02-13 02:28:51,715 - INFO - allennlp.common.params - dataset_reader.mytokenizer.word_splitter.parse = True
2019-02-13 02:28:51,715 - INFO - allennlp.common.params - dataset_reader.mytokenizer.word_splitter.ner = True
2019-02-13 02:28:52,280 - INFO - allennlp.common.params - dataset_reader.mytokenizer.start_tokens = None
2019-02-13 02:28:52,280 - INFO - allennlp.common.params - dataset_reader.mytokenizer.end_tokens = None
2019-02-13 02:28:52,281 - INFO - allennlp.common.params - dataset_reader.use_spacy_directly = False
2019-02-13 02:28:52,281 - INFO - allennlp.common.params - validation_dataset_reader = None
2019-02-13 02:28:52,281 - INFO - allennlp.common.params - train_data_path = ../data/allenTrain.txt
2019-02-13 02:28:52,281 - INFO - allennlp.commands.train - Reading training data from ../data/allenTrain.txt
2019-02-13 02:28:52,282 - INFO - myallennlp.dataset_readers.sequence_tagging2 - Reading instances from lines in file at: ../data/allenTrain.txt
2019-02-13 02:42:22,473 - INFO - allennlp.common.params - validation_data_path = ../data/allenDev.txt
2019-02-13 02:42:22,473 - INFO - allennlp.commands.train - Reading validation data from ../data/allenDev.txt
2019-02-13 02:42:22,474 - INFO - myallennlp.dataset_readers.sequence_tagging2 - Reading instances from lines in file at: ../data/allenDev.txt
2019-02-13 02:42:50,013 - INFO - allennlp.common.params - test_data_path = None
2019-02-13 02:42:50,013 - INFO - allennlp.commands.train - From dataset instances, validation, train will be considered for vocabulary creation.
2019-02-13 02:42:50,013 - INFO - allennlp.common.params - vocabulary.type = None
2019-02-13 02:42:50,013 - INFO - allennlp.common.params - vocabulary.extend = False
2019-02-13 02:42:50,013 - INFO - allennlp.common.params - vocabulary.directory_path = None
2019-02-13 02:42:50,013 - INFO - allennlp.common.params - vocabulary.min_count = None
2019-02-13 02:42:50,014 - INFO - allennlp.common.params - vocabulary.max_vocab_size = None
2019-02-13 02:42:50,014 - INFO - allennlp.common.params - vocabulary.non_padded_namespaces = ('*tags', '*labels')
2019-02-13 02:42:50,014 - INFO - allennlp.common.params - vocabulary.min_pretrained_embeddings = None
2019-02-13 02:42:50,014 - INFO - allennlp.common.params - vocabulary.only_include_pretrained_words = False
2019-02-13 02:42:50,014 - INFO - allennlp.common.params - vocabulary.tokens_to_add = None
2019-02-13 02:42:50,014 - INFO - allennlp.data.vocabulary - Fitting token dictionary from dataset.
2019-02-13 02:43:01,870 - INFO - allennlp.common.from_params - instantiating class <class 'allennlp.models.model.Model'> from params {'Ntags0': 95, 'Ntags1': 5, 'do_crossentropy_weighting': True, 'encoder': {'input_dim': 72, 'type': 'pass_through'}, 'text_field_embedder': {'token_embedders': {'dependency_label': {'embedding_dim': 10, 'type': 'embedding', 'vocab_namespace': 'dependencies'}, 'ner_tag': {'embedding_dim': 7, 'type': 'embedding', 'vocab_namespace': 'ner'}, 'pos_tag': {'embedding_dim': 5, 'type': 'embedding', 'vocab_namespace': 'pos'}, 'tokens': {'embedding_dim': 50, 'pretrained_file': '~/src/allennlp/glove/glove.6B.50d.txt.gz', 'trainable': False, 'type': 'embedding'}}}, 'type': 'simple_tagger2'} and extras {'vocab': Vocabulary with namespaces:  dependencies, Size: 47 || ner, Size: 21 || pos, Size: 17 || tokens, Size: 88725 || labels, Size: 2 || Non Padded Namespaces: {'*tags', '*labels'}}
2019-02-13 02:43:01,870 - INFO - allennlp.common.params - model.type = simple_tagger2
2019-02-13 02:43:01,871 - INFO - allennlp.common.from_params - instantiating class <class 'myallennlp.models.simple_tagger2.SimpleTagger2'> from params {'Ntags0': 95, 'Ntags1': 5, 'do_crossentropy_weighting': True, 'encoder': {'input_dim': 72, 'type': 'pass_through'}, 'text_field_embedder': {'token_embedders': {'dependency_label': {'embedding_dim': 10, 'type': 'embedding', 'vocab_namespace': 'dependencies'}, 'ner_tag': {'embedding_dim': 7, 'type': 'embedding', 'vocab_namespace': 'ner'}, 'pos_tag': {'embedding_dim': 5, 'type': 'embedding', 'vocab_namespace': 'pos'}, 'tokens': {'embedding_dim': 50, 'pretrained_file': '~/src/allennlp/glove/glove.6B.50d.txt.gz', 'trainable': False, 'type': 'embedding'}}}} and extras {'vocab': Vocabulary with namespaces:  dependencies, Size: 47 || ner, Size: 21 || pos, Size: 17 || tokens, Size: 88725 || labels, Size: 2 || Non Padded Namespaces: {'*tags', '*labels'}}
2019-02-13 02:43:01,871 - INFO - allennlp.common.from_params - instantiating class <class 'allennlp.modules.text_field_embedders.text_field_embedder.TextFieldEmbedder'> from params {'token_embedders': {'dependency_label': {'embedding_dim': 10, 'type': 'embedding', 'vocab_namespace': 'dependencies'}, 'ner_tag': {'embedding_dim': 7, 'type': 'embedding', 'vocab_namespace': 'ner'}, 'pos_tag': {'embedding_dim': 5, 'type': 'embedding', 'vocab_namespace': 'pos'}, 'tokens': {'embedding_dim': 50, 'pretrained_file': '~/src/allennlp/glove/glove.6B.50d.txt.gz', 'trainable': False, 'type': 'embedding'}}} and extras {'vocab': Vocabulary with namespaces:  dependencies, Size: 47 || ner, Size: 21 || pos, Size: 17 || tokens, Size: 88725 || labels, Size: 2 || Non Padded Namespaces: {'*tags', '*labels'}}
2019-02-13 02:43:01,871 - INFO - allennlp.common.params - model.text_field_embedder.type = basic
2019-02-13 02:43:01,871 - INFO - allennlp.common.params - model.text_field_embedder.embedder_to_indexer_map = None
2019-02-13 02:43:01,871 - INFO - allennlp.common.params - model.text_field_embedder.allow_unmatched_keys = False
2019-02-13 02:43:01,872 - INFO - allennlp.common.from_params - instantiating class <class 'allennlp.modules.token_embedders.token_embedder.TokenEmbedder'> from params {'embedding_dim': 10, 'type': 'embedding', 'vocab_namespace': 'dependencies'} and extras {'vocab': Vocabulary with namespaces:  dependencies, Size: 47 || ner, Size: 21 || pos, Size: 17 || tokens, Size: 88725 || labels, Size: 2 || Non Padded Namespaces: {'*tags', '*labels'}}
2019-02-13 02:43:01,872 - INFO - allennlp.common.params - model.text_field_embedder.token_embedders.dependency_label.type = embedding
2019-02-13 02:43:01,872 - INFO - allennlp.common.params - model.text_field_embedder.token_embedders.dependency_label.num_embeddings = None
2019-02-13 02:43:01,872 - INFO - allennlp.common.params - model.text_field_embedder.token_embedders.dependency_label.vocab_namespace = dependencies
2019-02-13 02:43:01,872 - INFO - allennlp.common.params - model.text_field_embedder.token_embedders.dependency_label.embedding_dim = 10
2019-02-13 02:43:01,872 - INFO - allennlp.common.params - model.text_field_embedder.token_embedders.dependency_label.pretrained_file = None
2019-02-13 02:43:01,872 - INFO - allennlp.common.params - model.text_field_embedder.token_embedders.dependency_label.projection_dim = None
2019-02-13 02:43:01,873 - INFO - allennlp.common.params - model.text_field_embedder.token_embedders.dependency_label.trainable = True
2019-02-13 02:43:01,873 - INFO - allennlp.common.params - model.text_field_embedder.token_embedders.dependency_label.padding_index = None
2019-02-13 02:43:01,873 - INFO - allennlp.common.params - model.text_field_embedder.token_embedders.dependency_label.max_norm = None
2019-02-13 02:43:01,873 - INFO - allennlp.common.params - model.text_field_embedder.token_embedders.dependency_label.norm_type = 2.0
2019-02-13 02:43:01,873 - INFO - allennlp.common.params - model.text_field_embedder.token_embedders.dependency_label.scale_grad_by_freq = False
2019-02-13 02:43:01,873 - INFO - allennlp.common.params - model.text_field_embedder.token_embedders.dependency_label.sparse = False
2019-02-13 02:43:01,874 - INFO - allennlp.common.from_params - instantiating class <class 'allennlp.modules.token_embedders.token_embedder.TokenEmbedder'> from params {'embedding_dim': 7, 'type': 'embedding', 'vocab_namespace': 'ner'} and extras {'vocab': Vocabulary with namespaces:  dependencies, Size: 47 || ner, Size: 21 || pos, Size: 17 || tokens, Size: 88725 || labels, Size: 2 || Non Padded Namespaces: {'*tags', '*labels'}}
2019-02-13 02:43:01,874 - INFO - allennlp.common.params - model.text_field_embedder.token_embedders.ner_tag.type = embedding
2019-02-13 02:43:01,875 - INFO - allennlp.common.params - model.text_field_embedder.token_embedders.ner_tag.num_embeddings = None
2019-02-13 02:43:01,875 - INFO - allennlp.common.params - model.text_field_embedder.token_embedders.ner_tag.vocab_namespace = ner
2019-02-13 02:43:01,875 - INFO - allennlp.common.params - model.text_field_embedder.token_embedders.ner_tag.embedding_dim = 7
2019-02-13 02:43:01,875 - INFO - allennlp.common.params - model.text_field_embedder.token_embedders.ner_tag.pretrained_file = None
2019-02-13 02:43:01,875 - INFO - allennlp.common.params - model.text_field_embedder.token_embedders.ner_tag.projection_dim = None
2019-02-13 02:43:01,876 - INFO - allennlp.common.params - model.text_field_embedder.token_embedders.ner_tag.trainable = True
2019-02-13 02:43:01,876 - INFO - allennlp.common.params - model.text_field_embedder.token_embedders.ner_tag.padding_index = None
2019-02-13 02:43:01,876 - INFO - allennlp.common.params - model.text_field_embedder.token_embedders.ner_tag.max_norm = None
2019-02-13 02:43:01,876 - INFO - allennlp.common.params - model.text_field_embedder.token_embedders.ner_tag.norm_type = 2.0
2019-02-13 02:43:01,876 - INFO - allennlp.common.params - model.text_field_embedder.token_embedders.ner_tag.scale_grad_by_freq = False
2019-02-13 02:43:01,876 - INFO - allennlp.common.params - model.text_field_embedder.token_embedders.ner_tag.sparse = False
2019-02-13 02:43:01,877 - INFO - allennlp.common.from_params - instantiating class <class 'allennlp.modules.token_embedders.token_embedder.TokenEmbedder'> from params {'embedding_dim': 5, 'type': 'embedding', 'vocab_namespace': 'pos'} and extras {'vocab': Vocabulary with namespaces:  dependencies, Size: 47 || ner, Size: 21 || pos, Size: 17 || tokens, Size: 88725 || labels, Size: 2 || Non Padded Namespaces: {'*tags', '*labels'}}
2019-02-13 02:43:01,877 - INFO - allennlp.common.params - model.text_field_embedder.token_embedders.pos_tag.type = embedding
2019-02-13 02:43:01,877 - INFO - allennlp.common.params - model.text_field_embedder.token_embedders.pos_tag.num_embeddings = None
2019-02-13 02:43:01,877 - INFO - allennlp.common.params - model.text_field_embedder.token_embedders.pos_tag.vocab_namespace = pos
2019-02-13 02:43:01,878 - INFO - allennlp.common.params - model.text_field_embedder.token_embedders.pos_tag.embedding_dim = 5
2019-02-13 02:43:01,878 - INFO - allennlp.common.params - model.text_field_embedder.token_embedders.pos_tag.pretrained_file = None
2019-02-13 02:43:01,878 - INFO - allennlp.common.params - model.text_field_embedder.token_embedders.pos_tag.projection_dim = None
2019-02-13 02:43:01,878 - INFO - allennlp.common.params - model.text_field_embedder.token_embedders.pos_tag.trainable = True
2019-02-13 02:43:01,878 - INFO - allennlp.common.params - model.text_field_embedder.token_embedders.pos_tag.padding_index = None
2019-02-13 02:43:01,878 - INFO - allennlp.common.params - model.text_field_embedder.token_embedders.pos_tag.max_norm = None
2019-02-13 02:43:01,879 - INFO - allennlp.common.params - model.text_field_embedder.token_embedders.pos_tag.norm_type = 2.0
2019-02-13 02:43:01,879 - INFO - allennlp.common.params - model.text_field_embedder.token_embedders.pos_tag.scale_grad_by_freq = False
2019-02-13 02:43:01,879 - INFO - allennlp.common.params - model.text_field_embedder.token_embedders.pos_tag.sparse = False
2019-02-13 02:43:01,879 - INFO - allennlp.common.from_params - instantiating class <class 'allennlp.modules.token_embedders.token_embedder.TokenEmbedder'> from params {'embedding_dim': 50, 'pretrained_file': '~/src/allennlp/glove/glove.6B.50d.txt.gz', 'trainable': False, 'type': 'embedding'} and extras {'vocab': Vocabulary with namespaces:  dependencies, Size: 47 || ner, Size: 21 || pos, Size: 17 || tokens, Size: 88725 || labels, Size: 2 || Non Padded Namespaces: {'*tags', '*labels'}}
2019-02-13 02:43:01,880 - INFO - allennlp.common.params - model.text_field_embedder.token_embedders.tokens.type = embedding
2019-02-13 02:43:01,880 - INFO - allennlp.common.params - model.text_field_embedder.token_embedders.tokens.num_embeddings = None
2019-02-13 02:43:01,880 - INFO - allennlp.common.params - model.text_field_embedder.token_embedders.tokens.vocab_namespace = tokens
2019-02-13 02:43:01,880 - INFO - allennlp.common.params - model.text_field_embedder.token_embedders.tokens.embedding_dim = 50
2019-02-13 02:43:01,880 - INFO - allennlp.common.params - model.text_field_embedder.token_embedders.tokens.pretrained_file = ~/src/allennlp/glove/glove.6B.50d.txt.gz
2019-02-13 02:43:01,880 - INFO - allennlp.common.params - model.text_field_embedder.token_embedders.tokens.projection_dim = None
2019-02-13 02:43:01,881 - INFO - allennlp.common.params - model.text_field_embedder.token_embedders.tokens.trainable = False
2019-02-13 02:43:01,881 - INFO - allennlp.common.params - model.text_field_embedder.token_embedders.tokens.padding_index = None
2019-02-13 02:43:01,881 - INFO - allennlp.common.params - model.text_field_embedder.token_embedders.tokens.max_norm = None
2019-02-13 02:43:01,881 - INFO - allennlp.common.params - model.text_field_embedder.token_embedders.tokens.norm_type = 2.0
2019-02-13 02:43:01,881 - INFO - allennlp.common.params - model.text_field_embedder.token_embedders.tokens.scale_grad_by_freq = False
2019-02-13 02:43:01,881 - INFO - allennlp.common.params - model.text_field_embedder.token_embedders.tokens.sparse = False
2019-02-13 02:43:01,895 - INFO - allennlp.modules.token_embedders.embedding - Reading pretrained embeddings from file
2019-02-13 02:43:05,462 - INFO - allennlp.modules.token_embedders.embedding - Initializing pre-trained embedding layer
2019-02-13 02:43:06,049 - INFO - allennlp.modules.token_embedders.embedding - Pretrained embeddings were found for 69081 out of 88725 tokens
2019-02-13 02:43:06,073 - INFO - allennlp.common.from_params - instantiating class <class 'allennlp.modules.seq2seq_encoders.seq2seq_encoder.Seq2SeqEncoder'> from params {'input_dim': 72, 'type': 'pass_through'} and extras {'vocab': Vocabulary with namespaces:  dependencies, Size: 47 || ner, Size: 21 || pos, Size: 17 || tokens, Size: 88725 || labels, Size: 2 || Non Padded Namespaces: {'*tags', '*labels'}}
2019-02-13 02:43:06,073 - INFO - allennlp.common.params - model.encoder.type = pass_through
2019-02-13 02:43:06,074 - INFO - allennlp.common.from_params - instantiating class <class 'allennlp.modules.seq2seq_encoders.pass_through_encoder.PassThroughEncoder'> from params {'input_dim': 72} and extras {'vocab': Vocabulary with namespaces:  dependencies, Size: 47 || ner, Size: 21 || pos, Size: 17 || tokens, Size: 88725 || labels, Size: 2 || Non Padded Namespaces: {'*tags', '*labels'}}
2019-02-13 02:43:06,074 - INFO - allennlp.common.params - model.encoder.input_dim = 72
2019-02-13 02:43:06,074 - INFO - allennlp.common.params - model.do_crossentropy_weighting = True
2019-02-13 02:43:06,074 - INFO - allennlp.common.params - model.Ntags0 = 95
2019-02-13 02:43:06,074 - INFO - allennlp.common.params - model.Ntags1 = 5
2019-02-13 02:43:06,075 - INFO - allennlp.nn.initializers - Initializing parameters
2019-02-13 02:43:06,075 - INFO - allennlp.nn.initializers - Done initializing parameters; the following parameters are using their default initialization from their code
2019-02-13 02:43:06,075 - INFO - allennlp.nn.initializers -    tag_projection_layer._module.bias
2019-02-13 02:43:06,075 - INFO - allennlp.nn.initializers -    tag_projection_layer._module.weight
2019-02-13 02:43:06,075 - INFO - allennlp.nn.initializers -    text_field_embedder.token_embedder_dependency_label.weight
2019-02-13 02:43:06,075 - INFO - allennlp.nn.initializers -    text_field_embedder.token_embedder_ner_tag.weight
2019-02-13 02:43:06,076 - INFO - allennlp.nn.initializers -    text_field_embedder.token_embedder_pos_tag.weight
2019-02-13 02:43:06,076 - INFO - allennlp.nn.initializers -    text_field_embedder.token_embedder_tokens.weight
2019-02-13 02:43:06,301 - INFO - allennlp.common.from_params - instantiating class <class 'allennlp.data.iterators.data_iterator.DataIterator'> from params {'batch_size': 32, 'type': 'basic'} and extras {}
2019-02-13 02:43:06,301 - INFO - allennlp.common.params - iterator.type = basic
2019-02-13 02:43:06,301 - INFO - allennlp.common.from_params - instantiating class <class 'allennlp.data.iterators.basic_iterator.BasicIterator'> from params {'batch_size': 32} and extras {}
2019-02-13 02:43:06,302 - INFO - allennlp.common.params - iterator.batch_size = 32
2019-02-13 02:43:06,302 - INFO - allennlp.common.params - iterator.instances_per_epoch = None
2019-02-13 02:43:06,302 - INFO - allennlp.common.params - iterator.max_instances_in_memory = None
2019-02-13 02:43:06,302 - INFO - allennlp.common.params - iterator.cache_instances = False
2019-02-13 02:43:06,302 - INFO - allennlp.common.params - iterator.track_epoch = False
2019-02-13 02:43:06,302 - INFO - allennlp.common.params - iterator.maximum_samples_per_batch = None
2019-02-13 02:43:06,302 - INFO - allennlp.common.params - validation_iterator = None
2019-02-13 02:43:06,303 - INFO - allennlp.common.params - trainer.no_grad = ()
2019-02-13 02:43:06,303 - INFO - allennlp.commands.train - Following parameters are Frozen  (without gradient):
2019-02-13 02:43:06,303 - INFO - allennlp.commands.train - text_field_embedder.token_embedder_tokens.weight
2019-02-13 02:43:06,303 - INFO - allennlp.commands.train - Following parameters are Tunable (with gradient):
2019-02-13 02:43:06,303 - INFO - allennlp.commands.train - text_field_embedder.token_embedder_dependency_label.weight
2019-02-13 02:43:06,303 - INFO - allennlp.commands.train - text_field_embedder.token_embedder_ner_tag.weight
2019-02-13 02:43:06,303 - INFO - allennlp.commands.train - text_field_embedder.token_embedder_pos_tag.weight
2019-02-13 02:43:06,304 - INFO - allennlp.commands.train - tag_projection_layer._module.weight
2019-02-13 02:43:06,304 - INFO - allennlp.commands.train - tag_projection_layer._module.bias
2019-02-13 02:43:06,304 - INFO - allennlp.common.params - trainer.type = default
2019-02-13 02:43:06,304 - INFO - allennlp.common.params - trainer.patience = 5
2019-02-13 02:43:06,304 - INFO - allennlp.common.params - trainer.validation_metric = -loss
2019-02-13 02:43:06,304 - INFO - allennlp.common.params - trainer.shuffle = True
2019-02-13 02:43:06,304 - INFO - allennlp.common.params - trainer.num_epochs = 40
2019-02-13 02:43:06,304 - INFO - allennlp.common.params - trainer.cuda_device = 0
2019-02-13 02:43:06,305 - INFO - allennlp.common.params - trainer.grad_norm = None
2019-02-13 02:43:06,305 - INFO - allennlp.common.params - trainer.grad_clipping = None
2019-02-13 02:43:06,305 - INFO - allennlp.common.params - trainer.learning_rate_scheduler = None
2019-02-13 02:43:08,756 - INFO - allennlp.common.params - trainer.optimizer = adam
2019-02-13 02:43:08,756 - INFO - allennlp.common.params - parameter_groups = None
2019-02-13 02:43:08,757 - INFO - allennlp.training.optimizers - Number of trainable parameters: 848
2019-02-13 02:43:08,758 - INFO - allennlp.common.params - Converting Params object to dict; logging of default values will not occur when dictionary parameters are used subsequently.
2019-02-13 02:43:08,758 - INFO - allennlp.common.params - CURRENTLY DEFINED PARAMETERS: 
2019-02-13 02:43:08,758 - INFO - allennlp.common.params - trainer.num_serialized_models_to_keep = 20
2019-02-13 02:43:08,758 - INFO - allennlp.common.params - trainer.keep_serialized_model_every_num_seconds = None
2019-02-13 02:43:08,758 - INFO - allennlp.common.params - trainer.model_save_interval = None
2019-02-13 02:43:08,759 - INFO - allennlp.common.params - trainer.summary_interval = 100
2019-02-13 02:43:08,759 - INFO - allennlp.common.params - trainer.histogram_interval = None
2019-02-13 02:43:08,759 - INFO - allennlp.common.params - trainer.should_log_parameter_statistics = True
2019-02-13 02:43:08,759 - INFO - allennlp.common.params - trainer.should_log_learning_rate = False
2019-02-13 02:43:08,759 - INFO - allennlp.common.params - trainer.log_batch_size_period = None
2019-02-13 02:43:08,761 - INFO - allennlp.common.params - evaluate_on_test = False
2019-02-13 02:43:08,762 - INFO - allennlp.training.trainer - Beginning training.
2019-02-13 02:43:08,762 - INFO - allennlp.training.trainer - Epoch 0/39
2019-02-13 02:43:08,762 - INFO - allennlp.training.trainer - Peak CPU memory usage MB: 5218.568
2019-02-13 02:43:08,930 - INFO - allennlp.training.trainer - GPU 0 memory usage MB: 334
2019-02-13 02:43:08,930 - INFO - allennlp.training.trainer - Training
2019-02-13 02:44:21,037 - INFO - allennlp.training.trainer - Validating
2019-02-13 02:44:22,574 - INFO - allennlp.training.trainer -                     Training |  Validation
2019-02-13 02:44:22,575 - INFO - allennlp.training.trainer - accuracy3       |     1.000  |     1.000
2019-02-13 02:44:22,575 - INFO - allennlp.training.trainer - accuracy        |     0.842  |     0.846
2019-02-13 02:44:22,575 - INFO - allennlp.training.trainer - loss            |     0.429  |     0.488
2019-02-13 02:44:22,576 - INFO - allennlp.training.trainer - gpu_0_memory_MB |   334.000  |       N/A
2019-02-13 02:44:22,576 - INFO - allennlp.training.trainer - cpu_memory_MB   |  5218.568  |       N/A
2019-02-13 02:44:22,608 - INFO - allennlp.training.trainer - Best validation performance so far. Copying weights to './model_params/best.th'.
2019-02-13 02:44:22,628 - INFO - allennlp.training.trainer - Epoch duration: 00:01:13
2019-02-13 02:44:22,629 - INFO - allennlp.training.trainer - Estimated training time remaining: 0:48:00
2019-02-13 02:44:22,629 - INFO - allennlp.training.trainer - Epoch 1/39
2019-02-13 02:44:22,629 - INFO - allennlp.training.trainer - Peak CPU memory usage MB: 5472.272
2019-02-13 02:44:22,807 - INFO - allennlp.training.trainer - GPU 0 memory usage MB: 355
2019-02-13 02:44:22,808 - INFO - allennlp.training.trainer - Training
2019-02-13 02:45:14,255 - INFO - allennlp.training.trainer - Validating
2019-02-13 02:45:15,173 - INFO - allennlp.training.trainer -                     Training |  Validation
2019-02-13 02:45:15,173 - INFO - allennlp.training.trainer - accuracy3       |     1.000  |     1.000
2019-02-13 02:45:15,174 - INFO - allennlp.training.trainer - accuracy        |     0.840  |     0.844
2019-02-13 02:45:15,174 - INFO - allennlp.training.trainer - loss            |     0.421  |     0.488
2019-02-13 02:45:15,174 - INFO - allennlp.training.trainer - gpu_0_memory_MB |   355.000  |       N/A
2019-02-13 02:45:15,175 - INFO - allennlp.training.trainer - cpu_memory_MB   |  5472.272  |       N/A
2019-02-13 02:45:15,196 - INFO - allennlp.training.trainer - Epoch duration: 00:00:52
2019-02-13 02:45:15,196 - INFO - allennlp.training.trainer - Estimated training time remaining: 0:40:02
2019-02-13 02:45:15,196 - INFO - allennlp.training.trainer - Epoch 2/39
2019-02-13 02:45:15,197 - INFO - allennlp.training.trainer - Peak CPU memory usage MB: 5472.744
2019-02-13 02:45:15,369 - INFO - allennlp.training.trainer - GPU 0 memory usage MB: 355
2019-02-13 02:45:15,370 - INFO - allennlp.training.trainer - Training
2019-02-13 02:46:06,738 - INFO - allennlp.training.trainer - Validating
2019-02-13 02:46:07,653 - INFO - allennlp.training.trainer -                     Training |  Validation
2019-02-13 02:46:07,654 - INFO - allennlp.training.trainer - accuracy3       |     1.000  |     1.000
2019-02-13 02:46:07,655 - INFO - allennlp.training.trainer - accuracy        |     0.840  |     0.850
2019-02-13 02:46:07,655 - INFO - allennlp.training.trainer - loss            |     0.421  |     0.495
2019-02-13 02:46:07,655 - INFO - allennlp.training.trainer - gpu_0_memory_MB |   355.000  |       N/A
2019-02-13 02:46:07,655 - INFO - allennlp.training.trainer - cpu_memory_MB   |  5472.744  |       N/A
2019-02-13 02:46:07,679 - INFO - allennlp.training.trainer - Epoch duration: 00:00:52
2019-02-13 02:46:07,679 - INFO - allennlp.training.trainer - Estimated training time remaining: 0:36:46
2019-02-13 02:46:07,679 - INFO - allennlp.training.trainer - Epoch 3/39
2019-02-13 02:46:07,679 - INFO - allennlp.training.trainer - Peak CPU memory usage MB: 5472.812
2019-02-13 02:46:07,850 - INFO - allennlp.training.trainer - GPU 0 memory usage MB: 355
2019-02-13 02:46:07,851 - INFO - allennlp.training.trainer - Training
2019-02-13 02:46:59,879 - INFO - allennlp.training.trainer - Validating
2019-02-13 02:47:00,910 - INFO - allennlp.training.trainer -                     Training |  Validation
2019-02-13 02:47:00,910 - INFO - allennlp.training.trainer - accuracy3       |     1.000  |     1.000
2019-02-13 02:47:00,911 - INFO - allennlp.training.trainer - accuracy        |     0.840  |     0.856
2019-02-13 02:47:00,912 - INFO - allennlp.training.trainer - loss            |     0.420  |     0.497
2019-02-13 02:47:00,912 - INFO - allennlp.training.trainer - gpu_0_memory_MB |   355.000  |       N/A
2019-02-13 02:47:00,912 - INFO - allennlp.training.trainer - cpu_memory_MB   |  5472.812  |       N/A
2019-02-13 02:47:00,936 - INFO - allennlp.training.trainer - Epoch duration: 00:00:53
2019-02-13 02:47:00,937 - INFO - allennlp.training.trainer - Estimated training time remaining: 0:34:49
2019-02-13 02:47:00,937 - INFO - allennlp.training.trainer - Epoch 4/39
2019-02-13 02:47:00,937 - INFO - allennlp.training.trainer - Peak CPU memory usage MB: 5472.816
2019-02-13 02:47:01,121 - INFO - allennlp.training.trainer - GPU 0 memory usage MB: 355
2019-02-13 02:47:01,122 - INFO - allennlp.training.trainer - Training
2019-02-13 02:47:52,986 - INFO - allennlp.training.trainer - Validating
2019-02-13 02:47:53,924 - INFO - allennlp.training.trainer -                     Training |  Validation
2019-02-13 02:47:53,925 - INFO - allennlp.training.trainer - accuracy3       |     1.000  |     1.000
2019-02-13 02:47:53,925 - INFO - allennlp.training.trainer - accuracy        |     0.840  |     0.853
2019-02-13 02:47:53,925 - INFO - allennlp.training.trainer - loss            |     0.421  |     0.494
2019-02-13 02:47:53,926 - INFO - allennlp.training.trainer - gpu_0_memory_MB |   355.000  |       N/A
2019-02-13 02:47:53,926 - INFO - allennlp.training.trainer - cpu_memory_MB   |  5472.816  |       N/A
2019-02-13 02:47:53,950 - INFO - allennlp.training.trainer - Epoch duration: 00:00:53
2019-02-13 02:47:53,950 - INFO - allennlp.training.trainer - Estimated training time remaining: 0:33:16
2019-02-13 02:47:53,951 - INFO - allennlp.training.trainer - Epoch 5/39
2019-02-13 02:47:53,951 - INFO - allennlp.training.trainer - Peak CPU memory usage MB: 5473.04
2019-02-13 02:47:54,123 - INFO - allennlp.training.trainer - GPU 0 memory usage MB: 355
2019-02-13 02:47:54,124 - INFO - allennlp.training.trainer - Training
2019-02-13 02:48:46,058 - INFO - allennlp.training.trainer - Validating
2019-02-13 02:48:46,989 - INFO - allennlp.training.trainer - Ran out of patience.  Stopping training.
2019-02-13 02:48:46,990 - INFO - allennlp.models.archival - archiving weights and vocabulary to ./model_params/model.tar.gz
2019-02-13 02:48:48,051 - INFO - allennlp.commands.train - Loading the best epoch weights.
2019-02-13 02:48:48,072 - INFO - allennlp.common.util - Metrics: {
  "peak_cpu_memory_MB": 5473.04,
  "peak_gpu_0_memory_MB": 355,
  "training_duration": "00:04:45",
  "training_start_epoch": 0,
  "training_epochs": 4,
  "epoch": 4,
  "training_accuracy": 0.8402737084412113,
  "training_accuracy3": 1.0,
  "training_loss": 0.4206790616563168,
  "training_cpu_memory_MB": 5472.816,
  "training_gpu_0_memory_MB": 355,
  "validation_accuracy": 0.8526562693821397,
  "validation_accuracy3": 1.0,
  "validation_loss": 0.4943872884828217,
  "best_epoch": 0,
  "best_validation_accuracy": 0.8463750465171352,
  "best_validation_accuracy3": 1.0,
  "best_validation_loss": 0.488129909853546
}
Token batch process time:
803.3758201599121
Token batch process time:
27.328113794326782
