2019-02-12 05:18:40,735 - INFO - allennlp.common.from_params - instantiating class <class 'allennlp.data.dataset_readers.dataset_reader.DatasetReader'> from params {'mytokenizer': {'type': 'word', 'word_splitter': {'ner': True, 'parse': True, 'pos_tags': True, 'type': 'whitespacy'}}, 'token_indexers': {'ner_tag': {'namespace': 'ner', 'type': 'ner_tag'}}, 'type': 'sequence_tagging2', 'word_tag_delimiter': '//'} and extras {}
2019-02-12 05:18:40,735 - INFO - allennlp.common.params - dataset_reader.type = sequence_tagging2
2019-02-12 05:18:40,736 - INFO - allennlp.common.from_params - instantiating class <class 'myallennlp.dataset_readers.sequence_tagging2.SequenceTaggingDatasetReader'> from params {'mytokenizer': {'type': 'word', 'word_splitter': {'ner': True, 'parse': True, 'pos_tags': True, 'type': 'whitespacy'}}, 'token_indexers': {'ner_tag': {'namespace': 'ner', 'type': 'ner_tag'}}, 'word_tag_delimiter': '//'} and extras {}
2019-02-12 05:18:40,736 - INFO - allennlp.common.params - dataset_reader.word_tag_delimiter = //
2019-02-12 05:18:40,736 - INFO - allennlp.common.params - dataset_reader.token_delimiter = None
2019-02-12 05:18:40,736 - INFO - allennlp.common.from_params - instantiating class allennlp.data.token_indexers.token_indexer.TokenIndexer from params {'namespace': 'ner', 'type': 'ner_tag'} and extras {}
2019-02-12 05:18:40,737 - INFO - allennlp.common.params - dataset_reader.token_indexers.ner_tag.type = ner_tag
2019-02-12 05:18:40,737 - INFO - allennlp.common.from_params - instantiating class allennlp.data.token_indexers.ner_tag_indexer.NerTagIndexer from params {'namespace': 'ner'} and extras {}
2019-02-12 05:18:40,737 - INFO - allennlp.common.params - dataset_reader.token_indexers.ner_tag.namespace = ner
2019-02-12 05:18:40,737 - INFO - allennlp.common.params - dataset_reader.lazy = False
2019-02-12 05:18:40,738 - INFO - allennlp.common.from_params - instantiating class <class 'allennlp.data.tokenizers.tokenizer.Tokenizer'> from params {'type': 'word', 'word_splitter': {'ner': True, 'parse': True, 'pos_tags': True, 'type': 'whitespacy'}} and extras {}
2019-02-12 05:18:40,738 - INFO - allennlp.common.params - dataset_reader.mytokenizer.type = word
2019-02-12 05:18:40,738 - INFO - allennlp.common.from_params - instantiating class <class 'allennlp.data.tokenizers.word_tokenizer.WordTokenizer'> from params {'word_splitter': {'ner': True, 'parse': True, 'pos_tags': True, 'type': 'whitespacy'}} and extras {}
2019-02-12 05:18:40,738 - INFO - allennlp.common.from_params - instantiating class <class 'allennlp.data.tokenizers.word_splitter.WordSplitter'> from params {'ner': True, 'parse': True, 'pos_tags': True, 'type': 'whitespacy'} and extras {}
2019-02-12 05:18:40,739 - INFO - allennlp.common.params - dataset_reader.mytokenizer.word_splitter.type = whitespacy
2019-02-12 05:18:40,739 - INFO - allennlp.common.from_params - instantiating class <class 'myallennlp.data.tokenizers.word_splitter.SpacyWordSplitter'> from params {'ner': True, 'parse': True, 'pos_tags': True} and extras {}
2019-02-12 05:18:40,739 - INFO - allennlp.common.params - dataset_reader.mytokenizer.word_splitter.language = en_core_web_sm
2019-02-12 05:18:40,739 - INFO - allennlp.common.params - dataset_reader.mytokenizer.word_splitter.pos_tags = True
2019-02-12 05:18:40,739 - INFO - allennlp.common.params - dataset_reader.mytokenizer.word_splitter.parse = True
2019-02-12 05:18:40,740 - INFO - allennlp.common.params - dataset_reader.mytokenizer.word_splitter.ner = True
2019-02-12 05:18:41,669 - INFO - allennlp.common.params - dataset_reader.mytokenizer.start_tokens = None
2019-02-12 05:18:41,669 - INFO - allennlp.common.params - dataset_reader.mytokenizer.end_tokens = None
2019-02-12 05:18:41,669 - INFO - allennlp.common.params - dataset_reader.use_spacy_directly = False
2019-02-12 05:18:41,670 - INFO - allennlp.common.params - validation_dataset_reader = None
2019-02-12 05:18:41,670 - INFO - allennlp.common.params - train_data_path = ../data/allenTrain.txt
2019-02-12 05:18:41,670 - INFO - allennlp.commands.train - Reading training data from ../data/allenTrain.txt
2019-02-12 05:18:41,671 - INFO - myallennlp.dataset_readers.sequence_tagging2 - Reading instances from lines in file at: ../data/allenTrain.txt
2019-02-12 05:20:15,647 - INFO - allennlp.common.params - validation_data_path = ../data/allenDev.txt
2019-02-12 05:20:15,647 - INFO - allennlp.commands.train - Reading validation data from ../data/allenDev.txt
2019-02-12 05:20:15,647 - INFO - myallennlp.dataset_readers.sequence_tagging2 - Reading instances from lines in file at: ../data/allenDev.txt
2019-02-12 05:21:05,499 - INFO - allennlp.common.params - test_data_path = None
2019-02-12 05:21:05,499 - INFO - allennlp.commands.train - From dataset instances, validation, train will be considered for vocabulary creation.
2019-02-12 05:21:05,499 - INFO - allennlp.common.params - vocabulary.type = None
2019-02-12 05:21:05,499 - INFO - allennlp.common.params - vocabulary.extend = False
2019-02-12 05:21:05,499 - INFO - allennlp.common.params - vocabulary.directory_path = None
2019-02-12 05:21:05,500 - INFO - allennlp.common.params - vocabulary.min_count = None
2019-02-12 05:21:05,500 - INFO - allennlp.common.params - vocabulary.max_vocab_size = None
2019-02-12 05:21:05,500 - INFO - allennlp.common.params - vocabulary.non_padded_namespaces = ('*tags', '*labels')
2019-02-12 05:21:05,500 - INFO - allennlp.common.params - vocabulary.min_pretrained_embeddings = None
2019-02-12 05:21:05,500 - INFO - allennlp.common.params - vocabulary.only_include_pretrained_words = False
2019-02-12 05:21:05,500 - INFO - allennlp.common.params - vocabulary.tokens_to_add = None
2019-02-12 05:21:05,500 - INFO - allennlp.data.vocabulary - Fitting token dictionary from dataset.
2019-02-12 05:21:05,834 - INFO - allennlp.common.from_params - instantiating class <class 'allennlp.models.model.Model'> from params {'Ntags0': 95, 'Ntags1': 5, 'do_crossentropy_weighting': True, 'encoder': {'bidirectional': True, 'dropout': 0.5, 'hidden_size': 19, 'input_size': 19, 'num_layers': 2, 'type': 'lstm'}, 'text_field_embedder': {'token_embedders': {'ner_tag': {'embedding_dim': 19, 'type': 'embedding', 'vocab_namespace': 'ner'}}}, 'type': 'simple_tagger2'} and extras {'vocab': Vocabulary with namespaces:  ner, Size: 21 || labels, Size: 2 || Non Padded Namespaces: {'*tags', '*labels'}}
2019-02-12 05:21:05,835 - INFO - allennlp.common.params - model.type = simple_tagger2
2019-02-12 05:21:05,835 - INFO - allennlp.common.from_params - instantiating class <class 'myallennlp.models.simple_tagger2.SimpleTagger2'> from params {'Ntags0': 95, 'Ntags1': 5, 'do_crossentropy_weighting': True, 'encoder': {'bidirectional': True, 'dropout': 0.5, 'hidden_size': 19, 'input_size': 19, 'num_layers': 2, 'type': 'lstm'}, 'text_field_embedder': {'token_embedders': {'ner_tag': {'embedding_dim': 19, 'type': 'embedding', 'vocab_namespace': 'ner'}}}} and extras {'vocab': Vocabulary with namespaces:  ner, Size: 21 || labels, Size: 2 || Non Padded Namespaces: {'*tags', '*labels'}}
2019-02-12 05:21:05,835 - INFO - allennlp.common.from_params - instantiating class <class 'allennlp.modules.text_field_embedders.text_field_embedder.TextFieldEmbedder'> from params {'token_embedders': {'ner_tag': {'embedding_dim': 19, 'type': 'embedding', 'vocab_namespace': 'ner'}}} and extras {'vocab': Vocabulary with namespaces:  ner, Size: 21 || labels, Size: 2 || Non Padded Namespaces: {'*tags', '*labels'}}
2019-02-12 05:21:05,835 - INFO - allennlp.common.params - model.text_field_embedder.type = basic
2019-02-12 05:21:05,836 - INFO - allennlp.common.params - model.text_field_embedder.embedder_to_indexer_map = None
2019-02-12 05:21:05,836 - INFO - allennlp.common.params - model.text_field_embedder.allow_unmatched_keys = False
2019-02-12 05:21:05,836 - INFO - allennlp.common.from_params - instantiating class <class 'allennlp.modules.token_embedders.token_embedder.TokenEmbedder'> from params {'embedding_dim': 19, 'type': 'embedding', 'vocab_namespace': 'ner'} and extras {'vocab': Vocabulary with namespaces:  ner, Size: 21 || labels, Size: 2 || Non Padded Namespaces: {'*tags', '*labels'}}
2019-02-12 05:21:05,837 - INFO - allennlp.common.params - model.text_field_embedder.token_embedders.ner_tag.type = embedding
2019-02-12 05:21:05,837 - INFO - allennlp.common.params - model.text_field_embedder.token_embedders.ner_tag.num_embeddings = None
2019-02-12 05:21:05,837 - INFO - allennlp.common.params - model.text_field_embedder.token_embedders.ner_tag.vocab_namespace = ner
2019-02-12 05:21:05,837 - INFO - allennlp.common.params - model.text_field_embedder.token_embedders.ner_tag.embedding_dim = 19
2019-02-12 05:21:05,837 - INFO - allennlp.common.params - model.text_field_embedder.token_embedders.ner_tag.pretrained_file = None
2019-02-12 05:21:05,838 - INFO - allennlp.common.params - model.text_field_embedder.token_embedders.ner_tag.projection_dim = None
2019-02-12 05:21:05,838 - INFO - allennlp.common.params - model.text_field_embedder.token_embedders.ner_tag.trainable = True
2019-02-12 05:21:05,838 - INFO - allennlp.common.params - model.text_field_embedder.token_embedders.ner_tag.padding_index = None
2019-02-12 05:21:05,838 - INFO - allennlp.common.params - model.text_field_embedder.token_embedders.ner_tag.max_norm = None
2019-02-12 05:21:05,839 - INFO - allennlp.common.params - model.text_field_embedder.token_embedders.ner_tag.norm_type = 2.0
2019-02-12 05:21:05,839 - INFO - allennlp.common.params - model.text_field_embedder.token_embedders.ner_tag.scale_grad_by_freq = False
2019-02-12 05:21:05,839 - INFO - allennlp.common.params - model.text_field_embedder.token_embedders.ner_tag.sparse = False
2019-02-12 05:21:05,840 - INFO - allennlp.common.from_params - instantiating class <class 'allennlp.modules.seq2seq_encoders.seq2seq_encoder.Seq2SeqEncoder'> from params {'bidirectional': True, 'dropout': 0.5, 'hidden_size': 19, 'input_size': 19, 'num_layers': 2, 'type': 'lstm'} and extras {'vocab': Vocabulary with namespaces:  ner, Size: 21 || labels, Size: 2 || Non Padded Namespaces: {'*tags', '*labels'}}
2019-02-12 05:21:05,840 - INFO - allennlp.common.params - model.encoder.type = lstm
2019-02-12 05:21:05,840 - INFO - allennlp.common.params - model.encoder.batch_first = True
2019-02-12 05:21:05,841 - INFO - allennlp.common.params - model.encoder.stateful = False
2019-02-12 05:21:05,841 - INFO - allennlp.common.params - Converting Params object to dict; logging of default values will not occur when dictionary parameters are used subsequently.
2019-02-12 05:21:05,841 - INFO - allennlp.common.params - CURRENTLY DEFINED PARAMETERS: 
2019-02-12 05:21:05,841 - INFO - allennlp.common.params - model.encoder.bidirectional = True
2019-02-12 05:21:05,841 - INFO - allennlp.common.params - model.encoder.dropout = 0.5
2019-02-12 05:21:05,841 - INFO - allennlp.common.params - model.encoder.hidden_size = 19
2019-02-12 05:21:05,841 - INFO - allennlp.common.params - model.encoder.input_size = 19
2019-02-12 05:21:05,842 - INFO - allennlp.common.params - model.encoder.num_layers = 2
2019-02-12 05:21:05,842 - INFO - allennlp.common.params - model.encoder.batch_first = True
2019-02-12 05:21:05,844 - INFO - allennlp.common.params - model.do_crossentropy_weighting = True
2019-02-12 05:21:05,845 - INFO - allennlp.common.params - model.Ntags0 = 95
2019-02-12 05:21:05,845 - INFO - allennlp.common.params - model.Ntags1 = 5
2019-02-12 05:21:05,846 - INFO - allennlp.nn.initializers - Initializing parameters
2019-02-12 05:21:05,846 - INFO - allennlp.nn.initializers - Done initializing parameters; the following parameters are using their default initialization from their code
2019-02-12 05:21:05,846 - INFO - allennlp.nn.initializers -    encoder._module.bias_hh_l0
2019-02-12 05:21:05,846 - INFO - allennlp.nn.initializers -    encoder._module.bias_hh_l0_reverse
2019-02-12 05:21:05,846 - INFO - allennlp.nn.initializers -    encoder._module.bias_hh_l1
2019-02-12 05:21:05,847 - INFO - allennlp.nn.initializers -    encoder._module.bias_hh_l1_reverse
2019-02-12 05:21:05,847 - INFO - allennlp.nn.initializers -    encoder._module.bias_ih_l0
2019-02-12 05:21:05,847 - INFO - allennlp.nn.initializers -    encoder._module.bias_ih_l0_reverse
2019-02-12 05:21:05,847 - INFO - allennlp.nn.initializers -    encoder._module.bias_ih_l1
2019-02-12 05:21:05,847 - INFO - allennlp.nn.initializers -    encoder._module.bias_ih_l1_reverse
2019-02-12 05:21:05,847 - INFO - allennlp.nn.initializers -    encoder._module.weight_hh_l0
2019-02-12 05:21:05,847 - INFO - allennlp.nn.initializers -    encoder._module.weight_hh_l0_reverse
2019-02-12 05:21:05,848 - INFO - allennlp.nn.initializers -    encoder._module.weight_hh_l1
2019-02-12 05:21:05,848 - INFO - allennlp.nn.initializers -    encoder._module.weight_hh_l1_reverse
2019-02-12 05:21:05,848 - INFO - allennlp.nn.initializers -    encoder._module.weight_ih_l0
2019-02-12 05:21:05,848 - INFO - allennlp.nn.initializers -    encoder._module.weight_ih_l0_reverse
2019-02-12 05:21:05,848 - INFO - allennlp.nn.initializers -    encoder._module.weight_ih_l1
2019-02-12 05:21:05,848 - INFO - allennlp.nn.initializers -    encoder._module.weight_ih_l1_reverse
2019-02-12 05:21:05,848 - INFO - allennlp.nn.initializers -    tag_projection_layer._module.bias
2019-02-12 05:21:05,848 - INFO - allennlp.nn.initializers -    tag_projection_layer._module.weight
2019-02-12 05:21:05,848 - INFO - allennlp.nn.initializers -    text_field_embedder.token_embedder_ner_tag.weight
2019-02-12 05:21:05,849 - INFO - allennlp.common.from_params - instantiating class <class 'allennlp.data.iterators.data_iterator.DataIterator'> from params {'batch_size': 32, 'type': 'basic'} and extras {}
2019-02-12 05:21:05,849 - INFO - allennlp.common.params - iterator.type = basic
2019-02-12 05:21:05,850 - INFO - allennlp.common.from_params - instantiating class <class 'allennlp.data.iterators.basic_iterator.BasicIterator'> from params {'batch_size': 32} and extras {}
2019-02-12 05:21:05,850 - INFO - allennlp.common.params - iterator.batch_size = 32
2019-02-12 05:21:05,850 - INFO - allennlp.common.params - iterator.instances_per_epoch = None
2019-02-12 05:21:05,850 - INFO - allennlp.common.params - iterator.max_instances_in_memory = None
2019-02-12 05:21:05,850 - INFO - allennlp.common.params - iterator.cache_instances = False
2019-02-12 05:21:05,851 - INFO - allennlp.common.params - iterator.track_epoch = False
2019-02-12 05:21:05,851 - INFO - allennlp.common.params - iterator.maximum_samples_per_batch = None
2019-02-12 05:21:05,851 - INFO - allennlp.common.params - validation_iterator = None
2019-02-12 05:21:05,851 - INFO - allennlp.common.params - trainer.no_grad = ()
2019-02-12 05:21:05,851 - INFO - allennlp.commands.train - Following parameters are Frozen  (without gradient):
2019-02-12 05:21:05,852 - INFO - allennlp.commands.train - Following parameters are Tunable (with gradient):
2019-02-12 05:21:05,852 - INFO - allennlp.commands.train - text_field_embedder.token_embedder_ner_tag.weight
2019-02-12 05:21:05,852 - INFO - allennlp.commands.train - encoder._module.weight_ih_l0
2019-02-12 05:21:05,852 - INFO - allennlp.commands.train - encoder._module.weight_hh_l0
2019-02-12 05:21:05,852 - INFO - allennlp.commands.train - encoder._module.bias_ih_l0
2019-02-12 05:21:05,852 - INFO - allennlp.commands.train - encoder._module.bias_hh_l0
2019-02-12 05:21:05,852 - INFO - allennlp.commands.train - encoder._module.weight_ih_l0_reverse
2019-02-12 05:21:05,852 - INFO - allennlp.commands.train - encoder._module.weight_hh_l0_reverse
2019-02-12 05:21:05,853 - INFO - allennlp.commands.train - encoder._module.bias_ih_l0_reverse
2019-02-12 05:21:05,853 - INFO - allennlp.commands.train - encoder._module.bias_hh_l0_reverse
2019-02-12 05:21:05,853 - INFO - allennlp.commands.train - encoder._module.weight_ih_l1
2019-02-12 05:21:05,853 - INFO - allennlp.commands.train - encoder._module.weight_hh_l1
2019-02-12 05:21:05,853 - INFO - allennlp.commands.train - encoder._module.bias_ih_l1
2019-02-12 05:21:05,853 - INFO - allennlp.commands.train - encoder._module.bias_hh_l1
2019-02-12 05:21:05,853 - INFO - allennlp.commands.train - encoder._module.weight_ih_l1_reverse
2019-02-12 05:21:05,854 - INFO - allennlp.commands.train - encoder._module.weight_hh_l1_reverse
2019-02-12 05:21:05,854 - INFO - allennlp.commands.train - encoder._module.bias_ih_l1_reverse
2019-02-12 05:21:05,854 - INFO - allennlp.commands.train - encoder._module.bias_hh_l1_reverse
2019-02-12 05:21:05,854 - INFO - allennlp.commands.train - tag_projection_layer._module.weight
2019-02-12 05:21:05,854 - INFO - allennlp.commands.train - tag_projection_layer._module.bias
2019-02-12 05:21:05,854 - INFO - allennlp.common.params - trainer.type = default
2019-02-12 05:21:05,855 - INFO - allennlp.common.params - trainer.patience = 5
2019-02-12 05:21:05,855 - INFO - allennlp.common.params - trainer.validation_metric = -loss
2019-02-12 05:21:05,855 - INFO - allennlp.common.params - trainer.shuffle = True
2019-02-12 05:21:05,855 - INFO - allennlp.common.params - trainer.num_epochs = 40
2019-02-12 05:21:05,855 - INFO - allennlp.common.params - trainer.cuda_device = 0
2019-02-12 05:21:05,855 - INFO - allennlp.common.params - trainer.grad_norm = None
2019-02-12 05:21:05,855 - INFO - allennlp.common.params - trainer.grad_clipping = None
2019-02-12 05:21:05,856 - INFO - allennlp.common.params - trainer.learning_rate_scheduler = None
2019-02-12 05:21:09,679 - INFO - allennlp.common.params - trainer.optimizer = adam
2019-02-12 05:21:09,679 - INFO - allennlp.common.params - parameter_groups = None
2019-02-12 05:21:09,680 - INFO - allennlp.training.optimizers - Number of trainable parameters: 15525
2019-02-12 05:21:09,681 - INFO - allennlp.common.params - Converting Params object to dict; logging of default values will not occur when dictionary parameters are used subsequently.
2019-02-12 05:21:09,681 - INFO - allennlp.common.params - CURRENTLY DEFINED PARAMETERS: 
2019-02-12 05:21:09,681 - INFO - allennlp.common.params - trainer.num_serialized_models_to_keep = 20
2019-02-12 05:21:09,681 - INFO - allennlp.common.params - trainer.keep_serialized_model_every_num_seconds = None
2019-02-12 05:21:09,682 - INFO - allennlp.common.params - trainer.model_save_interval = None
2019-02-12 05:21:09,682 - INFO - allennlp.common.params - trainer.summary_interval = 100
2019-02-12 05:21:09,682 - INFO - allennlp.common.params - trainer.histogram_interval = None
2019-02-12 05:21:09,682 - INFO - allennlp.common.params - trainer.should_log_parameter_statistics = True
2019-02-12 05:21:09,682 - INFO - allennlp.common.params - trainer.should_log_learning_rate = False
2019-02-12 05:21:09,682 - INFO - allennlp.common.params - trainer.log_batch_size_period = None
2019-02-12 05:21:09,686 - INFO - allennlp.common.params - evaluate_on_test = False
2019-02-12 05:21:09,686 - INFO - allennlp.training.trainer - Beginning training.
2019-02-12 05:21:09,687 - INFO - allennlp.training.trainer - Epoch 0/39
2019-02-12 05:21:09,687 - INFO - allennlp.training.trainer - Peak CPU memory usage MB: 2614.176
2019-02-12 05:21:09,789 - INFO - allennlp.training.trainer - GPU 0 memory usage MB: 766
2019-02-12 05:21:09,789 - INFO - allennlp.training.trainer - Training
2019-02-12 05:21:37,038 - INFO - allennlp.training.trainer - Validating
2019-02-12 05:21:41,645 - INFO - allennlp.training.trainer -                     Training |  Validation
2019-02-12 05:21:41,646 - INFO - allennlp.training.trainer - cpu_memory_MB   |  2614.176  |       N/A
2019-02-12 05:21:41,646 - INFO - allennlp.training.trainer - loss            |     0.620  |     0.633
2019-02-12 05:21:41,647 - INFO - allennlp.training.trainer - accuracy        |     0.833  |     0.837
2019-02-12 05:21:41,647 - INFO - allennlp.training.trainer - accuracy3       |     1.000  |     1.000
2019-02-12 05:21:41,647 - INFO - allennlp.training.trainer - gpu_0_memory_MB |   766.000  |       N/A
2019-02-12 05:21:41,653 - INFO - allennlp.training.trainer - Best validation performance so far. Copying weights to './model_params/best.th'.
2019-02-12 05:21:41,654 - INFO - allennlp.training.trainer - Epoch duration: 00:00:31
2019-02-12 05:21:41,654 - INFO - allennlp.training.trainer - Estimated training time remaining: 0:20:46
2019-02-12 05:21:41,654 - INFO - allennlp.training.trainer - Epoch 1/39
2019-02-12 05:21:41,654 - INFO - allennlp.training.trainer - Peak CPU memory usage MB: 2636.128
2019-02-12 05:21:41,767 - INFO - allennlp.training.trainer - GPU 0 memory usage MB: 774
2019-02-12 05:21:41,768 - INFO - allennlp.training.trainer - Training
2019-02-12 05:22:06,892 - INFO - allennlp.training.trainer - Validating
2019-02-12 05:22:11,224 - INFO - allennlp.training.trainer -                     Training |  Validation
2019-02-12 05:22:11,225 - INFO - allennlp.training.trainer - cpu_memory_MB   |  2636.128  |       N/A
2019-02-12 05:22:11,225 - INFO - allennlp.training.trainer - loss            |     0.536  |     0.638
2019-02-12 05:22:11,225 - INFO - allennlp.training.trainer - accuracy        |     0.837  |     0.858
2019-02-12 05:22:11,226 - INFO - allennlp.training.trainer - accuracy3       |     1.000  |     1.000
2019-02-12 05:22:11,226 - INFO - allennlp.training.trainer - gpu_0_memory_MB |   774.000  |       N/A
2019-02-12 05:22:11,231 - INFO - allennlp.training.trainer - Epoch duration: 00:00:29
2019-02-12 05:22:11,231 - INFO - allennlp.training.trainer - Estimated training time remaining: 0:19:29
2019-02-12 05:22:11,232 - INFO - allennlp.training.trainer - Epoch 2/39
2019-02-12 05:22:11,232 - INFO - allennlp.training.trainer - Peak CPU memory usage MB: 2636.428
2019-02-12 05:22:11,329 - INFO - allennlp.training.trainer - GPU 0 memory usage MB: 774
2019-02-12 05:22:11,330 - INFO - allennlp.training.trainer - Training
2019-02-12 05:22:38,258 - INFO - allennlp.training.trainer - Validating
2019-02-12 05:22:42,496 - INFO - allennlp.training.trainer -                     Training |  Validation
2019-02-12 05:22:42,497 - INFO - allennlp.training.trainer - cpu_memory_MB   |  2636.428  |       N/A
2019-02-12 05:22:42,497 - INFO - allennlp.training.trainer - loss            |     0.524  |     0.628
2019-02-12 05:22:42,497 - INFO - allennlp.training.trainer - accuracy        |     0.855  |     0.869
2019-02-12 05:22:42,497 - INFO - allennlp.training.trainer - accuracy3       |     1.000  |     1.000
2019-02-12 05:22:42,497 - INFO - allennlp.training.trainer - gpu_0_memory_MB |   774.000  |       N/A
2019-02-12 05:22:42,503 - INFO - allennlp.training.trainer - Best validation performance so far. Copying weights to './model_params/best.th'.
2019-02-12 05:22:42,504 - INFO - allennlp.training.trainer - Epoch duration: 00:00:31
2019-02-12 05:22:42,504 - INFO - allennlp.training.trainer - Estimated training time remaining: 0:19:04
2019-02-12 05:22:42,505 - INFO - allennlp.training.trainer - Epoch 3/39
2019-02-12 05:22:42,505 - INFO - allennlp.training.trainer - Peak CPU memory usage MB: 2636.52
2019-02-12 05:22:42,603 - INFO - allennlp.training.trainer - GPU 0 memory usage MB: 774
2019-02-12 05:22:42,603 - INFO - allennlp.training.trainer - Training
2019-02-12 05:23:09,336 - INFO - allennlp.training.trainer - Validating
2019-02-12 05:23:13,633 - INFO - allennlp.training.trainer -                     Training |  Validation
2019-02-12 05:23:13,634 - INFO - allennlp.training.trainer - cpu_memory_MB   |  2636.520  |       N/A
2019-02-12 05:23:13,635 - INFO - allennlp.training.trainer - loss            |     0.516  |     0.619
2019-02-12 05:23:13,635 - INFO - allennlp.training.trainer - accuracy        |     0.863  |     0.876
2019-02-12 05:23:13,635 - INFO - allennlp.training.trainer - accuracy3       |     1.000  |     1.000
2019-02-12 05:23:13,635 - INFO - allennlp.training.trainer - gpu_0_memory_MB |   774.000  |       N/A
2019-02-12 05:23:13,641 - INFO - allennlp.training.trainer - Best validation performance so far. Copying weights to './model_params/best.th'.
2019-02-12 05:23:13,641 - INFO - allennlp.training.trainer - Epoch duration: 00:00:31
2019-02-12 05:23:13,642 - INFO - allennlp.training.trainer - Estimated training time remaining: 0:18:35
2019-02-12 05:23:13,642 - INFO - allennlp.training.trainer - Epoch 4/39
2019-02-12 05:23:13,642 - INFO - allennlp.training.trainer - Peak CPU memory usage MB: 2636.756
2019-02-12 05:23:13,735 - INFO - allennlp.training.trainer - GPU 0 memory usage MB: 776
2019-02-12 05:23:13,736 - INFO - allennlp.training.trainer - Training
2019-02-12 05:23:38,826 - INFO - allennlp.training.trainer - Validating
2019-02-12 05:23:43,262 - INFO - allennlp.training.trainer -                     Training |  Validation
2019-02-12 05:23:43,263 - INFO - allennlp.training.trainer - cpu_memory_MB   |  2636.756  |       N/A
2019-02-12 05:23:43,263 - INFO - allennlp.training.trainer - loss            |     0.514  |     0.630
2019-02-12 05:23:43,263 - INFO - allennlp.training.trainer - accuracy        |     0.868  |     0.875
2019-02-12 05:23:43,263 - INFO - allennlp.training.trainer - accuracy3       |     1.000  |     1.000
2019-02-12 05:23:43,263 - INFO - allennlp.training.trainer - gpu_0_memory_MB |   776.000  |       N/A
2019-02-12 05:23:43,269 - INFO - allennlp.training.trainer - Epoch duration: 00:00:29
2019-02-12 05:23:43,270 - INFO - allennlp.training.trainer - Estimated training time remaining: 0:17:55
2019-02-12 05:23:43,270 - INFO - allennlp.training.trainer - Epoch 5/39
2019-02-12 05:23:43,270 - INFO - allennlp.training.trainer - Peak CPU memory usage MB: 2636.792
2019-02-12 05:23:43,372 - INFO - allennlp.training.trainer - GPU 0 memory usage MB: 776
2019-02-12 05:23:43,372 - INFO - allennlp.training.trainer - Training
2019-02-12 05:24:10,483 - INFO - allennlp.training.trainer - Validating
2019-02-12 05:24:14,656 - INFO - allennlp.training.trainer -                     Training |  Validation
2019-02-12 05:24:14,657 - INFO - allennlp.training.trainer - cpu_memory_MB   |  2636.792  |       N/A
2019-02-12 05:24:14,657 - INFO - allennlp.training.trainer - loss            |     0.511  |     0.618
2019-02-12 05:24:14,657 - INFO - allennlp.training.trainer - accuracy        |     0.869  |     0.868
2019-02-12 05:24:14,657 - INFO - allennlp.training.trainer - accuracy3       |     1.000  |     1.000
2019-02-12 05:24:14,658 - INFO - allennlp.training.trainer - gpu_0_memory_MB |   776.000  |       N/A
2019-02-12 05:24:14,663 - INFO - allennlp.training.trainer - Best validation performance so far. Copying weights to './model_params/best.th'.
2019-02-12 05:24:14,664 - INFO - allennlp.training.trainer - Epoch duration: 00:00:31
2019-02-12 05:24:14,664 - INFO - allennlp.training.trainer - Estimated training time remaining: 0:17:28
2019-02-12 05:24:14,664 - INFO - allennlp.training.trainer - Epoch 6/39
2019-02-12 05:24:14,664 - INFO - allennlp.training.trainer - Peak CPU memory usage MB: 2636.824
2019-02-12 05:24:14,762 - INFO - allennlp.training.trainer - GPU 0 memory usage MB: 776
2019-02-12 05:24:14,763 - INFO - allennlp.training.trainer - Training
2019-02-12 05:24:40,653 - INFO - allennlp.training.trainer - Validating
2019-02-12 05:24:45,005 - INFO - allennlp.training.trainer -                     Training |  Validation
2019-02-12 05:24:45,006 - INFO - allennlp.training.trainer - cpu_memory_MB   |  2636.824  |       N/A
2019-02-12 05:24:45,006 - INFO - allennlp.training.trainer - loss            |     0.510  |     0.615
2019-02-12 05:24:45,007 - INFO - allennlp.training.trainer - accuracy        |     0.869  |     0.877
2019-02-12 05:24:45,007 - INFO - allennlp.training.trainer - accuracy3       |     1.000  |     1.000
2019-02-12 05:24:45,007 - INFO - allennlp.training.trainer - gpu_0_memory_MB |   776.000  |       N/A
2019-02-12 05:24:45,013 - INFO - allennlp.training.trainer - Best validation performance so far. Copying weights to './model_params/best.th'.
2019-02-12 05:24:45,013 - INFO - allennlp.training.trainer - Epoch duration: 00:00:30
2019-02-12 05:24:45,014 - INFO - allennlp.training.trainer - Estimated training time remaining: 0:16:55
2019-02-12 05:24:45,014 - INFO - allennlp.training.trainer - Epoch 7/39
2019-02-12 05:24:45,014 - INFO - allennlp.training.trainer - Peak CPU memory usage MB: 2636.944
2019-02-12 05:24:45,114 - INFO - allennlp.training.trainer - GPU 0 memory usage MB: 776
2019-02-12 05:24:45,115 - INFO - allennlp.training.trainer - Training
2019-02-12 05:25:11,927 - INFO - allennlp.training.trainer - Validating
2019-02-12 05:25:16,238 - INFO - allennlp.training.trainer -                     Training |  Validation
2019-02-12 05:25:16,239 - INFO - allennlp.training.trainer - cpu_memory_MB   |  2636.944  |       N/A
2019-02-12 05:25:16,240 - INFO - allennlp.training.trainer - loss            |     0.507  |     0.621
2019-02-12 05:25:16,240 - INFO - allennlp.training.trainer - accuracy        |     0.872  |     0.875
2019-02-12 05:25:16,240 - INFO - allennlp.training.trainer - accuracy3       |     1.000  |     1.000
2019-02-12 05:25:16,240 - INFO - allennlp.training.trainer - gpu_0_memory_MB |   776.000  |       N/A
2019-02-12 05:25:16,246 - INFO - allennlp.training.trainer - Epoch duration: 00:00:31
2019-02-12 05:25:16,246 - INFO - allennlp.training.trainer - Estimated training time remaining: 0:16:26
2019-02-12 05:25:16,246 - INFO - allennlp.training.trainer - Epoch 8/39
2019-02-12 05:25:16,246 - INFO - allennlp.training.trainer - Peak CPU memory usage MB: 2636.996
2019-02-12 05:25:16,347 - INFO - allennlp.training.trainer - GPU 0 memory usage MB: 776
2019-02-12 05:25:16,348 - INFO - allennlp.training.trainer - Training
2019-02-12 05:25:43,106 - INFO - allennlp.training.trainer - Validating
2019-02-12 05:25:47,468 - INFO - allennlp.training.trainer -                     Training |  Validation
2019-02-12 05:25:47,469 - INFO - allennlp.training.trainer - cpu_memory_MB   |  2636.996  |       N/A
2019-02-12 05:25:47,470 - INFO - allennlp.training.trainer - loss            |     0.506  |     0.613
2019-02-12 05:25:47,470 - INFO - allennlp.training.trainer - accuracy        |     0.871  |     0.871
2019-02-12 05:25:47,470 - INFO - allennlp.training.trainer - accuracy3       |     1.000  |     1.000
2019-02-12 05:25:47,470 - INFO - allennlp.training.trainer - gpu_0_memory_MB |   776.000  |       N/A
2019-02-12 05:25:47,475 - INFO - allennlp.training.trainer - Best validation performance so far. Copying weights to './model_params/best.th'.
2019-02-12 05:25:47,476 - INFO - allennlp.training.trainer - Epoch duration: 00:00:31
2019-02-12 05:25:47,476 - INFO - allennlp.training.trainer - Estimated training time remaining: 0:15:56
2019-02-12 05:25:47,476 - INFO - allennlp.training.trainer - Epoch 9/39
2019-02-12 05:25:47,476 - INFO - allennlp.training.trainer - Peak CPU memory usage MB: 2637.084
2019-02-12 05:25:47,578 - INFO - allennlp.training.trainer - GPU 0 memory usage MB: 776
2019-02-12 05:25:47,578 - INFO - allennlp.training.trainer - Training
2019-02-12 05:26:13,252 - INFO - allennlp.training.trainer - Validating
2019-02-12 05:26:17,479 - INFO - allennlp.training.trainer -                     Training |  Validation
2019-02-12 05:26:17,480 - INFO - allennlp.training.trainer - cpu_memory_MB   |  2637.084  |       N/A
2019-02-12 05:26:17,480 - INFO - allennlp.training.trainer - loss            |     0.506  |     0.607
2019-02-12 05:26:17,480 - INFO - allennlp.training.trainer - accuracy        |     0.871  |     0.875
2019-02-12 05:26:17,480 - INFO - allennlp.training.trainer - accuracy3       |     1.000  |     1.000
2019-02-12 05:26:17,480 - INFO - allennlp.training.trainer - gpu_0_memory_MB |   776.000  |       N/A
2019-02-12 05:26:17,486 - INFO - allennlp.training.trainer - Best validation performance so far. Copying weights to './model_params/best.th'.
2019-02-12 05:26:17,486 - INFO - allennlp.training.trainer - Epoch duration: 00:00:30
2019-02-12 05:26:17,487 - INFO - allennlp.training.trainer - Estimated training time remaining: 0:15:23
2019-02-12 05:26:17,487 - INFO - allennlp.training.trainer - Epoch 10/39
2019-02-12 05:26:17,487 - INFO - allennlp.training.trainer - Peak CPU memory usage MB: 2637.268
2019-02-12 05:26:17,591 - INFO - allennlp.training.trainer - GPU 0 memory usage MB: 776
2019-02-12 05:26:17,591 - INFO - allennlp.training.trainer - Training
2019-02-12 05:26:44,029 - INFO - allennlp.training.trainer - Validating
2019-02-12 05:26:48,351 - INFO - allennlp.training.trainer -                     Training |  Validation
2019-02-12 05:26:48,354 - INFO - allennlp.training.trainer - cpu_memory_MB   |  2637.268  |       N/A
2019-02-12 05:26:48,354 - INFO - allennlp.training.trainer - loss            |     0.504  |     0.607
2019-02-12 05:26:48,354 - INFO - allennlp.training.trainer - accuracy        |     0.873  |     0.867
2019-02-12 05:26:48,354 - INFO - allennlp.training.trainer - accuracy3       |     1.000  |     1.000
2019-02-12 05:26:48,354 - INFO - allennlp.training.trainer - gpu_0_memory_MB |   776.000  |       N/A
2019-02-12 05:26:48,360 - INFO - allennlp.training.trainer - Best validation performance so far. Copying weights to './model_params/best.th'.
2019-02-12 05:26:48,361 - INFO - allennlp.training.trainer - Epoch duration: 00:00:30
2019-02-12 05:26:48,361 - INFO - allennlp.training.trainer - Estimated training time remaining: 0:14:52
2019-02-12 05:26:48,361 - INFO - allennlp.training.trainer - Epoch 11/39
2019-02-12 05:26:48,361 - INFO - allennlp.training.trainer - Peak CPU memory usage MB: 2637.436
2019-02-12 05:26:48,474 - INFO - allennlp.training.trainer - GPU 0 memory usage MB: 776
2019-02-12 05:26:48,475 - INFO - allennlp.training.trainer - Training
2019-02-12 05:27:15,214 - INFO - allennlp.training.trainer - Validating
2019-02-12 05:27:19,661 - INFO - allennlp.training.trainer -                     Training |  Validation
2019-02-12 05:27:19,662 - INFO - allennlp.training.trainer - cpu_memory_MB   |  2637.436  |       N/A
2019-02-12 05:27:19,662 - INFO - allennlp.training.trainer - loss            |     0.504  |     0.623
2019-02-12 05:27:19,663 - INFO - allennlp.training.trainer - accuracy        |     0.872  |     0.874
2019-02-12 05:27:19,663 - INFO - allennlp.training.trainer - accuracy3       |     1.000  |     1.000
2019-02-12 05:27:19,663 - INFO - allennlp.training.trainer - gpu_0_memory_MB |   776.000  |       N/A
2019-02-12 05:27:19,668 - INFO - allennlp.training.trainer - Epoch duration: 00:00:31
2019-02-12 05:27:19,668 - INFO - allennlp.training.trainer - Estimated training time remaining: 0:14:23
2019-02-12 05:27:19,668 - INFO - allennlp.training.trainer - Epoch 12/39
2019-02-12 05:27:19,668 - INFO - allennlp.training.trainer - Peak CPU memory usage MB: 2637.468
2019-02-12 05:27:19,767 - INFO - allennlp.training.trainer - GPU 0 memory usage MB: 776
2019-02-12 05:27:19,767 - INFO - allennlp.training.trainer - Training
2019-02-12 05:27:46,198 - INFO - allennlp.training.trainer - Validating
2019-02-12 05:27:50,555 - INFO - allennlp.training.trainer -                     Training |  Validation
2019-02-12 05:27:50,556 - INFO - allennlp.training.trainer - cpu_memory_MB   |  2637.468  |       N/A
2019-02-12 05:27:50,556 - INFO - allennlp.training.trainer - loss            |     0.502  |     0.600
2019-02-12 05:27:50,556 - INFO - allennlp.training.trainer - accuracy        |     0.872  |     0.877
2019-02-12 05:27:50,556 - INFO - allennlp.training.trainer - accuracy3       |     1.000  |     1.000
2019-02-12 05:27:50,557 - INFO - allennlp.training.trainer - gpu_0_memory_MB |   776.000  |       N/A
2019-02-12 05:27:50,566 - INFO - allennlp.training.trainer - Best validation performance so far. Copying weights to './model_params/best.th'.
2019-02-12 05:27:50,567 - INFO - allennlp.training.trainer - Epoch duration: 00:00:30
2019-02-12 05:27:50,567 - INFO - allennlp.training.trainer - Estimated training time remaining: 0:13:52
2019-02-12 05:27:50,567 - INFO - allennlp.training.trainer - Epoch 13/39
2019-02-12 05:27:50,568 - INFO - allennlp.training.trainer - Peak CPU memory usage MB: 2637.472
2019-02-12 05:27:50,676 - INFO - allennlp.training.trainer - GPU 0 memory usage MB: 776
2019-02-12 05:27:50,677 - INFO - allennlp.training.trainer - Training
2019-02-12 05:28:17,024 - INFO - allennlp.training.trainer - Validating
2019-02-12 05:28:21,448 - INFO - allennlp.training.trainer -                     Training |  Validation
2019-02-12 05:28:21,450 - INFO - allennlp.training.trainer - cpu_memory_MB   |  2637.472  |       N/A
2019-02-12 05:28:21,450 - INFO - allennlp.training.trainer - loss            |     0.502  |     0.609
2019-02-12 05:28:21,450 - INFO - allennlp.training.trainer - accuracy        |     0.874  |     0.879
2019-02-12 05:28:21,450 - INFO - allennlp.training.trainer - accuracy3       |     1.000  |     1.000
2019-02-12 05:28:21,450 - INFO - allennlp.training.trainer - gpu_0_memory_MB |   776.000  |       N/A
2019-02-12 05:28:21,456 - INFO - allennlp.training.trainer - Epoch duration: 00:00:30
2019-02-12 05:28:21,456 - INFO - allennlp.training.trainer - Estimated training time remaining: 0:13:21
2019-02-12 05:28:21,457 - INFO - allennlp.training.trainer - Epoch 14/39
2019-02-12 05:28:21,457 - INFO - allennlp.training.trainer - Peak CPU memory usage MB: 2637.48
2019-02-12 05:28:21,552 - INFO - allennlp.training.trainer - GPU 0 memory usage MB: 776
2019-02-12 05:28:21,553 - INFO - allennlp.training.trainer - Training
2019-02-12 05:28:48,461 - INFO - allennlp.training.trainer - Validating
2019-02-12 05:28:52,855 - INFO - allennlp.training.trainer -                     Training |  Validation
2019-02-12 05:28:52,857 - INFO - allennlp.training.trainer - cpu_memory_MB   |  2637.480  |       N/A
2019-02-12 05:28:52,857 - INFO - allennlp.training.trainer - loss            |     0.501  |     0.632
2019-02-12 05:28:52,857 - INFO - allennlp.training.trainer - accuracy        |     0.874  |     0.878
2019-02-12 05:28:52,857 - INFO - allennlp.training.trainer - accuracy3       |     1.000  |     1.000
2019-02-12 05:28:52,857 - INFO - allennlp.training.trainer - gpu_0_memory_MB |   776.000  |       N/A
2019-02-12 05:28:52,863 - INFO - allennlp.training.trainer - Epoch duration: 00:00:31
2019-02-12 05:28:52,864 - INFO - allennlp.training.trainer - Estimated training time remaining: 0:12:51
2019-02-12 05:28:52,864 - INFO - allennlp.training.trainer - Epoch 15/39
2019-02-12 05:28:52,864 - INFO - allennlp.training.trainer - Peak CPU memory usage MB: 2637.528
2019-02-12 05:28:52,969 - INFO - allennlp.training.trainer - GPU 0 memory usage MB: 776
2019-02-12 05:28:52,970 - INFO - allennlp.training.trainer - Training
2019-02-12 05:29:19,903 - INFO - allennlp.training.trainer - Validating
2019-02-12 05:29:24,331 - INFO - allennlp.training.trainer -                     Training |  Validation
2019-02-12 05:29:24,333 - INFO - allennlp.training.trainer - cpu_memory_MB   |  2637.528  |       N/A
2019-02-12 05:29:24,333 - INFO - allennlp.training.trainer - loss            |     0.499  |     0.609
2019-02-12 05:29:24,333 - INFO - allennlp.training.trainer - accuracy        |     0.874  |     0.882
2019-02-12 05:29:24,333 - INFO - allennlp.training.trainer - accuracy3       |     1.000  |     1.000
2019-02-12 05:29:24,333 - INFO - allennlp.training.trainer - gpu_0_memory_MB |   776.000  |       N/A
2019-02-12 05:29:24,339 - INFO - allennlp.training.trainer - Epoch duration: 00:00:31
2019-02-12 05:29:24,339 - INFO - allennlp.training.trainer - Estimated training time remaining: 0:12:21
2019-02-12 05:29:24,340 - INFO - allennlp.training.trainer - Epoch 16/39
2019-02-12 05:29:24,340 - INFO - allennlp.training.trainer - Peak CPU memory usage MB: 2637.592
2019-02-12 05:29:24,441 - INFO - allennlp.training.trainer - GPU 0 memory usage MB: 776
2019-02-12 05:29:24,441 - INFO - allennlp.training.trainer - Training
2019-02-12 05:29:51,266 - INFO - allennlp.training.trainer - Validating
2019-02-12 05:29:55,728 - INFO - allennlp.training.trainer -                     Training |  Validation
2019-02-12 05:29:55,730 - INFO - allennlp.training.trainer - cpu_memory_MB   |  2637.592  |       N/A
2019-02-12 05:29:55,730 - INFO - allennlp.training.trainer - loss            |     0.498  |     0.615
2019-02-12 05:29:55,730 - INFO - allennlp.training.trainer - accuracy        |     0.876  |     0.878
2019-02-12 05:29:55,730 - INFO - allennlp.training.trainer - accuracy3       |     1.000  |     1.000
2019-02-12 05:29:55,730 - INFO - allennlp.training.trainer - gpu_0_memory_MB |   776.000  |       N/A
2019-02-12 05:29:55,736 - INFO - allennlp.training.trainer - Epoch duration: 00:00:31
2019-02-12 05:29:55,736 - INFO - allennlp.training.trainer - Estimated training time remaining: 0:11:51
2019-02-12 05:29:55,736 - INFO - allennlp.training.trainer - Epoch 17/39
2019-02-12 05:29:55,736 - INFO - allennlp.training.trainer - Peak CPU memory usage MB: 2637.596
2019-02-12 05:29:55,835 - INFO - allennlp.training.trainer - GPU 0 memory usage MB: 776
2019-02-12 05:29:55,836 - INFO - allennlp.training.trainer - Training
2019-02-12 05:30:22,327 - INFO - allennlp.training.trainer - Validating
2019-02-12 05:30:26,670 - INFO - allennlp.training.trainer - Ran out of patience.  Stopping training.
2019-02-12 05:30:26,671 - INFO - allennlp.models.archival - archiving weights and vocabulary to ./model_params/model.tar.gz
2019-02-12 05:30:26,689 - INFO - allennlp.commands.train - Loading the best epoch weights.
2019-02-12 05:30:26,700 - INFO - allennlp.common.util - Metrics: {
  "peak_cpu_memory_MB": 2637.596,
  "peak_gpu_0_memory_MB": 776,
  "training_duration": "00:08:46",
  "training_start_epoch": 0,
  "training_epochs": 16,
  "epoch": 16,
  "training_accuracy": 0.8759955932019722,
  "training_accuracy3": 1.0,
  "training_loss": 0.49794458144384884,
  "training_cpu_memory_MB": 2637.592,
  "training_gpu_0_memory_MB": 776,
  "validation_accuracy": 0.8776683920295003,
  "validation_accuracy3": 1.0,
  "validation_loss": 0.6148421764373779,
  "best_epoch": 12,
  "best_validation_accuracy": 0.8768564565783686,
  "best_validation_accuracy3": 1.0,
  "best_validation_loss": 0.5996969938278198
}
Token batch process time:
93.39790368080139
Token batch process time:
49.34150791168213
