2019-02-04 03:03:28,186 - INFO - allennlp.common.from_params - instantiating class <class 'allennlp.data.dataset_readers.dataset_reader.DatasetReader'> from params {'token_indexers': {'tokens': {'lowercase_tokens': True, 'type': 'single_id'}}, 'type': 'sequence_tagging', 'word_tag_delimiter': '//'} and extras {}
2019-02-04 03:03:28,186 - INFO - allennlp.common.params - dataset_reader.type = sequence_tagging
2019-02-04 03:03:28,187 - INFO - allennlp.common.from_params - instantiating class <class 'allennlp.data.dataset_readers.sequence_tagging.SequenceTaggingDatasetReader'> from params {'token_indexers': {'tokens': {'lowercase_tokens': True, 'type': 'single_id'}}, 'word_tag_delimiter': '//'} and extras {}
2019-02-04 03:03:28,187 - INFO - allennlp.common.params - dataset_reader.word_tag_delimiter = //
2019-02-04 03:03:28,187 - INFO - allennlp.common.params - dataset_reader.token_delimiter = None
2019-02-04 03:03:28,187 - INFO - allennlp.common.from_params - instantiating class allennlp.data.token_indexers.token_indexer.TokenIndexer from params {'lowercase_tokens': True, 'type': 'single_id'} and extras {}
2019-02-04 03:03:28,187 - INFO - allennlp.common.params - dataset_reader.token_indexers.tokens.type = single_id
2019-02-04 03:03:28,187 - INFO - allennlp.common.from_params - instantiating class allennlp.data.token_indexers.single_id_token_indexer.SingleIdTokenIndexer from params {'lowercase_tokens': True} and extras {}
2019-02-04 03:03:28,187 - INFO - allennlp.common.params - dataset_reader.token_indexers.tokens.namespace = tokens
2019-02-04 03:03:28,187 - INFO - allennlp.common.params - dataset_reader.token_indexers.tokens.lowercase_tokens = True
2019-02-04 03:03:28,188 - INFO - allennlp.common.params - dataset_reader.token_indexers.tokens.start_tokens = None
2019-02-04 03:03:28,188 - INFO - allennlp.common.params - dataset_reader.token_indexers.tokens.end_tokens = None
2019-02-04 03:03:28,188 - INFO - allennlp.common.params - dataset_reader.lazy = False
2019-02-04 03:03:28,188 - INFO - allennlp.common.params - validation_dataset_reader = None
2019-02-04 03:03:28,188 - INFO - allennlp.common.params - train_data_path = ../data/allenTrain.txt
2019-02-04 03:03:28,188 - INFO - allennlp.commands.train - Reading training data from ../data/allenTrain.txt
2019-02-04 03:03:28,188 - INFO - allennlp.data.dataset_readers.sequence_tagging - Reading instances from lines in file at: ../data/allenTrain.txt
2019-02-04 03:03:50,986 - INFO - allennlp.common.params - validation_data_path = ../data/allenDev.txt
2019-02-04 03:03:50,986 - INFO - allennlp.commands.train - Reading validation data from ../data/allenDev.txt
2019-02-04 03:03:50,987 - INFO - allennlp.data.dataset_readers.sequence_tagging - Reading instances from lines in file at: ../data/allenDev.txt
2019-02-04 03:03:51,247 - INFO - allennlp.common.params - test_data_path = None
2019-02-04 03:03:51,247 - INFO - allennlp.commands.train - From dataset instances, train, validation will be considered for vocabulary creation.
2019-02-04 03:03:51,247 - INFO - allennlp.common.params - vocabulary.type = None
2019-02-04 03:03:51,247 - INFO - allennlp.common.params - vocabulary.extend = False
2019-02-04 03:03:51,247 - INFO - allennlp.common.params - vocabulary.directory_path = None
2019-02-04 03:03:51,248 - INFO - allennlp.common.params - vocabulary.min_count = None
2019-02-04 03:03:51,248 - INFO - allennlp.common.params - vocabulary.max_vocab_size = None
2019-02-04 03:03:51,248 - INFO - allennlp.common.params - vocabulary.non_padded_namespaces = ('*tags', '*labels')
2019-02-04 03:03:51,248 - INFO - allennlp.common.params - vocabulary.min_pretrained_embeddings = None
2019-02-04 03:03:51,248 - INFO - allennlp.common.params - vocabulary.only_include_pretrained_words = False
2019-02-04 03:03:51,248 - INFO - allennlp.common.params - vocabulary.tokens_to_add = None
2019-02-04 03:03:51,248 - INFO - allennlp.data.vocabulary - Fitting token dictionary from dataset.
2019-02-04 03:04:01,198 - INFO - allennlp.common.from_params - instantiating class <class 'allennlp.models.model.Model'> from params {'encoder': {'bidirectional': True, 'dropout': 0.5, 'hidden_size': 50, 'input_size': 50, 'num_layers': 2, 'type': 'lstm'}, 'text_field_embedder': {'token_embedders': {'tokens': {'embedding_dim': 50, 'type': 'embedding'}}}, 'type': 'simple_tagger'} and extras {'vocab': Vocabulary with namespaces:  tokens, Size: 88725 || labels, Size: 2 || Non Padded Namespaces: {'*tags', '*labels'}}
2019-02-04 03:04:01,199 - INFO - allennlp.common.params - model.type = simple_tagger
2019-02-04 03:04:01,199 - INFO - allennlp.common.from_params - instantiating class <class 'allennlp.models.simple_tagger.SimpleTagger'> from params {'encoder': {'bidirectional': True, 'dropout': 0.5, 'hidden_size': 50, 'input_size': 50, 'num_layers': 2, 'type': 'lstm'}, 'text_field_embedder': {'token_embedders': {'tokens': {'embedding_dim': 50, 'type': 'embedding'}}}} and extras {'vocab': Vocabulary with namespaces:  tokens, Size: 88725 || labels, Size: 2 || Non Padded Namespaces: {'*tags', '*labels'}}
2019-02-04 03:04:01,199 - INFO - allennlp.common.from_params - instantiating class <class 'allennlp.modules.text_field_embedders.text_field_embedder.TextFieldEmbedder'> from params {'token_embedders': {'tokens': {'embedding_dim': 50, 'type': 'embedding'}}} and extras {'vocab': Vocabulary with namespaces:  tokens, Size: 88725 || labels, Size: 2 || Non Padded Namespaces: {'*tags', '*labels'}}
2019-02-04 03:04:01,200 - INFO - allennlp.common.params - model.text_field_embedder.type = basic
2019-02-04 03:04:01,200 - INFO - allennlp.common.params - model.text_field_embedder.embedder_to_indexer_map = None
2019-02-04 03:04:01,200 - INFO - allennlp.common.params - model.text_field_embedder.allow_unmatched_keys = False
2019-02-04 03:04:01,200 - INFO - allennlp.common.from_params - instantiating class <class 'allennlp.modules.token_embedders.token_embedder.TokenEmbedder'> from params {'embedding_dim': 50, 'type': 'embedding'} and extras {'vocab': Vocabulary with namespaces:  tokens, Size: 88725 || labels, Size: 2 || Non Padded Namespaces: {'*tags', '*labels'}}
2019-02-04 03:04:01,200 - INFO - allennlp.common.params - model.text_field_embedder.token_embedders.tokens.type = embedding
2019-02-04 03:04:01,201 - INFO - allennlp.common.params - model.text_field_embedder.token_embedders.tokens.num_embeddings = None
2019-02-04 03:04:01,201 - INFO - allennlp.common.params - model.text_field_embedder.token_embedders.tokens.vocab_namespace = tokens
2019-02-04 03:04:01,201 - INFO - allennlp.common.params - model.text_field_embedder.token_embedders.tokens.embedding_dim = 50
2019-02-04 03:04:01,201 - INFO - allennlp.common.params - model.text_field_embedder.token_embedders.tokens.pretrained_file = None
2019-02-04 03:04:01,201 - INFO - allennlp.common.params - model.text_field_embedder.token_embedders.tokens.projection_dim = None
2019-02-04 03:04:01,201 - INFO - allennlp.common.params - model.text_field_embedder.token_embedders.tokens.trainable = True
2019-02-04 03:04:01,201 - INFO - allennlp.common.params - model.text_field_embedder.token_embedders.tokens.padding_index = None
2019-02-04 03:04:01,201 - INFO - allennlp.common.params - model.text_field_embedder.token_embedders.tokens.max_norm = None
2019-02-04 03:04:01,201 - INFO - allennlp.common.params - model.text_field_embedder.token_embedders.tokens.norm_type = 2.0
2019-02-04 03:04:01,202 - INFO - allennlp.common.params - model.text_field_embedder.token_embedders.tokens.scale_grad_by_freq = False
2019-02-04 03:04:01,202 - INFO - allennlp.common.params - model.text_field_embedder.token_embedders.tokens.sparse = False
2019-02-04 03:04:01,293 - INFO - allennlp.common.from_params - instantiating class <class 'allennlp.modules.seq2seq_encoders.seq2seq_encoder.Seq2SeqEncoder'> from params {'bidirectional': True, 'dropout': 0.5, 'hidden_size': 50, 'input_size': 50, 'num_layers': 2, 'type': 'lstm'} and extras {'vocab': Vocabulary with namespaces:  tokens, Size: 88725 || labels, Size: 2 || Non Padded Namespaces: {'*tags', '*labels'}}
2019-02-04 03:04:01,294 - INFO - allennlp.common.params - model.encoder.type = lstm
2019-02-04 03:04:01,294 - INFO - allennlp.common.params - model.encoder.batch_first = True
2019-02-04 03:04:01,294 - INFO - allennlp.common.params - model.encoder.stateful = False
2019-02-04 03:04:01,294 - INFO - allennlp.common.params - Converting Params object to dict; logging of default values will not occur when dictionary parameters are used subsequently.
2019-02-04 03:04:01,295 - INFO - allennlp.common.params - CURRENTLY DEFINED PARAMETERS: 
2019-02-04 03:04:01,295 - INFO - allennlp.common.params - model.encoder.bidirectional = True
2019-02-04 03:04:01,295 - INFO - allennlp.common.params - model.encoder.dropout = 0.5
2019-02-04 03:04:01,295 - INFO - allennlp.common.params - model.encoder.hidden_size = 50
2019-02-04 03:04:01,295 - INFO - allennlp.common.params - model.encoder.input_size = 50
2019-02-04 03:04:01,295 - INFO - allennlp.common.params - model.encoder.num_layers = 2
2019-02-04 03:04:01,295 - INFO - allennlp.common.params - model.encoder.batch_first = True
2019-02-04 03:04:01,298 - INFO - allennlp.nn.initializers - Initializing parameters
2019-02-04 03:04:01,299 - INFO - allennlp.nn.initializers - Done initializing parameters; the following parameters are using their default initialization from their code
2019-02-04 03:04:01,299 - INFO - allennlp.nn.initializers -    encoder._module.bias_hh_l0
2019-02-04 03:04:01,299 - INFO - allennlp.nn.initializers -    encoder._module.bias_hh_l0_reverse
2019-02-04 03:04:01,299 - INFO - allennlp.nn.initializers -    encoder._module.bias_hh_l1
2019-02-04 03:04:01,299 - INFO - allennlp.nn.initializers -    encoder._module.bias_hh_l1_reverse
2019-02-04 03:04:01,299 - INFO - allennlp.nn.initializers -    encoder._module.bias_ih_l0
2019-02-04 03:04:01,300 - INFO - allennlp.nn.initializers -    encoder._module.bias_ih_l0_reverse
2019-02-04 03:04:01,300 - INFO - allennlp.nn.initializers -    encoder._module.bias_ih_l1
2019-02-04 03:04:01,300 - INFO - allennlp.nn.initializers -    encoder._module.bias_ih_l1_reverse
2019-02-04 03:04:01,300 - INFO - allennlp.nn.initializers -    encoder._module.weight_hh_l0
2019-02-04 03:04:01,300 - INFO - allennlp.nn.initializers -    encoder._module.weight_hh_l0_reverse
2019-02-04 03:04:01,300 - INFO - allennlp.nn.initializers -    encoder._module.weight_hh_l1
2019-02-04 03:04:01,300 - INFO - allennlp.nn.initializers -    encoder._module.weight_hh_l1_reverse
2019-02-04 03:04:01,300 - INFO - allennlp.nn.initializers -    encoder._module.weight_ih_l0
2019-02-04 03:04:01,301 - INFO - allennlp.nn.initializers -    encoder._module.weight_ih_l0_reverse
2019-02-04 03:04:01,301 - INFO - allennlp.nn.initializers -    encoder._module.weight_ih_l1
2019-02-04 03:04:01,301 - INFO - allennlp.nn.initializers -    encoder._module.weight_ih_l1_reverse
2019-02-04 03:04:01,301 - INFO - allennlp.nn.initializers -    tag_projection_layer._module.bias
2019-02-04 03:04:01,301 - INFO - allennlp.nn.initializers -    tag_projection_layer._module.weight
2019-02-04 03:04:01,301 - INFO - allennlp.nn.initializers -    text_field_embedder.token_embedder_tokens.weight
2019-02-04 03:04:01,746 - INFO - allennlp.common.from_params - instantiating class <class 'allennlp.data.iterators.data_iterator.DataIterator'> from params {'batch_size': 32, 'type': 'basic'} and extras {}
2019-02-04 03:04:01,746 - INFO - allennlp.common.params - iterator.type = basic
2019-02-04 03:04:01,746 - INFO - allennlp.common.from_params - instantiating class <class 'allennlp.data.iterators.basic_iterator.BasicIterator'> from params {'batch_size': 32} and extras {}
2019-02-04 03:04:01,747 - INFO - allennlp.common.params - iterator.batch_size = 32
2019-02-04 03:04:01,747 - INFO - allennlp.common.params - iterator.instances_per_epoch = None
2019-02-04 03:04:01,747 - INFO - allennlp.common.params - iterator.max_instances_in_memory = None
2019-02-04 03:04:01,747 - INFO - allennlp.common.params - iterator.cache_instances = False
2019-02-04 03:04:01,747 - INFO - allennlp.common.params - iterator.track_epoch = False
2019-02-04 03:04:01,747 - INFO - allennlp.common.params - iterator.maximum_samples_per_batch = None
2019-02-04 03:04:01,748 - INFO - allennlp.common.params - validation_iterator = None
2019-02-04 03:04:01,748 - INFO - allennlp.common.params - trainer.no_grad = ()
2019-02-04 03:04:01,748 - INFO - allennlp.commands.train - Following parameters are Frozen  (without gradient):
2019-02-04 03:04:01,748 - INFO - allennlp.commands.train - Following parameters are Tunable (with gradient):
2019-02-04 03:04:01,748 - INFO - allennlp.commands.train - text_field_embedder.token_embedder_tokens.weight
2019-02-04 03:04:01,748 - INFO - allennlp.commands.train - encoder._module.weight_ih_l0
2019-02-04 03:04:01,749 - INFO - allennlp.commands.train - encoder._module.weight_hh_l0
2019-02-04 03:04:01,749 - INFO - allennlp.commands.train - encoder._module.bias_ih_l0
2019-02-04 03:04:01,749 - INFO - allennlp.commands.train - encoder._module.bias_hh_l0
2019-02-04 03:04:01,749 - INFO - allennlp.commands.train - encoder._module.weight_ih_l0_reverse
2019-02-04 03:04:01,749 - INFO - allennlp.commands.train - encoder._module.weight_hh_l0_reverse
2019-02-04 03:04:01,749 - INFO - allennlp.commands.train - encoder._module.bias_ih_l0_reverse
2019-02-04 03:04:01,749 - INFO - allennlp.commands.train - encoder._module.bias_hh_l0_reverse
2019-02-04 03:04:01,749 - INFO - allennlp.commands.train - encoder._module.weight_ih_l1
2019-02-04 03:04:01,749 - INFO - allennlp.commands.train - encoder._module.weight_hh_l1
2019-02-04 03:04:01,750 - INFO - allennlp.commands.train - encoder._module.bias_ih_l1
2019-02-04 03:04:01,750 - INFO - allennlp.commands.train - encoder._module.bias_hh_l1
2019-02-04 03:04:01,750 - INFO - allennlp.commands.train - encoder._module.weight_ih_l1_reverse
2019-02-04 03:04:01,750 - INFO - allennlp.commands.train - encoder._module.weight_hh_l1_reverse
2019-02-04 03:04:01,750 - INFO - allennlp.commands.train - encoder._module.bias_ih_l1_reverse
2019-02-04 03:04:01,750 - INFO - allennlp.commands.train - encoder._module.bias_hh_l1_reverse
2019-02-04 03:04:01,750 - INFO - allennlp.commands.train - tag_projection_layer._module.weight
2019-02-04 03:04:01,750 - INFO - allennlp.commands.train - tag_projection_layer._module.bias
2019-02-04 03:04:01,750 - INFO - allennlp.common.params - trainer.type = default
2019-02-04 03:04:01,751 - INFO - allennlp.common.params - trainer.patience = 5
2019-02-04 03:04:01,751 - INFO - allennlp.common.params - trainer.validation_metric = -loss
2019-02-04 03:04:01,751 - INFO - allennlp.common.params - trainer.shuffle = True
2019-02-04 03:04:01,751 - INFO - allennlp.common.params - trainer.num_epochs = 40
2019-02-04 03:04:01,751 - INFO - allennlp.common.params - trainer.cuda_device = 0
2019-02-04 03:04:01,751 - INFO - allennlp.common.params - trainer.grad_norm = None
2019-02-04 03:04:01,751 - INFO - allennlp.common.params - trainer.grad_clipping = None
2019-02-04 03:04:01,752 - INFO - allennlp.common.params - trainer.learning_rate_scheduler = None
2019-02-04 03:04:05,956 - INFO - allennlp.common.params - trainer.optimizer = adam
2019-02-04 03:04:05,957 - INFO - allennlp.common.params - parameter_groups = None
2019-02-04 03:04:05,957 - INFO - allennlp.training.optimizers - Number of trainable parameters: 4538052
2019-02-04 03:04:05,958 - INFO - allennlp.common.params - Converting Params object to dict; logging of default values will not occur when dictionary parameters are used subsequently.
2019-02-04 03:04:05,958 - INFO - allennlp.common.params - CURRENTLY DEFINED PARAMETERS: 
2019-02-04 03:04:05,959 - INFO - allennlp.common.params - trainer.num_serialized_models_to_keep = 20
2019-02-04 03:04:05,959 - INFO - allennlp.common.params - trainer.keep_serialized_model_every_num_seconds = None
2019-02-04 03:04:05,959 - INFO - allennlp.common.params - trainer.model_save_interval = None
2019-02-04 03:04:05,959 - INFO - allennlp.common.params - trainer.summary_interval = 100
2019-02-04 03:04:05,959 - INFO - allennlp.common.params - trainer.histogram_interval = None
2019-02-04 03:04:05,959 - INFO - allennlp.common.params - trainer.should_log_parameter_statistics = True
2019-02-04 03:04:05,959 - INFO - allennlp.common.params - trainer.should_log_learning_rate = False
2019-02-04 03:04:05,960 - INFO - allennlp.common.params - trainer.log_batch_size_period = None
2019-02-04 03:04:05,963 - INFO - allennlp.common.params - evaluate_on_test = False
2019-02-04 03:04:05,963 - INFO - allennlp.training.trainer - Beginning training.
2019-02-04 03:04:05,964 - INFO - allennlp.training.trainer - Epoch 0/39
2019-02-04 03:04:05,964 - INFO - allennlp.training.trainer - Peak CPU memory usage MB: 3586.74
2019-02-04 03:04:06,126 - INFO - allennlp.training.trainer - GPU 0 memory usage MB: 348
2019-02-04 03:04:06,126 - INFO - allennlp.training.trainer - Training
2019-02-04 03:14:17,402 - INFO - allennlp.training.trainer - Validating
2019-02-04 03:14:21,199 - INFO - allennlp.training.trainer -                     Training |  Validation
2019-02-04 03:14:21,200 - INFO - allennlp.training.trainer - gpu_0_memory_MB |   348.000  |       N/A
2019-02-04 03:14:21,201 - INFO - allennlp.training.trainer - cpu_memory_MB   |  3586.740  |       N/A
2019-02-04 03:14:21,201 - INFO - allennlp.training.trainer - accuracy3       |     1.000  |     1.000
2019-02-04 03:14:21,201 - INFO - allennlp.training.trainer - loss            |     0.136  |     0.200
2019-02-04 03:14:21,201 - INFO - allennlp.training.trainer - accuracy        |     0.958  |     0.938
2019-02-04 03:14:21,362 - INFO - allennlp.training.trainer - Best validation performance so far. Copying weights to './model_params/best.th'.
2019-02-04 03:14:21,453 - INFO - allennlp.training.trainer - Epoch duration: 00:10:15
2019-02-04 03:14:21,453 - INFO - allennlp.training.trainer - Estimated training time remaining: 6:40:04
2019-02-04 03:14:21,453 - INFO - allennlp.training.trainer - Epoch 1/39
2019-02-04 03:14:21,453 - INFO - allennlp.training.trainer - Peak CPU memory usage MB: 3821.864
2019-02-04 03:14:21,630 - INFO - allennlp.training.trainer - GPU 0 memory usage MB: 844
2019-02-04 03:14:21,631 - INFO - allennlp.training.trainer - Training
2019-02-04 03:23:59,447 - INFO - allennlp.training.trainer - Validating
2019-02-04 03:24:02,680 - INFO - allennlp.training.trainer -                     Training |  Validation
2019-02-04 03:24:02,681 - INFO - allennlp.training.trainer - gpu_0_memory_MB |   844.000  |       N/A
2019-02-04 03:24:02,681 - INFO - allennlp.training.trainer - cpu_memory_MB   |  3821.864  |       N/A
2019-02-04 03:24:02,681 - INFO - allennlp.training.trainer - accuracy3       |     1.000  |     1.000
2019-02-04 03:24:02,681 - INFO - allennlp.training.trainer - loss            |     0.107  |     0.227
2019-02-04 03:24:02,681 - INFO - allennlp.training.trainer - accuracy        |     0.964  |     0.936
2019-02-04 03:24:02,863 - INFO - allennlp.training.trainer - Epoch duration: 00:09:41
2019-02-04 03:24:02,863 - INFO - allennlp.training.trainer - Estimated training time remaining: 6:19:01
2019-02-04 03:24:02,863 - INFO - allennlp.training.trainer - Epoch 2/39
2019-02-04 03:24:02,863 - INFO - allennlp.training.trainer - Peak CPU memory usage MB: 3822.028
2019-02-04 03:24:03,029 - INFO - allennlp.training.trainer - GPU 0 memory usage MB: 844
2019-02-04 03:24:03,030 - INFO - allennlp.training.trainer - Training
2019-02-04 03:33:46,744 - INFO - allennlp.training.trainer - Validating
2019-02-04 03:33:50,009 - INFO - allennlp.training.trainer -                     Training |  Validation
2019-02-04 03:33:50,010 - INFO - allennlp.training.trainer - gpu_0_memory_MB |   844.000  |       N/A
2019-02-04 03:33:50,010 - INFO - allennlp.training.trainer - cpu_memory_MB   |  3822.028  |       N/A
2019-02-04 03:33:50,011 - INFO - allennlp.training.trainer - accuracy3       |     1.000  |     1.000
2019-02-04 03:33:50,011 - INFO - allennlp.training.trainer - loss            |     0.084  |     0.271
2019-02-04 03:33:50,011 - INFO - allennlp.training.trainer - accuracy        |     0.970  |     0.929
2019-02-04 03:33:50,098 - INFO - allennlp.training.trainer - Epoch duration: 00:09:47
2019-02-04 03:33:50,099 - INFO - allennlp.training.trainer - Estimated training time remaining: 6:06:44
2019-02-04 03:33:50,099 - INFO - allennlp.training.trainer - Epoch 3/39
2019-02-04 03:33:50,099 - INFO - allennlp.training.trainer - Peak CPU memory usage MB: 3822.036
2019-02-04 03:33:50,309 - INFO - allennlp.training.trainer - GPU 0 memory usage MB: 844
2019-02-04 03:33:50,310 - INFO - allennlp.training.trainer - Training
2019-02-04 03:43:40,850 - INFO - allennlp.training.trainer - Validating
2019-02-04 03:43:44,057 - INFO - allennlp.training.trainer -                     Training |  Validation
2019-02-04 03:43:44,058 - INFO - allennlp.training.trainer - gpu_0_memory_MB |   844.000  |       N/A
2019-02-04 03:43:44,058 - INFO - allennlp.training.trainer - cpu_memory_MB   |  3822.036  |       N/A
2019-02-04 03:43:44,058 - INFO - allennlp.training.trainer - accuracy3       |     1.000  |     1.000
2019-02-04 03:43:44,059 - INFO - allennlp.training.trainer - loss            |     0.065  |     0.320
2019-02-04 03:43:44,059 - INFO - allennlp.training.trainer - accuracy        |     0.976  |     0.926
2019-02-04 03:43:44,164 - INFO - allennlp.training.trainer - Epoch duration: 00:09:54
2019-02-04 03:43:44,164 - INFO - allennlp.training.trainer - Estimated training time remaining: 5:56:43
2019-02-04 03:43:44,164 - INFO - allennlp.training.trainer - Epoch 4/39
2019-02-04 03:43:44,165 - INFO - allennlp.training.trainer - Peak CPU memory usage MB: 3823.372
2019-02-04 03:43:44,350 - INFO - allennlp.training.trainer - GPU 0 memory usage MB: 844
2019-02-04 03:43:44,350 - INFO - allennlp.training.trainer - Training
2019-02-04 03:53:34,152 - INFO - allennlp.training.trainer - Validating
2019-02-04 03:53:37,167 - INFO - allennlp.training.trainer -                     Training |  Validation
2019-02-04 03:53:37,169 - INFO - allennlp.training.trainer - gpu_0_memory_MB |   844.000  |       N/A
2019-02-04 03:53:37,169 - INFO - allennlp.training.trainer - cpu_memory_MB   |  3823.372  |       N/A
2019-02-04 03:53:37,169 - INFO - allennlp.training.trainer - accuracy3       |     1.000  |     1.000
2019-02-04 03:53:37,169 - INFO - allennlp.training.trainer - loss            |     0.051  |     0.392
2019-02-04 03:53:37,169 - INFO - allennlp.training.trainer - accuracy        |     0.981  |     0.920
2019-02-04 03:53:37,342 - INFO - allennlp.training.trainer - Epoch duration: 00:09:53
2019-02-04 03:53:37,342 - INFO - allennlp.training.trainer - Estimated training time remaining: 5:46:39
2019-02-04 03:53:37,342 - INFO - allennlp.training.trainer - Epoch 5/39
2019-02-04 03:53:37,342 - INFO - allennlp.training.trainer - Peak CPU memory usage MB: 3823.412
2019-02-04 03:53:37,526 - INFO - allennlp.training.trainer - GPU 0 memory usage MB: 851
2019-02-04 03:53:37,526 - INFO - allennlp.training.trainer - Training
2019-02-04 04:03:29,459 - INFO - allennlp.training.trainer - Validating
2019-02-04 04:03:32,750 - INFO - allennlp.training.trainer - Ran out of patience.  Stopping training.
2019-02-04 04:03:32,751 - INFO - allennlp.models.archival - archiving weights and vocabulary to ./model_params/model.tar.gz
2019-02-04 04:03:34,521 - INFO - allennlp.commands.train - Loading the best epoch weights.
2019-02-04 04:03:34,542 - INFO - allennlp.common.util - Metrics: {
  "peak_cpu_memory_MB": 3823.412,
  "peak_gpu_0_memory_MB": 851,
  "training_duration": "00:49:31",
  "training_start_epoch": 0,
  "training_epochs": 4,
  "epoch": 4,
  "training_accuracy": 0.9813217528486792,
  "training_accuracy3": 1.0,
  "training_loss": 0.05085360868690363,
  "training_cpu_memory_MB": 3823.372,
  "training_gpu_0_memory_MB": 844,
  "validation_accuracy": 0.9204641564328969,
  "validation_accuracy3": 1.0,
  "validation_loss": 0.39156033182326627,
  "best_epoch": 0,
  "best_validation_accuracy": 0.9379545992760242,
  "best_validation_accuracy3": 1.0,
  "best_validation_loss": 0.19960086245317848
}
