2019-02-11 18:10:51,092 - INFO - allennlp.common.from_params - instantiating class <class 'allennlp.data.dataset_readers.dataset_reader.DatasetReader'> from params {'mytokenizer': {'type': 'word', 'word_splitter': {'ner': True, 'parse': True, 'pos_tags': True, 'type': 'whitespacy'}}, 'token_indexers': {'dependency_label': {'namespace': 'dependencies', 'type': 'dependency_label'}, 'ner_tag': {'namespace': 'ner', 'type': 'ner_tag'}, 'pos_tag': {'coarse_tags': True, 'namespace': 'pos', 'type': 'pos_tag'}, 'tokens': {'lowercase_tokens': True, 'type': 'single_id'}}, 'type': 'sequence_tagging2', 'word_tag_delimiter': '//'} and extras {}
2019-02-11 18:10:51,092 - INFO - allennlp.common.params - dataset_reader.type = sequence_tagging2
2019-02-11 18:10:51,093 - INFO - allennlp.common.from_params - instantiating class <class 'myallennlp.dataset_readers.sequence_tagging2.SequenceTaggingDatasetReader'> from params {'mytokenizer': {'type': 'word', 'word_splitter': {'ner': True, 'parse': True, 'pos_tags': True, 'type': 'whitespacy'}}, 'token_indexers': {'dependency_label': {'namespace': 'dependencies', 'type': 'dependency_label'}, 'ner_tag': {'namespace': 'ner', 'type': 'ner_tag'}, 'pos_tag': {'coarse_tags': True, 'namespace': 'pos', 'type': 'pos_tag'}, 'tokens': {'lowercase_tokens': True, 'type': 'single_id'}}, 'word_tag_delimiter': '//'} and extras {}
2019-02-11 18:10:51,093 - INFO - allennlp.common.params - dataset_reader.word_tag_delimiter = //
2019-02-11 18:10:51,093 - INFO - allennlp.common.params - dataset_reader.token_delimiter = None
2019-02-11 18:10:51,093 - INFO - allennlp.common.from_params - instantiating class allennlp.data.token_indexers.token_indexer.TokenIndexer from params {'namespace': 'dependencies', 'type': 'dependency_label'} and extras {}
2019-02-11 18:10:51,093 - INFO - allennlp.common.params - dataset_reader.token_indexers.dependency_label.type = dependency_label
2019-02-11 18:10:51,094 - INFO - allennlp.common.from_params - instantiating class allennlp.data.token_indexers.dep_label_indexer.DepLabelIndexer from params {'namespace': 'dependencies'} and extras {}
2019-02-11 18:10:51,094 - INFO - allennlp.common.params - dataset_reader.token_indexers.dependency_label.namespace = dependencies
2019-02-11 18:10:51,094 - INFO - allennlp.common.from_params - instantiating class allennlp.data.token_indexers.token_indexer.TokenIndexer from params {'namespace': 'ner', 'type': 'ner_tag'} and extras {}
2019-02-11 18:10:51,094 - INFO - allennlp.common.params - dataset_reader.token_indexers.ner_tag.type = ner_tag
2019-02-11 18:10:51,094 - INFO - allennlp.common.from_params - instantiating class allennlp.data.token_indexers.ner_tag_indexer.NerTagIndexer from params {'namespace': 'ner'} and extras {}
2019-02-11 18:10:51,094 - INFO - allennlp.common.params - dataset_reader.token_indexers.ner_tag.namespace = ner
2019-02-11 18:10:51,095 - INFO - allennlp.common.from_params - instantiating class allennlp.data.token_indexers.token_indexer.TokenIndexer from params {'coarse_tags': True, 'namespace': 'pos', 'type': 'pos_tag'} and extras {}
2019-02-11 18:10:51,095 - INFO - allennlp.common.params - dataset_reader.token_indexers.pos_tag.type = pos_tag
2019-02-11 18:10:51,095 - INFO - allennlp.common.from_params - instantiating class allennlp.data.token_indexers.pos_tag_indexer.PosTagIndexer from params {'coarse_tags': True, 'namespace': 'pos'} and extras {}
2019-02-11 18:10:51,095 - INFO - allennlp.common.params - dataset_reader.token_indexers.pos_tag.namespace = pos
2019-02-11 18:10:51,095 - INFO - allennlp.common.params - dataset_reader.token_indexers.pos_tag.coarse_tags = True
2019-02-11 18:10:51,095 - INFO - allennlp.common.from_params - instantiating class allennlp.data.token_indexers.token_indexer.TokenIndexer from params {'lowercase_tokens': True, 'type': 'single_id'} and extras {}
2019-02-11 18:10:51,095 - INFO - allennlp.common.params - dataset_reader.token_indexers.tokens.type = single_id
2019-02-11 18:10:51,096 - INFO - allennlp.common.from_params - instantiating class allennlp.data.token_indexers.single_id_token_indexer.SingleIdTokenIndexer from params {'lowercase_tokens': True} and extras {}
2019-02-11 18:10:51,096 - INFO - allennlp.common.params - dataset_reader.token_indexers.tokens.namespace = tokens
2019-02-11 18:10:51,096 - INFO - allennlp.common.params - dataset_reader.token_indexers.tokens.lowercase_tokens = True
2019-02-11 18:10:51,096 - INFO - allennlp.common.params - dataset_reader.token_indexers.tokens.start_tokens = None
2019-02-11 18:10:51,096 - INFO - allennlp.common.params - dataset_reader.token_indexers.tokens.end_tokens = None
2019-02-11 18:10:51,096 - INFO - allennlp.common.params - dataset_reader.lazy = False
2019-02-11 18:10:51,097 - INFO - allennlp.common.from_params - instantiating class <class 'allennlp.data.tokenizers.tokenizer.Tokenizer'> from params {'type': 'word', 'word_splitter': {'ner': True, 'parse': True, 'pos_tags': True, 'type': 'whitespacy'}} and extras {}
2019-02-11 18:10:51,097 - INFO - allennlp.common.params - dataset_reader.mytokenizer.type = word
2019-02-11 18:10:51,097 - INFO - allennlp.common.from_params - instantiating class <class 'allennlp.data.tokenizers.word_tokenizer.WordTokenizer'> from params {'word_splitter': {'ner': True, 'parse': True, 'pos_tags': True, 'type': 'whitespacy'}} and extras {}
2019-02-11 18:10:51,097 - INFO - allennlp.common.from_params - instantiating class <class 'allennlp.data.tokenizers.word_splitter.WordSplitter'> from params {'ner': True, 'parse': True, 'pos_tags': True, 'type': 'whitespacy'} and extras {}
2019-02-11 18:10:51,097 - INFO - allennlp.common.params - dataset_reader.mytokenizer.word_splitter.type = whitespacy
2019-02-11 18:10:51,098 - INFO - allennlp.common.from_params - instantiating class <class 'myallennlp.data.tokenizers.word_splitter.SpacyWordSplitter'> from params {'ner': True, 'parse': True, 'pos_tags': True} and extras {}
2019-02-11 18:10:51,098 - INFO - allennlp.common.params - dataset_reader.mytokenizer.word_splitter.language = en_core_web_sm
2019-02-11 18:10:51,098 - INFO - allennlp.common.params - dataset_reader.mytokenizer.word_splitter.pos_tags = True
2019-02-11 18:10:51,098 - INFO - allennlp.common.params - dataset_reader.mytokenizer.word_splitter.parse = True
2019-02-11 18:10:51,098 - INFO - allennlp.common.params - dataset_reader.mytokenizer.word_splitter.ner = True
2019-02-11 18:10:51,743 - INFO - allennlp.common.params - dataset_reader.mytokenizer.start_tokens = None
2019-02-11 18:10:51,744 - INFO - allennlp.common.params - dataset_reader.mytokenizer.end_tokens = None
2019-02-11 18:10:51,744 - INFO - allennlp.common.params - dataset_reader.use_spacy_directly = False
2019-02-11 18:10:51,744 - INFO - allennlp.common.params - validation_dataset_reader = None
2019-02-11 18:10:51,744 - INFO - allennlp.common.params - train_data_path = ../data/allenTrain.txt
2019-02-11 18:10:51,744 - INFO - allennlp.commands.train - Reading training data from ../data/allenTrain.txt
2019-02-11 18:10:51,745 - INFO - myallennlp.dataset_readers.sequence_tagging2 - Reading instances from lines in file at: ../data/allenTrain.txt
2019-02-11 18:12:48,238 - INFO - allennlp.common.params - validation_data_path = ../data/allenDev.txt
2019-02-11 18:12:48,239 - INFO - allennlp.commands.train - Reading validation data from ../data/allenDev.txt
2019-02-11 18:12:48,239 - INFO - myallennlp.dataset_readers.sequence_tagging2 - Reading instances from lines in file at: ../data/allenDev.txt
2019-02-11 18:13:53,706 - INFO - allennlp.common.params - test_data_path = None
2019-02-11 18:13:53,707 - INFO - allennlp.commands.train - From dataset instances, validation, train will be considered for vocabulary creation.
2019-02-11 18:13:53,707 - INFO - allennlp.common.params - vocabulary.type = None
2019-02-11 18:13:53,707 - INFO - allennlp.common.params - vocabulary.extend = False
2019-02-11 18:13:53,707 - INFO - allennlp.common.params - vocabulary.directory_path = None
2019-02-11 18:13:53,707 - INFO - allennlp.common.params - vocabulary.min_count = None
2019-02-11 18:13:53,707 - INFO - allennlp.common.params - vocabulary.max_vocab_size = None
2019-02-11 18:13:53,708 - INFO - allennlp.common.params - vocabulary.non_padded_namespaces = ('*tags', '*labels')
2019-02-11 18:13:53,708 - INFO - allennlp.common.params - vocabulary.min_pretrained_embeddings = None
2019-02-11 18:13:53,708 - INFO - allennlp.common.params - vocabulary.only_include_pretrained_words = False
2019-02-11 18:13:53,708 - INFO - allennlp.common.params - vocabulary.tokens_to_add = None
2019-02-11 18:13:53,708 - INFO - allennlp.data.vocabulary - Fitting token dictionary from dataset.
2019-02-11 18:13:56,918 - INFO - allennlp.common.from_params - instantiating class <class 'allennlp.models.model.Model'> from params {'Ntags0': 95, 'Ntags1': 5, 'do_crossentropy_weighting': True, 'encoder': {'bidirectional': True, 'dropout': 0.5, 'hidden_size': 72, 'input_size': 72, 'num_layers': 2, 'type': 'lstm'}, 'text_field_embedder': {'token_embedders': {'dependency_label': {'embedding_dim': 10, 'type': 'embedding', 'vocab_namespace': 'dependencies'}, 'ner_tag': {'embedding_dim': 7, 'type': 'embedding', 'vocab_namespace': 'ner'}, 'pos_tag': {'embedding_dim': 5, 'type': 'embedding', 'vocab_namespace': 'pos'}, 'tokens': {'embedding_dim': 50, 'pretrained_file': '~/src/allennlp/glove/glove.6B.50d.txt.gz', 'trainable': False, 'type': 'embedding'}}}, 'type': 'simple_tagger2'} and extras {'vocab': Vocabulary with namespaces:  dependencies, Size: 47 || ner, Size: 21 || pos, Size: 17 || tokens, Size: 21902 || labels, Size: 2 || Non Padded Namespaces: {'*labels', '*tags'}}
2019-02-11 18:13:56,919 - INFO - allennlp.common.params - model.type = simple_tagger2
2019-02-11 18:13:56,919 - INFO - allennlp.common.from_params - instantiating class <class 'myallennlp.models.simple_tagger2.SimpleTagger2'> from params {'Ntags0': 95, 'Ntags1': 5, 'do_crossentropy_weighting': True, 'encoder': {'bidirectional': True, 'dropout': 0.5, 'hidden_size': 72, 'input_size': 72, 'num_layers': 2, 'type': 'lstm'}, 'text_field_embedder': {'token_embedders': {'dependency_label': {'embedding_dim': 10, 'type': 'embedding', 'vocab_namespace': 'dependencies'}, 'ner_tag': {'embedding_dim': 7, 'type': 'embedding', 'vocab_namespace': 'ner'}, 'pos_tag': {'embedding_dim': 5, 'type': 'embedding', 'vocab_namespace': 'pos'}, 'tokens': {'embedding_dim': 50, 'pretrained_file': '~/src/allennlp/glove/glove.6B.50d.txt.gz', 'trainable': False, 'type': 'embedding'}}}} and extras {'vocab': Vocabulary with namespaces:  dependencies, Size: 47 || ner, Size: 21 || pos, Size: 17 || tokens, Size: 21902 || labels, Size: 2 || Non Padded Namespaces: {'*labels', '*tags'}}
2019-02-11 18:13:56,919 - INFO - allennlp.common.from_params - instantiating class <class 'allennlp.modules.text_field_embedders.text_field_embedder.TextFieldEmbedder'> from params {'token_embedders': {'dependency_label': {'embedding_dim': 10, 'type': 'embedding', 'vocab_namespace': 'dependencies'}, 'ner_tag': {'embedding_dim': 7, 'type': 'embedding', 'vocab_namespace': 'ner'}, 'pos_tag': {'embedding_dim': 5, 'type': 'embedding', 'vocab_namespace': 'pos'}, 'tokens': {'embedding_dim': 50, 'pretrained_file': '~/src/allennlp/glove/glove.6B.50d.txt.gz', 'trainable': False, 'type': 'embedding'}}} and extras {'vocab': Vocabulary with namespaces:  dependencies, Size: 47 || ner, Size: 21 || pos, Size: 17 || tokens, Size: 21902 || labels, Size: 2 || Non Padded Namespaces: {'*labels', '*tags'}}
2019-02-11 18:13:56,920 - INFO - allennlp.common.params - model.text_field_embedder.type = basic
2019-02-11 18:13:56,920 - INFO - allennlp.common.params - model.text_field_embedder.embedder_to_indexer_map = None
2019-02-11 18:13:56,920 - INFO - allennlp.common.params - model.text_field_embedder.allow_unmatched_keys = False
2019-02-11 18:13:56,920 - INFO - allennlp.common.from_params - instantiating class <class 'allennlp.modules.token_embedders.token_embedder.TokenEmbedder'> from params {'embedding_dim': 10, 'type': 'embedding', 'vocab_namespace': 'dependencies'} and extras {'vocab': Vocabulary with namespaces:  dependencies, Size: 47 || ner, Size: 21 || pos, Size: 17 || tokens, Size: 21902 || labels, Size: 2 || Non Padded Namespaces: {'*labels', '*tags'}}
2019-02-11 18:13:56,921 - INFO - allennlp.common.params - model.text_field_embedder.token_embedders.dependency_label.type = embedding
2019-02-11 18:13:56,921 - INFO - allennlp.common.params - model.text_field_embedder.token_embedders.dependency_label.num_embeddings = None
2019-02-11 18:13:56,921 - INFO - allennlp.common.params - model.text_field_embedder.token_embedders.dependency_label.vocab_namespace = dependencies
2019-02-11 18:13:56,921 - INFO - allennlp.common.params - model.text_field_embedder.token_embedders.dependency_label.embedding_dim = 10
2019-02-11 18:13:56,921 - INFO - allennlp.common.params - model.text_field_embedder.token_embedders.dependency_label.pretrained_file = None
2019-02-11 18:13:56,922 - INFO - allennlp.common.params - model.text_field_embedder.token_embedders.dependency_label.projection_dim = None
2019-02-11 18:13:56,922 - INFO - allennlp.common.params - model.text_field_embedder.token_embedders.dependency_label.trainable = True
2019-02-11 18:13:56,922 - INFO - allennlp.common.params - model.text_field_embedder.token_embedders.dependency_label.padding_index = None
2019-02-11 18:13:56,922 - INFO - allennlp.common.params - model.text_field_embedder.token_embedders.dependency_label.max_norm = None
2019-02-11 18:13:56,922 - INFO - allennlp.common.params - model.text_field_embedder.token_embedders.dependency_label.norm_type = 2.0
2019-02-11 18:13:56,922 - INFO - allennlp.common.params - model.text_field_embedder.token_embedders.dependency_label.scale_grad_by_freq = False
2019-02-11 18:13:56,923 - INFO - allennlp.common.params - model.text_field_embedder.token_embedders.dependency_label.sparse = False
2019-02-11 18:13:56,957 - INFO - allennlp.common.from_params - instantiating class <class 'allennlp.modules.token_embedders.token_embedder.TokenEmbedder'> from params {'embedding_dim': 7, 'type': 'embedding', 'vocab_namespace': 'ner'} and extras {'vocab': Vocabulary with namespaces:  dependencies, Size: 47 || ner, Size: 21 || pos, Size: 17 || tokens, Size: 21902 || labels, Size: 2 || Non Padded Namespaces: {'*labels', '*tags'}}
2019-02-11 18:13:56,958 - INFO - allennlp.common.params - model.text_field_embedder.token_embedders.ner_tag.type = embedding
2019-02-11 18:13:56,958 - INFO - allennlp.common.params - model.text_field_embedder.token_embedders.ner_tag.num_embeddings = None
2019-02-11 18:13:56,958 - INFO - allennlp.common.params - model.text_field_embedder.token_embedders.ner_tag.vocab_namespace = ner
2019-02-11 18:13:56,958 - INFO - allennlp.common.params - model.text_field_embedder.token_embedders.ner_tag.embedding_dim = 7
2019-02-11 18:13:56,958 - INFO - allennlp.common.params - model.text_field_embedder.token_embedders.ner_tag.pretrained_file = None
2019-02-11 18:13:56,958 - INFO - allennlp.common.params - model.text_field_embedder.token_embedders.ner_tag.projection_dim = None
2019-02-11 18:13:56,959 - INFO - allennlp.common.params - model.text_field_embedder.token_embedders.ner_tag.trainable = True
2019-02-11 18:13:56,959 - INFO - allennlp.common.params - model.text_field_embedder.token_embedders.ner_tag.padding_index = None
2019-02-11 18:13:56,959 - INFO - allennlp.common.params - model.text_field_embedder.token_embedders.ner_tag.max_norm = None
2019-02-11 18:13:56,959 - INFO - allennlp.common.params - model.text_field_embedder.token_embedders.ner_tag.norm_type = 2.0
2019-02-11 18:13:56,959 - INFO - allennlp.common.params - model.text_field_embedder.token_embedders.ner_tag.scale_grad_by_freq = False
2019-02-11 18:13:56,959 - INFO - allennlp.common.params - model.text_field_embedder.token_embedders.ner_tag.sparse = False
2019-02-11 18:13:56,959 - INFO - allennlp.common.from_params - instantiating class <class 'allennlp.modules.token_embedders.token_embedder.TokenEmbedder'> from params {'embedding_dim': 5, 'type': 'embedding', 'vocab_namespace': 'pos'} and extras {'vocab': Vocabulary with namespaces:  dependencies, Size: 47 || ner, Size: 21 || pos, Size: 17 || tokens, Size: 21902 || labels, Size: 2 || Non Padded Namespaces: {'*labels', '*tags'}}
2019-02-11 18:13:56,960 - INFO - allennlp.common.params - model.text_field_embedder.token_embedders.pos_tag.type = embedding
2019-02-11 18:13:56,960 - INFO - allennlp.common.params - model.text_field_embedder.token_embedders.pos_tag.num_embeddings = None
2019-02-11 18:13:56,960 - INFO - allennlp.common.params - model.text_field_embedder.token_embedders.pos_tag.vocab_namespace = pos
2019-02-11 18:13:56,960 - INFO - allennlp.common.params - model.text_field_embedder.token_embedders.pos_tag.embedding_dim = 5
2019-02-11 18:13:56,960 - INFO - allennlp.common.params - model.text_field_embedder.token_embedders.pos_tag.pretrained_file = None
2019-02-11 18:13:56,960 - INFO - allennlp.common.params - model.text_field_embedder.token_embedders.pos_tag.projection_dim = None
2019-02-11 18:13:56,960 - INFO - allennlp.common.params - model.text_field_embedder.token_embedders.pos_tag.trainable = True
2019-02-11 18:13:56,961 - INFO - allennlp.common.params - model.text_field_embedder.token_embedders.pos_tag.padding_index = None
2019-02-11 18:13:56,961 - INFO - allennlp.common.params - model.text_field_embedder.token_embedders.pos_tag.max_norm = None
2019-02-11 18:13:56,961 - INFO - allennlp.common.params - model.text_field_embedder.token_embedders.pos_tag.norm_type = 2.0
2019-02-11 18:13:56,961 - INFO - allennlp.common.params - model.text_field_embedder.token_embedders.pos_tag.scale_grad_by_freq = False
2019-02-11 18:13:56,961 - INFO - allennlp.common.params - model.text_field_embedder.token_embedders.pos_tag.sparse = False
2019-02-11 18:13:56,961 - INFO - allennlp.common.from_params - instantiating class <class 'allennlp.modules.token_embedders.token_embedder.TokenEmbedder'> from params {'embedding_dim': 50, 'pretrained_file': '~/src/allennlp/glove/glove.6B.50d.txt.gz', 'trainable': False, 'type': 'embedding'} and extras {'vocab': Vocabulary with namespaces:  dependencies, Size: 47 || ner, Size: 21 || pos, Size: 17 || tokens, Size: 21902 || labels, Size: 2 || Non Padded Namespaces: {'*labels', '*tags'}}
2019-02-11 18:13:56,961 - INFO - allennlp.common.params - model.text_field_embedder.token_embedders.tokens.type = embedding
2019-02-11 18:13:56,962 - INFO - allennlp.common.params - model.text_field_embedder.token_embedders.tokens.num_embeddings = None
2019-02-11 18:13:56,963 - INFO - allennlp.common.params - model.text_field_embedder.token_embedders.tokens.vocab_namespace = tokens
2019-02-11 18:13:56,963 - INFO - allennlp.common.params - model.text_field_embedder.token_embedders.tokens.embedding_dim = 50
2019-02-11 18:13:56,963 - INFO - allennlp.common.params - model.text_field_embedder.token_embedders.tokens.pretrained_file = ~/src/allennlp/glove/glove.6B.50d.txt.gz
2019-02-11 18:13:56,963 - INFO - allennlp.common.params - model.text_field_embedder.token_embedders.tokens.projection_dim = None
2019-02-11 18:13:56,963 - INFO - allennlp.common.params - model.text_field_embedder.token_embedders.tokens.trainable = False
2019-02-11 18:13:56,963 - INFO - allennlp.common.params - model.text_field_embedder.token_embedders.tokens.padding_index = None
2019-02-11 18:13:56,963 - INFO - allennlp.common.params - model.text_field_embedder.token_embedders.tokens.max_norm = None
2019-02-11 18:13:56,963 - INFO - allennlp.common.params - model.text_field_embedder.token_embedders.tokens.norm_type = 2.0
2019-02-11 18:13:56,963 - INFO - allennlp.common.params - model.text_field_embedder.token_embedders.tokens.scale_grad_by_freq = False
2019-02-11 18:13:56,964 - INFO - allennlp.common.params - model.text_field_embedder.token_embedders.tokens.sparse = False
2019-02-11 18:13:56,969 - INFO - allennlp.modules.token_embedders.embedding - Reading pretrained embeddings from file
2019-02-11 18:14:03,550 - INFO - allennlp.modules.token_embedders.embedding - Initializing pre-trained embedding layer
2019-02-11 18:14:04,096 - INFO - allennlp.modules.token_embedders.embedding - Pretrained embeddings were found for 20103 out of 21902 tokens
2019-02-11 18:14:04,121 - INFO - allennlp.common.from_params - instantiating class <class 'allennlp.modules.seq2seq_encoders.seq2seq_encoder.Seq2SeqEncoder'> from params {'bidirectional': True, 'dropout': 0.5, 'hidden_size': 72, 'input_size': 72, 'num_layers': 2, 'type': 'lstm'} and extras {'vocab': Vocabulary with namespaces:  dependencies, Size: 47 || ner, Size: 21 || pos, Size: 17 || tokens, Size: 21902 || labels, Size: 2 || Non Padded Namespaces: {'*labels', '*tags'}}
2019-02-11 18:14:04,124 - INFO - allennlp.common.params - model.encoder.type = lstm
2019-02-11 18:14:04,125 - INFO - allennlp.common.params - model.encoder.batch_first = True
2019-02-11 18:14:04,125 - INFO - allennlp.common.params - model.encoder.stateful = False
2019-02-11 18:14:04,125 - INFO - allennlp.common.params - Converting Params object to dict; logging of default values will not occur when dictionary parameters are used subsequently.
2019-02-11 18:14:04,125 - INFO - allennlp.common.params - CURRENTLY DEFINED PARAMETERS: 
2019-02-11 18:14:04,125 - INFO - allennlp.common.params - model.encoder.bidirectional = True
2019-02-11 18:14:04,125 - INFO - allennlp.common.params - model.encoder.dropout = 0.5
2019-02-11 18:14:04,125 - INFO - allennlp.common.params - model.encoder.hidden_size = 72
2019-02-11 18:14:04,126 - INFO - allennlp.common.params - model.encoder.input_size = 72
2019-02-11 18:14:04,126 - INFO - allennlp.common.params - model.encoder.num_layers = 2
2019-02-11 18:14:04,126 - INFO - allennlp.common.params - model.encoder.batch_first = True
2019-02-11 18:14:04,136 - INFO - allennlp.common.params - model.do_crossentropy_weighting = True
2019-02-11 18:14:04,137 - INFO - allennlp.common.params - model.Ntags0 = 95
2019-02-11 18:14:04,137 - INFO - allennlp.common.params - model.Ntags1 = 5
2019-02-11 18:14:04,138 - INFO - allennlp.nn.initializers - Initializing parameters
2019-02-11 18:14:04,140 - INFO - allennlp.nn.initializers - Done initializing parameters; the following parameters are using their default initialization from their code
2019-02-11 18:14:04,140 - INFO - allennlp.nn.initializers -    encoder._module.bias_hh_l0
2019-02-11 18:14:04,140 - INFO - allennlp.nn.initializers -    encoder._module.bias_hh_l0_reverse
2019-02-11 18:14:04,141 - INFO - allennlp.nn.initializers -    encoder._module.bias_hh_l1
2019-02-11 18:14:04,141 - INFO - allennlp.nn.initializers -    encoder._module.bias_hh_l1_reverse
2019-02-11 18:14:04,141 - INFO - allennlp.nn.initializers -    encoder._module.bias_ih_l0
2019-02-11 18:14:04,141 - INFO - allennlp.nn.initializers -    encoder._module.bias_ih_l0_reverse
2019-02-11 18:14:04,142 - INFO - allennlp.nn.initializers -    encoder._module.bias_ih_l1
2019-02-11 18:14:04,144 - INFO - allennlp.nn.initializers -    encoder._module.bias_ih_l1_reverse
2019-02-11 18:14:04,144 - INFO - allennlp.nn.initializers -    encoder._module.weight_hh_l0
2019-02-11 18:14:04,144 - INFO - allennlp.nn.initializers -    encoder._module.weight_hh_l0_reverse
2019-02-11 18:14:04,144 - INFO - allennlp.nn.initializers -    encoder._module.weight_hh_l1
2019-02-11 18:14:04,144 - INFO - allennlp.nn.initializers -    encoder._module.weight_hh_l1_reverse
2019-02-11 18:14:04,144 - INFO - allennlp.nn.initializers -    encoder._module.weight_ih_l0
2019-02-11 18:14:04,144 - INFO - allennlp.nn.initializers -    encoder._module.weight_ih_l0_reverse
2019-02-11 18:14:04,145 - INFO - allennlp.nn.initializers -    encoder._module.weight_ih_l1
2019-02-11 18:14:04,145 - INFO - allennlp.nn.initializers -    encoder._module.weight_ih_l1_reverse
2019-02-11 18:14:04,145 - INFO - allennlp.nn.initializers -    tag_projection_layer._module.bias
2019-02-11 18:14:04,145 - INFO - allennlp.nn.initializers -    tag_projection_layer._module.weight
2019-02-11 18:14:04,146 - INFO - allennlp.nn.initializers -    text_field_embedder.token_embedder_dependency_label.weight
2019-02-11 18:14:04,146 - INFO - allennlp.nn.initializers -    text_field_embedder.token_embedder_ner_tag.weight
2019-02-11 18:14:04,151 - INFO - allennlp.nn.initializers -    text_field_embedder.token_embedder_pos_tag.weight
2019-02-11 18:14:04,151 - INFO - allennlp.nn.initializers -    text_field_embedder.token_embedder_tokens.weight
2019-02-11 18:14:04,359 - INFO - allennlp.common.from_params - instantiating class <class 'allennlp.data.iterators.data_iterator.DataIterator'> from params {'batch_size': 32, 'type': 'basic'} and extras {}
2019-02-11 18:14:04,360 - INFO - allennlp.common.params - iterator.type = basic
2019-02-11 18:14:04,361 - INFO - allennlp.common.from_params - instantiating class <class 'allennlp.data.iterators.basic_iterator.BasicIterator'> from params {'batch_size': 32} and extras {}
2019-02-11 18:14:04,361 - INFO - allennlp.common.params - iterator.batch_size = 32
2019-02-11 18:14:04,363 - INFO - allennlp.common.params - iterator.instances_per_epoch = None
2019-02-11 18:14:04,364 - INFO - allennlp.common.params - iterator.max_instances_in_memory = None
2019-02-11 18:14:04,364 - INFO - allennlp.common.params - iterator.cache_instances = False
2019-02-11 18:14:04,365 - INFO - allennlp.common.params - iterator.track_epoch = False
2019-02-11 18:14:04,365 - INFO - allennlp.common.params - iterator.maximum_samples_per_batch = None
2019-02-11 18:14:04,365 - INFO - allennlp.common.params - validation_iterator = None
2019-02-11 18:14:04,366 - INFO - allennlp.common.params - trainer.no_grad = ()
2019-02-11 18:14:04,366 - INFO - allennlp.commands.train - Following parameters are Frozen  (without gradient):
2019-02-11 18:14:04,366 - INFO - allennlp.commands.train - text_field_embedder.token_embedder_tokens.weight
2019-02-11 18:14:04,366 - INFO - allennlp.commands.train - Following parameters are Tunable (with gradient):
2019-02-11 18:14:04,366 - INFO - allennlp.commands.train - text_field_embedder.token_embedder_dependency_label.weight
2019-02-11 18:14:04,367 - INFO - allennlp.commands.train - text_field_embedder.token_embedder_ner_tag.weight
2019-02-11 18:14:04,367 - INFO - allennlp.commands.train - text_field_embedder.token_embedder_pos_tag.weight
2019-02-11 18:14:04,367 - INFO - allennlp.commands.train - encoder._module.weight_ih_l0
2019-02-11 18:14:04,367 - INFO - allennlp.commands.train - encoder._module.weight_hh_l0
2019-02-11 18:14:04,367 - INFO - allennlp.commands.train - encoder._module.bias_ih_l0
2019-02-11 18:14:04,367 - INFO - allennlp.commands.train - encoder._module.bias_hh_l0
2019-02-11 18:14:04,367 - INFO - allennlp.commands.train - encoder._module.weight_ih_l0_reverse
2019-02-11 18:14:04,368 - INFO - allennlp.commands.train - encoder._module.weight_hh_l0_reverse
2019-02-11 18:14:04,368 - INFO - allennlp.commands.train - encoder._module.bias_ih_l0_reverse
2019-02-11 18:14:04,368 - INFO - allennlp.commands.train - encoder._module.bias_hh_l0_reverse
2019-02-11 18:14:04,368 - INFO - allennlp.commands.train - encoder._module.weight_ih_l1
2019-02-11 18:14:04,368 - INFO - allennlp.commands.train - encoder._module.weight_hh_l1
2019-02-11 18:14:04,368 - INFO - allennlp.commands.train - encoder._module.bias_ih_l1
2019-02-11 18:14:04,368 - INFO - allennlp.commands.train - encoder._module.bias_hh_l1
2019-02-11 18:14:04,369 - INFO - allennlp.commands.train - encoder._module.weight_ih_l1_reverse
2019-02-11 18:14:04,369 - INFO - allennlp.commands.train - encoder._module.weight_hh_l1_reverse
2019-02-11 18:14:04,369 - INFO - allennlp.commands.train - encoder._module.bias_ih_l1_reverse
2019-02-11 18:14:04,369 - INFO - allennlp.commands.train - encoder._module.bias_hh_l1_reverse
2019-02-11 18:14:04,369 - INFO - allennlp.commands.train - tag_projection_layer._module.weight
2019-02-11 18:14:04,369 - INFO - allennlp.commands.train - tag_projection_layer._module.bias
2019-02-11 18:14:04,369 - INFO - allennlp.common.params - trainer.type = default
2019-02-11 18:14:04,370 - INFO - allennlp.common.params - trainer.patience = 5
2019-02-11 18:14:04,370 - INFO - allennlp.common.params - trainer.validation_metric = -loss
2019-02-11 18:14:04,370 - INFO - allennlp.common.params - trainer.shuffle = True
2019-02-11 18:14:04,370 - INFO - allennlp.common.params - trainer.num_epochs = 40
2019-02-11 18:14:04,370 - INFO - allennlp.common.params - trainer.cuda_device = 0
2019-02-11 18:14:04,370 - INFO - allennlp.common.params - trainer.grad_norm = None
2019-02-11 18:14:04,370 - INFO - allennlp.common.params - trainer.grad_clipping = None
2019-02-11 18:14:04,370 - INFO - allennlp.common.params - trainer.learning_rate_scheduler = None
2019-02-11 18:14:13,296 - INFO - allennlp.common.params - trainer.optimizer = adam
2019-02-11 18:14:13,296 - INFO - allennlp.common.params - parameter_groups = None
2019-02-11 18:14:13,296 - INFO - allennlp.training.optimizers - Number of trainable parameters: 210656
2019-02-11 18:14:13,298 - INFO - allennlp.common.params - Converting Params object to dict; logging of default values will not occur when dictionary parameters are used subsequently.
2019-02-11 18:14:13,298 - INFO - allennlp.common.params - CURRENTLY DEFINED PARAMETERS: 
2019-02-11 18:14:13,298 - INFO - allennlp.common.params - trainer.num_serialized_models_to_keep = 20
2019-02-11 18:14:13,298 - INFO - allennlp.common.params - trainer.keep_serialized_model_every_num_seconds = None
2019-02-11 18:14:13,299 - INFO - allennlp.common.params - trainer.model_save_interval = None
2019-02-11 18:14:13,299 - INFO - allennlp.common.params - trainer.summary_interval = 100
2019-02-11 18:14:13,299 - INFO - allennlp.common.params - trainer.histogram_interval = None
2019-02-11 18:14:13,299 - INFO - allennlp.common.params - trainer.should_log_parameter_statistics = True
2019-02-11 18:14:13,299 - INFO - allennlp.common.params - trainer.should_log_learning_rate = False
2019-02-11 18:14:13,299 - INFO - allennlp.common.params - trainer.log_batch_size_period = None
2019-02-11 18:14:13,309 - INFO - allennlp.common.params - evaluate_on_test = False
2019-02-11 18:14:13,310 - INFO - allennlp.training.trainer - Beginning training.
2019-02-11 18:14:13,310 - INFO - allennlp.training.trainer - Epoch 0/39
2019-02-11 18:14:13,310 - INFO - allennlp.training.trainer - Peak CPU memory usage MB: 2629.16
2019-02-11 18:14:13,485 - INFO - allennlp.training.trainer - GPU 0 memory usage MB: 391
2019-02-11 18:14:13,485 - INFO - allennlp.training.trainer - Training
2019-02-11 18:14:38,604 - INFO - allennlp.training.trainer - Validating
2019-02-11 18:14:44,855 - INFO - allennlp.training.trainer -                     Training |  Validation
2019-02-11 18:14:44,856 - INFO - allennlp.training.trainer - gpu_0_memory_MB |   391.000  |       N/A
2019-02-11 18:14:44,856 - INFO - allennlp.training.trainer - accuracy3       |     1.000  |     1.000
2019-02-11 18:14:44,856 - INFO - allennlp.training.trainer - cpu_memory_MB   |  2629.160  |       N/A
2019-02-11 18:14:44,856 - INFO - allennlp.training.trainer - loss            |     0.477  |     0.498
2019-02-11 18:14:44,856 - INFO - allennlp.training.trainer - accuracy        |     0.847  |     0.814
2019-02-11 18:14:44,877 - INFO - allennlp.training.trainer - Best validation performance so far. Copying weights to './model_params/best.th'.
2019-02-11 18:14:44,888 - INFO - allennlp.training.trainer - Epoch duration: 00:00:31
2019-02-11 18:14:44,889 - INFO - allennlp.training.trainer - Estimated training time remaining: 0:20:31
2019-02-11 18:14:44,889 - INFO - allennlp.training.trainer - Epoch 1/39
2019-02-11 18:14:44,889 - INFO - allennlp.training.trainer - Peak CPU memory usage MB: 2666.416
2019-02-11 18:14:44,982 - INFO - allennlp.training.trainer - GPU 0 memory usage MB: 697
2019-02-11 18:14:44,983 - INFO - allennlp.training.trainer - Training
2019-02-11 18:15:11,390 - INFO - allennlp.training.trainer - Validating
2019-02-11 18:15:16,562 - INFO - allennlp.training.trainer -                     Training |  Validation
2019-02-11 18:15:16,563 - INFO - allennlp.training.trainer - gpu_0_memory_MB |   697.000  |       N/A
2019-02-11 18:15:16,564 - INFO - allennlp.training.trainer - accuracy3       |     1.000  |     1.000
2019-02-11 18:15:16,564 - INFO - allennlp.training.trainer - cpu_memory_MB   |  2666.416  |       N/A
2019-02-11 18:15:16,564 - INFO - allennlp.training.trainer - loss            |     0.384  |     0.495
2019-02-11 18:15:16,564 - INFO - allennlp.training.trainer - accuracy        |     0.834  |     0.828
2019-02-11 18:15:16,582 - INFO - allennlp.training.trainer - Best validation performance so far. Copying weights to './model_params/best.th'.
2019-02-11 18:15:16,598 - INFO - allennlp.training.trainer - Epoch duration: 00:00:31
2019-02-11 18:15:16,598 - INFO - allennlp.training.trainer - Estimated training time remaining: 0:20:02
2019-02-11 18:15:16,598 - INFO - allennlp.training.trainer - Epoch 2/39
2019-02-11 18:15:16,598 - INFO - allennlp.training.trainer - Peak CPU memory usage MB: 2667.036
2019-02-11 18:15:16,690 - INFO - allennlp.training.trainer - GPU 0 memory usage MB: 697
2019-02-11 18:15:16,691 - INFO - allennlp.training.trainer - Training
2019-02-11 18:15:41,143 - INFO - allennlp.training.trainer - Validating
2019-02-11 18:15:45,842 - INFO - allennlp.training.trainer -                     Training |  Validation
2019-02-11 18:15:45,843 - INFO - allennlp.training.trainer - gpu_0_memory_MB |   697.000  |       N/A
2019-02-11 18:15:45,843 - INFO - allennlp.training.trainer - accuracy3       |     1.000  |     1.000
2019-02-11 18:15:45,843 - INFO - allennlp.training.trainer - cpu_memory_MB   |  2667.036  |       N/A
2019-02-11 18:15:45,844 - INFO - allennlp.training.trainer - loss            |     0.371  |     0.491
2019-02-11 18:15:45,844 - INFO - allennlp.training.trainer - accuracy        |     0.840  |     0.841
2019-02-11 18:15:45,865 - INFO - allennlp.training.trainer - Best validation performance so far. Copying weights to './model_params/best.th'.
2019-02-11 18:15:45,878 - INFO - allennlp.training.trainer - Epoch duration: 00:00:29
2019-02-11 18:15:45,878 - INFO - allennlp.training.trainer - Estimated training time remaining: 0:19:01
2019-02-11 18:15:45,879 - INFO - allennlp.training.trainer - Epoch 3/39
2019-02-11 18:15:45,879 - INFO - allennlp.training.trainer - Peak CPU memory usage MB: 2667.304
2019-02-11 18:15:45,970 - INFO - allennlp.training.trainer - GPU 0 memory usage MB: 709
2019-02-11 18:15:45,971 - INFO - allennlp.training.trainer - Training
2019-02-11 18:16:09,086 - INFO - allennlp.training.trainer - Validating
2019-02-11 18:16:13,775 - INFO - allennlp.training.trainer -                     Training |  Validation
2019-02-11 18:16:13,776 - INFO - allennlp.training.trainer - gpu_0_memory_MB |   709.000  |       N/A
2019-02-11 18:16:13,777 - INFO - allennlp.training.trainer - accuracy3       |     1.000  |     1.000
2019-02-11 18:16:13,777 - INFO - allennlp.training.trainer - cpu_memory_MB   |  2667.304  |       N/A
2019-02-11 18:16:13,777 - INFO - allennlp.training.trainer - loss            |     0.358  |     0.498
2019-02-11 18:16:13,777 - INFO - allennlp.training.trainer - accuracy        |     0.847  |     0.853
2019-02-11 18:16:13,795 - INFO - allennlp.training.trainer - Epoch duration: 00:00:27
2019-02-11 18:16:13,795 - INFO - allennlp.training.trainer - Estimated training time remaining: 0:18:04
2019-02-11 18:16:13,795 - INFO - allennlp.training.trainer - Epoch 4/39
2019-02-11 18:16:13,795 - INFO - allennlp.training.trainer - Peak CPU memory usage MB: 2667.456
2019-02-11 18:16:13,892 - INFO - allennlp.training.trainer - GPU 0 memory usage MB: 722
2019-02-11 18:16:13,893 - INFO - allennlp.training.trainer - Training
2019-02-11 18:16:36,159 - INFO - allennlp.training.trainer - Validating
2019-02-11 18:16:40,548 - INFO - allennlp.training.trainer -                     Training |  Validation
2019-02-11 18:16:40,549 - INFO - allennlp.training.trainer - gpu_0_memory_MB |   722.000  |       N/A
2019-02-11 18:16:40,549 - INFO - allennlp.training.trainer - accuracy3       |     1.000  |     1.000
2019-02-11 18:16:40,549 - INFO - allennlp.training.trainer - cpu_memory_MB   |  2667.456  |       N/A
2019-02-11 18:16:40,549 - INFO - allennlp.training.trainer - loss            |     0.347  |     0.514
2019-02-11 18:16:40,549 - INFO - allennlp.training.trainer - accuracy        |     0.851  |     0.854
2019-02-11 18:16:40,567 - INFO - allennlp.training.trainer - Epoch duration: 00:00:26
2019-02-11 18:16:40,567 - INFO - allennlp.training.trainer - Estimated training time remaining: 0:17:10
2019-02-11 18:16:40,567 - INFO - allennlp.training.trainer - Epoch 5/39
2019-02-11 18:16:40,568 - INFO - allennlp.training.trainer - Peak CPU memory usage MB: 2667.508
2019-02-11 18:16:40,668 - INFO - allennlp.training.trainer - GPU 0 memory usage MB: 722
2019-02-11 18:16:40,669 - INFO - allennlp.training.trainer - Training
2019-02-11 18:17:01,918 - INFO - allennlp.training.trainer - Validating
2019-02-11 18:17:06,286 - INFO - allennlp.training.trainer -                     Training |  Validation
2019-02-11 18:17:06,287 - INFO - allennlp.training.trainer - gpu_0_memory_MB |   722.000  |       N/A
2019-02-11 18:17:06,287 - INFO - allennlp.training.trainer - accuracy3       |     1.000  |     1.000
2019-02-11 18:17:06,287 - INFO - allennlp.training.trainer - cpu_memory_MB   |  2667.508  |       N/A
2019-02-11 18:17:06,287 - INFO - allennlp.training.trainer - loss            |     0.337  |     0.494
2019-02-11 18:17:06,288 - INFO - allennlp.training.trainer - accuracy        |     0.855  |     0.823
2019-02-11 18:17:06,319 - INFO - allennlp.training.trainer - Epoch duration: 00:00:25
2019-02-11 18:17:06,319 - INFO - allennlp.training.trainer - Estimated training time remaining: 0:16:20
2019-02-11 18:17:06,320 - INFO - allennlp.training.trainer - Epoch 6/39
2019-02-11 18:17:06,320 - INFO - allennlp.training.trainer - Peak CPU memory usage MB: 2667.676
2019-02-11 18:17:06,441 - INFO - allennlp.training.trainer - GPU 0 memory usage MB: 722
2019-02-11 18:17:06,441 - INFO - allennlp.training.trainer - Training
2019-02-11 18:17:26,849 - INFO - allennlp.training.trainer - Validating
2019-02-11 18:17:31,050 - INFO - allennlp.training.trainer -                     Training |  Validation
2019-02-11 18:17:31,051 - INFO - allennlp.training.trainer - gpu_0_memory_MB |   722.000  |       N/A
2019-02-11 18:17:31,051 - INFO - allennlp.training.trainer - accuracy3       |     1.000  |     1.000
2019-02-11 18:17:31,052 - INFO - allennlp.training.trainer - cpu_memory_MB   |  2667.676  |       N/A
2019-02-11 18:17:31,052 - INFO - allennlp.training.trainer - loss            |     0.330  |     0.493
2019-02-11 18:17:31,052 - INFO - allennlp.training.trainer - accuracy        |     0.856  |     0.808
2019-02-11 18:17:31,069 - INFO - allennlp.training.trainer - Epoch duration: 00:00:24
2019-02-11 18:17:31,070 - INFO - allennlp.training.trainer - Estimated training time remaining: 0:15:32
2019-02-11 18:17:31,070 - INFO - allennlp.training.trainer - Epoch 7/39
2019-02-11 18:17:31,070 - INFO - allennlp.training.trainer - Peak CPU memory usage MB: 2667.772
2019-02-11 18:17:31,169 - INFO - allennlp.training.trainer - GPU 0 memory usage MB: 722
2019-02-11 18:17:31,170 - INFO - allennlp.training.trainer - Training
2019-02-11 18:17:51,941 - INFO - allennlp.training.trainer - Validating
2019-02-11 18:17:56,067 - INFO - allennlp.training.trainer - Ran out of patience.  Stopping training.
2019-02-11 18:17:56,068 - INFO - allennlp.models.archival - archiving weights and vocabulary to ./model_params/model.tar.gz
2019-02-11 18:17:56,607 - INFO - allennlp.commands.train - Loading the best epoch weights.
2019-02-11 18:17:56,625 - INFO - allennlp.common.util - Metrics: {
  "peak_cpu_memory_MB": 2667.772,
  "peak_gpu_0_memory_MB": 722,
  "training_duration": "00:03:17",
  "training_start_epoch": 0,
  "training_epochs": 6,
  "epoch": 6,
  "training_accuracy": 0.8557074656697189,
  "training_accuracy3": 1.0,
  "training_loss": 0.329561328596395,
  "training_cpu_memory_MB": 2667.676,
  "training_gpu_0_memory_MB": 722,
  "validation_accuracy": 0.8084057872954655,
  "validation_accuracy3": 1.0,
  "validation_loss": 0.4931279937831723,
  "best_epoch": 2,
  "best_validation_accuracy": 0.8405674526652909,
  "best_validation_accuracy3": 1.0,
  "best_validation_loss": 0.49074010976723265
}
Token batch process time:
115.62515568733215
Token batch process time:
64.36545276641846
