2019-02-13 01:50:37,079 - INFO - allennlp.common.from_params - instantiating class <class 'allennlp.data.dataset_readers.dataset_reader.DatasetReader'> from params {'mytokenizer': {'type': 'word', 'word_splitter': {'ner': True, 'parse': True, 'pos_tags': True, 'type': 'whitespacy'}}, 'token_indexers': {'dependency_label': {'namespace': 'dependencies', 'type': 'dependency_label'}, 'ner_tag': {'namespace': 'ner', 'type': 'ner_tag'}, 'pos_tag': {'coarse_tags': True, 'namespace': 'pos', 'type': 'pos_tag'}}, 'type': 'sequence_tagging2', 'word_tag_delimiter': '//'} and extras {}
2019-02-13 01:50:37,080 - INFO - allennlp.common.params - dataset_reader.type = sequence_tagging2
2019-02-13 01:50:37,080 - INFO - allennlp.common.from_params - instantiating class <class 'myallennlp.dataset_readers.sequence_tagging2.SequenceTaggingDatasetReader'> from params {'mytokenizer': {'type': 'word', 'word_splitter': {'ner': True, 'parse': True, 'pos_tags': True, 'type': 'whitespacy'}}, 'token_indexers': {'dependency_label': {'namespace': 'dependencies', 'type': 'dependency_label'}, 'ner_tag': {'namespace': 'ner', 'type': 'ner_tag'}, 'pos_tag': {'coarse_tags': True, 'namespace': 'pos', 'type': 'pos_tag'}}, 'word_tag_delimiter': '//'} and extras {}
2019-02-13 01:50:37,080 - INFO - allennlp.common.params - dataset_reader.word_tag_delimiter = //
2019-02-13 01:50:37,080 - INFO - allennlp.common.params - dataset_reader.token_delimiter = None
2019-02-13 01:50:37,081 - INFO - allennlp.common.from_params - instantiating class allennlp.data.token_indexers.token_indexer.TokenIndexer from params {'namespace': 'dependencies', 'type': 'dependency_label'} and extras {}
2019-02-13 01:50:37,081 - INFO - allennlp.common.params - dataset_reader.token_indexers.dependency_label.type = dependency_label
2019-02-13 01:50:37,081 - INFO - allennlp.common.from_params - instantiating class allennlp.data.token_indexers.dep_label_indexer.DepLabelIndexer from params {'namespace': 'dependencies'} and extras {}
2019-02-13 01:50:37,081 - INFO - allennlp.common.params - dataset_reader.token_indexers.dependency_label.namespace = dependencies
2019-02-13 01:50:37,081 - INFO - allennlp.common.from_params - instantiating class allennlp.data.token_indexers.token_indexer.TokenIndexer from params {'namespace': 'ner', 'type': 'ner_tag'} and extras {}
2019-02-13 01:50:37,081 - INFO - allennlp.common.params - dataset_reader.token_indexers.ner_tag.type = ner_tag
2019-02-13 01:50:37,082 - INFO - allennlp.common.from_params - instantiating class allennlp.data.token_indexers.ner_tag_indexer.NerTagIndexer from params {'namespace': 'ner'} and extras {}
2019-02-13 01:50:37,082 - INFO - allennlp.common.params - dataset_reader.token_indexers.ner_tag.namespace = ner
2019-02-13 01:50:37,082 - INFO - allennlp.common.from_params - instantiating class allennlp.data.token_indexers.token_indexer.TokenIndexer from params {'coarse_tags': True, 'namespace': 'pos', 'type': 'pos_tag'} and extras {}
2019-02-13 01:50:37,082 - INFO - allennlp.common.params - dataset_reader.token_indexers.pos_tag.type = pos_tag
2019-02-13 01:50:37,082 - INFO - allennlp.common.from_params - instantiating class allennlp.data.token_indexers.pos_tag_indexer.PosTagIndexer from params {'coarse_tags': True, 'namespace': 'pos'} and extras {}
2019-02-13 01:50:37,083 - INFO - allennlp.common.params - dataset_reader.token_indexers.pos_tag.namespace = pos
2019-02-13 01:50:37,083 - INFO - allennlp.common.params - dataset_reader.token_indexers.pos_tag.coarse_tags = True
2019-02-13 01:50:37,083 - INFO - allennlp.common.params - dataset_reader.lazy = False
2019-02-13 01:50:37,083 - INFO - allennlp.common.from_params - instantiating class <class 'allennlp.data.tokenizers.tokenizer.Tokenizer'> from params {'type': 'word', 'word_splitter': {'ner': True, 'parse': True, 'pos_tags': True, 'type': 'whitespacy'}} and extras {}
2019-02-13 01:50:37,083 - INFO - allennlp.common.params - dataset_reader.mytokenizer.type = word
2019-02-13 01:50:37,083 - INFO - allennlp.common.from_params - instantiating class <class 'allennlp.data.tokenizers.word_tokenizer.WordTokenizer'> from params {'word_splitter': {'ner': True, 'parse': True, 'pos_tags': True, 'type': 'whitespacy'}} and extras {}
2019-02-13 01:50:37,084 - INFO - allennlp.common.from_params - instantiating class <class 'allennlp.data.tokenizers.word_splitter.WordSplitter'> from params {'ner': True, 'parse': True, 'pos_tags': True, 'type': 'whitespacy'} and extras {}
2019-02-13 01:50:37,084 - INFO - allennlp.common.params - dataset_reader.mytokenizer.word_splitter.type = whitespacy
2019-02-13 01:50:37,084 - INFO - allennlp.common.from_params - instantiating class <class 'myallennlp.data.tokenizers.word_splitter.SpacyWordSplitter'> from params {'ner': True, 'parse': True, 'pos_tags': True} and extras {}
2019-02-13 01:50:37,084 - INFO - allennlp.common.params - dataset_reader.mytokenizer.word_splitter.language = en_core_web_sm
2019-02-13 01:50:37,084 - INFO - allennlp.common.params - dataset_reader.mytokenizer.word_splitter.pos_tags = True
2019-02-13 01:50:37,085 - INFO - allennlp.common.params - dataset_reader.mytokenizer.word_splitter.parse = True
2019-02-13 01:50:37,085 - INFO - allennlp.common.params - dataset_reader.mytokenizer.word_splitter.ner = True
2019-02-13 01:50:37,686 - INFO - allennlp.common.params - dataset_reader.mytokenizer.start_tokens = None
2019-02-13 01:50:37,687 - INFO - allennlp.common.params - dataset_reader.mytokenizer.end_tokens = None
2019-02-13 01:50:37,687 - INFO - allennlp.common.params - dataset_reader.use_spacy_directly = False
2019-02-13 01:50:37,687 - INFO - allennlp.common.params - validation_dataset_reader = None
2019-02-13 01:50:37,687 - INFO - allennlp.common.params - train_data_path = ../data/allenTrain.txt
2019-02-13 01:50:37,687 - INFO - allennlp.commands.train - Reading training data from ../data/allenTrain.txt
2019-02-13 01:50:37,688 - INFO - myallennlp.dataset_readers.sequence_tagging2 - Reading instances from lines in file at: ../data/allenTrain.txt
2019-02-13 01:51:35,174 - INFO - allennlp.common.params - validation_data_path = ../data/allenDev.txt
2019-02-13 01:51:35,175 - INFO - allennlp.commands.train - Reading validation data from ../data/allenDev.txt
2019-02-13 01:51:35,175 - INFO - myallennlp.dataset_readers.sequence_tagging2 - Reading instances from lines in file at: ../data/allenDev.txt
2019-02-13 01:52:05,193 - INFO - allennlp.common.params - test_data_path = None
2019-02-13 01:52:05,194 - INFO - allennlp.commands.train - From dataset instances, train, validation will be considered for vocabulary creation.
2019-02-13 01:52:05,194 - INFO - allennlp.common.params - vocabulary.type = None
2019-02-13 01:52:05,194 - INFO - allennlp.common.params - vocabulary.extend = False
2019-02-13 01:52:05,194 - INFO - allennlp.common.params - vocabulary.directory_path = None
2019-02-13 01:52:05,194 - INFO - allennlp.common.params - vocabulary.min_count = None
2019-02-13 01:52:05,194 - INFO - allennlp.common.params - vocabulary.max_vocab_size = None
2019-02-13 01:52:05,195 - INFO - allennlp.common.params - vocabulary.non_padded_namespaces = ('*tags', '*labels')
2019-02-13 01:52:05,195 - INFO - allennlp.common.params - vocabulary.min_pretrained_embeddings = None
2019-02-13 01:52:05,195 - INFO - allennlp.common.params - vocabulary.only_include_pretrained_words = False
2019-02-13 01:52:05,195 - INFO - allennlp.common.params - vocabulary.tokens_to_add = None
2019-02-13 01:52:05,195 - INFO - allennlp.data.vocabulary - Fitting token dictionary from dataset.
2019-02-13 01:52:05,764 - INFO - allennlp.common.from_params - instantiating class <class 'allennlp.models.model.Model'> from params {'Ntags0': 80, 'Ntags1': 20, 'do_crossentropy_weighting': True, 'encoder': {'input_dim': 54, 'type': 'pass_through'}, 'text_field_embedder': {'token_embedders': {'dependency_label': {'embedding_dim': 20, 'type': 'embedding', 'vocab_namespace': 'dependencies'}, 'ner_tag': {'embedding_dim': 19, 'type': 'embedding', 'vocab_namespace': 'ner'}, 'pos_tag': {'embedding_dim': 15, 'type': 'embedding', 'vocab_namespace': 'pos'}}}, 'type': 'simple_tagger2'} and extras {'vocab': Vocabulary with namespaces:  dependencies, Size: 47 || ner, Size: 21 || pos, Size: 17 || labels, Size: 2 || Non Padded Namespaces: {'*tags', '*labels'}}
2019-02-13 01:52:05,764 - INFO - allennlp.common.params - model.type = simple_tagger2
2019-02-13 01:52:05,764 - INFO - allennlp.common.from_params - instantiating class <class 'myallennlp.models.simple_tagger2.SimpleTagger2'> from params {'Ntags0': 80, 'Ntags1': 20, 'do_crossentropy_weighting': True, 'encoder': {'input_dim': 54, 'type': 'pass_through'}, 'text_field_embedder': {'token_embedders': {'dependency_label': {'embedding_dim': 20, 'type': 'embedding', 'vocab_namespace': 'dependencies'}, 'ner_tag': {'embedding_dim': 19, 'type': 'embedding', 'vocab_namespace': 'ner'}, 'pos_tag': {'embedding_dim': 15, 'type': 'embedding', 'vocab_namespace': 'pos'}}}} and extras {'vocab': Vocabulary with namespaces:  dependencies, Size: 47 || ner, Size: 21 || pos, Size: 17 || labels, Size: 2 || Non Padded Namespaces: {'*tags', '*labels'}}
2019-02-13 01:52:05,765 - INFO - allennlp.common.from_params - instantiating class <class 'allennlp.modules.text_field_embedders.text_field_embedder.TextFieldEmbedder'> from params {'token_embedders': {'dependency_label': {'embedding_dim': 20, 'type': 'embedding', 'vocab_namespace': 'dependencies'}, 'ner_tag': {'embedding_dim': 19, 'type': 'embedding', 'vocab_namespace': 'ner'}, 'pos_tag': {'embedding_dim': 15, 'type': 'embedding', 'vocab_namespace': 'pos'}}} and extras {'vocab': Vocabulary with namespaces:  dependencies, Size: 47 || ner, Size: 21 || pos, Size: 17 || labels, Size: 2 || Non Padded Namespaces: {'*tags', '*labels'}}
2019-02-13 01:52:05,765 - INFO - allennlp.common.params - model.text_field_embedder.type = basic
2019-02-13 01:52:05,765 - INFO - allennlp.common.params - model.text_field_embedder.embedder_to_indexer_map = None
2019-02-13 01:52:05,765 - INFO - allennlp.common.params - model.text_field_embedder.allow_unmatched_keys = False
2019-02-13 01:52:05,765 - INFO - allennlp.common.from_params - instantiating class <class 'allennlp.modules.token_embedders.token_embedder.TokenEmbedder'> from params {'embedding_dim': 20, 'type': 'embedding', 'vocab_namespace': 'dependencies'} and extras {'vocab': Vocabulary with namespaces:  dependencies, Size: 47 || ner, Size: 21 || pos, Size: 17 || labels, Size: 2 || Non Padded Namespaces: {'*tags', '*labels'}}
2019-02-13 01:52:05,765 - INFO - allennlp.common.params - model.text_field_embedder.token_embedders.dependency_label.type = embedding
2019-02-13 01:52:05,766 - INFO - allennlp.common.params - model.text_field_embedder.token_embedders.dependency_label.num_embeddings = None
2019-02-13 01:52:05,766 - INFO - allennlp.common.params - model.text_field_embedder.token_embedders.dependency_label.vocab_namespace = dependencies
2019-02-13 01:52:05,766 - INFO - allennlp.common.params - model.text_field_embedder.token_embedders.dependency_label.embedding_dim = 20
2019-02-13 01:52:05,766 - INFO - allennlp.common.params - model.text_field_embedder.token_embedders.dependency_label.pretrained_file = None
2019-02-13 01:52:05,766 - INFO - allennlp.common.params - model.text_field_embedder.token_embedders.dependency_label.projection_dim = None
2019-02-13 01:52:05,766 - INFO - allennlp.common.params - model.text_field_embedder.token_embedders.dependency_label.trainable = True
2019-02-13 01:52:05,766 - INFO - allennlp.common.params - model.text_field_embedder.token_embedders.dependency_label.padding_index = None
2019-02-13 01:52:05,766 - INFO - allennlp.common.params - model.text_field_embedder.token_embedders.dependency_label.max_norm = None
2019-02-13 01:52:05,767 - INFO - allennlp.common.params - model.text_field_embedder.token_embedders.dependency_label.norm_type = 2.0
2019-02-13 01:52:05,767 - INFO - allennlp.common.params - model.text_field_embedder.token_embedders.dependency_label.scale_grad_by_freq = False
2019-02-13 01:52:05,767 - INFO - allennlp.common.params - model.text_field_embedder.token_embedders.dependency_label.sparse = False
2019-02-13 01:52:05,768 - INFO - allennlp.common.from_params - instantiating class <class 'allennlp.modules.token_embedders.token_embedder.TokenEmbedder'> from params {'embedding_dim': 19, 'type': 'embedding', 'vocab_namespace': 'ner'} and extras {'vocab': Vocabulary with namespaces:  dependencies, Size: 47 || ner, Size: 21 || pos, Size: 17 || labels, Size: 2 || Non Padded Namespaces: {'*tags', '*labels'}}
2019-02-13 01:52:05,768 - INFO - allennlp.common.params - model.text_field_embedder.token_embedders.ner_tag.type = embedding
2019-02-13 01:52:05,768 - INFO - allennlp.common.params - model.text_field_embedder.token_embedders.ner_tag.num_embeddings = None
2019-02-13 01:52:05,768 - INFO - allennlp.common.params - model.text_field_embedder.token_embedders.ner_tag.vocab_namespace = ner
2019-02-13 01:52:05,768 - INFO - allennlp.common.params - model.text_field_embedder.token_embedders.ner_tag.embedding_dim = 19
2019-02-13 01:52:05,768 - INFO - allennlp.common.params - model.text_field_embedder.token_embedders.ner_tag.pretrained_file = None
2019-02-13 01:52:05,769 - INFO - allennlp.common.params - model.text_field_embedder.token_embedders.ner_tag.projection_dim = None
2019-02-13 01:52:05,769 - INFO - allennlp.common.params - model.text_field_embedder.token_embedders.ner_tag.trainable = True
2019-02-13 01:52:05,769 - INFO - allennlp.common.params - model.text_field_embedder.token_embedders.ner_tag.padding_index = None
2019-02-13 01:52:05,769 - INFO - allennlp.common.params - model.text_field_embedder.token_embedders.ner_tag.max_norm = None
2019-02-13 01:52:05,769 - INFO - allennlp.common.params - model.text_field_embedder.token_embedders.ner_tag.norm_type = 2.0
2019-02-13 01:52:05,769 - INFO - allennlp.common.params - model.text_field_embedder.token_embedders.ner_tag.scale_grad_by_freq = False
2019-02-13 01:52:05,769 - INFO - allennlp.common.params - model.text_field_embedder.token_embedders.ner_tag.sparse = False
2019-02-13 01:52:05,769 - INFO - allennlp.common.from_params - instantiating class <class 'allennlp.modules.token_embedders.token_embedder.TokenEmbedder'> from params {'embedding_dim': 15, 'type': 'embedding', 'vocab_namespace': 'pos'} and extras {'vocab': Vocabulary with namespaces:  dependencies, Size: 47 || ner, Size: 21 || pos, Size: 17 || labels, Size: 2 || Non Padded Namespaces: {'*tags', '*labels'}}
2019-02-13 01:52:05,770 - INFO - allennlp.common.params - model.text_field_embedder.token_embedders.pos_tag.type = embedding
2019-02-13 01:52:05,770 - INFO - allennlp.common.params - model.text_field_embedder.token_embedders.pos_tag.num_embeddings = None
2019-02-13 01:52:05,770 - INFO - allennlp.common.params - model.text_field_embedder.token_embedders.pos_tag.vocab_namespace = pos
2019-02-13 01:52:05,770 - INFO - allennlp.common.params - model.text_field_embedder.token_embedders.pos_tag.embedding_dim = 15
2019-02-13 01:52:05,770 - INFO - allennlp.common.params - model.text_field_embedder.token_embedders.pos_tag.pretrained_file = None
2019-02-13 01:52:05,770 - INFO - allennlp.common.params - model.text_field_embedder.token_embedders.pos_tag.projection_dim = None
2019-02-13 01:52:05,770 - INFO - allennlp.common.params - model.text_field_embedder.token_embedders.pos_tag.trainable = True
2019-02-13 01:52:05,771 - INFO - allennlp.common.params - model.text_field_embedder.token_embedders.pos_tag.padding_index = None
2019-02-13 01:52:05,771 - INFO - allennlp.common.params - model.text_field_embedder.token_embedders.pos_tag.max_norm = None
2019-02-13 01:52:05,771 - INFO - allennlp.common.params - model.text_field_embedder.token_embedders.pos_tag.norm_type = 2.0
2019-02-13 01:52:05,771 - INFO - allennlp.common.params - model.text_field_embedder.token_embedders.pos_tag.scale_grad_by_freq = False
2019-02-13 01:52:05,771 - INFO - allennlp.common.params - model.text_field_embedder.token_embedders.pos_tag.sparse = False
2019-02-13 01:52:05,771 - INFO - allennlp.common.from_params - instantiating class <class 'allennlp.modules.seq2seq_encoders.seq2seq_encoder.Seq2SeqEncoder'> from params {'input_dim': 54, 'type': 'pass_through'} and extras {'vocab': Vocabulary with namespaces:  dependencies, Size: 47 || ner, Size: 21 || pos, Size: 17 || labels, Size: 2 || Non Padded Namespaces: {'*tags', '*labels'}}
2019-02-13 01:52:05,772 - INFO - allennlp.common.params - model.encoder.type = pass_through
2019-02-13 01:52:05,772 - INFO - allennlp.common.from_params - instantiating class <class 'allennlp.modules.seq2seq_encoders.pass_through_encoder.PassThroughEncoder'> from params {'input_dim': 54} and extras {'vocab': Vocabulary with namespaces:  dependencies, Size: 47 || ner, Size: 21 || pos, Size: 17 || labels, Size: 2 || Non Padded Namespaces: {'*tags', '*labels'}}
2019-02-13 01:52:05,772 - INFO - allennlp.common.params - model.encoder.input_dim = 54
2019-02-13 01:52:05,772 - INFO - allennlp.common.params - model.do_crossentropy_weighting = True
2019-02-13 01:52:05,772 - INFO - allennlp.common.params - model.Ntags0 = 80
2019-02-13 01:52:05,772 - INFO - allennlp.common.params - model.Ntags1 = 20
2019-02-13 01:52:05,773 - INFO - allennlp.nn.initializers - Initializing parameters
2019-02-13 01:52:05,773 - INFO - allennlp.nn.initializers - Done initializing parameters; the following parameters are using their default initialization from their code
2019-02-13 01:52:05,773 - INFO - allennlp.nn.initializers -    tag_projection_layer._module.bias
2019-02-13 01:52:05,773 - INFO - allennlp.nn.initializers -    tag_projection_layer._module.weight
2019-02-13 01:52:05,773 - INFO - allennlp.nn.initializers -    text_field_embedder.token_embedder_dependency_label.weight
2019-02-13 01:52:05,774 - INFO - allennlp.nn.initializers -    text_field_embedder.token_embedder_ner_tag.weight
2019-02-13 01:52:05,774 - INFO - allennlp.nn.initializers -    text_field_embedder.token_embedder_pos_tag.weight
2019-02-13 01:52:05,775 - INFO - allennlp.common.from_params - instantiating class <class 'allennlp.data.iterators.data_iterator.DataIterator'> from params {'batch_size': 32, 'type': 'basic'} and extras {}
2019-02-13 01:52:05,775 - INFO - allennlp.common.params - iterator.type = basic
2019-02-13 01:52:05,775 - INFO - allennlp.common.from_params - instantiating class <class 'allennlp.data.iterators.basic_iterator.BasicIterator'> from params {'batch_size': 32} and extras {}
2019-02-13 01:52:05,775 - INFO - allennlp.common.params - iterator.batch_size = 32
2019-02-13 01:52:05,776 - INFO - allennlp.common.params - iterator.instances_per_epoch = None
2019-02-13 01:52:05,776 - INFO - allennlp.common.params - iterator.max_instances_in_memory = None
2019-02-13 01:52:05,776 - INFO - allennlp.common.params - iterator.cache_instances = False
2019-02-13 01:52:05,776 - INFO - allennlp.common.params - iterator.track_epoch = False
2019-02-13 01:52:05,776 - INFO - allennlp.common.params - iterator.maximum_samples_per_batch = None
2019-02-13 01:52:05,776 - INFO - allennlp.common.params - validation_iterator = None
2019-02-13 01:52:05,776 - INFO - allennlp.common.params - trainer.no_grad = ()
2019-02-13 01:52:05,777 - INFO - allennlp.commands.train - Following parameters are Frozen  (without gradient):
2019-02-13 01:52:05,777 - INFO - allennlp.commands.train - Following parameters are Tunable (with gradient):
2019-02-13 01:52:05,777 - INFO - allennlp.commands.train - text_field_embedder.token_embedder_dependency_label.weight
2019-02-13 01:52:05,777 - INFO - allennlp.commands.train - text_field_embedder.token_embedder_ner_tag.weight
2019-02-13 01:52:05,777 - INFO - allennlp.commands.train - text_field_embedder.token_embedder_pos_tag.weight
2019-02-13 01:52:05,777 - INFO - allennlp.commands.train - tag_projection_layer._module.weight
2019-02-13 01:52:05,777 - INFO - allennlp.commands.train - tag_projection_layer._module.bias
2019-02-13 01:52:05,777 - INFO - allennlp.common.params - trainer.type = default
2019-02-13 01:52:05,777 - INFO - allennlp.common.params - trainer.patience = 5
2019-02-13 01:52:05,778 - INFO - allennlp.common.params - trainer.validation_metric = -loss
2019-02-13 01:52:05,778 - INFO - allennlp.common.params - trainer.shuffle = True
2019-02-13 01:52:05,778 - INFO - allennlp.common.params - trainer.num_epochs = 40
2019-02-13 01:52:05,778 - INFO - allennlp.common.params - trainer.cuda_device = 0
2019-02-13 01:52:05,778 - INFO - allennlp.common.params - trainer.grad_norm = None
2019-02-13 01:52:05,778 - INFO - allennlp.common.params - trainer.grad_clipping = None
2019-02-13 01:52:05,778 - INFO - allennlp.common.params - trainer.learning_rate_scheduler = None
2019-02-13 01:52:08,165 - INFO - allennlp.common.params - trainer.optimizer = adam
2019-02-13 01:52:08,166 - INFO - allennlp.common.params - parameter_groups = None
2019-02-13 01:52:08,166 - INFO - allennlp.training.optimizers - Number of trainable parameters: 1704
2019-02-13 01:52:08,167 - INFO - allennlp.common.params - Converting Params object to dict; logging of default values will not occur when dictionary parameters are used subsequently.
2019-02-13 01:52:08,167 - INFO - allennlp.common.params - CURRENTLY DEFINED PARAMETERS: 
2019-02-13 01:52:08,167 - INFO - allennlp.common.params - trainer.num_serialized_models_to_keep = 20
2019-02-13 01:52:08,167 - INFO - allennlp.common.params - trainer.keep_serialized_model_every_num_seconds = None
2019-02-13 01:52:08,167 - INFO - allennlp.common.params - trainer.model_save_interval = None
2019-02-13 01:52:08,167 - INFO - allennlp.common.params - trainer.summary_interval = 100
2019-02-13 01:52:08,168 - INFO - allennlp.common.params - trainer.histogram_interval = None
2019-02-13 01:52:08,168 - INFO - allennlp.common.params - trainer.should_log_parameter_statistics = True
2019-02-13 01:52:08,168 - INFO - allennlp.common.params - trainer.should_log_learning_rate = False
2019-02-13 01:52:08,168 - INFO - allennlp.common.params - trainer.log_batch_size_period = None
2019-02-13 01:52:08,170 - INFO - allennlp.common.params - evaluate_on_test = False
2019-02-13 01:52:08,170 - INFO - allennlp.training.trainer - Beginning training.
2019-02-13 01:52:08,170 - INFO - allennlp.training.trainer - Epoch 0/39
2019-02-13 01:52:08,170 - INFO - allennlp.training.trainer - Peak CPU memory usage MB: 2609.42
2019-02-13 01:52:08,263 - INFO - allennlp.training.trainer - GPU 0 memory usage MB: 317
2019-02-13 01:52:08,264 - INFO - allennlp.training.trainer - Training
2019-02-13 01:52:12,080 - INFO - allennlp.training.trainer - Validating
2019-02-13 01:52:13,318 - INFO - allennlp.training.trainer -                     Training |  Validation
2019-02-13 01:52:13,319 - INFO - allennlp.training.trainer - gpu_0_memory_MB |   317.000  |       N/A
2019-02-13 01:52:13,319 - INFO - allennlp.training.trainer - accuracy        |     0.823  |     0.914
2019-02-13 01:52:13,319 - INFO - allennlp.training.trainer - loss            |     0.467  |     0.408
2019-02-13 01:52:13,320 - INFO - allennlp.training.trainer - cpu_memory_MB   |  2609.420  |       N/A
2019-02-13 01:52:13,320 - INFO - allennlp.training.trainer - accuracy3       |     1.000  |     1.000
2019-02-13 01:52:13,323 - INFO - allennlp.training.trainer - Best validation performance so far. Copying weights to './model_params/best.th'.
2019-02-13 01:52:13,323 - INFO - allennlp.training.trainer - Epoch duration: 00:00:05
2019-02-13 01:52:13,323 - INFO - allennlp.training.trainer - Estimated training time remaining: 0:03:20
2019-02-13 01:52:13,324 - INFO - allennlp.training.trainer - Epoch 1/39
2019-02-13 01:52:13,324 - INFO - allennlp.training.trainer - Peak CPU memory usage MB: 2640.616
2019-02-13 01:52:13,417 - INFO - allennlp.training.trainer - GPU 0 memory usage MB: 321
2019-02-13 01:52:13,418 - INFO - allennlp.training.trainer - Training
2019-02-13 01:52:16,693 - INFO - allennlp.training.trainer - Validating
2019-02-13 01:52:17,585 - INFO - allennlp.training.trainer -                     Training |  Validation
2019-02-13 01:52:17,586 - INFO - allennlp.training.trainer - gpu_0_memory_MB |   321.000  |       N/A
2019-02-13 01:52:17,586 - INFO - allennlp.training.trainer - accuracy        |     0.917  |     0.913
2019-02-13 01:52:17,587 - INFO - allennlp.training.trainer - loss            |     0.319  |     0.393
2019-02-13 01:52:17,587 - INFO - allennlp.training.trainer - cpu_memory_MB   |  2640.616  |       N/A
2019-02-13 01:52:17,588 - INFO - allennlp.training.trainer - accuracy3       |     1.000  |     1.000
2019-02-13 01:52:17,590 - INFO - allennlp.training.trainer - Best validation performance so far. Copying weights to './model_params/best.th'.
2019-02-13 01:52:17,590 - INFO - allennlp.training.trainer - Epoch duration: 00:00:04
2019-02-13 01:52:17,591 - INFO - allennlp.training.trainer - Estimated training time remaining: 0:02:58
2019-02-13 01:52:17,591 - INFO - allennlp.training.trainer - Epoch 2/39
2019-02-13 01:52:17,591 - INFO - allennlp.training.trainer - Peak CPU memory usage MB: 2640.832
2019-02-13 01:52:17,686 - INFO - allennlp.training.trainer - GPU 0 memory usage MB: 321
2019-02-13 01:52:17,687 - INFO - allennlp.training.trainer - Training
2019-02-13 01:52:20,828 - INFO - allennlp.training.trainer - Validating
2019-02-13 01:52:21,677 - INFO - allennlp.training.trainer -                     Training |  Validation
2019-02-13 01:52:21,678 - INFO - allennlp.training.trainer - gpu_0_memory_MB |   321.000  |       N/A
2019-02-13 01:52:21,678 - INFO - allennlp.training.trainer - accuracy        |     0.917  |     0.915
2019-02-13 01:52:21,679 - INFO - allennlp.training.trainer - loss            |     0.312  |     0.389
2019-02-13 01:52:21,679 - INFO - allennlp.training.trainer - cpu_memory_MB   |  2640.832  |       N/A
2019-02-13 01:52:21,679 - INFO - allennlp.training.trainer - accuracy3       |     1.000  |     1.000
2019-02-13 01:52:21,681 - INFO - allennlp.training.trainer - Best validation performance so far. Copying weights to './model_params/best.th'.
2019-02-13 01:52:21,682 - INFO - allennlp.training.trainer - Epoch duration: 00:00:04
2019-02-13 01:52:21,682 - INFO - allennlp.training.trainer - Estimated training time remaining: 0:02:46
2019-02-13 01:52:21,682 - INFO - allennlp.training.trainer - Epoch 3/39
2019-02-13 01:52:21,682 - INFO - allennlp.training.trainer - Peak CPU memory usage MB: 2640.896
2019-02-13 01:52:21,781 - INFO - allennlp.training.trainer - GPU 0 memory usage MB: 321
2019-02-13 01:52:21,782 - INFO - allennlp.training.trainer - Training
2019-02-13 01:52:24,946 - INFO - allennlp.training.trainer - Validating
2019-02-13 01:52:25,826 - INFO - allennlp.training.trainer -                     Training |  Validation
2019-02-13 01:52:25,826 - INFO - allennlp.training.trainer - gpu_0_memory_MB |   321.000  |       N/A
2019-02-13 01:52:25,827 - INFO - allennlp.training.trainer - accuracy        |     0.917  |     0.918
2019-02-13 01:52:25,827 - INFO - allennlp.training.trainer - loss            |     0.310  |     0.387
2019-02-13 01:52:25,828 - INFO - allennlp.training.trainer - cpu_memory_MB   |  2640.896  |       N/A
2019-02-13 01:52:25,828 - INFO - allennlp.training.trainer - accuracy3       |     1.000  |     1.000
2019-02-13 01:52:25,830 - INFO - allennlp.training.trainer - Best validation performance so far. Copying weights to './model_params/best.th'.
2019-02-13 01:52:25,831 - INFO - allennlp.training.trainer - Epoch duration: 00:00:04
2019-02-13 01:52:25,831 - INFO - allennlp.training.trainer - Estimated training time remaining: 0:02:38
2019-02-13 01:52:25,831 - INFO - allennlp.training.trainer - Epoch 4/39
2019-02-13 01:52:25,831 - INFO - allennlp.training.trainer - Peak CPU memory usage MB: 2641.088
2019-02-13 01:52:25,928 - INFO - allennlp.training.trainer - GPU 0 memory usage MB: 321
2019-02-13 01:52:25,929 - INFO - allennlp.training.trainer - Training
2019-02-13 01:52:29,132 - INFO - allennlp.training.trainer - Validating
2019-02-13 01:52:30,027 - INFO - allennlp.training.trainer -                     Training |  Validation
2019-02-13 01:52:30,027 - INFO - allennlp.training.trainer - gpu_0_memory_MB |   321.000  |       N/A
2019-02-13 01:52:30,028 - INFO - allennlp.training.trainer - accuracy        |     0.919  |     0.921
2019-02-13 01:52:30,028 - INFO - allennlp.training.trainer - loss            |     0.309  |     0.388
2019-02-13 01:52:30,029 - INFO - allennlp.training.trainer - cpu_memory_MB   |  2641.088  |       N/A
2019-02-13 01:52:30,029 - INFO - allennlp.training.trainer - accuracy3       |     1.000  |     1.000
2019-02-13 01:52:30,031 - INFO - allennlp.training.trainer - Epoch duration: 00:00:04
2019-02-13 01:52:30,031 - INFO - allennlp.training.trainer - Estimated training time remaining: 0:02:33
2019-02-13 01:52:30,032 - INFO - allennlp.training.trainer - Epoch 5/39
2019-02-13 01:52:30,032 - INFO - allennlp.training.trainer - Peak CPU memory usage MB: 2641.16
2019-02-13 01:52:30,133 - INFO - allennlp.training.trainer - GPU 0 memory usage MB: 321
2019-02-13 01:52:30,133 - INFO - allennlp.training.trainer - Training
2019-02-13 01:52:33,366 - INFO - allennlp.training.trainer - Validating
2019-02-13 01:52:34,240 - INFO - allennlp.training.trainer -                     Training |  Validation
2019-02-13 01:52:34,241 - INFO - allennlp.training.trainer - gpu_0_memory_MB |   321.000  |       N/A
2019-02-13 01:52:34,241 - INFO - allennlp.training.trainer - accuracy        |     0.921  |     0.919
2019-02-13 01:52:34,242 - INFO - allennlp.training.trainer - loss            |     0.308  |     0.385
2019-02-13 01:52:34,242 - INFO - allennlp.training.trainer - cpu_memory_MB   |  2641.160  |       N/A
2019-02-13 01:52:34,242 - INFO - allennlp.training.trainer - accuracy3       |     1.000  |     1.000
2019-02-13 01:52:34,244 - INFO - allennlp.training.trainer - Best validation performance so far. Copying weights to './model_params/best.th'.
2019-02-13 01:52:34,245 - INFO - allennlp.training.trainer - Epoch duration: 00:00:04
2019-02-13 01:52:34,245 - INFO - allennlp.training.trainer - Estimated training time remaining: 0:02:27
2019-02-13 01:52:34,245 - INFO - allennlp.training.trainer - Epoch 6/39
2019-02-13 01:52:34,245 - INFO - allennlp.training.trainer - Peak CPU memory usage MB: 2641.188
2019-02-13 01:52:34,340 - INFO - allennlp.training.trainer - GPU 0 memory usage MB: 321
2019-02-13 01:52:34,341 - INFO - allennlp.training.trainer - Training
2019-02-13 01:52:37,544 - INFO - allennlp.training.trainer - Validating
2019-02-13 01:52:38,471 - INFO - allennlp.training.trainer -                     Training |  Validation
2019-02-13 01:52:38,471 - INFO - allennlp.training.trainer - gpu_0_memory_MB |   321.000  |       N/A
2019-02-13 01:52:38,472 - INFO - allennlp.training.trainer - accuracy        |     0.920  |     0.920
2019-02-13 01:52:38,472 - INFO - allennlp.training.trainer - loss            |     0.308  |     0.387
2019-02-13 01:52:38,473 - INFO - allennlp.training.trainer - cpu_memory_MB   |  2641.188  |       N/A
2019-02-13 01:52:38,473 - INFO - allennlp.training.trainer - accuracy3       |     1.000  |     1.000
2019-02-13 01:52:38,475 - INFO - allennlp.training.trainer - Epoch duration: 00:00:04
2019-02-13 01:52:38,476 - INFO - allennlp.training.trainer - Estimated training time remaining: 0:02:22
2019-02-13 01:52:38,476 - INFO - allennlp.training.trainer - Epoch 7/39
2019-02-13 01:52:38,476 - INFO - allennlp.training.trainer - Peak CPU memory usage MB: 2641.22
2019-02-13 01:52:38,600 - INFO - allennlp.training.trainer - GPU 0 memory usage MB: 321
2019-02-13 01:52:38,601 - INFO - allennlp.training.trainer - Training
2019-02-13 01:52:42,219 - INFO - allennlp.training.trainer - Validating
2019-02-13 01:52:43,270 - INFO - allennlp.training.trainer -                     Training |  Validation
2019-02-13 01:52:43,271 - INFO - allennlp.training.trainer - gpu_0_memory_MB |   321.000  |       N/A
2019-02-13 01:52:43,271 - INFO - allennlp.training.trainer - accuracy        |     0.920  |     0.920
2019-02-13 01:52:43,272 - INFO - allennlp.training.trainer - loss            |     0.308  |     0.388
2019-02-13 01:52:43,272 - INFO - allennlp.training.trainer - cpu_memory_MB   |  2641.220  |       N/A
2019-02-13 01:52:43,272 - INFO - allennlp.training.trainer - accuracy3       |     1.000  |     1.000
2019-02-13 01:52:43,275 - INFO - allennlp.training.trainer - Epoch duration: 00:00:04
2019-02-13 01:52:43,275 - INFO - allennlp.training.trainer - Estimated training time remaining: 0:02:20
2019-02-13 01:52:43,275 - INFO - allennlp.training.trainer - Epoch 8/39
2019-02-13 01:52:43,275 - INFO - allennlp.training.trainer - Peak CPU memory usage MB: 2641.22
2019-02-13 01:52:43,380 - INFO - allennlp.training.trainer - GPU 0 memory usage MB: 321
2019-02-13 01:52:43,381 - INFO - allennlp.training.trainer - Training
2019-02-13 01:52:47,026 - INFO - allennlp.training.trainer - Validating
2019-02-13 01:52:48,056 - INFO - allennlp.training.trainer -                     Training |  Validation
2019-02-13 01:52:48,057 - INFO - allennlp.training.trainer - gpu_0_memory_MB |   321.000  |       N/A
2019-02-13 01:52:48,057 - INFO - allennlp.training.trainer - accuracy        |     0.921  |     0.918
2019-02-13 01:52:48,057 - INFO - allennlp.training.trainer - loss            |     0.308  |     0.385
2019-02-13 01:52:48,058 - INFO - allennlp.training.trainer - cpu_memory_MB   |  2641.220  |       N/A
2019-02-13 01:52:48,058 - INFO - allennlp.training.trainer - accuracy3       |     1.000  |     1.000
2019-02-13 01:52:48,060 - INFO - allennlp.training.trainer - Epoch duration: 00:00:04
2019-02-13 01:52:48,061 - INFO - allennlp.training.trainer - Estimated training time remaining: 0:02:17
2019-02-13 01:52:48,061 - INFO - allennlp.training.trainer - Epoch 9/39
2019-02-13 01:52:48,061 - INFO - allennlp.training.trainer - Peak CPU memory usage MB: 2641.248
2019-02-13 01:52:48,170 - INFO - allennlp.training.trainer - GPU 0 memory usage MB: 321
2019-02-13 01:52:48,170 - INFO - allennlp.training.trainer - Training
2019-02-13 01:52:51,810 - INFO - allennlp.training.trainer - Validating
2019-02-13 01:52:52,841 - INFO - allennlp.training.trainer -                     Training |  Validation
2019-02-13 01:52:52,842 - INFO - allennlp.training.trainer - gpu_0_memory_MB |   321.000  |       N/A
2019-02-13 01:52:52,842 - INFO - allennlp.training.trainer - accuracy        |     0.919  |     0.919
2019-02-13 01:52:52,843 - INFO - allennlp.training.trainer - loss            |     0.308  |     0.383
2019-02-13 01:52:52,843 - INFO - allennlp.training.trainer - cpu_memory_MB   |  2641.248  |       N/A
2019-02-13 01:52:52,843 - INFO - allennlp.training.trainer - accuracy3       |     1.000  |     1.000
2019-02-13 01:52:52,846 - INFO - allennlp.training.trainer - Best validation performance so far. Copying weights to './model_params/best.th'.
2019-02-13 01:52:52,846 - INFO - allennlp.training.trainer - Epoch duration: 00:00:04
2019-02-13 01:52:52,846 - INFO - allennlp.training.trainer - Estimated training time remaining: 0:02:14
2019-02-13 01:52:52,847 - INFO - allennlp.training.trainer - Epoch 10/39
2019-02-13 01:52:52,847 - INFO - allennlp.training.trainer - Peak CPU memory usage MB: 2641.364
2019-02-13 01:52:52,954 - INFO - allennlp.training.trainer - GPU 0 memory usage MB: 321
2019-02-13 01:52:52,955 - INFO - allennlp.training.trainer - Training
2019-02-13 01:52:56,578 - INFO - allennlp.training.trainer - Validating
2019-02-13 01:52:57,602 - INFO - allennlp.training.trainer -                     Training |  Validation
2019-02-13 01:52:57,603 - INFO - allennlp.training.trainer - gpu_0_memory_MB |   321.000  |       N/A
2019-02-13 01:52:57,604 - INFO - allennlp.training.trainer - accuracy        |     0.921  |     0.919
2019-02-13 01:52:57,604 - INFO - allennlp.training.trainer - loss            |     0.308  |     0.384
2019-02-13 01:52:57,604 - INFO - allennlp.training.trainer - cpu_memory_MB   |  2641.364  |       N/A
2019-02-13 01:52:57,604 - INFO - allennlp.training.trainer - accuracy3       |     1.000  |     1.000
2019-02-13 01:52:57,607 - INFO - allennlp.training.trainer - Epoch duration: 00:00:04
2019-02-13 01:52:57,607 - INFO - allennlp.training.trainer - Estimated training time remaining: 0:02:10
2019-02-13 01:52:57,607 - INFO - allennlp.training.trainer - Epoch 11/39
2019-02-13 01:52:57,607 - INFO - allennlp.training.trainer - Peak CPU memory usage MB: 2641.376
2019-02-13 01:52:57,707 - INFO - allennlp.training.trainer - GPU 0 memory usage MB: 321
2019-02-13 01:52:57,708 - INFO - allennlp.training.trainer - Training
2019-02-13 01:53:01,140 - INFO - allennlp.training.trainer - Validating
2019-02-13 01:53:02,027 - INFO - allennlp.training.trainer -                     Training |  Validation
2019-02-13 01:53:02,027 - INFO - allennlp.training.trainer - gpu_0_memory_MB |   321.000  |       N/A
2019-02-13 01:53:02,027 - INFO - allennlp.training.trainer - accuracy        |     0.921  |     0.920
2019-02-13 01:53:02,028 - INFO - allennlp.training.trainer - loss            |     0.308  |     0.384
2019-02-13 01:53:02,028 - INFO - allennlp.training.trainer - cpu_memory_MB   |  2641.376  |       N/A
2019-02-13 01:53:02,029 - INFO - allennlp.training.trainer - accuracy3       |     1.000  |     1.000
2019-02-13 01:53:02,031 - INFO - allennlp.training.trainer - Epoch duration: 00:00:04
2019-02-13 01:53:02,031 - INFO - allennlp.training.trainer - Estimated training time remaining: 0:02:05
2019-02-13 01:53:02,031 - INFO - allennlp.training.trainer - Epoch 12/39
2019-02-13 01:53:02,031 - INFO - allennlp.training.trainer - Peak CPU memory usage MB: 2641.412
2019-02-13 01:53:02,131 - INFO - allennlp.training.trainer - GPU 0 memory usage MB: 321
2019-02-13 01:53:02,131 - INFO - allennlp.training.trainer - Training
2019-02-13 01:53:05,305 - INFO - allennlp.training.trainer - Validating
2019-02-13 01:53:06,175 - INFO - allennlp.training.trainer -                     Training |  Validation
2019-02-13 01:53:06,175 - INFO - allennlp.training.trainer - gpu_0_memory_MB |   321.000  |       N/A
2019-02-13 01:53:06,175 - INFO - allennlp.training.trainer - accuracy        |     0.920  |     0.919
2019-02-13 01:53:06,176 - INFO - allennlp.training.trainer - loss            |     0.308  |     0.384
2019-02-13 01:53:06,176 - INFO - allennlp.training.trainer - cpu_memory_MB   |  2641.412  |       N/A
2019-02-13 01:53:06,176 - INFO - allennlp.training.trainer - accuracy3       |     1.000  |     1.000
2019-02-13 01:53:06,179 - INFO - allennlp.training.trainer - Epoch duration: 00:00:04
2019-02-13 01:53:06,179 - INFO - allennlp.training.trainer - Estimated training time remaining: 0:02:00
2019-02-13 01:53:06,179 - INFO - allennlp.training.trainer - Epoch 13/39
2019-02-13 01:53:06,179 - INFO - allennlp.training.trainer - Peak CPU memory usage MB: 2641.444
2019-02-13 01:53:06,276 - INFO - allennlp.training.trainer - GPU 0 memory usage MB: 321
2019-02-13 01:53:06,277 - INFO - allennlp.training.trainer - Training
2019-02-13 01:53:09,398 - INFO - allennlp.training.trainer - Validating
2019-02-13 01:53:10,253 - INFO - allennlp.training.trainer -                     Training |  Validation
2019-02-13 01:53:10,253 - INFO - allennlp.training.trainer - gpu_0_memory_MB |   321.000  |       N/A
2019-02-13 01:53:10,254 - INFO - allennlp.training.trainer - accuracy        |     0.920  |     0.920
2019-02-13 01:53:10,254 - INFO - allennlp.training.trainer - loss            |     0.308  |     0.382
2019-02-13 01:53:10,255 - INFO - allennlp.training.trainer - cpu_memory_MB   |  2641.444  |       N/A
2019-02-13 01:53:10,255 - INFO - allennlp.training.trainer - accuracy3       |     1.000  |     1.000
2019-02-13 01:53:10,257 - INFO - allennlp.training.trainer - Best validation performance so far. Copying weights to './model_params/best.th'.
2019-02-13 01:53:10,257 - INFO - allennlp.training.trainer - Epoch duration: 00:00:04
2019-02-13 01:53:10,258 - INFO - allennlp.training.trainer - Estimated training time remaining: 0:01:55
2019-02-13 01:53:10,258 - INFO - allennlp.training.trainer - Epoch 14/39
2019-02-13 01:53:10,258 - INFO - allennlp.training.trainer - Peak CPU memory usage MB: 2641.444
2019-02-13 01:53:10,358 - INFO - allennlp.training.trainer - GPU 0 memory usage MB: 321
2019-02-13 01:53:10,359 - INFO - allennlp.training.trainer - Training
2019-02-13 01:53:13,476 - INFO - allennlp.training.trainer - Validating
2019-02-13 01:53:14,308 - INFO - allennlp.training.trainer -                     Training |  Validation
2019-02-13 01:53:14,308 - INFO - allennlp.training.trainer - gpu_0_memory_MB |   321.000  |       N/A
2019-02-13 01:53:14,308 - INFO - allennlp.training.trainer - accuracy        |     0.921  |     0.921
2019-02-13 01:53:14,309 - INFO - allennlp.training.trainer - loss            |     0.308  |     0.388
2019-02-13 01:53:14,309 - INFO - allennlp.training.trainer - cpu_memory_MB   |  2641.444  |       N/A
2019-02-13 01:53:14,309 - INFO - allennlp.training.trainer - accuracy3       |     1.000  |     1.000
2019-02-13 01:53:14,312 - INFO - allennlp.training.trainer - Epoch duration: 00:00:04
2019-02-13 01:53:14,312 - INFO - allennlp.training.trainer - Estimated training time remaining: 0:01:50
2019-02-13 01:53:14,312 - INFO - allennlp.training.trainer - Epoch 15/39
2019-02-13 01:53:14,312 - INFO - allennlp.training.trainer - Peak CPU memory usage MB: 2641.46
2019-02-13 01:53:14,417 - INFO - allennlp.training.trainer - GPU 0 memory usage MB: 321
2019-02-13 01:53:14,418 - INFO - allennlp.training.trainer - Training
2019-02-13 01:53:17,485 - INFO - allennlp.training.trainer - Validating
2019-02-13 01:53:18,327 - INFO - allennlp.training.trainer -                     Training |  Validation
2019-02-13 01:53:18,327 - INFO - allennlp.training.trainer - gpu_0_memory_MB |   321.000  |       N/A
2019-02-13 01:53:18,328 - INFO - allennlp.training.trainer - accuracy        |     0.920  |     0.919
2019-02-13 01:53:18,328 - INFO - allennlp.training.trainer - loss            |     0.307  |     0.384
2019-02-13 01:53:18,329 - INFO - allennlp.training.trainer - cpu_memory_MB   |  2641.460  |       N/A
2019-02-13 01:53:18,329 - INFO - allennlp.training.trainer - accuracy3       |     1.000  |     1.000
2019-02-13 01:53:18,331 - INFO - allennlp.training.trainer - Epoch duration: 00:00:04
2019-02-13 01:53:18,331 - INFO - allennlp.training.trainer - Estimated training time remaining: 0:01:45
2019-02-13 01:53:18,332 - INFO - allennlp.training.trainer - Epoch 16/39
2019-02-13 01:53:18,332 - INFO - allennlp.training.trainer - Peak CPU memory usage MB: 2641.764
2019-02-13 01:53:18,430 - INFO - allennlp.training.trainer - GPU 0 memory usage MB: 321
2019-02-13 01:53:18,431 - INFO - allennlp.training.trainer - Training
2019-02-13 01:53:21,504 - INFO - allennlp.training.trainer - Validating
2019-02-13 01:53:22,335 - INFO - allennlp.training.trainer -                     Training |  Validation
2019-02-13 01:53:22,336 - INFO - allennlp.training.trainer - gpu_0_memory_MB |   321.000  |       N/A
2019-02-13 01:53:22,336 - INFO - allennlp.training.trainer - accuracy        |     0.920  |     0.919
2019-02-13 01:53:22,336 - INFO - allennlp.training.trainer - loss            |     0.307  |     0.384
2019-02-13 01:53:22,337 - INFO - allennlp.training.trainer - cpu_memory_MB   |  2641.764  |       N/A
2019-02-13 01:53:22,337 - INFO - allennlp.training.trainer - accuracy3       |     1.000  |     1.000
2019-02-13 01:53:22,339 - INFO - allennlp.training.trainer - Epoch duration: 00:00:04
2019-02-13 01:53:22,339 - INFO - allennlp.training.trainer - Estimated training time remaining: 0:01:40
2019-02-13 01:53:22,339 - INFO - allennlp.training.trainer - Epoch 17/39
2019-02-13 01:53:22,340 - INFO - allennlp.training.trainer - Peak CPU memory usage MB: 2641.924
2019-02-13 01:53:22,432 - INFO - allennlp.training.trainer - GPU 0 memory usage MB: 321
2019-02-13 01:53:22,433 - INFO - allennlp.training.trainer - Training
2019-02-13 01:53:25,516 - INFO - allennlp.training.trainer - Validating
2019-02-13 01:53:26,356 - INFO - allennlp.training.trainer -                     Training |  Validation
2019-02-13 01:53:26,356 - INFO - allennlp.training.trainer - gpu_0_memory_MB |   321.000  |       N/A
2019-02-13 01:53:26,357 - INFO - allennlp.training.trainer - accuracy        |     0.920  |     0.918
2019-02-13 01:53:26,357 - INFO - allennlp.training.trainer - loss            |     0.308  |     0.384
2019-02-13 01:53:26,357 - INFO - allennlp.training.trainer - cpu_memory_MB   |  2641.924  |       N/A
2019-02-13 01:53:26,358 - INFO - allennlp.training.trainer - accuracy3       |     1.000  |     1.000
2019-02-13 01:53:26,360 - INFO - allennlp.training.trainer - Epoch duration: 00:00:04
2019-02-13 01:53:26,360 - INFO - allennlp.training.trainer - Estimated training time remaining: 0:01:35
2019-02-13 01:53:26,360 - INFO - allennlp.training.trainer - Epoch 18/39
2019-02-13 01:53:26,360 - INFO - allennlp.training.trainer - Peak CPU memory usage MB: 2641.924
2019-02-13 01:53:26,454 - INFO - allennlp.training.trainer - GPU 0 memory usage MB: 321
2019-02-13 01:53:26,455 - INFO - allennlp.training.trainer - Training
2019-02-13 01:53:29,484 - INFO - allennlp.training.trainer - Validating
2019-02-13 01:53:30,311 - INFO - allennlp.training.trainer - Ran out of patience.  Stopping training.
2019-02-13 01:53:30,311 - INFO - allennlp.models.archival - archiving weights and vocabulary to ./model_params/model.tar.gz
2019-02-13 01:53:30,316 - INFO - allennlp.commands.train - Loading the best epoch weights.
2019-02-13 01:53:30,318 - INFO - allennlp.common.util - Metrics: {
  "peak_cpu_memory_MB": 2641.924,
  "peak_gpu_0_memory_MB": 321,
  "training_duration": "00:01:18",
  "training_start_epoch": 0,
  "training_epochs": 17,
  "epoch": 17,
  "training_accuracy": 0.9203164225469125,
  "training_accuracy3": 1.0,
  "training_loss": 0.3083778933176528,
  "training_cpu_memory_MB": 2641.924,
  "training_gpu_0_memory_MB": 321,
  "validation_accuracy": 0.9178817506230477,
  "validation_accuracy3": 1.0,
  "validation_loss": 0.38388011178800036,
  "best_epoch": 13,
  "best_validation_accuracy": 0.9201371268761911,
  "best_validation_accuracy3": 1.0,
  "best_validation_loss": 0.3819300713283675
}
Token batch process time:
57.10533618927002
Token batch process time:
29.59456753730774
