2019-02-11 13:31:14,585 - INFO - allennlp.common.from_params - instantiating class <class 'allennlp.data.dataset_readers.dataset_reader.DatasetReader'> from params {'mytokenizer': {'type': 'word', 'word_splitter': {'ner': True, 'parse': True, 'pos_tags': True, 'type': 'whitespacy'}}, 'token_indexers': {'dependency_label': {'namespace': 'dependencies', 'type': 'dependency_label'}, 'ner_tag': {'namespace': 'ner', 'type': 'ner_tag'}, 'pos_tag': {'coarse_tags': True, 'namespace': 'pos', 'type': 'pos_tag'}}, 'type': 'sequence_tagging2', 'word_tag_delimiter': '//'} and extras {}
2019-02-11 13:31:14,585 - INFO - allennlp.common.params - dataset_reader.type = sequence_tagging2
2019-02-11 13:31:14,585 - INFO - allennlp.common.from_params - instantiating class <class 'myallennlp.dataset_readers.sequence_tagging2.SequenceTaggingDatasetReader'> from params {'mytokenizer': {'type': 'word', 'word_splitter': {'ner': True, 'parse': True, 'pos_tags': True, 'type': 'whitespacy'}}, 'token_indexers': {'dependency_label': {'namespace': 'dependencies', 'type': 'dependency_label'}, 'ner_tag': {'namespace': 'ner', 'type': 'ner_tag'}, 'pos_tag': {'coarse_tags': True, 'namespace': 'pos', 'type': 'pos_tag'}}, 'word_tag_delimiter': '//'} and extras {}
2019-02-11 13:31:14,586 - INFO - allennlp.common.params - dataset_reader.word_tag_delimiter = //
2019-02-11 13:31:14,586 - INFO - allennlp.common.params - dataset_reader.token_delimiter = None
2019-02-11 13:31:14,586 - INFO - allennlp.common.from_params - instantiating class allennlp.data.token_indexers.token_indexer.TokenIndexer from params {'namespace': 'dependencies', 'type': 'dependency_label'} and extras {}
2019-02-11 13:31:14,586 - INFO - allennlp.common.params - dataset_reader.token_indexers.dependency_label.type = dependency_label
2019-02-11 13:31:14,586 - INFO - allennlp.common.from_params - instantiating class allennlp.data.token_indexers.dep_label_indexer.DepLabelIndexer from params {'namespace': 'dependencies'} and extras {}
2019-02-11 13:31:14,587 - INFO - allennlp.common.params - dataset_reader.token_indexers.dependency_label.namespace = dependencies
2019-02-11 13:31:14,588 - INFO - allennlp.common.from_params - instantiating class allennlp.data.token_indexers.token_indexer.TokenIndexer from params {'namespace': 'ner', 'type': 'ner_tag'} and extras {}
2019-02-11 13:31:14,588 - INFO - allennlp.common.params - dataset_reader.token_indexers.ner_tag.type = ner_tag
2019-02-11 13:31:14,588 - INFO - allennlp.common.from_params - instantiating class allennlp.data.token_indexers.ner_tag_indexer.NerTagIndexer from params {'namespace': 'ner'} and extras {}
2019-02-11 13:31:14,588 - INFO - allennlp.common.params - dataset_reader.token_indexers.ner_tag.namespace = ner
2019-02-11 13:31:14,589 - INFO - allennlp.common.from_params - instantiating class allennlp.data.token_indexers.token_indexer.TokenIndexer from params {'coarse_tags': True, 'namespace': 'pos', 'type': 'pos_tag'} and extras {}
2019-02-11 13:31:14,589 - INFO - allennlp.common.params - dataset_reader.token_indexers.pos_tag.type = pos_tag
2019-02-11 13:31:14,589 - INFO - allennlp.common.from_params - instantiating class allennlp.data.token_indexers.pos_tag_indexer.PosTagIndexer from params {'coarse_tags': True, 'namespace': 'pos'} and extras {}
2019-02-11 13:31:14,589 - INFO - allennlp.common.params - dataset_reader.token_indexers.pos_tag.namespace = pos
2019-02-11 13:31:14,589 - INFO - allennlp.common.params - dataset_reader.token_indexers.pos_tag.coarse_tags = True
2019-02-11 13:31:14,590 - INFO - allennlp.common.params - dataset_reader.lazy = False
2019-02-11 13:31:14,590 - INFO - allennlp.common.from_params - instantiating class <class 'allennlp.data.tokenizers.tokenizer.Tokenizer'> from params {'type': 'word', 'word_splitter': {'ner': True, 'parse': True, 'pos_tags': True, 'type': 'whitespacy'}} and extras {}
2019-02-11 13:31:14,590 - INFO - allennlp.common.params - dataset_reader.mytokenizer.type = word
2019-02-11 13:31:14,590 - INFO - allennlp.common.from_params - instantiating class <class 'allennlp.data.tokenizers.word_tokenizer.WordTokenizer'> from params {'word_splitter': {'ner': True, 'parse': True, 'pos_tags': True, 'type': 'whitespacy'}} and extras {}
2019-02-11 13:31:14,591 - INFO - allennlp.common.from_params - instantiating class <class 'allennlp.data.tokenizers.word_splitter.WordSplitter'> from params {'ner': True, 'parse': True, 'pos_tags': True, 'type': 'whitespacy'} and extras {}
2019-02-11 13:31:14,591 - INFO - allennlp.common.params - dataset_reader.mytokenizer.word_splitter.type = whitespacy
2019-02-11 13:31:14,591 - INFO - allennlp.common.from_params - instantiating class <class 'myallennlp.data.tokenizers.word_splitter.SpacyWordSplitter'> from params {'ner': True, 'parse': True, 'pos_tags': True} and extras {}
2019-02-11 13:31:14,591 - INFO - allennlp.common.params - dataset_reader.mytokenizer.word_splitter.language = en_core_web_sm
2019-02-11 13:31:14,591 - INFO - allennlp.common.params - dataset_reader.mytokenizer.word_splitter.pos_tags = True
2019-02-11 13:31:14,591 - INFO - allennlp.common.params - dataset_reader.mytokenizer.word_splitter.parse = True
2019-02-11 13:31:14,592 - INFO - allennlp.common.params - dataset_reader.mytokenizer.word_splitter.ner = True
2019-02-11 13:31:15,366 - INFO - allennlp.common.params - dataset_reader.mytokenizer.start_tokens = None
2019-02-11 13:31:15,366 - INFO - allennlp.common.params - dataset_reader.mytokenizer.end_tokens = None
2019-02-11 13:31:15,367 - INFO - allennlp.common.params - dataset_reader.use_spacy_directly = False
2019-02-11 13:31:15,367 - INFO - allennlp.common.params - validation_dataset_reader = None
2019-02-11 13:31:15,367 - INFO - allennlp.common.params - train_data_path = ../data/allenTrain.txt
2019-02-11 13:31:15,367 - INFO - allennlp.commands.train - Reading training data from ../data/allenTrain.txt
2019-02-11 13:31:15,368 - INFO - myallennlp.dataset_readers.sequence_tagging2 - Reading instances from lines in file at: ../data/allenTrain.txt
2019-02-11 13:32:40,300 - INFO - allennlp.common.params - validation_data_path = ../data/allenDev.txt
2019-02-11 13:32:40,300 - INFO - allennlp.commands.train - Reading validation data from ../data/allenDev.txt
2019-02-11 13:32:40,301 - INFO - myallennlp.dataset_readers.sequence_tagging2 - Reading instances from lines in file at: ../data/allenDev.txt
2019-02-11 13:33:25,714 - INFO - allennlp.common.params - test_data_path = None
2019-02-11 13:33:25,714 - INFO - allennlp.commands.train - From dataset instances, validation, train will be considered for vocabulary creation.
2019-02-11 13:33:25,715 - INFO - allennlp.common.params - vocabulary.type = None
2019-02-11 13:33:25,715 - INFO - allennlp.common.params - vocabulary.extend = False
2019-02-11 13:33:25,715 - INFO - allennlp.common.params - vocabulary.directory_path = None
2019-02-11 13:33:25,715 - INFO - allennlp.common.params - vocabulary.min_count = None
2019-02-11 13:33:25,715 - INFO - allennlp.common.params - vocabulary.max_vocab_size = None
2019-02-11 13:33:25,715 - INFO - allennlp.common.params - vocabulary.non_padded_namespaces = ('*tags', '*labels')
2019-02-11 13:33:25,715 - INFO - allennlp.common.params - vocabulary.min_pretrained_embeddings = None
2019-02-11 13:33:25,716 - INFO - allennlp.common.params - vocabulary.only_include_pretrained_words = False
2019-02-11 13:33:25,716 - INFO - allennlp.common.params - vocabulary.tokens_to_add = None
2019-02-11 13:33:25,716 - INFO - allennlp.data.vocabulary - Fitting token dictionary from dataset.
2019-02-11 13:33:26,491 - INFO - allennlp.common.from_params - instantiating class <class 'allennlp.models.model.Model'> from params {'Ntags0': 90, 'Ntags1': 10, 'do_crossentropy_weighting': True, 'encoder': {'bidirectional': True, 'dropout': 0.5, 'hidden_size': 54, 'input_size': 54, 'num_layers': 2, 'type': 'rnn'}, 'text_field_embedder': {'token_embedders': {'dependency_label': {'embedding_dim': 20, 'type': 'embedding', 'vocab_namespace': 'dependencies'}, 'ner_tag': {'embedding_dim': 19, 'type': 'embedding', 'vocab_namespace': 'ner'}, 'pos_tag': {'embedding_dim': 15, 'type': 'embedding', 'vocab_namespace': 'pos'}}}, 'type': 'simple_tagger2'} and extras {'vocab': Vocabulary with namespaces:  dependencies, Size: 47 || ner, Size: 21 || pos, Size: 17 || labels, Size: 2 || Non Padded Namespaces: {'*tags', '*labels'}}
2019-02-11 13:33:26,491 - INFO - allennlp.common.params - model.type = simple_tagger2
2019-02-11 13:33:26,492 - INFO - allennlp.common.from_params - instantiating class <class 'myallennlp.models.simple_tagger2.SimpleTagger2'> from params {'Ntags0': 90, 'Ntags1': 10, 'do_crossentropy_weighting': True, 'encoder': {'bidirectional': True, 'dropout': 0.5, 'hidden_size': 54, 'input_size': 54, 'num_layers': 2, 'type': 'rnn'}, 'text_field_embedder': {'token_embedders': {'dependency_label': {'embedding_dim': 20, 'type': 'embedding', 'vocab_namespace': 'dependencies'}, 'ner_tag': {'embedding_dim': 19, 'type': 'embedding', 'vocab_namespace': 'ner'}, 'pos_tag': {'embedding_dim': 15, 'type': 'embedding', 'vocab_namespace': 'pos'}}}} and extras {'vocab': Vocabulary with namespaces:  dependencies, Size: 47 || ner, Size: 21 || pos, Size: 17 || labels, Size: 2 || Non Padded Namespaces: {'*tags', '*labels'}}
2019-02-11 13:33:26,492 - INFO - allennlp.common.from_params - instantiating class <class 'allennlp.modules.text_field_embedders.text_field_embedder.TextFieldEmbedder'> from params {'token_embedders': {'dependency_label': {'embedding_dim': 20, 'type': 'embedding', 'vocab_namespace': 'dependencies'}, 'ner_tag': {'embedding_dim': 19, 'type': 'embedding', 'vocab_namespace': 'ner'}, 'pos_tag': {'embedding_dim': 15, 'type': 'embedding', 'vocab_namespace': 'pos'}}} and extras {'vocab': Vocabulary with namespaces:  dependencies, Size: 47 || ner, Size: 21 || pos, Size: 17 || labels, Size: 2 || Non Padded Namespaces: {'*tags', '*labels'}}
2019-02-11 13:33:26,492 - INFO - allennlp.common.params - model.text_field_embedder.type = basic
2019-02-11 13:33:26,492 - INFO - allennlp.common.params - model.text_field_embedder.embedder_to_indexer_map = None
2019-02-11 13:33:26,493 - INFO - allennlp.common.params - model.text_field_embedder.allow_unmatched_keys = False
2019-02-11 13:33:26,493 - INFO - allennlp.common.from_params - instantiating class <class 'allennlp.modules.token_embedders.token_embedder.TokenEmbedder'> from params {'embedding_dim': 20, 'type': 'embedding', 'vocab_namespace': 'dependencies'} and extras {'vocab': Vocabulary with namespaces:  dependencies, Size: 47 || ner, Size: 21 || pos, Size: 17 || labels, Size: 2 || Non Padded Namespaces: {'*tags', '*labels'}}
2019-02-11 13:33:26,493 - INFO - allennlp.common.params - model.text_field_embedder.token_embedders.dependency_label.type = embedding
2019-02-11 13:33:26,493 - INFO - allennlp.common.params - model.text_field_embedder.token_embedders.dependency_label.num_embeddings = None
2019-02-11 13:33:26,493 - INFO - allennlp.common.params - model.text_field_embedder.token_embedders.dependency_label.vocab_namespace = dependencies
2019-02-11 13:33:26,494 - INFO - allennlp.common.params - model.text_field_embedder.token_embedders.dependency_label.embedding_dim = 20
2019-02-11 13:33:26,494 - INFO - allennlp.common.params - model.text_field_embedder.token_embedders.dependency_label.pretrained_file = None
2019-02-11 13:33:26,494 - INFO - allennlp.common.params - model.text_field_embedder.token_embedders.dependency_label.projection_dim = None
2019-02-11 13:33:26,494 - INFO - allennlp.common.params - model.text_field_embedder.token_embedders.dependency_label.trainable = True
2019-02-11 13:33:26,494 - INFO - allennlp.common.params - model.text_field_embedder.token_embedders.dependency_label.padding_index = None
2019-02-11 13:33:26,494 - INFO - allennlp.common.params - model.text_field_embedder.token_embedders.dependency_label.max_norm = None
2019-02-11 13:33:26,494 - INFO - allennlp.common.params - model.text_field_embedder.token_embedders.dependency_label.norm_type = 2.0
2019-02-11 13:33:26,494 - INFO - allennlp.common.params - model.text_field_embedder.token_embedders.dependency_label.scale_grad_by_freq = False
2019-02-11 13:33:26,495 - INFO - allennlp.common.params - model.text_field_embedder.token_embedders.dependency_label.sparse = False
2019-02-11 13:33:26,496 - INFO - allennlp.common.from_params - instantiating class <class 'allennlp.modules.token_embedders.token_embedder.TokenEmbedder'> from params {'embedding_dim': 19, 'type': 'embedding', 'vocab_namespace': 'ner'} and extras {'vocab': Vocabulary with namespaces:  dependencies, Size: 47 || ner, Size: 21 || pos, Size: 17 || labels, Size: 2 || Non Padded Namespaces: {'*tags', '*labels'}}
2019-02-11 13:33:26,496 - INFO - allennlp.common.params - model.text_field_embedder.token_embedders.ner_tag.type = embedding
2019-02-11 13:33:26,496 - INFO - allennlp.common.params - model.text_field_embedder.token_embedders.ner_tag.num_embeddings = None
2019-02-11 13:33:26,496 - INFO - allennlp.common.params - model.text_field_embedder.token_embedders.ner_tag.vocab_namespace = ner
2019-02-11 13:33:26,496 - INFO - allennlp.common.params - model.text_field_embedder.token_embedders.ner_tag.embedding_dim = 19
2019-02-11 13:33:26,497 - INFO - allennlp.common.params - model.text_field_embedder.token_embedders.ner_tag.pretrained_file = None
2019-02-11 13:33:26,497 - INFO - allennlp.common.params - model.text_field_embedder.token_embedders.ner_tag.projection_dim = None
2019-02-11 13:33:26,497 - INFO - allennlp.common.params - model.text_field_embedder.token_embedders.ner_tag.trainable = True
2019-02-11 13:33:26,497 - INFO - allennlp.common.params - model.text_field_embedder.token_embedders.ner_tag.padding_index = None
2019-02-11 13:33:26,497 - INFO - allennlp.common.params - model.text_field_embedder.token_embedders.ner_tag.max_norm = None
2019-02-11 13:33:26,497 - INFO - allennlp.common.params - model.text_field_embedder.token_embedders.ner_tag.norm_type = 2.0
2019-02-11 13:33:26,497 - INFO - allennlp.common.params - model.text_field_embedder.token_embedders.ner_tag.scale_grad_by_freq = False
2019-02-11 13:33:26,497 - INFO - allennlp.common.params - model.text_field_embedder.token_embedders.ner_tag.sparse = False
2019-02-11 13:33:26,498 - INFO - allennlp.common.from_params - instantiating class <class 'allennlp.modules.token_embedders.token_embedder.TokenEmbedder'> from params {'embedding_dim': 15, 'type': 'embedding', 'vocab_namespace': 'pos'} and extras {'vocab': Vocabulary with namespaces:  dependencies, Size: 47 || ner, Size: 21 || pos, Size: 17 || labels, Size: 2 || Non Padded Namespaces: {'*tags', '*labels'}}
2019-02-11 13:33:26,498 - INFO - allennlp.common.params - model.text_field_embedder.token_embedders.pos_tag.type = embedding
2019-02-11 13:33:26,498 - INFO - allennlp.common.params - model.text_field_embedder.token_embedders.pos_tag.num_embeddings = None
2019-02-11 13:33:26,498 - INFO - allennlp.common.params - model.text_field_embedder.token_embedders.pos_tag.vocab_namespace = pos
2019-02-11 13:33:26,499 - INFO - allennlp.common.params - model.text_field_embedder.token_embedders.pos_tag.embedding_dim = 15
2019-02-11 13:33:26,499 - INFO - allennlp.common.params - model.text_field_embedder.token_embedders.pos_tag.pretrained_file = None
2019-02-11 13:33:26,499 - INFO - allennlp.common.params - model.text_field_embedder.token_embedders.pos_tag.projection_dim = None
2019-02-11 13:33:26,499 - INFO - allennlp.common.params - model.text_field_embedder.token_embedders.pos_tag.trainable = True
2019-02-11 13:33:26,499 - INFO - allennlp.common.params - model.text_field_embedder.token_embedders.pos_tag.padding_index = None
2019-02-11 13:33:26,499 - INFO - allennlp.common.params - model.text_field_embedder.token_embedders.pos_tag.max_norm = None
2019-02-11 13:33:26,499 - INFO - allennlp.common.params - model.text_field_embedder.token_embedders.pos_tag.norm_type = 2.0
2019-02-11 13:33:26,500 - INFO - allennlp.common.params - model.text_field_embedder.token_embedders.pos_tag.scale_grad_by_freq = False
2019-02-11 13:33:26,500 - INFO - allennlp.common.params - model.text_field_embedder.token_embedders.pos_tag.sparse = False
2019-02-11 13:33:26,500 - INFO - allennlp.common.from_params - instantiating class <class 'allennlp.modules.seq2seq_encoders.seq2seq_encoder.Seq2SeqEncoder'> from params {'bidirectional': True, 'dropout': 0.5, 'hidden_size': 54, 'input_size': 54, 'num_layers': 2, 'type': 'rnn'} and extras {'vocab': Vocabulary with namespaces:  dependencies, Size: 47 || ner, Size: 21 || pos, Size: 17 || labels, Size: 2 || Non Padded Namespaces: {'*tags', '*labels'}}
2019-02-11 13:33:26,501 - INFO - allennlp.common.params - model.encoder.type = rnn
2019-02-11 13:33:26,501 - INFO - allennlp.common.params - model.encoder.batch_first = True
2019-02-11 13:33:26,501 - INFO - allennlp.common.params - model.encoder.stateful = False
2019-02-11 13:33:26,501 - INFO - allennlp.common.params - Converting Params object to dict; logging of default values will not occur when dictionary parameters are used subsequently.
2019-02-11 13:33:26,501 - INFO - allennlp.common.params - CURRENTLY DEFINED PARAMETERS: 
2019-02-11 13:33:26,501 - INFO - allennlp.common.params - model.encoder.bidirectional = True
2019-02-11 13:33:26,502 - INFO - allennlp.common.params - model.encoder.dropout = 0.5
2019-02-11 13:33:26,502 - INFO - allennlp.common.params - model.encoder.hidden_size = 54
2019-02-11 13:33:26,502 - INFO - allennlp.common.params - model.encoder.input_size = 54
2019-02-11 13:33:26,502 - INFO - allennlp.common.params - model.encoder.num_layers = 2
2019-02-11 13:33:26,502 - INFO - allennlp.common.params - model.encoder.batch_first = True
2019-02-11 13:33:26,504 - INFO - allennlp.common.params - model.do_crossentropy_weighting = True
2019-02-11 13:33:26,504 - INFO - allennlp.common.params - model.Ntags0 = 90
2019-02-11 13:33:26,505 - INFO - allennlp.common.params - model.Ntags1 = 10
2019-02-11 13:33:26,505 - INFO - allennlp.nn.initializers - Initializing parameters
2019-02-11 13:33:26,505 - INFO - allennlp.nn.initializers - Done initializing parameters; the following parameters are using their default initialization from their code
2019-02-11 13:33:26,506 - INFO - allennlp.nn.initializers -    encoder._module.bias_hh_l0
2019-02-11 13:33:26,506 - INFO - allennlp.nn.initializers -    encoder._module.bias_hh_l0_reverse
2019-02-11 13:33:26,506 - INFO - allennlp.nn.initializers -    encoder._module.bias_hh_l1
2019-02-11 13:33:26,506 - INFO - allennlp.nn.initializers -    encoder._module.bias_hh_l1_reverse
2019-02-11 13:33:26,506 - INFO - allennlp.nn.initializers -    encoder._module.bias_ih_l0
2019-02-11 13:33:26,506 - INFO - allennlp.nn.initializers -    encoder._module.bias_ih_l0_reverse
2019-02-11 13:33:26,506 - INFO - allennlp.nn.initializers -    encoder._module.bias_ih_l1
2019-02-11 13:33:26,507 - INFO - allennlp.nn.initializers -    encoder._module.bias_ih_l1_reverse
2019-02-11 13:33:26,507 - INFO - allennlp.nn.initializers -    encoder._module.weight_hh_l0
2019-02-11 13:33:26,507 - INFO - allennlp.nn.initializers -    encoder._module.weight_hh_l0_reverse
2019-02-11 13:33:26,507 - INFO - allennlp.nn.initializers -    encoder._module.weight_hh_l1
2019-02-11 13:33:26,507 - INFO - allennlp.nn.initializers -    encoder._module.weight_hh_l1_reverse
2019-02-11 13:33:26,508 - INFO - allennlp.nn.initializers -    encoder._module.weight_ih_l0
2019-02-11 13:33:26,508 - INFO - allennlp.nn.initializers -    encoder._module.weight_ih_l0_reverse
2019-02-11 13:33:26,508 - INFO - allennlp.nn.initializers -    encoder._module.weight_ih_l1
2019-02-11 13:33:26,508 - INFO - allennlp.nn.initializers -    encoder._module.weight_ih_l1_reverse
2019-02-11 13:33:26,508 - INFO - allennlp.nn.initializers -    tag_projection_layer._module.bias
2019-02-11 13:33:26,508 - INFO - allennlp.nn.initializers -    tag_projection_layer._module.weight
2019-02-11 13:33:26,508 - INFO - allennlp.nn.initializers -    text_field_embedder.token_embedder_dependency_label.weight
2019-02-11 13:33:26,509 - INFO - allennlp.nn.initializers -    text_field_embedder.token_embedder_ner_tag.weight
2019-02-11 13:33:26,509 - INFO - allennlp.nn.initializers -    text_field_embedder.token_embedder_pos_tag.weight
2019-02-11 13:33:26,510 - INFO - allennlp.common.from_params - instantiating class <class 'allennlp.data.iterators.data_iterator.DataIterator'> from params {'batch_size': 32, 'type': 'basic'} and extras {}
2019-02-11 13:33:26,510 - INFO - allennlp.common.params - iterator.type = basic
2019-02-11 13:33:26,511 - INFO - allennlp.common.from_params - instantiating class <class 'allennlp.data.iterators.basic_iterator.BasicIterator'> from params {'batch_size': 32} and extras {}
2019-02-11 13:33:26,511 - INFO - allennlp.common.params - iterator.batch_size = 32
2019-02-11 13:33:26,511 - INFO - allennlp.common.params - iterator.instances_per_epoch = None
2019-02-11 13:33:26,511 - INFO - allennlp.common.params - iterator.max_instances_in_memory = None
2019-02-11 13:33:26,512 - INFO - allennlp.common.params - iterator.cache_instances = False
2019-02-11 13:33:26,512 - INFO - allennlp.common.params - iterator.track_epoch = False
2019-02-11 13:33:26,512 - INFO - allennlp.common.params - iterator.maximum_samples_per_batch = None
2019-02-11 13:33:26,512 - INFO - allennlp.common.params - validation_iterator = None
2019-02-11 13:33:26,512 - INFO - allennlp.common.params - trainer.no_grad = ()
2019-02-11 13:33:26,513 - INFO - allennlp.commands.train - Following parameters are Frozen  (without gradient):
2019-02-11 13:33:26,513 - INFO - allennlp.commands.train - Following parameters are Tunable (with gradient):
2019-02-11 13:33:26,513 - INFO - allennlp.commands.train - text_field_embedder.token_embedder_dependency_label.weight
2019-02-11 13:33:26,513 - INFO - allennlp.commands.train - text_field_embedder.token_embedder_ner_tag.weight
2019-02-11 13:33:26,514 - INFO - allennlp.commands.train - text_field_embedder.token_embedder_pos_tag.weight
2019-02-11 13:33:26,514 - INFO - allennlp.commands.train - encoder._module.weight_ih_l0
2019-02-11 13:33:26,514 - INFO - allennlp.commands.train - encoder._module.weight_hh_l0
2019-02-11 13:33:26,514 - INFO - allennlp.commands.train - encoder._module.bias_ih_l0
2019-02-11 13:33:26,514 - INFO - allennlp.commands.train - encoder._module.bias_hh_l0
2019-02-11 13:33:26,514 - INFO - allennlp.commands.train - encoder._module.weight_ih_l0_reverse
2019-02-11 13:33:26,515 - INFO - allennlp.commands.train - encoder._module.weight_hh_l0_reverse
2019-02-11 13:33:26,515 - INFO - allennlp.commands.train - encoder._module.bias_ih_l0_reverse
2019-02-11 13:33:26,515 - INFO - allennlp.commands.train - encoder._module.bias_hh_l0_reverse
2019-02-11 13:33:26,515 - INFO - allennlp.commands.train - encoder._module.weight_ih_l1
2019-02-11 13:33:26,515 - INFO - allennlp.commands.train - encoder._module.weight_hh_l1
2019-02-11 13:33:26,515 - INFO - allennlp.commands.train - encoder._module.bias_ih_l1
2019-02-11 13:33:26,516 - INFO - allennlp.commands.train - encoder._module.bias_hh_l1
2019-02-11 13:33:26,516 - INFO - allennlp.commands.train - encoder._module.weight_ih_l1_reverse
2019-02-11 13:33:26,516 - INFO - allennlp.commands.train - encoder._module.weight_hh_l1_reverse
2019-02-11 13:33:26,516 - INFO - allennlp.commands.train - encoder._module.bias_ih_l1_reverse
2019-02-11 13:33:26,516 - INFO - allennlp.commands.train - encoder._module.bias_hh_l1_reverse
2019-02-11 13:33:26,516 - INFO - allennlp.commands.train - tag_projection_layer._module.weight
2019-02-11 13:33:26,516 - INFO - allennlp.commands.train - tag_projection_layer._module.bias
2019-02-11 13:33:26,517 - INFO - allennlp.common.params - trainer.type = default
2019-02-11 13:33:26,517 - INFO - allennlp.common.params - trainer.patience = 5
2019-02-11 13:33:26,517 - INFO - allennlp.common.params - trainer.validation_metric = -loss
2019-02-11 13:33:26,517 - INFO - allennlp.common.params - trainer.shuffle = True
2019-02-11 13:33:26,517 - INFO - allennlp.common.params - trainer.num_epochs = 40
2019-02-11 13:33:26,517 - INFO - allennlp.common.params - trainer.cuda_device = 0
2019-02-11 13:33:26,518 - INFO - allennlp.common.params - trainer.grad_norm = None
2019-02-11 13:33:26,518 - INFO - allennlp.common.params - trainer.grad_clipping = None
2019-02-11 13:33:26,518 - INFO - allennlp.common.params - trainer.learning_rate_scheduler = None
2019-02-11 13:33:30,085 - INFO - allennlp.common.params - trainer.optimizer = adam
2019-02-11 13:33:30,085 - INFO - allennlp.common.params - parameter_groups = None
2019-02-11 13:33:30,086 - INFO - allennlp.training.optimizers - Number of trainable parameters: 31404
2019-02-11 13:33:30,088 - INFO - allennlp.common.params - Converting Params object to dict; logging of default values will not occur when dictionary parameters are used subsequently.
2019-02-11 13:33:30,088 - INFO - allennlp.common.params - CURRENTLY DEFINED PARAMETERS: 
2019-02-11 13:33:30,089 - INFO - allennlp.common.params - trainer.num_serialized_models_to_keep = 20
2019-02-11 13:33:30,089 - INFO - allennlp.common.params - trainer.keep_serialized_model_every_num_seconds = None
2019-02-11 13:33:30,089 - INFO - allennlp.common.params - trainer.model_save_interval = None
2019-02-11 13:33:30,089 - INFO - allennlp.common.params - trainer.summary_interval = 100
2019-02-11 13:33:30,089 - INFO - allennlp.common.params - trainer.histogram_interval = None
2019-02-11 13:33:30,089 - INFO - allennlp.common.params - trainer.should_log_parameter_statistics = True
2019-02-11 13:33:30,089 - INFO - allennlp.common.params - trainer.should_log_learning_rate = False
2019-02-11 13:33:30,089 - INFO - allennlp.common.params - trainer.log_batch_size_period = None
2019-02-11 13:33:30,092 - INFO - allennlp.common.params - evaluate_on_test = False
2019-02-11 13:33:30,093 - INFO - allennlp.training.trainer - Beginning training.
2019-02-11 13:33:30,093 - INFO - allennlp.training.trainer - Epoch 0/39
2019-02-11 13:33:30,093 - INFO - allennlp.training.trainer - Peak CPU memory usage MB: 2612.564
2019-02-11 13:33:30,159 - INFO - allennlp.training.trainer - GPU 0 memory usage MB: 662
2019-02-11 13:33:30,160 - INFO - allennlp.training.trainer - Training
2019-02-11 13:33:55,690 - INFO - allennlp.training.trainer - Validating
2019-02-11 13:34:00,954 - INFO - allennlp.training.trainer -                     Training |  Validation
2019-02-11 13:34:00,955 - INFO - allennlp.training.trainer - accuracy3       |     1.000  |     1.000
2019-02-11 13:34:00,955 - INFO - allennlp.training.trainer - gpu_0_memory_MB |   662.000  |       N/A
2019-02-11 13:34:00,955 - INFO - allennlp.training.trainer - loss            |     0.407  |     0.460
2019-02-11 13:34:00,955 - INFO - allennlp.training.trainer - cpu_memory_MB   |  2612.564  |       N/A
2019-02-11 13:34:00,956 - INFO - allennlp.training.trainer - accuracy        |     0.883  |     0.881
2019-02-11 13:34:00,962 - INFO - allennlp.training.trainer - Best validation performance so far. Copying weights to './model_params/best.th'.
2019-02-11 13:34:00,962 - INFO - allennlp.training.trainer - Epoch duration: 00:00:30
2019-02-11 13:34:00,963 - INFO - allennlp.training.trainer - Estimated training time remaining: 0:20:03
2019-02-11 13:34:00,963 - INFO - allennlp.training.trainer - Epoch 1/39
2019-02-11 13:34:00,963 - INFO - allennlp.training.trainer - Peak CPU memory usage MB: 2644.5
2019-02-11 13:34:01,045 - INFO - allennlp.training.trainer - GPU 0 memory usage MB: 681
2019-02-11 13:34:01,045 - INFO - allennlp.training.trainer - Training
2019-02-11 13:34:19,315 - INFO - allennlp.training.trainer - Validating
2019-02-11 13:34:22,128 - INFO - allennlp.training.trainer -                     Training |  Validation
2019-02-11 13:34:22,128 - INFO - allennlp.training.trainer - accuracy3       |     1.000  |     1.000
2019-02-11 13:34:22,129 - INFO - allennlp.training.trainer - gpu_0_memory_MB |   681.000  |       N/A
2019-02-11 13:34:22,129 - INFO - allennlp.training.trainer - loss            |     0.376  |     0.461
2019-02-11 13:34:22,129 - INFO - allennlp.training.trainer - cpu_memory_MB   |  2644.500  |       N/A
2019-02-11 13:34:22,129 - INFO - allennlp.training.trainer - accuracy        |     0.884  |     0.876
2019-02-11 13:34:22,134 - INFO - allennlp.training.trainer - Epoch duration: 00:00:21
2019-02-11 13:34:22,134 - INFO - allennlp.training.trainer - Estimated training time remaining: 0:16:28
2019-02-11 13:34:22,134 - INFO - allennlp.training.trainer - Epoch 2/39
2019-02-11 13:34:22,135 - INFO - allennlp.training.trainer - Peak CPU memory usage MB: 2644.948
2019-02-11 13:34:22,205 - INFO - allennlp.training.trainer - GPU 0 memory usage MB: 342
2019-02-11 13:34:22,206 - INFO - allennlp.training.trainer - Training
2019-02-11 13:34:38,377 - INFO - allennlp.training.trainer - Validating
2019-02-11 13:34:41,507 - INFO - allennlp.training.trainer -                     Training |  Validation
2019-02-11 13:34:41,508 - INFO - allennlp.training.trainer - accuracy3       |     1.000  |     1.000
2019-02-11 13:34:41,508 - INFO - allennlp.training.trainer - gpu_0_memory_MB |   342.000  |       N/A
2019-02-11 13:34:41,509 - INFO - allennlp.training.trainer - loss            |     0.371  |     0.450
2019-02-11 13:34:41,509 - INFO - allennlp.training.trainer - cpu_memory_MB   |  2644.948  |       N/A
2019-02-11 13:34:41,509 - INFO - allennlp.training.trainer - accuracy        |     0.883  |     0.874
2019-02-11 13:34:41,520 - INFO - allennlp.training.trainer - Best validation performance so far. Copying weights to './model_params/best.th'.
2019-02-11 13:34:41,524 - INFO - allennlp.training.trainer - Epoch duration: 00:00:19
2019-02-11 13:34:41,525 - INFO - allennlp.training.trainer - Estimated training time remaining: 0:14:40
2019-02-11 13:34:41,526 - INFO - allennlp.training.trainer - Epoch 3/39
2019-02-11 13:34:41,530 - INFO - allennlp.training.trainer - Peak CPU memory usage MB: 2645.224
2019-02-11 13:34:41,670 - INFO - allennlp.training.trainer - GPU 0 memory usage MB: 406
2019-02-11 13:34:41,670 - INFO - allennlp.training.trainer - Training
2019-02-11 13:34:58,255 - INFO - allennlp.training.trainer - Validating
2019-02-11 13:35:01,664 - INFO - allennlp.training.trainer -                     Training |  Validation
2019-02-11 13:35:01,665 - INFO - allennlp.training.trainer - accuracy3       |     1.000  |     1.000
2019-02-11 13:35:01,666 - INFO - allennlp.training.trainer - gpu_0_memory_MB |   406.000  |       N/A
2019-02-11 13:35:01,666 - INFO - allennlp.training.trainer - loss            |     0.367  |     0.456
2019-02-11 13:35:01,666 - INFO - allennlp.training.trainer - cpu_memory_MB   |  2645.224  |       N/A
2019-02-11 13:35:01,666 - INFO - allennlp.training.trainer - accuracy        |     0.883  |     0.891
2019-02-11 13:35:01,672 - INFO - allennlp.training.trainer - Epoch duration: 00:00:20
2019-02-11 13:35:01,678 - INFO - allennlp.training.trainer - Estimated training time remaining: 0:13:44
2019-02-11 13:35:01,678 - INFO - allennlp.training.trainer - Epoch 4/39
2019-02-11 13:35:01,678 - INFO - allennlp.training.trainer - Peak CPU memory usage MB: 2645.364
2019-02-11 13:35:01,814 - INFO - allennlp.training.trainer - GPU 0 memory usage MB: 406
2019-02-11 13:35:01,815 - INFO - allennlp.training.trainer - Training
2019-02-11 13:35:18,618 - INFO - allennlp.training.trainer - Validating
2019-02-11 13:35:22,323 - INFO - allennlp.training.trainer -                     Training |  Validation
2019-02-11 13:35:22,325 - INFO - allennlp.training.trainer - accuracy3       |     1.000  |     1.000
2019-02-11 13:35:22,325 - INFO - allennlp.training.trainer - gpu_0_memory_MB |   406.000  |       N/A
2019-02-11 13:35:22,325 - INFO - allennlp.training.trainer - loss            |     0.364  |     0.455
2019-02-11 13:35:22,325 - INFO - allennlp.training.trainer - cpu_memory_MB   |  2645.364  |       N/A
2019-02-11 13:35:22,325 - INFO - allennlp.training.trainer - accuracy        |     0.884  |     0.881
2019-02-11 13:35:22,331 - INFO - allennlp.training.trainer - Epoch duration: 00:00:20
2019-02-11 13:35:22,331 - INFO - allennlp.training.trainer - Estimated training time remaining: 0:13:05
2019-02-11 13:35:22,332 - INFO - allennlp.training.trainer - Epoch 5/39
2019-02-11 13:35:22,332 - INFO - allennlp.training.trainer - Peak CPU memory usage MB: 2645.492
2019-02-11 13:35:22,405 - INFO - allennlp.training.trainer - GPU 0 memory usage MB: 406
2019-02-11 13:35:22,405 - INFO - allennlp.training.trainer - Training
2019-02-11 13:35:39,111 - INFO - allennlp.training.trainer - Validating
2019-02-11 13:35:42,464 - INFO - allennlp.training.trainer -                     Training |  Validation
2019-02-11 13:35:42,465 - INFO - allennlp.training.trainer - accuracy3       |     1.000  |     1.000
2019-02-11 13:35:42,465 - INFO - allennlp.training.trainer - gpu_0_memory_MB |   406.000  |       N/A
2019-02-11 13:35:42,465 - INFO - allennlp.training.trainer - loss            |     0.360  |     0.449
2019-02-11 13:35:42,465 - INFO - allennlp.training.trainer - cpu_memory_MB   |  2645.492  |       N/A
2019-02-11 13:35:42,466 - INFO - allennlp.training.trainer - accuracy        |     0.887  |     0.852
2019-02-11 13:35:42,472 - INFO - allennlp.training.trainer - Best validation performance so far. Copying weights to './model_params/best.th'.
2019-02-11 13:35:42,472 - INFO - allennlp.training.trainer - Epoch duration: 00:00:20
2019-02-11 13:35:42,473 - INFO - allennlp.training.trainer - Estimated training time remaining: 0:12:30
2019-02-11 13:35:42,473 - INFO - allennlp.training.trainer - Epoch 6/39
2019-02-11 13:35:42,473 - INFO - allennlp.training.trainer - Peak CPU memory usage MB: 2645.584
2019-02-11 13:35:42,551 - INFO - allennlp.training.trainer - GPU 0 memory usage MB: 406
2019-02-11 13:35:42,552 - INFO - allennlp.training.trainer - Training
2019-02-11 13:35:59,736 - INFO - allennlp.training.trainer - Validating
2019-02-11 13:36:02,979 - INFO - allennlp.training.trainer -                     Training |  Validation
2019-02-11 13:36:02,980 - INFO - allennlp.training.trainer - accuracy3       |     1.000  |     1.000
2019-02-11 13:36:02,980 - INFO - allennlp.training.trainer - gpu_0_memory_MB |   406.000  |       N/A
2019-02-11 13:36:02,980 - INFO - allennlp.training.trainer - loss            |     0.360  |     0.449
2019-02-11 13:36:02,980 - INFO - allennlp.training.trainer - cpu_memory_MB   |  2645.584  |       N/A
2019-02-11 13:36:02,981 - INFO - allennlp.training.trainer - accuracy        |     0.886  |     0.858
2019-02-11 13:36:02,988 - INFO - allennlp.training.trainer - Best validation performance so far. Copying weights to './model_params/best.th'.
2019-02-11 13:36:02,988 - INFO - allennlp.training.trainer - Epoch duration: 00:00:20
2019-02-11 13:36:02,988 - INFO - allennlp.training.trainer - Estimated training time remaining: 0:12:00
2019-02-11 13:36:02,989 - INFO - allennlp.training.trainer - Epoch 7/39
2019-02-11 13:36:02,989 - INFO - allennlp.training.trainer - Peak CPU memory usage MB: 2646.064
2019-02-11 13:36:03,066 - INFO - allennlp.training.trainer - GPU 0 memory usage MB: 406
2019-02-11 13:36:03,067 - INFO - allennlp.training.trainer - Training
2019-02-11 13:36:19,895 - INFO - allennlp.training.trainer - Validating
2019-02-11 13:36:23,351 - INFO - allennlp.training.trainer -                     Training |  Validation
2019-02-11 13:36:23,352 - INFO - allennlp.training.trainer - accuracy3       |     1.000  |     1.000
2019-02-11 13:36:23,352 - INFO - allennlp.training.trainer - gpu_0_memory_MB |   406.000  |       N/A
2019-02-11 13:36:23,353 - INFO - allennlp.training.trainer - loss            |     0.357  |     0.454
2019-02-11 13:36:23,353 - INFO - allennlp.training.trainer - cpu_memory_MB   |  2646.064  |       N/A
2019-02-11 13:36:23,353 - INFO - allennlp.training.trainer - accuracy        |     0.887  |     0.874
2019-02-11 13:36:23,359 - INFO - allennlp.training.trainer - Epoch duration: 00:00:20
2019-02-11 13:36:23,363 - INFO - allennlp.training.trainer - Estimated training time remaining: 0:11:33
2019-02-11 13:36:23,363 - INFO - allennlp.training.trainer - Epoch 8/39
2019-02-11 13:36:23,363 - INFO - allennlp.training.trainer - Peak CPU memory usage MB: 2646.5
2019-02-11 13:36:23,498 - INFO - allennlp.training.trainer - GPU 0 memory usage MB: 406
2019-02-11 13:36:23,498 - INFO - allennlp.training.trainer - Training
2019-02-11 13:36:39,142 - INFO - allennlp.training.trainer - Validating
2019-02-11 13:36:41,714 - INFO - allennlp.training.trainer -                     Training |  Validation
2019-02-11 13:36:41,715 - INFO - allennlp.training.trainer - accuracy3       |     1.000  |     1.000
2019-02-11 13:36:41,715 - INFO - allennlp.training.trainer - gpu_0_memory_MB |   406.000  |       N/A
2019-02-11 13:36:41,715 - INFO - allennlp.training.trainer - loss            |     0.355  |     0.454
2019-02-11 13:36:41,715 - INFO - allennlp.training.trainer - cpu_memory_MB   |  2646.500  |       N/A
2019-02-11 13:36:41,716 - INFO - allennlp.training.trainer - accuracy        |     0.888  |     0.879
2019-02-11 13:36:41,722 - INFO - allennlp.training.trainer - Epoch duration: 00:00:18
2019-02-11 13:36:41,723 - INFO - allennlp.training.trainer - Estimated training time remaining: 0:11:00
2019-02-11 13:36:41,723 - INFO - allennlp.training.trainer - Epoch 9/39
2019-02-11 13:36:41,723 - INFO - allennlp.training.trainer - Peak CPU memory usage MB: 2646.948
2019-02-11 13:36:41,793 - INFO - allennlp.training.trainer - GPU 0 memory usage MB: 597
2019-02-11 13:36:41,794 - INFO - allennlp.training.trainer - Training
2019-02-11 13:36:57,597 - INFO - allennlp.training.trainer - Validating
2019-02-11 13:37:00,284 - INFO - allennlp.training.trainer -                     Training |  Validation
2019-02-11 13:37:00,286 - INFO - allennlp.training.trainer - accuracy3       |     1.000  |     1.000
2019-02-11 13:37:00,286 - INFO - allennlp.training.trainer - gpu_0_memory_MB |   597.000  |       N/A
2019-02-11 13:37:00,286 - INFO - allennlp.training.trainer - loss            |     0.354  |     0.452
2019-02-11 13:37:00,286 - INFO - allennlp.training.trainer - cpu_memory_MB   |  2646.948  |       N/A
2019-02-11 13:37:00,286 - INFO - allennlp.training.trainer - accuracy        |     0.888  |     0.877
2019-02-11 13:37:00,293 - INFO - allennlp.training.trainer - Epoch duration: 00:00:18
2019-02-11 13:37:00,293 - INFO - allennlp.training.trainer - Estimated training time remaining: 0:10:30
2019-02-11 13:37:00,293 - INFO - allennlp.training.trainer - Epoch 10/39
2019-02-11 13:37:00,293 - INFO - allennlp.training.trainer - Peak CPU memory usage MB: 2646.996
2019-02-11 13:37:00,371 - INFO - allennlp.training.trainer - GPU 0 memory usage MB: 663
2019-02-11 13:37:00,372 - INFO - allennlp.training.trainer - Training
2019-02-11 13:37:15,191 - INFO - allennlp.training.trainer - Validating
2019-02-11 13:37:17,661 - INFO - allennlp.training.trainer -                     Training |  Validation
2019-02-11 13:37:17,662 - INFO - allennlp.training.trainer - accuracy3       |     1.000  |     1.000
2019-02-11 13:37:17,662 - INFO - allennlp.training.trainer - gpu_0_memory_MB |   663.000  |       N/A
2019-02-11 13:37:17,662 - INFO - allennlp.training.trainer - loss            |     0.355  |     0.466
2019-02-11 13:37:17,662 - INFO - allennlp.training.trainer - cpu_memory_MB   |  2646.996  |       N/A
2019-02-11 13:37:17,662 - INFO - allennlp.training.trainer - accuracy        |     0.887  |     0.889
2019-02-11 13:37:17,668 - INFO - allennlp.training.trainer - Epoch duration: 00:00:17
2019-02-11 13:37:17,668 - INFO - allennlp.training.trainer - Estimated training time remaining: 0:09:59
2019-02-11 13:37:17,668 - INFO - allennlp.training.trainer - Epoch 11/39
2019-02-11 13:37:17,668 - INFO - allennlp.training.trainer - Peak CPU memory usage MB: 2647.068
2019-02-11 13:37:17,750 - INFO - allennlp.training.trainer - GPU 0 memory usage MB: 663
2019-02-11 13:37:17,751 - INFO - allennlp.training.trainer - Training
2019-02-11 13:37:32,037 - INFO - allennlp.training.trainer - Validating
2019-02-11 13:37:34,645 - INFO - allennlp.training.trainer - Ran out of patience.  Stopping training.
2019-02-11 13:37:34,645 - INFO - allennlp.models.archival - archiving weights and vocabulary to ./model_params/model.tar.gz
2019-02-11 13:37:34,658 - INFO - allennlp.commands.train - Loading the best epoch weights.
2019-02-11 13:37:34,662 - INFO - allennlp.common.util - Metrics: {
  "peak_cpu_memory_MB": 2647.068,
  "peak_gpu_0_memory_MB": 681,
  "training_duration": "00:03:47",
  "training_start_epoch": 0,
  "training_epochs": 10,
  "epoch": 10,
  "training_accuracy": 0.887157073452654,
  "training_accuracy3": 1.0,
  "training_loss": 0.35453445772114006,
  "training_cpu_memory_MB": 2646.996,
  "training_gpu_0_memory_MB": 663,
  "validation_accuracy": 0.8894640098334404,
  "validation_accuracy3": 1.0,
  "validation_loss": 0.4657705599556164,
  "best_epoch": 6,
  "best_validation_accuracy": 0.8576180971390552,
  "best_validation_accuracy3": 1.0,
  "best_validation_loss": 0.4485824199355378
}
Token batch process time:
84.38099670410156
Token batch process time:
44.85323762893677
