0it [00:00, ?it/s]
1it [00:00,  3.30it/s]
80it [00:00, 260.25it/s]

0it [00:00, ?it/s]
1it [00:00,  3.85it/s]
74it [00:00, 280.40it/s]

0it [00:00, ?it/s]
154it [00:00, 19285.31it/s]

  0%|          | 0/3 [00:00<?, ?it/s]
accuracy: 0.5072, accuracy3: 1.0000, loss: 0.6851 ||: 100%|##########| 3/3 [00:00<00:00, 27.47it/s]

  0%|          | 0/3 [00:00<?, ?it/s]
accuracy: 0.5026, accuracy3: 1.0000, loss: 0.6791 ||: 100%|##########| 3/3 [00:00<00:00, 84.11it/s]

  0%|          | 0/3 [00:00<?, ?it/s]
accuracy: 0.5098, accuracy3: 1.0000, loss: 0.6829 ||: 100%|##########| 3/3 [00:00<00:00, 44.70it/s]

  0%|          | 0/3 [00:00<?, ?it/s]
accuracy: 0.5050, accuracy3: 1.0000, loss: 0.6740 ||: 100%|##########| 3/3 [00:00<00:00, 137.15it/s]

  0%|          | 0/3 [00:00<?, ?it/s]
accuracy: 0.5452, accuracy3: 1.0000, loss: 0.6775 ||: 100%|##########| 3/3 [00:00<00:00, 44.38it/s]

  0%|          | 0/3 [00:00<?, ?it/s]
accuracy: 0.5729, accuracy3: 1.0000, loss: 0.6689 ||: 100%|##########| 3/3 [00:00<00:00, 81.68it/s]

  0%|          | 0/3 [00:00<?, ?it/s]
accuracy: 0.5475, accuracy3: 1.0000, loss: 0.6734 ||: 100%|##########| 3/3 [00:00<00:00, 40.69it/s]

  0%|          | 0/3 [00:00<?, ?it/s]
accuracy: 0.5869, accuracy3: 1.0000, loss: 0.6640 ||: 100%|##########| 3/3 [00:00<00:00, 140.76it/s]

  0%|          | 0/3 [00:00<?, ?it/s]
accuracy: 0.5709, accuracy3: 1.0000, loss: 0.6684 ||: 100%|##########| 3/3 [00:00<00:00, 32.78it/s]

  0%|          | 0/3 [00:00<?, ?it/s]
accuracy: 0.6127, accuracy3: 1.0000, loss: 0.6592 ||: 100%|##########| 3/3 [00:00<00:00, 141.19it/s]

  0%|          | 0/3 [00:00<?, ?it/s]
accuracy: 0.5754, accuracy3: 1.0000, loss: 0.6658 ||: 100%|##########| 3/3 [00:00<00:00, 40.20it/s]

  0%|          | 0/3 [00:00<?, ?it/s]
accuracy: 0.5608, accuracy3: 1.0000, loss: 0.6548 ||: 100%|##########| 3/3 [00:00<00:00, 146.79it/s]

  0%|          | 0/3 [00:00<?, ?it/s]
accuracy: 0.5232, accuracy3: 1.0000, loss: 0.6629 ||: 100%|##########| 3/3 [00:00<00:00, 38.53it/s]

  0%|          | 0/3 [00:00<?, ?it/s]
accuracy: 0.5783, accuracy3: 1.0000, loss: 0.6507 ||: 100%|##########| 3/3 [00:00<00:00, 156.65it/s]

  0%|          | 0/3 [00:00<?, ?it/s]
accuracy: 0.5242, accuracy3: 1.0000, loss: 0.6595 ||: 100%|##########| 3/3 [00:00<00:00, 65.11it/s]

  0%|          | 0/3 [00:00<?, ?it/s]
accuracy: 0.5532, accuracy3: 1.0000, loss: 0.6469 ||: 100%|##########| 3/3 [00:00<00:00, 152.86it/s]

  0%|          | 0/3 [00:00<?, ?it/s]
accuracy: 0.4929, accuracy3: 1.0000, loss: 0.6565 ||: 100%|##########| 3/3 [00:00<00:00, 43.03it/s]

  0%|          | 0/3 [00:00<?, ?it/s]
accuracy: 0.5532, accuracy3: 1.0000, loss: 0.6432 ||: 100%|##########| 3/3 [00:00<00:00, 146.58it/s]

  0%|          | 0/3 [00:00<?, ?it/s]
accuracy: 0.4931, accuracy3: 1.0000, loss: 0.6514 ||: 100%|##########| 3/3 [00:00<00:00, 43.51it/s]

  0%|          | 0/3 [00:00<?, ?it/s]
accuracy: 0.5615, accuracy3: 1.0000, loss: 0.6400 ||: 100%|##########| 3/3 [00:00<00:00, 152.38it/s]

  0%|          | 0/3 [00:00<?, ?it/s]
accuracy: 0.4931, accuracy3: 1.0000, loss: 0.6461 ||: 100%|##########| 3/3 [00:00<00:00, 63.71it/s]

  0%|          | 0/3 [00:00<?, ?it/s]
accuracy: 0.5612, accuracy3: 1.0000, loss: 0.6367 ||: 100%|##########| 3/3 [00:00<00:00, 183.53it/s]

  0%|          | 0/3 [00:00<?, ?it/s]
accuracy: 0.5508, accuracy3: 1.0000, loss: 0.6453 ||: 100%|##########| 3/3 [00:00<00:00, 34.40it/s]

  0%|          | 0/3 [00:00<?, ?it/s]
accuracy: 0.6349, accuracy3: 1.0000, loss: 0.6335 ||: 100%|##########| 3/3 [00:00<00:00, 129.79it/s]

  0%|          | 0/3 [00:00<?, ?it/s]
accuracy: 0.6149, accuracy3: 1.0000, loss: 0.6419 ||: 100%|##########| 3/3 [00:00<00:00, 48.25it/s]

  0%|          | 0/3 [00:00<?, ?it/s]
accuracy: 0.6277, accuracy3: 1.0000, loss: 0.6303 ||: 100%|##########| 3/3 [00:00<00:00, 141.95it/s]

  0%|          | 0/3 [00:00<?, ?it/s]
accuracy: 0.6193, accuracy3: 1.0000, loss: 0.6382 ||: 100%|##########| 3/3 [00:00<00:00, 41.34it/s]

  0%|          | 0/3 [00:00<?, ?it/s]
accuracy: 0.6274, accuracy3: 1.0000, loss: 0.6272 ||: 100%|##########| 3/3 [00:00<00:00, 38.75it/s]

  0%|          | 0/3 [00:00<?, ?it/s]
accuracy: 0.6230, accuracy3: 1.0000, loss: 0.6327 ||: 100%|##########| 3/3 [00:00<00:00, 43.79it/s]

  0%|          | 0/3 [00:00<?, ?it/s]
accuracy: 0.6272, accuracy3: 1.0000, loss: 0.6240 ||: 100%|##########| 3/3 [00:00<00:00, 143.28it/s]

  0%|          | 0/3 [00:00<?, ?it/s]
accuracy: 0.6230, accuracy3: 1.0000, loss: 0.6318 ||: 100%|##########| 3/3 [00:00<00:00, 39.87it/s]

  0%|          | 0/3 [00:00<?, ?it/s]
accuracy: 0.6272, accuracy3: 1.0000, loss: 0.6209 ||: 100%|##########| 3/3 [00:00<00:00, 111.08it/s]

  0%|          | 0/3 [00:00<?, ?it/s]
accuracy: 0.6228, accuracy3: 1.0000, loss: 0.6250 ||: 100%|##########| 3/3 [00:00<00:00, 47.62it/s]

  0%|          | 0/3 [00:00<?, ?it/s]
accuracy: 0.6277, accuracy3: 1.0000, loss: 0.6182 ||: 100%|##########| 3/3 [00:00<00:00, 139.08it/s]

  0%|          | 0/3 [00:00<?, ?it/s]
accuracy: 0.6466, accuracy3: 1.0000, loss: 0.6192 ||: 100%|##########| 3/3 [00:00<00:00, 43.39it/s]

  0%|          | 0/3 [00:00<?, ?it/s]
accuracy: 0.6525, accuracy3: 1.0000, loss: 0.6152 ||: 100%|##########| 3/3 [00:00<00:00, 163.43it/s]

  0%|          | 0/3 [00:00<?, ?it/s]
accuracy: 0.6709, accuracy3: 1.0000, loss: 0.6170 ||: 100%|##########| 3/3 [00:00<00:00, 44.58it/s]

  0%|          | 0/3 [00:00<?, ?it/s]
accuracy: 0.6525, accuracy3: 1.0000, loss: 0.6120 ||: 100%|##########| 3/3 [00:00<00:00, 140.55it/s]

  0%|          | 0/3 [00:00<?, ?it/s]
accuracy: 0.6711, accuracy3: 1.0000, loss: 0.6135 ||: 100%|##########| 3/3 [00:00<00:00, 44.76it/s]

  0%|          | 0/3 [00:00<?, ?it/s]
accuracy: 0.6525, accuracy3: 1.0000, loss: 0.6087 ||: 100%|##########| 3/3 [00:00<00:00, 126.71it/s]

  0%|          | 0/3 [00:00<?, ?it/s]
accuracy: 0.6854, accuracy3: 1.0000, loss: 0.6069 ||: 100%|##########| 3/3 [00:00<00:00, 46.66it/s]

  0%|          | 0/3 [00:00<?, ?it/s]
accuracy: 0.6776, accuracy3: 1.0000, loss: 0.6055 ||: 100%|##########| 3/3 [00:00<00:00, 143.18it/s]

  0%|          | 0/3 [00:00<?, ?it/s]
accuracy: 0.7008, accuracy3: 1.0000, loss: 0.6059 ||: 100%|##########| 3/3 [00:00<00:00, 45.16it/s]

  0%|          | 0/3 [00:00<?, ?it/s]
accuracy: 0.6776, accuracy3: 1.0000, loss: 0.6021 ||: 100%|##########| 3/3 [00:00<00:00, 142.04it/s]

  0%|          | 0/3 [00:00<?, ?it/s]
accuracy: 0.7056, accuracy3: 1.0000, loss: 0.6030 ||: 100%|##########| 3/3 [00:00<00:00, 38.29it/s]

  0%|          | 0/3 [00:00<?, ?it/s]
accuracy: 0.6776, accuracy3: 1.0000, loss: 0.5989 ||: 100%|##########| 3/3 [00:00<00:00, 113.05it/s]

  0%|          | 0/3 [00:00<?, ?it/s]
accuracy: 0.7103, accuracy3: 1.0000, loss: 0.6001 ||: 100%|##########| 3/3 [00:00<00:00, 45.19it/s]

  0%|          | 0/3 [00:00<?, ?it/s]
accuracy: 0.6832, accuracy3: 1.0000, loss: 0.5959 ||: 100%|##########| 3/3 [00:00<00:00, 127.48it/s]

  0%|          | 0/3 [00:00<?, ?it/s]
accuracy: 0.7299, accuracy3: 1.0000, loss: 0.5966 ||: 100%|##########| 3/3 [00:00<00:00, 45.91it/s]

  0%|          | 0/3 [00:00<?, ?it/s]
accuracy: 0.6827, accuracy3: 1.0000, loss: 0.5928 ||: 100%|##########| 3/3 [00:00<00:00, 131.89it/s]

  0%|          | 0/3 [00:00<?, ?it/s]
accuracy: 0.7316, accuracy3: 1.0000, loss: 0.5893 ||:  67%|######6   | 2/3 [00:00<00:00, 19.83it/s]
accuracy: 0.7339, accuracy3: 1.0000, loss: 0.5913 ||: 100%|##########| 3/3 [00:00<00:00, 26.06it/s]

  0%|          | 0/3 [00:00<?, ?it/s]
accuracy: 0.6827, accuracy3: 1.0000, loss: 0.5900 ||: 100%|##########| 3/3 [00:00<00:00, 147.03it/s]

  0%|          | 0/3 [00:00<?, ?it/s]
accuracy: 0.7339, accuracy3: 1.0000, loss: 0.5819 ||: 100%|##########| 3/3 [00:00<00:00, 37.94it/s]

  0%|          | 0/3 [00:00<?, ?it/s]
accuracy: 0.6827, accuracy3: 1.0000, loss: 0.5873 ||: 100%|##########| 3/3 [00:00<00:00, 141.71it/s]

  0%|          | 0/3 [00:00<?, ?it/s]
accuracy: 0.7339, accuracy3: 1.0000, loss: 0.5818 ||: 100%|##########| 3/3 [00:00<00:00, 44.34it/s]

  0%|          | 0/3 [00:00<?, ?it/s]
accuracy: 0.6824, accuracy3: 1.0000, loss: 0.5843 ||: 100%|##########| 3/3 [00:00<00:00, 125.68it/s]

  0%|          | 0/3 [00:00<?, ?it/s]
accuracy: 0.7339, accuracy3: 1.0000, loss: 0.5742 ||: 100%|##########| 3/3 [00:00<00:00, 29.05it/s]

  0%|          | 0/3 [00:00<?, ?it/s]
accuracy: 0.6827, accuracy3: 1.0000, loss: 0.5813 ||: 100%|##########| 3/3 [00:00<00:00, 125.13it/s]

  0%|          | 0/3 [00:00<?, ?it/s]
accuracy: 0.7339, accuracy3: 1.0000, loss: 0.5745 ||: 100%|##########| 3/3 [00:00<00:00, 39.06it/s]

  0%|          | 0/3 [00:00<?, ?it/s]
accuracy: 0.6827, accuracy3: 1.0000, loss: 0.5784 ||: 100%|##########| 3/3 [00:00<00:00, 129.03it/s]

  0%|          | 0/3 [00:00<?, ?it/s]
accuracy: 0.7382, accuracy3: 1.0000, loss: 0.5703 ||: 100%|##########| 3/3 [00:00<00:00, 34.22it/s]

  0%|          | 0/3 [00:00<?, ?it/s]
accuracy: 0.6827, accuracy3: 1.0000, loss: 0.5756 ||: 100%|##########| 3/3 [00:00<00:00, 133.85it/s]

  0%|          | 0/3 [00:00<?, ?it/s]
accuracy: 0.7410, accuracy3: 1.0000, loss: 0.5645 ||: 100%|##########| 3/3 [00:00<00:00, 48.96it/s]

  0%|          | 0/3 [00:00<?, ?it/s]
accuracy: 0.6853, accuracy3: 1.0000, loss: 0.5727 ||: 100%|##########| 3/3 [00:00<00:00, 150.19it/s]

  0%|          | 0/3 [00:00<?, ?it/s]
accuracy: 0.7423, accuracy3: 1.0000, loss: 0.5593 ||: 100%|##########| 3/3 [00:00<00:00, 46.32it/s]

  0%|          | 0/3 [00:00<?, ?it/s]
accuracy: 0.7006, accuracy3: 1.0000, loss: 0.5698 ||: 100%|##########| 3/3 [00:00<00:00, 143.70it/s]

  0%|          | 0/3 [00:00<?, ?it/s]
accuracy: 0.7470, accuracy3: 1.0000, loss: 0.5582 ||: 100%|##########| 3/3 [00:00<00:00, 40.46it/s]

  0%|          | 0/3 [00:00<?, ?it/s]
accuracy: 0.7006, accuracy3: 1.0000, loss: 0.5670 ||: 100%|##########| 3/3 [00:00<00:00, 146.06it/s]

  0%|          | 0/3 [00:00<?, ?it/s]
accuracy: 0.7470, accuracy3: 1.0000, loss: 0.5524 ||: 100%|##########| 3/3 [00:00<00:00, 33.32it/s]

  0%|          | 0/3 [00:00<?, ?it/s]
accuracy: 0.7006, accuracy3: 1.0000, loss: 0.5642 ||: 100%|##########| 3/3 [00:00<00:00, 134.39it/s]

  0%|          | 0/3 [00:00<?, ?it/s]
accuracy: 0.7514, accuracy3: 1.0000, loss: 0.5509 ||: 100%|##########| 3/3 [00:00<00:00, 35.65it/s]

  0%|          | 0/3 [00:00<?, ?it/s]
accuracy: 0.6990, accuracy3: 1.0000, loss: 0.5613 ||: 100%|##########| 3/3 [00:00<00:00, 142.21it/s]

  0%|          | 0/3 [00:00<?, ?it/s]
accuracy: 0.7562, accuracy3: 1.0000, loss: 0.5439 ||: 100%|##########| 3/3 [00:00<00:00, 27.28it/s]

  0%|          | 0/3 [00:00<?, ?it/s]
accuracy: 0.6990, accuracy3: 1.0000, loss: 0.5587 ||: 100%|##########| 3/3 [00:00<00:00, 141.02it/s]

  0%|          | 0/3 [00:00<?, ?it/s]
accuracy: 0.7562, accuracy3: 1.0000, loss: 0.5430 ||: 100%|##########| 3/3 [00:00<00:00, 45.82it/s]

  0%|          | 0/3 [00:00<?, ?it/s]
accuracy: 0.6990, accuracy3: 1.0000, loss: 0.5561 ||: 100%|##########| 3/3 [00:00<00:00, 142.26it/s]

  0%|          | 0/3 [00:00<?, ?it/s]
accuracy: 0.7562, accuracy3: 1.0000, loss: 0.5358 ||: 100%|##########| 3/3 [00:00<00:00, 33.16it/s]

  0%|          | 0/3 [00:00<?, ?it/s]
accuracy: 0.6990, accuracy3: 1.0000, loss: 0.5539 ||: 100%|##########| 3/3 [00:00<00:00, 151.28it/s]

  0%|          | 0/3 [00:00<?, ?it/s]
accuracy: 0.7607, accuracy3: 1.0000, loss: 0.5325 ||: 100%|##########| 3/3 [00:00<00:00, 63.08it/s]

  0%|          | 0/3 [00:00<?, ?it/s]
accuracy: 0.7040, accuracy3: 1.0000, loss: 0.5519 ||: 100%|##########| 3/3 [00:00<00:00, 167.40it/s]

