2019-02-11 00:15:31,333 - INFO - allennlp.common.from_params - instantiating class <class 'allennlp.data.dataset_readers.dataset_reader.DatasetReader'> from params {'mytokenizer': {'type': 'word', 'word_splitter': {'ner': True, 'parse': True, 'pos_tags': True, 'type': 'whitespacy'}}, 'token_indexers': {'dependency_label': {'namespace': 'dependencies', 'type': 'dependency_label'}, 'ner_tag': {'namespace': 'ner', 'type': 'ner_tag'}, 'pos_tag': {'coarse_tags': True, 'namespace': 'pos', 'type': 'pos_tag'}}, 'type': 'sequence_tagging2', 'word_tag_delimiter': '//'} and extras {}
2019-02-11 00:15:31,333 - INFO - allennlp.common.params - dataset_reader.type = sequence_tagging2
2019-02-11 00:15:31,333 - INFO - allennlp.common.from_params - instantiating class <class 'myallennlp.dataset_readers.sequence_tagging2.SequenceTaggingDatasetReader'> from params {'mytokenizer': {'type': 'word', 'word_splitter': {'ner': True, 'parse': True, 'pos_tags': True, 'type': 'whitespacy'}}, 'token_indexers': {'dependency_label': {'namespace': 'dependencies', 'type': 'dependency_label'}, 'ner_tag': {'namespace': 'ner', 'type': 'ner_tag'}, 'pos_tag': {'coarse_tags': True, 'namespace': 'pos', 'type': 'pos_tag'}}, 'word_tag_delimiter': '//'} and extras {}
2019-02-11 00:15:31,333 - INFO - allennlp.common.params - dataset_reader.word_tag_delimiter = //
2019-02-11 00:15:31,333 - INFO - allennlp.common.params - dataset_reader.token_delimiter = None
2019-02-11 00:15:31,334 - INFO - allennlp.common.from_params - instantiating class allennlp.data.token_indexers.token_indexer.TokenIndexer from params {'namespace': 'dependencies', 'type': 'dependency_label'} and extras {}
2019-02-11 00:15:31,334 - INFO - allennlp.common.params - dataset_reader.token_indexers.dependency_label.type = dependency_label
2019-02-11 00:15:31,334 - INFO - allennlp.common.from_params - instantiating class allennlp.data.token_indexers.dep_label_indexer.DepLabelIndexer from params {'namespace': 'dependencies'} and extras {}
2019-02-11 00:15:31,334 - INFO - allennlp.common.params - dataset_reader.token_indexers.dependency_label.namespace = dependencies
2019-02-11 00:15:31,334 - INFO - allennlp.common.from_params - instantiating class allennlp.data.token_indexers.token_indexer.TokenIndexer from params {'namespace': 'ner', 'type': 'ner_tag'} and extras {}
2019-02-11 00:15:31,334 - INFO - allennlp.common.params - dataset_reader.token_indexers.ner_tag.type = ner_tag
2019-02-11 00:15:31,334 - INFO - allennlp.common.from_params - instantiating class allennlp.data.token_indexers.ner_tag_indexer.NerTagIndexer from params {'namespace': 'ner'} and extras {}
2019-02-11 00:15:31,334 - INFO - allennlp.common.params - dataset_reader.token_indexers.ner_tag.namespace = ner
2019-02-11 00:15:31,334 - INFO - allennlp.common.from_params - instantiating class allennlp.data.token_indexers.token_indexer.TokenIndexer from params {'coarse_tags': True, 'namespace': 'pos', 'type': 'pos_tag'} and extras {}
2019-02-11 00:15:31,335 - INFO - allennlp.common.params - dataset_reader.token_indexers.pos_tag.type = pos_tag
2019-02-11 00:15:31,335 - INFO - allennlp.common.from_params - instantiating class allennlp.data.token_indexers.pos_tag_indexer.PosTagIndexer from params {'coarse_tags': True, 'namespace': 'pos'} and extras {}
2019-02-11 00:15:31,335 - INFO - allennlp.common.params - dataset_reader.token_indexers.pos_tag.namespace = pos
2019-02-11 00:15:31,335 - INFO - allennlp.common.params - dataset_reader.token_indexers.pos_tag.coarse_tags = True
2019-02-11 00:15:31,335 - INFO - allennlp.common.params - dataset_reader.lazy = False
2019-02-11 00:15:31,335 - INFO - allennlp.common.from_params - instantiating class <class 'allennlp.data.tokenizers.tokenizer.Tokenizer'> from params {'type': 'word', 'word_splitter': {'ner': True, 'parse': True, 'pos_tags': True, 'type': 'whitespacy'}} and extras {}
2019-02-11 00:15:31,335 - INFO - allennlp.common.params - dataset_reader.mytokenizer.type = word
2019-02-11 00:15:31,335 - INFO - allennlp.common.from_params - instantiating class <class 'allennlp.data.tokenizers.word_tokenizer.WordTokenizer'> from params {'word_splitter': {'ner': True, 'parse': True, 'pos_tags': True, 'type': 'whitespacy'}} and extras {}
2019-02-11 00:15:31,336 - INFO - allennlp.common.from_params - instantiating class <class 'allennlp.data.tokenizers.word_splitter.WordSplitter'> from params {'ner': True, 'parse': True, 'pos_tags': True, 'type': 'whitespacy'} and extras {}
2019-02-11 00:15:31,336 - INFO - allennlp.common.params - dataset_reader.mytokenizer.word_splitter.type = whitespacy
2019-02-11 00:15:31,336 - INFO - allennlp.common.from_params - instantiating class <class 'myallennlp.data.tokenizers.word_splitter.SpacyWordSplitter'> from params {'ner': True, 'parse': True, 'pos_tags': True} and extras {}
2019-02-11 00:15:31,336 - INFO - allennlp.common.params - dataset_reader.mytokenizer.word_splitter.language = en_core_web_sm
2019-02-11 00:15:31,336 - INFO - allennlp.common.params - dataset_reader.mytokenizer.word_splitter.pos_tags = True
2019-02-11 00:15:31,336 - INFO - allennlp.common.params - dataset_reader.mytokenizer.word_splitter.parse = True
2019-02-11 00:15:31,336 - INFO - allennlp.common.params - dataset_reader.mytokenizer.word_splitter.ner = True
2019-02-11 00:15:31,754 - INFO - allennlp.common.params - dataset_reader.mytokenizer.start_tokens = None
2019-02-11 00:15:31,755 - INFO - allennlp.common.params - dataset_reader.mytokenizer.end_tokens = None
2019-02-11 00:15:31,755 - INFO - allennlp.common.params - dataset_reader.use_spacy_directly = False
2019-02-11 00:15:31,755 - INFO - allennlp.common.params - validation_dataset_reader = None
2019-02-11 00:15:31,755 - INFO - allennlp.common.params - train_data_path = ../data/allenTrain.txt
2019-02-11 00:15:31,755 - INFO - allennlp.commands.train - Reading training data from ../data/allenTrain.txt
2019-02-11 00:15:31,756 - INFO - myallennlp.dataset_readers.sequence_tagging2 - Reading instances from lines in file at: ../data/allenTrain.txt
2019-02-11 00:15:32,063 - INFO - allennlp.common.params - validation_data_path = ../data/allenDev.txt
2019-02-11 00:15:32,063 - INFO - allennlp.commands.train - Reading validation data from ../data/allenDev.txt
2019-02-11 00:15:32,064 - INFO - myallennlp.dataset_readers.sequence_tagging2 - Reading instances from lines in file at: ../data/allenDev.txt
2019-02-11 00:15:32,327 - INFO - allennlp.common.params - test_data_path = None
2019-02-11 00:15:32,328 - INFO - allennlp.commands.train - From dataset instances, validation, train will be considered for vocabulary creation.
2019-02-11 00:15:32,328 - INFO - allennlp.common.params - vocabulary.type = None
2019-02-11 00:15:32,328 - INFO - allennlp.common.params - vocabulary.extend = False
2019-02-11 00:15:32,328 - INFO - allennlp.common.params - vocabulary.directory_path = None
2019-02-11 00:15:32,328 - INFO - allennlp.common.params - vocabulary.min_count = None
2019-02-11 00:15:32,328 - INFO - allennlp.common.params - vocabulary.max_vocab_size = None
2019-02-11 00:15:32,328 - INFO - allennlp.common.params - vocabulary.non_padded_namespaces = ('*tags', '*labels')
2019-02-11 00:15:32,328 - INFO - allennlp.common.params - vocabulary.min_pretrained_embeddings = None
2019-02-11 00:15:32,328 - INFO - allennlp.common.params - vocabulary.only_include_pretrained_words = False
2019-02-11 00:15:32,328 - INFO - allennlp.common.params - vocabulary.tokens_to_add = None
2019-02-11 00:15:32,329 - INFO - allennlp.data.vocabulary - Fitting token dictionary from dataset.
2019-02-11 00:15:32,337 - INFO - allennlp.common.from_params - instantiating class <class 'allennlp.models.model.Model'> from params {'Ntags0': 5620.99, 'Ntags1': 256.16, 'do_crossentropy_weighting': True, 'encoder': {'input_dim': 22, 'type': 'pass_through'}, 'text_field_embedder': {'token_embedders': {'dependency_label': {'embedding_dim': 10, 'type': 'embedding', 'vocab_namespace': 'dependencies'}, 'ner_tag': {'embedding_dim': 7, 'type': 'embedding', 'vocab_namespace': 'ner'}, 'pos_tag': {'embedding_dim': 5, 'type': 'embedding', 'vocab_namespace': 'pos'}}}, 'type': 'simple_tagger2'} and extras {'vocab': Vocabulary with namespaces:  dependencies, Size: 44 || ner, Size: 14 || pos, Size: 16 || labels, Size: 2 || Non Padded Namespaces: {'*tags', '*labels'}}
2019-02-11 00:15:32,337 - INFO - allennlp.common.params - model.type = simple_tagger2
2019-02-11 00:15:32,338 - INFO - allennlp.common.from_params - instantiating class <class 'myallennlp.models.simple_tagger2.SimpleTagger2'> from params {'Ntags0': 5620.99, 'Ntags1': 256.16, 'do_crossentropy_weighting': True, 'encoder': {'input_dim': 22, 'type': 'pass_through'}, 'text_field_embedder': {'token_embedders': {'dependency_label': {'embedding_dim': 10, 'type': 'embedding', 'vocab_namespace': 'dependencies'}, 'ner_tag': {'embedding_dim': 7, 'type': 'embedding', 'vocab_namespace': 'ner'}, 'pos_tag': {'embedding_dim': 5, 'type': 'embedding', 'vocab_namespace': 'pos'}}}} and extras {'vocab': Vocabulary with namespaces:  dependencies, Size: 44 || ner, Size: 14 || pos, Size: 16 || labels, Size: 2 || Non Padded Namespaces: {'*tags', '*labels'}}
2019-02-11 00:15:32,338 - INFO - allennlp.common.from_params - instantiating class <class 'allennlp.modules.text_field_embedders.text_field_embedder.TextFieldEmbedder'> from params {'token_embedders': {'dependency_label': {'embedding_dim': 10, 'type': 'embedding', 'vocab_namespace': 'dependencies'}, 'ner_tag': {'embedding_dim': 7, 'type': 'embedding', 'vocab_namespace': 'ner'}, 'pos_tag': {'embedding_dim': 5, 'type': 'embedding', 'vocab_namespace': 'pos'}}} and extras {'vocab': Vocabulary with namespaces:  dependencies, Size: 44 || ner, Size: 14 || pos, Size: 16 || labels, Size: 2 || Non Padded Namespaces: {'*tags', '*labels'}}
2019-02-11 00:15:32,338 - INFO - allennlp.common.params - model.text_field_embedder.type = basic
2019-02-11 00:15:32,338 - INFO - allennlp.common.params - model.text_field_embedder.embedder_to_indexer_map = None
2019-02-11 00:15:32,338 - INFO - allennlp.common.params - model.text_field_embedder.allow_unmatched_keys = False
2019-02-11 00:15:32,338 - INFO - allennlp.common.from_params - instantiating class <class 'allennlp.modules.token_embedders.token_embedder.TokenEmbedder'> from params {'embedding_dim': 10, 'type': 'embedding', 'vocab_namespace': 'dependencies'} and extras {'vocab': Vocabulary with namespaces:  dependencies, Size: 44 || ner, Size: 14 || pos, Size: 16 || labels, Size: 2 || Non Padded Namespaces: {'*tags', '*labels'}}
2019-02-11 00:15:32,338 - INFO - allennlp.common.params - model.text_field_embedder.token_embedders.dependency_label.type = embedding
2019-02-11 00:15:32,339 - INFO - allennlp.common.params - model.text_field_embedder.token_embedders.dependency_label.num_embeddings = None
2019-02-11 00:15:32,339 - INFO - allennlp.common.params - model.text_field_embedder.token_embedders.dependency_label.vocab_namespace = dependencies
2019-02-11 00:15:32,339 - INFO - allennlp.common.params - model.text_field_embedder.token_embedders.dependency_label.embedding_dim = 10
2019-02-11 00:15:32,339 - INFO - allennlp.common.params - model.text_field_embedder.token_embedders.dependency_label.pretrained_file = None
2019-02-11 00:15:32,339 - INFO - allennlp.common.params - model.text_field_embedder.token_embedders.dependency_label.projection_dim = None
2019-02-11 00:15:32,339 - INFO - allennlp.common.params - model.text_field_embedder.token_embedders.dependency_label.trainable = True
2019-02-11 00:15:32,339 - INFO - allennlp.common.params - model.text_field_embedder.token_embedders.dependency_label.padding_index = None
2019-02-11 00:15:32,339 - INFO - allennlp.common.params - model.text_field_embedder.token_embedders.dependency_label.max_norm = None
2019-02-11 00:15:32,339 - INFO - allennlp.common.params - model.text_field_embedder.token_embedders.dependency_label.norm_type = 2.0
2019-02-11 00:15:32,339 - INFO - allennlp.common.params - model.text_field_embedder.token_embedders.dependency_label.scale_grad_by_freq = False
2019-02-11 00:15:32,339 - INFO - allennlp.common.params - model.text_field_embedder.token_embedders.dependency_label.sparse = False
2019-02-11 00:15:32,340 - INFO - allennlp.common.from_params - instantiating class <class 'allennlp.modules.token_embedders.token_embedder.TokenEmbedder'> from params {'embedding_dim': 7, 'type': 'embedding', 'vocab_namespace': 'ner'} and extras {'vocab': Vocabulary with namespaces:  dependencies, Size: 44 || ner, Size: 14 || pos, Size: 16 || labels, Size: 2 || Non Padded Namespaces: {'*tags', '*labels'}}
2019-02-11 00:15:32,340 - INFO - allennlp.common.params - model.text_field_embedder.token_embedders.ner_tag.type = embedding
2019-02-11 00:15:32,340 - INFO - allennlp.common.params - model.text_field_embedder.token_embedders.ner_tag.num_embeddings = None
2019-02-11 00:15:32,340 - INFO - allennlp.common.params - model.text_field_embedder.token_embedders.ner_tag.vocab_namespace = ner
2019-02-11 00:15:32,341 - INFO - allennlp.common.params - model.text_field_embedder.token_embedders.ner_tag.embedding_dim = 7
2019-02-11 00:15:32,341 - INFO - allennlp.common.params - model.text_field_embedder.token_embedders.ner_tag.pretrained_file = None
2019-02-11 00:15:32,341 - INFO - allennlp.common.params - model.text_field_embedder.token_embedders.ner_tag.projection_dim = None
2019-02-11 00:15:32,341 - INFO - allennlp.common.params - model.text_field_embedder.token_embedders.ner_tag.trainable = True
2019-02-11 00:15:32,341 - INFO - allennlp.common.params - model.text_field_embedder.token_embedders.ner_tag.padding_index = None
2019-02-11 00:15:32,341 - INFO - allennlp.common.params - model.text_field_embedder.token_embedders.ner_tag.max_norm = None
2019-02-11 00:15:32,341 - INFO - allennlp.common.params - model.text_field_embedder.token_embedders.ner_tag.norm_type = 2.0
2019-02-11 00:15:32,341 - INFO - allennlp.common.params - model.text_field_embedder.token_embedders.ner_tag.scale_grad_by_freq = False
2019-02-11 00:15:32,341 - INFO - allennlp.common.params - model.text_field_embedder.token_embedders.ner_tag.sparse = False
2019-02-11 00:15:32,341 - INFO - allennlp.common.from_params - instantiating class <class 'allennlp.modules.token_embedders.token_embedder.TokenEmbedder'> from params {'embedding_dim': 5, 'type': 'embedding', 'vocab_namespace': 'pos'} and extras {'vocab': Vocabulary with namespaces:  dependencies, Size: 44 || ner, Size: 14 || pos, Size: 16 || labels, Size: 2 || Non Padded Namespaces: {'*tags', '*labels'}}
2019-02-11 00:15:32,341 - INFO - allennlp.common.params - model.text_field_embedder.token_embedders.pos_tag.type = embedding
2019-02-11 00:15:32,342 - INFO - allennlp.common.params - model.text_field_embedder.token_embedders.pos_tag.num_embeddings = None
2019-02-11 00:15:32,342 - INFO - allennlp.common.params - model.text_field_embedder.token_embedders.pos_tag.vocab_namespace = pos
2019-02-11 00:15:32,342 - INFO - allennlp.common.params - model.text_field_embedder.token_embedders.pos_tag.embedding_dim = 5
2019-02-11 00:15:32,342 - INFO - allennlp.common.params - model.text_field_embedder.token_embedders.pos_tag.pretrained_file = None
2019-02-11 00:15:32,342 - INFO - allennlp.common.params - model.text_field_embedder.token_embedders.pos_tag.projection_dim = None
2019-02-11 00:15:32,342 - INFO - allennlp.common.params - model.text_field_embedder.token_embedders.pos_tag.trainable = True
2019-02-11 00:15:32,342 - INFO - allennlp.common.params - model.text_field_embedder.token_embedders.pos_tag.padding_index = None
2019-02-11 00:15:32,342 - INFO - allennlp.common.params - model.text_field_embedder.token_embedders.pos_tag.max_norm = None
2019-02-11 00:15:32,342 - INFO - allennlp.common.params - model.text_field_embedder.token_embedders.pos_tag.norm_type = 2.0
2019-02-11 00:15:32,342 - INFO - allennlp.common.params - model.text_field_embedder.token_embedders.pos_tag.scale_grad_by_freq = False
2019-02-11 00:15:32,342 - INFO - allennlp.common.params - model.text_field_embedder.token_embedders.pos_tag.sparse = False
2019-02-11 00:15:32,343 - INFO - allennlp.common.from_params - instantiating class <class 'allennlp.modules.seq2seq_encoders.seq2seq_encoder.Seq2SeqEncoder'> from params {'input_dim': 22, 'type': 'pass_through'} and extras {'vocab': Vocabulary with namespaces:  dependencies, Size: 44 || ner, Size: 14 || pos, Size: 16 || labels, Size: 2 || Non Padded Namespaces: {'*tags', '*labels'}}
2019-02-11 00:15:32,343 - INFO - allennlp.common.params - model.encoder.type = pass_through
2019-02-11 00:15:32,343 - INFO - allennlp.common.from_params - instantiating class <class 'allennlp.modules.seq2seq_encoders.pass_through_encoder.PassThroughEncoder'> from params {'input_dim': 22} and extras {'vocab': Vocabulary with namespaces:  dependencies, Size: 44 || ner, Size: 14 || pos, Size: 16 || labels, Size: 2 || Non Padded Namespaces: {'*tags', '*labels'}}
2019-02-11 00:15:32,343 - INFO - allennlp.common.params - model.encoder.input_dim = 22
2019-02-11 00:15:32,343 - INFO - allennlp.common.params - model.do_crossentropy_weighting = True
2019-02-11 00:15:32,343 - INFO - allennlp.common.params - model.Ntags0 = 5620.99
2019-02-11 00:15:32,343 - INFO - allennlp.common.params - model.Ntags1 = 256.16
2019-02-11 00:15:32,343 - INFO - allennlp.nn.initializers - Initializing parameters
2019-02-11 00:15:32,343 - INFO - allennlp.nn.initializers - Done initializing parameters; the following parameters are using their default initialization from their code
2019-02-11 00:15:32,344 - INFO - allennlp.nn.initializers -    tag_projection_layer._module.bias
2019-02-11 00:15:32,344 - INFO - allennlp.nn.initializers -    tag_projection_layer._module.weight
2019-02-11 00:15:32,344 - INFO - allennlp.nn.initializers -    text_field_embedder.token_embedder_dependency_label.weight
2019-02-11 00:15:32,344 - INFO - allennlp.nn.initializers -    text_field_embedder.token_embedder_ner_tag.weight
2019-02-11 00:15:32,344 - INFO - allennlp.nn.initializers -    text_field_embedder.token_embedder_pos_tag.weight
2019-02-11 00:15:32,345 - INFO - allennlp.common.from_params - instantiating class <class 'allennlp.data.iterators.data_iterator.DataIterator'> from params {'batch_size': 32, 'type': 'basic'} and extras {}
2019-02-11 00:15:32,345 - INFO - allennlp.common.params - iterator.type = basic
2019-02-11 00:15:32,345 - INFO - allennlp.common.from_params - instantiating class <class 'allennlp.data.iterators.basic_iterator.BasicIterator'> from params {'batch_size': 32} and extras {}
2019-02-11 00:15:32,345 - INFO - allennlp.common.params - iterator.batch_size = 32
2019-02-11 00:15:32,345 - INFO - allennlp.common.params - iterator.instances_per_epoch = None
2019-02-11 00:15:32,345 - INFO - allennlp.common.params - iterator.max_instances_in_memory = None
2019-02-11 00:15:32,345 - INFO - allennlp.common.params - iterator.cache_instances = False
2019-02-11 00:15:32,345 - INFO - allennlp.common.params - iterator.track_epoch = False
2019-02-11 00:15:32,345 - INFO - allennlp.common.params - iterator.maximum_samples_per_batch = None
2019-02-11 00:15:32,346 - INFO - allennlp.common.params - validation_iterator = None
2019-02-11 00:15:32,346 - INFO - allennlp.common.params - trainer.no_grad = ()
2019-02-11 00:15:32,346 - INFO - allennlp.commands.train - Following parameters are Frozen  (without gradient):
2019-02-11 00:15:32,346 - INFO - allennlp.commands.train - Following parameters are Tunable (with gradient):
2019-02-11 00:15:32,346 - INFO - allennlp.commands.train - text_field_embedder.token_embedder_dependency_label.weight
2019-02-11 00:15:32,346 - INFO - allennlp.commands.train - text_field_embedder.token_embedder_ner_tag.weight
2019-02-11 00:15:32,346 - INFO - allennlp.commands.train - text_field_embedder.token_embedder_pos_tag.weight
2019-02-11 00:15:32,346 - INFO - allennlp.commands.train - tag_projection_layer._module.weight
2019-02-11 00:15:32,346 - INFO - allennlp.commands.train - tag_projection_layer._module.bias
2019-02-11 00:15:32,346 - INFO - allennlp.common.params - trainer.type = default
2019-02-11 00:15:32,346 - INFO - allennlp.common.params - trainer.patience = 5
2019-02-11 00:15:32,346 - INFO - allennlp.common.params - trainer.validation_metric = -loss
2019-02-11 00:15:32,346 - INFO - allennlp.common.params - trainer.shuffle = True
2019-02-11 00:15:32,346 - INFO - allennlp.common.params - trainer.num_epochs = 40
2019-02-11 00:15:32,346 - INFO - allennlp.common.params - trainer.cuda_device = -1
2019-02-11 00:15:32,347 - INFO - allennlp.common.params - trainer.grad_norm = None
2019-02-11 00:15:32,347 - INFO - allennlp.common.params - trainer.grad_clipping = None
2019-02-11 00:15:32,347 - INFO - allennlp.common.params - trainer.learning_rate_scheduler = None
2019-02-11 00:15:32,347 - INFO - allennlp.common.params - trainer.optimizer = adam
2019-02-11 00:15:32,347 - INFO - allennlp.common.params - parameter_groups = None
2019-02-11 00:15:32,347 - INFO - allennlp.training.optimizers - Number of trainable parameters: 664
2019-02-11 00:15:32,348 - INFO - allennlp.common.params - Converting Params object to dict; logging of default values will not occur when dictionary parameters are used subsequently.
2019-02-11 00:15:32,348 - INFO - allennlp.common.params - CURRENTLY DEFINED PARAMETERS: 
2019-02-11 00:15:32,348 - INFO - allennlp.common.params - trainer.num_serialized_models_to_keep = 20
2019-02-11 00:15:32,348 - INFO - allennlp.common.params - trainer.keep_serialized_model_every_num_seconds = None
2019-02-11 00:15:32,348 - INFO - allennlp.common.params - trainer.model_save_interval = None
2019-02-11 00:15:32,348 - INFO - allennlp.common.params - trainer.summary_interval = 100
2019-02-11 00:15:32,348 - INFO - allennlp.common.params - trainer.histogram_interval = None
2019-02-11 00:15:32,348 - INFO - allennlp.common.params - trainer.should_log_parameter_statistics = True
2019-02-11 00:15:32,348 - INFO - allennlp.common.params - trainer.should_log_learning_rate = False
2019-02-11 00:15:32,348 - INFO - allennlp.common.params - trainer.log_batch_size_period = None
2019-02-11 00:15:32,350 - INFO - allennlp.common.params - evaluate_on_test = False
2019-02-11 00:15:32,350 - INFO - allennlp.training.trainer - Beginning training.
2019-02-11 00:15:32,350 - INFO - allennlp.training.trainer - Epoch 0/39
2019-02-11 00:15:32,350 - INFO - allennlp.training.trainer - Peak CPU memory usage MB: 554.436
2019-02-11 00:15:32,373 - INFO - allennlp.training.trainer - Training
2019-02-11 00:15:32,486 - INFO - allennlp.training.trainer - Validating
2019-02-11 00:15:32,527 - INFO - allennlp.training.trainer -                   Training |  Validation
2019-02-11 00:15:32,529 - INFO - allennlp.training.trainer - cpu_memory_MB |   554.436  |       N/A
2019-02-11 00:15:32,531 - INFO - allennlp.training.trainer - accuracy3     |     1.000  |     1.000
2019-02-11 00:15:32,532 - INFO - allennlp.training.trainer - accuracy      |     0.507  |     0.503
2019-02-11 00:15:32,533 - INFO - allennlp.training.trainer - loss          |     0.685  |     0.679
2019-02-11 00:15:32,535 - INFO - allennlp.training.trainer - Best validation performance so far. Copying weights to './model_params/best.th'.
2019-02-11 00:15:32,544 - INFO - allennlp.training.trainer - Epoch duration: 00:00:00
2019-02-11 00:15:32,548 - INFO - allennlp.training.trainer - Estimated training time remaining: 0:00:07
2019-02-11 00:15:32,548 - INFO - allennlp.training.trainer - Epoch 1/39
2019-02-11 00:15:32,549 - INFO - allennlp.training.trainer - Peak CPU memory usage MB: 561.66
2019-02-11 00:15:32,579 - INFO - allennlp.training.trainer - Training
2019-02-11 00:15:32,649 - INFO - allennlp.training.trainer - Validating
2019-02-11 00:15:32,673 - INFO - allennlp.training.trainer -                   Training |  Validation
2019-02-11 00:15:32,674 - INFO - allennlp.training.trainer - cpu_memory_MB |   561.660  |       N/A
2019-02-11 00:15:32,674 - INFO - allennlp.training.trainer - accuracy3     |     1.000  |     1.000
2019-02-11 00:15:32,674 - INFO - allennlp.training.trainer - accuracy      |     0.510  |     0.505
2019-02-11 00:15:32,677 - INFO - allennlp.training.trainer - loss          |     0.683  |     0.674
2019-02-11 00:15:32,681 - INFO - allennlp.training.trainer - Best validation performance so far. Copying weights to './model_params/best.th'.
2019-02-11 00:15:32,682 - INFO - allennlp.training.trainer - Epoch duration: 00:00:00
2019-02-11 00:15:32,682 - INFO - allennlp.training.trainer - Estimated training time remaining: 0:00:06
2019-02-11 00:15:32,683 - INFO - allennlp.training.trainer - Epoch 2/39
2019-02-11 00:15:32,683 - INFO - allennlp.training.trainer - Peak CPU memory usage MB: 561.692
2019-02-11 00:15:32,717 - INFO - allennlp.training.trainer - Training
2019-02-11 00:15:32,788 - INFO - allennlp.training.trainer - Validating
2019-02-11 00:15:32,828 - INFO - allennlp.training.trainer -                   Training |  Validation
2019-02-11 00:15:32,836 - INFO - allennlp.training.trainer - cpu_memory_MB |   561.692  |       N/A
2019-02-11 00:15:32,838 - INFO - allennlp.training.trainer - accuracy3     |     1.000  |     1.000
2019-02-11 00:15:32,838 - INFO - allennlp.training.trainer - accuracy      |     0.545  |     0.573
2019-02-11 00:15:32,838 - INFO - allennlp.training.trainer - loss          |     0.678  |     0.669
2019-02-11 00:15:32,840 - INFO - allennlp.training.trainer - Best validation performance so far. Copying weights to './model_params/best.th'.
2019-02-11 00:15:32,841 - INFO - allennlp.training.trainer - Epoch duration: 00:00:00
2019-02-11 00:15:32,841 - INFO - allennlp.training.trainer - Estimated training time remaining: 0:00:06
2019-02-11 00:15:32,841 - INFO - allennlp.training.trainer - Epoch 3/39
2019-02-11 00:15:32,841 - INFO - allennlp.training.trainer - Peak CPU memory usage MB: 561.716
2019-02-11 00:15:32,872 - INFO - allennlp.training.trainer - Training
2019-02-11 00:15:32,949 - INFO - allennlp.training.trainer - Validating
2019-02-11 00:15:32,974 - INFO - allennlp.training.trainer -                   Training |  Validation
2019-02-11 00:15:32,975 - INFO - allennlp.training.trainer - cpu_memory_MB |   561.716  |       N/A
2019-02-11 00:15:32,976 - INFO - allennlp.training.trainer - accuracy3     |     1.000  |     1.000
2019-02-11 00:15:32,976 - INFO - allennlp.training.trainer - accuracy      |     0.547  |     0.587
2019-02-11 00:15:32,976 - INFO - allennlp.training.trainer - loss          |     0.673  |     0.664
2019-02-11 00:15:32,977 - INFO - allennlp.training.trainer - Best validation performance so far. Copying weights to './model_params/best.th'.
2019-02-11 00:15:32,978 - INFO - allennlp.training.trainer - Epoch duration: 00:00:00
2019-02-11 00:15:32,978 - INFO - allennlp.training.trainer - Estimated training time remaining: 0:00:05
2019-02-11 00:15:32,978 - INFO - allennlp.training.trainer - Epoch 4/39
2019-02-11 00:15:32,979 - INFO - allennlp.training.trainer - Peak CPU memory usage MB: 561.748
2019-02-11 00:15:33,008 - INFO - allennlp.training.trainer - Training
2019-02-11 00:15:33,103 - INFO - allennlp.training.trainer - Validating
2019-02-11 00:15:33,130 - INFO - allennlp.training.trainer -                   Training |  Validation
2019-02-11 00:15:33,130 - INFO - allennlp.training.trainer - cpu_memory_MB |   561.748  |       N/A
2019-02-11 00:15:33,130 - INFO - allennlp.training.trainer - accuracy3     |     1.000  |     1.000
2019-02-11 00:15:33,130 - INFO - allennlp.training.trainer - accuracy      |     0.571  |     0.613
2019-02-11 00:15:33,131 - INFO - allennlp.training.trainer - loss          |     0.668  |     0.659
2019-02-11 00:15:33,132 - INFO - allennlp.training.trainer - Best validation performance so far. Copying weights to './model_params/best.th'.
2019-02-11 00:15:33,132 - INFO - allennlp.training.trainer - Epoch duration: 00:00:00
2019-02-11 00:15:33,132 - INFO - allennlp.training.trainer - Estimated training time remaining: 0:00:05
2019-02-11 00:15:33,132 - INFO - allennlp.training.trainer - Epoch 5/39
2019-02-11 00:15:33,132 - INFO - allennlp.training.trainer - Peak CPU memory usage MB: 561.752
2019-02-11 00:15:33,158 - INFO - allennlp.training.trainer - Training
2019-02-11 00:15:33,234 - INFO - allennlp.training.trainer - Validating
2019-02-11 00:15:33,256 - INFO - allennlp.training.trainer -                   Training |  Validation
2019-02-11 00:15:33,257 - INFO - allennlp.training.trainer - cpu_memory_MB |   561.752  |       N/A
2019-02-11 00:15:33,257 - INFO - allennlp.training.trainer - accuracy3     |     1.000  |     1.000
2019-02-11 00:15:33,257 - INFO - allennlp.training.trainer - accuracy      |     0.575  |     0.561
2019-02-11 00:15:33,258 - INFO - allennlp.training.trainer - loss          |     0.666  |     0.655
2019-02-11 00:15:33,259 - INFO - allennlp.training.trainer - Best validation performance so far. Copying weights to './model_params/best.th'.
2019-02-11 00:15:33,259 - INFO - allennlp.training.trainer - Epoch duration: 00:00:00
2019-02-11 00:15:33,260 - INFO - allennlp.training.trainer - Estimated training time remaining: 0:00:05
2019-02-11 00:15:33,260 - INFO - allennlp.training.trainer - Epoch 6/39
2019-02-11 00:15:33,260 - INFO - allennlp.training.trainer - Peak CPU memory usage MB: 561.752
2019-02-11 00:15:33,284 - INFO - allennlp.training.trainer - Training
2019-02-11 00:15:33,365 - INFO - allennlp.training.trainer - Validating
2019-02-11 00:15:33,388 - INFO - allennlp.training.trainer -                   Training |  Validation
2019-02-11 00:15:33,389 - INFO - allennlp.training.trainer - cpu_memory_MB |   561.752  |       N/A
2019-02-11 00:15:33,389 - INFO - allennlp.training.trainer - accuracy3     |     1.000  |     1.000
2019-02-11 00:15:33,389 - INFO - allennlp.training.trainer - accuracy      |     0.523  |     0.578
2019-02-11 00:15:33,389 - INFO - allennlp.training.trainer - loss          |     0.663  |     0.651
2019-02-11 00:15:33,394 - INFO - allennlp.training.trainer - Best validation performance so far. Copying weights to './model_params/best.th'.
2019-02-11 00:15:33,394 - INFO - allennlp.training.trainer - Epoch duration: 00:00:00
2019-02-11 00:15:33,395 - INFO - allennlp.training.trainer - Estimated training time remaining: 0:00:04
2019-02-11 00:15:33,395 - INFO - allennlp.training.trainer - Epoch 7/39
2019-02-11 00:15:33,397 - INFO - allennlp.training.trainer - Peak CPU memory usage MB: 561.756
2019-02-11 00:15:33,439 - INFO - allennlp.training.trainer - Training
2019-02-11 00:15:33,486 - INFO - allennlp.training.trainer - Validating
2019-02-11 00:15:33,509 - INFO - allennlp.training.trainer -                   Training |  Validation
2019-02-11 00:15:33,519 - INFO - allennlp.training.trainer - cpu_memory_MB |   561.756  |       N/A
2019-02-11 00:15:33,521 - INFO - allennlp.training.trainer - accuracy3     |     1.000  |     1.000
2019-02-11 00:15:33,524 - INFO - allennlp.training.trainer - accuracy      |     0.524  |     0.553
2019-02-11 00:15:33,524 - INFO - allennlp.training.trainer - loss          |     0.660  |     0.647
2019-02-11 00:15:33,527 - INFO - allennlp.training.trainer - Best validation performance so far. Copying weights to './model_params/best.th'.
2019-02-11 00:15:33,527 - INFO - allennlp.training.trainer - Epoch duration: 00:00:00
2019-02-11 00:15:33,528 - INFO - allennlp.training.trainer - Estimated training time remaining: 0:00:04
2019-02-11 00:15:33,528 - INFO - allennlp.training.trainer - Epoch 8/39
2019-02-11 00:15:33,528 - INFO - allennlp.training.trainer - Peak CPU memory usage MB: 561.764
2019-02-11 00:15:33,549 - INFO - allennlp.training.trainer - Training
2019-02-11 00:15:33,623 - INFO - allennlp.training.trainer - Validating
2019-02-11 00:15:33,645 - INFO - allennlp.training.trainer -                   Training |  Validation
2019-02-11 00:15:33,646 - INFO - allennlp.training.trainer - cpu_memory_MB |   561.764  |       N/A
2019-02-11 00:15:33,646 - INFO - allennlp.training.trainer - accuracy3     |     1.000  |     1.000
2019-02-11 00:15:33,646 - INFO - allennlp.training.trainer - accuracy      |     0.493  |     0.553
2019-02-11 00:15:33,647 - INFO - allennlp.training.trainer - loss          |     0.657  |     0.643
2019-02-11 00:15:33,652 - INFO - allennlp.training.trainer - Best validation performance so far. Copying weights to './model_params/best.th'.
2019-02-11 00:15:33,653 - INFO - allennlp.training.trainer - Epoch duration: 00:00:00
2019-02-11 00:15:33,653 - INFO - allennlp.training.trainer - Estimated training time remaining: 0:00:04
2019-02-11 00:15:33,653 - INFO - allennlp.training.trainer - Epoch 9/39
2019-02-11 00:15:33,653 - INFO - allennlp.training.trainer - Peak CPU memory usage MB: 561.784
2019-02-11 00:15:33,676 - INFO - allennlp.training.trainer - Training
2019-02-11 00:15:33,746 - INFO - allennlp.training.trainer - Validating
2019-02-11 00:15:33,767 - INFO - allennlp.training.trainer -                   Training |  Validation
2019-02-11 00:15:33,768 - INFO - allennlp.training.trainer - cpu_memory_MB |   561.784  |       N/A
2019-02-11 00:15:33,768 - INFO - allennlp.training.trainer - accuracy3     |     1.000  |     1.000
2019-02-11 00:15:33,768 - INFO - allennlp.training.trainer - accuracy      |     0.493  |     0.561
2019-02-11 00:15:33,768 - INFO - allennlp.training.trainer - loss          |     0.651  |     0.640
2019-02-11 00:15:33,769 - INFO - allennlp.training.trainer - Best validation performance so far. Copying weights to './model_params/best.th'.
2019-02-11 00:15:33,770 - INFO - allennlp.training.trainer - Epoch duration: 00:00:00
2019-02-11 00:15:33,770 - INFO - allennlp.training.trainer - Estimated training time remaining: 0:00:04
2019-02-11 00:15:33,770 - INFO - allennlp.training.trainer - Epoch 10/39
2019-02-11 00:15:33,770 - INFO - allennlp.training.trainer - Peak CPU memory usage MB: 561.956
2019-02-11 00:15:33,795 - INFO - allennlp.training.trainer - Training
2019-02-11 00:15:33,843 - INFO - allennlp.training.trainer - Validating
2019-02-11 00:15:33,863 - INFO - allennlp.training.trainer -                   Training |  Validation
2019-02-11 00:15:33,864 - INFO - allennlp.training.trainer - cpu_memory_MB |   561.956  |       N/A
2019-02-11 00:15:33,867 - INFO - allennlp.training.trainer - accuracy3     |     1.000  |     1.000
2019-02-11 00:15:33,867 - INFO - allennlp.training.trainer - accuracy      |     0.493  |     0.561
2019-02-11 00:15:33,867 - INFO - allennlp.training.trainer - loss          |     0.646  |     0.637
2019-02-11 00:15:33,869 - INFO - allennlp.training.trainer - Best validation performance so far. Copying weights to './model_params/best.th'.
2019-02-11 00:15:33,874 - INFO - allennlp.training.trainer - Epoch duration: 00:00:00
2019-02-11 00:15:33,874 - INFO - allennlp.training.trainer - Estimated training time remaining: 0:00:04
2019-02-11 00:15:33,875 - INFO - allennlp.training.trainer - Epoch 11/39
2019-02-11 00:15:33,875 - INFO - allennlp.training.trainer - Peak CPU memory usage MB: 561.96
2019-02-11 00:15:33,901 - INFO - allennlp.training.trainer - Training
2019-02-11 00:15:33,989 - INFO - allennlp.training.trainer - Validating
2019-02-11 00:15:34,016 - INFO - allennlp.training.trainer -                   Training |  Validation
2019-02-11 00:15:34,020 - INFO - allennlp.training.trainer - cpu_memory_MB |   561.960  |       N/A
2019-02-11 00:15:34,021 - INFO - allennlp.training.trainer - accuracy3     |     1.000  |     1.000
2019-02-11 00:15:34,021 - INFO - allennlp.training.trainer - accuracy      |     0.551  |     0.635
2019-02-11 00:15:34,021 - INFO - allennlp.training.trainer - loss          |     0.645  |     0.633
2019-02-11 00:15:34,023 - INFO - allennlp.training.trainer - Best validation performance so far. Copying weights to './model_params/best.th'.
2019-02-11 00:15:34,023 - INFO - allennlp.training.trainer - Epoch duration: 00:00:00
2019-02-11 00:15:34,024 - INFO - allennlp.training.trainer - Estimated training time remaining: 0:00:03
2019-02-11 00:15:34,024 - INFO - allennlp.training.trainer - Epoch 12/39
2019-02-11 00:15:34,024 - INFO - allennlp.training.trainer - Peak CPU memory usage MB: 561.96
2019-02-11 00:15:34,066 - INFO - allennlp.training.trainer - Training
2019-02-11 00:15:34,130 - INFO - allennlp.training.trainer - Validating
2019-02-11 00:15:34,152 - INFO - allennlp.training.trainer -                   Training |  Validation
2019-02-11 00:15:34,154 - INFO - allennlp.training.trainer - cpu_memory_MB |   561.960  |       N/A
2019-02-11 00:15:34,154 - INFO - allennlp.training.trainer - accuracy3     |     1.000  |     1.000
2019-02-11 00:15:34,154 - INFO - allennlp.training.trainer - accuracy      |     0.615  |     0.628
2019-02-11 00:15:34,154 - INFO - allennlp.training.trainer - loss          |     0.642  |     0.630
2019-02-11 00:15:34,155 - INFO - allennlp.training.trainer - Best validation performance so far. Copying weights to './model_params/best.th'.
2019-02-11 00:15:34,156 - INFO - allennlp.training.trainer - Epoch duration: 00:00:00
2019-02-11 00:15:34,156 - INFO - allennlp.training.trainer - Estimated training time remaining: 0:00:03
2019-02-11 00:15:34,156 - INFO - allennlp.training.trainer - Epoch 13/39
2019-02-11 00:15:34,156 - INFO - allennlp.training.trainer - Peak CPU memory usage MB: 561.964
2019-02-11 00:15:34,203 - INFO - allennlp.training.trainer - Training
2019-02-11 00:15:34,276 - INFO - allennlp.training.trainer - Validating
2019-02-11 00:15:34,355 - INFO - allennlp.training.trainer -                   Training |  Validation
2019-02-11 00:15:34,356 - INFO - allennlp.training.trainer - cpu_memory_MB |   561.964  |       N/A
2019-02-11 00:15:34,356 - INFO - allennlp.training.trainer - accuracy3     |     1.000  |     1.000
2019-02-11 00:15:34,356 - INFO - allennlp.training.trainer - accuracy      |     0.619  |     0.627
2019-02-11 00:15:34,357 - INFO - allennlp.training.trainer - loss          |     0.638  |     0.627
2019-02-11 00:15:34,359 - INFO - allennlp.training.trainer - Best validation performance so far. Copying weights to './model_params/best.th'.
2019-02-11 00:15:34,360 - INFO - allennlp.training.trainer - Epoch duration: 00:00:00
2019-02-11 00:15:34,360 - INFO - allennlp.training.trainer - Estimated training time remaining: 0:00:03
2019-02-11 00:15:34,360 - INFO - allennlp.training.trainer - Epoch 14/39
2019-02-11 00:15:34,361 - INFO - allennlp.training.trainer - Peak CPU memory usage MB: 561.964
2019-02-11 00:15:34,397 - INFO - allennlp.training.trainer - Training
2019-02-11 00:15:34,467 - INFO - allennlp.training.trainer - Validating
2019-02-11 00:15:34,489 - INFO - allennlp.training.trainer -                   Training |  Validation
2019-02-11 00:15:34,490 - INFO - allennlp.training.trainer - cpu_memory_MB |   561.964  |       N/A
2019-02-11 00:15:34,490 - INFO - allennlp.training.trainer - accuracy3     |     1.000  |     1.000
2019-02-11 00:15:34,490 - INFO - allennlp.training.trainer - accuracy      |     0.623  |     0.627
2019-02-11 00:15:34,491 - INFO - allennlp.training.trainer - loss          |     0.633  |     0.624
2019-02-11 00:15:34,492 - INFO - allennlp.training.trainer - Best validation performance so far. Copying weights to './model_params/best.th'.
2019-02-11 00:15:34,492 - INFO - allennlp.training.trainer - Epoch duration: 00:00:00
2019-02-11 00:15:34,493 - INFO - allennlp.training.trainer - Estimated training time remaining: 0:00:03
2019-02-11 00:15:34,496 - INFO - allennlp.training.trainer - Epoch 15/39
2019-02-11 00:15:34,496 - INFO - allennlp.training.trainer - Peak CPU memory usage MB: 561.964
2019-02-11 00:15:34,519 - INFO - allennlp.training.trainer - Training
2019-02-11 00:15:34,595 - INFO - allennlp.training.trainer - Validating
2019-02-11 00:15:34,623 - INFO - allennlp.training.trainer -                   Training |  Validation
2019-02-11 00:15:34,624 - INFO - allennlp.training.trainer - cpu_memory_MB |   561.964  |       N/A
2019-02-11 00:15:34,624 - INFO - allennlp.training.trainer - accuracy3     |     1.000  |     1.000
2019-02-11 00:15:34,625 - INFO - allennlp.training.trainer - accuracy      |     0.623  |     0.627
2019-02-11 00:15:34,625 - INFO - allennlp.training.trainer - loss          |     0.632  |     0.621
2019-02-11 00:15:34,630 - INFO - allennlp.training.trainer - Best validation performance so far. Copying weights to './model_params/best.th'.
2019-02-11 00:15:34,631 - INFO - allennlp.training.trainer - Epoch duration: 00:00:00
2019-02-11 00:15:34,631 - INFO - allennlp.training.trainer - Estimated training time remaining: 0:00:03
2019-02-11 00:15:34,632 - INFO - allennlp.training.trainer - Epoch 16/39
2019-02-11 00:15:34,632 - INFO - allennlp.training.trainer - Peak CPU memory usage MB: 561.992
2019-02-11 00:15:34,667 - INFO - allennlp.training.trainer - Training
2019-02-11 00:15:34,730 - INFO - allennlp.training.trainer - Validating
2019-02-11 00:15:34,754 - INFO - allennlp.training.trainer -                   Training |  Validation
2019-02-11 00:15:34,755 - INFO - allennlp.training.trainer - cpu_memory_MB |   561.992  |       N/A
2019-02-11 00:15:34,757 - INFO - allennlp.training.trainer - accuracy3     |     1.000  |     1.000
2019-02-11 00:15:34,758 - INFO - allennlp.training.trainer - accuracy      |     0.623  |     0.628
2019-02-11 00:15:34,758 - INFO - allennlp.training.trainer - loss          |     0.625  |     0.618
2019-02-11 00:15:34,760 - INFO - allennlp.training.trainer - Best validation performance so far. Copying weights to './model_params/best.th'.
2019-02-11 00:15:34,760 - INFO - allennlp.training.trainer - Epoch duration: 00:00:00
2019-02-11 00:15:34,760 - INFO - allennlp.training.trainer - Estimated training time remaining: 0:00:03
2019-02-11 00:15:34,761 - INFO - allennlp.training.trainer - Epoch 17/39
2019-02-11 00:15:34,761 - INFO - allennlp.training.trainer - Peak CPU memory usage MB: 561.996
2019-02-11 00:15:34,783 - INFO - allennlp.training.trainer - Training
2019-02-11 00:15:34,853 - INFO - allennlp.training.trainer - Validating
2019-02-11 00:15:34,873 - INFO - allennlp.training.trainer -                   Training |  Validation
2019-02-11 00:15:34,874 - INFO - allennlp.training.trainer - cpu_memory_MB |   561.996  |       N/A
2019-02-11 00:15:34,874 - INFO - allennlp.training.trainer - accuracy3     |     1.000  |     1.000
2019-02-11 00:15:34,874 - INFO - allennlp.training.trainer - accuracy      |     0.647  |     0.653
2019-02-11 00:15:34,874 - INFO - allennlp.training.trainer - loss          |     0.619  |     0.615
2019-02-11 00:15:34,876 - INFO - allennlp.training.trainer - Best validation performance so far. Copying weights to './model_params/best.th'.
2019-02-11 00:15:34,877 - INFO - allennlp.training.trainer - Epoch duration: 00:00:00
2019-02-11 00:15:34,877 - INFO - allennlp.training.trainer - Estimated training time remaining: 0:00:03
2019-02-11 00:15:34,877 - INFO - allennlp.training.trainer - Epoch 18/39
2019-02-11 00:15:34,877 - INFO - allennlp.training.trainer - Peak CPU memory usage MB: 561.996
2019-02-11 00:15:34,908 - INFO - allennlp.training.trainer - Training
2019-02-11 00:15:34,976 - INFO - allennlp.training.trainer - Validating
2019-02-11 00:15:35,000 - INFO - allennlp.training.trainer -                   Training |  Validation
2019-02-11 00:15:35,001 - INFO - allennlp.training.trainer - cpu_memory_MB |   561.996  |       N/A
2019-02-11 00:15:35,001 - INFO - allennlp.training.trainer - accuracy3     |     1.000  |     1.000
2019-02-11 00:15:35,001 - INFO - allennlp.training.trainer - accuracy      |     0.671  |     0.653
2019-02-11 00:15:35,001 - INFO - allennlp.training.trainer - loss          |     0.617  |     0.612
2019-02-11 00:15:35,006 - INFO - allennlp.training.trainer - Best validation performance so far. Copying weights to './model_params/best.th'.
2019-02-11 00:15:35,006 - INFO - allennlp.training.trainer - Epoch duration: 00:00:00
2019-02-11 00:15:35,007 - INFO - allennlp.training.trainer - Estimated training time remaining: 0:00:02
2019-02-11 00:15:35,007 - INFO - allennlp.training.trainer - Epoch 19/39
2019-02-11 00:15:35,007 - INFO - allennlp.training.trainer - Peak CPU memory usage MB: 561.996
2019-02-11 00:15:35,037 - INFO - allennlp.training.trainer - Training
2019-02-11 00:15:35,107 - INFO - allennlp.training.trainer - Validating
2019-02-11 00:15:35,131 - INFO - allennlp.training.trainer -                   Training |  Validation
2019-02-11 00:15:35,134 - INFO - allennlp.training.trainer - cpu_memory_MB |   561.996  |       N/A
2019-02-11 00:15:35,134 - INFO - allennlp.training.trainer - accuracy3     |     1.000  |     1.000
2019-02-11 00:15:35,134 - INFO - allennlp.training.trainer - accuracy      |     0.671  |     0.653
2019-02-11 00:15:35,134 - INFO - allennlp.training.trainer - loss          |     0.614  |     0.609
2019-02-11 00:15:35,135 - INFO - allennlp.training.trainer - Best validation performance so far. Copying weights to './model_params/best.th'.
2019-02-11 00:15:35,136 - INFO - allennlp.training.trainer - Epoch duration: 00:00:00
2019-02-11 00:15:35,136 - INFO - allennlp.training.trainer - Estimated training time remaining: 0:00:02
2019-02-11 00:15:35,136 - INFO - allennlp.training.trainer - Epoch 20/39
2019-02-11 00:15:35,136 - INFO - allennlp.training.trainer - Peak CPU memory usage MB: 561.996
2019-02-11 00:15:35,161 - INFO - allennlp.training.trainer - Training
2019-02-11 00:15:35,227 - INFO - allennlp.training.trainer - Validating
2019-02-11 00:15:35,249 - INFO - allennlp.training.trainer -                   Training |  Validation
2019-02-11 00:15:35,250 - INFO - allennlp.training.trainer - cpu_memory_MB |   561.996  |       N/A
2019-02-11 00:15:35,250 - INFO - allennlp.training.trainer - accuracy3     |     1.000  |     1.000
2019-02-11 00:15:35,250 - INFO - allennlp.training.trainer - accuracy      |     0.685  |     0.678
2019-02-11 00:15:35,250 - INFO - allennlp.training.trainer - loss          |     0.607  |     0.606
2019-02-11 00:15:35,252 - INFO - allennlp.training.trainer - Best validation performance so far. Copying weights to './model_params/best.th'.
2019-02-11 00:15:35,252 - INFO - allennlp.training.trainer - Epoch duration: 00:00:00
2019-02-11 00:15:35,252 - INFO - allennlp.training.trainer - Estimated training time remaining: 0:00:02
2019-02-11 00:15:35,252 - INFO - allennlp.training.trainer - Epoch 21/39
2019-02-11 00:15:35,252 - INFO - allennlp.training.trainer - Peak CPU memory usage MB: 561.996
2019-02-11 00:15:35,275 - INFO - allennlp.training.trainer - Training
2019-02-11 00:15:35,342 - INFO - allennlp.training.trainer - Validating
2019-02-11 00:15:35,365 - INFO - allennlp.training.trainer -                   Training |  Validation
2019-02-11 00:15:35,371 - INFO - allennlp.training.trainer - cpu_memory_MB |   561.996  |       N/A
2019-02-11 00:15:35,372 - INFO - allennlp.training.trainer - accuracy3     |     1.000  |     1.000
2019-02-11 00:15:35,372 - INFO - allennlp.training.trainer - accuracy      |     0.701  |     0.678
2019-02-11 00:15:35,372 - INFO - allennlp.training.trainer - loss          |     0.606  |     0.602
2019-02-11 00:15:35,374 - INFO - allennlp.training.trainer - Best validation performance so far. Copying weights to './model_params/best.th'.
2019-02-11 00:15:35,374 - INFO - allennlp.training.trainer - Epoch duration: 00:00:00
2019-02-11 00:15:35,374 - INFO - allennlp.training.trainer - Estimated training time remaining: 0:00:02
2019-02-11 00:15:35,374 - INFO - allennlp.training.trainer - Epoch 22/39
2019-02-11 00:15:35,374 - INFO - allennlp.training.trainer - Peak CPU memory usage MB: 562.052
2019-02-11 00:15:35,413 - INFO - allennlp.training.trainer - Training
2019-02-11 00:15:35,495 - INFO - allennlp.training.trainer - Validating
2019-02-11 00:15:35,524 - INFO - allennlp.training.trainer -                   Training |  Validation
2019-02-11 00:15:35,525 - INFO - allennlp.training.trainer - cpu_memory_MB |   562.052  |       N/A
2019-02-11 00:15:35,525 - INFO - allennlp.training.trainer - accuracy3     |     1.000  |     1.000
2019-02-11 00:15:35,525 - INFO - allennlp.training.trainer - accuracy      |     0.706  |     0.678
2019-02-11 00:15:35,525 - INFO - allennlp.training.trainer - loss          |     0.603  |     0.599
2019-02-11 00:15:35,527 - INFO - allennlp.training.trainer - Best validation performance so far. Copying weights to './model_params/best.th'.
2019-02-11 00:15:35,528 - INFO - allennlp.training.trainer - Epoch duration: 00:00:00
2019-02-11 00:15:35,528 - INFO - allennlp.training.trainer - Estimated training time remaining: 0:00:02
2019-02-11 00:15:35,528 - INFO - allennlp.training.trainer - Epoch 23/39
2019-02-11 00:15:35,528 - INFO - allennlp.training.trainer - Peak CPU memory usage MB: 562.052
2019-02-11 00:15:35,551 - INFO - allennlp.training.trainer - Training
2019-02-11 00:15:35,620 - INFO - allennlp.training.trainer - Validating
2019-02-11 00:15:35,645 - INFO - allennlp.training.trainer -                   Training |  Validation
2019-02-11 00:15:35,646 - INFO - allennlp.training.trainer - cpu_memory_MB |   562.052  |       N/A
2019-02-11 00:15:35,646 - INFO - allennlp.training.trainer - accuracy3     |     1.000  |     1.000
2019-02-11 00:15:35,649 - INFO - allennlp.training.trainer - accuracy      |     0.710  |     0.683
2019-02-11 00:15:35,649 - INFO - allennlp.training.trainer - loss          |     0.600  |     0.596
2019-02-11 00:15:35,651 - INFO - allennlp.training.trainer - Best validation performance so far. Copying weights to './model_params/best.th'.
2019-02-11 00:15:35,651 - INFO - allennlp.training.trainer - Epoch duration: 00:00:00
2019-02-11 00:15:35,652 - INFO - allennlp.training.trainer - Estimated training time remaining: 0:00:02
2019-02-11 00:15:35,652 - INFO - allennlp.training.trainer - Epoch 24/39
2019-02-11 00:15:35,652 - INFO - allennlp.training.trainer - Peak CPU memory usage MB: 562.052
2019-02-11 00:15:35,675 - INFO - allennlp.training.trainer - Training
2019-02-11 00:15:35,741 - INFO - allennlp.training.trainer - Validating
2019-02-11 00:15:35,765 - INFO - allennlp.training.trainer -                   Training |  Validation
2019-02-11 00:15:35,766 - INFO - allennlp.training.trainer - cpu_memory_MB |   562.052  |       N/A
2019-02-11 00:15:35,766 - INFO - allennlp.training.trainer - accuracy3     |     1.000  |     1.000
2019-02-11 00:15:35,766 - INFO - allennlp.training.trainer - accuracy      |     0.730  |     0.683
2019-02-11 00:15:35,767 - INFO - allennlp.training.trainer - loss          |     0.597  |     0.593
2019-02-11 00:15:35,772 - INFO - allennlp.training.trainer - Best validation performance so far. Copying weights to './model_params/best.th'.
2019-02-11 00:15:35,772 - INFO - allennlp.training.trainer - Epoch duration: 00:00:00
2019-02-11 00:15:35,772 - INFO - allennlp.training.trainer - Estimated training time remaining: 0:00:02
2019-02-11 00:15:35,772 - INFO - allennlp.training.trainer - Epoch 25/39
2019-02-11 00:15:35,773 - INFO - allennlp.training.trainer - Peak CPU memory usage MB: 562.052
2019-02-11 00:15:35,804 - INFO - allennlp.training.trainer - Training
2019-02-11 00:15:35,920 - INFO - allennlp.training.trainer - Validating
2019-02-11 00:15:35,942 - INFO - allennlp.training.trainer -                   Training |  Validation
2019-02-11 00:15:35,943 - INFO - allennlp.training.trainer - cpu_memory_MB |   562.052  |       N/A
2019-02-11 00:15:35,943 - INFO - allennlp.training.trainer - accuracy3     |     1.000  |     1.000
2019-02-11 00:15:35,943 - INFO - allennlp.training.trainer - accuracy      |     0.734  |     0.683
2019-02-11 00:15:35,944 - INFO - allennlp.training.trainer - loss          |     0.591  |     0.590
2019-02-11 00:15:35,946 - INFO - allennlp.training.trainer - Best validation performance so far. Copying weights to './model_params/best.th'.
2019-02-11 00:15:35,946 - INFO - allennlp.training.trainer - Epoch duration: 00:00:00
2019-02-11 00:15:35,946 - INFO - allennlp.training.trainer - Estimated training time remaining: 0:00:01
2019-02-11 00:15:35,946 - INFO - allennlp.training.trainer - Epoch 26/39
2019-02-11 00:15:35,947 - INFO - allennlp.training.trainer - Peak CPU memory usage MB: 562.056
2019-02-11 00:15:35,977 - INFO - allennlp.training.trainer - Training
2019-02-11 00:15:36,058 - INFO - allennlp.training.trainer - Validating
2019-02-11 00:15:36,080 - INFO - allennlp.training.trainer -                   Training |  Validation
2019-02-11 00:15:36,080 - INFO - allennlp.training.trainer - cpu_memory_MB |   562.056  |       N/A
2019-02-11 00:15:36,080 - INFO - allennlp.training.trainer - accuracy3     |     1.000  |     1.000
2019-02-11 00:15:36,081 - INFO - allennlp.training.trainer - accuracy      |     0.734  |     0.683
2019-02-11 00:15:36,081 - INFO - allennlp.training.trainer - loss          |     0.582  |     0.587
2019-02-11 00:15:36,089 - INFO - allennlp.training.trainer - Best validation performance so far. Copying weights to './model_params/best.th'.
2019-02-11 00:15:36,090 - INFO - allennlp.training.trainer - Epoch duration: 00:00:00
2019-02-11 00:15:36,090 - INFO - allennlp.training.trainer - Estimated training time remaining: 0:00:01
2019-02-11 00:15:36,091 - INFO - allennlp.training.trainer - Epoch 27/39
2019-02-11 00:15:36,091 - INFO - allennlp.training.trainer - Peak CPU memory usage MB: 562.056
2019-02-11 00:15:36,124 - INFO - allennlp.training.trainer - Training
2019-02-11 00:15:36,192 - INFO - allennlp.training.trainer - Validating
2019-02-11 00:15:36,217 - INFO - allennlp.training.trainer -                   Training |  Validation
2019-02-11 00:15:36,222 - INFO - allennlp.training.trainer - cpu_memory_MB |   562.056  |       N/A
2019-02-11 00:15:36,223 - INFO - allennlp.training.trainer - accuracy3     |     1.000  |     1.000
2019-02-11 00:15:36,223 - INFO - allennlp.training.trainer - accuracy      |     0.734  |     0.682
2019-02-11 00:15:36,224 - INFO - allennlp.training.trainer - loss          |     0.582  |     0.584
2019-02-11 00:15:36,225 - INFO - allennlp.training.trainer - Best validation performance so far. Copying weights to './model_params/best.th'.
2019-02-11 00:15:36,226 - INFO - allennlp.training.trainer - Epoch duration: 00:00:00
2019-02-11 00:15:36,226 - INFO - allennlp.training.trainer - Estimated training time remaining: 0:00:01
2019-02-11 00:15:36,226 - INFO - allennlp.training.trainer - Epoch 28/39
2019-02-11 00:15:36,226 - INFO - allennlp.training.trainer - Peak CPU memory usage MB: 562.056
2019-02-11 00:15:36,256 - INFO - allennlp.training.trainer - Training
2019-02-11 00:15:36,360 - INFO - allennlp.training.trainer - Validating
2019-02-11 00:15:36,385 - INFO - allennlp.training.trainer -                   Training |  Validation
2019-02-11 00:15:36,386 - INFO - allennlp.training.trainer - cpu_memory_MB |   562.056  |       N/A
2019-02-11 00:15:36,386 - INFO - allennlp.training.trainer - accuracy3     |     1.000  |     1.000
2019-02-11 00:15:36,386 - INFO - allennlp.training.trainer - accuracy      |     0.734  |     0.683
2019-02-11 00:15:36,386 - INFO - allennlp.training.trainer - loss          |     0.574  |     0.581
2019-02-11 00:15:36,388 - INFO - allennlp.training.trainer - Best validation performance so far. Copying weights to './model_params/best.th'.
2019-02-11 00:15:36,389 - INFO - allennlp.training.trainer - Epoch duration: 00:00:00
2019-02-11 00:15:36,390 - INFO - allennlp.training.trainer - Estimated training time remaining: 0:00:01
2019-02-11 00:15:36,390 - INFO - allennlp.training.trainer - Epoch 29/39
2019-02-11 00:15:36,390 - INFO - allennlp.training.trainer - Peak CPU memory usage MB: 562.06
2019-02-11 00:15:36,413 - INFO - allennlp.training.trainer - Training
2019-02-11 00:15:36,491 - INFO - allennlp.training.trainer - Validating
2019-02-11 00:15:36,521 - INFO - allennlp.training.trainer -                   Training |  Validation
2019-02-11 00:15:36,534 - INFO - allennlp.training.trainer - cpu_memory_MB |   562.060  |       N/A
2019-02-11 00:15:36,534 - INFO - allennlp.training.trainer - accuracy3     |     1.000  |     1.000
2019-02-11 00:15:36,534 - INFO - allennlp.training.trainer - accuracy      |     0.734  |     0.683
2019-02-11 00:15:36,537 - INFO - allennlp.training.trainer - loss          |     0.575  |     0.578
2019-02-11 00:15:36,540 - INFO - allennlp.training.trainer - Best validation performance so far. Copying weights to './model_params/best.th'.
2019-02-11 00:15:36,546 - INFO - allennlp.training.trainer - Epoch duration: 00:00:00
2019-02-11 00:15:36,546 - INFO - allennlp.training.trainer - Estimated training time remaining: 0:00:01
2019-02-11 00:15:36,546 - INFO - allennlp.training.trainer - Epoch 30/39
2019-02-11 00:15:36,546 - INFO - allennlp.training.trainer - Peak CPU memory usage MB: 562.06
2019-02-11 00:15:36,575 - INFO - allennlp.training.trainer - Training
2019-02-11 00:15:36,664 - INFO - allennlp.training.trainer - Validating
2019-02-11 00:15:36,688 - INFO - allennlp.training.trainer -                   Training |  Validation
2019-02-11 00:15:36,688 - INFO - allennlp.training.trainer - cpu_memory_MB |   562.060  |       N/A
2019-02-11 00:15:36,689 - INFO - allennlp.training.trainer - accuracy3     |     1.000  |     1.000
2019-02-11 00:15:36,689 - INFO - allennlp.training.trainer - accuracy      |     0.738  |     0.683
2019-02-11 00:15:36,689 - INFO - allennlp.training.trainer - loss          |     0.570  |     0.576
2019-02-11 00:15:36,692 - INFO - allennlp.training.trainer - Best validation performance so far. Copying weights to './model_params/best.th'.
2019-02-11 00:15:36,693 - INFO - allennlp.training.trainer - Epoch duration: 00:00:00
2019-02-11 00:15:36,694 - INFO - allennlp.training.trainer - Estimated training time remaining: 0:00:01
2019-02-11 00:15:36,694 - INFO - allennlp.training.trainer - Epoch 31/39
2019-02-11 00:15:36,694 - INFO - allennlp.training.trainer - Peak CPU memory usage MB: 562.064
2019-02-11 00:15:36,723 - INFO - allennlp.training.trainer - Training
2019-02-11 00:15:36,793 - INFO - allennlp.training.trainer - Validating
2019-02-11 00:15:36,815 - INFO - allennlp.training.trainer -                   Training |  Validation
2019-02-11 00:15:36,816 - INFO - allennlp.training.trainer - cpu_memory_MB |   562.064  |       N/A
2019-02-11 00:15:36,816 - INFO - allennlp.training.trainer - accuracy3     |     1.000  |     1.000
2019-02-11 00:15:36,816 - INFO - allennlp.training.trainer - accuracy      |     0.741  |     0.685
2019-02-11 00:15:36,816 - INFO - allennlp.training.trainer - loss          |     0.565  |     0.573
2019-02-11 00:15:36,818 - INFO - allennlp.training.trainer - Best validation performance so far. Copying weights to './model_params/best.th'.
2019-02-11 00:15:36,819 - INFO - allennlp.training.trainer - Epoch duration: 00:00:00
2019-02-11 00:15:36,819 - INFO - allennlp.training.trainer - Estimated training time remaining: 0:00:01
2019-02-11 00:15:36,819 - INFO - allennlp.training.trainer - Epoch 32/39
2019-02-11 00:15:36,822 - INFO - allennlp.training.trainer - Peak CPU memory usage MB: 562.064
2019-02-11 00:15:36,845 - INFO - allennlp.training.trainer - Training
2019-02-11 00:15:36,911 - INFO - allennlp.training.trainer - Validating
2019-02-11 00:15:36,936 - INFO - allennlp.training.trainer -                   Training |  Validation
2019-02-11 00:15:36,949 - INFO - allennlp.training.trainer - cpu_memory_MB |   562.064  |       N/A
2019-02-11 00:15:36,950 - INFO - allennlp.training.trainer - accuracy3     |     1.000  |     1.000
2019-02-11 00:15:36,950 - INFO - allennlp.training.trainer - accuracy      |     0.742  |     0.701
2019-02-11 00:15:36,950 - INFO - allennlp.training.trainer - loss          |     0.559  |     0.570
2019-02-11 00:15:36,952 - INFO - allennlp.training.trainer - Best validation performance so far. Copying weights to './model_params/best.th'.
2019-02-11 00:15:36,952 - INFO - allennlp.training.trainer - Epoch duration: 00:00:00
2019-02-11 00:15:36,956 - INFO - allennlp.training.trainer - Estimated training time remaining: 0:00:00
2019-02-11 00:15:36,957 - INFO - allennlp.training.trainer - Epoch 33/39
2019-02-11 00:15:36,957 - INFO - allennlp.training.trainer - Peak CPU memory usage MB: 562.064
2019-02-11 00:15:36,977 - INFO - allennlp.training.trainer - Training
2019-02-11 00:15:37,056 - INFO - allennlp.training.trainer - Validating
2019-02-11 00:15:37,077 - INFO - allennlp.training.trainer -                   Training |  Validation
2019-02-11 00:15:37,078 - INFO - allennlp.training.trainer - cpu_memory_MB |   562.064  |       N/A
2019-02-11 00:15:37,082 - INFO - allennlp.training.trainer - accuracy3     |     1.000  |     1.000
2019-02-11 00:15:37,082 - INFO - allennlp.training.trainer - accuracy      |     0.747  |     0.701
2019-02-11 00:15:37,082 - INFO - allennlp.training.trainer - loss          |     0.558  |     0.567
2019-02-11 00:15:37,084 - INFO - allennlp.training.trainer - Best validation performance so far. Copying weights to './model_params/best.th'.
2019-02-11 00:15:37,085 - INFO - allennlp.training.trainer - Epoch duration: 00:00:00
2019-02-11 00:15:37,085 - INFO - allennlp.training.trainer - Estimated training time remaining: 0:00:00
2019-02-11 00:15:37,085 - INFO - allennlp.training.trainer - Epoch 34/39
2019-02-11 00:15:37,085 - INFO - allennlp.training.trainer - Peak CPU memory usage MB: 562.144
2019-02-11 00:15:37,127 - INFO - allennlp.training.trainer - Training
2019-02-11 00:15:37,218 - INFO - allennlp.training.trainer - Validating
2019-02-11 00:15:37,244 - INFO - allennlp.training.trainer -                   Training |  Validation
2019-02-11 00:15:37,245 - INFO - allennlp.training.trainer - cpu_memory_MB |   562.144  |       N/A
2019-02-11 00:15:37,245 - INFO - allennlp.training.trainer - accuracy3     |     1.000  |     1.000
2019-02-11 00:15:37,246 - INFO - allennlp.training.trainer - accuracy      |     0.747  |     0.701
2019-02-11 00:15:37,249 - INFO - allennlp.training.trainer - loss          |     0.552  |     0.564
2019-02-11 00:15:37,252 - INFO - allennlp.training.trainer - Best validation performance so far. Copying weights to './model_params/best.th'.
2019-02-11 00:15:37,253 - INFO - allennlp.training.trainer - Epoch duration: 00:00:00
2019-02-11 00:15:37,253 - INFO - allennlp.training.trainer - Estimated training time remaining: 0:00:00
2019-02-11 00:15:37,253 - INFO - allennlp.training.trainer - Epoch 35/39
2019-02-11 00:15:37,253 - INFO - allennlp.training.trainer - Peak CPU memory usage MB: 562.144
2019-02-11 00:15:37,321 - INFO - allennlp.training.trainer - Training
2019-02-11 00:15:37,406 - INFO - allennlp.training.trainer - Validating
2019-02-11 00:15:37,429 - INFO - allennlp.training.trainer -                   Training |  Validation
2019-02-11 00:15:37,430 - INFO - allennlp.training.trainer - cpu_memory_MB |   562.144  |       N/A
2019-02-11 00:15:37,430 - INFO - allennlp.training.trainer - accuracy3     |     1.000  |     1.000
2019-02-11 00:15:37,430 - INFO - allennlp.training.trainer - accuracy      |     0.751  |     0.699
2019-02-11 00:15:37,430 - INFO - allennlp.training.trainer - loss          |     0.551  |     0.561
2019-02-11 00:15:37,432 - INFO - allennlp.training.trainer - Best validation performance so far. Copying weights to './model_params/best.th'.
2019-02-11 00:15:37,432 - INFO - allennlp.training.trainer - Epoch duration: 00:00:00
2019-02-11 00:15:37,432 - INFO - allennlp.training.trainer - Estimated training time remaining: 0:00:00
2019-02-11 00:15:37,432 - INFO - allennlp.training.trainer - Epoch 36/39
2019-02-11 00:15:37,433 - INFO - allennlp.training.trainer - Peak CPU memory usage MB: 562.144
2019-02-11 00:15:37,472 - INFO - allennlp.training.trainer - Training
2019-02-11 00:15:37,583 - INFO - allennlp.training.trainer - Validating
2019-02-11 00:15:37,607 - INFO - allennlp.training.trainer -                   Training |  Validation
2019-02-11 00:15:37,607 - INFO - allennlp.training.trainer - cpu_memory_MB |   562.144  |       N/A
2019-02-11 00:15:37,608 - INFO - allennlp.training.trainer - accuracy3     |     1.000  |     1.000
2019-02-11 00:15:37,608 - INFO - allennlp.training.trainer - accuracy      |     0.756  |     0.699
2019-02-11 00:15:37,608 - INFO - allennlp.training.trainer - loss          |     0.544  |     0.559
2019-02-11 00:15:37,609 - INFO - allennlp.training.trainer - Best validation performance so far. Copying weights to './model_params/best.th'.
2019-02-11 00:15:37,610 - INFO - allennlp.training.trainer - Epoch duration: 00:00:00
2019-02-11 00:15:37,610 - INFO - allennlp.training.trainer - Estimated training time remaining: 0:00:00
2019-02-11 00:15:37,610 - INFO - allennlp.training.trainer - Epoch 37/39
2019-02-11 00:15:37,610 - INFO - allennlp.training.trainer - Peak CPU memory usage MB: 562.144
2019-02-11 00:15:37,642 - INFO - allennlp.training.trainer - Training
2019-02-11 00:15:37,709 - INFO - allennlp.training.trainer - Validating
2019-02-11 00:15:37,733 - INFO - allennlp.training.trainer -                   Training |  Validation
2019-02-11 00:15:37,737 - INFO - allennlp.training.trainer - cpu_memory_MB |   562.144  |       N/A
2019-02-11 00:15:37,737 - INFO - allennlp.training.trainer - accuracy3     |     1.000  |     1.000
2019-02-11 00:15:37,738 - INFO - allennlp.training.trainer - accuracy      |     0.756  |     0.699
2019-02-11 00:15:37,738 - INFO - allennlp.training.trainer - loss          |     0.543  |     0.556
2019-02-11 00:15:37,746 - INFO - allennlp.training.trainer - Best validation performance so far. Copying weights to './model_params/best.th'.
2019-02-11 00:15:37,756 - INFO - allennlp.training.trainer - Epoch duration: 00:00:00
2019-02-11 00:15:37,758 - INFO - allennlp.training.trainer - Estimated training time remaining: 0:00:00
2019-02-11 00:15:37,758 - INFO - allennlp.training.trainer - Epoch 38/39
2019-02-11 00:15:37,758 - INFO - allennlp.training.trainer - Peak CPU memory usage MB: 562.144
2019-02-11 00:15:37,801 - INFO - allennlp.training.trainer - Training
2019-02-11 00:15:37,894 - INFO - allennlp.training.trainer - Validating
2019-02-11 00:15:37,918 - INFO - allennlp.training.trainer -                   Training |  Validation
2019-02-11 00:15:37,929 - INFO - allennlp.training.trainer - cpu_memory_MB |   562.144  |       N/A
2019-02-11 00:15:37,929 - INFO - allennlp.training.trainer - accuracy3     |     1.000  |     1.000
2019-02-11 00:15:37,929 - INFO - allennlp.training.trainer - accuracy      |     0.756  |     0.699
2019-02-11 00:15:37,929 - INFO - allennlp.training.trainer - loss          |     0.536  |     0.554
2019-02-11 00:15:37,931 - INFO - allennlp.training.trainer - Best validation performance so far. Copying weights to './model_params/best.th'.
2019-02-11 00:15:37,931 - INFO - allennlp.training.trainer - Epoch duration: 00:00:00
2019-02-11 00:15:37,931 - INFO - allennlp.training.trainer - Estimated training time remaining: 0:00:00
2019-02-11 00:15:37,931 - INFO - allennlp.training.trainer - Epoch 39/39
2019-02-11 00:15:37,931 - INFO - allennlp.training.trainer - Peak CPU memory usage MB: 562.144
2019-02-11 00:15:37,962 - INFO - allennlp.training.trainer - Training
2019-02-11 00:15:38,010 - INFO - allennlp.training.trainer - Validating
2019-02-11 00:15:38,030 - INFO - allennlp.training.trainer -                   Training |  Validation
2019-02-11 00:15:38,030 - INFO - allennlp.training.trainer - cpu_memory_MB |   562.144  |       N/A
2019-02-11 00:15:38,031 - INFO - allennlp.training.trainer - accuracy3     |     1.000  |     1.000
2019-02-11 00:15:38,031 - INFO - allennlp.training.trainer - accuracy      |     0.761  |     0.704
2019-02-11 00:15:38,031 - INFO - allennlp.training.trainer - loss          |     0.533  |     0.552
2019-02-11 00:15:38,033 - INFO - allennlp.training.trainer - Best validation performance so far. Copying weights to './model_params/best.th'.
2019-02-11 00:15:38,033 - INFO - allennlp.training.trainer - Epoch duration: 00:00:00
2019-02-11 00:15:38,033 - INFO - allennlp.models.archival - archiving weights and vocabulary to ./model_params/model.tar.gz
2019-02-11 00:15:38,037 - INFO - allennlp.commands.train - Loading the best epoch weights.
2019-02-11 00:15:38,039 - INFO - allennlp.common.util - Metrics: {
  "peak_cpu_memory_MB": 562.144,
  "training_duration": "00:00:05",
  "training_start_epoch": 0,
  "training_epochs": 39,
  "epoch": 39,
  "training_accuracy": 0.7607214428857716,
  "training_accuracy3": 1.0,
  "training_loss": 0.5325472156206766,
  "training_cpu_memory_MB": 562.144,
  "validation_accuracy": 0.7039919490103992,
  "validation_accuracy3": 1.0,
  "validation_loss": 0.5518954992294312,
  "best_epoch": 39,
  "best_validation_accuracy": 0.7039919490103992,
  "best_validation_accuracy3": 1.0,
  "best_validation_loss": 0.5518954992294312
}
Token batch process time:
0.30280280113220215
Token batch process time:
0.25983309745788574
