2019-02-12 07:17:30,618 - INFO - allennlp.common.from_params - instantiating class <class 'allennlp.data.dataset_readers.dataset_reader.DatasetReader'> from params {'mytokenizer': {'type': 'word', 'word_splitter': {'ner': True, 'parse': True, 'pos_tags': True, 'type': 'whitespacy'}}, 'token_indexers': {'dependency_label': {'namespace': 'dependencies', 'type': 'dependency_label'}, 'ner_tag': {'namespace': 'ner', 'type': 'ner_tag'}, 'pos_tag': {'coarse_tags': True, 'namespace': 'pos', 'type': 'pos_tag'}}, 'type': 'sequence_tagging2', 'word_tag_delimiter': '//'} and extras {}
2019-02-12 07:17:30,618 - INFO - allennlp.common.params - dataset_reader.type = sequence_tagging2
2019-02-12 07:17:30,618 - INFO - allennlp.common.from_params - instantiating class <class 'myallennlp.dataset_readers.sequence_tagging2.SequenceTaggingDatasetReader'> from params {'mytokenizer': {'type': 'word', 'word_splitter': {'ner': True, 'parse': True, 'pos_tags': True, 'type': 'whitespacy'}}, 'token_indexers': {'dependency_label': {'namespace': 'dependencies', 'type': 'dependency_label'}, 'ner_tag': {'namespace': 'ner', 'type': 'ner_tag'}, 'pos_tag': {'coarse_tags': True, 'namespace': 'pos', 'type': 'pos_tag'}}, 'word_tag_delimiter': '//'} and extras {}
2019-02-12 07:17:30,618 - INFO - allennlp.common.params - dataset_reader.word_tag_delimiter = //
2019-02-12 07:17:30,619 - INFO - allennlp.common.params - dataset_reader.token_delimiter = None
2019-02-12 07:17:30,619 - INFO - allennlp.common.from_params - instantiating class allennlp.data.token_indexers.token_indexer.TokenIndexer from params {'namespace': 'dependencies', 'type': 'dependency_label'} and extras {}
2019-02-12 07:17:30,619 - INFO - allennlp.common.params - dataset_reader.token_indexers.dependency_label.type = dependency_label
2019-02-12 07:17:30,619 - INFO - allennlp.common.from_params - instantiating class allennlp.data.token_indexers.dep_label_indexer.DepLabelIndexer from params {'namespace': 'dependencies'} and extras {}
2019-02-12 07:17:30,619 - INFO - allennlp.common.params - dataset_reader.token_indexers.dependency_label.namespace = dependencies
2019-02-12 07:17:30,619 - INFO - allennlp.common.from_params - instantiating class allennlp.data.token_indexers.token_indexer.TokenIndexer from params {'namespace': 'ner', 'type': 'ner_tag'} and extras {}
2019-02-12 07:17:30,619 - INFO - allennlp.common.params - dataset_reader.token_indexers.ner_tag.type = ner_tag
2019-02-12 07:17:30,620 - INFO - allennlp.common.from_params - instantiating class allennlp.data.token_indexers.ner_tag_indexer.NerTagIndexer from params {'namespace': 'ner'} and extras {}
2019-02-12 07:17:30,620 - INFO - allennlp.common.params - dataset_reader.token_indexers.ner_tag.namespace = ner
2019-02-12 07:17:30,620 - INFO - allennlp.common.from_params - instantiating class allennlp.data.token_indexers.token_indexer.TokenIndexer from params {'coarse_tags': True, 'namespace': 'pos', 'type': 'pos_tag'} and extras {}
2019-02-12 07:17:30,620 - INFO - allennlp.common.params - dataset_reader.token_indexers.pos_tag.type = pos_tag
2019-02-12 07:17:30,620 - INFO - allennlp.common.from_params - instantiating class allennlp.data.token_indexers.pos_tag_indexer.PosTagIndexer from params {'coarse_tags': True, 'namespace': 'pos'} and extras {}
2019-02-12 07:17:30,621 - INFO - allennlp.common.params - dataset_reader.token_indexers.pos_tag.namespace = pos
2019-02-12 07:17:30,621 - INFO - allennlp.common.params - dataset_reader.token_indexers.pos_tag.coarse_tags = True
2019-02-12 07:17:30,621 - INFO - allennlp.common.params - dataset_reader.lazy = False
2019-02-12 07:17:30,621 - INFO - allennlp.common.from_params - instantiating class <class 'allennlp.data.tokenizers.tokenizer.Tokenizer'> from params {'type': 'word', 'word_splitter': {'ner': True, 'parse': True, 'pos_tags': True, 'type': 'whitespacy'}} and extras {}
2019-02-12 07:17:30,621 - INFO - allennlp.common.params - dataset_reader.mytokenizer.type = word
2019-02-12 07:17:30,621 - INFO - allennlp.common.from_params - instantiating class <class 'allennlp.data.tokenizers.word_tokenizer.WordTokenizer'> from params {'word_splitter': {'ner': True, 'parse': True, 'pos_tags': True, 'type': 'whitespacy'}} and extras {}
2019-02-12 07:17:30,622 - INFO - allennlp.common.from_params - instantiating class <class 'allennlp.data.tokenizers.word_splitter.WordSplitter'> from params {'ner': True, 'parse': True, 'pos_tags': True, 'type': 'whitespacy'} and extras {}
2019-02-12 07:17:30,622 - INFO - allennlp.common.params - dataset_reader.mytokenizer.word_splitter.type = whitespacy
2019-02-12 07:17:30,622 - INFO - allennlp.common.from_params - instantiating class <class 'myallennlp.data.tokenizers.word_splitter.SpacyWordSplitter'> from params {'ner': True, 'parse': True, 'pos_tags': True} and extras {}
2019-02-12 07:17:30,622 - INFO - allennlp.common.params - dataset_reader.mytokenizer.word_splitter.language = en_core_web_sm
2019-02-12 07:17:30,622 - INFO - allennlp.common.params - dataset_reader.mytokenizer.word_splitter.pos_tags = True
2019-02-12 07:17:30,623 - INFO - allennlp.common.params - dataset_reader.mytokenizer.word_splitter.parse = True
2019-02-12 07:17:30,623 - INFO - allennlp.common.params - dataset_reader.mytokenizer.word_splitter.ner = True
2019-02-12 07:17:31,158 - INFO - allennlp.common.params - dataset_reader.mytokenizer.start_tokens = None
2019-02-12 07:17:31,159 - INFO - allennlp.common.params - dataset_reader.mytokenizer.end_tokens = None
2019-02-12 07:17:31,159 - INFO - allennlp.common.params - dataset_reader.use_spacy_directly = False
2019-02-12 07:17:31,159 - INFO - allennlp.common.params - validation_dataset_reader = None
2019-02-12 07:17:31,159 - INFO - allennlp.common.params - train_data_path = ../data/allenTrain.txt
2019-02-12 07:17:31,159 - INFO - allennlp.commands.train - Reading training data from ../data/allenTrain.txt
2019-02-12 07:17:31,160 - INFO - myallennlp.dataset_readers.sequence_tagging2 - Reading instances from lines in file at: ../data/allenTrain.txt
2019-02-12 07:30:38,972 - INFO - allennlp.common.params - validation_data_path = ../data/allenDev.txt
2019-02-12 07:30:38,972 - INFO - allennlp.commands.train - Reading validation data from ../data/allenDev.txt
2019-02-12 07:30:38,972 - INFO - myallennlp.dataset_readers.sequence_tagging2 - Reading instances from lines in file at: ../data/allenDev.txt
2019-02-12 07:31:06,167 - INFO - allennlp.common.params - test_data_path = None
2019-02-12 07:31:06,167 - INFO - allennlp.commands.train - From dataset instances, validation, train will be considered for vocabulary creation.
2019-02-12 07:31:06,167 - INFO - allennlp.common.params - vocabulary.type = None
2019-02-12 07:31:06,167 - INFO - allennlp.common.params - vocabulary.extend = False
2019-02-12 07:31:06,167 - INFO - allennlp.common.params - vocabulary.directory_path = None
2019-02-12 07:31:06,167 - INFO - allennlp.common.params - vocabulary.min_count = None
2019-02-12 07:31:06,168 - INFO - allennlp.common.params - vocabulary.max_vocab_size = None
2019-02-12 07:31:06,168 - INFO - allennlp.common.params - vocabulary.non_padded_namespaces = ('*tags', '*labels')
2019-02-12 07:31:06,168 - INFO - allennlp.common.params - vocabulary.min_pretrained_embeddings = None
2019-02-12 07:31:06,168 - INFO - allennlp.common.params - vocabulary.only_include_pretrained_words = False
2019-02-12 07:31:06,168 - INFO - allennlp.common.params - vocabulary.tokens_to_add = None
2019-02-12 07:31:06,168 - INFO - allennlp.data.vocabulary - Fitting token dictionary from dataset.
2019-02-12 07:31:11,325 - INFO - allennlp.common.from_params - instantiating class <class 'allennlp.models.model.Model'> from params {'Ntags0': 95, 'Ntags1': 5, 'do_crossentropy_weighting': True, 'encoder': {'bidirectional': True, 'dropout': 0.5, 'hidden_size': 54, 'input_size': 54, 'num_layers': 2, 'type': 'rnn'}, 'text_field_embedder': {'token_embedders': {'dependency_label': {'embedding_dim': 20, 'type': 'embedding', 'vocab_namespace': 'dependencies'}, 'ner_tag': {'embedding_dim': 19, 'type': 'embedding', 'vocab_namespace': 'ner'}, 'pos_tag': {'embedding_dim': 15, 'type': 'embedding', 'vocab_namespace': 'pos'}}}, 'type': 'simple_tagger2'} and extras {'vocab': Vocabulary with namespaces:  dependencies, Size: 47 || ner, Size: 21 || pos, Size: 17 || labels, Size: 2 || Non Padded Namespaces: {'*tags', '*labels'}}
2019-02-12 07:31:11,325 - INFO - allennlp.common.params - model.type = simple_tagger2
2019-02-12 07:31:11,325 - INFO - allennlp.common.from_params - instantiating class <class 'myallennlp.models.simple_tagger2.SimpleTagger2'> from params {'Ntags0': 95, 'Ntags1': 5, 'do_crossentropy_weighting': True, 'encoder': {'bidirectional': True, 'dropout': 0.5, 'hidden_size': 54, 'input_size': 54, 'num_layers': 2, 'type': 'rnn'}, 'text_field_embedder': {'token_embedders': {'dependency_label': {'embedding_dim': 20, 'type': 'embedding', 'vocab_namespace': 'dependencies'}, 'ner_tag': {'embedding_dim': 19, 'type': 'embedding', 'vocab_namespace': 'ner'}, 'pos_tag': {'embedding_dim': 15, 'type': 'embedding', 'vocab_namespace': 'pos'}}}} and extras {'vocab': Vocabulary with namespaces:  dependencies, Size: 47 || ner, Size: 21 || pos, Size: 17 || labels, Size: 2 || Non Padded Namespaces: {'*tags', '*labels'}}
2019-02-12 07:31:11,325 - INFO - allennlp.common.from_params - instantiating class <class 'allennlp.modules.text_field_embedders.text_field_embedder.TextFieldEmbedder'> from params {'token_embedders': {'dependency_label': {'embedding_dim': 20, 'type': 'embedding', 'vocab_namespace': 'dependencies'}, 'ner_tag': {'embedding_dim': 19, 'type': 'embedding', 'vocab_namespace': 'ner'}, 'pos_tag': {'embedding_dim': 15, 'type': 'embedding', 'vocab_namespace': 'pos'}}} and extras {'vocab': Vocabulary with namespaces:  dependencies, Size: 47 || ner, Size: 21 || pos, Size: 17 || labels, Size: 2 || Non Padded Namespaces: {'*tags', '*labels'}}
2019-02-12 07:31:11,325 - INFO - allennlp.common.params - model.text_field_embedder.type = basic
2019-02-12 07:31:11,326 - INFO - allennlp.common.params - model.text_field_embedder.embedder_to_indexer_map = None
2019-02-12 07:31:11,326 - INFO - allennlp.common.params - model.text_field_embedder.allow_unmatched_keys = False
2019-02-12 07:31:11,326 - INFO - allennlp.common.from_params - instantiating class <class 'allennlp.modules.token_embedders.token_embedder.TokenEmbedder'> from params {'embedding_dim': 20, 'type': 'embedding', 'vocab_namespace': 'dependencies'} and extras {'vocab': Vocabulary with namespaces:  dependencies, Size: 47 || ner, Size: 21 || pos, Size: 17 || labels, Size: 2 || Non Padded Namespaces: {'*tags', '*labels'}}
2019-02-12 07:31:11,326 - INFO - allennlp.common.params - model.text_field_embedder.token_embedders.dependency_label.type = embedding
2019-02-12 07:31:11,326 - INFO - allennlp.common.params - model.text_field_embedder.token_embedders.dependency_label.num_embeddings = None
2019-02-12 07:31:11,326 - INFO - allennlp.common.params - model.text_field_embedder.token_embedders.dependency_label.vocab_namespace = dependencies
2019-02-12 07:31:11,327 - INFO - allennlp.common.params - model.text_field_embedder.token_embedders.dependency_label.embedding_dim = 20
2019-02-12 07:31:11,327 - INFO - allennlp.common.params - model.text_field_embedder.token_embedders.dependency_label.pretrained_file = None
2019-02-12 07:31:11,327 - INFO - allennlp.common.params - model.text_field_embedder.token_embedders.dependency_label.projection_dim = None
2019-02-12 07:31:11,327 - INFO - allennlp.common.params - model.text_field_embedder.token_embedders.dependency_label.trainable = True
2019-02-12 07:31:11,327 - INFO - allennlp.common.params - model.text_field_embedder.token_embedders.dependency_label.padding_index = None
2019-02-12 07:31:11,327 - INFO - allennlp.common.params - model.text_field_embedder.token_embedders.dependency_label.max_norm = None
2019-02-12 07:31:11,327 - INFO - allennlp.common.params - model.text_field_embedder.token_embedders.dependency_label.norm_type = 2.0
2019-02-12 07:31:11,327 - INFO - allennlp.common.params - model.text_field_embedder.token_embedders.dependency_label.scale_grad_by_freq = False
2019-02-12 07:31:11,327 - INFO - allennlp.common.params - model.text_field_embedder.token_embedders.dependency_label.sparse = False
2019-02-12 07:31:11,328 - INFO - allennlp.common.from_params - instantiating class <class 'allennlp.modules.token_embedders.token_embedder.TokenEmbedder'> from params {'embedding_dim': 19, 'type': 'embedding', 'vocab_namespace': 'ner'} and extras {'vocab': Vocabulary with namespaces:  dependencies, Size: 47 || ner, Size: 21 || pos, Size: 17 || labels, Size: 2 || Non Padded Namespaces: {'*tags', '*labels'}}
2019-02-12 07:31:11,328 - INFO - allennlp.common.params - model.text_field_embedder.token_embedders.ner_tag.type = embedding
2019-02-12 07:31:11,328 - INFO - allennlp.common.params - model.text_field_embedder.token_embedders.ner_tag.num_embeddings = None
2019-02-12 07:31:11,329 - INFO - allennlp.common.params - model.text_field_embedder.token_embedders.ner_tag.vocab_namespace = ner
2019-02-12 07:31:11,329 - INFO - allennlp.common.params - model.text_field_embedder.token_embedders.ner_tag.embedding_dim = 19
2019-02-12 07:31:11,329 - INFO - allennlp.common.params - model.text_field_embedder.token_embedders.ner_tag.pretrained_file = None
2019-02-12 07:31:11,329 - INFO - allennlp.common.params - model.text_field_embedder.token_embedders.ner_tag.projection_dim = None
2019-02-12 07:31:11,329 - INFO - allennlp.common.params - model.text_field_embedder.token_embedders.ner_tag.trainable = True
2019-02-12 07:31:11,329 - INFO - allennlp.common.params - model.text_field_embedder.token_embedders.ner_tag.padding_index = None
2019-02-12 07:31:11,329 - INFO - allennlp.common.params - model.text_field_embedder.token_embedders.ner_tag.max_norm = None
2019-02-12 07:31:11,329 - INFO - allennlp.common.params - model.text_field_embedder.token_embedders.ner_tag.norm_type = 2.0
2019-02-12 07:31:11,329 - INFO - allennlp.common.params - model.text_field_embedder.token_embedders.ner_tag.scale_grad_by_freq = False
2019-02-12 07:31:11,330 - INFO - allennlp.common.params - model.text_field_embedder.token_embedders.ner_tag.sparse = False
2019-02-12 07:31:11,330 - INFO - allennlp.common.from_params - instantiating class <class 'allennlp.modules.token_embedders.token_embedder.TokenEmbedder'> from params {'embedding_dim': 15, 'type': 'embedding', 'vocab_namespace': 'pos'} and extras {'vocab': Vocabulary with namespaces:  dependencies, Size: 47 || ner, Size: 21 || pos, Size: 17 || labels, Size: 2 || Non Padded Namespaces: {'*tags', '*labels'}}
2019-02-12 07:31:11,330 - INFO - allennlp.common.params - model.text_field_embedder.token_embedders.pos_tag.type = embedding
2019-02-12 07:31:11,330 - INFO - allennlp.common.params - model.text_field_embedder.token_embedders.pos_tag.num_embeddings = None
2019-02-12 07:31:11,330 - INFO - allennlp.common.params - model.text_field_embedder.token_embedders.pos_tag.vocab_namespace = pos
2019-02-12 07:31:11,330 - INFO - allennlp.common.params - model.text_field_embedder.token_embedders.pos_tag.embedding_dim = 15
2019-02-12 07:31:11,331 - INFO - allennlp.common.params - model.text_field_embedder.token_embedders.pos_tag.pretrained_file = None
2019-02-12 07:31:11,331 - INFO - allennlp.common.params - model.text_field_embedder.token_embedders.pos_tag.projection_dim = None
2019-02-12 07:31:11,331 - INFO - allennlp.common.params - model.text_field_embedder.token_embedders.pos_tag.trainable = True
2019-02-12 07:31:11,331 - INFO - allennlp.common.params - model.text_field_embedder.token_embedders.pos_tag.padding_index = None
2019-02-12 07:31:11,331 - INFO - allennlp.common.params - model.text_field_embedder.token_embedders.pos_tag.max_norm = None
2019-02-12 07:31:11,331 - INFO - allennlp.common.params - model.text_field_embedder.token_embedders.pos_tag.norm_type = 2.0
2019-02-12 07:31:11,331 - INFO - allennlp.common.params - model.text_field_embedder.token_embedders.pos_tag.scale_grad_by_freq = False
2019-02-12 07:31:11,331 - INFO - allennlp.common.params - model.text_field_embedder.token_embedders.pos_tag.sparse = False
2019-02-12 07:31:11,332 - INFO - allennlp.common.from_params - instantiating class <class 'allennlp.modules.seq2seq_encoders.seq2seq_encoder.Seq2SeqEncoder'> from params {'bidirectional': True, 'dropout': 0.5, 'hidden_size': 54, 'input_size': 54, 'num_layers': 2, 'type': 'rnn'} and extras {'vocab': Vocabulary with namespaces:  dependencies, Size: 47 || ner, Size: 21 || pos, Size: 17 || labels, Size: 2 || Non Padded Namespaces: {'*tags', '*labels'}}
2019-02-12 07:31:11,332 - INFO - allennlp.common.params - model.encoder.type = rnn
2019-02-12 07:31:11,333 - INFO - allennlp.common.params - model.encoder.batch_first = True
2019-02-12 07:31:11,333 - INFO - allennlp.common.params - model.encoder.stateful = False
2019-02-12 07:31:11,333 - INFO - allennlp.common.params - Converting Params object to dict; logging of default values will not occur when dictionary parameters are used subsequently.
2019-02-12 07:31:11,333 - INFO - allennlp.common.params - CURRENTLY DEFINED PARAMETERS: 
2019-02-12 07:31:11,333 - INFO - allennlp.common.params - model.encoder.bidirectional = True
2019-02-12 07:31:11,333 - INFO - allennlp.common.params - model.encoder.dropout = 0.5
2019-02-12 07:31:11,333 - INFO - allennlp.common.params - model.encoder.hidden_size = 54
2019-02-12 07:31:11,333 - INFO - allennlp.common.params - model.encoder.input_size = 54
2019-02-12 07:31:11,333 - INFO - allennlp.common.params - model.encoder.num_layers = 2
2019-02-12 07:31:11,334 - INFO - allennlp.common.params - model.encoder.batch_first = True
2019-02-12 07:31:11,335 - INFO - allennlp.common.params - model.do_crossentropy_weighting = True
2019-02-12 07:31:11,335 - INFO - allennlp.common.params - model.Ntags0 = 95
2019-02-12 07:31:11,335 - INFO - allennlp.common.params - model.Ntags1 = 5
2019-02-12 07:31:11,335 - INFO - allennlp.nn.initializers - Initializing parameters
2019-02-12 07:31:11,335 - INFO - allennlp.nn.initializers - Done initializing parameters; the following parameters are using their default initialization from their code
2019-02-12 07:31:11,336 - INFO - allennlp.nn.initializers -    encoder._module.bias_hh_l0
2019-02-12 07:31:11,336 - INFO - allennlp.nn.initializers -    encoder._module.bias_hh_l0_reverse
2019-02-12 07:31:11,336 - INFO - allennlp.nn.initializers -    encoder._module.bias_hh_l1
2019-02-12 07:31:11,336 - INFO - allennlp.nn.initializers -    encoder._module.bias_hh_l1_reverse
2019-02-12 07:31:11,336 - INFO - allennlp.nn.initializers -    encoder._module.bias_ih_l0
2019-02-12 07:31:11,336 - INFO - allennlp.nn.initializers -    encoder._module.bias_ih_l0_reverse
2019-02-12 07:31:11,336 - INFO - allennlp.nn.initializers -    encoder._module.bias_ih_l1
2019-02-12 07:31:11,336 - INFO - allennlp.nn.initializers -    encoder._module.bias_ih_l1_reverse
2019-02-12 07:31:11,336 - INFO - allennlp.nn.initializers -    encoder._module.weight_hh_l0
2019-02-12 07:31:11,337 - INFO - allennlp.nn.initializers -    encoder._module.weight_hh_l0_reverse
2019-02-12 07:31:11,337 - INFO - allennlp.nn.initializers -    encoder._module.weight_hh_l1
2019-02-12 07:31:11,337 - INFO - allennlp.nn.initializers -    encoder._module.weight_hh_l1_reverse
2019-02-12 07:31:11,337 - INFO - allennlp.nn.initializers -    encoder._module.weight_ih_l0
2019-02-12 07:31:11,337 - INFO - allennlp.nn.initializers -    encoder._module.weight_ih_l0_reverse
2019-02-12 07:31:11,337 - INFO - allennlp.nn.initializers -    encoder._module.weight_ih_l1
2019-02-12 07:31:11,337 - INFO - allennlp.nn.initializers -    encoder._module.weight_ih_l1_reverse
2019-02-12 07:31:11,337 - INFO - allennlp.nn.initializers -    tag_projection_layer._module.bias
2019-02-12 07:31:11,337 - INFO - allennlp.nn.initializers -    tag_projection_layer._module.weight
2019-02-12 07:31:11,337 - INFO - allennlp.nn.initializers -    text_field_embedder.token_embedder_dependency_label.weight
2019-02-12 07:31:11,338 - INFO - allennlp.nn.initializers -    text_field_embedder.token_embedder_ner_tag.weight
2019-02-12 07:31:11,338 - INFO - allennlp.nn.initializers -    text_field_embedder.token_embedder_pos_tag.weight
2019-02-12 07:31:11,339 - INFO - allennlp.common.from_params - instantiating class <class 'allennlp.data.iterators.data_iterator.DataIterator'> from params {'batch_size': 32, 'type': 'basic'} and extras {}
2019-02-12 07:31:11,339 - INFO - allennlp.common.params - iterator.type = basic
2019-02-12 07:31:11,339 - INFO - allennlp.common.from_params - instantiating class <class 'allennlp.data.iterators.basic_iterator.BasicIterator'> from params {'batch_size': 32} and extras {}
2019-02-12 07:31:11,339 - INFO - allennlp.common.params - iterator.batch_size = 32
2019-02-12 07:31:11,339 - INFO - allennlp.common.params - iterator.instances_per_epoch = None
2019-02-12 07:31:11,339 - INFO - allennlp.common.params - iterator.max_instances_in_memory = None
2019-02-12 07:31:11,339 - INFO - allennlp.common.params - iterator.cache_instances = False
2019-02-12 07:31:11,340 - INFO - allennlp.common.params - iterator.track_epoch = False
2019-02-12 07:31:11,340 - INFO - allennlp.common.params - iterator.maximum_samples_per_batch = None
2019-02-12 07:31:11,340 - INFO - allennlp.common.params - validation_iterator = None
2019-02-12 07:31:11,340 - INFO - allennlp.common.params - trainer.no_grad = ()
2019-02-12 07:31:11,340 - INFO - allennlp.commands.train - Following parameters are Frozen  (without gradient):
2019-02-12 07:31:11,340 - INFO - allennlp.commands.train - Following parameters are Tunable (with gradient):
2019-02-12 07:31:11,340 - INFO - allennlp.commands.train - text_field_embedder.token_embedder_dependency_label.weight
2019-02-12 07:31:11,340 - INFO - allennlp.commands.train - text_field_embedder.token_embedder_ner_tag.weight
2019-02-12 07:31:11,341 - INFO - allennlp.commands.train - text_field_embedder.token_embedder_pos_tag.weight
2019-02-12 07:31:11,341 - INFO - allennlp.commands.train - encoder._module.weight_ih_l0
2019-02-12 07:31:11,341 - INFO - allennlp.commands.train - encoder._module.weight_hh_l0
2019-02-12 07:31:11,341 - INFO - allennlp.commands.train - encoder._module.bias_ih_l0
2019-02-12 07:31:11,341 - INFO - allennlp.commands.train - encoder._module.bias_hh_l0
2019-02-12 07:31:11,341 - INFO - allennlp.commands.train - encoder._module.weight_ih_l0_reverse
2019-02-12 07:31:11,341 - INFO - allennlp.commands.train - encoder._module.weight_hh_l0_reverse
2019-02-12 07:31:11,341 - INFO - allennlp.commands.train - encoder._module.bias_ih_l0_reverse
2019-02-12 07:31:11,341 - INFO - allennlp.commands.train - encoder._module.bias_hh_l0_reverse
2019-02-12 07:31:11,341 - INFO - allennlp.commands.train - encoder._module.weight_ih_l1
2019-02-12 07:31:11,341 - INFO - allennlp.commands.train - encoder._module.weight_hh_l1
2019-02-12 07:31:11,341 - INFO - allennlp.commands.train - encoder._module.bias_ih_l1
2019-02-12 07:31:11,342 - INFO - allennlp.commands.train - encoder._module.bias_hh_l1
2019-02-12 07:31:11,342 - INFO - allennlp.commands.train - encoder._module.weight_ih_l1_reverse
2019-02-12 07:31:11,342 - INFO - allennlp.commands.train - encoder._module.weight_hh_l1_reverse
2019-02-12 07:31:11,342 - INFO - allennlp.commands.train - encoder._module.bias_ih_l1_reverse
2019-02-12 07:31:11,342 - INFO - allennlp.commands.train - encoder._module.bias_hh_l1_reverse
2019-02-12 07:31:11,342 - INFO - allennlp.commands.train - tag_projection_layer._module.weight
2019-02-12 07:31:11,342 - INFO - allennlp.commands.train - tag_projection_layer._module.bias
2019-02-12 07:31:11,342 - INFO - allennlp.common.params - trainer.type = default
2019-02-12 07:31:11,342 - INFO - allennlp.common.params - trainer.patience = 5
2019-02-12 07:31:11,343 - INFO - allennlp.common.params - trainer.validation_metric = -loss
2019-02-12 07:31:11,343 - INFO - allennlp.common.params - trainer.shuffle = True
2019-02-12 07:31:11,343 - INFO - allennlp.common.params - trainer.num_epochs = 40
2019-02-12 07:31:11,343 - INFO - allennlp.common.params - trainer.cuda_device = 0
2019-02-12 07:31:11,343 - INFO - allennlp.common.params - trainer.grad_norm = None
2019-02-12 07:31:11,343 - INFO - allennlp.common.params - trainer.grad_clipping = None
2019-02-12 07:31:11,343 - INFO - allennlp.common.params - trainer.learning_rate_scheduler = None
2019-02-12 07:31:13,438 - INFO - allennlp.common.params - trainer.optimizer = adam
2019-02-12 07:31:13,438 - INFO - allennlp.common.params - parameter_groups = None
2019-02-12 07:31:13,438 - INFO - allennlp.training.optimizers - Number of trainable parameters: 31404
2019-02-12 07:31:13,439 - INFO - allennlp.common.params - Converting Params object to dict; logging of default values will not occur when dictionary parameters are used subsequently.
2019-02-12 07:31:13,439 - INFO - allennlp.common.params - CURRENTLY DEFINED PARAMETERS: 
2019-02-12 07:31:13,440 - INFO - allennlp.common.params - trainer.num_serialized_models_to_keep = 20
2019-02-12 07:31:13,440 - INFO - allennlp.common.params - trainer.keep_serialized_model_every_num_seconds = None
2019-02-12 07:31:13,440 - INFO - allennlp.common.params - trainer.model_save_interval = None
2019-02-12 07:31:13,440 - INFO - allennlp.common.params - trainer.summary_interval = 100
2019-02-12 07:31:13,440 - INFO - allennlp.common.params - trainer.histogram_interval = None
2019-02-12 07:31:13,440 - INFO - allennlp.common.params - trainer.should_log_parameter_statistics = True
2019-02-12 07:31:13,440 - INFO - allennlp.common.params - trainer.should_log_learning_rate = False
2019-02-12 07:31:13,440 - INFO - allennlp.common.params - trainer.log_batch_size_period = None
2019-02-12 07:31:13,443 - INFO - allennlp.common.params - evaluate_on_test = False
2019-02-12 07:31:13,443 - INFO - allennlp.training.trainer - Beginning training.
2019-02-12 07:31:13,443 - INFO - allennlp.training.trainer - Epoch 0/39
2019-02-12 07:31:13,443 - INFO - allennlp.training.trainer - Peak CPU memory usage MB: 5183.648
2019-02-12 07:31:13,566 - INFO - allennlp.training.trainer - GPU 0 memory usage MB: 321
2019-02-12 07:31:13,566 - INFO - allennlp.training.trainer - Training
2019-02-12 07:35:00,150 - INFO - allennlp.training.trainer - Validating
2019-02-12 07:35:02,810 - INFO - allennlp.training.trainer -                     Training |  Validation
2019-02-12 07:35:02,811 - INFO - allennlp.training.trainer - loss            |     0.424  |     0.480
2019-02-12 07:35:02,811 - INFO - allennlp.training.trainer - accuracy3       |     1.000  |     1.000
2019-02-12 07:35:02,812 - INFO - allennlp.training.trainer - gpu_0_memory_MB |   321.000  |       N/A
2019-02-12 07:35:02,812 - INFO - allennlp.training.trainer - accuracy        |     0.844  |     0.837
2019-02-12 07:35:02,812 - INFO - allennlp.training.trainer - cpu_memory_MB   |  5183.648  |       N/A
2019-02-12 07:35:02,817 - INFO - allennlp.training.trainer - Best validation performance so far. Copying weights to './model_params/best.th'.
2019-02-12 07:35:02,817 - INFO - allennlp.training.trainer - Epoch duration: 00:03:49
2019-02-12 07:35:02,817 - INFO - allennlp.training.trainer - Estimated training time remaining: 2:29:05
2019-02-12 07:35:02,817 - INFO - allennlp.training.trainer - Epoch 1/39
2019-02-12 07:35:02,818 - INFO - allennlp.training.trainer - Peak CPU memory usage MB: 5396.752
2019-02-12 07:35:02,951 - INFO - allennlp.training.trainer - GPU 0 memory usage MB: 363
2019-02-12 07:35:02,952 - INFO - allennlp.training.trainer - Training
2019-02-12 07:38:38,713 - INFO - allennlp.training.trainer - Validating
2019-02-12 07:38:41,042 - INFO - allennlp.training.trainer -                     Training |  Validation
2019-02-12 07:38:41,042 - INFO - allennlp.training.trainer - loss            |     0.411  |     0.488
2019-02-12 07:38:41,043 - INFO - allennlp.training.trainer - accuracy3       |     1.000  |     1.000
2019-02-12 07:38:41,043 - INFO - allennlp.training.trainer - gpu_0_memory_MB |   363.000  |       N/A
2019-02-12 07:38:41,043 - INFO - allennlp.training.trainer - accuracy        |     0.849  |     0.869
2019-02-12 07:38:41,044 - INFO - allennlp.training.trainer - cpu_memory_MB   |  5396.752  |       N/A
2019-02-12 07:38:41,048 - INFO - allennlp.training.trainer - Epoch duration: 00:03:38
2019-02-12 07:38:41,048 - INFO - allennlp.training.trainer - Estimated training time remaining: 2:21:44
2019-02-12 07:38:41,048 - INFO - allennlp.training.trainer - Epoch 2/39
2019-02-12 07:38:41,048 - INFO - allennlp.training.trainer - Peak CPU memory usage MB: 5397.608
2019-02-12 07:38:41,177 - INFO - allennlp.training.trainer - GPU 0 memory usage MB: 363
2019-02-12 07:38:41,178 - INFO - allennlp.training.trainer - Training
2019-02-12 07:42:16,296 - INFO - allennlp.training.trainer - Validating
2019-02-12 07:42:18,651 - INFO - allennlp.training.trainer -                     Training |  Validation
2019-02-12 07:42:18,651 - INFO - allennlp.training.trainer - loss            |     0.407  |     0.476
2019-02-12 07:42:18,651 - INFO - allennlp.training.trainer - accuracy3       |     1.000  |     1.000
2019-02-12 07:42:18,652 - INFO - allennlp.training.trainer - gpu_0_memory_MB |   363.000  |       N/A
2019-02-12 07:42:18,652 - INFO - allennlp.training.trainer - accuracy        |     0.851  |     0.847
2019-02-12 07:42:18,652 - INFO - allennlp.training.trainer - cpu_memory_MB   |  5397.608  |       N/A
2019-02-12 07:42:18,657 - INFO - allennlp.training.trainer - Best validation performance so far. Copying weights to './model_params/best.th'.
2019-02-12 07:42:18,657 - INFO - allennlp.training.trainer - Epoch duration: 00:03:37
2019-02-12 07:42:18,657 - INFO - allennlp.training.trainer - Estimated training time remaining: 2:16:44
2019-02-12 07:42:18,657 - INFO - allennlp.training.trainer - Epoch 3/39
2019-02-12 07:42:18,658 - INFO - allennlp.training.trainer - Peak CPU memory usage MB: 5398.092
2019-02-12 07:42:18,785 - INFO - allennlp.training.trainer - GPU 0 memory usage MB: 363
2019-02-12 07:42:18,786 - INFO - allennlp.training.trainer - Training
2019-02-12 07:45:53,902 - INFO - allennlp.training.trainer - Validating
2019-02-12 07:45:56,232 - INFO - allennlp.training.trainer -                     Training |  Validation
2019-02-12 07:45:56,233 - INFO - allennlp.training.trainer - loss            |     0.405  |     0.497
2019-02-12 07:45:56,233 - INFO - allennlp.training.trainer - accuracy3       |     1.000  |     1.000
2019-02-12 07:45:56,233 - INFO - allennlp.training.trainer - gpu_0_memory_MB |   363.000  |       N/A
2019-02-12 07:45:56,234 - INFO - allennlp.training.trainer - accuracy        |     0.853  |     0.882
2019-02-12 07:45:56,234 - INFO - allennlp.training.trainer - cpu_memory_MB   |  5398.092  |       N/A
2019-02-12 07:45:56,238 - INFO - allennlp.training.trainer - Epoch duration: 00:03:37
2019-02-12 07:45:56,239 - INFO - allennlp.training.trainer - Estimated training time remaining: 2:12:25
2019-02-12 07:45:56,239 - INFO - allennlp.training.trainer - Epoch 4/39
2019-02-12 07:45:56,239 - INFO - allennlp.training.trainer - Peak CPU memory usage MB: 5398.276
2019-02-12 07:45:56,375 - INFO - allennlp.training.trainer - GPU 0 memory usage MB: 363
2019-02-12 07:45:56,375 - INFO - allennlp.training.trainer - Training
2019-02-12 07:49:32,228 - INFO - allennlp.training.trainer - Validating
2019-02-12 07:49:34,572 - INFO - allennlp.training.trainer -                     Training |  Validation
2019-02-12 07:49:34,572 - INFO - allennlp.training.trainer - loss            |     0.404  |     0.479
2019-02-12 07:49:34,573 - INFO - allennlp.training.trainer - accuracy3       |     1.000  |     1.000
2019-02-12 07:49:34,573 - INFO - allennlp.training.trainer - gpu_0_memory_MB |   363.000  |       N/A
2019-02-12 07:49:34,574 - INFO - allennlp.training.trainer - accuracy        |     0.853  |     0.855
2019-02-12 07:49:34,574 - INFO - allennlp.training.trainer - cpu_memory_MB   |  5398.276  |       N/A
2019-02-12 07:49:34,578 - INFO - allennlp.training.trainer - Epoch duration: 00:03:38
2019-02-12 07:49:34,578 - INFO - allennlp.training.trainer - Estimated training time remaining: 2:08:27
2019-02-12 07:49:34,579 - INFO - allennlp.training.trainer - Epoch 5/39
2019-02-12 07:49:34,579 - INFO - allennlp.training.trainer - Peak CPU memory usage MB: 5398.364
2019-02-12 07:49:34,709 - INFO - allennlp.training.trainer - GPU 0 memory usage MB: 363
2019-02-12 07:49:34,710 - INFO - allennlp.training.trainer - Training
2019-02-12 07:53:09,598 - INFO - allennlp.training.trainer - Validating
2019-02-12 07:53:11,940 - INFO - allennlp.training.trainer -                     Training |  Validation
2019-02-12 07:53:11,940 - INFO - allennlp.training.trainer - loss            |     0.403  |     0.484
2019-02-12 07:53:11,941 - INFO - allennlp.training.trainer - accuracy3       |     1.000  |     1.000
2019-02-12 07:53:11,941 - INFO - allennlp.training.trainer - gpu_0_memory_MB |   363.000  |       N/A
2019-02-12 07:53:11,942 - INFO - allennlp.training.trainer - accuracy        |     0.855  |     0.870
2019-02-12 07:53:11,942 - INFO - allennlp.training.trainer - cpu_memory_MB   |  5398.364  |       N/A
2019-02-12 07:53:11,947 - INFO - allennlp.training.trainer - Epoch duration: 00:03:37
2019-02-12 07:53:11,947 - INFO - allennlp.training.trainer - Estimated training time remaining: 2:04:31
2019-02-12 07:53:11,947 - INFO - allennlp.training.trainer - Epoch 6/39
2019-02-12 07:53:11,947 - INFO - allennlp.training.trainer - Peak CPU memory usage MB: 5398.496
2019-02-12 07:53:12,075 - INFO - allennlp.training.trainer - GPU 0 memory usage MB: 363
2019-02-12 07:53:12,076 - INFO - allennlp.training.trainer - Training
2019-02-12 07:56:47,154 - INFO - allennlp.training.trainer - Validating
2019-02-12 07:56:49,494 - INFO - allennlp.training.trainer -                     Training |  Validation
2019-02-12 07:56:49,495 - INFO - allennlp.training.trainer - loss            |     0.401  |     0.470
2019-02-12 07:56:49,495 - INFO - allennlp.training.trainer - accuracy3       |     1.000  |     1.000
2019-02-12 07:56:49,495 - INFO - allennlp.training.trainer - gpu_0_memory_MB |   363.000  |       N/A
2019-02-12 07:56:49,496 - INFO - allennlp.training.trainer - accuracy        |     0.855  |     0.846
2019-02-12 07:56:49,496 - INFO - allennlp.training.trainer - cpu_memory_MB   |  5398.496  |       N/A
2019-02-12 07:56:49,500 - INFO - allennlp.training.trainer - Best validation performance so far. Copying weights to './model_params/best.th'.
2019-02-12 07:56:49,501 - INFO - allennlp.training.trainer - Epoch duration: 00:03:37
2019-02-12 07:56:49,501 - INFO - allennlp.training.trainer - Estimated training time remaining: 2:00:41
2019-02-12 07:56:49,501 - INFO - allennlp.training.trainer - Epoch 7/39
2019-02-12 07:56:49,501 - INFO - allennlp.training.trainer - Peak CPU memory usage MB: 5398.516
2019-02-12 07:56:49,639 - INFO - allennlp.training.trainer - GPU 0 memory usage MB: 363
2019-02-12 07:56:49,639 - INFO - allennlp.training.trainer - Training
2019-02-12 08:00:25,209 - INFO - allennlp.training.trainer - Validating
2019-02-12 08:00:27,533 - INFO - allennlp.training.trainer -                     Training |  Validation
2019-02-12 08:00:27,533 - INFO - allennlp.training.trainer - loss            |     0.401  |     0.458
2019-02-12 08:00:27,534 - INFO - allennlp.training.trainer - accuracy3       |     1.000  |     1.000
2019-02-12 08:00:27,534 - INFO - allennlp.training.trainer - gpu_0_memory_MB |   363.000  |       N/A
2019-02-12 08:00:27,534 - INFO - allennlp.training.trainer - accuracy        |     0.856  |     0.817
2019-02-12 08:00:27,535 - INFO - allennlp.training.trainer - cpu_memory_MB   |  5398.516  |       N/A
2019-02-12 08:00:27,539 - INFO - allennlp.training.trainer - Best validation performance so far. Copying weights to './model_params/best.th'.
2019-02-12 08:00:27,540 - INFO - allennlp.training.trainer - Epoch duration: 00:03:38
2019-02-12 08:00:27,540 - INFO - allennlp.training.trainer - Estimated training time remaining: 1:56:56
2019-02-12 08:00:27,540 - INFO - allennlp.training.trainer - Epoch 8/39
2019-02-12 08:00:27,540 - INFO - allennlp.training.trainer - Peak CPU memory usage MB: 5398.56
2019-02-12 08:00:27,670 - INFO - allennlp.training.trainer - GPU 0 memory usage MB: 363
2019-02-12 08:00:27,671 - INFO - allennlp.training.trainer - Training
2019-02-12 08:04:03,040 - INFO - allennlp.training.trainer - Validating
2019-02-12 08:04:05,371 - INFO - allennlp.training.trainer -                     Training |  Validation
2019-02-12 08:04:05,371 - INFO - allennlp.training.trainer - loss            |     0.400  |     0.484
2019-02-12 08:04:05,371 - INFO - allennlp.training.trainer - accuracy3       |     1.000  |     1.000
2019-02-12 08:04:05,372 - INFO - allennlp.training.trainer - gpu_0_memory_MB |   363.000  |       N/A
2019-02-12 08:04:05,372 - INFO - allennlp.training.trainer - accuracy        |     0.856  |     0.866
2019-02-12 08:04:05,372 - INFO - allennlp.training.trainer - cpu_memory_MB   |  5398.560  |       N/A
2019-02-12 08:04:05,376 - INFO - allennlp.training.trainer - Epoch duration: 00:03:37
2019-02-12 08:04:05,376 - INFO - allennlp.training.trainer - Estimated training time remaining: 1:53:12
2019-02-12 08:04:05,377 - INFO - allennlp.training.trainer - Epoch 9/39
2019-02-12 08:04:05,377 - INFO - allennlp.training.trainer - Peak CPU memory usage MB: 5398.736
2019-02-12 08:04:05,507 - INFO - allennlp.training.trainer - GPU 0 memory usage MB: 363
2019-02-12 08:04:05,507 - INFO - allennlp.training.trainer - Training
2019-02-12 08:07:41,685 - INFO - allennlp.training.trainer - Validating
2019-02-12 08:07:44,033 - INFO - allennlp.training.trainer -                     Training |  Validation
2019-02-12 08:07:44,033 - INFO - allennlp.training.trainer - loss            |     0.400  |     0.489
2019-02-12 08:07:44,033 - INFO - allennlp.training.trainer - accuracy3       |     1.000  |     1.000
2019-02-12 08:07:44,033 - INFO - allennlp.training.trainer - gpu_0_memory_MB |   363.000  |       N/A
2019-02-12 08:07:44,034 - INFO - allennlp.training.trainer - accuracy        |     0.857  |     0.868
2019-02-12 08:07:44,034 - INFO - allennlp.training.trainer - cpu_memory_MB   |  5398.736  |       N/A
2019-02-12 08:07:44,038 - INFO - allennlp.training.trainer - Epoch duration: 00:03:38
2019-02-12 08:07:44,039 - INFO - allennlp.training.trainer - Estimated training time remaining: 1:49:31
2019-02-12 08:07:44,039 - INFO - allennlp.training.trainer - Epoch 10/39
2019-02-12 08:07:44,039 - INFO - allennlp.training.trainer - Peak CPU memory usage MB: 5398.808
2019-02-12 08:07:44,169 - INFO - allennlp.training.trainer - GPU 0 memory usage MB: 363
2019-02-12 08:07:44,169 - INFO - allennlp.training.trainer - Training
2019-02-12 08:11:19,927 - INFO - allennlp.training.trainer - Validating
2019-02-12 08:11:22,286 - INFO - allennlp.training.trainer -                     Training |  Validation
2019-02-12 08:11:22,287 - INFO - allennlp.training.trainer - loss            |     0.399  |     0.474
2019-02-12 08:11:22,287 - INFO - allennlp.training.trainer - accuracy3       |     1.000  |     1.000
2019-02-12 08:11:22,287 - INFO - allennlp.training.trainer - gpu_0_memory_MB |   363.000  |       N/A
2019-02-12 08:11:22,288 - INFO - allennlp.training.trainer - accuracy        |     0.857  |     0.858
2019-02-12 08:11:22,288 - INFO - allennlp.training.trainer - cpu_memory_MB   |  5398.808  |       N/A
2019-02-12 08:11:22,293 - INFO - allennlp.training.trainer - Epoch duration: 00:03:38
2019-02-12 08:11:22,293 - INFO - allennlp.training.trainer - Estimated training time remaining: 1:45:50
2019-02-12 08:11:22,293 - INFO - allennlp.training.trainer - Epoch 11/39
2019-02-12 08:11:22,294 - INFO - allennlp.training.trainer - Peak CPU memory usage MB: 5398.884
2019-02-12 08:11:22,431 - INFO - allennlp.training.trainer - GPU 0 memory usage MB: 363
2019-02-12 08:11:22,432 - INFO - allennlp.training.trainer - Training
2019-02-12 08:15:01,691 - INFO - allennlp.training.trainer - Validating
2019-02-12 08:15:04,168 - INFO - allennlp.training.trainer -                     Training |  Validation
2019-02-12 08:15:04,169 - INFO - allennlp.training.trainer - loss            |     0.399  |     0.468
2019-02-12 08:15:04,169 - INFO - allennlp.training.trainer - accuracy3       |     1.000  |     1.000
2019-02-12 08:15:04,169 - INFO - allennlp.training.trainer - gpu_0_memory_MB |   363.000  |       N/A
2019-02-12 08:15:04,170 - INFO - allennlp.training.trainer - accuracy        |     0.857  |     0.845
2019-02-12 08:15:04,170 - INFO - allennlp.training.trainer - cpu_memory_MB   |  5398.884  |       N/A
2019-02-12 08:15:04,175 - INFO - allennlp.training.trainer - Epoch duration: 00:03:41
2019-02-12 08:15:04,175 - INFO - allennlp.training.trainer - Estimated training time remaining: 1:42:18
2019-02-12 08:15:04,175 - INFO - allennlp.training.trainer - Epoch 12/39
2019-02-12 08:15:04,175 - INFO - allennlp.training.trainer - Peak CPU memory usage MB: 5399.008
2019-02-12 08:15:04,319 - INFO - allennlp.training.trainer - GPU 0 memory usage MB: 363
2019-02-12 08:15:04,320 - INFO - allennlp.training.trainer - Training
2019-02-12 08:18:43,220 - INFO - allennlp.training.trainer - Validating
2019-02-12 08:18:45,617 - INFO - allennlp.training.trainer - Ran out of patience.  Stopping training.
2019-02-12 08:18:45,617 - INFO - allennlp.models.archival - archiving weights and vocabulary to ./model_params/model.tar.gz
2019-02-12 08:18:45,628 - INFO - allennlp.commands.train - Loading the best epoch weights.
2019-02-12 08:18:45,631 - INFO - allennlp.common.util - Metrics: {
  "peak_cpu_memory_MB": 5399.008,
  "peak_gpu_0_memory_MB": 363,
  "training_duration": "00:43:50",
  "training_start_epoch": 0,
  "training_epochs": 11,
  "epoch": 11,
  "training_accuracy": 0.857309280733251,
  "training_accuracy3": 1.0,
  "training_loss": 0.3985791971588435,
  "training_cpu_memory_MB": 5398.884,
  "training_gpu_0_memory_MB": 363,
  "validation_accuracy": 0.844830113783732,
  "validation_accuracy3": 1.0,
  "validation_loss": 0.4684323127172431,
  "best_epoch": 7,
  "best_validation_accuracy": 0.8166604643819705,
  "best_validation_accuracy3": 1.0,
  "best_validation_loss": 0.4575295122910519
}
Token batch process time:
781.6609847545624
Token batch process time:
26.998213291168213
