2019-02-12 05:56:07,453 - INFO - allennlp.common.from_params - instantiating class <class 'allennlp.data.dataset_readers.dataset_reader.DatasetReader'> from params {'mytokenizer': {'type': 'word', 'word_splitter': {'ner': True, 'parse': True, 'pos_tags': True, 'type': 'whitespacy'}}, 'token_indexers': {'dependency_label': {'namespace': 'dependencies', 'type': 'dependency_label'}}, 'type': 'sequence_tagging2', 'word_tag_delimiter': '//'} and extras {}
2019-02-12 05:56:07,454 - INFO - allennlp.common.params - dataset_reader.type = sequence_tagging2
2019-02-12 05:56:07,454 - INFO - allennlp.common.from_params - instantiating class <class 'myallennlp.dataset_readers.sequence_tagging2.SequenceTaggingDatasetReader'> from params {'mytokenizer': {'type': 'word', 'word_splitter': {'ner': True, 'parse': True, 'pos_tags': True, 'type': 'whitespacy'}}, 'token_indexers': {'dependency_label': {'namespace': 'dependencies', 'type': 'dependency_label'}}, 'word_tag_delimiter': '//'} and extras {}
2019-02-12 05:56:07,454 - INFO - allennlp.common.params - dataset_reader.word_tag_delimiter = //
2019-02-12 05:56:07,454 - INFO - allennlp.common.params - dataset_reader.token_delimiter = None
2019-02-12 05:56:07,455 - INFO - allennlp.common.from_params - instantiating class allennlp.data.token_indexers.token_indexer.TokenIndexer from params {'namespace': 'dependencies', 'type': 'dependency_label'} and extras {}
2019-02-12 05:56:07,455 - INFO - allennlp.common.params - dataset_reader.token_indexers.dependency_label.type = dependency_label
2019-02-12 05:56:07,455 - INFO - allennlp.common.from_params - instantiating class allennlp.data.token_indexers.dep_label_indexer.DepLabelIndexer from params {'namespace': 'dependencies'} and extras {}
2019-02-12 05:56:07,455 - INFO - allennlp.common.params - dataset_reader.token_indexers.dependency_label.namespace = dependencies
2019-02-12 05:56:07,456 - INFO - allennlp.common.params - dataset_reader.lazy = False
2019-02-12 05:56:07,456 - INFO - allennlp.common.from_params - instantiating class <class 'allennlp.data.tokenizers.tokenizer.Tokenizer'> from params {'type': 'word', 'word_splitter': {'ner': True, 'parse': True, 'pos_tags': True, 'type': 'whitespacy'}} and extras {}
2019-02-12 05:56:07,456 - INFO - allennlp.common.params - dataset_reader.mytokenizer.type = word
2019-02-12 05:56:07,456 - INFO - allennlp.common.from_params - instantiating class <class 'allennlp.data.tokenizers.word_tokenizer.WordTokenizer'> from params {'word_splitter': {'ner': True, 'parse': True, 'pos_tags': True, 'type': 'whitespacy'}} and extras {}
2019-02-12 05:56:07,457 - INFO - allennlp.common.from_params - instantiating class <class 'allennlp.data.tokenizers.word_splitter.WordSplitter'> from params {'ner': True, 'parse': True, 'pos_tags': True, 'type': 'whitespacy'} and extras {}
2019-02-12 05:56:07,457 - INFO - allennlp.common.params - dataset_reader.mytokenizer.word_splitter.type = whitespacy
2019-02-12 05:56:07,457 - INFO - allennlp.common.from_params - instantiating class <class 'myallennlp.data.tokenizers.word_splitter.SpacyWordSplitter'> from params {'ner': True, 'parse': True, 'pos_tags': True} and extras {}
2019-02-12 05:56:07,457 - INFO - allennlp.common.params - dataset_reader.mytokenizer.word_splitter.language = en_core_web_sm
2019-02-12 05:56:07,457 - INFO - allennlp.common.params - dataset_reader.mytokenizer.word_splitter.pos_tags = True
2019-02-12 05:56:07,457 - INFO - allennlp.common.params - dataset_reader.mytokenizer.word_splitter.parse = True
2019-02-12 05:56:07,458 - INFO - allennlp.common.params - dataset_reader.mytokenizer.word_splitter.ner = True
2019-02-12 05:56:08,400 - INFO - allennlp.common.params - dataset_reader.mytokenizer.start_tokens = None
2019-02-12 05:56:08,400 - INFO - allennlp.common.params - dataset_reader.mytokenizer.end_tokens = None
2019-02-12 05:56:08,400 - INFO - allennlp.common.params - dataset_reader.use_spacy_directly = False
2019-02-12 05:56:08,400 - INFO - allennlp.common.params - validation_dataset_reader = None
2019-02-12 05:56:08,400 - INFO - allennlp.common.params - train_data_path = ../data/allenTrain.txt
2019-02-12 05:56:08,401 - INFO - allennlp.commands.train - Reading training data from ../data/allenTrain.txt
2019-02-12 05:56:08,401 - INFO - myallennlp.dataset_readers.sequence_tagging2 - Reading instances from lines in file at: ../data/allenTrain.txt
2019-02-12 05:57:48,285 - INFO - allennlp.common.params - validation_data_path = ../data/allenDev.txt
2019-02-12 05:57:48,285 - INFO - allennlp.commands.train - Reading validation data from ../data/allenDev.txt
2019-02-12 05:57:48,286 - INFO - myallennlp.dataset_readers.sequence_tagging2 - Reading instances from lines in file at: ../data/allenDev.txt
2019-02-12 05:58:42,861 - INFO - allennlp.common.params - test_data_path = None
2019-02-12 05:58:42,862 - INFO - allennlp.commands.train - From dataset instances, train, validation will be considered for vocabulary creation.
2019-02-12 05:58:42,862 - INFO - allennlp.common.params - vocabulary.type = None
2019-02-12 05:58:42,862 - INFO - allennlp.common.params - vocabulary.extend = False
2019-02-12 05:58:42,862 - INFO - allennlp.common.params - vocabulary.directory_path = None
2019-02-12 05:58:42,862 - INFO - allennlp.common.params - vocabulary.min_count = None
2019-02-12 05:58:42,862 - INFO - allennlp.common.params - vocabulary.max_vocab_size = None
2019-02-12 05:58:42,863 - INFO - allennlp.common.params - vocabulary.non_padded_namespaces = ('*tags', '*labels')
2019-02-12 05:58:42,863 - INFO - allennlp.common.params - vocabulary.min_pretrained_embeddings = None
2019-02-12 05:58:42,863 - INFO - allennlp.common.params - vocabulary.only_include_pretrained_words = False
2019-02-12 05:58:42,863 - INFO - allennlp.common.params - vocabulary.tokens_to_add = None
2019-02-12 05:58:42,863 - INFO - allennlp.data.vocabulary - Fitting token dictionary from dataset.
2019-02-12 05:58:43,489 - INFO - allennlp.common.from_params - instantiating class <class 'allennlp.models.model.Model'> from params {'Ntags0': 95, 'Ntags1': 5, 'do_crossentropy_weighting': True, 'encoder': {'input_dim': 20, 'type': 'pass_through'}, 'text_field_embedder': {'token_embedders': {'dependency_label': {'embedding_dim': 20, 'type': 'embedding', 'vocab_namespace': 'dependencies'}}}, 'type': 'simple_tagger2'} and extras {'vocab': Vocabulary with namespaces:  dependencies, Size: 47 || labels, Size: 2 || Non Padded Namespaces: {'*tags', '*labels'}}
2019-02-12 05:58:43,490 - INFO - allennlp.common.params - model.type = simple_tagger2
2019-02-12 05:58:43,490 - INFO - allennlp.common.from_params - instantiating class <class 'myallennlp.models.simple_tagger2.SimpleTagger2'> from params {'Ntags0': 95, 'Ntags1': 5, 'do_crossentropy_weighting': True, 'encoder': {'input_dim': 20, 'type': 'pass_through'}, 'text_field_embedder': {'token_embedders': {'dependency_label': {'embedding_dim': 20, 'type': 'embedding', 'vocab_namespace': 'dependencies'}}}} and extras {'vocab': Vocabulary with namespaces:  dependencies, Size: 47 || labels, Size: 2 || Non Padded Namespaces: {'*tags', '*labels'}}
2019-02-12 05:58:43,490 - INFO - allennlp.common.from_params - instantiating class <class 'allennlp.modules.text_field_embedders.text_field_embedder.TextFieldEmbedder'> from params {'token_embedders': {'dependency_label': {'embedding_dim': 20, 'type': 'embedding', 'vocab_namespace': 'dependencies'}}} and extras {'vocab': Vocabulary with namespaces:  dependencies, Size: 47 || labels, Size: 2 || Non Padded Namespaces: {'*tags', '*labels'}}
2019-02-12 05:58:43,490 - INFO - allennlp.common.params - model.text_field_embedder.type = basic
2019-02-12 05:58:43,491 - INFO - allennlp.common.params - model.text_field_embedder.embedder_to_indexer_map = None
2019-02-12 05:58:43,491 - INFO - allennlp.common.params - model.text_field_embedder.allow_unmatched_keys = False
2019-02-12 05:58:43,491 - INFO - allennlp.common.from_params - instantiating class <class 'allennlp.modules.token_embedders.token_embedder.TokenEmbedder'> from params {'embedding_dim': 20, 'type': 'embedding', 'vocab_namespace': 'dependencies'} and extras {'vocab': Vocabulary with namespaces:  dependencies, Size: 47 || labels, Size: 2 || Non Padded Namespaces: {'*tags', '*labels'}}
2019-02-12 05:58:43,491 - INFO - allennlp.common.params - model.text_field_embedder.token_embedders.dependency_label.type = embedding
2019-02-12 05:58:43,492 - INFO - allennlp.common.params - model.text_field_embedder.token_embedders.dependency_label.num_embeddings = None
2019-02-12 05:58:43,492 - INFO - allennlp.common.params - model.text_field_embedder.token_embedders.dependency_label.vocab_namespace = dependencies
2019-02-12 05:58:43,492 - INFO - allennlp.common.params - model.text_field_embedder.token_embedders.dependency_label.embedding_dim = 20
2019-02-12 05:58:43,492 - INFO - allennlp.common.params - model.text_field_embedder.token_embedders.dependency_label.pretrained_file = None
2019-02-12 05:58:43,492 - INFO - allennlp.common.params - model.text_field_embedder.token_embedders.dependency_label.projection_dim = None
2019-02-12 05:58:43,492 - INFO - allennlp.common.params - model.text_field_embedder.token_embedders.dependency_label.trainable = True
2019-02-12 05:58:43,493 - INFO - allennlp.common.params - model.text_field_embedder.token_embedders.dependency_label.padding_index = None
2019-02-12 05:58:43,493 - INFO - allennlp.common.params - model.text_field_embedder.token_embedders.dependency_label.max_norm = None
2019-02-12 05:58:43,493 - INFO - allennlp.common.params - model.text_field_embedder.token_embedders.dependency_label.norm_type = 2.0
2019-02-12 05:58:43,493 - INFO - allennlp.common.params - model.text_field_embedder.token_embedders.dependency_label.scale_grad_by_freq = False
2019-02-12 05:58:43,493 - INFO - allennlp.common.params - model.text_field_embedder.token_embedders.dependency_label.sparse = False
2019-02-12 05:58:43,495 - INFO - allennlp.common.from_params - instantiating class <class 'allennlp.modules.seq2seq_encoders.seq2seq_encoder.Seq2SeqEncoder'> from params {'input_dim': 20, 'type': 'pass_through'} and extras {'vocab': Vocabulary with namespaces:  dependencies, Size: 47 || labels, Size: 2 || Non Padded Namespaces: {'*tags', '*labels'}}
2019-02-12 05:58:43,495 - INFO - allennlp.common.params - model.encoder.type = pass_through
2019-02-12 05:58:43,495 - INFO - allennlp.common.from_params - instantiating class <class 'allennlp.modules.seq2seq_encoders.pass_through_encoder.PassThroughEncoder'> from params {'input_dim': 20} and extras {'vocab': Vocabulary with namespaces:  dependencies, Size: 47 || labels, Size: 2 || Non Padded Namespaces: {'*tags', '*labels'}}
2019-02-12 05:58:43,495 - INFO - allennlp.common.params - model.encoder.input_dim = 20
2019-02-12 05:58:43,496 - INFO - allennlp.common.params - model.do_crossentropy_weighting = True
2019-02-12 05:58:43,496 - INFO - allennlp.common.params - model.Ntags0 = 95
2019-02-12 05:58:43,496 - INFO - allennlp.common.params - model.Ntags1 = 5
2019-02-12 05:58:43,497 - INFO - allennlp.nn.initializers - Initializing parameters
2019-02-12 05:58:43,497 - INFO - allennlp.nn.initializers - Done initializing parameters; the following parameters are using their default initialization from their code
2019-02-12 05:58:43,497 - INFO - allennlp.nn.initializers -    tag_projection_layer._module.bias
2019-02-12 05:58:43,497 - INFO - allennlp.nn.initializers -    tag_projection_layer._module.weight
2019-02-12 05:58:43,497 - INFO - allennlp.nn.initializers -    text_field_embedder.token_embedder_dependency_label.weight
2019-02-12 05:58:43,499 - INFO - allennlp.common.from_params - instantiating class <class 'allennlp.data.iterators.data_iterator.DataIterator'> from params {'batch_size': 32, 'type': 'basic'} and extras {}
2019-02-12 05:58:43,499 - INFO - allennlp.common.params - iterator.type = basic
2019-02-12 05:58:43,499 - INFO - allennlp.common.from_params - instantiating class <class 'allennlp.data.iterators.basic_iterator.BasicIterator'> from params {'batch_size': 32} and extras {}
2019-02-12 05:58:43,499 - INFO - allennlp.common.params - iterator.batch_size = 32
2019-02-12 05:58:43,499 - INFO - allennlp.common.params - iterator.instances_per_epoch = None
2019-02-12 05:58:43,500 - INFO - allennlp.common.params - iterator.max_instances_in_memory = None
2019-02-12 05:58:43,500 - INFO - allennlp.common.params - iterator.cache_instances = False
2019-02-12 05:58:43,500 - INFO - allennlp.common.params - iterator.track_epoch = False
2019-02-12 05:58:43,500 - INFO - allennlp.common.params - iterator.maximum_samples_per_batch = None
2019-02-12 05:58:43,500 - INFO - allennlp.common.params - validation_iterator = None
2019-02-12 05:58:43,500 - INFO - allennlp.common.params - trainer.no_grad = ()
2019-02-12 05:58:43,501 - INFO - allennlp.commands.train - Following parameters are Frozen  (without gradient):
2019-02-12 05:58:43,501 - INFO - allennlp.commands.train - Following parameters are Tunable (with gradient):
2019-02-12 05:58:43,501 - INFO - allennlp.commands.train - text_field_embedder.token_embedder_dependency_label.weight
2019-02-12 05:58:43,501 - INFO - allennlp.commands.train - tag_projection_layer._module.weight
2019-02-12 05:58:43,501 - INFO - allennlp.commands.train - tag_projection_layer._module.bias
2019-02-12 05:58:43,501 - INFO - allennlp.common.params - trainer.type = default
2019-02-12 05:58:43,502 - INFO - allennlp.common.params - trainer.patience = 5
2019-02-12 05:58:43,502 - INFO - allennlp.common.params - trainer.validation_metric = -loss
2019-02-12 05:58:43,502 - INFO - allennlp.common.params - trainer.shuffle = True
2019-02-12 05:58:43,502 - INFO - allennlp.common.params - trainer.num_epochs = 40
2019-02-12 05:58:43,502 - INFO - allennlp.common.params - trainer.cuda_device = 0
2019-02-12 05:58:43,502 - INFO - allennlp.common.params - trainer.grad_norm = None
2019-02-12 05:58:43,502 - INFO - allennlp.common.params - trainer.grad_clipping = None
2019-02-12 05:58:43,502 - INFO - allennlp.common.params - trainer.learning_rate_scheduler = None
2019-02-12 05:58:48,877 - INFO - allennlp.common.params - trainer.optimizer = adam
2019-02-12 05:58:48,877 - INFO - allennlp.common.params - parameter_groups = None
2019-02-12 05:58:48,877 - INFO - allennlp.training.optimizers - Number of trainable parameters: 982
2019-02-12 05:58:48,879 - INFO - allennlp.common.params - Converting Params object to dict; logging of default values will not occur when dictionary parameters are used subsequently.
2019-02-12 05:58:48,879 - INFO - allennlp.common.params - CURRENTLY DEFINED PARAMETERS: 
2019-02-12 05:58:48,879 - INFO - allennlp.common.params - trainer.num_serialized_models_to_keep = 20
2019-02-12 05:58:48,879 - INFO - allennlp.common.params - trainer.keep_serialized_model_every_num_seconds = None
2019-02-12 05:58:48,879 - INFO - allennlp.common.params - trainer.model_save_interval = None
2019-02-12 05:58:48,880 - INFO - allennlp.common.params - trainer.summary_interval = 100
2019-02-12 05:58:48,880 - INFO - allennlp.common.params - trainer.histogram_interval = None
2019-02-12 05:58:48,880 - INFO - allennlp.common.params - trainer.should_log_parameter_statistics = True
2019-02-12 05:58:48,880 - INFO - allennlp.common.params - trainer.should_log_learning_rate = False
2019-02-12 05:58:48,880 - INFO - allennlp.common.params - trainer.log_batch_size_period = None
2019-02-12 05:58:48,883 - INFO - allennlp.common.params - evaluate_on_test = False
2019-02-12 05:58:48,884 - INFO - allennlp.training.trainer - Beginning training.
2019-02-12 05:58:48,885 - INFO - allennlp.training.trainer - Epoch 0/39
2019-02-12 05:58:48,885 - INFO - allennlp.training.trainer - Peak CPU memory usage MB: 2609.344
2019-02-12 05:58:49,003 - INFO - allennlp.training.trainer - GPU 0 memory usage MB: 382
2019-02-12 05:58:49,003 - INFO - allennlp.training.trainer - Training
2019-02-12 05:58:53,711 - INFO - allennlp.training.trainer - Validating
2019-02-12 05:58:55,608 - INFO - allennlp.training.trainer -                     Training |  Validation
2019-02-12 05:58:55,609 - INFO - allennlp.training.trainer - loss            |     0.586  |     0.539
2019-02-12 05:58:55,609 - INFO - allennlp.training.trainer - accuracy3       |     1.000  |     1.000
2019-02-12 05:58:55,609 - INFO - allennlp.training.trainer - gpu_0_memory_MB |   382.000  |       N/A
2019-02-12 05:58:55,609 - INFO - allennlp.training.trainer - accuracy        |     0.736  |     0.727
2019-02-12 05:58:55,610 - INFO - allennlp.training.trainer - cpu_memory_MB   |  2609.344  |       N/A
2019-02-12 05:58:55,612 - INFO - allennlp.training.trainer - Best validation performance so far. Copying weights to './model_params/best.th'.
2019-02-12 05:58:55,619 - INFO - allennlp.training.trainer - Epoch duration: 00:00:06
2019-02-12 05:58:55,619 - INFO - allennlp.training.trainer - Estimated training time remaining: 0:04:22
2019-02-12 05:58:55,620 - INFO - allennlp.training.trainer - Epoch 1/39
2019-02-12 05:58:55,620 - INFO - allennlp.training.trainer - Peak CPU memory usage MB: 2630.908
2019-02-12 05:58:55,806 - INFO - allennlp.training.trainer - GPU 0 memory usage MB: 384
2019-02-12 05:58:55,807 - INFO - allennlp.training.trainer - Training
2019-02-12 05:58:59,403 - INFO - allennlp.training.trainer - Validating
2019-02-12 05:59:00,688 - INFO - allennlp.training.trainer -                     Training |  Validation
2019-02-12 05:59:00,689 - INFO - allennlp.training.trainer - loss            |     0.478  |     0.523
2019-02-12 05:59:00,689 - INFO - allennlp.training.trainer - accuracy3       |     1.000  |     1.000
2019-02-12 05:59:00,690 - INFO - allennlp.training.trainer - gpu_0_memory_MB |   384.000  |       N/A
2019-02-12 05:59:00,690 - INFO - allennlp.training.trainer - accuracy        |     0.725  |     0.745
2019-02-12 05:59:00,690 - INFO - allennlp.training.trainer - cpu_memory_MB   |  2630.908  |       N/A
2019-02-12 05:59:00,692 - INFO - allennlp.training.trainer - Best validation performance so far. Copying weights to './model_params/best.th'.
2019-02-12 05:59:00,693 - INFO - allennlp.training.trainer - Epoch duration: 00:00:05
2019-02-12 05:59:00,693 - INFO - allennlp.training.trainer - Estimated training time remaining: 0:03:44
2019-02-12 05:59:00,693 - INFO - allennlp.training.trainer - Epoch 2/39
2019-02-12 05:59:00,694 - INFO - allennlp.training.trainer - Peak CPU memory usage MB: 2631.2
2019-02-12 05:59:00,879 - INFO - allennlp.training.trainer - GPU 0 memory usage MB: 384
2019-02-12 05:59:00,880 - INFO - allennlp.training.trainer - Training
2019-02-12 05:59:04,542 - INFO - allennlp.training.trainer - Validating
2019-02-12 05:59:05,619 - INFO - allennlp.training.trainer -                     Training |  Validation
2019-02-12 05:59:05,620 - INFO - allennlp.training.trainer - loss            |     0.468  |     0.521
2019-02-12 05:59:05,621 - INFO - allennlp.training.trainer - accuracy3       |     1.000  |     1.000
2019-02-12 05:59:05,621 - INFO - allennlp.training.trainer - gpu_0_memory_MB |   384.000  |       N/A
2019-02-12 05:59:05,621 - INFO - allennlp.training.trainer - accuracy        |     0.726  |     0.742
2019-02-12 05:59:05,621 - INFO - allennlp.training.trainer - cpu_memory_MB   |  2631.200  |       N/A
2019-02-12 05:59:05,624 - INFO - allennlp.training.trainer - Best validation performance so far. Copying weights to './model_params/best.th'.
2019-02-12 05:59:05,624 - INFO - allennlp.training.trainer - Epoch duration: 00:00:04
2019-02-12 05:59:05,625 - INFO - allennlp.training.trainer - Estimated training time remaining: 0:03:26
2019-02-12 05:59:05,625 - INFO - allennlp.training.trainer - Epoch 3/39
2019-02-12 05:59:05,625 - INFO - allennlp.training.trainer - Peak CPU memory usage MB: 2631.248
2019-02-12 05:59:05,727 - INFO - allennlp.training.trainer - GPU 0 memory usage MB: 384
2019-02-12 05:59:05,727 - INFO - allennlp.training.trainer - Training
2019-02-12 05:59:09,069 - INFO - allennlp.training.trainer - Validating
2019-02-12 05:59:10,404 - INFO - allennlp.training.trainer -                     Training |  Validation
2019-02-12 05:59:10,405 - INFO - allennlp.training.trainer - loss            |     0.466  |     0.521
2019-02-12 05:59:10,405 - INFO - allennlp.training.trainer - accuracy3       |     1.000  |     1.000
2019-02-12 05:59:10,406 - INFO - allennlp.training.trainer - gpu_0_memory_MB |   384.000  |       N/A
2019-02-12 05:59:10,406 - INFO - allennlp.training.trainer - accuracy        |     0.729  |     0.742
2019-02-12 05:59:10,406 - INFO - allennlp.training.trainer - cpu_memory_MB   |  2631.248  |       N/A
2019-02-12 05:59:10,408 - INFO - allennlp.training.trainer - Best validation performance so far. Copying weights to './model_params/best.th'.
2019-02-12 05:59:10,408 - INFO - allennlp.training.trainer - Epoch duration: 00:00:04
2019-02-12 05:59:10,409 - INFO - allennlp.training.trainer - Estimated training time remaining: 0:03:13
2019-02-12 05:59:10,409 - INFO - allennlp.training.trainer - Epoch 4/39
2019-02-12 05:59:10,409 - INFO - allennlp.training.trainer - Peak CPU memory usage MB: 2631.312
2019-02-12 05:59:10,509 - INFO - allennlp.training.trainer - GPU 0 memory usage MB: 384
2019-02-12 05:59:10,509 - INFO - allennlp.training.trainer - Training
2019-02-12 05:59:14,141 - INFO - allennlp.training.trainer - Validating
2019-02-12 05:59:15,359 - INFO - allennlp.training.trainer -                     Training |  Validation
2019-02-12 05:59:15,360 - INFO - allennlp.training.trainer - loss            |     0.465  |     0.521
2019-02-12 05:59:15,360 - INFO - allennlp.training.trainer - accuracy3       |     1.000  |     1.000
2019-02-12 05:59:15,360 - INFO - allennlp.training.trainer - gpu_0_memory_MB |   384.000  |       N/A
2019-02-12 05:59:15,360 - INFO - allennlp.training.trainer - accuracy        |     0.726  |     0.745
2019-02-12 05:59:15,360 - INFO - allennlp.training.trainer - cpu_memory_MB   |  2631.312  |       N/A
2019-02-12 05:59:15,362 - INFO - allennlp.training.trainer - Best validation performance so far. Copying weights to './model_params/best.th'.
2019-02-12 05:59:15,364 - INFO - allennlp.training.trainer - Epoch duration: 00:00:04
2019-02-12 05:59:15,364 - INFO - allennlp.training.trainer - Estimated training time remaining: 0:03:05
2019-02-12 05:59:15,364 - INFO - allennlp.training.trainer - Epoch 5/39
2019-02-12 05:59:15,364 - INFO - allennlp.training.trainer - Peak CPU memory usage MB: 2631.34
2019-02-12 05:59:15,560 - INFO - allennlp.training.trainer - GPU 0 memory usage MB: 384
2019-02-12 05:59:15,560 - INFO - allennlp.training.trainer - Training
2019-02-12 05:59:19,242 - INFO - allennlp.training.trainer - Validating
2019-02-12 05:59:20,474 - INFO - allennlp.training.trainer -                     Training |  Validation
2019-02-12 05:59:20,479 - INFO - allennlp.training.trainer - loss            |     0.465  |     0.522
2019-02-12 05:59:20,479 - INFO - allennlp.training.trainer - accuracy3       |     1.000  |     1.000
2019-02-12 05:59:20,479 - INFO - allennlp.training.trainer - gpu_0_memory_MB |   384.000  |       N/A
2019-02-12 05:59:20,480 - INFO - allennlp.training.trainer - accuracy        |     0.737  |     0.715
2019-02-12 05:59:20,480 - INFO - allennlp.training.trainer - cpu_memory_MB   |  2631.340  |       N/A
2019-02-12 05:59:20,487 - INFO - allennlp.training.trainer - Epoch duration: 00:00:05
2019-02-12 05:59:20,487 - INFO - allennlp.training.trainer - Estimated training time remaining: 0:02:59
2019-02-12 05:59:20,487 - INFO - allennlp.training.trainer - Epoch 6/39
2019-02-12 05:59:20,488 - INFO - allennlp.training.trainer - Peak CPU memory usage MB: 2631.416
2019-02-12 05:59:20,693 - INFO - allennlp.training.trainer - GPU 0 memory usage MB: 384
2019-02-12 05:59:20,694 - INFO - allennlp.training.trainer - Training
2019-02-12 05:59:24,363 - INFO - allennlp.training.trainer - Validating
2019-02-12 05:59:25,679 - INFO - allennlp.training.trainer -                     Training |  Validation
2019-02-12 05:59:25,680 - INFO - allennlp.training.trainer - loss            |     0.464  |     0.522
2019-02-12 05:59:25,681 - INFO - allennlp.training.trainer - accuracy3       |     1.000  |     1.000
2019-02-12 05:59:25,681 - INFO - allennlp.training.trainer - gpu_0_memory_MB |   384.000  |       N/A
2019-02-12 05:59:25,681 - INFO - allennlp.training.trainer - accuracy        |     0.718  |     0.742
2019-02-12 05:59:25,681 - INFO - allennlp.training.trainer - cpu_memory_MB   |  2631.416  |       N/A
2019-02-12 05:59:25,684 - INFO - allennlp.training.trainer - Epoch duration: 00:00:05
2019-02-12 05:59:25,684 - INFO - allennlp.training.trainer - Estimated training time remaining: 0:02:53
2019-02-12 05:59:25,684 - INFO - allennlp.training.trainer - Epoch 7/39
2019-02-12 05:59:25,685 - INFO - allennlp.training.trainer - Peak CPU memory usage MB: 2631.436
2019-02-12 05:59:25,837 - INFO - allennlp.training.trainer - GPU 0 memory usage MB: 384
2019-02-12 05:59:25,838 - INFO - allennlp.training.trainer - Training
2019-02-12 05:59:29,427 - INFO - allennlp.training.trainer - Validating
2019-02-12 05:59:30,757 - INFO - allennlp.training.trainer -                     Training |  Validation
2019-02-12 05:59:30,764 - INFO - allennlp.training.trainer - loss            |     0.464  |     0.520
2019-02-12 05:59:30,764 - INFO - allennlp.training.trainer - accuracy3       |     1.000  |     1.000
2019-02-12 05:59:30,764 - INFO - allennlp.training.trainer - gpu_0_memory_MB |   384.000  |       N/A
2019-02-12 05:59:30,764 - INFO - allennlp.training.trainer - accuracy        |     0.731  |     0.742
2019-02-12 05:59:30,764 - INFO - allennlp.training.trainer - cpu_memory_MB   |  2631.436  |       N/A
2019-02-12 05:59:30,766 - INFO - allennlp.training.trainer - Best validation performance so far. Copying weights to './model_params/best.th'.
2019-02-12 05:59:30,767 - INFO - allennlp.training.trainer - Epoch duration: 00:00:05
2019-02-12 05:59:30,767 - INFO - allennlp.training.trainer - Estimated training time remaining: 0:02:47
2019-02-12 05:59:30,767 - INFO - allennlp.training.trainer - Epoch 8/39
2019-02-12 05:59:30,767 - INFO - allennlp.training.trainer - Peak CPU memory usage MB: 2631.468
2019-02-12 05:59:30,974 - INFO - allennlp.training.trainer - GPU 0 memory usage MB: 384
2019-02-12 05:59:30,974 - INFO - allennlp.training.trainer - Training
2019-02-12 05:59:34,785 - INFO - allennlp.training.trainer - Validating
2019-02-12 05:59:36,340 - INFO - allennlp.training.trainer -                     Training |  Validation
2019-02-12 05:59:36,341 - INFO - allennlp.training.trainer - loss            |     0.464  |     0.521
2019-02-12 05:59:36,342 - INFO - allennlp.training.trainer - accuracy3       |     1.000  |     1.000
2019-02-12 05:59:36,342 - INFO - allennlp.training.trainer - gpu_0_memory_MB |   384.000  |       N/A
2019-02-12 05:59:36,343 - INFO - allennlp.training.trainer - accuracy        |     0.733  |     0.717
2019-02-12 05:59:36,343 - INFO - allennlp.training.trainer - cpu_memory_MB   |  2631.468  |       N/A
2019-02-12 05:59:36,346 - INFO - allennlp.training.trainer - Epoch duration: 00:00:05
2019-02-12 05:59:36,348 - INFO - allennlp.training.trainer - Estimated training time remaining: 0:02:43
2019-02-12 05:59:36,348 - INFO - allennlp.training.trainer - Epoch 9/39
2019-02-12 05:59:36,348 - INFO - allennlp.training.trainer - Peak CPU memory usage MB: 2631.516
2019-02-12 05:59:36,543 - INFO - allennlp.training.trainer - GPU 0 memory usage MB: 384
2019-02-12 05:59:36,544 - INFO - allennlp.training.trainer - Training
2019-02-12 05:59:39,922 - INFO - allennlp.training.trainer - Validating
2019-02-12 05:59:41,424 - INFO - allennlp.training.trainer -                     Training |  Validation
2019-02-12 05:59:41,430 - INFO - allennlp.training.trainer - loss            |     0.465  |     0.520
2019-02-12 05:59:41,430 - INFO - allennlp.training.trainer - accuracy3       |     1.000  |     1.000
2019-02-12 05:59:41,430 - INFO - allennlp.training.trainer - gpu_0_memory_MB |   384.000  |       N/A
2019-02-12 05:59:41,430 - INFO - allennlp.training.trainer - accuracy        |     0.724  |     0.715
2019-02-12 05:59:41,430 - INFO - allennlp.training.trainer - cpu_memory_MB   |  2631.516  |       N/A
2019-02-12 05:59:41,433 - INFO - allennlp.training.trainer - Epoch duration: 00:00:05
2019-02-12 05:59:41,433 - INFO - allennlp.training.trainer - Estimated training time remaining: 0:02:37
2019-02-12 05:59:41,433 - INFO - allennlp.training.trainer - Epoch 10/39
2019-02-12 05:59:41,434 - INFO - allennlp.training.trainer - Peak CPU memory usage MB: 2631.58
2019-02-12 05:59:41,620 - INFO - allennlp.training.trainer - GPU 0 memory usage MB: 384
2019-02-12 05:59:41,620 - INFO - allennlp.training.trainer - Training
2019-02-12 05:59:45,255 - INFO - allennlp.training.trainer - Validating
2019-02-12 05:59:46,401 - INFO - allennlp.training.trainer -                     Training |  Validation
2019-02-12 05:59:46,402 - INFO - allennlp.training.trainer - loss            |     0.464  |     0.520
2019-02-12 05:59:46,403 - INFO - allennlp.training.trainer - accuracy3       |     1.000  |     1.000
2019-02-12 05:59:46,403 - INFO - allennlp.training.trainer - gpu_0_memory_MB |   384.000  |       N/A
2019-02-12 05:59:46,403 - INFO - allennlp.training.trainer - accuracy        |     0.724  |     0.742
2019-02-12 05:59:46,403 - INFO - allennlp.training.trainer - cpu_memory_MB   |  2631.580  |       N/A
2019-02-12 05:59:46,405 - INFO - allennlp.training.trainer - Best validation performance so far. Copying weights to './model_params/best.th'.
2019-02-12 05:59:46,406 - INFO - allennlp.training.trainer - Epoch duration: 00:00:04
2019-02-12 05:59:46,406 - INFO - allennlp.training.trainer - Estimated training time remaining: 0:02:31
2019-02-12 05:59:46,406 - INFO - allennlp.training.trainer - Epoch 11/39
2019-02-12 05:59:46,406 - INFO - allennlp.training.trainer - Peak CPU memory usage MB: 2631.608
2019-02-12 05:59:46,517 - INFO - allennlp.training.trainer - GPU 0 memory usage MB: 384
2019-02-12 05:59:46,518 - INFO - allennlp.training.trainer - Training
2019-02-12 05:59:50,253 - INFO - allennlp.training.trainer - Validating
2019-02-12 05:59:51,734 - INFO - allennlp.training.trainer -                     Training |  Validation
2019-02-12 05:59:51,736 - INFO - allennlp.training.trainer - loss            |     0.465  |     0.520
2019-02-12 05:59:51,736 - INFO - allennlp.training.trainer - accuracy3       |     1.000  |     1.000
2019-02-12 05:59:51,736 - INFO - allennlp.training.trainer - gpu_0_memory_MB |   384.000  |       N/A
2019-02-12 05:59:51,736 - INFO - allennlp.training.trainer - accuracy        |     0.723  |     0.742
2019-02-12 05:59:51,736 - INFO - allennlp.training.trainer - cpu_memory_MB   |  2631.608  |       N/A
2019-02-12 05:59:51,739 - INFO - allennlp.training.trainer - Epoch duration: 00:00:05
2019-02-12 05:59:51,739 - INFO - allennlp.training.trainer - Estimated training time remaining: 0:02:26
2019-02-12 05:59:51,739 - INFO - allennlp.training.trainer - Epoch 12/39
2019-02-12 05:59:51,739 - INFO - allennlp.training.trainer - Peak CPU memory usage MB: 2631.608
2019-02-12 05:59:51,915 - INFO - allennlp.training.trainer - GPU 0 memory usage MB: 384
2019-02-12 05:59:51,916 - INFO - allennlp.training.trainer - Training
2019-02-12 05:59:55,273 - INFO - allennlp.training.trainer - Validating
2019-02-12 05:59:56,616 - INFO - allennlp.training.trainer -                     Training |  Validation
2019-02-12 05:59:56,617 - INFO - allennlp.training.trainer - loss            |     0.464  |     0.520
2019-02-12 05:59:56,617 - INFO - allennlp.training.trainer - accuracy3       |     1.000  |     1.000
2019-02-12 05:59:56,618 - INFO - allennlp.training.trainer - gpu_0_memory_MB |   384.000  |       N/A
2019-02-12 05:59:56,618 - INFO - allennlp.training.trainer - accuracy        |     0.737  |     0.742
2019-02-12 05:59:56,618 - INFO - allennlp.training.trainer - cpu_memory_MB   |  2631.608  |       N/A
2019-02-12 05:59:56,621 - INFO - allennlp.training.trainer - Best validation performance so far. Copying weights to './model_params/best.th'.
2019-02-12 05:59:56,623 - INFO - allennlp.training.trainer - Epoch duration: 00:00:04
2019-02-12 05:59:56,623 - INFO - allennlp.training.trainer - Estimated training time remaining: 0:02:20
2019-02-12 05:59:56,624 - INFO - allennlp.training.trainer - Epoch 13/39
2019-02-12 05:59:56,624 - INFO - allennlp.training.trainer - Peak CPU memory usage MB: 2631.608
2019-02-12 05:59:56,832 - INFO - allennlp.training.trainer - GPU 0 memory usage MB: 384
2019-02-12 05:59:56,832 - INFO - allennlp.training.trainer - Training
2019-02-12 06:00:00,357 - INFO - allennlp.training.trainer - Validating
2019-02-12 06:00:01,931 - INFO - allennlp.training.trainer -                     Training |  Validation
2019-02-12 06:00:01,933 - INFO - allennlp.training.trainer - loss            |     0.464  |     0.520
2019-02-12 06:00:01,933 - INFO - allennlp.training.trainer - accuracy3       |     1.000  |     1.000
2019-02-12 06:00:01,934 - INFO - allennlp.training.trainer - gpu_0_memory_MB |   384.000  |       N/A
2019-02-12 06:00:01,934 - INFO - allennlp.training.trainer - accuracy        |     0.725  |     0.742
2019-02-12 06:00:01,934 - INFO - allennlp.training.trainer - cpu_memory_MB   |  2631.608  |       N/A
2019-02-12 06:00:01,936 - INFO - allennlp.training.trainer - Best validation performance so far. Copying weights to './model_params/best.th'.
2019-02-12 06:00:01,937 - INFO - allennlp.training.trainer - Epoch duration: 00:00:05
2019-02-12 06:00:01,937 - INFO - allennlp.training.trainer - Estimated training time remaining: 0:02:15
2019-02-12 06:00:01,937 - INFO - allennlp.training.trainer - Epoch 14/39
2019-02-12 06:00:01,938 - INFO - allennlp.training.trainer - Peak CPU memory usage MB: 2631.62
2019-02-12 06:00:02,114 - INFO - allennlp.training.trainer - GPU 0 memory usage MB: 384
2019-02-12 06:00:02,115 - INFO - allennlp.training.trainer - Training
2019-02-12 06:00:05,698 - INFO - allennlp.training.trainer - Validating
2019-02-12 06:00:07,059 - INFO - allennlp.training.trainer -                     Training |  Validation
2019-02-12 06:00:07,060 - INFO - allennlp.training.trainer - loss            |     0.464  |     0.520
2019-02-12 06:00:07,060 - INFO - allennlp.training.trainer - accuracy3       |     1.000  |     1.000
2019-02-12 06:00:07,060 - INFO - allennlp.training.trainer - gpu_0_memory_MB |   384.000  |       N/A
2019-02-12 06:00:07,060 - INFO - allennlp.training.trainer - accuracy        |     0.729  |     0.715
2019-02-12 06:00:07,060 - INFO - allennlp.training.trainer - cpu_memory_MB   |  2631.620  |       N/A
2019-02-12 06:00:07,062 - INFO - allennlp.training.trainer - Epoch duration: 00:00:05
2019-02-12 06:00:07,066 - INFO - allennlp.training.trainer - Estimated training time remaining: 0:02:10
2019-02-12 06:00:07,066 - INFO - allennlp.training.trainer - Epoch 15/39
2019-02-12 06:00:07,066 - INFO - allennlp.training.trainer - Peak CPU memory usage MB: 2631.636
2019-02-12 06:00:07,206 - INFO - allennlp.training.trainer - GPU 0 memory usage MB: 384
2019-02-12 06:00:07,207 - INFO - allennlp.training.trainer - Training
2019-02-12 06:00:10,778 - INFO - allennlp.training.trainer - Validating
2019-02-12 06:00:12,102 - INFO - allennlp.training.trainer -                     Training |  Validation
2019-02-12 06:00:12,104 - INFO - allennlp.training.trainer - loss            |     0.464  |     0.520
2019-02-12 06:00:12,104 - INFO - allennlp.training.trainer - accuracy3       |     1.000  |     1.000
2019-02-12 06:00:12,104 - INFO - allennlp.training.trainer - gpu_0_memory_MB |   384.000  |       N/A
2019-02-12 06:00:12,104 - INFO - allennlp.training.trainer - accuracy        |     0.718  |     0.745
2019-02-12 06:00:12,104 - INFO - allennlp.training.trainer - cpu_memory_MB   |  2631.636  |       N/A
2019-02-12 06:00:12,106 - INFO - allennlp.training.trainer - Epoch duration: 00:00:05
2019-02-12 06:00:12,107 - INFO - allennlp.training.trainer - Estimated training time remaining: 0:02:04
2019-02-12 06:00:12,107 - INFO - allennlp.training.trainer - Epoch 16/39
2019-02-12 06:00:12,107 - INFO - allennlp.training.trainer - Peak CPU memory usage MB: 2631.636
2019-02-12 06:00:12,214 - INFO - allennlp.training.trainer - GPU 0 memory usage MB: 384
2019-02-12 06:00:12,214 - INFO - allennlp.training.trainer - Training
2019-02-12 06:00:16,170 - INFO - allennlp.training.trainer - Validating
2019-02-12 06:00:17,655 - INFO - allennlp.training.trainer -                     Training |  Validation
2019-02-12 06:00:17,655 - INFO - allennlp.training.trainer - loss            |     0.464  |     0.518
2019-02-12 06:00:17,656 - INFO - allennlp.training.trainer - accuracy3       |     1.000  |     1.000
2019-02-12 06:00:17,656 - INFO - allennlp.training.trainer - gpu_0_memory_MB |   384.000  |       N/A
2019-02-12 06:00:17,657 - INFO - allennlp.training.trainer - accuracy        |     0.725  |     0.715
2019-02-12 06:00:17,657 - INFO - allennlp.training.trainer - cpu_memory_MB   |  2631.636  |       N/A
2019-02-12 06:00:17,659 - INFO - allennlp.training.trainer - Best validation performance so far. Copying weights to './model_params/best.th'.
2019-02-12 06:00:17,660 - INFO - allennlp.training.trainer - Epoch duration: 00:00:05
2019-02-12 06:00:17,660 - INFO - allennlp.training.trainer - Estimated training time remaining: 0:02:00
2019-02-12 06:00:17,660 - INFO - allennlp.training.trainer - Epoch 17/39
2019-02-12 06:00:17,660 - INFO - allennlp.training.trainer - Peak CPU memory usage MB: 2631.668
2019-02-12 06:00:17,858 - INFO - allennlp.training.trainer - GPU 0 memory usage MB: 384
2019-02-12 06:00:17,859 - INFO - allennlp.training.trainer - Training
2019-02-12 06:00:21,401 - INFO - allennlp.training.trainer - Validating
2019-02-12 06:00:22,725 - INFO - allennlp.training.trainer -                     Training |  Validation
2019-02-12 06:00:22,729 - INFO - allennlp.training.trainer - loss            |     0.466  |     0.520
2019-02-12 06:00:22,729 - INFO - allennlp.training.trainer - accuracy3       |     1.000  |     1.000
2019-02-12 06:00:22,729 - INFO - allennlp.training.trainer - gpu_0_memory_MB |   384.000  |       N/A
2019-02-12 06:00:22,730 - INFO - allennlp.training.trainer - accuracy        |     0.727  |     0.715
2019-02-12 06:00:22,730 - INFO - allennlp.training.trainer - cpu_memory_MB   |  2631.668  |       N/A
2019-02-12 06:00:22,732 - INFO - allennlp.training.trainer - Epoch duration: 00:00:05
2019-02-12 06:00:22,732 - INFO - allennlp.training.trainer - Estimated training time remaining: 0:01:54
2019-02-12 06:00:22,732 - INFO - allennlp.training.trainer - Epoch 18/39
2019-02-12 06:00:22,732 - INFO - allennlp.training.trainer - Peak CPU memory usage MB: 2631.668
2019-02-12 06:00:22,927 - INFO - allennlp.training.trainer - GPU 0 memory usage MB: 384
2019-02-12 06:00:22,928 - INFO - allennlp.training.trainer - Training
2019-02-12 06:00:26,612 - INFO - allennlp.training.trainer - Validating
2019-02-12 06:00:27,991 - INFO - allennlp.training.trainer -                     Training |  Validation
2019-02-12 06:00:27,994 - INFO - allennlp.training.trainer - loss            |     0.464  |     0.521
2019-02-12 06:00:27,994 - INFO - allennlp.training.trainer - accuracy3       |     1.000  |     1.000
2019-02-12 06:00:27,994 - INFO - allennlp.training.trainer - gpu_0_memory_MB |   384.000  |       N/A
2019-02-12 06:00:27,994 - INFO - allennlp.training.trainer - accuracy        |     0.729  |     0.715
2019-02-12 06:00:27,994 - INFO - allennlp.training.trainer - cpu_memory_MB   |  2631.668  |       N/A
2019-02-12 06:00:27,997 - INFO - allennlp.training.trainer - Epoch duration: 00:00:05
2019-02-12 06:00:27,997 - INFO - allennlp.training.trainer - Estimated training time remaining: 0:01:49
2019-02-12 06:00:27,997 - INFO - allennlp.training.trainer - Epoch 19/39
2019-02-12 06:00:28,008 - INFO - allennlp.training.trainer - Peak CPU memory usage MB: 2631.668
2019-02-12 06:00:28,187 - INFO - allennlp.training.trainer - GPU 0 memory usage MB: 384
2019-02-12 06:00:28,188 - INFO - allennlp.training.trainer - Training
2019-02-12 06:00:31,790 - INFO - allennlp.training.trainer - Validating
2019-02-12 06:00:33,441 - INFO - allennlp.training.trainer -                     Training |  Validation
2019-02-12 06:00:33,442 - INFO - allennlp.training.trainer - loss            |     0.466  |     0.521
2019-02-12 06:00:33,442 - INFO - allennlp.training.trainer - accuracy3       |     1.000  |     1.000
2019-02-12 06:00:33,442 - INFO - allennlp.training.trainer - gpu_0_memory_MB |   384.000  |       N/A
2019-02-12 06:00:33,442 - INFO - allennlp.training.trainer - accuracy        |     0.726  |     0.742
2019-02-12 06:00:33,442 - INFO - allennlp.training.trainer - cpu_memory_MB   |  2631.668  |       N/A
2019-02-12 06:00:33,447 - INFO - allennlp.training.trainer - Epoch duration: 00:00:05
2019-02-12 06:00:33,449 - INFO - allennlp.training.trainer - Estimated training time remaining: 0:01:44
2019-02-12 06:00:33,449 - INFO - allennlp.training.trainer - Epoch 20/39
2019-02-12 06:00:33,449 - INFO - allennlp.training.trainer - Peak CPU memory usage MB: 2631.668
2019-02-12 06:00:33,650 - INFO - allennlp.training.trainer - GPU 0 memory usage MB: 384
2019-02-12 06:00:33,651 - INFO - allennlp.training.trainer - Training
2019-02-12 06:00:37,349 - INFO - allennlp.training.trainer - Validating
2019-02-12 06:00:38,781 - INFO - allennlp.training.trainer -                     Training |  Validation
2019-02-12 06:00:38,783 - INFO - allennlp.training.trainer - loss            |     0.464  |     0.520
2019-02-12 06:00:38,783 - INFO - allennlp.training.trainer - accuracy3       |     1.000  |     1.000
2019-02-12 06:00:38,783 - INFO - allennlp.training.trainer - gpu_0_memory_MB |   384.000  |       N/A
2019-02-12 06:00:38,784 - INFO - allennlp.training.trainer - accuracy        |     0.727  |     0.742
2019-02-12 06:00:38,784 - INFO - allennlp.training.trainer - cpu_memory_MB   |  2631.668  |       N/A
2019-02-12 06:00:38,788 - INFO - allennlp.training.trainer - Epoch duration: 00:00:05
2019-02-12 06:00:38,788 - INFO - allennlp.training.trainer - Estimated training time remaining: 0:01:39
2019-02-12 06:00:38,788 - INFO - allennlp.training.trainer - Epoch 21/39
2019-02-12 06:00:38,788 - INFO - allennlp.training.trainer - Peak CPU memory usage MB: 2631.776
2019-02-12 06:00:39,005 - INFO - allennlp.training.trainer - GPU 0 memory usage MB: 384
2019-02-12 06:00:39,006 - INFO - allennlp.training.trainer - Training
2019-02-12 06:00:42,643 - INFO - allennlp.training.trainer - Validating
2019-02-12 06:00:44,255 - INFO - allennlp.training.trainer - Ran out of patience.  Stopping training.
2019-02-12 06:00:44,259 - INFO - allennlp.models.archival - archiving weights and vocabulary to ./model_params/model.tar.gz
2019-02-12 06:00:44,264 - INFO - allennlp.commands.train - Loading the best epoch weights.
2019-02-12 06:00:44,270 - INFO - allennlp.common.util - Metrics: {
  "peak_cpu_memory_MB": 2631.776,
  "peak_gpu_0_memory_MB": 384,
  "training_duration": "00:01:49",
  "training_start_epoch": 0,
  "training_epochs": 20,
  "epoch": 20,
  "training_accuracy": 0.727079533072056,
  "training_accuracy3": 1.0,
  "training_loss": 0.4641614476947681,
  "training_cpu_memory_MB": 2631.668,
  "training_gpu_0_memory_MB": 384,
  "validation_accuracy": 0.7418158034214057,
  "validation_accuracy3": 1.0,
  "validation_loss": 0.5195381109203611,
  "best_epoch": 16,
  "best_validation_accuracy": 0.714537027639636,
  "best_validation_accuracy3": 1.0,
  "best_validation_loss": 0.5183799561797356
}
Token batch process time:
99.3818883895874
Token batch process time:
53.88754081726074
