2019-02-08 02:06:25,776 - INFO - allennlp.common.from_params - instantiating class <class 'allennlp.data.dataset_readers.dataset_reader.DatasetReader'> from params {'token_indexers': {'tokens': {'lowercase_tokens': True, 'type': 'single_id'}}, 'type': 'sequence_tagging', 'word_tag_delimiter': '//'} and extras {}
2019-02-08 02:06:25,776 - INFO - allennlp.common.params - dataset_reader.type = sequence_tagging
2019-02-08 02:06:25,777 - INFO - allennlp.common.from_params - instantiating class <class 'allennlp.data.dataset_readers.sequence_tagging.SequenceTaggingDatasetReader'> from params {'token_indexers': {'tokens': {'lowercase_tokens': True, 'type': 'single_id'}}, 'word_tag_delimiter': '//'} and extras {}
2019-02-08 02:06:25,777 - INFO - allennlp.common.params - dataset_reader.word_tag_delimiter = //
2019-02-08 02:06:25,777 - INFO - allennlp.common.params - dataset_reader.token_delimiter = None
2019-02-08 02:06:25,777 - INFO - allennlp.common.from_params - instantiating class allennlp.data.token_indexers.token_indexer.TokenIndexer from params {'lowercase_tokens': True, 'type': 'single_id'} and extras {}
2019-02-08 02:06:25,777 - INFO - allennlp.common.params - dataset_reader.token_indexers.tokens.type = single_id
2019-02-08 02:06:25,778 - INFO - allennlp.common.from_params - instantiating class allennlp.data.token_indexers.single_id_token_indexer.SingleIdTokenIndexer from params {'lowercase_tokens': True} and extras {}
2019-02-08 02:06:25,778 - INFO - allennlp.common.params - dataset_reader.token_indexers.tokens.namespace = tokens
2019-02-08 02:06:25,778 - INFO - allennlp.common.params - dataset_reader.token_indexers.tokens.lowercase_tokens = True
2019-02-08 02:06:25,778 - INFO - allennlp.common.params - dataset_reader.token_indexers.tokens.start_tokens = None
2019-02-08 02:06:25,778 - INFO - allennlp.common.params - dataset_reader.token_indexers.tokens.end_tokens = None
2019-02-08 02:06:25,778 - INFO - allennlp.common.params - dataset_reader.lazy = False
2019-02-08 02:06:25,779 - INFO - allennlp.common.params - validation_dataset_reader = None
2019-02-08 02:06:25,779 - INFO - allennlp.common.params - train_data_path = ../data/allenTrain.txt
2019-02-08 02:06:25,779 - INFO - allennlp.commands.train - Reading training data from ../data/allenTrain.txt
2019-02-08 02:06:25,779 - INFO - allennlp.data.dataset_readers.sequence_tagging - Reading instances from lines in file at: ../data/allenTrain.txt
2019-02-08 02:06:45,315 - INFO - allennlp.common.params - validation_data_path = ../data/allenDev.txt
2019-02-08 02:06:45,315 - INFO - allennlp.commands.train - Reading validation data from ../data/allenDev.txt
2019-02-08 02:06:45,315 - INFO - allennlp.data.dataset_readers.sequence_tagging - Reading instances from lines in file at: ../data/allenDev.txt
2019-02-08 02:06:47,519 - INFO - allennlp.common.params - test_data_path = None
2019-02-08 02:06:47,519 - INFO - allennlp.commands.train - From dataset instances, validation, train will be considered for vocabulary creation.
2019-02-08 02:06:47,519 - INFO - allennlp.common.params - vocabulary.type = None
2019-02-08 02:06:47,519 - INFO - allennlp.common.params - vocabulary.extend = False
2019-02-08 02:06:47,520 - INFO - allennlp.common.params - vocabulary.directory_path = None
2019-02-08 02:06:47,520 - INFO - allennlp.common.params - vocabulary.min_count = None
2019-02-08 02:06:47,520 - INFO - allennlp.common.params - vocabulary.max_vocab_size = None
2019-02-08 02:06:47,520 - INFO - allennlp.common.params - vocabulary.non_padded_namespaces = ('*tags', '*labels')
2019-02-08 02:06:47,520 - INFO - allennlp.common.params - vocabulary.min_pretrained_embeddings = None
2019-02-08 02:06:47,521 - INFO - allennlp.common.params - vocabulary.only_include_pretrained_words = False
2019-02-08 02:06:47,521 - INFO - allennlp.common.params - vocabulary.tokens_to_add = None
2019-02-08 02:06:47,521 - INFO - allennlp.data.vocabulary - Fitting token dictionary from dataset.
2019-02-08 02:06:54,001 - INFO - allennlp.common.from_params - instantiating class <class 'allennlp.models.model.Model'> from params {'encoder': {'bidirectional': True, 'dropout': 0.5, 'hidden_size': 100, 'input_size': 100, 'num_layers': 2, 'type': 'lstm'}, 'text_field_embedder': {'token_embedders': {'tokens': {'embedding_dim': 100, 'pretrained_file': '~/src/allennlp/glove/glove.6B.100d.txt.gz', 'trainable': False, 'type': 'embedding'}}}, 'type': 'simple_tagger2'} and extras {'vocab': Vocabulary with namespaces:  tokens, Size: 88725 || labels, Size: 2 || Non Padded Namespaces: {'*tags', '*labels'}}
2019-02-08 02:06:54,002 - INFO - allennlp.common.params - model.type = simple_tagger2
2019-02-08 02:06:54,002 - INFO - allennlp.common.from_params - instantiating class <class 'myallennlp.models.simple_tagger2.SimpleTagger2'> from params {'encoder': {'bidirectional': True, 'dropout': 0.5, 'hidden_size': 100, 'input_size': 100, 'num_layers': 2, 'type': 'lstm'}, 'text_field_embedder': {'token_embedders': {'tokens': {'embedding_dim': 100, 'pretrained_file': '~/src/allennlp/glove/glove.6B.100d.txt.gz', 'trainable': False, 'type': 'embedding'}}}} and extras {'vocab': Vocabulary with namespaces:  tokens, Size: 88725 || labels, Size: 2 || Non Padded Namespaces: {'*tags', '*labels'}}
2019-02-08 02:06:54,002 - INFO - allennlp.common.from_params - instantiating class <class 'allennlp.modules.text_field_embedders.text_field_embedder.TextFieldEmbedder'> from params {'token_embedders': {'tokens': {'embedding_dim': 100, 'pretrained_file': '~/src/allennlp/glove/glove.6B.100d.txt.gz', 'trainable': False, 'type': 'embedding'}}} and extras {'vocab': Vocabulary with namespaces:  tokens, Size: 88725 || labels, Size: 2 || Non Padded Namespaces: {'*tags', '*labels'}}
2019-02-08 02:06:54,002 - INFO - allennlp.common.params - model.text_field_embedder.type = basic
2019-02-08 02:06:54,003 - INFO - allennlp.common.params - model.text_field_embedder.embedder_to_indexer_map = None
2019-02-08 02:06:54,003 - INFO - allennlp.common.params - model.text_field_embedder.allow_unmatched_keys = False
2019-02-08 02:06:54,003 - INFO - allennlp.common.from_params - instantiating class <class 'allennlp.modules.token_embedders.token_embedder.TokenEmbedder'> from params {'embedding_dim': 100, 'pretrained_file': '~/src/allennlp/glove/glove.6B.100d.txt.gz', 'trainable': False, 'type': 'embedding'} and extras {'vocab': Vocabulary with namespaces:  tokens, Size: 88725 || labels, Size: 2 || Non Padded Namespaces: {'*tags', '*labels'}}
2019-02-08 02:06:54,003 - INFO - allennlp.common.params - model.text_field_embedder.token_embedders.tokens.type = embedding
2019-02-08 02:06:54,004 - INFO - allennlp.common.params - model.text_field_embedder.token_embedders.tokens.num_embeddings = None
2019-02-08 02:06:54,004 - INFO - allennlp.common.params - model.text_field_embedder.token_embedders.tokens.vocab_namespace = tokens
2019-02-08 02:06:54,004 - INFO - allennlp.common.params - model.text_field_embedder.token_embedders.tokens.embedding_dim = 100
2019-02-08 02:06:54,004 - INFO - allennlp.common.params - model.text_field_embedder.token_embedders.tokens.pretrained_file = ~/src/allennlp/glove/glove.6B.100d.txt.gz
2019-02-08 02:06:54,004 - INFO - allennlp.common.params - model.text_field_embedder.token_embedders.tokens.projection_dim = None
2019-02-08 02:06:54,004 - INFO - allennlp.common.params - model.text_field_embedder.token_embedders.tokens.trainable = False
2019-02-08 02:06:54,004 - INFO - allennlp.common.params - model.text_field_embedder.token_embedders.tokens.padding_index = None
2019-02-08 02:06:54,004 - INFO - allennlp.common.params - model.text_field_embedder.token_embedders.tokens.max_norm = None
2019-02-08 02:06:54,005 - INFO - allennlp.common.params - model.text_field_embedder.token_embedders.tokens.norm_type = 2.0
2019-02-08 02:06:54,005 - INFO - allennlp.common.params - model.text_field_embedder.token_embedders.tokens.scale_grad_by_freq = False
2019-02-08 02:06:54,005 - INFO - allennlp.common.params - model.text_field_embedder.token_embedders.tokens.sparse = False
2019-02-08 02:06:54,016 - INFO - allennlp.modules.token_embedders.embedding - Reading pretrained embeddings from file
2019-02-08 02:07:04,268 - INFO - allennlp.modules.token_embedders.embedding - Initializing pre-trained embedding layer
2019-02-08 02:07:05,415 - INFO - allennlp.modules.token_embedders.embedding - Pretrained embeddings were found for 69081 out of 88725 tokens
2019-02-08 02:07:05,448 - INFO - allennlp.common.from_params - instantiating class <class 'allennlp.modules.seq2seq_encoders.seq2seq_encoder.Seq2SeqEncoder'> from params {'bidirectional': True, 'dropout': 0.5, 'hidden_size': 100, 'input_size': 100, 'num_layers': 2, 'type': 'lstm'} and extras {'vocab': Vocabulary with namespaces:  tokens, Size: 88725 || labels, Size: 2 || Non Padded Namespaces: {'*tags', '*labels'}}
2019-02-08 02:07:05,449 - INFO - allennlp.common.params - model.encoder.type = lstm
2019-02-08 02:07:05,449 - INFO - allennlp.common.params - model.encoder.batch_first = True
2019-02-08 02:07:05,449 - INFO - allennlp.common.params - model.encoder.stateful = False
2019-02-08 02:07:05,450 - INFO - allennlp.common.params - Converting Params object to dict; logging of default values will not occur when dictionary parameters are used subsequently.
2019-02-08 02:07:05,450 - INFO - allennlp.common.params - CURRENTLY DEFINED PARAMETERS: 
2019-02-08 02:07:05,450 - INFO - allennlp.common.params - model.encoder.bidirectional = True
2019-02-08 02:07:05,450 - INFO - allennlp.common.params - model.encoder.dropout = 0.5
2019-02-08 02:07:05,450 - INFO - allennlp.common.params - model.encoder.hidden_size = 100
2019-02-08 02:07:05,450 - INFO - allennlp.common.params - model.encoder.input_size = 100
2019-02-08 02:07:05,450 - INFO - allennlp.common.params - model.encoder.num_layers = 2
2019-02-08 02:07:05,451 - INFO - allennlp.common.params - model.encoder.batch_first = True
2019-02-08 02:07:05,460 - INFO - allennlp.nn.initializers - Initializing parameters
2019-02-08 02:07:05,460 - INFO - allennlp.nn.initializers - Done initializing parameters; the following parameters are using their default initialization from their code
2019-02-08 02:07:05,461 - INFO - allennlp.nn.initializers -    encoder._module.bias_hh_l0
2019-02-08 02:07:05,461 - INFO - allennlp.nn.initializers -    encoder._module.bias_hh_l0_reverse
2019-02-08 02:07:05,461 - INFO - allennlp.nn.initializers -    encoder._module.bias_hh_l1
2019-02-08 02:07:05,461 - INFO - allennlp.nn.initializers -    encoder._module.bias_hh_l1_reverse
2019-02-08 02:07:05,461 - INFO - allennlp.nn.initializers -    encoder._module.bias_ih_l0
2019-02-08 02:07:05,461 - INFO - allennlp.nn.initializers -    encoder._module.bias_ih_l0_reverse
2019-02-08 02:07:05,462 - INFO - allennlp.nn.initializers -    encoder._module.bias_ih_l1
2019-02-08 02:07:05,462 - INFO - allennlp.nn.initializers -    encoder._module.bias_ih_l1_reverse
2019-02-08 02:07:05,462 - INFO - allennlp.nn.initializers -    encoder._module.weight_hh_l0
2019-02-08 02:07:05,462 - INFO - allennlp.nn.initializers -    encoder._module.weight_hh_l0_reverse
2019-02-08 02:07:05,462 - INFO - allennlp.nn.initializers -    encoder._module.weight_hh_l1
2019-02-08 02:07:05,462 - INFO - allennlp.nn.initializers -    encoder._module.weight_hh_l1_reverse
2019-02-08 02:07:05,463 - INFO - allennlp.nn.initializers -    encoder._module.weight_ih_l0
2019-02-08 02:07:05,463 - INFO - allennlp.nn.initializers -    encoder._module.weight_ih_l0_reverse
2019-02-08 02:07:05,463 - INFO - allennlp.nn.initializers -    encoder._module.weight_ih_l1
2019-02-08 02:07:05,463 - INFO - allennlp.nn.initializers -    encoder._module.weight_ih_l1_reverse
2019-02-08 02:07:05,463 - INFO - allennlp.nn.initializers -    tag_projection_layer._module.bias
2019-02-08 02:07:05,463 - INFO - allennlp.nn.initializers -    tag_projection_layer._module.weight
2019-02-08 02:07:05,463 - INFO - allennlp.nn.initializers -    text_field_embedder.token_embedder_tokens.weight
2019-02-08 02:07:05,904 - INFO - allennlp.common.from_params - instantiating class <class 'allennlp.data.iterators.data_iterator.DataIterator'> from params {'batch_size': 32, 'type': 'basic'} and extras {}
2019-02-08 02:07:05,904 - INFO - allennlp.common.params - iterator.type = basic
2019-02-08 02:07:05,904 - INFO - allennlp.common.from_params - instantiating class <class 'allennlp.data.iterators.basic_iterator.BasicIterator'> from params {'batch_size': 32} and extras {}
2019-02-08 02:07:05,905 - INFO - allennlp.common.params - iterator.batch_size = 32
2019-02-08 02:07:05,905 - INFO - allennlp.common.params - iterator.instances_per_epoch = None
2019-02-08 02:07:05,905 - INFO - allennlp.common.params - iterator.max_instances_in_memory = None
2019-02-08 02:07:05,905 - INFO - allennlp.common.params - iterator.cache_instances = False
2019-02-08 02:07:05,905 - INFO - allennlp.common.params - iterator.track_epoch = False
2019-02-08 02:07:05,906 - INFO - allennlp.common.params - iterator.maximum_samples_per_batch = None
2019-02-08 02:07:05,906 - INFO - allennlp.common.params - validation_iterator = None
2019-02-08 02:07:05,906 - INFO - allennlp.common.params - trainer.no_grad = ()
2019-02-08 02:07:05,906 - INFO - allennlp.commands.train - Following parameters are Frozen  (without gradient):
2019-02-08 02:07:05,906 - INFO - allennlp.commands.train - text_field_embedder.token_embedder_tokens.weight
2019-02-08 02:07:05,907 - INFO - allennlp.commands.train - Following parameters are Tunable (with gradient):
2019-02-08 02:07:05,907 - INFO - allennlp.commands.train - encoder._module.weight_ih_l0
2019-02-08 02:07:05,907 - INFO - allennlp.commands.train - encoder._module.weight_hh_l0
2019-02-08 02:07:05,907 - INFO - allennlp.commands.train - encoder._module.bias_ih_l0
2019-02-08 02:07:05,907 - INFO - allennlp.commands.train - encoder._module.bias_hh_l0
2019-02-08 02:07:05,907 - INFO - allennlp.commands.train - encoder._module.weight_ih_l0_reverse
2019-02-08 02:07:05,907 - INFO - allennlp.commands.train - encoder._module.weight_hh_l0_reverse
2019-02-08 02:07:05,908 - INFO - allennlp.commands.train - encoder._module.bias_ih_l0_reverse
2019-02-08 02:07:05,908 - INFO - allennlp.commands.train - encoder._module.bias_hh_l0_reverse
2019-02-08 02:07:05,908 - INFO - allennlp.commands.train - encoder._module.weight_ih_l1
2019-02-08 02:07:05,908 - INFO - allennlp.commands.train - encoder._module.weight_hh_l1
2019-02-08 02:07:05,908 - INFO - allennlp.commands.train - encoder._module.bias_ih_l1
2019-02-08 02:07:05,908 - INFO - allennlp.commands.train - encoder._module.bias_hh_l1
2019-02-08 02:07:05,908 - INFO - allennlp.commands.train - encoder._module.weight_ih_l1_reverse
2019-02-08 02:07:05,908 - INFO - allennlp.commands.train - encoder._module.weight_hh_l1_reverse
2019-02-08 02:07:05,909 - INFO - allennlp.commands.train - encoder._module.bias_ih_l1_reverse
2019-02-08 02:07:05,909 - INFO - allennlp.commands.train - encoder._module.bias_hh_l1_reverse
2019-02-08 02:07:05,909 - INFO - allennlp.commands.train - tag_projection_layer._module.weight
2019-02-08 02:07:05,909 - INFO - allennlp.commands.train - tag_projection_layer._module.bias
2019-02-08 02:07:05,909 - INFO - allennlp.common.params - trainer.type = default
2019-02-08 02:07:05,909 - INFO - allennlp.common.params - trainer.patience = 5
2019-02-08 02:07:05,909 - INFO - allennlp.common.params - trainer.validation_metric = -loss
2019-02-08 02:07:05,910 - INFO - allennlp.common.params - trainer.shuffle = True
2019-02-08 02:07:05,910 - INFO - allennlp.common.params - trainer.num_epochs = 40
2019-02-08 02:07:05,910 - INFO - allennlp.common.params - trainer.cuda_device = 0
2019-02-08 02:07:05,910 - INFO - allennlp.common.params - trainer.grad_norm = None
2019-02-08 02:07:05,910 - INFO - allennlp.common.params - trainer.grad_clipping = None
2019-02-08 02:07:05,910 - INFO - allennlp.common.params - trainer.learning_rate_scheduler = None
2019-02-08 02:07:09,699 - INFO - allennlp.common.params - trainer.optimizer = adam
2019-02-08 02:07:09,699 - INFO - allennlp.common.params - parameter_groups = None
2019-02-08 02:07:09,700 - INFO - allennlp.training.optimizers - Number of trainable parameters: 403602
2019-02-08 02:07:09,701 - INFO - allennlp.common.params - Converting Params object to dict; logging of default values will not occur when dictionary parameters are used subsequently.
2019-02-08 02:07:09,701 - INFO - allennlp.common.params - CURRENTLY DEFINED PARAMETERS: 
2019-02-08 02:07:09,701 - INFO - allennlp.common.params - trainer.num_serialized_models_to_keep = 20
2019-02-08 02:07:09,701 - INFO - allennlp.common.params - trainer.keep_serialized_model_every_num_seconds = None
2019-02-08 02:07:09,701 - INFO - allennlp.common.params - trainer.model_save_interval = None
2019-02-08 02:07:09,701 - INFO - allennlp.common.params - trainer.summary_interval = 100
2019-02-08 02:07:09,702 - INFO - allennlp.common.params - trainer.histogram_interval = None
2019-02-08 02:07:09,702 - INFO - allennlp.common.params - trainer.should_log_parameter_statistics = True
2019-02-08 02:07:09,702 - INFO - allennlp.common.params - trainer.should_log_learning_rate = False
2019-02-08 02:07:09,702 - INFO - allennlp.common.params - trainer.log_batch_size_period = None
2019-02-08 02:07:09,705 - INFO - allennlp.common.params - evaluate_on_test = False
2019-02-08 02:07:09,706 - INFO - allennlp.training.trainer - Beginning training.
2019-02-08 02:07:09,706 - INFO - allennlp.training.trainer - Epoch 0/39
2019-02-08 02:07:09,706 - INFO - allennlp.training.trainer - Peak CPU memory usage MB: 2838.404
2019-02-08 02:07:09,841 - INFO - allennlp.training.trainer - GPU 0 memory usage MB: 685
2019-02-08 02:07:09,842 - INFO - allennlp.training.trainer - Training
2019-02-08 02:15:06,938 - INFO - allennlp.training.trainer - Validating
2019-02-08 02:15:12,254 - INFO - allennlp.training.trainer -                     Training |  Validation
2019-02-08 02:15:12,255 - INFO - allennlp.training.trainer - loss            |     0.416  |     0.471
2019-02-08 02:15:12,255 - INFO - allennlp.training.trainer - gpu_0_memory_MB |   685.000  |       N/A
2019-02-08 02:15:12,255 - INFO - allennlp.training.trainer - accuracy3       |     1.000  |     1.000
2019-02-08 02:15:12,255 - INFO - allennlp.training.trainer - accuracy        |     0.769  |     0.725
2019-02-08 02:15:12,256 - INFO - allennlp.training.trainer - cpu_memory_MB   |  2838.404  |       N/A
2019-02-08 02:15:12,424 - INFO - allennlp.training.trainer - Best validation performance so far. Copying weights to './model_params/best.th'.
2019-02-08 02:15:12,511 - INFO - allennlp.training.trainer - Epoch duration: 00:08:02
2019-02-08 02:15:12,512 - INFO - allennlp.training.trainer - Estimated training time remaining: 5:13:49
2019-02-08 02:15:12,512 - INFO - allennlp.training.trainer - Epoch 1/39
2019-02-08 02:15:12,512 - INFO - allennlp.training.trainer - Peak CPU memory usage MB: 2995.712
2019-02-08 02:15:12,673 - INFO - allennlp.training.trainer - GPU 0 memory usage MB: 859
2019-02-08 02:15:12,674 - INFO - allennlp.training.trainer - Training
2019-02-08 02:23:14,607 - INFO - allennlp.training.trainer - Validating
2019-02-08 02:23:19,452 - INFO - allennlp.training.trainer -                     Training |  Validation
2019-02-08 02:23:19,454 - INFO - allennlp.training.trainer - loss            |     0.387  |     0.472
2019-02-08 02:23:19,454 - INFO - allennlp.training.trainer - gpu_0_memory_MB |   859.000  |       N/A
2019-02-08 02:23:19,454 - INFO - allennlp.training.trainer - accuracy3       |     1.000  |     1.000
2019-02-08 02:23:19,454 - INFO - allennlp.training.trainer - accuracy        |     0.793  |     0.725
2019-02-08 02:23:19,454 - INFO - allennlp.training.trainer - cpu_memory_MB   |  2995.712  |       N/A
2019-02-08 02:23:19,533 - INFO - allennlp.training.trainer - Epoch duration: 00:08:07
2019-02-08 02:23:19,534 - INFO - allennlp.training.trainer - Estimated training time remaining: 5:07:06
2019-02-08 02:23:19,534 - INFO - allennlp.training.trainer - Epoch 2/39
2019-02-08 02:23:19,534 - INFO - allennlp.training.trainer - Peak CPU memory usage MB: 2995.796
2019-02-08 02:23:19,682 - INFO - allennlp.training.trainer - GPU 0 memory usage MB: 870
2019-02-08 02:23:19,682 - INFO - allennlp.training.trainer - Training
2019-02-08 02:31:26,048 - INFO - allennlp.training.trainer - Validating
2019-02-08 02:31:31,065 - INFO - allennlp.training.trainer -                     Training |  Validation
2019-02-08 02:31:31,066 - INFO - allennlp.training.trainer - loss            |     0.375  |     0.463
2019-02-08 02:31:31,067 - INFO - allennlp.training.trainer - gpu_0_memory_MB |   870.000  |       N/A
2019-02-08 02:31:31,067 - INFO - allennlp.training.trainer - accuracy3       |     1.000  |     1.000
2019-02-08 02:31:31,067 - INFO - allennlp.training.trainer - accuracy        |     0.801  |     0.727
2019-02-08 02:31:31,067 - INFO - allennlp.training.trainer - cpu_memory_MB   |  2995.796  |       N/A
2019-02-08 02:31:31,145 - INFO - allennlp.training.trainer - Best validation performance so far. Copying weights to './model_params/best.th'.
2019-02-08 02:31:31,267 - INFO - allennlp.training.trainer - Epoch duration: 00:08:11
2019-02-08 02:31:31,268 - INFO - allennlp.training.trainer - Estimated training time remaining: 5:00:25
2019-02-08 02:31:31,268 - INFO - allennlp.training.trainer - Epoch 3/39
2019-02-08 02:31:31,268 - INFO - allennlp.training.trainer - Peak CPU memory usage MB: 2995.808
2019-02-08 02:31:31,440 - INFO - allennlp.training.trainer - GPU 0 memory usage MB: 875
2019-02-08 02:31:31,455 - INFO - allennlp.training.trainer - Training
2019-02-08 02:39:43,349 - INFO - allennlp.training.trainer - Validating
2019-02-08 02:39:48,464 - INFO - allennlp.training.trainer -                     Training |  Validation
2019-02-08 02:39:48,465 - INFO - allennlp.training.trainer - loss            |     0.366  |     0.480
2019-02-08 02:39:48,465 - INFO - allennlp.training.trainer - gpu_0_memory_MB |   875.000  |       N/A
2019-02-08 02:39:48,465 - INFO - allennlp.training.trainer - accuracy3       |     1.000  |     1.000
2019-02-08 02:39:48,465 - INFO - allennlp.training.trainer - accuracy        |     0.808  |     0.714
2019-02-08 02:39:48,466 - INFO - allennlp.training.trainer - cpu_memory_MB   |  2995.808  |       N/A
2019-02-08 02:39:48,533 - INFO - allennlp.training.trainer - Epoch duration: 00:08:17
2019-02-08 02:39:48,534 - INFO - allennlp.training.trainer - Estimated training time remaining: 4:53:49
2019-02-08 02:39:48,534 - INFO - allennlp.training.trainer - Epoch 4/39
2019-02-08 02:39:48,534 - INFO - allennlp.training.trainer - Peak CPU memory usage MB: 2995.808
2019-02-08 02:39:48,703 - INFO - allennlp.training.trainer - GPU 0 memory usage MB: 875
2019-02-08 02:39:48,704 - INFO - allennlp.training.trainer - Training
2019-02-08 02:48:05,539 - INFO - allennlp.training.trainer - Validating
2019-02-08 02:48:10,551 - INFO - allennlp.training.trainer -                     Training |  Validation
2019-02-08 02:48:10,552 - INFO - allennlp.training.trainer - loss            |     0.357  |     0.463
2019-02-08 02:48:10,552 - INFO - allennlp.training.trainer - gpu_0_memory_MB |   875.000  |       N/A
2019-02-08 02:48:10,552 - INFO - allennlp.training.trainer - accuracy3       |     1.000  |     1.000
2019-02-08 02:48:10,552 - INFO - allennlp.training.trainer - accuracy        |     0.812  |     0.740
2019-02-08 02:48:10,552 - INFO - allennlp.training.trainer - cpu_memory_MB   |  2995.808  |       N/A
2019-02-08 02:48:10,645 - INFO - allennlp.training.trainer - Epoch duration: 00:08:22
2019-02-08 02:48:10,645 - INFO - allennlp.training.trainer - Estimated training time remaining: 4:47:06
2019-02-08 02:48:10,645 - INFO - allennlp.training.trainer - Epoch 5/39
2019-02-08 02:48:10,646 - INFO - allennlp.training.trainer - Peak CPU memory usage MB: 2995.828
2019-02-08 02:48:10,784 - INFO - allennlp.training.trainer - GPU 0 memory usage MB: 897
2019-02-08 02:48:10,785 - INFO - allennlp.training.trainer - Training
2019-02-08 02:56:22,286 - INFO - allennlp.training.trainer - Validating
2019-02-08 02:56:27,309 - INFO - allennlp.training.trainer -                     Training |  Validation
2019-02-08 02:56:27,310 - INFO - allennlp.training.trainer - loss            |     0.349  |     0.469
2019-02-08 02:56:27,310 - INFO - allennlp.training.trainer - gpu_0_memory_MB |   897.000  |       N/A
2019-02-08 02:56:27,310 - INFO - allennlp.training.trainer - accuracy3       |     1.000  |     1.000
2019-02-08 02:56:27,310 - INFO - allennlp.training.trainer - accuracy        |     0.818  |     0.741
2019-02-08 02:56:27,311 - INFO - allennlp.training.trainer - cpu_memory_MB   |  2995.828  |       N/A
2019-02-08 02:56:27,394 - INFO - allennlp.training.trainer - Epoch duration: 00:08:16
2019-02-08 02:56:27,395 - INFO - allennlp.training.trainer - Estimated training time remaining: 4:39:20
2019-02-08 02:56:27,395 - INFO - allennlp.training.trainer - Epoch 6/39
2019-02-08 02:56:27,395 - INFO - allennlp.training.trainer - Peak CPU memory usage MB: 2995.856
2019-02-08 02:56:27,543 - INFO - allennlp.training.trainer - GPU 0 memory usage MB: 908
2019-02-08 02:56:27,544 - INFO - allennlp.training.trainer - Training
2019-02-08 03:04:32,407 - INFO - allennlp.training.trainer - Validating
2019-02-08 03:04:37,255 - INFO - allennlp.training.trainer -                     Training |  Validation
2019-02-08 03:04:37,256 - INFO - allennlp.training.trainer - loss            |     0.339  |     0.466
2019-02-08 03:04:37,256 - INFO - allennlp.training.trainer - gpu_0_memory_MB |   908.000  |       N/A
2019-02-08 03:04:37,257 - INFO - allennlp.training.trainer - accuracy3       |     1.000  |     1.000
2019-02-08 03:04:37,257 - INFO - allennlp.training.trainer - accuracy        |     0.824  |     0.758
2019-02-08 03:04:37,257 - INFO - allennlp.training.trainer - cpu_memory_MB   |  2995.856  |       N/A
2019-02-08 03:04:37,347 - INFO - allennlp.training.trainer - Epoch duration: 00:08:09
2019-02-08 03:04:37,348 - INFO - allennlp.training.trainer - Estimated training time remaining: 4:30:53
2019-02-08 03:04:37,348 - INFO - allennlp.training.trainer - Epoch 7/39
2019-02-08 03:04:37,348 - INFO - allennlp.training.trainer - Peak CPU memory usage MB: 2995.856
2019-02-08 03:04:37,514 - INFO - allennlp.training.trainer - GPU 0 memory usage MB: 925
2019-02-08 03:04:37,515 - INFO - allennlp.training.trainer - Training
2019-02-08 03:12:42,730 - INFO - allennlp.training.trainer - Validating
2019-02-08 03:12:47,728 - INFO - allennlp.training.trainer - Ran out of patience.  Stopping training.
2019-02-08 03:12:47,728 - INFO - allennlp.models.archival - archiving weights and vocabulary to ./model_params/model.tar.gz
2019-02-08 03:12:51,187 - INFO - allennlp.commands.train - Loading the best epoch weights.
2019-02-08 03:12:51,235 - INFO - allennlp.common.util - Metrics: {
  "peak_cpu_memory_MB": 2995.856,
  "peak_gpu_0_memory_MB": 925,
  "training_duration": "00:57:27",
  "training_start_epoch": 0,
  "training_epochs": 6,
  "epoch": 6,
  "training_accuracy": 0.8242093957067331,
  "training_accuracy3": 1.0,
  "training_loss": 0.3392608251322312,
  "training_cpu_memory_MB": 2995.856,
  "training_gpu_0_memory_MB": 908,
  "validation_accuracy": 0.7584321620910197,
  "validation_accuracy3": 1.0,
  "validation_loss": 0.46587596590421637,
  "best_epoch": 2,
  "best_validation_accuracy": 0.7272622714844352,
  "best_validation_accuracy3": 1.0,
  "best_validation_loss": 0.46333449166648244
}
