2019-02-13 02:04:38,130 - INFO - allennlp.common.from_params - instantiating class <class 'allennlp.data.dataset_readers.dataset_reader.DatasetReader'> from params {'mytokenizer': {'type': 'word', 'word_splitter': {'ner': True, 'parse': True, 'pos_tags': True, 'type': 'whitespacy'}}, 'token_indexers': {'dependency_label': {'namespace': 'dependencies', 'type': 'dependency_label'}, 'ner_tag': {'namespace': 'ner', 'type': 'ner_tag'}, 'pos_tag': {'coarse_tags': True, 'namespace': 'pos', 'type': 'pos_tag'}}, 'type': 'sequence_tagging2', 'word_tag_delimiter': '//'} and extras {}
2019-02-13 02:04:38,131 - INFO - allennlp.common.params - dataset_reader.type = sequence_tagging2
2019-02-13 02:04:38,131 - INFO - allennlp.common.from_params - instantiating class <class 'myallennlp.dataset_readers.sequence_tagging2.SequenceTaggingDatasetReader'> from params {'mytokenizer': {'type': 'word', 'word_splitter': {'ner': True, 'parse': True, 'pos_tags': True, 'type': 'whitespacy'}}, 'token_indexers': {'dependency_label': {'namespace': 'dependencies', 'type': 'dependency_label'}, 'ner_tag': {'namespace': 'ner', 'type': 'ner_tag'}, 'pos_tag': {'coarse_tags': True, 'namespace': 'pos', 'type': 'pos_tag'}}, 'word_tag_delimiter': '//'} and extras {}
2019-02-13 02:04:38,131 - INFO - allennlp.common.params - dataset_reader.word_tag_delimiter = //
2019-02-13 02:04:38,131 - INFO - allennlp.common.params - dataset_reader.token_delimiter = None
2019-02-13 02:04:38,131 - INFO - allennlp.common.from_params - instantiating class allennlp.data.token_indexers.token_indexer.TokenIndexer from params {'namespace': 'dependencies', 'type': 'dependency_label'} and extras {}
2019-02-13 02:04:38,132 - INFO - allennlp.common.params - dataset_reader.token_indexers.dependency_label.type = dependency_label
2019-02-13 02:04:38,132 - INFO - allennlp.common.from_params - instantiating class allennlp.data.token_indexers.dep_label_indexer.DepLabelIndexer from params {'namespace': 'dependencies'} and extras {}
2019-02-13 02:04:38,132 - INFO - allennlp.common.params - dataset_reader.token_indexers.dependency_label.namespace = dependencies
2019-02-13 02:04:38,132 - INFO - allennlp.common.from_params - instantiating class allennlp.data.token_indexers.token_indexer.TokenIndexer from params {'namespace': 'ner', 'type': 'ner_tag'} and extras {}
2019-02-13 02:04:38,132 - INFO - allennlp.common.params - dataset_reader.token_indexers.ner_tag.type = ner_tag
2019-02-13 02:04:38,132 - INFO - allennlp.common.from_params - instantiating class allennlp.data.token_indexers.ner_tag_indexer.NerTagIndexer from params {'namespace': 'ner'} and extras {}
2019-02-13 02:04:38,133 - INFO - allennlp.common.params - dataset_reader.token_indexers.ner_tag.namespace = ner
2019-02-13 02:04:38,133 - INFO - allennlp.common.from_params - instantiating class allennlp.data.token_indexers.token_indexer.TokenIndexer from params {'coarse_tags': True, 'namespace': 'pos', 'type': 'pos_tag'} and extras {}
2019-02-13 02:04:38,133 - INFO - allennlp.common.params - dataset_reader.token_indexers.pos_tag.type = pos_tag
2019-02-13 02:04:38,133 - INFO - allennlp.common.from_params - instantiating class allennlp.data.token_indexers.pos_tag_indexer.PosTagIndexer from params {'coarse_tags': True, 'namespace': 'pos'} and extras {}
2019-02-13 02:04:38,133 - INFO - allennlp.common.params - dataset_reader.token_indexers.pos_tag.namespace = pos
2019-02-13 02:04:38,134 - INFO - allennlp.common.params - dataset_reader.token_indexers.pos_tag.coarse_tags = True
2019-02-13 02:04:38,134 - INFO - allennlp.common.params - dataset_reader.lazy = False
2019-02-13 02:04:38,134 - INFO - allennlp.common.from_params - instantiating class <class 'allennlp.data.tokenizers.tokenizer.Tokenizer'> from params {'type': 'word', 'word_splitter': {'ner': True, 'parse': True, 'pos_tags': True, 'type': 'whitespacy'}} and extras {}
2019-02-13 02:04:38,134 - INFO - allennlp.common.params - dataset_reader.mytokenizer.type = word
2019-02-13 02:04:38,134 - INFO - allennlp.common.from_params - instantiating class <class 'allennlp.data.tokenizers.word_tokenizer.WordTokenizer'> from params {'word_splitter': {'ner': True, 'parse': True, 'pos_tags': True, 'type': 'whitespacy'}} and extras {}
2019-02-13 02:04:38,135 - INFO - allennlp.common.from_params - instantiating class <class 'allennlp.data.tokenizers.word_splitter.WordSplitter'> from params {'ner': True, 'parse': True, 'pos_tags': True, 'type': 'whitespacy'} and extras {}
2019-02-13 02:04:38,135 - INFO - allennlp.common.params - dataset_reader.mytokenizer.word_splitter.type = whitespacy
2019-02-13 02:04:38,135 - INFO - allennlp.common.from_params - instantiating class <class 'myallennlp.data.tokenizers.word_splitter.SpacyWordSplitter'> from params {'ner': True, 'parse': True, 'pos_tags': True} and extras {}
2019-02-13 02:04:38,135 - INFO - allennlp.common.params - dataset_reader.mytokenizer.word_splitter.language = en_core_web_sm
2019-02-13 02:04:38,135 - INFO - allennlp.common.params - dataset_reader.mytokenizer.word_splitter.pos_tags = True
2019-02-13 02:04:38,135 - INFO - allennlp.common.params - dataset_reader.mytokenizer.word_splitter.parse = True
2019-02-13 02:04:38,136 - INFO - allennlp.common.params - dataset_reader.mytokenizer.word_splitter.ner = True
2019-02-13 02:04:38,716 - INFO - allennlp.common.params - dataset_reader.mytokenizer.start_tokens = None
2019-02-13 02:04:38,717 - INFO - allennlp.common.params - dataset_reader.mytokenizer.end_tokens = None
2019-02-13 02:04:38,717 - INFO - allennlp.common.params - dataset_reader.use_spacy_directly = False
2019-02-13 02:04:38,717 - INFO - allennlp.common.params - validation_dataset_reader = None
2019-02-13 02:04:38,717 - INFO - allennlp.common.params - train_data_path = ../data/allenTrain.txt
2019-02-13 02:04:38,717 - INFO - allennlp.commands.train - Reading training data from ../data/allenTrain.txt
2019-02-13 02:04:38,718 - INFO - myallennlp.dataset_readers.sequence_tagging2 - Reading instances from lines in file at: ../data/allenTrain.txt
2019-02-13 02:05:34,600 - INFO - allennlp.common.params - validation_data_path = ../data/allenDev.txt
2019-02-13 02:05:34,601 - INFO - allennlp.commands.train - Reading validation data from ../data/allenDev.txt
2019-02-13 02:05:34,601 - INFO - myallennlp.dataset_readers.sequence_tagging2 - Reading instances from lines in file at: ../data/allenDev.txt
2019-02-13 02:06:04,247 - INFO - allennlp.common.params - test_data_path = None
2019-02-13 02:06:04,247 - INFO - allennlp.commands.train - From dataset instances, validation, train will be considered for vocabulary creation.
2019-02-13 02:06:04,247 - INFO - allennlp.common.params - vocabulary.type = None
2019-02-13 02:06:04,247 - INFO - allennlp.common.params - vocabulary.extend = False
2019-02-13 02:06:04,248 - INFO - allennlp.common.params - vocabulary.directory_path = None
2019-02-13 02:06:04,248 - INFO - allennlp.common.params - vocabulary.min_count = None
2019-02-13 02:06:04,248 - INFO - allennlp.common.params - vocabulary.max_vocab_size = None
2019-02-13 02:06:04,248 - INFO - allennlp.common.params - vocabulary.non_padded_namespaces = ('*tags', '*labels')
2019-02-13 02:06:04,248 - INFO - allennlp.common.params - vocabulary.min_pretrained_embeddings = None
2019-02-13 02:06:04,248 - INFO - allennlp.common.params - vocabulary.only_include_pretrained_words = False
2019-02-13 02:06:04,248 - INFO - allennlp.common.params - vocabulary.tokens_to_add = None
2019-02-13 02:06:04,248 - INFO - allennlp.data.vocabulary - Fitting token dictionary from dataset.
2019-02-13 02:06:04,808 - INFO - allennlp.common.from_params - instantiating class <class 'allennlp.models.model.Model'> from params {'Ntags0': 90, 'Ntags1': 10, 'do_crossentropy_weighting': True, 'encoder': {'input_dim': 54, 'type': 'pass_through'}, 'text_field_embedder': {'token_embedders': {'dependency_label': {'embedding_dim': 20, 'type': 'embedding', 'vocab_namespace': 'dependencies'}, 'ner_tag': {'embedding_dim': 19, 'type': 'embedding', 'vocab_namespace': 'ner'}, 'pos_tag': {'embedding_dim': 15, 'type': 'embedding', 'vocab_namespace': 'pos'}}}, 'type': 'simple_tagger2'} and extras {'vocab': Vocabulary with namespaces:  dependencies, Size: 47 || ner, Size: 21 || pos, Size: 17 || labels, Size: 2 || Non Padded Namespaces: {'*labels', '*tags'}}
2019-02-13 02:06:04,809 - INFO - allennlp.common.params - model.type = simple_tagger2
2019-02-13 02:06:04,809 - INFO - allennlp.common.from_params - instantiating class <class 'myallennlp.models.simple_tagger2.SimpleTagger2'> from params {'Ntags0': 90, 'Ntags1': 10, 'do_crossentropy_weighting': True, 'encoder': {'input_dim': 54, 'type': 'pass_through'}, 'text_field_embedder': {'token_embedders': {'dependency_label': {'embedding_dim': 20, 'type': 'embedding', 'vocab_namespace': 'dependencies'}, 'ner_tag': {'embedding_dim': 19, 'type': 'embedding', 'vocab_namespace': 'ner'}, 'pos_tag': {'embedding_dim': 15, 'type': 'embedding', 'vocab_namespace': 'pos'}}}} and extras {'vocab': Vocabulary with namespaces:  dependencies, Size: 47 || ner, Size: 21 || pos, Size: 17 || labels, Size: 2 || Non Padded Namespaces: {'*labels', '*tags'}}
2019-02-13 02:06:04,809 - INFO - allennlp.common.from_params - instantiating class <class 'allennlp.modules.text_field_embedders.text_field_embedder.TextFieldEmbedder'> from params {'token_embedders': {'dependency_label': {'embedding_dim': 20, 'type': 'embedding', 'vocab_namespace': 'dependencies'}, 'ner_tag': {'embedding_dim': 19, 'type': 'embedding', 'vocab_namespace': 'ner'}, 'pos_tag': {'embedding_dim': 15, 'type': 'embedding', 'vocab_namespace': 'pos'}}} and extras {'vocab': Vocabulary with namespaces:  dependencies, Size: 47 || ner, Size: 21 || pos, Size: 17 || labels, Size: 2 || Non Padded Namespaces: {'*labels', '*tags'}}
2019-02-13 02:06:04,810 - INFO - allennlp.common.params - model.text_field_embedder.type = basic
2019-02-13 02:06:04,810 - INFO - allennlp.common.params - model.text_field_embedder.embedder_to_indexer_map = None
2019-02-13 02:06:04,810 - INFO - allennlp.common.params - model.text_field_embedder.allow_unmatched_keys = False
2019-02-13 02:06:04,810 - INFO - allennlp.common.from_params - instantiating class <class 'allennlp.modules.token_embedders.token_embedder.TokenEmbedder'> from params {'embedding_dim': 20, 'type': 'embedding', 'vocab_namespace': 'dependencies'} and extras {'vocab': Vocabulary with namespaces:  dependencies, Size: 47 || ner, Size: 21 || pos, Size: 17 || labels, Size: 2 || Non Padded Namespaces: {'*labels', '*tags'}}
2019-02-13 02:06:04,810 - INFO - allennlp.common.params - model.text_field_embedder.token_embedders.dependency_label.type = embedding
2019-02-13 02:06:04,811 - INFO - allennlp.common.params - model.text_field_embedder.token_embedders.dependency_label.num_embeddings = None
2019-02-13 02:06:04,811 - INFO - allennlp.common.params - model.text_field_embedder.token_embedders.dependency_label.vocab_namespace = dependencies
2019-02-13 02:06:04,811 - INFO - allennlp.common.params - model.text_field_embedder.token_embedders.dependency_label.embedding_dim = 20
2019-02-13 02:06:04,811 - INFO - allennlp.common.params - model.text_field_embedder.token_embedders.dependency_label.pretrained_file = None
2019-02-13 02:06:04,811 - INFO - allennlp.common.params - model.text_field_embedder.token_embedders.dependency_label.projection_dim = None
2019-02-13 02:06:04,811 - INFO - allennlp.common.params - model.text_field_embedder.token_embedders.dependency_label.trainable = True
2019-02-13 02:06:04,811 - INFO - allennlp.common.params - model.text_field_embedder.token_embedders.dependency_label.padding_index = None
2019-02-13 02:06:04,811 - INFO - allennlp.common.params - model.text_field_embedder.token_embedders.dependency_label.max_norm = None
2019-02-13 02:06:04,811 - INFO - allennlp.common.params - model.text_field_embedder.token_embedders.dependency_label.norm_type = 2.0
2019-02-13 02:06:04,812 - INFO - allennlp.common.params - model.text_field_embedder.token_embedders.dependency_label.scale_grad_by_freq = False
2019-02-13 02:06:04,812 - INFO - allennlp.common.params - model.text_field_embedder.token_embedders.dependency_label.sparse = False
2019-02-13 02:06:04,813 - INFO - allennlp.common.from_params - instantiating class <class 'allennlp.modules.token_embedders.token_embedder.TokenEmbedder'> from params {'embedding_dim': 19, 'type': 'embedding', 'vocab_namespace': 'ner'} and extras {'vocab': Vocabulary with namespaces:  dependencies, Size: 47 || ner, Size: 21 || pos, Size: 17 || labels, Size: 2 || Non Padded Namespaces: {'*labels', '*tags'}}
2019-02-13 02:06:04,813 - INFO - allennlp.common.params - model.text_field_embedder.token_embedders.ner_tag.type = embedding
2019-02-13 02:06:04,813 - INFO - allennlp.common.params - model.text_field_embedder.token_embedders.ner_tag.num_embeddings = None
2019-02-13 02:06:04,813 - INFO - allennlp.common.params - model.text_field_embedder.token_embedders.ner_tag.vocab_namespace = ner
2019-02-13 02:06:04,813 - INFO - allennlp.common.params - model.text_field_embedder.token_embedders.ner_tag.embedding_dim = 19
2019-02-13 02:06:04,813 - INFO - allennlp.common.params - model.text_field_embedder.token_embedders.ner_tag.pretrained_file = None
2019-02-13 02:06:04,814 - INFO - allennlp.common.params - model.text_field_embedder.token_embedders.ner_tag.projection_dim = None
2019-02-13 02:06:04,814 - INFO - allennlp.common.params - model.text_field_embedder.token_embedders.ner_tag.trainable = True
2019-02-13 02:06:04,814 - INFO - allennlp.common.params - model.text_field_embedder.token_embedders.ner_tag.padding_index = None
2019-02-13 02:06:04,814 - INFO - allennlp.common.params - model.text_field_embedder.token_embedders.ner_tag.max_norm = None
2019-02-13 02:06:04,814 - INFO - allennlp.common.params - model.text_field_embedder.token_embedders.ner_tag.norm_type = 2.0
2019-02-13 02:06:04,814 - INFO - allennlp.common.params - model.text_field_embedder.token_embedders.ner_tag.scale_grad_by_freq = False
2019-02-13 02:06:04,814 - INFO - allennlp.common.params - model.text_field_embedder.token_embedders.ner_tag.sparse = False
2019-02-13 02:06:04,815 - INFO - allennlp.common.from_params - instantiating class <class 'allennlp.modules.token_embedders.token_embedder.TokenEmbedder'> from params {'embedding_dim': 15, 'type': 'embedding', 'vocab_namespace': 'pos'} and extras {'vocab': Vocabulary with namespaces:  dependencies, Size: 47 || ner, Size: 21 || pos, Size: 17 || labels, Size: 2 || Non Padded Namespaces: {'*labels', '*tags'}}
2019-02-13 02:06:04,815 - INFO - allennlp.common.params - model.text_field_embedder.token_embedders.pos_tag.type = embedding
2019-02-13 02:06:04,815 - INFO - allennlp.common.params - model.text_field_embedder.token_embedders.pos_tag.num_embeddings = None
2019-02-13 02:06:04,815 - INFO - allennlp.common.params - model.text_field_embedder.token_embedders.pos_tag.vocab_namespace = pos
2019-02-13 02:06:04,815 - INFO - allennlp.common.params - model.text_field_embedder.token_embedders.pos_tag.embedding_dim = 15
2019-02-13 02:06:04,815 - INFO - allennlp.common.params - model.text_field_embedder.token_embedders.pos_tag.pretrained_file = None
2019-02-13 02:06:04,815 - INFO - allennlp.common.params - model.text_field_embedder.token_embedders.pos_tag.projection_dim = None
2019-02-13 02:06:04,815 - INFO - allennlp.common.params - model.text_field_embedder.token_embedders.pos_tag.trainable = True
2019-02-13 02:06:04,816 - INFO - allennlp.common.params - model.text_field_embedder.token_embedders.pos_tag.padding_index = None
2019-02-13 02:06:04,816 - INFO - allennlp.common.params - model.text_field_embedder.token_embedders.pos_tag.max_norm = None
2019-02-13 02:06:04,816 - INFO - allennlp.common.params - model.text_field_embedder.token_embedders.pos_tag.norm_type = 2.0
2019-02-13 02:06:04,816 - INFO - allennlp.common.params - model.text_field_embedder.token_embedders.pos_tag.scale_grad_by_freq = False
2019-02-13 02:06:04,816 - INFO - allennlp.common.params - model.text_field_embedder.token_embedders.pos_tag.sparse = False
2019-02-13 02:06:04,817 - INFO - allennlp.common.from_params - instantiating class <class 'allennlp.modules.seq2seq_encoders.seq2seq_encoder.Seq2SeqEncoder'> from params {'input_dim': 54, 'type': 'pass_through'} and extras {'vocab': Vocabulary with namespaces:  dependencies, Size: 47 || ner, Size: 21 || pos, Size: 17 || labels, Size: 2 || Non Padded Namespaces: {'*labels', '*tags'}}
2019-02-13 02:06:04,817 - INFO - allennlp.common.params - model.encoder.type = pass_through
2019-02-13 02:06:04,817 - INFO - allennlp.common.from_params - instantiating class <class 'allennlp.modules.seq2seq_encoders.pass_through_encoder.PassThroughEncoder'> from params {'input_dim': 54} and extras {'vocab': Vocabulary with namespaces:  dependencies, Size: 47 || ner, Size: 21 || pos, Size: 17 || labels, Size: 2 || Non Padded Namespaces: {'*labels', '*tags'}}
2019-02-13 02:06:04,817 - INFO - allennlp.common.params - model.encoder.input_dim = 54
2019-02-13 02:06:04,817 - INFO - allennlp.common.params - model.do_crossentropy_weighting = True
2019-02-13 02:06:04,818 - INFO - allennlp.common.params - model.Ntags0 = 90
2019-02-13 02:06:04,818 - INFO - allennlp.common.params - model.Ntags1 = 10
2019-02-13 02:06:04,818 - INFO - allennlp.nn.initializers - Initializing parameters
2019-02-13 02:06:04,818 - INFO - allennlp.nn.initializers - Done initializing parameters; the following parameters are using their default initialization from their code
2019-02-13 02:06:04,818 - INFO - allennlp.nn.initializers -    tag_projection_layer._module.bias
2019-02-13 02:06:04,819 - INFO - allennlp.nn.initializers -    tag_projection_layer._module.weight
2019-02-13 02:06:04,819 - INFO - allennlp.nn.initializers -    text_field_embedder.token_embedder_dependency_label.weight
2019-02-13 02:06:04,819 - INFO - allennlp.nn.initializers -    text_field_embedder.token_embedder_ner_tag.weight
2019-02-13 02:06:04,819 - INFO - allennlp.nn.initializers -    text_field_embedder.token_embedder_pos_tag.weight
2019-02-13 02:06:04,820 - INFO - allennlp.common.from_params - instantiating class <class 'allennlp.data.iterators.data_iterator.DataIterator'> from params {'batch_size': 32, 'type': 'basic'} and extras {}
2019-02-13 02:06:04,820 - INFO - allennlp.common.params - iterator.type = basic
2019-02-13 02:06:04,820 - INFO - allennlp.common.from_params - instantiating class <class 'allennlp.data.iterators.basic_iterator.BasicIterator'> from params {'batch_size': 32} and extras {}
2019-02-13 02:06:04,820 - INFO - allennlp.common.params - iterator.batch_size = 32
2019-02-13 02:06:04,821 - INFO - allennlp.common.params - iterator.instances_per_epoch = None
2019-02-13 02:06:04,821 - INFO - allennlp.common.params - iterator.max_instances_in_memory = None
2019-02-13 02:06:04,821 - INFO - allennlp.common.params - iterator.cache_instances = False
2019-02-13 02:06:04,821 - INFO - allennlp.common.params - iterator.track_epoch = False
2019-02-13 02:06:04,821 - INFO - allennlp.common.params - iterator.maximum_samples_per_batch = None
2019-02-13 02:06:04,821 - INFO - allennlp.common.params - validation_iterator = None
2019-02-13 02:06:04,822 - INFO - allennlp.common.params - trainer.no_grad = ()
2019-02-13 02:06:04,822 - INFO - allennlp.commands.train - Following parameters are Frozen  (without gradient):
2019-02-13 02:06:04,822 - INFO - allennlp.commands.train - Following parameters are Tunable (with gradient):
2019-02-13 02:06:04,822 - INFO - allennlp.commands.train - text_field_embedder.token_embedder_dependency_label.weight
2019-02-13 02:06:04,822 - INFO - allennlp.commands.train - text_field_embedder.token_embedder_ner_tag.weight
2019-02-13 02:06:04,822 - INFO - allennlp.commands.train - text_field_embedder.token_embedder_pos_tag.weight
2019-02-13 02:06:04,822 - INFO - allennlp.commands.train - tag_projection_layer._module.weight
2019-02-13 02:06:04,822 - INFO - allennlp.commands.train - tag_projection_layer._module.bias
2019-02-13 02:06:04,823 - INFO - allennlp.common.params - trainer.type = default
2019-02-13 02:06:04,823 - INFO - allennlp.common.params - trainer.patience = 5
2019-02-13 02:06:04,823 - INFO - allennlp.common.params - trainer.validation_metric = -loss
2019-02-13 02:06:04,823 - INFO - allennlp.common.params - trainer.shuffle = True
2019-02-13 02:06:04,823 - INFO - allennlp.common.params - trainer.num_epochs = 40
2019-02-13 02:06:04,823 - INFO - allennlp.common.params - trainer.cuda_device = 0
2019-02-13 02:06:04,823 - INFO - allennlp.common.params - trainer.grad_norm = None
2019-02-13 02:06:04,823 - INFO - allennlp.common.params - trainer.grad_clipping = None
2019-02-13 02:06:04,823 - INFO - allennlp.common.params - trainer.learning_rate_scheduler = None
2019-02-13 02:06:07,130 - INFO - allennlp.common.params - trainer.optimizer = adam
2019-02-13 02:06:07,131 - INFO - allennlp.common.params - parameter_groups = None
2019-02-13 02:06:07,131 - INFO - allennlp.training.optimizers - Number of trainable parameters: 1704
2019-02-13 02:06:07,132 - INFO - allennlp.common.params - Converting Params object to dict; logging of default values will not occur when dictionary parameters are used subsequently.
2019-02-13 02:06:07,132 - INFO - allennlp.common.params - CURRENTLY DEFINED PARAMETERS: 
2019-02-13 02:06:07,132 - INFO - allennlp.common.params - trainer.num_serialized_models_to_keep = 20
2019-02-13 02:06:07,132 - INFO - allennlp.common.params - trainer.keep_serialized_model_every_num_seconds = None
2019-02-13 02:06:07,133 - INFO - allennlp.common.params - trainer.model_save_interval = None
2019-02-13 02:06:07,133 - INFO - allennlp.common.params - trainer.summary_interval = 100
2019-02-13 02:06:07,133 - INFO - allennlp.common.params - trainer.histogram_interval = None
2019-02-13 02:06:07,133 - INFO - allennlp.common.params - trainer.should_log_parameter_statistics = True
2019-02-13 02:06:07,133 - INFO - allennlp.common.params - trainer.should_log_learning_rate = False
2019-02-13 02:06:07,133 - INFO - allennlp.common.params - trainer.log_batch_size_period = None
2019-02-13 02:06:07,135 - INFO - allennlp.common.params - evaluate_on_test = False
2019-02-13 02:06:07,136 - INFO - allennlp.training.trainer - Beginning training.
2019-02-13 02:06:07,136 - INFO - allennlp.training.trainer - Epoch 0/39
2019-02-13 02:06:07,136 - INFO - allennlp.training.trainer - Peak CPU memory usage MB: 2610.276
2019-02-13 02:06:07,228 - INFO - allennlp.training.trainer - GPU 0 memory usage MB: 317
2019-02-13 02:06:07,228 - INFO - allennlp.training.trainer - Training
2019-02-13 02:06:10,972 - INFO - allennlp.training.trainer - Validating
2019-02-13 02:06:12,205 - INFO - allennlp.training.trainer -                     Training |  Validation
2019-02-13 02:06:12,207 - INFO - allennlp.training.trainer - gpu_0_memory_MB |   317.000  |       N/A
2019-02-13 02:06:12,207 - INFO - allennlp.training.trainer - accuracy        |     0.778  |     0.875
2019-02-13 02:06:12,207 - INFO - allennlp.training.trainer - accuracy3       |     1.000  |     1.000
2019-02-13 02:06:12,207 - INFO - allennlp.training.trainer - loss            |     0.511  |     0.496
2019-02-13 02:06:12,207 - INFO - allennlp.training.trainer - cpu_memory_MB   |  2610.276  |       N/A
2019-02-13 02:06:12,210 - INFO - allennlp.training.trainer - Best validation performance so far. Copying weights to './model_params/best.th'.
2019-02-13 02:06:12,211 - INFO - allennlp.training.trainer - Epoch duration: 00:00:05
2019-02-13 02:06:12,211 - INFO - allennlp.training.trainer - Estimated training time remaining: 0:03:17
2019-02-13 02:06:12,211 - INFO - allennlp.training.trainer - Epoch 1/39
2019-02-13 02:06:12,212 - INFO - allennlp.training.trainer - Peak CPU memory usage MB: 2641.4
2019-02-13 02:06:12,308 - INFO - allennlp.training.trainer - GPU 0 memory usage MB: 321
2019-02-13 02:06:12,308 - INFO - allennlp.training.trainer - Training
2019-02-13 02:06:15,469 - INFO - allennlp.training.trainer - Validating
2019-02-13 02:06:16,325 - INFO - allennlp.training.trainer -                     Training |  Validation
2019-02-13 02:06:16,326 - INFO - allennlp.training.trainer - gpu_0_memory_MB |   321.000  |       N/A
2019-02-13 02:06:16,327 - INFO - allennlp.training.trainer - accuracy        |     0.871  |     0.876
2019-02-13 02:06:16,327 - INFO - allennlp.training.trainer - accuracy3       |     1.000  |     1.000
2019-02-13 02:06:16,327 - INFO - allennlp.training.trainer - loss            |     0.393  |     0.480
2019-02-13 02:06:16,327 - INFO - allennlp.training.trainer - cpu_memory_MB   |  2641.400  |       N/A
2019-02-13 02:06:16,329 - INFO - allennlp.training.trainer - Best validation performance so far. Copying weights to './model_params/best.th'.
2019-02-13 02:06:16,330 - INFO - allennlp.training.trainer - Epoch duration: 00:00:04
2019-02-13 02:06:16,330 - INFO - allennlp.training.trainer - Estimated training time remaining: 0:02:54
2019-02-13 02:06:16,330 - INFO - allennlp.training.trainer - Epoch 2/39
2019-02-13 02:06:16,330 - INFO - allennlp.training.trainer - Peak CPU memory usage MB: 2641.7
2019-02-13 02:06:16,428 - INFO - allennlp.training.trainer - GPU 0 memory usage MB: 321
2019-02-13 02:06:16,428 - INFO - allennlp.training.trainer - Training
2019-02-13 02:06:19,520 - INFO - allennlp.training.trainer - Validating
2019-02-13 02:06:20,381 - INFO - allennlp.training.trainer -                     Training |  Validation
2019-02-13 02:06:20,382 - INFO - allennlp.training.trainer - gpu_0_memory_MB |   321.000  |       N/A
2019-02-13 02:06:20,383 - INFO - allennlp.training.trainer - accuracy        |     0.870  |     0.875
2019-02-13 02:06:20,383 - INFO - allennlp.training.trainer - accuracy3       |     1.000  |     1.000
2019-02-13 02:06:20,383 - INFO - allennlp.training.trainer - loss            |     0.386  |     0.477
2019-02-13 02:06:20,383 - INFO - allennlp.training.trainer - cpu_memory_MB   |  2641.700  |       N/A
2019-02-13 02:06:20,385 - INFO - allennlp.training.trainer - Best validation performance so far. Copying weights to './model_params/best.th'.
2019-02-13 02:06:20,386 - INFO - allennlp.training.trainer - Epoch duration: 00:00:04
2019-02-13 02:06:20,386 - INFO - allennlp.training.trainer - Estimated training time remaining: 0:02:43
2019-02-13 02:06:20,386 - INFO - allennlp.training.trainer - Epoch 3/39
2019-02-13 02:06:20,386 - INFO - allennlp.training.trainer - Peak CPU memory usage MB: 2641.76
2019-02-13 02:06:20,480 - INFO - allennlp.training.trainer - GPU 0 memory usage MB: 321
2019-02-13 02:06:20,481 - INFO - allennlp.training.trainer - Training
2019-02-13 02:06:23,616 - INFO - allennlp.training.trainer - Validating
2019-02-13 02:06:24,469 - INFO - allennlp.training.trainer -                     Training |  Validation
2019-02-13 02:06:24,469 - INFO - allennlp.training.trainer - gpu_0_memory_MB |   321.000  |       N/A
2019-02-13 02:06:24,470 - INFO - allennlp.training.trainer - accuracy        |     0.868  |     0.875
2019-02-13 02:06:24,470 - INFO - allennlp.training.trainer - accuracy3       |     1.000  |     1.000
2019-02-13 02:06:24,471 - INFO - allennlp.training.trainer - loss            |     0.384  |     0.474
2019-02-13 02:06:24,471 - INFO - allennlp.training.trainer - cpu_memory_MB   |  2641.760  |       N/A
2019-02-13 02:06:24,473 - INFO - allennlp.training.trainer - Best validation performance so far. Copying weights to './model_params/best.th'.
2019-02-13 02:06:24,474 - INFO - allennlp.training.trainer - Epoch duration: 00:00:04
2019-02-13 02:06:24,474 - INFO - allennlp.training.trainer - Estimated training time remaining: 0:02:36
2019-02-13 02:06:24,474 - INFO - allennlp.training.trainer - Epoch 4/39
2019-02-13 02:06:24,474 - INFO - allennlp.training.trainer - Peak CPU memory usage MB: 2641.984
2019-02-13 02:06:24,574 - INFO - allennlp.training.trainer - GPU 0 memory usage MB: 321
2019-02-13 02:06:24,574 - INFO - allennlp.training.trainer - Training
2019-02-13 02:06:27,699 - INFO - allennlp.training.trainer - Validating
2019-02-13 02:06:28,546 - INFO - allennlp.training.trainer -                     Training |  Validation
2019-02-13 02:06:28,546 - INFO - allennlp.training.trainer - gpu_0_memory_MB |   321.000  |       N/A
2019-02-13 02:06:28,546 - INFO - allennlp.training.trainer - accuracy        |     0.868  |     0.875
2019-02-13 02:06:28,547 - INFO - allennlp.training.trainer - accuracy3       |     1.000  |     1.000
2019-02-13 02:06:28,547 - INFO - allennlp.training.trainer - loss            |     0.383  |     0.476
2019-02-13 02:06:28,547 - INFO - allennlp.training.trainer - cpu_memory_MB   |  2641.984  |       N/A
2019-02-13 02:06:28,549 - INFO - allennlp.training.trainer - Epoch duration: 00:00:04
2019-02-13 02:06:28,550 - INFO - allennlp.training.trainer - Estimated training time remaining: 0:02:29
2019-02-13 02:06:28,550 - INFO - allennlp.training.trainer - Epoch 5/39
2019-02-13 02:06:28,550 - INFO - allennlp.training.trainer - Peak CPU memory usage MB: 2642.0
2019-02-13 02:06:28,649 - INFO - allennlp.training.trainer - GPU 0 memory usage MB: 321
2019-02-13 02:06:28,650 - INFO - allennlp.training.trainer - Training
2019-02-13 02:06:31,778 - INFO - allennlp.training.trainer - Validating
2019-02-13 02:06:32,636 - INFO - allennlp.training.trainer -                     Training |  Validation
2019-02-13 02:06:32,636 - INFO - allennlp.training.trainer - gpu_0_memory_MB |   321.000  |       N/A
2019-02-13 02:06:32,637 - INFO - allennlp.training.trainer - accuracy        |     0.868  |     0.872
2019-02-13 02:06:32,637 - INFO - allennlp.training.trainer - accuracy3       |     1.000  |     1.000
2019-02-13 02:06:32,638 - INFO - allennlp.training.trainer - loss            |     0.382  |     0.471
2019-02-13 02:06:32,638 - INFO - allennlp.training.trainer - cpu_memory_MB   |  2642.000  |       N/A
2019-02-13 02:06:32,640 - INFO - allennlp.training.trainer - Best validation performance so far. Copying weights to './model_params/best.th'.
2019-02-13 02:06:32,640 - INFO - allennlp.training.trainer - Epoch duration: 00:00:04
2019-02-13 02:06:32,641 - INFO - allennlp.training.trainer - Estimated training time remaining: 0:02:24
2019-02-13 02:06:32,641 - INFO - allennlp.training.trainer - Epoch 6/39
2019-02-13 02:06:32,641 - INFO - allennlp.training.trainer - Peak CPU memory usage MB: 2642.032
2019-02-13 02:06:32,739 - INFO - allennlp.training.trainer - GPU 0 memory usage MB: 321
2019-02-13 02:06:32,740 - INFO - allennlp.training.trainer - Training
2019-02-13 02:06:35,844 - INFO - allennlp.training.trainer - Validating
2019-02-13 02:06:36,707 - INFO - allennlp.training.trainer -                     Training |  Validation
2019-02-13 02:06:36,707 - INFO - allennlp.training.trainer - gpu_0_memory_MB |   321.000  |       N/A
2019-02-13 02:06:36,707 - INFO - allennlp.training.trainer - accuracy        |     0.867  |     0.875
2019-02-13 02:06:36,708 - INFO - allennlp.training.trainer - accuracy3       |     1.000  |     1.000
2019-02-13 02:06:36,708 - INFO - allennlp.training.trainer - loss            |     0.382  |     0.475
2019-02-13 02:06:36,708 - INFO - allennlp.training.trainer - cpu_memory_MB   |  2642.032  |       N/A
2019-02-13 02:06:36,711 - INFO - allennlp.training.trainer - Epoch duration: 00:00:04
2019-02-13 02:06:36,711 - INFO - allennlp.training.trainer - Estimated training time remaining: 0:02:19
2019-02-13 02:06:36,711 - INFO - allennlp.training.trainer - Epoch 7/39
2019-02-13 02:06:36,711 - INFO - allennlp.training.trainer - Peak CPU memory usage MB: 2642.128
2019-02-13 02:06:36,806 - INFO - allennlp.training.trainer - GPU 0 memory usage MB: 321
2019-02-13 02:06:36,807 - INFO - allennlp.training.trainer - Training
2019-02-13 02:06:39,882 - INFO - allennlp.training.trainer - Validating
2019-02-13 02:06:40,744 - INFO - allennlp.training.trainer -                     Training |  Validation
2019-02-13 02:06:40,744 - INFO - allennlp.training.trainer - gpu_0_memory_MB |   321.000  |       N/A
2019-02-13 02:06:40,745 - INFO - allennlp.training.trainer - accuracy        |     0.866  |     0.875
2019-02-13 02:06:40,745 - INFO - allennlp.training.trainer - accuracy3       |     1.000  |     1.000
2019-02-13 02:06:40,746 - INFO - allennlp.training.trainer - loss            |     0.382  |     0.476
2019-02-13 02:06:40,746 - INFO - allennlp.training.trainer - cpu_memory_MB   |  2642.128  |       N/A
2019-02-13 02:06:40,748 - INFO - allennlp.training.trainer - Epoch duration: 00:00:04
2019-02-13 02:06:40,748 - INFO - allennlp.training.trainer - Estimated training time remaining: 0:02:14
2019-02-13 02:06:40,749 - INFO - allennlp.training.trainer - Epoch 8/39
2019-02-13 02:06:40,749 - INFO - allennlp.training.trainer - Peak CPU memory usage MB: 2642.128
2019-02-13 02:06:40,846 - INFO - allennlp.training.trainer - GPU 0 memory usage MB: 321
2019-02-13 02:06:40,846 - INFO - allennlp.training.trainer - Training
2019-02-13 02:06:43,969 - INFO - allennlp.training.trainer - Validating
2019-02-13 02:06:44,818 - INFO - allennlp.training.trainer -                     Training |  Validation
2019-02-13 02:06:44,819 - INFO - allennlp.training.trainer - gpu_0_memory_MB |   321.000  |       N/A
2019-02-13 02:06:44,819 - INFO - allennlp.training.trainer - accuracy        |     0.867  |     0.872
2019-02-13 02:06:44,819 - INFO - allennlp.training.trainer - accuracy3       |     1.000  |     1.000
2019-02-13 02:06:44,819 - INFO - allennlp.training.trainer - loss            |     0.382  |     0.472
2019-02-13 02:06:44,819 - INFO - allennlp.training.trainer - cpu_memory_MB   |  2642.128  |       N/A
2019-02-13 02:06:44,822 - INFO - allennlp.training.trainer - Epoch duration: 00:00:04
2019-02-13 02:06:44,823 - INFO - allennlp.training.trainer - Estimated training time remaining: 0:02:09
2019-02-13 02:06:44,823 - INFO - allennlp.training.trainer - Epoch 9/39
2019-02-13 02:06:44,823 - INFO - allennlp.training.trainer - Peak CPU memory usage MB: 2642.164
2019-02-13 02:06:44,922 - INFO - allennlp.training.trainer - GPU 0 memory usage MB: 321
2019-02-13 02:06:44,923 - INFO - allennlp.training.trainer - Training
2019-02-13 02:06:48,047 - INFO - allennlp.training.trainer - Validating
2019-02-13 02:06:48,895 - INFO - allennlp.training.trainer -                     Training |  Validation
2019-02-13 02:06:48,896 - INFO - allennlp.training.trainer - gpu_0_memory_MB |   321.000  |       N/A
2019-02-13 02:06:48,896 - INFO - allennlp.training.trainer - accuracy        |     0.866  |     0.872
2019-02-13 02:06:48,897 - INFO - allennlp.training.trainer - accuracy3       |     1.000  |     1.000
2019-02-13 02:06:48,897 - INFO - allennlp.training.trainer - loss            |     0.382  |     0.469
2019-02-13 02:06:48,897 - INFO - allennlp.training.trainer - cpu_memory_MB   |  2642.164  |       N/A
2019-02-13 02:06:48,899 - INFO - allennlp.training.trainer - Best validation performance so far. Copying weights to './model_params/best.th'.
2019-02-13 02:06:48,900 - INFO - allennlp.training.trainer - Epoch duration: 00:00:04
2019-02-13 02:06:48,900 - INFO - allennlp.training.trainer - Estimated training time remaining: 0:02:05
2019-02-13 02:06:48,900 - INFO - allennlp.training.trainer - Epoch 10/39
2019-02-13 02:06:48,900 - INFO - allennlp.training.trainer - Peak CPU memory usage MB: 2642.264
2019-02-13 02:06:49,002 - INFO - allennlp.training.trainer - GPU 0 memory usage MB: 321
2019-02-13 02:06:49,003 - INFO - allennlp.training.trainer - Training
2019-02-13 02:06:52,107 - INFO - allennlp.training.trainer - Validating
2019-02-13 02:06:52,966 - INFO - allennlp.training.trainer -                     Training |  Validation
2019-02-13 02:06:52,967 - INFO - allennlp.training.trainer - gpu_0_memory_MB |   321.000  |       N/A
2019-02-13 02:06:52,967 - INFO - allennlp.training.trainer - accuracy        |     0.867  |     0.872
2019-02-13 02:06:52,968 - INFO - allennlp.training.trainer - accuracy3       |     1.000  |     1.000
2019-02-13 02:06:52,968 - INFO - allennlp.training.trainer - loss            |     0.382  |     0.471
2019-02-13 02:06:52,968 - INFO - allennlp.training.trainer - cpu_memory_MB   |  2642.264  |       N/A
2019-02-13 02:06:52,970 - INFO - allennlp.training.trainer - Epoch duration: 00:00:04
2019-02-13 02:06:52,970 - INFO - allennlp.training.trainer - Estimated training time remaining: 0:02:00
2019-02-13 02:06:52,971 - INFO - allennlp.training.trainer - Epoch 11/39
2019-02-13 02:06:52,971 - INFO - allennlp.training.trainer - Peak CPU memory usage MB: 2642.268
2019-02-13 02:06:53,068 - INFO - allennlp.training.trainer - GPU 0 memory usage MB: 321
2019-02-13 02:06:53,069 - INFO - allennlp.training.trainer - Training
2019-02-13 02:06:56,178 - INFO - allennlp.training.trainer - Validating
2019-02-13 02:06:57,014 - INFO - allennlp.training.trainer -                     Training |  Validation
2019-02-13 02:06:57,014 - INFO - allennlp.training.trainer - gpu_0_memory_MB |   321.000  |       N/A
2019-02-13 02:06:57,015 - INFO - allennlp.training.trainer - accuracy        |     0.865  |     0.872
2019-02-13 02:06:57,015 - INFO - allennlp.training.trainer - accuracy3       |     1.000  |     1.000
2019-02-13 02:06:57,016 - INFO - allennlp.training.trainer - loss            |     0.382  |     0.471
2019-02-13 02:06:57,016 - INFO - allennlp.training.trainer - cpu_memory_MB   |  2642.268  |       N/A
2019-02-13 02:06:57,018 - INFO - allennlp.training.trainer - Epoch duration: 00:00:04
2019-02-13 02:06:57,018 - INFO - allennlp.training.trainer - Estimated training time remaining: 0:01:56
2019-02-13 02:06:57,018 - INFO - allennlp.training.trainer - Epoch 12/39
2019-02-13 02:06:57,019 - INFO - allennlp.training.trainer - Peak CPU memory usage MB: 2642.3
2019-02-13 02:06:57,114 - INFO - allennlp.training.trainer - GPU 0 memory usage MB: 321
2019-02-13 02:06:57,115 - INFO - allennlp.training.trainer - Training
2019-02-13 02:07:00,243 - INFO - allennlp.training.trainer - Validating
2019-02-13 02:07:01,098 - INFO - allennlp.training.trainer -                     Training |  Validation
2019-02-13 02:07:01,099 - INFO - allennlp.training.trainer - gpu_0_memory_MB |   321.000  |       N/A
2019-02-13 02:07:01,099 - INFO - allennlp.training.trainer - accuracy        |     0.866  |     0.872
2019-02-13 02:07:01,099 - INFO - allennlp.training.trainer - accuracy3       |     1.000  |     1.000
2019-02-13 02:07:01,099 - INFO - allennlp.training.trainer - loss            |     0.382  |     0.470
2019-02-13 02:07:01,099 - INFO - allennlp.training.trainer - cpu_memory_MB   |  2642.300  |       N/A
2019-02-13 02:07:01,102 - INFO - allennlp.training.trainer - Epoch duration: 00:00:04
2019-02-13 02:07:01,102 - INFO - allennlp.training.trainer - Estimated training time remaining: 0:01:52
2019-02-13 02:07:01,103 - INFO - allennlp.training.trainer - Epoch 13/39
2019-02-13 02:07:01,103 - INFO - allennlp.training.trainer - Peak CPU memory usage MB: 2642.316
2019-02-13 02:07:01,201 - INFO - allennlp.training.trainer - GPU 0 memory usage MB: 321
2019-02-13 02:07:01,202 - INFO - allennlp.training.trainer - Training
2019-02-13 02:07:04,294 - INFO - allennlp.training.trainer - Validating
2019-02-13 02:07:05,142 - INFO - allennlp.training.trainer -                     Training |  Validation
2019-02-13 02:07:05,142 - INFO - allennlp.training.trainer - gpu_0_memory_MB |   321.000  |       N/A
2019-02-13 02:07:05,143 - INFO - allennlp.training.trainer - accuracy        |     0.866  |     0.872
2019-02-13 02:07:05,143 - INFO - allennlp.training.trainer - accuracy3       |     1.000  |     1.000
2019-02-13 02:07:05,144 - INFO - allennlp.training.trainer - loss            |     0.382  |     0.468
2019-02-13 02:07:05,144 - INFO - allennlp.training.trainer - cpu_memory_MB   |  2642.316  |       N/A
2019-02-13 02:07:05,146 - INFO - allennlp.training.trainer - Best validation performance so far. Copying weights to './model_params/best.th'.
2019-02-13 02:07:05,147 - INFO - allennlp.training.trainer - Epoch duration: 00:00:04
2019-02-13 02:07:05,147 - INFO - allennlp.training.trainer - Estimated training time remaining: 0:01:47
2019-02-13 02:07:05,147 - INFO - allennlp.training.trainer - Epoch 14/39
2019-02-13 02:07:05,147 - INFO - allennlp.training.trainer - Peak CPU memory usage MB: 2642.316
2019-02-13 02:07:05,250 - INFO - allennlp.training.trainer - GPU 0 memory usage MB: 321
2019-02-13 02:07:05,251 - INFO - allennlp.training.trainer - Training
2019-02-13 02:07:08,357 - INFO - allennlp.training.trainer - Validating
2019-02-13 02:07:09,210 - INFO - allennlp.training.trainer -                     Training |  Validation
2019-02-13 02:07:09,211 - INFO - allennlp.training.trainer - gpu_0_memory_MB |   321.000  |       N/A
2019-02-13 02:07:09,211 - INFO - allennlp.training.trainer - accuracy        |     0.866  |     0.873
2019-02-13 02:07:09,212 - INFO - allennlp.training.trainer - accuracy3       |     1.000  |     1.000
2019-02-13 02:07:09,212 - INFO - allennlp.training.trainer - loss            |     0.382  |     0.477
2019-02-13 02:07:09,212 - INFO - allennlp.training.trainer - cpu_memory_MB   |  2642.316  |       N/A
2019-02-13 02:07:09,214 - INFO - allennlp.training.trainer - Epoch duration: 00:00:04
2019-02-13 02:07:09,215 - INFO - allennlp.training.trainer - Estimated training time remaining: 0:01:43
2019-02-13 02:07:09,215 - INFO - allennlp.training.trainer - Epoch 15/39
2019-02-13 02:07:09,215 - INFO - allennlp.training.trainer - Peak CPU memory usage MB: 2642.332
2019-02-13 02:07:09,310 - INFO - allennlp.training.trainer - GPU 0 memory usage MB: 321
2019-02-13 02:07:09,311 - INFO - allennlp.training.trainer - Training
2019-02-13 02:07:12,412 - INFO - allennlp.training.trainer - Validating
2019-02-13 02:07:13,268 - INFO - allennlp.training.trainer -                     Training |  Validation
2019-02-13 02:07:13,268 - INFO - allennlp.training.trainer - gpu_0_memory_MB |   321.000  |       N/A
2019-02-13 02:07:13,269 - INFO - allennlp.training.trainer - accuracy        |     0.866  |     0.875
2019-02-13 02:07:13,269 - INFO - allennlp.training.trainer - accuracy3       |     1.000  |     1.000
2019-02-13 02:07:13,269 - INFO - allennlp.training.trainer - loss            |     0.381  |     0.471
2019-02-13 02:07:13,270 - INFO - allennlp.training.trainer - cpu_memory_MB   |  2642.332  |       N/A
2019-02-13 02:07:13,272 - INFO - allennlp.training.trainer - Epoch duration: 00:00:04
2019-02-13 02:07:13,272 - INFO - allennlp.training.trainer - Estimated training time remaining: 0:01:39
2019-02-13 02:07:13,272 - INFO - allennlp.training.trainer - Epoch 16/39
2019-02-13 02:07:13,272 - INFO - allennlp.training.trainer - Peak CPU memory usage MB: 2642.64
2019-02-13 02:07:13,370 - INFO - allennlp.training.trainer - GPU 0 memory usage MB: 321
2019-02-13 02:07:13,371 - INFO - allennlp.training.trainer - Training
2019-02-13 02:07:16,495 - INFO - allennlp.training.trainer - Validating
2019-02-13 02:07:17,347 - INFO - allennlp.training.trainer -                     Training |  Validation
2019-02-13 02:07:17,347 - INFO - allennlp.training.trainer - gpu_0_memory_MB |   321.000  |       N/A
2019-02-13 02:07:17,347 - INFO - allennlp.training.trainer - accuracy        |     0.867  |     0.872
2019-02-13 02:07:17,348 - INFO - allennlp.training.trainer - accuracy3       |     1.000  |     1.000
2019-02-13 02:07:17,348 - INFO - allennlp.training.trainer - loss            |     0.381  |     0.471
2019-02-13 02:07:17,348 - INFO - allennlp.training.trainer - cpu_memory_MB   |  2642.640  |       N/A
2019-02-13 02:07:17,351 - INFO - allennlp.training.trainer - Epoch duration: 00:00:04
2019-02-13 02:07:17,352 - INFO - allennlp.training.trainer - Estimated training time remaining: 0:01:34
2019-02-13 02:07:17,352 - INFO - allennlp.training.trainer - Epoch 17/39
2019-02-13 02:07:17,352 - INFO - allennlp.training.trainer - Peak CPU memory usage MB: 2642.816
2019-02-13 02:07:17,448 - INFO - allennlp.training.trainer - GPU 0 memory usage MB: 321
2019-02-13 02:07:17,449 - INFO - allennlp.training.trainer - Training
2019-02-13 02:07:20,578 - INFO - allennlp.training.trainer - Validating
2019-02-13 02:07:21,439 - INFO - allennlp.training.trainer -                     Training |  Validation
2019-02-13 02:07:21,439 - INFO - allennlp.training.trainer - gpu_0_memory_MB |   321.000  |       N/A
2019-02-13 02:07:21,440 - INFO - allennlp.training.trainer - accuracy        |     0.866  |     0.872
2019-02-13 02:07:21,440 - INFO - allennlp.training.trainer - accuracy3       |     1.000  |     1.000
2019-02-13 02:07:21,441 - INFO - allennlp.training.trainer - loss            |     0.383  |     0.471
2019-02-13 02:07:21,441 - INFO - allennlp.training.trainer - cpu_memory_MB   |  2642.816  |       N/A
2019-02-13 02:07:21,443 - INFO - allennlp.training.trainer - Epoch duration: 00:00:04
2019-02-13 02:07:21,443 - INFO - allennlp.training.trainer - Estimated training time remaining: 0:01:30
2019-02-13 02:07:21,443 - INFO - allennlp.training.trainer - Epoch 18/39
2019-02-13 02:07:21,444 - INFO - allennlp.training.trainer - Peak CPU memory usage MB: 2642.816
2019-02-13 02:07:21,540 - INFO - allennlp.training.trainer - GPU 0 memory usage MB: 321
2019-02-13 02:07:21,540 - INFO - allennlp.training.trainer - Training
2019-02-13 02:07:24,616 - INFO - allennlp.training.trainer - Validating
2019-02-13 02:07:25,468 - INFO - allennlp.training.trainer - Ran out of patience.  Stopping training.
2019-02-13 02:07:25,468 - INFO - allennlp.models.archival - archiving weights and vocabulary to ./model_params/model.tar.gz
2019-02-13 02:07:25,472 - INFO - allennlp.commands.train - Loading the best epoch weights.
2019-02-13 02:07:25,474 - INFO - allennlp.common.util - Metrics: {
  "peak_cpu_memory_MB": 2642.816,
  "peak_gpu_0_memory_MB": 321,
  "training_duration": "00:01:14",
  "training_start_epoch": 0,
  "training_epochs": 17,
  "epoch": 17,
  "training_accuracy": 0.8664655914561096,
  "training_accuracy3": 1.0,
  "training_loss": 0.38255709863227344,
  "training_cpu_memory_MB": 2642.816,
  "training_gpu_0_memory_MB": 321,
  "validation_accuracy": 0.872255489021956,
  "validation_accuracy3": 1.0,
  "validation_loss": 0.4708300819810556,
  "best_epoch": 13,
  "best_validation_accuracy": 0.8722667659032218,
  "best_validation_accuracy3": 1.0,
  "best_validation_loss": 0.46762204626385045
}
Token batch process time:
55.488333225250244
Token batch process time:
29.230724811553955
