2019-02-11 18:21:00,711 - INFO - allennlp.common.from_params - instantiating class <class 'allennlp.data.dataset_readers.dataset_reader.DatasetReader'> from params {'mytokenizer': {'type': 'word', 'word_splitter': {'ner': True, 'parse': True, 'pos_tags': True, 'type': 'whitespacy'}}, 'token_indexers': {'dependency_label': {'namespace': 'dependencies', 'type': 'dependency_label'}, 'ner_tag': {'namespace': 'ner', 'type': 'ner_tag'}, 'pos_tag': {'coarse_tags': True, 'namespace': 'pos', 'type': 'pos_tag'}}, 'type': 'sequence_tagging2', 'word_tag_delimiter': '//'} and extras {}
2019-02-11 18:21:00,711 - INFO - allennlp.common.params - dataset_reader.type = sequence_tagging2
2019-02-11 18:21:00,712 - INFO - allennlp.common.from_params - instantiating class <class 'myallennlp.dataset_readers.sequence_tagging2.SequenceTaggingDatasetReader'> from params {'mytokenizer': {'type': 'word', 'word_splitter': {'ner': True, 'parse': True, 'pos_tags': True, 'type': 'whitespacy'}}, 'token_indexers': {'dependency_label': {'namespace': 'dependencies', 'type': 'dependency_label'}, 'ner_tag': {'namespace': 'ner', 'type': 'ner_tag'}, 'pos_tag': {'coarse_tags': True, 'namespace': 'pos', 'type': 'pos_tag'}}, 'word_tag_delimiter': '//'} and extras {}
2019-02-11 18:21:00,712 - INFO - allennlp.common.params - dataset_reader.word_tag_delimiter = //
2019-02-11 18:21:00,712 - INFO - allennlp.common.params - dataset_reader.token_delimiter = None
2019-02-11 18:21:00,712 - INFO - allennlp.common.from_params - instantiating class allennlp.data.token_indexers.token_indexer.TokenIndexer from params {'namespace': 'dependencies', 'type': 'dependency_label'} and extras {}
2019-02-11 18:21:00,712 - INFO - allennlp.common.params - dataset_reader.token_indexers.dependency_label.type = dependency_label
2019-02-11 18:21:00,713 - INFO - allennlp.common.from_params - instantiating class allennlp.data.token_indexers.dep_label_indexer.DepLabelIndexer from params {'namespace': 'dependencies'} and extras {}
2019-02-11 18:21:00,713 - INFO - allennlp.common.params - dataset_reader.token_indexers.dependency_label.namespace = dependencies
2019-02-11 18:21:00,713 - INFO - allennlp.common.from_params - instantiating class allennlp.data.token_indexers.token_indexer.TokenIndexer from params {'namespace': 'ner', 'type': 'ner_tag'} and extras {}
2019-02-11 18:21:00,713 - INFO - allennlp.common.params - dataset_reader.token_indexers.ner_tag.type = ner_tag
2019-02-11 18:21:00,713 - INFO - allennlp.common.from_params - instantiating class allennlp.data.token_indexers.ner_tag_indexer.NerTagIndexer from params {'namespace': 'ner'} and extras {}
2019-02-11 18:21:00,714 - INFO - allennlp.common.params - dataset_reader.token_indexers.ner_tag.namespace = ner
2019-02-11 18:21:00,714 - INFO - allennlp.common.from_params - instantiating class allennlp.data.token_indexers.token_indexer.TokenIndexer from params {'coarse_tags': True, 'namespace': 'pos', 'type': 'pos_tag'} and extras {}
2019-02-11 18:21:00,714 - INFO - allennlp.common.params - dataset_reader.token_indexers.pos_tag.type = pos_tag
2019-02-11 18:21:00,714 - INFO - allennlp.common.from_params - instantiating class allennlp.data.token_indexers.pos_tag_indexer.PosTagIndexer from params {'coarse_tags': True, 'namespace': 'pos'} and extras {}
2019-02-11 18:21:00,714 - INFO - allennlp.common.params - dataset_reader.token_indexers.pos_tag.namespace = pos
2019-02-11 18:21:00,715 - INFO - allennlp.common.params - dataset_reader.token_indexers.pos_tag.coarse_tags = True
2019-02-11 18:21:00,715 - INFO - allennlp.common.params - dataset_reader.lazy = False
2019-02-11 18:21:00,715 - INFO - allennlp.common.from_params - instantiating class <class 'allennlp.data.tokenizers.tokenizer.Tokenizer'> from params {'type': 'word', 'word_splitter': {'ner': True, 'parse': True, 'pos_tags': True, 'type': 'whitespacy'}} and extras {}
2019-02-11 18:21:00,715 - INFO - allennlp.common.params - dataset_reader.mytokenizer.type = word
2019-02-11 18:21:00,716 - INFO - allennlp.common.from_params - instantiating class <class 'allennlp.data.tokenizers.word_tokenizer.WordTokenizer'> from params {'word_splitter': {'ner': True, 'parse': True, 'pos_tags': True, 'type': 'whitespacy'}} and extras {}
2019-02-11 18:21:00,716 - INFO - allennlp.common.from_params - instantiating class <class 'allennlp.data.tokenizers.word_splitter.WordSplitter'> from params {'ner': True, 'parse': True, 'pos_tags': True, 'type': 'whitespacy'} and extras {}
2019-02-11 18:21:00,716 - INFO - allennlp.common.params - dataset_reader.mytokenizer.word_splitter.type = whitespacy
2019-02-11 18:21:00,716 - INFO - allennlp.common.from_params - instantiating class <class 'myallennlp.data.tokenizers.word_splitter.SpacyWordSplitter'> from params {'ner': True, 'parse': True, 'pos_tags': True} and extras {}
2019-02-11 18:21:00,717 - INFO - allennlp.common.params - dataset_reader.mytokenizer.word_splitter.language = en_core_web_sm
2019-02-11 18:21:00,717 - INFO - allennlp.common.params - dataset_reader.mytokenizer.word_splitter.pos_tags = True
2019-02-11 18:21:00,717 - INFO - allennlp.common.params - dataset_reader.mytokenizer.word_splitter.parse = True
2019-02-11 18:21:00,717 - INFO - allennlp.common.params - dataset_reader.mytokenizer.word_splitter.ner = True
2019-02-11 18:21:01,732 - INFO - allennlp.common.params - dataset_reader.mytokenizer.start_tokens = None
2019-02-11 18:21:01,732 - INFO - allennlp.common.params - dataset_reader.mytokenizer.end_tokens = None
2019-02-11 18:21:01,733 - INFO - allennlp.common.params - dataset_reader.use_spacy_directly = False
2019-02-11 18:21:01,733 - INFO - allennlp.common.params - validation_dataset_reader = None
2019-02-11 18:21:01,733 - INFO - allennlp.common.params - train_data_path = ../data/allenTrain.txt
2019-02-11 18:21:01,733 - INFO - allennlp.commands.train - Reading training data from ../data/allenTrain.txt
2019-02-11 18:21:01,734 - INFO - myallennlp.dataset_readers.sequence_tagging2 - Reading instances from lines in file at: ../data/allenTrain.txt
2019-02-11 18:22:47,805 - INFO - allennlp.common.params - validation_data_path = ../data/allenDev.txt
2019-02-11 18:22:47,805 - INFO - allennlp.commands.train - Reading validation data from ../data/allenDev.txt
2019-02-11 18:22:47,806 - INFO - myallennlp.dataset_readers.sequence_tagging2 - Reading instances from lines in file at: ../data/allenDev.txt
2019-02-11 18:23:44,323 - INFO - allennlp.common.params - test_data_path = None
2019-02-11 18:23:44,324 - INFO - allennlp.commands.train - From dataset instances, train, validation will be considered for vocabulary creation.
2019-02-11 18:23:44,324 - INFO - allennlp.common.params - vocabulary.type = None
2019-02-11 18:23:44,324 - INFO - allennlp.common.params - vocabulary.extend = False
2019-02-11 18:23:44,324 - INFO - allennlp.common.params - vocabulary.directory_path = None
2019-02-11 18:23:44,324 - INFO - allennlp.common.params - vocabulary.min_count = None
2019-02-11 18:23:44,324 - INFO - allennlp.common.params - vocabulary.max_vocab_size = None
2019-02-11 18:23:44,325 - INFO - allennlp.common.params - vocabulary.non_padded_namespaces = ('*tags', '*labels')
2019-02-11 18:23:44,325 - INFO - allennlp.common.params - vocabulary.min_pretrained_embeddings = None
2019-02-11 18:23:44,325 - INFO - allennlp.common.params - vocabulary.only_include_pretrained_words = False
2019-02-11 18:23:44,325 - INFO - allennlp.common.params - vocabulary.tokens_to_add = None
2019-02-11 18:23:44,325 - INFO - allennlp.data.vocabulary - Fitting token dictionary from dataset.
2019-02-11 18:23:45,384 - INFO - allennlp.common.from_params - instantiating class <class 'allennlp.models.model.Model'> from params {'Ntags0': 95, 'Ntags1': 5, 'do_crossentropy_weighting': True, 'encoder': {'bidirectional': True, 'dropout': 0.5, 'hidden_size': 54, 'input_size': 54, 'num_layers': 2, 'type': 'rnn'}, 'text_field_embedder': {'token_embedders': {'dependency_label': {'embedding_dim': 20, 'type': 'embedding', 'vocab_namespace': 'dependencies'}, 'ner_tag': {'embedding_dim': 19, 'type': 'embedding', 'vocab_namespace': 'ner'}, 'pos_tag': {'embedding_dim': 15, 'type': 'embedding', 'vocab_namespace': 'pos'}}}, 'type': 'simple_tagger2'} and extras {'vocab': Vocabulary with namespaces:  dependencies, Size: 47 || ner, Size: 21 || pos, Size: 17 || labels, Size: 2 || Non Padded Namespaces: {'*tags', '*labels'}}
2019-02-11 18:23:45,385 - INFO - allennlp.common.params - model.type = simple_tagger2
2019-02-11 18:23:45,385 - INFO - allennlp.common.from_params - instantiating class <class 'myallennlp.models.simple_tagger2.SimpleTagger2'> from params {'Ntags0': 95, 'Ntags1': 5, 'do_crossentropy_weighting': True, 'encoder': {'bidirectional': True, 'dropout': 0.5, 'hidden_size': 54, 'input_size': 54, 'num_layers': 2, 'type': 'rnn'}, 'text_field_embedder': {'token_embedders': {'dependency_label': {'embedding_dim': 20, 'type': 'embedding', 'vocab_namespace': 'dependencies'}, 'ner_tag': {'embedding_dim': 19, 'type': 'embedding', 'vocab_namespace': 'ner'}, 'pos_tag': {'embedding_dim': 15, 'type': 'embedding', 'vocab_namespace': 'pos'}}}} and extras {'vocab': Vocabulary with namespaces:  dependencies, Size: 47 || ner, Size: 21 || pos, Size: 17 || labels, Size: 2 || Non Padded Namespaces: {'*tags', '*labels'}}
2019-02-11 18:23:45,385 - INFO - allennlp.common.from_params - instantiating class <class 'allennlp.modules.text_field_embedders.text_field_embedder.TextFieldEmbedder'> from params {'token_embedders': {'dependency_label': {'embedding_dim': 20, 'type': 'embedding', 'vocab_namespace': 'dependencies'}, 'ner_tag': {'embedding_dim': 19, 'type': 'embedding', 'vocab_namespace': 'ner'}, 'pos_tag': {'embedding_dim': 15, 'type': 'embedding', 'vocab_namespace': 'pos'}}} and extras {'vocab': Vocabulary with namespaces:  dependencies, Size: 47 || ner, Size: 21 || pos, Size: 17 || labels, Size: 2 || Non Padded Namespaces: {'*tags', '*labels'}}
2019-02-11 18:23:45,386 - INFO - allennlp.common.params - model.text_field_embedder.type = basic
2019-02-11 18:23:45,386 - INFO - allennlp.common.params - model.text_field_embedder.embedder_to_indexer_map = None
2019-02-11 18:23:45,386 - INFO - allennlp.common.params - model.text_field_embedder.allow_unmatched_keys = False
2019-02-11 18:23:45,386 - INFO - allennlp.common.from_params - instantiating class <class 'allennlp.modules.token_embedders.token_embedder.TokenEmbedder'> from params {'embedding_dim': 20, 'type': 'embedding', 'vocab_namespace': 'dependencies'} and extras {'vocab': Vocabulary with namespaces:  dependencies, Size: 47 || ner, Size: 21 || pos, Size: 17 || labels, Size: 2 || Non Padded Namespaces: {'*tags', '*labels'}}
2019-02-11 18:23:45,386 - INFO - allennlp.common.params - model.text_field_embedder.token_embedders.dependency_label.type = embedding
2019-02-11 18:23:45,387 - INFO - allennlp.common.params - model.text_field_embedder.token_embedders.dependency_label.num_embeddings = None
2019-02-11 18:23:45,387 - INFO - allennlp.common.params - model.text_field_embedder.token_embedders.dependency_label.vocab_namespace = dependencies
2019-02-11 18:23:45,387 - INFO - allennlp.common.params - model.text_field_embedder.token_embedders.dependency_label.embedding_dim = 20
2019-02-11 18:23:45,387 - INFO - allennlp.common.params - model.text_field_embedder.token_embedders.dependency_label.pretrained_file = None
2019-02-11 18:23:45,387 - INFO - allennlp.common.params - model.text_field_embedder.token_embedders.dependency_label.projection_dim = None
2019-02-11 18:23:45,387 - INFO - allennlp.common.params - model.text_field_embedder.token_embedders.dependency_label.trainable = True
2019-02-11 18:23:45,388 - INFO - allennlp.common.params - model.text_field_embedder.token_embedders.dependency_label.padding_index = None
2019-02-11 18:23:45,388 - INFO - allennlp.common.params - model.text_field_embedder.token_embedders.dependency_label.max_norm = None
2019-02-11 18:23:45,388 - INFO - allennlp.common.params - model.text_field_embedder.token_embedders.dependency_label.norm_type = 2.0
2019-02-11 18:23:45,388 - INFO - allennlp.common.params - model.text_field_embedder.token_embedders.dependency_label.scale_grad_by_freq = False
2019-02-11 18:23:45,388 - INFO - allennlp.common.params - model.text_field_embedder.token_embedders.dependency_label.sparse = False
2019-02-11 18:23:45,389 - INFO - allennlp.common.from_params - instantiating class <class 'allennlp.modules.token_embedders.token_embedder.TokenEmbedder'> from params {'embedding_dim': 19, 'type': 'embedding', 'vocab_namespace': 'ner'} and extras {'vocab': Vocabulary with namespaces:  dependencies, Size: 47 || ner, Size: 21 || pos, Size: 17 || labels, Size: 2 || Non Padded Namespaces: {'*tags', '*labels'}}
2019-02-11 18:23:45,389 - INFO - allennlp.common.params - model.text_field_embedder.token_embedders.ner_tag.type = embedding
2019-02-11 18:23:45,390 - INFO - allennlp.common.params - model.text_field_embedder.token_embedders.ner_tag.num_embeddings = None
2019-02-11 18:23:45,390 - INFO - allennlp.common.params - model.text_field_embedder.token_embedders.ner_tag.vocab_namespace = ner
2019-02-11 18:23:45,390 - INFO - allennlp.common.params - model.text_field_embedder.token_embedders.ner_tag.embedding_dim = 19
2019-02-11 18:23:45,390 - INFO - allennlp.common.params - model.text_field_embedder.token_embedders.ner_tag.pretrained_file = None
2019-02-11 18:23:45,390 - INFO - allennlp.common.params - model.text_field_embedder.token_embedders.ner_tag.projection_dim = None
2019-02-11 18:23:45,390 - INFO - allennlp.common.params - model.text_field_embedder.token_embedders.ner_tag.trainable = True
2019-02-11 18:23:45,391 - INFO - allennlp.common.params - model.text_field_embedder.token_embedders.ner_tag.padding_index = None
2019-02-11 18:23:45,391 - INFO - allennlp.common.params - model.text_field_embedder.token_embedders.ner_tag.max_norm = None
2019-02-11 18:23:45,391 - INFO - allennlp.common.params - model.text_field_embedder.token_embedders.ner_tag.norm_type = 2.0
2019-02-11 18:23:45,391 - INFO - allennlp.common.params - model.text_field_embedder.token_embedders.ner_tag.scale_grad_by_freq = False
2019-02-11 18:23:45,391 - INFO - allennlp.common.params - model.text_field_embedder.token_embedders.ner_tag.sparse = False
2019-02-11 18:23:45,391 - INFO - allennlp.common.from_params - instantiating class <class 'allennlp.modules.token_embedders.token_embedder.TokenEmbedder'> from params {'embedding_dim': 15, 'type': 'embedding', 'vocab_namespace': 'pos'} and extras {'vocab': Vocabulary with namespaces:  dependencies, Size: 47 || ner, Size: 21 || pos, Size: 17 || labels, Size: 2 || Non Padded Namespaces: {'*tags', '*labels'}}
2019-02-11 18:23:45,391 - INFO - allennlp.common.params - model.text_field_embedder.token_embedders.pos_tag.type = embedding
2019-02-11 18:23:45,392 - INFO - allennlp.common.params - model.text_field_embedder.token_embedders.pos_tag.num_embeddings = None
2019-02-11 18:23:45,392 - INFO - allennlp.common.params - model.text_field_embedder.token_embedders.pos_tag.vocab_namespace = pos
2019-02-11 18:23:45,392 - INFO - allennlp.common.params - model.text_field_embedder.token_embedders.pos_tag.embedding_dim = 15
2019-02-11 18:23:45,392 - INFO - allennlp.common.params - model.text_field_embedder.token_embedders.pos_tag.pretrained_file = None
2019-02-11 18:23:45,392 - INFO - allennlp.common.params - model.text_field_embedder.token_embedders.pos_tag.projection_dim = None
2019-02-11 18:23:45,392 - INFO - allennlp.common.params - model.text_field_embedder.token_embedders.pos_tag.trainable = True
2019-02-11 18:23:45,393 - INFO - allennlp.common.params - model.text_field_embedder.token_embedders.pos_tag.padding_index = None
2019-02-11 18:23:45,393 - INFO - allennlp.common.params - model.text_field_embedder.token_embedders.pos_tag.max_norm = None
2019-02-11 18:23:45,393 - INFO - allennlp.common.params - model.text_field_embedder.token_embedders.pos_tag.norm_type = 2.0
2019-02-11 18:23:45,393 - INFO - allennlp.common.params - model.text_field_embedder.token_embedders.pos_tag.scale_grad_by_freq = False
2019-02-11 18:23:45,393 - INFO - allennlp.common.params - model.text_field_embedder.token_embedders.pos_tag.sparse = False
2019-02-11 18:23:45,394 - INFO - allennlp.common.from_params - instantiating class <class 'allennlp.modules.seq2seq_encoders.seq2seq_encoder.Seq2SeqEncoder'> from params {'bidirectional': True, 'dropout': 0.5, 'hidden_size': 54, 'input_size': 54, 'num_layers': 2, 'type': 'rnn'} and extras {'vocab': Vocabulary with namespaces:  dependencies, Size: 47 || ner, Size: 21 || pos, Size: 17 || labels, Size: 2 || Non Padded Namespaces: {'*tags', '*labels'}}
2019-02-11 18:23:45,394 - INFO - allennlp.common.params - model.encoder.type = rnn
2019-02-11 18:23:45,394 - INFO - allennlp.common.params - model.encoder.batch_first = True
2019-02-11 18:23:45,394 - INFO - allennlp.common.params - model.encoder.stateful = False
2019-02-11 18:23:45,395 - INFO - allennlp.common.params - Converting Params object to dict; logging of default values will not occur when dictionary parameters are used subsequently.
2019-02-11 18:23:45,395 - INFO - allennlp.common.params - CURRENTLY DEFINED PARAMETERS: 
2019-02-11 18:23:45,395 - INFO - allennlp.common.params - model.encoder.bidirectional = True
2019-02-11 18:23:45,395 - INFO - allennlp.common.params - model.encoder.dropout = 0.5
2019-02-11 18:23:45,395 - INFO - allennlp.common.params - model.encoder.hidden_size = 54
2019-02-11 18:23:45,395 - INFO - allennlp.common.params - model.encoder.input_size = 54
2019-02-11 18:23:45,395 - INFO - allennlp.common.params - model.encoder.num_layers = 2
2019-02-11 18:23:45,395 - INFO - allennlp.common.params - model.encoder.batch_first = True
2019-02-11 18:23:45,397 - INFO - allennlp.common.params - model.do_crossentropy_weighting = True
2019-02-11 18:23:45,397 - INFO - allennlp.common.params - model.Ntags0 = 95
2019-02-11 18:23:45,398 - INFO - allennlp.common.params - model.Ntags1 = 5
2019-02-11 18:23:45,398 - INFO - allennlp.nn.initializers - Initializing parameters
2019-02-11 18:23:45,398 - INFO - allennlp.nn.initializers - Done initializing parameters; the following parameters are using their default initialization from their code
2019-02-11 18:23:45,399 - INFO - allennlp.nn.initializers -    encoder._module.bias_hh_l0
2019-02-11 18:23:45,399 - INFO - allennlp.nn.initializers -    encoder._module.bias_hh_l0_reverse
2019-02-11 18:23:45,399 - INFO - allennlp.nn.initializers -    encoder._module.bias_hh_l1
2019-02-11 18:23:45,399 - INFO - allennlp.nn.initializers -    encoder._module.bias_hh_l1_reverse
2019-02-11 18:23:45,399 - INFO - allennlp.nn.initializers -    encoder._module.bias_ih_l0
2019-02-11 18:23:45,399 - INFO - allennlp.nn.initializers -    encoder._module.bias_ih_l0_reverse
2019-02-11 18:23:45,400 - INFO - allennlp.nn.initializers -    encoder._module.bias_ih_l1
2019-02-11 18:23:45,400 - INFO - allennlp.nn.initializers -    encoder._module.bias_ih_l1_reverse
2019-02-11 18:23:45,400 - INFO - allennlp.nn.initializers -    encoder._module.weight_hh_l0
2019-02-11 18:23:45,400 - INFO - allennlp.nn.initializers -    encoder._module.weight_hh_l0_reverse
2019-02-11 18:23:45,400 - INFO - allennlp.nn.initializers -    encoder._module.weight_hh_l1
2019-02-11 18:23:45,400 - INFO - allennlp.nn.initializers -    encoder._module.weight_hh_l1_reverse
2019-02-11 18:23:45,400 - INFO - allennlp.nn.initializers -    encoder._module.weight_ih_l0
2019-02-11 18:23:45,400 - INFO - allennlp.nn.initializers -    encoder._module.weight_ih_l0_reverse
2019-02-11 18:23:45,401 - INFO - allennlp.nn.initializers -    encoder._module.weight_ih_l1
2019-02-11 18:23:45,401 - INFO - allennlp.nn.initializers -    encoder._module.weight_ih_l1_reverse
2019-02-11 18:23:45,401 - INFO - allennlp.nn.initializers -    tag_projection_layer._module.bias
2019-02-11 18:23:45,401 - INFO - allennlp.nn.initializers -    tag_projection_layer._module.weight
2019-02-11 18:23:45,401 - INFO - allennlp.nn.initializers -    text_field_embedder.token_embedder_dependency_label.weight
2019-02-11 18:23:45,401 - INFO - allennlp.nn.initializers -    text_field_embedder.token_embedder_ner_tag.weight
2019-02-11 18:23:45,401 - INFO - allennlp.nn.initializers -    text_field_embedder.token_embedder_pos_tag.weight
2019-02-11 18:23:45,403 - INFO - allennlp.common.from_params - instantiating class <class 'allennlp.data.iterators.data_iterator.DataIterator'> from params {'batch_size': 32, 'type': 'basic'} and extras {}
2019-02-11 18:23:45,403 - INFO - allennlp.common.params - iterator.type = basic
2019-02-11 18:23:45,403 - INFO - allennlp.common.from_params - instantiating class <class 'allennlp.data.iterators.basic_iterator.BasicIterator'> from params {'batch_size': 32} and extras {}
2019-02-11 18:23:45,403 - INFO - allennlp.common.params - iterator.batch_size = 32
2019-02-11 18:23:45,404 - INFO - allennlp.common.params - iterator.instances_per_epoch = None
2019-02-11 18:23:45,404 - INFO - allennlp.common.params - iterator.max_instances_in_memory = None
2019-02-11 18:23:45,404 - INFO - allennlp.common.params - iterator.cache_instances = False
2019-02-11 18:23:45,404 - INFO - allennlp.common.params - iterator.track_epoch = False
2019-02-11 18:23:45,404 - INFO - allennlp.common.params - iterator.maximum_samples_per_batch = None
2019-02-11 18:23:45,404 - INFO - allennlp.common.params - validation_iterator = None
2019-02-11 18:23:45,405 - INFO - allennlp.common.params - trainer.no_grad = ()
2019-02-11 18:23:45,405 - INFO - allennlp.commands.train - Following parameters are Frozen  (without gradient):
2019-02-11 18:23:45,405 - INFO - allennlp.commands.train - Following parameters are Tunable (with gradient):
2019-02-11 18:23:45,405 - INFO - allennlp.commands.train - text_field_embedder.token_embedder_dependency_label.weight
2019-02-11 18:23:45,405 - INFO - allennlp.commands.train - text_field_embedder.token_embedder_ner_tag.weight
2019-02-11 18:23:45,405 - INFO - allennlp.commands.train - text_field_embedder.token_embedder_pos_tag.weight
2019-02-11 18:23:45,406 - INFO - allennlp.commands.train - encoder._module.weight_ih_l0
2019-02-11 18:23:45,406 - INFO - allennlp.commands.train - encoder._module.weight_hh_l0
2019-02-11 18:23:45,406 - INFO - allennlp.commands.train - encoder._module.bias_ih_l0
2019-02-11 18:23:45,406 - INFO - allennlp.commands.train - encoder._module.bias_hh_l0
2019-02-11 18:23:45,406 - INFO - allennlp.commands.train - encoder._module.weight_ih_l0_reverse
2019-02-11 18:23:45,406 - INFO - allennlp.commands.train - encoder._module.weight_hh_l0_reverse
2019-02-11 18:23:45,406 - INFO - allennlp.commands.train - encoder._module.bias_ih_l0_reverse
2019-02-11 18:23:45,407 - INFO - allennlp.commands.train - encoder._module.bias_hh_l0_reverse
2019-02-11 18:23:45,407 - INFO - allennlp.commands.train - encoder._module.weight_ih_l1
2019-02-11 18:23:45,407 - INFO - allennlp.commands.train - encoder._module.weight_hh_l1
2019-02-11 18:23:45,407 - INFO - allennlp.commands.train - encoder._module.bias_ih_l1
2019-02-11 18:23:45,407 - INFO - allennlp.commands.train - encoder._module.bias_hh_l1
2019-02-11 18:23:45,407 - INFO - allennlp.commands.train - encoder._module.weight_ih_l1_reverse
2019-02-11 18:23:45,407 - INFO - allennlp.commands.train - encoder._module.weight_hh_l1_reverse
2019-02-11 18:23:45,408 - INFO - allennlp.commands.train - encoder._module.bias_ih_l1_reverse
2019-02-11 18:23:45,408 - INFO - allennlp.commands.train - encoder._module.bias_hh_l1_reverse
2019-02-11 18:23:45,408 - INFO - allennlp.commands.train - tag_projection_layer._module.weight
2019-02-11 18:23:45,408 - INFO - allennlp.commands.train - tag_projection_layer._module.bias
2019-02-11 18:23:45,408 - INFO - allennlp.common.params - trainer.type = default
2019-02-11 18:23:45,408 - INFO - allennlp.common.params - trainer.patience = 5
2019-02-11 18:23:45,409 - INFO - allennlp.common.params - trainer.validation_metric = -loss
2019-02-11 18:23:45,409 - INFO - allennlp.common.params - trainer.shuffle = True
2019-02-11 18:23:45,409 - INFO - allennlp.common.params - trainer.num_epochs = 40
2019-02-11 18:23:45,409 - INFO - allennlp.common.params - trainer.cuda_device = 0
2019-02-11 18:23:45,409 - INFO - allennlp.common.params - trainer.grad_norm = None
2019-02-11 18:23:45,409 - INFO - allennlp.common.params - trainer.grad_clipping = None
2019-02-11 18:23:45,409 - INFO - allennlp.common.params - trainer.learning_rate_scheduler = None
2019-02-11 18:23:49,600 - INFO - allennlp.common.params - trainer.optimizer = adam
2019-02-11 18:23:49,601 - INFO - allennlp.common.params - parameter_groups = None
2019-02-11 18:23:49,601 - INFO - allennlp.training.optimizers - Number of trainable parameters: 31404
2019-02-11 18:23:49,602 - INFO - allennlp.common.params - Converting Params object to dict; logging of default values will not occur when dictionary parameters are used subsequently.
2019-02-11 18:23:49,603 - INFO - allennlp.common.params - CURRENTLY DEFINED PARAMETERS: 
2019-02-11 18:23:49,603 - INFO - allennlp.common.params - trainer.num_serialized_models_to_keep = 20
2019-02-11 18:23:49,603 - INFO - allennlp.common.params - trainer.keep_serialized_model_every_num_seconds = None
2019-02-11 18:23:49,603 - INFO - allennlp.common.params - trainer.model_save_interval = None
2019-02-11 18:23:49,603 - INFO - allennlp.common.params - trainer.summary_interval = 100
2019-02-11 18:23:49,603 - INFO - allennlp.common.params - trainer.histogram_interval = None
2019-02-11 18:23:49,604 - INFO - allennlp.common.params - trainer.should_log_parameter_statistics = True
2019-02-11 18:23:49,604 - INFO - allennlp.common.params - trainer.should_log_learning_rate = False
2019-02-11 18:23:49,604 - INFO - allennlp.common.params - trainer.log_batch_size_period = None
2019-02-11 18:23:49,607 - INFO - allennlp.common.params - evaluate_on_test = False
2019-02-11 18:23:49,607 - INFO - allennlp.training.trainer - Beginning training.
2019-02-11 18:23:49,608 - INFO - allennlp.training.trainer - Epoch 0/39
2019-02-11 18:23:49,608 - INFO - allennlp.training.trainer - Peak CPU memory usage MB: 2612.344
2019-02-11 18:23:49,701 - INFO - allennlp.training.trainer - GPU 0 memory usage MB: 662
2019-02-11 18:23:49,702 - INFO - allennlp.training.trainer - Training
2019-02-11 18:24:15,582 - INFO - allennlp.training.trainer - Validating
2019-02-11 18:24:20,971 - INFO - allennlp.training.trainer -                     Training |  Validation
2019-02-11 18:24:20,972 - INFO - allennlp.training.trainer - loss            |     0.447  |     0.504
2019-02-11 18:24:20,972 - INFO - allennlp.training.trainer - accuracy        |     0.833  |     0.825
2019-02-11 18:24:20,973 - INFO - allennlp.training.trainer - accuracy3       |     1.000  |     1.000
2019-02-11 18:24:20,973 - INFO - allennlp.training.trainer - gpu_0_memory_MB |   662.000  |       N/A
2019-02-11 18:24:20,973 - INFO - allennlp.training.trainer - cpu_memory_MB   |  2612.344  |       N/A
2019-02-11 18:24:20,980 - INFO - allennlp.training.trainer - Best validation performance so far. Copying weights to './model_params/best.th'.
2019-02-11 18:24:20,981 - INFO - allennlp.training.trainer - Epoch duration: 00:00:31
2019-02-11 18:24:20,981 - INFO - allennlp.training.trainer - Estimated training time remaining: 0:20:23
2019-02-11 18:24:20,983 - INFO - allennlp.training.trainer - Epoch 1/39
2019-02-11 18:24:20,983 - INFO - allennlp.training.trainer - Peak CPU memory usage MB: 2646.372
2019-02-11 18:24:21,082 - INFO - allennlp.training.trainer - GPU 0 memory usage MB: 681
2019-02-11 18:24:21,083 - INFO - allennlp.training.trainer - Training
2019-02-11 18:24:37,953 - INFO - allennlp.training.trainer - Validating
2019-02-11 18:24:40,994 - INFO - allennlp.training.trainer -                     Training |  Validation
2019-02-11 18:24:40,995 - INFO - allennlp.training.trainer - loss            |     0.414  |     0.502
2019-02-11 18:24:40,995 - INFO - allennlp.training.trainer - accuracy        |     0.833  |     0.828
2019-02-11 18:24:40,996 - INFO - allennlp.training.trainer - accuracy3       |     1.000  |     1.000
2019-02-11 18:24:40,996 - INFO - allennlp.training.trainer - gpu_0_memory_MB |   681.000  |       N/A
2019-02-11 18:24:40,996 - INFO - allennlp.training.trainer - cpu_memory_MB   |  2646.372  |       N/A
2019-02-11 18:24:41,004 - INFO - allennlp.training.trainer - Best validation performance so far. Copying weights to './model_params/best.th'.
2019-02-11 18:24:41,005 - INFO - allennlp.training.trainer - Epoch duration: 00:00:20
2019-02-11 18:24:41,005 - INFO - allennlp.training.trainer - Estimated training time remaining: 0:16:16
2019-02-11 18:24:41,005 - INFO - allennlp.training.trainer - Epoch 2/39
2019-02-11 18:24:41,006 - INFO - allennlp.training.trainer - Peak CPU memory usage MB: 2646.952
2019-02-11 18:24:41,107 - INFO - allennlp.training.trainer - GPU 0 memory usage MB: 342
2019-02-11 18:24:41,108 - INFO - allennlp.training.trainer - Training
2019-02-11 18:24:59,018 - INFO - allennlp.training.trainer - Validating
2019-02-11 18:25:02,938 - INFO - allennlp.training.trainer -                     Training |  Validation
2019-02-11 18:25:02,939 - INFO - allennlp.training.trainer - loss            |     0.409  |     0.492
2019-02-11 18:25:02,940 - INFO - allennlp.training.trainer - accuracy        |     0.831  |     0.820
2019-02-11 18:25:02,940 - INFO - allennlp.training.trainer - accuracy3       |     1.000  |     1.000
2019-02-11 18:25:02,940 - INFO - allennlp.training.trainer - gpu_0_memory_MB |   342.000  |       N/A
2019-02-11 18:25:02,940 - INFO - allennlp.training.trainer - cpu_memory_MB   |  2646.952  |       N/A
2019-02-11 18:25:02,950 - INFO - allennlp.training.trainer - Best validation performance so far. Copying weights to './model_params/best.th'.
2019-02-11 18:25:02,955 - INFO - allennlp.training.trainer - Epoch duration: 00:00:21
2019-02-11 18:25:02,955 - INFO - allennlp.training.trainer - Estimated training time remaining: 0:15:04
2019-02-11 18:25:02,955 - INFO - allennlp.training.trainer - Epoch 3/39
2019-02-11 18:25:02,955 - INFO - allennlp.training.trainer - Peak CPU memory usage MB: 2647.204
2019-02-11 18:25:03,159 - INFO - allennlp.training.trainer - GPU 0 memory usage MB: 406
2019-02-11 18:25:03,160 - INFO - allennlp.training.trainer - Training
2019-02-11 18:25:22,058 - INFO - allennlp.training.trainer - Validating
2019-02-11 18:25:26,279 - INFO - allennlp.training.trainer -                     Training |  Validation
2019-02-11 18:25:26,286 - INFO - allennlp.training.trainer - loss            |     0.404  |     0.498
2019-02-11 18:25:26,287 - INFO - allennlp.training.trainer - accuracy        |     0.830  |     0.842
2019-02-11 18:25:26,287 - INFO - allennlp.training.trainer - accuracy3       |     1.000  |     1.000
2019-02-11 18:25:26,287 - INFO - allennlp.training.trainer - gpu_0_memory_MB |   406.000  |       N/A
2019-02-11 18:25:26,287 - INFO - allennlp.training.trainer - cpu_memory_MB   |  2647.204  |       N/A
2019-02-11 18:25:26,294 - INFO - allennlp.training.trainer - Epoch duration: 00:00:23
2019-02-11 18:25:26,294 - INFO - allennlp.training.trainer - Estimated training time remaining: 0:14:30
2019-02-11 18:25:26,294 - INFO - allennlp.training.trainer - Epoch 4/39
2019-02-11 18:25:26,295 - INFO - allennlp.training.trainer - Peak CPU memory usage MB: 2647.324
2019-02-11 18:25:26,457 - INFO - allennlp.training.trainer - GPU 0 memory usage MB: 406
2019-02-11 18:25:26,458 - INFO - allennlp.training.trainer - Training
2019-02-11 18:25:45,989 - INFO - allennlp.training.trainer - Validating
2019-02-11 18:25:50,311 - INFO - allennlp.training.trainer -                     Training |  Validation
2019-02-11 18:25:50,312 - INFO - allennlp.training.trainer - loss            |     0.403  |     0.499
2019-02-11 18:25:50,312 - INFO - allennlp.training.trainer - accuracy        |     0.831  |     0.836
2019-02-11 18:25:50,313 - INFO - allennlp.training.trainer - accuracy3       |     1.000  |     1.000
2019-02-11 18:25:50,313 - INFO - allennlp.training.trainer - gpu_0_memory_MB |   406.000  |       N/A
2019-02-11 18:25:50,313 - INFO - allennlp.training.trainer - cpu_memory_MB   |  2647.324  |       N/A
2019-02-11 18:25:50,324 - INFO - allennlp.training.trainer - Epoch duration: 00:00:24
2019-02-11 18:25:50,325 - INFO - allennlp.training.trainer - Estimated training time remaining: 0:14:05
2019-02-11 18:25:50,325 - INFO - allennlp.training.trainer - Epoch 5/39
2019-02-11 18:25:50,325 - INFO - allennlp.training.trainer - Peak CPU memory usage MB: 2647.412
2019-02-11 18:25:50,505 - INFO - allennlp.training.trainer - GPU 0 memory usage MB: 406
2019-02-11 18:25:50,506 - INFO - allennlp.training.trainer - Training
2019-02-11 18:26:09,701 - INFO - allennlp.training.trainer - Validating
2019-02-11 18:26:13,475 - INFO - allennlp.training.trainer -                     Training |  Validation
2019-02-11 18:26:13,477 - INFO - allennlp.training.trainer - loss            |     0.398  |     0.488
2019-02-11 18:26:13,477 - INFO - allennlp.training.trainer - accuracy        |     0.837  |     0.786
2019-02-11 18:26:13,477 - INFO - allennlp.training.trainer - accuracy3       |     1.000  |     1.000
2019-02-11 18:26:13,477 - INFO - allennlp.training.trainer - gpu_0_memory_MB |   406.000  |       N/A
2019-02-11 18:26:13,477 - INFO - allennlp.training.trainer - cpu_memory_MB   |  2647.412  |       N/A
2019-02-11 18:26:13,487 - INFO - allennlp.training.trainer - Best validation performance so far. Copying weights to './model_params/best.th'.
2019-02-11 18:26:13,492 - INFO - allennlp.training.trainer - Epoch duration: 00:00:23
2019-02-11 18:26:13,492 - INFO - allennlp.training.trainer - Estimated training time remaining: 0:13:35
2019-02-11 18:26:13,492 - INFO - allennlp.training.trainer - Epoch 6/39
2019-02-11 18:26:13,492 - INFO - allennlp.training.trainer - Peak CPU memory usage MB: 2647.536
2019-02-11 18:26:13,692 - INFO - allennlp.training.trainer - GPU 0 memory usage MB: 406
2019-02-11 18:26:13,693 - INFO - allennlp.training.trainer - Training
2019-02-11 18:26:32,835 - INFO - allennlp.training.trainer - Validating
2019-02-11 18:26:37,641 - INFO - allennlp.training.trainer -                     Training |  Validation
2019-02-11 18:26:37,642 - INFO - allennlp.training.trainer - loss            |     0.397  |     0.488
2019-02-11 18:26:37,642 - INFO - allennlp.training.trainer - accuracy        |     0.836  |     0.785
2019-02-11 18:26:37,642 - INFO - allennlp.training.trainer - accuracy3       |     1.000  |     1.000
2019-02-11 18:26:37,642 - INFO - allennlp.training.trainer - gpu_0_memory_MB |   406.000  |       N/A
2019-02-11 18:26:37,642 - INFO - allennlp.training.trainer - cpu_memory_MB   |  2647.536  |       N/A
2019-02-11 18:26:37,656 - INFO - allennlp.training.trainer - Best validation performance so far. Copying weights to './model_params/best.th'.
2019-02-11 18:26:37,659 - INFO - allennlp.training.trainer - Epoch duration: 00:00:24
2019-02-11 18:26:37,659 - INFO - allennlp.training.trainer - Estimated training time remaining: 0:13:12
2019-02-11 18:26:37,659 - INFO - allennlp.training.trainer - Epoch 7/39
2019-02-11 18:26:37,659 - INFO - allennlp.training.trainer - Peak CPU memory usage MB: 2647.64
2019-02-11 18:26:37,836 - INFO - allennlp.training.trainer - GPU 0 memory usage MB: 406
2019-02-11 18:26:37,837 - INFO - allennlp.training.trainer - Training
2019-02-11 18:26:56,331 - INFO - allennlp.training.trainer - Validating
2019-02-11 18:27:00,517 - INFO - allennlp.training.trainer -                     Training |  Validation
2019-02-11 18:27:00,518 - INFO - allennlp.training.trainer - loss            |     0.394  |     0.494
2019-02-11 18:27:00,518 - INFO - allennlp.training.trainer - accuracy        |     0.838  |     0.803
2019-02-11 18:27:00,518 - INFO - allennlp.training.trainer - accuracy3       |     1.000  |     1.000
2019-02-11 18:27:00,518 - INFO - allennlp.training.trainer - gpu_0_memory_MB |   406.000  |       N/A
2019-02-11 18:27:00,519 - INFO - allennlp.training.trainer - cpu_memory_MB   |  2647.640  |       N/A
2019-02-11 18:27:00,525 - INFO - allennlp.training.trainer - Epoch duration: 00:00:22
2019-02-11 18:27:00,526 - INFO - allennlp.training.trainer - Estimated training time remaining: 0:12:43
2019-02-11 18:27:00,526 - INFO - allennlp.training.trainer - Epoch 8/39
2019-02-11 18:27:00,526 - INFO - allennlp.training.trainer - Peak CPU memory usage MB: 2648.024
2019-02-11 18:27:00,671 - INFO - allennlp.training.trainer - GPU 0 memory usage MB: 406
2019-02-11 18:27:00,673 - INFO - allennlp.training.trainer - Training
2019-02-11 18:27:19,819 - INFO - allennlp.training.trainer - Validating
2019-02-11 18:27:24,402 - INFO - allennlp.training.trainer -                     Training |  Validation
2019-02-11 18:27:24,408 - INFO - allennlp.training.trainer - loss            |     0.391  |     0.495
2019-02-11 18:27:24,408 - INFO - allennlp.training.trainer - accuracy        |     0.839  |     0.828
2019-02-11 18:27:24,408 - INFO - allennlp.training.trainer - accuracy3       |     1.000  |     1.000
2019-02-11 18:27:24,408 - INFO - allennlp.training.trainer - gpu_0_memory_MB |   406.000  |       N/A
2019-02-11 18:27:24,408 - INFO - allennlp.training.trainer - cpu_memory_MB   |  2648.024  |       N/A
2019-02-11 18:27:24,418 - INFO - allennlp.training.trainer - Epoch duration: 00:00:23
2019-02-11 18:27:24,418 - INFO - allennlp.training.trainer - Estimated training time remaining: 0:12:19
2019-02-11 18:27:24,418 - INFO - allennlp.training.trainer - Epoch 9/39
2019-02-11 18:27:24,419 - INFO - allennlp.training.trainer - Peak CPU memory usage MB: 2648.576
2019-02-11 18:27:24,603 - INFO - allennlp.training.trainer - GPU 0 memory usage MB: 406
2019-02-11 18:27:24,604 - INFO - allennlp.training.trainer - Training
2019-02-11 18:27:39,896 - INFO - allennlp.training.trainer - Validating
2019-02-11 18:27:43,222 - INFO - allennlp.training.trainer -                     Training |  Validation
2019-02-11 18:27:43,223 - INFO - allennlp.training.trainer - loss            |     0.390  |     0.493
2019-02-11 18:27:43,223 - INFO - allennlp.training.trainer - accuracy        |     0.840  |     0.819
2019-02-11 18:27:43,223 - INFO - allennlp.training.trainer - accuracy3       |     1.000  |     1.000
2019-02-11 18:27:43,224 - INFO - allennlp.training.trainer - gpu_0_memory_MB |   406.000  |       N/A
2019-02-11 18:27:43,224 - INFO - allennlp.training.trainer - cpu_memory_MB   |  2648.576  |       N/A
2019-02-11 18:27:43,231 - INFO - allennlp.training.trainer - Epoch duration: 00:00:18
2019-02-11 18:27:43,231 - INFO - allennlp.training.trainer - Estimated training time remaining: 0:11:40
2019-02-11 18:27:43,231 - INFO - allennlp.training.trainer - Epoch 10/39
2019-02-11 18:27:43,231 - INFO - allennlp.training.trainer - Peak CPU memory usage MB: 2648.72
2019-02-11 18:27:43,333 - INFO - allennlp.training.trainer - GPU 0 memory usage MB: 660
2019-02-11 18:27:43,334 - INFO - allennlp.training.trainer - Training
2019-02-11 18:27:59,041 - INFO - allennlp.training.trainer - Validating
2019-02-11 18:28:02,367 - INFO - allennlp.training.trainer -                     Training |  Validation
2019-02-11 18:28:02,369 - INFO - allennlp.training.trainer - loss            |     0.391  |     0.502
2019-02-11 18:28:02,369 - INFO - allennlp.training.trainer - accuracy        |     0.838  |     0.837
2019-02-11 18:28:02,369 - INFO - allennlp.training.trainer - accuracy3       |     1.000  |     1.000
2019-02-11 18:28:02,369 - INFO - allennlp.training.trainer - gpu_0_memory_MB |   660.000  |       N/A
2019-02-11 18:28:02,370 - INFO - allennlp.training.trainer - cpu_memory_MB   |  2648.720  |       N/A
2019-02-11 18:28:02,377 - INFO - allennlp.training.trainer - Epoch duration: 00:00:19
2019-02-11 18:28:02,378 - INFO - allennlp.training.trainer - Estimated training time remaining: 0:11:06
2019-02-11 18:28:02,378 - INFO - allennlp.training.trainer - Epoch 11/39
2019-02-11 18:28:02,378 - INFO - allennlp.training.trainer - Peak CPU memory usage MB: 2648.832
2019-02-11 18:28:02,470 - INFO - allennlp.training.trainer - GPU 0 memory usage MB: 663
2019-02-11 18:28:02,471 - INFO - allennlp.training.trainer - Training
2019-02-11 18:28:17,371 - INFO - allennlp.training.trainer - Validating
2019-02-11 18:28:20,650 - INFO - allennlp.training.trainer - Ran out of patience.  Stopping training.
2019-02-11 18:28:20,650 - INFO - allennlp.models.archival - archiving weights and vocabulary to ./model_params/model.tar.gz
2019-02-11 18:28:20,668 - INFO - allennlp.commands.train - Loading the best epoch weights.
2019-02-11 18:28:20,676 - INFO - allennlp.common.util - Metrics: {
  "peak_cpu_memory_MB": 2648.832,
  "peak_gpu_0_memory_MB": 681,
  "training_duration": "00:04:12",
  "training_start_epoch": 0,
  "training_epochs": 10,
  "epoch": 10,
  "training_accuracy": 0.8380260916156453,
  "training_accuracy3": 1.0,
  "training_loss": 0.39062790669824765,
  "training_cpu_memory_MB": 2648.72,
  "training_gpu_0_memory_MB": 660,
  "validation_accuracy": 0.8371280038792471,
  "validation_accuracy3": 1.0,
  "validation_loss": 0.5023230955917009,
  "best_epoch": 6,
  "best_validation_accuracy": 0.7854798876822626,
  "best_validation_accuracy3": 1.0,
  "best_validation_loss": 0.4875678791075337
}
Token batch process time:
105.38641452789307
Token batch process time:
55.809672117233276
