2019-02-12 22:55:00,433 - INFO - allennlp.common.from_params - instantiating class <class 'allennlp.data.dataset_readers.dataset_reader.DatasetReader'> from params {'mytokenizer': {'type': 'word', 'word_splitter': {'ner': True, 'parse': True, 'pos_tags': True, 'type': 'whitespacy'}}, 'token_indexers': {'dependency_label': {'namespace': 'dependencies', 'type': 'dependency_label'}, 'ner_tag': {'namespace': 'ner', 'type': 'ner_tag'}, 'pos_tag': {'coarse_tags': True, 'namespace': 'pos', 'type': 'pos_tag'}, 'tokens': {'lowercase_tokens': True, 'type': 'single_id'}}, 'type': 'sequence_tagging2', 'word_tag_delimiter': '//'} and extras {}
2019-02-12 22:55:00,434 - INFO - allennlp.common.params - dataset_reader.type = sequence_tagging2
2019-02-12 22:55:00,434 - INFO - allennlp.common.from_params - instantiating class <class 'myallennlp.dataset_readers.sequence_tagging2.SequenceTaggingDatasetReader'> from params {'mytokenizer': {'type': 'word', 'word_splitter': {'ner': True, 'parse': True, 'pos_tags': True, 'type': 'whitespacy'}}, 'token_indexers': {'dependency_label': {'namespace': 'dependencies', 'type': 'dependency_label'}, 'ner_tag': {'namespace': 'ner', 'type': 'ner_tag'}, 'pos_tag': {'coarse_tags': True, 'namespace': 'pos', 'type': 'pos_tag'}, 'tokens': {'lowercase_tokens': True, 'type': 'single_id'}}, 'word_tag_delimiter': '//'} and extras {}
2019-02-12 22:55:00,434 - INFO - allennlp.common.params - dataset_reader.word_tag_delimiter = //
2019-02-12 22:55:00,434 - INFO - allennlp.common.params - dataset_reader.token_delimiter = None
2019-02-12 22:55:00,434 - INFO - allennlp.common.from_params - instantiating class allennlp.data.token_indexers.token_indexer.TokenIndexer from params {'namespace': 'dependencies', 'type': 'dependency_label'} and extras {}
2019-02-12 22:55:00,435 - INFO - allennlp.common.params - dataset_reader.token_indexers.dependency_label.type = dependency_label
2019-02-12 22:55:00,435 - INFO - allennlp.common.from_params - instantiating class allennlp.data.token_indexers.dep_label_indexer.DepLabelIndexer from params {'namespace': 'dependencies'} and extras {}
2019-02-12 22:55:00,435 - INFO - allennlp.common.params - dataset_reader.token_indexers.dependency_label.namespace = dependencies
2019-02-12 22:55:00,435 - INFO - allennlp.common.from_params - instantiating class allennlp.data.token_indexers.token_indexer.TokenIndexer from params {'namespace': 'ner', 'type': 'ner_tag'} and extras {}
2019-02-12 22:55:00,435 - INFO - allennlp.common.params - dataset_reader.token_indexers.ner_tag.type = ner_tag
2019-02-12 22:55:00,436 - INFO - allennlp.common.from_params - instantiating class allennlp.data.token_indexers.ner_tag_indexer.NerTagIndexer from params {'namespace': 'ner'} and extras {}
2019-02-12 22:55:00,436 - INFO - allennlp.common.params - dataset_reader.token_indexers.ner_tag.namespace = ner
2019-02-12 22:55:00,436 - INFO - allennlp.common.from_params - instantiating class allennlp.data.token_indexers.token_indexer.TokenIndexer from params {'coarse_tags': True, 'namespace': 'pos', 'type': 'pos_tag'} and extras {}
2019-02-12 22:55:00,436 - INFO - allennlp.common.params - dataset_reader.token_indexers.pos_tag.type = pos_tag
2019-02-12 22:55:00,436 - INFO - allennlp.common.from_params - instantiating class allennlp.data.token_indexers.pos_tag_indexer.PosTagIndexer from params {'coarse_tags': True, 'namespace': 'pos'} and extras {}
2019-02-12 22:55:00,436 - INFO - allennlp.common.params - dataset_reader.token_indexers.pos_tag.namespace = pos
2019-02-12 22:55:00,437 - INFO - allennlp.common.params - dataset_reader.token_indexers.pos_tag.coarse_tags = True
2019-02-12 22:55:00,437 - INFO - allennlp.common.from_params - instantiating class allennlp.data.token_indexers.token_indexer.TokenIndexer from params {'lowercase_tokens': True, 'type': 'single_id'} and extras {}
2019-02-12 22:55:00,437 - INFO - allennlp.common.params - dataset_reader.token_indexers.tokens.type = single_id
2019-02-12 22:55:00,437 - INFO - allennlp.common.from_params - instantiating class allennlp.data.token_indexers.single_id_token_indexer.SingleIdTokenIndexer from params {'lowercase_tokens': True} and extras {}
2019-02-12 22:55:00,437 - INFO - allennlp.common.params - dataset_reader.token_indexers.tokens.namespace = tokens
2019-02-12 22:55:00,437 - INFO - allennlp.common.params - dataset_reader.token_indexers.tokens.lowercase_tokens = True
2019-02-12 22:55:00,438 - INFO - allennlp.common.params - dataset_reader.token_indexers.tokens.start_tokens = None
2019-02-12 22:55:00,438 - INFO - allennlp.common.params - dataset_reader.token_indexers.tokens.end_tokens = None
2019-02-12 22:55:00,438 - INFO - allennlp.common.params - dataset_reader.lazy = False
2019-02-12 22:55:00,438 - INFO - allennlp.common.from_params - instantiating class <class 'allennlp.data.tokenizers.tokenizer.Tokenizer'> from params {'type': 'word', 'word_splitter': {'ner': True, 'parse': True, 'pos_tags': True, 'type': 'whitespacy'}} and extras {}
2019-02-12 22:55:00,438 - INFO - allennlp.common.params - dataset_reader.mytokenizer.type = word
2019-02-12 22:55:00,438 - INFO - allennlp.common.from_params - instantiating class <class 'allennlp.data.tokenizers.word_tokenizer.WordTokenizer'> from params {'word_splitter': {'ner': True, 'parse': True, 'pos_tags': True, 'type': 'whitespacy'}} and extras {}
2019-02-12 22:55:00,439 - INFO - allennlp.common.from_params - instantiating class <class 'allennlp.data.tokenizers.word_splitter.WordSplitter'> from params {'ner': True, 'parse': True, 'pos_tags': True, 'type': 'whitespacy'} and extras {}
2019-02-12 22:55:00,439 - INFO - allennlp.common.params - dataset_reader.mytokenizer.word_splitter.type = whitespacy
2019-02-12 22:55:00,439 - INFO - allennlp.common.from_params - instantiating class <class 'myallennlp.data.tokenizers.word_splitter.SpacyWordSplitter'> from params {'ner': True, 'parse': True, 'pos_tags': True} and extras {}
2019-02-12 22:55:00,439 - INFO - allennlp.common.params - dataset_reader.mytokenizer.word_splitter.language = en_core_web_sm
2019-02-12 22:55:00,439 - INFO - allennlp.common.params - dataset_reader.mytokenizer.word_splitter.pos_tags = True
2019-02-12 22:55:00,440 - INFO - allennlp.common.params - dataset_reader.mytokenizer.word_splitter.parse = True
2019-02-12 22:55:00,440 - INFO - allennlp.common.params - dataset_reader.mytokenizer.word_splitter.ner = True
2019-02-12 22:55:01,304 - INFO - allennlp.common.params - dataset_reader.mytokenizer.start_tokens = None
2019-02-12 22:55:01,305 - INFO - allennlp.common.params - dataset_reader.mytokenizer.end_tokens = None
2019-02-12 22:55:01,305 - INFO - allennlp.common.params - dataset_reader.use_spacy_directly = False
2019-02-12 22:55:01,305 - INFO - allennlp.common.params - validation_dataset_reader = None
2019-02-12 22:55:01,305 - INFO - allennlp.common.params - train_data_path = ../data/allenTrain.txt
2019-02-12 22:55:01,305 - INFO - allennlp.commands.train - Reading training data from ../data/allenTrain.txt
2019-02-12 22:55:01,306 - INFO - myallennlp.dataset_readers.sequence_tagging2 - Reading instances from lines in file at: ../data/allenTrain.txt
2019-02-12 23:19:43,033 - INFO - allennlp.common.params - validation_data_path = ../data/allenDev.txt
2019-02-12 23:19:43,034 - INFO - allennlp.commands.train - Reading validation data from ../data/allenDev.txt
2019-02-12 23:19:43,034 - INFO - myallennlp.dataset_readers.sequence_tagging2 - Reading instances from lines in file at: ../data/allenDev.txt
2019-02-12 23:20:12,816 - INFO - allennlp.common.params - test_data_path = None
2019-02-12 23:20:12,817 - INFO - allennlp.commands.train - From dataset instances, train, validation will be considered for vocabulary creation.
2019-02-12 23:20:12,817 - INFO - allennlp.common.params - vocabulary.type = None
2019-02-12 23:20:12,817 - INFO - allennlp.common.params - vocabulary.extend = False
2019-02-12 23:20:12,817 - INFO - allennlp.common.params - vocabulary.directory_path = None
2019-02-12 23:20:12,817 - INFO - allennlp.common.params - vocabulary.min_count = None
2019-02-12 23:20:12,817 - INFO - allennlp.common.params - vocabulary.max_vocab_size = None
2019-02-12 23:20:12,818 - INFO - allennlp.common.params - vocabulary.non_padded_namespaces = ('*tags', '*labels')
2019-02-12 23:20:12,818 - INFO - allennlp.common.params - vocabulary.min_pretrained_embeddings = None
2019-02-12 23:20:12,818 - INFO - allennlp.common.params - vocabulary.only_include_pretrained_words = False
2019-02-12 23:20:12,818 - INFO - allennlp.common.params - vocabulary.tokens_to_add = None
2019-02-12 23:20:12,818 - INFO - allennlp.data.vocabulary - Fitting token dictionary from dataset.
2019-02-12 23:20:25,955 - INFO - allennlp.common.from_params - instantiating class <class 'allennlp.models.model.Model'> from params {'Ntags0': 95, 'Ntags1': 5, 'do_crossentropy_weighting': True, 'encoder': {'bidirectional': True, 'dropout': 0.5, 'hidden_size': 72, 'input_size': 72, 'num_layers': 2, 'type': 'rnn'}, 'text_field_embedder': {'token_embedders': {'dependency_label': {'embedding_dim': 10, 'type': 'embedding', 'vocab_namespace': 'dependencies'}, 'ner_tag': {'embedding_dim': 7, 'type': 'embedding', 'vocab_namespace': 'ner'}, 'pos_tag': {'embedding_dim': 5, 'type': 'embedding', 'vocab_namespace': 'pos'}, 'tokens': {'embedding_dim': 50, 'pretrained_file': '~/src/allennlp/glove/glove.6B.50d.txt.gz', 'trainable': False, 'type': 'embedding'}}}, 'type': 'simple_tagger2'} and extras {'vocab': Vocabulary with namespaces:  dependencies, Size: 47 || ner, Size: 21 || pos, Size: 17 || tokens, Size: 88725 || labels, Size: 2 || Non Padded Namespaces: {'*labels', '*tags'}}
2019-02-12 23:20:25,955 - INFO - allennlp.common.params - model.type = simple_tagger2
2019-02-12 23:20:25,955 - INFO - allennlp.common.from_params - instantiating class <class 'myallennlp.models.simple_tagger2.SimpleTagger2'> from params {'Ntags0': 95, 'Ntags1': 5, 'do_crossentropy_weighting': True, 'encoder': {'bidirectional': True, 'dropout': 0.5, 'hidden_size': 72, 'input_size': 72, 'num_layers': 2, 'type': 'rnn'}, 'text_field_embedder': {'token_embedders': {'dependency_label': {'embedding_dim': 10, 'type': 'embedding', 'vocab_namespace': 'dependencies'}, 'ner_tag': {'embedding_dim': 7, 'type': 'embedding', 'vocab_namespace': 'ner'}, 'pos_tag': {'embedding_dim': 5, 'type': 'embedding', 'vocab_namespace': 'pos'}, 'tokens': {'embedding_dim': 50, 'pretrained_file': '~/src/allennlp/glove/glove.6B.50d.txt.gz', 'trainable': False, 'type': 'embedding'}}}} and extras {'vocab': Vocabulary with namespaces:  dependencies, Size: 47 || ner, Size: 21 || pos, Size: 17 || tokens, Size: 88725 || labels, Size: 2 || Non Padded Namespaces: {'*labels', '*tags'}}
2019-02-12 23:20:25,956 - INFO - allennlp.common.from_params - instantiating class <class 'allennlp.modules.text_field_embedders.text_field_embedder.TextFieldEmbedder'> from params {'token_embedders': {'dependency_label': {'embedding_dim': 10, 'type': 'embedding', 'vocab_namespace': 'dependencies'}, 'ner_tag': {'embedding_dim': 7, 'type': 'embedding', 'vocab_namespace': 'ner'}, 'pos_tag': {'embedding_dim': 5, 'type': 'embedding', 'vocab_namespace': 'pos'}, 'tokens': {'embedding_dim': 50, 'pretrained_file': '~/src/allennlp/glove/glove.6B.50d.txt.gz', 'trainable': False, 'type': 'embedding'}}} and extras {'vocab': Vocabulary with namespaces:  dependencies, Size: 47 || ner, Size: 21 || pos, Size: 17 || tokens, Size: 88725 || labels, Size: 2 || Non Padded Namespaces: {'*labels', '*tags'}}
2019-02-12 23:20:25,956 - INFO - allennlp.common.params - model.text_field_embedder.type = basic
2019-02-12 23:20:25,956 - INFO - allennlp.common.params - model.text_field_embedder.embedder_to_indexer_map = None
2019-02-12 23:20:25,956 - INFO - allennlp.common.params - model.text_field_embedder.allow_unmatched_keys = False
2019-02-12 23:20:25,956 - INFO - allennlp.common.from_params - instantiating class <class 'allennlp.modules.token_embedders.token_embedder.TokenEmbedder'> from params {'embedding_dim': 10, 'type': 'embedding', 'vocab_namespace': 'dependencies'} and extras {'vocab': Vocabulary with namespaces:  dependencies, Size: 47 || ner, Size: 21 || pos, Size: 17 || tokens, Size: 88725 || labels, Size: 2 || Non Padded Namespaces: {'*labels', '*tags'}}
2019-02-12 23:20:25,957 - INFO - allennlp.common.params - model.text_field_embedder.token_embedders.dependency_label.type = embedding
2019-02-12 23:20:25,957 - INFO - allennlp.common.params - model.text_field_embedder.token_embedders.dependency_label.num_embeddings = None
2019-02-12 23:20:25,957 - INFO - allennlp.common.params - model.text_field_embedder.token_embedders.dependency_label.vocab_namespace = dependencies
2019-02-12 23:20:25,957 - INFO - allennlp.common.params - model.text_field_embedder.token_embedders.dependency_label.embedding_dim = 10
2019-02-12 23:20:25,957 - INFO - allennlp.common.params - model.text_field_embedder.token_embedders.dependency_label.pretrained_file = None
2019-02-12 23:20:25,957 - INFO - allennlp.common.params - model.text_field_embedder.token_embedders.dependency_label.projection_dim = None
2019-02-12 23:20:25,957 - INFO - allennlp.common.params - model.text_field_embedder.token_embedders.dependency_label.trainable = True
2019-02-12 23:20:25,958 - INFO - allennlp.common.params - model.text_field_embedder.token_embedders.dependency_label.padding_index = None
2019-02-12 23:20:25,958 - INFO - allennlp.common.params - model.text_field_embedder.token_embedders.dependency_label.max_norm = None
2019-02-12 23:20:25,958 - INFO - allennlp.common.params - model.text_field_embedder.token_embedders.dependency_label.norm_type = 2.0
2019-02-12 23:20:25,958 - INFO - allennlp.common.params - model.text_field_embedder.token_embedders.dependency_label.scale_grad_by_freq = False
2019-02-12 23:20:25,958 - INFO - allennlp.common.params - model.text_field_embedder.token_embedders.dependency_label.sparse = False
2019-02-12 23:20:25,959 - INFO - allennlp.common.from_params - instantiating class <class 'allennlp.modules.token_embedders.token_embedder.TokenEmbedder'> from params {'embedding_dim': 7, 'type': 'embedding', 'vocab_namespace': 'ner'} and extras {'vocab': Vocabulary with namespaces:  dependencies, Size: 47 || ner, Size: 21 || pos, Size: 17 || tokens, Size: 88725 || labels, Size: 2 || Non Padded Namespaces: {'*labels', '*tags'}}
2019-02-12 23:20:25,959 - INFO - allennlp.common.params - model.text_field_embedder.token_embedders.ner_tag.type = embedding
2019-02-12 23:20:25,959 - INFO - allennlp.common.params - model.text_field_embedder.token_embedders.ner_tag.num_embeddings = None
2019-02-12 23:20:25,960 - INFO - allennlp.common.params - model.text_field_embedder.token_embedders.ner_tag.vocab_namespace = ner
2019-02-12 23:20:25,960 - INFO - allennlp.common.params - model.text_field_embedder.token_embedders.ner_tag.embedding_dim = 7
2019-02-12 23:20:25,960 - INFO - allennlp.common.params - model.text_field_embedder.token_embedders.ner_tag.pretrained_file = None
2019-02-12 23:20:25,960 - INFO - allennlp.common.params - model.text_field_embedder.token_embedders.ner_tag.projection_dim = None
2019-02-12 23:20:25,960 - INFO - allennlp.common.params - model.text_field_embedder.token_embedders.ner_tag.trainable = True
2019-02-12 23:20:25,960 - INFO - allennlp.common.params - model.text_field_embedder.token_embedders.ner_tag.padding_index = None
2019-02-12 23:20:25,960 - INFO - allennlp.common.params - model.text_field_embedder.token_embedders.ner_tag.max_norm = None
2019-02-12 23:20:25,960 - INFO - allennlp.common.params - model.text_field_embedder.token_embedders.ner_tag.norm_type = 2.0
2019-02-12 23:20:25,960 - INFO - allennlp.common.params - model.text_field_embedder.token_embedders.ner_tag.scale_grad_by_freq = False
2019-02-12 23:20:25,961 - INFO - allennlp.common.params - model.text_field_embedder.token_embedders.ner_tag.sparse = False
2019-02-12 23:20:25,961 - INFO - allennlp.common.from_params - instantiating class <class 'allennlp.modules.token_embedders.token_embedder.TokenEmbedder'> from params {'embedding_dim': 5, 'type': 'embedding', 'vocab_namespace': 'pos'} and extras {'vocab': Vocabulary with namespaces:  dependencies, Size: 47 || ner, Size: 21 || pos, Size: 17 || tokens, Size: 88725 || labels, Size: 2 || Non Padded Namespaces: {'*labels', '*tags'}}
2019-02-12 23:20:25,961 - INFO - allennlp.common.params - model.text_field_embedder.token_embedders.pos_tag.type = embedding
2019-02-12 23:20:25,961 - INFO - allennlp.common.params - model.text_field_embedder.token_embedders.pos_tag.num_embeddings = None
2019-02-12 23:20:25,961 - INFO - allennlp.common.params - model.text_field_embedder.token_embedders.pos_tag.vocab_namespace = pos
2019-02-12 23:20:25,962 - INFO - allennlp.common.params - model.text_field_embedder.token_embedders.pos_tag.embedding_dim = 5
2019-02-12 23:20:25,962 - INFO - allennlp.common.params - model.text_field_embedder.token_embedders.pos_tag.pretrained_file = None
2019-02-12 23:20:25,962 - INFO - allennlp.common.params - model.text_field_embedder.token_embedders.pos_tag.projection_dim = None
2019-02-12 23:20:25,962 - INFO - allennlp.common.params - model.text_field_embedder.token_embedders.pos_tag.trainable = True
2019-02-12 23:20:25,962 - INFO - allennlp.common.params - model.text_field_embedder.token_embedders.pos_tag.padding_index = None
2019-02-12 23:20:25,962 - INFO - allennlp.common.params - model.text_field_embedder.token_embedders.pos_tag.max_norm = None
2019-02-12 23:20:25,962 - INFO - allennlp.common.params - model.text_field_embedder.token_embedders.pos_tag.norm_type = 2.0
2019-02-12 23:20:25,962 - INFO - allennlp.common.params - model.text_field_embedder.token_embedders.pos_tag.scale_grad_by_freq = False
2019-02-12 23:20:25,962 - INFO - allennlp.common.params - model.text_field_embedder.token_embedders.pos_tag.sparse = False
2019-02-12 23:20:25,963 - INFO - allennlp.common.from_params - instantiating class <class 'allennlp.modules.token_embedders.token_embedder.TokenEmbedder'> from params {'embedding_dim': 50, 'pretrained_file': '~/src/allennlp/glove/glove.6B.50d.txt.gz', 'trainable': False, 'type': 'embedding'} and extras {'vocab': Vocabulary with namespaces:  dependencies, Size: 47 || ner, Size: 21 || pos, Size: 17 || tokens, Size: 88725 || labels, Size: 2 || Non Padded Namespaces: {'*labels', '*tags'}}
2019-02-12 23:20:25,963 - INFO - allennlp.common.params - model.text_field_embedder.token_embedders.tokens.type = embedding
2019-02-12 23:20:25,963 - INFO - allennlp.common.params - model.text_field_embedder.token_embedders.tokens.num_embeddings = None
2019-02-12 23:20:25,963 - INFO - allennlp.common.params - model.text_field_embedder.token_embedders.tokens.vocab_namespace = tokens
2019-02-12 23:20:25,963 - INFO - allennlp.common.params - model.text_field_embedder.token_embedders.tokens.embedding_dim = 50
2019-02-12 23:20:25,964 - INFO - allennlp.common.params - model.text_field_embedder.token_embedders.tokens.pretrained_file = ~/src/allennlp/glove/glove.6B.50d.txt.gz
2019-02-12 23:20:25,964 - INFO - allennlp.common.params - model.text_field_embedder.token_embedders.tokens.projection_dim = None
2019-02-12 23:20:25,964 - INFO - allennlp.common.params - model.text_field_embedder.token_embedders.tokens.trainable = False
2019-02-12 23:20:25,964 - INFO - allennlp.common.params - model.text_field_embedder.token_embedders.tokens.padding_index = None
2019-02-12 23:20:25,964 - INFO - allennlp.common.params - model.text_field_embedder.token_embedders.tokens.max_norm = None
2019-02-12 23:20:25,964 - INFO - allennlp.common.params - model.text_field_embedder.token_embedders.tokens.norm_type = 2.0
2019-02-12 23:20:25,964 - INFO - allennlp.common.params - model.text_field_embedder.token_embedders.tokens.scale_grad_by_freq = False
2019-02-12 23:20:25,964 - INFO - allennlp.common.params - model.text_field_embedder.token_embedders.tokens.sparse = False
2019-02-12 23:20:25,974 - INFO - allennlp.modules.token_embedders.embedding - Reading pretrained embeddings from file
2019-02-12 23:20:29,838 - INFO - allennlp.modules.token_embedders.embedding - Initializing pre-trained embedding layer
2019-02-12 23:20:30,506 - INFO - allennlp.modules.token_embedders.embedding - Pretrained embeddings were found for 69081 out of 88725 tokens
2019-02-12 23:20:30,530 - INFO - allennlp.common.from_params - instantiating class <class 'allennlp.modules.seq2seq_encoders.seq2seq_encoder.Seq2SeqEncoder'> from params {'bidirectional': True, 'dropout': 0.5, 'hidden_size': 72, 'input_size': 72, 'num_layers': 2, 'type': 'rnn'} and extras {'vocab': Vocabulary with namespaces:  dependencies, Size: 47 || ner, Size: 21 || pos, Size: 17 || tokens, Size: 88725 || labels, Size: 2 || Non Padded Namespaces: {'*labels', '*tags'}}
2019-02-12 23:20:30,530 - INFO - allennlp.common.params - model.encoder.type = rnn
2019-02-12 23:20:30,531 - INFO - allennlp.common.params - model.encoder.batch_first = True
2019-02-12 23:20:30,531 - INFO - allennlp.common.params - model.encoder.stateful = False
2019-02-12 23:20:30,531 - INFO - allennlp.common.params - Converting Params object to dict; logging of default values will not occur when dictionary parameters are used subsequently.
2019-02-12 23:20:30,531 - INFO - allennlp.common.params - CURRENTLY DEFINED PARAMETERS: 
2019-02-12 23:20:30,531 - INFO - allennlp.common.params - model.encoder.bidirectional = True
2019-02-12 23:20:30,531 - INFO - allennlp.common.params - model.encoder.dropout = 0.5
2019-02-12 23:20:30,532 - INFO - allennlp.common.params - model.encoder.hidden_size = 72
2019-02-12 23:20:30,532 - INFO - allennlp.common.params - model.encoder.input_size = 72
2019-02-12 23:20:30,532 - INFO - allennlp.common.params - model.encoder.num_layers = 2
2019-02-12 23:20:30,532 - INFO - allennlp.common.params - model.encoder.batch_first = True
2019-02-12 23:20:30,533 - INFO - allennlp.common.params - model.do_crossentropy_weighting = True
2019-02-12 23:20:30,534 - INFO - allennlp.common.params - model.Ntags0 = 95
2019-02-12 23:20:30,534 - INFO - allennlp.common.params - model.Ntags1 = 5
2019-02-12 23:20:30,534 - INFO - allennlp.nn.initializers - Initializing parameters
2019-02-12 23:20:30,534 - INFO - allennlp.nn.initializers - Done initializing parameters; the following parameters are using their default initialization from their code
2019-02-12 23:20:30,534 - INFO - allennlp.nn.initializers -    encoder._module.bias_hh_l0
2019-02-12 23:20:30,535 - INFO - allennlp.nn.initializers -    encoder._module.bias_hh_l0_reverse
2019-02-12 23:20:30,535 - INFO - allennlp.nn.initializers -    encoder._module.bias_hh_l1
2019-02-12 23:20:30,535 - INFO - allennlp.nn.initializers -    encoder._module.bias_hh_l1_reverse
2019-02-12 23:20:30,535 - INFO - allennlp.nn.initializers -    encoder._module.bias_ih_l0
2019-02-12 23:20:30,535 - INFO - allennlp.nn.initializers -    encoder._module.bias_ih_l0_reverse
2019-02-12 23:20:30,535 - INFO - allennlp.nn.initializers -    encoder._module.bias_ih_l1
2019-02-12 23:20:30,535 - INFO - allennlp.nn.initializers -    encoder._module.bias_ih_l1_reverse
2019-02-12 23:20:30,536 - INFO - allennlp.nn.initializers -    encoder._module.weight_hh_l0
2019-02-12 23:20:30,536 - INFO - allennlp.nn.initializers -    encoder._module.weight_hh_l0_reverse
2019-02-12 23:20:30,536 - INFO - allennlp.nn.initializers -    encoder._module.weight_hh_l1
2019-02-12 23:20:30,536 - INFO - allennlp.nn.initializers -    encoder._module.weight_hh_l1_reverse
2019-02-12 23:20:30,536 - INFO - allennlp.nn.initializers -    encoder._module.weight_ih_l0
2019-02-12 23:20:30,536 - INFO - allennlp.nn.initializers -    encoder._module.weight_ih_l0_reverse
2019-02-12 23:20:30,536 - INFO - allennlp.nn.initializers -    encoder._module.weight_ih_l1
2019-02-12 23:20:30,536 - INFO - allennlp.nn.initializers -    encoder._module.weight_ih_l1_reverse
2019-02-12 23:20:30,536 - INFO - allennlp.nn.initializers -    tag_projection_layer._module.bias
2019-02-12 23:20:30,537 - INFO - allennlp.nn.initializers -    tag_projection_layer._module.weight
2019-02-12 23:20:30,537 - INFO - allennlp.nn.initializers -    text_field_embedder.token_embedder_dependency_label.weight
2019-02-12 23:20:30,537 - INFO - allennlp.nn.initializers -    text_field_embedder.token_embedder_ner_tag.weight
2019-02-12 23:20:30,537 - INFO - allennlp.nn.initializers -    text_field_embedder.token_embedder_pos_tag.weight
2019-02-12 23:20:30,537 - INFO - allennlp.nn.initializers -    text_field_embedder.token_embedder_tokens.weight
2019-02-12 23:20:30,795 - INFO - allennlp.common.from_params - instantiating class <class 'allennlp.data.iterators.data_iterator.DataIterator'> from params {'batch_size': 32, 'type': 'basic'} and extras {}
2019-02-12 23:20:30,795 - INFO - allennlp.common.params - iterator.type = basic
2019-02-12 23:20:30,795 - INFO - allennlp.common.from_params - instantiating class <class 'allennlp.data.iterators.basic_iterator.BasicIterator'> from params {'batch_size': 32} and extras {}
2019-02-12 23:20:30,796 - INFO - allennlp.common.params - iterator.batch_size = 32
2019-02-12 23:20:30,796 - INFO - allennlp.common.params - iterator.instances_per_epoch = None
2019-02-12 23:20:30,796 - INFO - allennlp.common.params - iterator.max_instances_in_memory = None
2019-02-12 23:20:30,796 - INFO - allennlp.common.params - iterator.cache_instances = False
2019-02-12 23:20:30,796 - INFO - allennlp.common.params - iterator.track_epoch = False
2019-02-12 23:20:30,796 - INFO - allennlp.common.params - iterator.maximum_samples_per_batch = None
2019-02-12 23:20:30,796 - INFO - allennlp.common.params - validation_iterator = None
2019-02-12 23:20:30,797 - INFO - allennlp.common.params - trainer.no_grad = ()
2019-02-12 23:20:30,797 - INFO - allennlp.commands.train - Following parameters are Frozen  (without gradient):
2019-02-12 23:20:30,797 - INFO - allennlp.commands.train - text_field_embedder.token_embedder_tokens.weight
2019-02-12 23:20:30,797 - INFO - allennlp.commands.train - Following parameters are Tunable (with gradient):
2019-02-12 23:20:30,797 - INFO - allennlp.commands.train - text_field_embedder.token_embedder_dependency_label.weight
2019-02-12 23:20:30,797 - INFO - allennlp.commands.train - text_field_embedder.token_embedder_ner_tag.weight
2019-02-12 23:20:30,797 - INFO - allennlp.commands.train - text_field_embedder.token_embedder_pos_tag.weight
2019-02-12 23:20:30,798 - INFO - allennlp.commands.train - encoder._module.weight_ih_l0
2019-02-12 23:20:30,798 - INFO - allennlp.commands.train - encoder._module.weight_hh_l0
2019-02-12 23:20:30,798 - INFO - allennlp.commands.train - encoder._module.bias_ih_l0
2019-02-12 23:20:30,798 - INFO - allennlp.commands.train - encoder._module.bias_hh_l0
2019-02-12 23:20:30,798 - INFO - allennlp.commands.train - encoder._module.weight_ih_l0_reverse
2019-02-12 23:20:30,798 - INFO - allennlp.commands.train - encoder._module.weight_hh_l0_reverse
2019-02-12 23:20:30,798 - INFO - allennlp.commands.train - encoder._module.bias_ih_l0_reverse
2019-02-12 23:20:30,798 - INFO - allennlp.commands.train - encoder._module.bias_hh_l0_reverse
2019-02-12 23:20:30,798 - INFO - allennlp.commands.train - encoder._module.weight_ih_l1
2019-02-12 23:20:30,799 - INFO - allennlp.commands.train - encoder._module.weight_hh_l1
2019-02-12 23:20:30,799 - INFO - allennlp.commands.train - encoder._module.bias_ih_l1
2019-02-12 23:20:30,799 - INFO - allennlp.commands.train - encoder._module.bias_hh_l1
2019-02-12 23:20:30,799 - INFO - allennlp.commands.train - encoder._module.weight_ih_l1_reverse
2019-02-12 23:20:30,799 - INFO - allennlp.commands.train - encoder._module.weight_hh_l1_reverse
2019-02-12 23:20:30,799 - INFO - allennlp.commands.train - encoder._module.bias_ih_l1_reverse
2019-02-12 23:20:30,799 - INFO - allennlp.commands.train - encoder._module.bias_hh_l1_reverse
2019-02-12 23:20:30,799 - INFO - allennlp.commands.train - tag_projection_layer._module.weight
2019-02-12 23:20:30,799 - INFO - allennlp.commands.train - tag_projection_layer._module.bias
2019-02-12 23:20:30,800 - INFO - allennlp.common.params - trainer.type = default
2019-02-12 23:20:30,800 - INFO - allennlp.common.params - trainer.patience = 5
2019-02-12 23:20:30,800 - INFO - allennlp.common.params - trainer.validation_metric = -loss
2019-02-12 23:20:30,800 - INFO - allennlp.common.params - trainer.shuffle = True
2019-02-12 23:20:30,800 - INFO - allennlp.common.params - trainer.num_epochs = 40
2019-02-12 23:20:30,800 - INFO - allennlp.common.params - trainer.cuda_device = 0
2019-02-12 23:20:30,800 - INFO - allennlp.common.params - trainer.grad_norm = None
2019-02-12 23:20:30,800 - INFO - allennlp.common.params - trainer.grad_clipping = None
2019-02-12 23:20:30,801 - INFO - allennlp.common.params - trainer.learning_rate_scheduler = None
2019-02-12 23:20:33,323 - INFO - allennlp.common.params - trainer.optimizer = adam
2019-02-12 23:20:33,324 - INFO - allennlp.common.params - parameter_groups = None
2019-02-12 23:20:33,324 - INFO - allennlp.training.optimizers - Number of trainable parameters: 53408
2019-02-12 23:20:33,325 - INFO - allennlp.common.params - Converting Params object to dict; logging of default values will not occur when dictionary parameters are used subsequently.
2019-02-12 23:20:33,325 - INFO - allennlp.common.params - CURRENTLY DEFINED PARAMETERS: 
2019-02-12 23:20:33,325 - INFO - allennlp.common.params - trainer.num_serialized_models_to_keep = 20
2019-02-12 23:20:33,326 - INFO - allennlp.common.params - trainer.keep_serialized_model_every_num_seconds = None
2019-02-12 23:20:33,326 - INFO - allennlp.common.params - trainer.model_save_interval = None
2019-02-12 23:20:33,326 - INFO - allennlp.common.params - trainer.summary_interval = 100
2019-02-12 23:20:33,326 - INFO - allennlp.common.params - trainer.histogram_interval = None
2019-02-12 23:20:33,326 - INFO - allennlp.common.params - trainer.should_log_parameter_statistics = True
2019-02-12 23:20:33,326 - INFO - allennlp.common.params - trainer.should_log_learning_rate = False
2019-02-12 23:20:33,326 - INFO - allennlp.common.params - trainer.log_batch_size_period = None
2019-02-12 23:20:33,329 - INFO - allennlp.common.params - evaluate_on_test = False
2019-02-12 23:20:33,329 - INFO - allennlp.training.trainer - Beginning training.
2019-02-12 23:20:33,330 - INFO - allennlp.training.trainer - Epoch 0/39
2019-02-12 23:20:33,330 - INFO - allennlp.training.trainer - Peak CPU memory usage MB: 5230.096
2019-02-12 23:20:33,490 - INFO - allennlp.training.trainer - GPU 0 memory usage MB: 340
2019-02-12 23:20:33,490 - INFO - allennlp.training.trainer - Training
2019-02-12 23:24:43,017 - INFO - allennlp.training.trainer - Validating
2019-02-12 23:24:46,237 - INFO - allennlp.training.trainer -                     Training |  Validation
2019-02-12 23:24:46,238 - INFO - allennlp.training.trainer - accuracy3       |     1.000  |     1.000
2019-02-12 23:24:46,239 - INFO - allennlp.training.trainer - loss            |     0.409  |     0.461
2019-02-12 23:24:46,239 - INFO - allennlp.training.trainer - cpu_memory_MB   |  5230.096  |       N/A
2019-02-12 23:24:46,239 - INFO - allennlp.training.trainer - accuracy        |     0.845  |     0.854
2019-02-12 23:24:46,239 - INFO - allennlp.training.trainer - gpu_0_memory_MB |   340.000  |       N/A
2019-02-12 23:24:46,280 - INFO - allennlp.training.trainer - Best validation performance so far. Copying weights to './model_params/best.th'.
2019-02-12 23:24:46,307 - INFO - allennlp.training.trainer - Epoch duration: 00:04:12
2019-02-12 23:24:46,307 - INFO - allennlp.training.trainer - Estimated training time remaining: 2:44:26
2019-02-12 23:24:46,307 - INFO - allennlp.training.trainer - Epoch 1/39
2019-02-12 23:24:46,307 - INFO - allennlp.training.trainer - Peak CPU memory usage MB: 5487.692
2019-02-12 23:24:46,478 - INFO - allennlp.training.trainer - GPU 0 memory usage MB: 398
2019-02-12 23:24:46,478 - INFO - allennlp.training.trainer - Training
2019-02-12 23:28:33,867 - INFO - allennlp.training.trainer - Validating
2019-02-12 23:28:36,597 - INFO - allennlp.training.trainer -                     Training |  Validation
2019-02-12 23:28:36,597 - INFO - allennlp.training.trainer - accuracy3       |     1.000  |     1.000
2019-02-12 23:28:36,598 - INFO - allennlp.training.trainer - loss            |     0.391  |     0.471
2019-02-12 23:28:36,598 - INFO - allennlp.training.trainer - cpu_memory_MB   |  5487.692  |       N/A
2019-02-12 23:28:36,599 - INFO - allennlp.training.trainer - accuracy        |     0.852  |     0.866
2019-02-12 23:28:36,599 - INFO - allennlp.training.trainer - gpu_0_memory_MB |   398.000  |       N/A
2019-02-12 23:28:36,637 - INFO - allennlp.training.trainer - Epoch duration: 00:03:50
2019-02-12 23:28:36,637 - INFO - allennlp.training.trainer - Estimated training time remaining: 2:33:02
2019-02-12 23:28:36,637 - INFO - allennlp.training.trainer - Epoch 2/39
2019-02-12 23:28:36,637 - INFO - allennlp.training.trainer - Peak CPU memory usage MB: 5488.932
2019-02-12 23:28:36,825 - INFO - allennlp.training.trainer - GPU 0 memory usage MB: 398
2019-02-12 23:28:36,825 - INFO - allennlp.training.trainer - Training
2019-02-12 23:32:23,741 - INFO - allennlp.training.trainer - Validating
2019-02-12 23:32:26,298 - INFO - allennlp.training.trainer -                     Training |  Validation
2019-02-12 23:32:26,299 - INFO - allennlp.training.trainer - accuracy3       |     1.000  |     1.000
2019-02-12 23:32:26,299 - INFO - allennlp.training.trainer - loss            |     0.386  |     0.455
2019-02-12 23:32:26,299 - INFO - allennlp.training.trainer - cpu_memory_MB   |  5488.932  |       N/A
2019-02-12 23:32:26,299 - INFO - allennlp.training.trainer - accuracy        |     0.854  |     0.853
2019-02-12 23:32:26,300 - INFO - allennlp.training.trainer - gpu_0_memory_MB |   398.000  |       N/A
2019-02-12 23:32:26,330 - INFO - allennlp.training.trainer - Best validation performance so far. Copying weights to './model_params/best.th'.
2019-02-12 23:32:26,356 - INFO - allennlp.training.trainer - Epoch duration: 00:03:49
2019-02-12 23:32:26,356 - INFO - allennlp.training.trainer - Estimated training time remaining: 2:26:33
2019-02-12 23:32:26,357 - INFO - allennlp.training.trainer - Epoch 3/39
2019-02-12 23:32:26,357 - INFO - allennlp.training.trainer - Peak CPU memory usage MB: 5489.32
2019-02-12 23:32:26,527 - INFO - allennlp.training.trainer - GPU 0 memory usage MB: 398
2019-02-12 23:32:26,528 - INFO - allennlp.training.trainer - Training
2019-02-12 23:36:08,182 - INFO - allennlp.training.trainer - Validating
2019-02-12 23:36:10,684 - INFO - allennlp.training.trainer -                     Training |  Validation
2019-02-12 23:36:10,684 - INFO - allennlp.training.trainer - accuracy3       |     1.000  |     1.000
2019-02-12 23:36:10,685 - INFO - allennlp.training.trainer - loss            |     0.382  |     0.487
2019-02-12 23:36:10,686 - INFO - allennlp.training.trainer - cpu_memory_MB   |  5489.320  |       N/A
2019-02-12 23:36:10,686 - INFO - allennlp.training.trainer - accuracy        |     0.856  |     0.885
2019-02-12 23:36:10,686 - INFO - allennlp.training.trainer - gpu_0_memory_MB |   398.000  |       N/A
2019-02-12 23:36:10,714 - INFO - allennlp.training.trainer - Epoch duration: 00:03:44
2019-02-12 23:36:10,714 - INFO - allennlp.training.trainer - Estimated training time remaining: 2:20:36
2019-02-12 23:36:10,715 - INFO - allennlp.training.trainer - Epoch 4/39
2019-02-12 23:36:10,715 - INFO - allennlp.training.trainer - Peak CPU memory usage MB: 5489.684
2019-02-12 23:36:10,874 - INFO - allennlp.training.trainer - GPU 0 memory usage MB: 398
2019-02-12 23:36:10,874 - INFO - allennlp.training.trainer - Training
2019-02-12 23:39:52,297 - INFO - allennlp.training.trainer - Validating
2019-02-12 23:39:54,816 - INFO - allennlp.training.trainer -                     Training |  Validation
2019-02-12 23:39:54,818 - INFO - allennlp.training.trainer - accuracy3       |     1.000  |     1.000
2019-02-12 23:39:54,818 - INFO - allennlp.training.trainer - loss            |     0.380  |     0.459
2019-02-12 23:39:54,818 - INFO - allennlp.training.trainer - cpu_memory_MB   |  5489.684  |       N/A
2019-02-12 23:39:54,819 - INFO - allennlp.training.trainer - accuracy        |     0.856  |     0.854
2019-02-12 23:39:54,819 - INFO - allennlp.training.trainer - gpu_0_memory_MB |   398.000  |       N/A
2019-02-12 23:39:54,850 - INFO - allennlp.training.trainer - Epoch duration: 00:03:44
2019-02-12 23:39:54,850 - INFO - allennlp.training.trainer - Estimated training time remaining: 2:15:30
2019-02-12 23:39:54,850 - INFO - allennlp.training.trainer - Epoch 5/39
2019-02-12 23:39:54,851 - INFO - allennlp.training.trainer - Peak CPU memory usage MB: 5489.808
2019-02-12 23:39:55,022 - INFO - allennlp.training.trainer - GPU 0 memory usage MB: 398
2019-02-12 23:39:55,022 - INFO - allennlp.training.trainer - Training
2019-02-12 23:43:35,946 - INFO - allennlp.training.trainer - Validating
2019-02-12 23:43:38,423 - INFO - allennlp.training.trainer -                     Training |  Validation
2019-02-12 23:43:38,423 - INFO - allennlp.training.trainer - accuracy3       |     1.000  |     1.000
2019-02-12 23:43:38,424 - INFO - allennlp.training.trainer - loss            |     0.378  |     0.449
2019-02-12 23:43:38,424 - INFO - allennlp.training.trainer - cpu_memory_MB   |  5489.808  |       N/A
2019-02-12 23:43:38,425 - INFO - allennlp.training.trainer - accuracy        |     0.857  |     0.855
2019-02-12 23:43:38,425 - INFO - allennlp.training.trainer - gpu_0_memory_MB |   398.000  |       N/A
2019-02-12 23:43:38,453 - INFO - allennlp.training.trainer - Best validation performance so far. Copying weights to './model_params/best.th'.
2019-02-12 23:43:38,477 - INFO - allennlp.training.trainer - Epoch duration: 00:03:43
2019-02-12 23:43:38,477 - INFO - allennlp.training.trainer - Estimated training time remaining: 2:10:49
2019-02-12 23:43:38,477 - INFO - allennlp.training.trainer - Epoch 6/39
2019-02-12 23:43:38,477 - INFO - allennlp.training.trainer - Peak CPU memory usage MB: 5489.864
2019-02-12 23:43:38,670 - INFO - allennlp.training.trainer - GPU 0 memory usage MB: 398
2019-02-12 23:43:38,671 - INFO - allennlp.training.trainer - Training
2019-02-12 23:47:19,399 - INFO - allennlp.training.trainer - Validating
2019-02-12 23:47:21,877 - INFO - allennlp.training.trainer -                     Training |  Validation
2019-02-12 23:47:21,877 - INFO - allennlp.training.trainer - accuracy3       |     1.000  |     1.000
2019-02-12 23:47:21,878 - INFO - allennlp.training.trainer - loss            |     0.376  |     0.447
2019-02-12 23:47:21,878 - INFO - allennlp.training.trainer - cpu_memory_MB   |  5489.864  |       N/A
2019-02-12 23:47:21,879 - INFO - allennlp.training.trainer - accuracy        |     0.858  |     0.854
2019-02-12 23:47:21,879 - INFO - allennlp.training.trainer - gpu_0_memory_MB |   398.000  |       N/A
2019-02-12 23:47:21,906 - INFO - allennlp.training.trainer - Best validation performance so far. Copying weights to './model_params/best.th'.
2019-02-12 23:47:21,932 - INFO - allennlp.training.trainer - Epoch duration: 00:03:43
2019-02-12 23:47:21,932 - INFO - allennlp.training.trainer - Estimated training time remaining: 2:06:23
2019-02-12 23:47:21,932 - INFO - allennlp.training.trainer - Epoch 7/39
2019-02-12 23:47:21,932 - INFO - allennlp.training.trainer - Peak CPU memory usage MB: 5490.016
2019-02-12 23:47:22,104 - INFO - allennlp.training.trainer - GPU 0 memory usage MB: 398
2019-02-12 23:47:22,105 - INFO - allennlp.training.trainer - Training
2019-02-12 23:51:03,513 - INFO - allennlp.training.trainer - Validating
2019-02-12 23:51:06,025 - INFO - allennlp.training.trainer -                     Training |  Validation
2019-02-12 23:51:06,027 - INFO - allennlp.training.trainer - accuracy3       |     1.000  |     1.000
2019-02-12 23:51:06,027 - INFO - allennlp.training.trainer - loss            |     0.374  |     0.434
2019-02-12 23:51:06,027 - INFO - allennlp.training.trainer - cpu_memory_MB   |  5490.016  |       N/A
2019-02-12 23:51:06,027 - INFO - allennlp.training.trainer - accuracy        |     0.858  |     0.810
2019-02-12 23:51:06,027 - INFO - allennlp.training.trainer - gpu_0_memory_MB |   398.000  |       N/A
2019-02-12 23:51:06,060 - INFO - allennlp.training.trainer - Best validation performance so far. Copying weights to './model_params/best.th'.
2019-02-12 23:51:06,087 - INFO - allennlp.training.trainer - Epoch duration: 00:03:44
2019-02-12 23:51:06,087 - INFO - allennlp.training.trainer - Estimated training time remaining: 2:02:11
2019-02-12 23:51:06,088 - INFO - allennlp.training.trainer - Epoch 8/39
2019-02-12 23:51:06,088 - INFO - allennlp.training.trainer - Peak CPU memory usage MB: 5490.128
2019-02-12 23:51:06,264 - INFO - allennlp.training.trainer - GPU 0 memory usage MB: 398
2019-02-12 23:51:06,265 - INFO - allennlp.training.trainer - Training
2019-02-12 23:54:47,793 - INFO - allennlp.training.trainer - Validating
2019-02-12 23:54:50,292 - INFO - allennlp.training.trainer -                     Training |  Validation
2019-02-12 23:54:50,293 - INFO - allennlp.training.trainer - accuracy3       |     1.000  |     1.000
2019-02-12 23:54:50,293 - INFO - allennlp.training.trainer - loss            |     0.373  |     0.466
2019-02-12 23:54:50,293 - INFO - allennlp.training.trainer - cpu_memory_MB   |  5490.128  |       N/A
2019-02-12 23:54:50,294 - INFO - allennlp.training.trainer - accuracy        |     0.859  |     0.868
2019-02-12 23:54:50,294 - INFO - allennlp.training.trainer - gpu_0_memory_MB |   398.000  |       N/A
2019-02-12 23:54:50,324 - INFO - allennlp.training.trainer - Epoch duration: 00:03:44
2019-02-12 23:54:50,324 - INFO - allennlp.training.trainer - Estimated training time remaining: 1:58:05
2019-02-12 23:54:50,324 - INFO - allennlp.training.trainer - Epoch 9/39
2019-02-12 23:54:50,324 - INFO - allennlp.training.trainer - Peak CPU memory usage MB: 5490.188
2019-02-12 23:54:50,483 - INFO - allennlp.training.trainer - GPU 0 memory usage MB: 398
2019-02-12 23:54:50,484 - INFO - allennlp.training.trainer - Training
2019-02-12 23:58:36,295 - INFO - allennlp.training.trainer - Validating
2019-02-12 23:58:38,855 - INFO - allennlp.training.trainer -                     Training |  Validation
2019-02-12 23:58:38,856 - INFO - allennlp.training.trainer - accuracy3       |     1.000  |     1.000
2019-02-12 23:58:38,856 - INFO - allennlp.training.trainer - loss            |     0.371  |     0.462
2019-02-12 23:58:38,857 - INFO - allennlp.training.trainer - cpu_memory_MB   |  5490.188  |       N/A
2019-02-12 23:58:38,857 - INFO - allennlp.training.trainer - accuracy        |     0.858  |     0.871
2019-02-12 23:58:38,857 - INFO - allennlp.training.trainer - gpu_0_memory_MB |   398.000  |       N/A
2019-02-12 23:58:38,893 - INFO - allennlp.training.trainer - Epoch duration: 00:03:48
2019-02-12 23:58:38,894 - INFO - allennlp.training.trainer - Estimated training time remaining: 1:54:16
2019-02-12 23:58:38,894 - INFO - allennlp.training.trainer - Epoch 10/39
2019-02-12 23:58:38,894 - INFO - allennlp.training.trainer - Peak CPU memory usage MB: 5490.268
2019-02-12 23:58:39,068 - INFO - allennlp.training.trainer - GPU 0 memory usage MB: 398
2019-02-12 23:58:39,069 - INFO - allennlp.training.trainer - Training
2019-02-13 00:02:27,410 - INFO - allennlp.training.trainer - Validating
2019-02-13 00:02:30,062 - INFO - allennlp.training.trainer -                     Training |  Validation
2019-02-13 00:02:30,062 - INFO - allennlp.training.trainer - accuracy3       |     1.000  |     1.000
2019-02-13 00:02:30,063 - INFO - allennlp.training.trainer - loss            |     0.370  |     0.456
2019-02-13 00:02:30,063 - INFO - allennlp.training.trainer - cpu_memory_MB   |  5490.268  |       N/A
2019-02-13 00:02:30,064 - INFO - allennlp.training.trainer - accuracy        |     0.860  |     0.856
2019-02-13 00:02:30,064 - INFO - allennlp.training.trainer - gpu_0_memory_MB |   398.000  |       N/A
2019-02-13 00:02:30,093 - INFO - allennlp.training.trainer - Epoch duration: 00:03:51
2019-02-13 00:02:30,093 - INFO - allennlp.training.trainer - Estimated training time remaining: 1:50:35
2019-02-13 00:02:30,093 - INFO - allennlp.training.trainer - Epoch 11/39
2019-02-13 00:02:30,093 - INFO - allennlp.training.trainer - Peak CPU memory usage MB: 5490.352
2019-02-13 00:02:30,284 - INFO - allennlp.training.trainer - GPU 0 memory usage MB: 398
2019-02-13 00:02:30,285 - INFO - allennlp.training.trainer - Training
2019-02-13 00:06:21,466 - INFO - allennlp.training.trainer - Validating
2019-02-13 00:06:24,086 - INFO - allennlp.training.trainer -                     Training |  Validation
2019-02-13 00:06:24,086 - INFO - allennlp.training.trainer - accuracy3       |     1.000  |     1.000
2019-02-13 00:06:24,087 - INFO - allennlp.training.trainer - loss            |     0.369  |     0.452
2019-02-13 00:06:24,087 - INFO - allennlp.training.trainer - cpu_memory_MB   |  5490.352  |       N/A
2019-02-13 00:06:24,087 - INFO - allennlp.training.trainer - accuracy        |     0.859  |     0.857
2019-02-13 00:06:24,088 - INFO - allennlp.training.trainer - gpu_0_memory_MB |   398.000  |       N/A
2019-02-13 00:06:24,122 - INFO - allennlp.training.trainer - Epoch duration: 00:03:54
2019-02-13 00:06:24,122 - INFO - allennlp.training.trainer - Estimated training time remaining: 1:46:58
2019-02-13 00:06:24,122 - INFO - allennlp.training.trainer - Epoch 12/39
2019-02-13 00:06:24,122 - INFO - allennlp.training.trainer - Peak CPU memory usage MB: 5490.428
2019-02-13 00:06:24,300 - INFO - allennlp.training.trainer - GPU 0 memory usage MB: 398
2019-02-13 00:06:24,300 - INFO - allennlp.training.trainer - Training
2019-02-13 00:10:12,257 - INFO - allennlp.training.trainer - Validating
2019-02-13 00:10:15,004 - INFO - allennlp.training.trainer - Ran out of patience.  Stopping training.
2019-02-13 00:10:15,004 - INFO - allennlp.models.archival - archiving weights and vocabulary to ./model_params/model.tar.gz
2019-02-13 00:10:16,238 - INFO - allennlp.commands.train - Loading the best epoch weights.
2019-02-13 00:10:16,270 - INFO - allennlp.common.util - Metrics: {
  "peak_cpu_memory_MB": 5490.428,
  "peak_gpu_0_memory_MB": 398,
  "training_duration": "00:45:50",
  "training_start_epoch": 0,
  "training_epochs": 11,
  "epoch": 11,
  "training_accuracy": 0.8589874686482747,
  "training_accuracy3": 1.0,
  "training_loss": 0.36905688426844013,
  "training_cpu_memory_MB": 5490.352,
  "training_gpu_0_memory_MB": 398,
  "validation_accuracy": 0.8565355165375463,
  "validation_accuracy3": 1.0,
  "validation_loss": 0.4524828447979324,
  "best_epoch": 7,
  "best_validation_accuracy": 0.8097590130473517,
  "best_validation_accuracy3": 1.0,
  "best_validation_loss": 0.43380211871497487
}
Token batch process time:
1474.362158536911
Token batch process time:
29.547563314437866
