0it [00:00, ?it/s]
11it [00:00, 105.78it/s]
20it [00:00, 98.18it/s] 
30it [00:00, 98.41it/s]
41it [00:00, 101.13it/s]
51it [00:00, 100.01it/s]
64it [00:00, 105.25it/s]
76it [00:00, 107.24it/s]
80it [00:00, 104.47it/s]

0it [00:00, ?it/s]
11it [00:00, 102.59it/s]
23it [00:00, 105.14it/s]
35it [00:00, 108.40it/s]
47it [00:00, 111.20it/s]
57it [00:00, 107.03it/s]
69it [00:00, 108.36it/s]
74it [00:00, 110.53it/s]

0it [00:00, ?it/s]
154it [00:00, 11754.95it/s]

0it [00:00, ?it/s]
21666it [00:00, 216658.14it/s]
47195it [00:00, 226953.49it/s]
71778it [00:00, 232304.63it/s]
96640it [00:00, 236953.95it/s]
122696it [00:00, 243567.00it/s]
148853it [00:00, 248670.31it/s]
174900it [00:00, 252095.62it/s]
199930it [00:00, 251553.94it/s]
225656it [00:00, 253238.72it/s]
251909it [00:01, 255955.49it/s]
278024it [00:01, 257456.13it/s]
304313it [00:01, 259044.01it/s]
329974it [00:01, 258282.27it/s]
355772it [00:01, 258152.23it/s]
381964it [00:01, 259270.83it/s]
400000it [00:01, 254712.76it/s]

  0%|          | 0/3 [00:00<?, ?it/s]
accuracy: 0.4862, accuracy3: 1.0000, loss: 0.6952 ||:  33%|###3      | 1/3 [00:00<00:00,  5.19it/s]
accuracy: 0.7255, accuracy3: 1.0000, loss: 0.6661 ||:  67%|######6   | 2/3 [00:00<00:00,  5.14it/s]
accuracy: 0.7748, accuracy3: 1.0000, loss: 0.6379 ||: 100%|##########| 3/3 [00:00<00:00,  5.48it/s]

  0%|          | 0/3 [00:00<?, ?it/s]
accuracy: 0.9568, accuracy3: 1.0000, loss: 0.5202 ||:  67%|######6   | 2/3 [00:00<00:00, 19.38it/s]
accuracy: 0.9590, accuracy3: 1.0000, loss: 0.5184 ||: 100%|##########| 3/3 [00:00<00:00, 22.71it/s]

  0%|          | 0/3 [00:00<?, ?it/s]
accuracy: 0.9383, accuracy3: 1.0000, loss: 0.5320 ||:  33%|###3      | 1/3 [00:00<00:00,  5.71it/s]
accuracy: 0.9355, accuracy3: 1.0000, loss: 0.5008 ||:  67%|######6   | 2/3 [00:00<00:00,  5.81it/s]
accuracy: 0.9384, accuracy3: 1.0000, loss: 0.4729 ||: 100%|##########| 3/3 [00:00<00:00,  5.64it/s]

  0%|          | 0/3 [00:00<?, ?it/s]
accuracy: 0.9590, accuracy3: 1.0000, loss: 0.3314 ||: 100%|##########| 3/3 [00:00<00:00, 24.34it/s]

  0%|          | 0/3 [00:00<?, ?it/s]
accuracy: 0.9385, accuracy3: 1.0000, loss: 0.3575 ||:  33%|###3      | 1/3 [00:00<00:00,  6.02it/s]
accuracy: 0.9368, accuracy3: 1.0000, loss: 0.3376 ||:  67%|######6   | 2/3 [00:00<00:00,  5.41it/s]
accuracy: 0.9384, accuracy3: 1.0000, loss: 0.3204 ||: 100%|##########| 3/3 [00:00<00:00,  5.96it/s]

  0%|          | 0/3 [00:00<?, ?it/s]
accuracy: 0.9568, accuracy3: 1.0000, loss: 0.2072 ||:  67%|######6   | 2/3 [00:00<00:00, 16.05it/s]
accuracy: 0.9590, accuracy3: 1.0000, loss: 0.1920 ||: 100%|##########| 3/3 [00:00<00:00, 16.40it/s]

  0%|          | 0/3 [00:00<?, ?it/s]
accuracy: 0.9384, accuracy3: 1.0000, loss: 0.2602 ||:  33%|###3      | 1/3 [00:00<00:00,  5.20it/s]
accuracy: 0.9362, accuracy3: 1.0000, loss: 0.2683 ||:  67%|######6   | 2/3 [00:00<00:00,  5.04it/s]
accuracy: 0.9384, accuracy3: 1.0000, loss: 0.2458 ||: 100%|##########| 3/3 [00:00<00:00,  5.94it/s]

  0%|          | 0/3 [00:00<?, ?it/s]
accuracy: 0.9590, accuracy3: 1.0000, loss: 0.1719 ||: 100%|##########| 3/3 [00:00<00:00, 26.01it/s]

  0%|          | 0/3 [00:00<?, ?it/s]
accuracy: 0.9410, accuracy3: 1.0000, loss: 0.2627 ||:  33%|###3      | 1/3 [00:00<00:00,  5.21it/s]
accuracy: 0.9394, accuracy3: 1.0000, loss: 0.2791 ||:  67%|######6   | 2/3 [00:00<00:00,  5.04it/s]
accuracy: 0.9384, accuracy3: 1.0000, loss: 0.2794 ||: 100%|##########| 3/3 [00:00<00:00,  6.04it/s]

  0%|          | 0/3 [00:00<?, ?it/s]
accuracy: 0.9590, accuracy3: 1.0000, loss: 0.1779 ||: 100%|##########| 3/3 [00:00<00:00, 26.28it/s]

  0%|          | 0/3 [00:00<?, ?it/s]
accuracy: 0.9549, accuracy3: 1.0000, loss: 0.2033 ||:  33%|###3      | 1/3 [00:00<00:00,  5.29it/s]
accuracy: 0.9369, accuracy3: 1.0000, loss: 0.2938 ||:  67%|######6   | 2/3 [00:00<00:00,  4.80it/s]
accuracy: 0.9384, accuracy3: 1.0000, loss: 0.2790 ||: 100%|##########| 3/3 [00:00<00:00,  5.31it/s]

  0%|          | 0/3 [00:00<?, ?it/s]
accuracy: 0.9590, accuracy3: 1.0000, loss: 0.1732 ||: 100%|##########| 3/3 [00:00<00:00, 26.72it/s]

  0%|          | 0/3 [00:00<?, ?it/s]
accuracy: 0.9536, accuracy3: 1.0000, loss: 0.2371 ||:  33%|###3      | 1/3 [00:00<00:00,  4.58it/s]
accuracy: 0.9415, accuracy3: 1.0000, loss: 0.2700 ||:  67%|######6   | 2/3 [00:00<00:00,  4.85it/s]
accuracy: 0.9384, accuracy3: 1.0000, loss: 0.2675 ||: 100%|##########| 3/3 [00:00<00:00,  6.10it/s]

  0%|          | 0/3 [00:00<?, ?it/s]
accuracy: 0.9590, accuracy3: 1.0000, loss: 0.1696 ||: 100%|##########| 3/3 [00:00<00:00, 26.91it/s]

  0%|          | 0/3 [00:00<?, ?it/s]
accuracy: 0.9429, accuracy3: 1.0000, loss: 0.2417 ||:  33%|###3      | 1/3 [00:00<00:00,  5.76it/s]
accuracy: 0.9385, accuracy3: 1.0000, loss: 0.2503 ||:  67%|######6   | 2/3 [00:00<00:00,  5.33it/s]
accuracy: 0.9384, accuracy3: 1.0000, loss: 0.2522 ||: 100%|##########| 3/3 [00:00<00:00,  5.86it/s]

  0%|          | 0/3 [00:00<?, ?it/s]
accuracy: 0.9590, accuracy3: 1.0000, loss: 0.1748 ||: 100%|##########| 3/3 [00:00<00:00, 24.87it/s]

  0%|          | 0/3 [00:00<?, ?it/s]
accuracy: 0.9454, accuracy3: 1.0000, loss: 0.2254 ||:  33%|###3      | 1/3 [00:00<00:00,  4.36it/s]
accuracy: 0.9461, accuracy3: 1.0000, loss: 0.2256 ||:  67%|######6   | 2/3 [00:00<00:00,  4.52it/s]
accuracy: 0.9384, accuracy3: 1.0000, loss: 0.2605 ||: 100%|##########| 3/3 [00:00<00:00,  5.41it/s]

  0%|          | 0/3 [00:00<?, ?it/s]
accuracy: 0.9590, accuracy3: 1.0000, loss: 0.1846 ||: 100%|##########| 3/3 [00:00<00:00, 25.96it/s]

  0%|          | 0/3 [00:00<?, ?it/s]
accuracy: 0.9358, accuracy3: 1.0000, loss: 0.2727 ||:  33%|###3      | 1/3 [00:00<00:00,  4.33it/s]
accuracy: 0.9394, accuracy3: 1.0000, loss: 0.2506 ||:  67%|######6   | 2/3 [00:00<00:00,  4.61it/s]
accuracy: 0.9384, accuracy3: 1.0000, loss: 0.2503 ||: 100%|##########| 3/3 [00:00<00:00,  5.45it/s]

  0%|          | 0/3 [00:00<?, ?it/s]
accuracy: 0.9590, accuracy3: 1.0000, loss: 0.1909 ||: 100%|##########| 3/3 [00:00<00:00, 26.64it/s]

  0%|          | 0/3 [00:00<?, ?it/s]
accuracy: 0.9363, accuracy3: 1.0000, loss: 0.2530 ||:  33%|###3      | 1/3 [00:00<00:00,  4.35it/s]
accuracy: 0.9378, accuracy3: 1.0000, loss: 0.2536 ||:  67%|######6   | 2/3 [00:00<00:00,  4.59it/s]
accuracy: 0.9384, accuracy3: 1.0000, loss: 0.2473 ||: 100%|##########| 3/3 [00:00<00:00,  5.36it/s]

  0%|          | 0/3 [00:00<?, ?it/s]
accuracy: 0.9568, accuracy3: 1.0000, loss: 0.2021 ||:  67%|######6   | 2/3 [00:00<00:00, 16.83it/s]
accuracy: 0.9590, accuracy3: 1.0000, loss: 0.1875 ||: 100%|##########| 3/3 [00:00<00:00, 20.36it/s]

  0%|          | 0/3 [00:00<?, ?it/s]
accuracy: 0.9299, accuracy3: 1.0000, loss: 0.2764 ||:  33%|###3      | 1/3 [00:00<00:00,  4.90it/s]
accuracy: 0.9392, accuracy3: 1.0000, loss: 0.2437 ||:  67%|######6   | 2/3 [00:00<00:00,  5.07it/s]
accuracy: 0.9384, accuracy3: 1.0000, loss: 0.2472 ||: 100%|##########| 3/3 [00:00<00:00,  5.36it/s]

  0%|          | 0/3 [00:00<?, ?it/s]
accuracy: 0.9568, accuracy3: 1.0000, loss: 0.1947 ||:  67%|######6   | 2/3 [00:00<00:00, 18.15it/s]
accuracy: 0.9590, accuracy3: 1.0000, loss: 0.1792 ||: 100%|##########| 3/3 [00:00<00:00, 20.42it/s]

