2019-02-09 21:30:29,147 - INFO - allennlp.common.from_params - instantiating class <class 'allennlp.data.dataset_readers.dataset_reader.DatasetReader'> from params {'mytokenizer': {'type': 'word', 'word_splitter': {'ner': True, 'parse': True, 'pos_tags': True, 'type': 'spacy'}}, 'token_indexers': {'dependency_label': {'namespace': 'dependencies', 'type': 'dependency_label'}, 'ner_tag': {'namespace': 'ner', 'type': 'ner_tag'}, 'pos_tag': {'coarse_tags': False, 'namespace': 'pos', 'type': 'pos_tag'}, 'tokens': {'lowercase_tokens': True, 'type': 'single_id'}}, 'type': 'sequence_tagging2', 'word_tag_delimiter': '//'} and extras {}
2019-02-09 21:30:29,147 - INFO - allennlp.common.params - dataset_reader.type = sequence_tagging2
2019-02-09 21:30:29,147 - INFO - allennlp.common.from_params - instantiating class <class 'myallennlp.dataset_readers.sequence_tagging2.SequenceTaggingDatasetReader'> from params {'mytokenizer': {'type': 'word', 'word_splitter': {'ner': True, 'parse': True, 'pos_tags': True, 'type': 'spacy'}}, 'token_indexers': {'dependency_label': {'namespace': 'dependencies', 'type': 'dependency_label'}, 'ner_tag': {'namespace': 'ner', 'type': 'ner_tag'}, 'pos_tag': {'coarse_tags': False, 'namespace': 'pos', 'type': 'pos_tag'}, 'tokens': {'lowercase_tokens': True, 'type': 'single_id'}}, 'word_tag_delimiter': '//'} and extras {}
2019-02-09 21:30:29,148 - INFO - allennlp.common.params - dataset_reader.word_tag_delimiter = //
2019-02-09 21:30:29,148 - INFO - allennlp.common.params - dataset_reader.token_delimiter = None
2019-02-09 21:30:29,148 - INFO - allennlp.common.from_params - instantiating class allennlp.data.token_indexers.token_indexer.TokenIndexer from params {'namespace': 'dependencies', 'type': 'dependency_label'} and extras {}
2019-02-09 21:30:29,148 - INFO - allennlp.common.params - dataset_reader.token_indexers.dependency_label.type = dependency_label
2019-02-09 21:30:29,148 - INFO - allennlp.common.from_params - instantiating class allennlp.data.token_indexers.dep_label_indexer.DepLabelIndexer from params {'namespace': 'dependencies'} and extras {}
2019-02-09 21:30:29,148 - INFO - allennlp.common.params - dataset_reader.token_indexers.dependency_label.namespace = dependencies
2019-02-09 21:30:29,148 - INFO - allennlp.common.from_params - instantiating class allennlp.data.token_indexers.token_indexer.TokenIndexer from params {'namespace': 'ner', 'type': 'ner_tag'} and extras {}
2019-02-09 21:30:29,148 - INFO - allennlp.common.params - dataset_reader.token_indexers.ner_tag.type = ner_tag
2019-02-09 21:30:29,149 - INFO - allennlp.common.from_params - instantiating class allennlp.data.token_indexers.ner_tag_indexer.NerTagIndexer from params {'namespace': 'ner'} and extras {}
2019-02-09 21:30:29,149 - INFO - allennlp.common.params - dataset_reader.token_indexers.ner_tag.namespace = ner
2019-02-09 21:30:29,149 - INFO - allennlp.common.from_params - instantiating class allennlp.data.token_indexers.token_indexer.TokenIndexer from params {'coarse_tags': False, 'namespace': 'pos', 'type': 'pos_tag'} and extras {}
2019-02-09 21:30:29,149 - INFO - allennlp.common.params - dataset_reader.token_indexers.pos_tag.type = pos_tag
2019-02-09 21:30:29,149 - INFO - allennlp.common.from_params - instantiating class allennlp.data.token_indexers.pos_tag_indexer.PosTagIndexer from params {'coarse_tags': False, 'namespace': 'pos'} and extras {}
2019-02-09 21:30:29,149 - INFO - allennlp.common.params - dataset_reader.token_indexers.pos_tag.namespace = pos
2019-02-09 21:30:29,149 - INFO - allennlp.common.params - dataset_reader.token_indexers.pos_tag.coarse_tags = False
2019-02-09 21:30:29,150 - INFO - allennlp.common.from_params - instantiating class allennlp.data.token_indexers.token_indexer.TokenIndexer from params {'lowercase_tokens': True, 'type': 'single_id'} and extras {}
2019-02-09 21:30:29,150 - INFO - allennlp.common.params - dataset_reader.token_indexers.tokens.type = single_id
2019-02-09 21:30:29,150 - INFO - allennlp.common.from_params - instantiating class allennlp.data.token_indexers.single_id_token_indexer.SingleIdTokenIndexer from params {'lowercase_tokens': True} and extras {}
2019-02-09 21:30:29,150 - INFO - allennlp.common.params - dataset_reader.token_indexers.tokens.namespace = tokens
2019-02-09 21:30:29,150 - INFO - allennlp.common.params - dataset_reader.token_indexers.tokens.lowercase_tokens = True
2019-02-09 21:30:29,150 - INFO - allennlp.common.params - dataset_reader.token_indexers.tokens.start_tokens = None
2019-02-09 21:30:29,150 - INFO - allennlp.common.params - dataset_reader.token_indexers.tokens.end_tokens = None
2019-02-09 21:30:29,150 - INFO - allennlp.common.params - dataset_reader.lazy = False
2019-02-09 21:30:29,150 - INFO - allennlp.common.from_params - instantiating class <class 'allennlp.data.tokenizers.tokenizer.Tokenizer'> from params {'type': 'word', 'word_splitter': {'ner': True, 'parse': True, 'pos_tags': True, 'type': 'spacy'}} and extras {}
2019-02-09 21:30:29,151 - INFO - allennlp.common.params - dataset_reader.mytokenizer.type = word
2019-02-09 21:30:29,151 - INFO - allennlp.common.from_params - instantiating class <class 'allennlp.data.tokenizers.word_tokenizer.WordTokenizer'> from params {'word_splitter': {'ner': True, 'parse': True, 'pos_tags': True, 'type': 'spacy'}} and extras {}
2019-02-09 21:30:29,151 - INFO - allennlp.common.from_params - instantiating class <class 'allennlp.data.tokenizers.word_splitter.WordSplitter'> from params {'ner': True, 'parse': True, 'pos_tags': True, 'type': 'spacy'} and extras {}
2019-02-09 21:30:29,151 - INFO - allennlp.common.params - dataset_reader.mytokenizer.word_splitter.type = spacy
2019-02-09 21:30:29,151 - INFO - allennlp.common.from_params - instantiating class <class 'allennlp.data.tokenizers.word_splitter.SpacyWordSplitter'> from params {'ner': True, 'parse': True, 'pos_tags': True} and extras {}
2019-02-09 21:30:29,151 - INFO - allennlp.common.params - dataset_reader.mytokenizer.word_splitter.language = en_core_web_sm
2019-02-09 21:30:29,151 - INFO - allennlp.common.params - dataset_reader.mytokenizer.word_splitter.pos_tags = True
2019-02-09 21:30:29,152 - INFO - allennlp.common.params - dataset_reader.mytokenizer.word_splitter.parse = True
2019-02-09 21:30:29,152 - INFO - allennlp.common.params - dataset_reader.mytokenizer.word_splitter.ner = True
2019-02-09 21:30:29,541 - INFO - allennlp.common.params - dataset_reader.mytokenizer.start_tokens = None
2019-02-09 21:30:29,541 - INFO - allennlp.common.params - dataset_reader.mytokenizer.end_tokens = None
2019-02-09 21:30:29,541 - INFO - allennlp.common.params - dataset_reader.use_spacy_directly = False
2019-02-09 21:30:29,541 - INFO - allennlp.common.params - validation_dataset_reader = None
2019-02-09 21:30:29,541 - INFO - allennlp.common.params - train_data_path = ../data/allenTrain.txt
2019-02-09 21:30:29,541 - INFO - allennlp.commands.train - Reading training data from ../data/allenTrain.txt
2019-02-09 21:30:29,542 - INFO - myallennlp.dataset_readers.sequence_tagging2 - Reading instances from lines in file at: ../data/allenTrain.txt
2019-02-09 21:30:30,308 - INFO - allennlp.common.params - validation_data_path = ../data/allenDev.txt
2019-02-09 21:30:30,308 - INFO - allennlp.commands.train - Reading validation data from ../data/allenDev.txt
2019-02-09 21:30:30,308 - INFO - myallennlp.dataset_readers.sequence_tagging2 - Reading instances from lines in file at: ../data/allenDev.txt
2019-02-09 21:30:30,977 - INFO - allennlp.common.params - test_data_path = None
2019-02-09 21:30:30,978 - INFO - allennlp.commands.train - From dataset instances, train, validation will be considered for vocabulary creation.
2019-02-09 21:30:30,978 - INFO - allennlp.common.params - vocabulary.type = None
2019-02-09 21:30:30,978 - INFO - allennlp.common.params - vocabulary.extend = False
2019-02-09 21:30:30,978 - INFO - allennlp.common.params - vocabulary.directory_path = None
2019-02-09 21:30:30,978 - INFO - allennlp.common.params - vocabulary.min_count = None
2019-02-09 21:30:30,978 - INFO - allennlp.common.params - vocabulary.max_vocab_size = None
2019-02-09 21:30:30,978 - INFO - allennlp.common.params - vocabulary.non_padded_namespaces = ('*tags', '*labels')
2019-02-09 21:30:30,978 - INFO - allennlp.common.params - vocabulary.min_pretrained_embeddings = None
2019-02-09 21:30:30,978 - INFO - allennlp.common.params - vocabulary.only_include_pretrained_words = False
2019-02-09 21:30:30,978 - INFO - allennlp.common.params - vocabulary.tokens_to_add = None
2019-02-09 21:30:30,978 - INFO - allennlp.data.vocabulary - Fitting token dictionary from dataset.
2019-02-09 21:30:30,979 - WARNING - allennlp.data.token_indexers.pos_tag_indexer - Token had no POS tag: —
2019-02-09 21:30:30,993 - INFO - allennlp.common.from_params - instantiating class <class 'allennlp.models.model.Model'> from params {'Ntags0': 5620.99, 'Ntags1': 256.16, 'do_crossentropy_weighting': False, 'encoder': {'bidirectional': True, 'dropout': 0.5, 'hidden_size': 72, 'input_size': 72, 'num_layers': 2, 'type': 'lstm'}, 'text_field_embedder': {'token_embedders': {'dependency_label': {'embedding_dim': 10, 'type': 'embedding', 'vocab_namespace': 'dependencies'}, 'ner_tag': {'embedding_dim': 7, 'type': 'embedding', 'vocab_namespace': 'ner'}, 'pos_tag': {'embedding_dim': 5, 'type': 'embedding', 'vocab_namespace': 'pos'}, 'tokens': {'embedding_dim': 50, 'pretrained_file': '~/src/allennlp/glove/glove.6B.50d.txt.gz', 'trainable': False, 'type': 'embedding'}}}, 'type': 'simple_tagger2'} and extras {'vocab': Vocabulary with namespaces:  dependencies, Size: 44 || ner, Size: 14 || pos, Size: 46 || tokens, Size: 1147 || labels, Size: 2 || Non Padded Namespaces: {'*labels', '*tags'}}
2019-02-09 21:30:30,994 - INFO - allennlp.common.params - model.type = simple_tagger2
2019-02-09 21:30:30,994 - INFO - allennlp.common.from_params - instantiating class <class 'myallennlp.models.simple_tagger2.SimpleTagger2'> from params {'Ntags0': 5620.99, 'Ntags1': 256.16, 'do_crossentropy_weighting': False, 'encoder': {'bidirectional': True, 'dropout': 0.5, 'hidden_size': 72, 'input_size': 72, 'num_layers': 2, 'type': 'lstm'}, 'text_field_embedder': {'token_embedders': {'dependency_label': {'embedding_dim': 10, 'type': 'embedding', 'vocab_namespace': 'dependencies'}, 'ner_tag': {'embedding_dim': 7, 'type': 'embedding', 'vocab_namespace': 'ner'}, 'pos_tag': {'embedding_dim': 5, 'type': 'embedding', 'vocab_namespace': 'pos'}, 'tokens': {'embedding_dim': 50, 'pretrained_file': '~/src/allennlp/glove/glove.6B.50d.txt.gz', 'trainable': False, 'type': 'embedding'}}}} and extras {'vocab': Vocabulary with namespaces:  dependencies, Size: 44 || ner, Size: 14 || pos, Size: 46 || tokens, Size: 1147 || labels, Size: 2 || Non Padded Namespaces: {'*labels', '*tags'}}
2019-02-09 21:30:30,994 - INFO - allennlp.common.from_params - instantiating class <class 'allennlp.modules.text_field_embedders.text_field_embedder.TextFieldEmbedder'> from params {'token_embedders': {'dependency_label': {'embedding_dim': 10, 'type': 'embedding', 'vocab_namespace': 'dependencies'}, 'ner_tag': {'embedding_dim': 7, 'type': 'embedding', 'vocab_namespace': 'ner'}, 'pos_tag': {'embedding_dim': 5, 'type': 'embedding', 'vocab_namespace': 'pos'}, 'tokens': {'embedding_dim': 50, 'pretrained_file': '~/src/allennlp/glove/glove.6B.50d.txt.gz', 'trainable': False, 'type': 'embedding'}}} and extras {'vocab': Vocabulary with namespaces:  dependencies, Size: 44 || ner, Size: 14 || pos, Size: 46 || tokens, Size: 1147 || labels, Size: 2 || Non Padded Namespaces: {'*labels', '*tags'}}
2019-02-09 21:30:30,994 - INFO - allennlp.common.params - model.text_field_embedder.type = basic
2019-02-09 21:30:30,994 - INFO - allennlp.common.params - model.text_field_embedder.embedder_to_indexer_map = None
2019-02-09 21:30:30,994 - INFO - allennlp.common.params - model.text_field_embedder.allow_unmatched_keys = False
2019-02-09 21:30:30,995 - INFO - allennlp.common.from_params - instantiating class <class 'allennlp.modules.token_embedders.token_embedder.TokenEmbedder'> from params {'embedding_dim': 10, 'type': 'embedding', 'vocab_namespace': 'dependencies'} and extras {'vocab': Vocabulary with namespaces:  dependencies, Size: 44 || ner, Size: 14 || pos, Size: 46 || tokens, Size: 1147 || labels, Size: 2 || Non Padded Namespaces: {'*labels', '*tags'}}
2019-02-09 21:30:30,995 - INFO - allennlp.common.params - model.text_field_embedder.token_embedders.dependency_label.type = embedding
2019-02-09 21:30:30,995 - INFO - allennlp.common.params - model.text_field_embedder.token_embedders.dependency_label.num_embeddings = None
2019-02-09 21:30:30,995 - INFO - allennlp.common.params - model.text_field_embedder.token_embedders.dependency_label.vocab_namespace = dependencies
2019-02-09 21:30:30,995 - INFO - allennlp.common.params - model.text_field_embedder.token_embedders.dependency_label.embedding_dim = 10
2019-02-09 21:30:30,995 - INFO - allennlp.common.params - model.text_field_embedder.token_embedders.dependency_label.pretrained_file = None
2019-02-09 21:30:30,995 - INFO - allennlp.common.params - model.text_field_embedder.token_embedders.dependency_label.projection_dim = None
2019-02-09 21:30:30,995 - INFO - allennlp.common.params - model.text_field_embedder.token_embedders.dependency_label.trainable = True
2019-02-09 21:30:30,995 - INFO - allennlp.common.params - model.text_field_embedder.token_embedders.dependency_label.padding_index = None
2019-02-09 21:30:30,995 - INFO - allennlp.common.params - model.text_field_embedder.token_embedders.dependency_label.max_norm = None
2019-02-09 21:30:30,995 - INFO - allennlp.common.params - model.text_field_embedder.token_embedders.dependency_label.norm_type = 2.0
2019-02-09 21:30:30,996 - INFO - allennlp.common.params - model.text_field_embedder.token_embedders.dependency_label.scale_grad_by_freq = False
2019-02-09 21:30:30,996 - INFO - allennlp.common.params - model.text_field_embedder.token_embedders.dependency_label.sparse = False
2019-02-09 21:30:30,996 - INFO - allennlp.common.from_params - instantiating class <class 'allennlp.modules.token_embedders.token_embedder.TokenEmbedder'> from params {'embedding_dim': 7, 'type': 'embedding', 'vocab_namespace': 'ner'} and extras {'vocab': Vocabulary with namespaces:  dependencies, Size: 44 || ner, Size: 14 || pos, Size: 46 || tokens, Size: 1147 || labels, Size: 2 || Non Padded Namespaces: {'*labels', '*tags'}}
2019-02-09 21:30:30,996 - INFO - allennlp.common.params - model.text_field_embedder.token_embedders.ner_tag.type = embedding
2019-02-09 21:30:30,997 - INFO - allennlp.common.params - model.text_field_embedder.token_embedders.ner_tag.num_embeddings = None
2019-02-09 21:30:30,997 - INFO - allennlp.common.params - model.text_field_embedder.token_embedders.ner_tag.vocab_namespace = ner
2019-02-09 21:30:30,997 - INFO - allennlp.common.params - model.text_field_embedder.token_embedders.ner_tag.embedding_dim = 7
2019-02-09 21:30:30,997 - INFO - allennlp.common.params - model.text_field_embedder.token_embedders.ner_tag.pretrained_file = None
2019-02-09 21:30:30,997 - INFO - allennlp.common.params - model.text_field_embedder.token_embedders.ner_tag.projection_dim = None
2019-02-09 21:30:30,997 - INFO - allennlp.common.params - model.text_field_embedder.token_embedders.ner_tag.trainable = True
2019-02-09 21:30:30,997 - INFO - allennlp.common.params - model.text_field_embedder.token_embedders.ner_tag.padding_index = None
2019-02-09 21:30:30,997 - INFO - allennlp.common.params - model.text_field_embedder.token_embedders.ner_tag.max_norm = None
2019-02-09 21:30:30,997 - INFO - allennlp.common.params - model.text_field_embedder.token_embedders.ner_tag.norm_type = 2.0
2019-02-09 21:30:30,997 - INFO - allennlp.common.params - model.text_field_embedder.token_embedders.ner_tag.scale_grad_by_freq = False
2019-02-09 21:30:30,997 - INFO - allennlp.common.params - model.text_field_embedder.token_embedders.ner_tag.sparse = False
2019-02-09 21:30:30,998 - INFO - allennlp.common.from_params - instantiating class <class 'allennlp.modules.token_embedders.token_embedder.TokenEmbedder'> from params {'embedding_dim': 5, 'type': 'embedding', 'vocab_namespace': 'pos'} and extras {'vocab': Vocabulary with namespaces:  dependencies, Size: 44 || ner, Size: 14 || pos, Size: 46 || tokens, Size: 1147 || labels, Size: 2 || Non Padded Namespaces: {'*labels', '*tags'}}
2019-02-09 21:30:30,998 - INFO - allennlp.common.params - model.text_field_embedder.token_embedders.pos_tag.type = embedding
2019-02-09 21:30:30,998 - INFO - allennlp.common.params - model.text_field_embedder.token_embedders.pos_tag.num_embeddings = None
2019-02-09 21:30:30,998 - INFO - allennlp.common.params - model.text_field_embedder.token_embedders.pos_tag.vocab_namespace = pos
2019-02-09 21:30:30,998 - INFO - allennlp.common.params - model.text_field_embedder.token_embedders.pos_tag.embedding_dim = 5
2019-02-09 21:30:30,998 - INFO - allennlp.common.params - model.text_field_embedder.token_embedders.pos_tag.pretrained_file = None
2019-02-09 21:30:30,998 - INFO - allennlp.common.params - model.text_field_embedder.token_embedders.pos_tag.projection_dim = None
2019-02-09 21:30:30,998 - INFO - allennlp.common.params - model.text_field_embedder.token_embedders.pos_tag.trainable = True
2019-02-09 21:30:30,998 - INFO - allennlp.common.params - model.text_field_embedder.token_embedders.pos_tag.padding_index = None
2019-02-09 21:30:30,998 - INFO - allennlp.common.params - model.text_field_embedder.token_embedders.pos_tag.max_norm = None
2019-02-09 21:30:30,998 - INFO - allennlp.common.params - model.text_field_embedder.token_embedders.pos_tag.norm_type = 2.0
2019-02-09 21:30:30,998 - INFO - allennlp.common.params - model.text_field_embedder.token_embedders.pos_tag.scale_grad_by_freq = False
2019-02-09 21:30:30,999 - INFO - allennlp.common.params - model.text_field_embedder.token_embedders.pos_tag.sparse = False
2019-02-09 21:30:30,999 - INFO - allennlp.common.from_params - instantiating class <class 'allennlp.modules.token_embedders.token_embedder.TokenEmbedder'> from params {'embedding_dim': 50, 'pretrained_file': '~/src/allennlp/glove/glove.6B.50d.txt.gz', 'trainable': False, 'type': 'embedding'} and extras {'vocab': Vocabulary with namespaces:  dependencies, Size: 44 || ner, Size: 14 || pos, Size: 46 || tokens, Size: 1147 || labels, Size: 2 || Non Padded Namespaces: {'*labels', '*tags'}}
2019-02-09 21:30:30,999 - INFO - allennlp.common.params - model.text_field_embedder.token_embedders.tokens.type = embedding
2019-02-09 21:30:30,999 - INFO - allennlp.common.params - model.text_field_embedder.token_embedders.tokens.num_embeddings = None
2019-02-09 21:30:30,999 - INFO - allennlp.common.params - model.text_field_embedder.token_embedders.tokens.vocab_namespace = tokens
2019-02-09 21:30:30,999 - INFO - allennlp.common.params - model.text_field_embedder.token_embedders.tokens.embedding_dim = 50
2019-02-09 21:30:30,999 - INFO - allennlp.common.params - model.text_field_embedder.token_embedders.tokens.pretrained_file = ~/src/allennlp/glove/glove.6B.50d.txt.gz
2019-02-09 21:30:30,999 - INFO - allennlp.common.params - model.text_field_embedder.token_embedders.tokens.projection_dim = None
2019-02-09 21:30:30,999 - INFO - allennlp.common.params - model.text_field_embedder.token_embedders.tokens.trainable = False
2019-02-09 21:30:31,000 - INFO - allennlp.common.params - model.text_field_embedder.token_embedders.tokens.padding_index = None
2019-02-09 21:30:31,000 - INFO - allennlp.common.params - model.text_field_embedder.token_embedders.tokens.max_norm = None
2019-02-09 21:30:31,000 - INFO - allennlp.common.params - model.text_field_embedder.token_embedders.tokens.norm_type = 2.0
2019-02-09 21:30:31,000 - INFO - allennlp.common.params - model.text_field_embedder.token_embedders.tokens.scale_grad_by_freq = False
2019-02-09 21:30:31,000 - INFO - allennlp.common.params - model.text_field_embedder.token_embedders.tokens.sparse = False
2019-02-09 21:30:31,000 - INFO - allennlp.modules.token_embedders.embedding - Reading pretrained embeddings from file
2019-02-09 21:30:32,573 - INFO - allennlp.modules.token_embedders.embedding - Initializing pre-trained embedding layer
2019-02-09 21:30:32,580 - INFO - allennlp.modules.token_embedders.embedding - Pretrained embeddings were found for 1119 out of 1147 tokens
2019-02-09 21:30:32,580 - INFO - allennlp.common.from_params - instantiating class <class 'allennlp.modules.seq2seq_encoders.seq2seq_encoder.Seq2SeqEncoder'> from params {'bidirectional': True, 'dropout': 0.5, 'hidden_size': 72, 'input_size': 72, 'num_layers': 2, 'type': 'lstm'} and extras {'vocab': Vocabulary with namespaces:  dependencies, Size: 44 || ner, Size: 14 || pos, Size: 46 || tokens, Size: 1147 || labels, Size: 2 || Non Padded Namespaces: {'*labels', '*tags'}}
2019-02-09 21:30:32,580 - INFO - allennlp.common.params - model.encoder.type = lstm
2019-02-09 21:30:32,580 - INFO - allennlp.common.params - model.encoder.batch_first = True
2019-02-09 21:30:32,580 - INFO - allennlp.common.params - model.encoder.stateful = False
2019-02-09 21:30:32,580 - INFO - allennlp.common.params - Converting Params object to dict; logging of default values will not occur when dictionary parameters are used subsequently.
2019-02-09 21:30:32,580 - INFO - allennlp.common.params - CURRENTLY DEFINED PARAMETERS: 
2019-02-09 21:30:32,581 - INFO - allennlp.common.params - model.encoder.bidirectional = True
2019-02-09 21:30:32,581 - INFO - allennlp.common.params - model.encoder.dropout = 0.5
2019-02-09 21:30:32,581 - INFO - allennlp.common.params - model.encoder.hidden_size = 72
2019-02-09 21:30:32,581 - INFO - allennlp.common.params - model.encoder.input_size = 72
2019-02-09 21:30:32,581 - INFO - allennlp.common.params - model.encoder.num_layers = 2
2019-02-09 21:30:32,581 - INFO - allennlp.common.params - model.encoder.batch_first = True
2019-02-09 21:30:32,582 - INFO - allennlp.common.params - model.do_crossentropy_weighting = False
2019-02-09 21:30:32,583 - INFO - allennlp.common.params - model.Ntags0 = 5620.99
2019-02-09 21:30:32,583 - INFO - allennlp.common.params - model.Ntags1 = 256.16
2019-02-09 21:30:32,583 - INFO - allennlp.nn.initializers - Initializing parameters
2019-02-09 21:30:32,583 - INFO - allennlp.nn.initializers - Done initializing parameters; the following parameters are using their default initialization from their code
2019-02-09 21:30:32,583 - INFO - allennlp.nn.initializers -    encoder._module.bias_hh_l0
2019-02-09 21:30:32,583 - INFO - allennlp.nn.initializers -    encoder._module.bias_hh_l0_reverse
2019-02-09 21:30:32,583 - INFO - allennlp.nn.initializers -    encoder._module.bias_hh_l1
2019-02-09 21:30:32,583 - INFO - allennlp.nn.initializers -    encoder._module.bias_hh_l1_reverse
2019-02-09 21:30:32,583 - INFO - allennlp.nn.initializers -    encoder._module.bias_ih_l0
2019-02-09 21:30:32,583 - INFO - allennlp.nn.initializers -    encoder._module.bias_ih_l0_reverse
2019-02-09 21:30:32,583 - INFO - allennlp.nn.initializers -    encoder._module.bias_ih_l1
2019-02-09 21:30:32,583 - INFO - allennlp.nn.initializers -    encoder._module.bias_ih_l1_reverse
2019-02-09 21:30:32,583 - INFO - allennlp.nn.initializers -    encoder._module.weight_hh_l0
2019-02-09 21:30:32,583 - INFO - allennlp.nn.initializers -    encoder._module.weight_hh_l0_reverse
2019-02-09 21:30:32,583 - INFO - allennlp.nn.initializers -    encoder._module.weight_hh_l1
2019-02-09 21:30:32,584 - INFO - allennlp.nn.initializers -    encoder._module.weight_hh_l1_reverse
2019-02-09 21:30:32,584 - INFO - allennlp.nn.initializers -    encoder._module.weight_ih_l0
2019-02-09 21:30:32,584 - INFO - allennlp.nn.initializers -    encoder._module.weight_ih_l0_reverse
2019-02-09 21:30:32,584 - INFO - allennlp.nn.initializers -    encoder._module.weight_ih_l1
2019-02-09 21:30:32,584 - INFO - allennlp.nn.initializers -    encoder._module.weight_ih_l1_reverse
2019-02-09 21:30:32,584 - INFO - allennlp.nn.initializers -    tag_projection_layer._module.bias
2019-02-09 21:30:32,584 - INFO - allennlp.nn.initializers -    tag_projection_layer._module.weight
2019-02-09 21:30:32,584 - INFO - allennlp.nn.initializers -    text_field_embedder.token_embedder_dependency_label.weight
2019-02-09 21:30:32,584 - INFO - allennlp.nn.initializers -    text_field_embedder.token_embedder_ner_tag.weight
2019-02-09 21:30:32,584 - INFO - allennlp.nn.initializers -    text_field_embedder.token_embedder_pos_tag.weight
2019-02-09 21:30:32,584 - INFO - allennlp.nn.initializers -    text_field_embedder.token_embedder_tokens.weight
2019-02-09 21:30:32,587 - INFO - allennlp.common.from_params - instantiating class <class 'allennlp.data.iterators.data_iterator.DataIterator'> from params {'batch_size': 32, 'type': 'basic'} and extras {}
2019-02-09 21:30:32,587 - INFO - allennlp.common.params - iterator.type = basic
2019-02-09 21:30:32,587 - INFO - allennlp.common.from_params - instantiating class <class 'allennlp.data.iterators.basic_iterator.BasicIterator'> from params {'batch_size': 32} and extras {}
2019-02-09 21:30:32,587 - INFO - allennlp.common.params - iterator.batch_size = 32
2019-02-09 21:30:32,587 - INFO - allennlp.common.params - iterator.instances_per_epoch = None
2019-02-09 21:30:32,588 - INFO - allennlp.common.params - iterator.max_instances_in_memory = None
2019-02-09 21:30:32,588 - INFO - allennlp.common.params - iterator.cache_instances = False
2019-02-09 21:30:32,588 - INFO - allennlp.common.params - iterator.track_epoch = False
2019-02-09 21:30:32,588 - INFO - allennlp.common.params - iterator.maximum_samples_per_batch = None
2019-02-09 21:30:32,588 - INFO - allennlp.common.params - validation_iterator = None
2019-02-09 21:30:32,588 - INFO - allennlp.common.params - trainer.no_grad = ()
2019-02-09 21:30:32,588 - INFO - allennlp.commands.train - Following parameters are Frozen  (without gradient):
2019-02-09 21:30:32,588 - INFO - allennlp.commands.train - text_field_embedder.token_embedder_tokens.weight
2019-02-09 21:30:32,588 - INFO - allennlp.commands.train - Following parameters are Tunable (with gradient):
2019-02-09 21:30:32,588 - INFO - allennlp.commands.train - text_field_embedder.token_embedder_dependency_label.weight
2019-02-09 21:30:32,588 - INFO - allennlp.commands.train - text_field_embedder.token_embedder_ner_tag.weight
2019-02-09 21:30:32,588 - INFO - allennlp.commands.train - text_field_embedder.token_embedder_pos_tag.weight
2019-02-09 21:30:32,588 - INFO - allennlp.commands.train - encoder._module.weight_ih_l0
2019-02-09 21:30:32,588 - INFO - allennlp.commands.train - encoder._module.weight_hh_l0
2019-02-09 21:30:32,588 - INFO - allennlp.commands.train - encoder._module.bias_ih_l0
2019-02-09 21:30:32,588 - INFO - allennlp.commands.train - encoder._module.bias_hh_l0
2019-02-09 21:30:32,588 - INFO - allennlp.commands.train - encoder._module.weight_ih_l0_reverse
2019-02-09 21:30:32,588 - INFO - allennlp.commands.train - encoder._module.weight_hh_l0_reverse
2019-02-09 21:30:32,588 - INFO - allennlp.commands.train - encoder._module.bias_ih_l0_reverse
2019-02-09 21:30:32,588 - INFO - allennlp.commands.train - encoder._module.bias_hh_l0_reverse
2019-02-09 21:30:32,589 - INFO - allennlp.commands.train - encoder._module.weight_ih_l1
2019-02-09 21:30:32,589 - INFO - allennlp.commands.train - encoder._module.weight_hh_l1
2019-02-09 21:30:32,589 - INFO - allennlp.commands.train - encoder._module.bias_ih_l1
2019-02-09 21:30:32,589 - INFO - allennlp.commands.train - encoder._module.bias_hh_l1
2019-02-09 21:30:32,589 - INFO - allennlp.commands.train - encoder._module.weight_ih_l1_reverse
2019-02-09 21:30:32,589 - INFO - allennlp.commands.train - encoder._module.weight_hh_l1_reverse
2019-02-09 21:30:32,589 - INFO - allennlp.commands.train - encoder._module.bias_ih_l1_reverse
2019-02-09 21:30:32,589 - INFO - allennlp.commands.train - encoder._module.bias_hh_l1_reverse
2019-02-09 21:30:32,589 - INFO - allennlp.commands.train - tag_projection_layer._module.weight
2019-02-09 21:30:32,589 - INFO - allennlp.commands.train - tag_projection_layer._module.bias
2019-02-09 21:30:32,589 - INFO - allennlp.common.params - trainer.type = default
2019-02-09 21:30:32,589 - INFO - allennlp.common.params - trainer.patience = 5
2019-02-09 21:30:32,589 - INFO - allennlp.common.params - trainer.validation_metric = -loss
2019-02-09 21:30:32,589 - INFO - allennlp.common.params - trainer.shuffle = True
2019-02-09 21:30:32,589 - INFO - allennlp.common.params - trainer.num_epochs = 40
2019-02-09 21:30:32,589 - INFO - allennlp.common.params - trainer.cuda_device = -1
2019-02-09 21:30:32,589 - INFO - allennlp.common.params - trainer.grad_norm = None
2019-02-09 21:30:32,589 - INFO - allennlp.common.params - trainer.grad_clipping = None
2019-02-09 21:30:32,589 - INFO - allennlp.common.params - trainer.learning_rate_scheduler = None
2019-02-09 21:30:32,589 - INFO - allennlp.common.params - trainer.optimizer = adam
2019-02-09 21:30:32,589 - INFO - allennlp.common.params - parameter_groups = None
2019-02-09 21:30:32,589 - INFO - allennlp.training.optimizers - Number of trainable parameters: 210722
2019-02-09 21:30:32,590 - INFO - allennlp.common.params - Converting Params object to dict; logging of default values will not occur when dictionary parameters are used subsequently.
2019-02-09 21:30:32,590 - INFO - allennlp.common.params - CURRENTLY DEFINED PARAMETERS: 
2019-02-09 21:30:32,590 - INFO - allennlp.common.params - trainer.num_serialized_models_to_keep = 20
2019-02-09 21:30:32,590 - INFO - allennlp.common.params - trainer.keep_serialized_model_every_num_seconds = None
2019-02-09 21:30:32,590 - INFO - allennlp.common.params - trainer.model_save_interval = None
2019-02-09 21:30:32,590 - INFO - allennlp.common.params - trainer.summary_interval = 100
2019-02-09 21:30:32,590 - INFO - allennlp.common.params - trainer.histogram_interval = None
2019-02-09 21:30:32,590 - INFO - allennlp.common.params - trainer.should_log_parameter_statistics = True
2019-02-09 21:30:32,590 - INFO - allennlp.common.params - trainer.should_log_learning_rate = False
2019-02-09 21:30:32,590 - INFO - allennlp.common.params - trainer.log_batch_size_period = None
2019-02-09 21:30:32,591 - INFO - allennlp.common.params - evaluate_on_test = False
2019-02-09 21:30:32,592 - INFO - allennlp.training.trainer - Beginning training.
2019-02-09 21:30:32,592 - INFO - allennlp.training.trainer - Epoch 0/39
2019-02-09 21:30:32,592 - INFO - allennlp.training.trainer - Peak CPU memory usage MB: 523.152
2019-02-09 21:30:32,610 - INFO - allennlp.training.trainer - Training
2019-02-09 21:30:33,160 - INFO - allennlp.training.trainer - Validating
2019-02-09 21:30:33,294 - INFO - allennlp.training.trainer -                   Training |  Validation
2019-02-09 21:30:33,294 - INFO - allennlp.training.trainer - loss          |     0.638  |     0.518
2019-02-09 21:30:33,294 - INFO - allennlp.training.trainer - accuracy3     |     1.000  |     1.000
2019-02-09 21:30:33,294 - INFO - allennlp.training.trainer - accuracy      |     0.775  |     0.959
2019-02-09 21:30:33,294 - INFO - allennlp.training.trainer - cpu_memory_MB |   523.152  |       N/A
2019-02-09 21:30:33,300 - INFO - allennlp.training.trainer - Best validation performance so far. Copying weights to './model_params/best.th'.
2019-02-09 21:30:33,301 - INFO - allennlp.training.trainer - Epoch duration: 00:00:00
2019-02-09 21:30:33,301 - INFO - allennlp.training.trainer - Estimated training time remaining: 0:00:27
2019-02-09 21:30:33,301 - INFO - allennlp.training.trainer - Epoch 1/39
2019-02-09 21:30:33,302 - INFO - allennlp.training.trainer - Peak CPU memory usage MB: 561.544
2019-02-09 21:30:33,332 - INFO - allennlp.training.trainer - Training
2019-02-09 21:30:33,867 - INFO - allennlp.training.trainer - Validating
2019-02-09 21:30:33,992 - INFO - allennlp.training.trainer -                   Training |  Validation
2019-02-09 21:30:33,992 - INFO - allennlp.training.trainer - loss          |     0.473  |     0.331
2019-02-09 21:30:33,993 - INFO - allennlp.training.trainer - accuracy3     |     1.000  |     1.000
2019-02-09 21:30:33,993 - INFO - allennlp.training.trainer - accuracy      |     0.938  |     0.959
2019-02-09 21:30:33,993 - INFO - allennlp.training.trainer - cpu_memory_MB |   561.544  |       N/A
2019-02-09 21:30:33,998 - INFO - allennlp.training.trainer - Best validation performance so far. Copying weights to './model_params/best.th'.
2019-02-09 21:30:34,000 - INFO - allennlp.training.trainer - Epoch duration: 00:00:00
2019-02-09 21:30:34,000 - INFO - allennlp.training.trainer - Estimated training time remaining: 0:00:26
2019-02-09 21:30:34,000 - INFO - allennlp.training.trainer - Epoch 2/39
2019-02-09 21:30:34,000 - INFO - allennlp.training.trainer - Peak CPU memory usage MB: 561.836
2019-02-09 21:30:34,035 - INFO - allennlp.training.trainer - Training
2019-02-09 21:30:34,563 - INFO - allennlp.training.trainer - Validating
2019-02-09 21:30:34,747 - INFO - allennlp.training.trainer -                   Training |  Validation
2019-02-09 21:30:34,749 - INFO - allennlp.training.trainer - loss          |     0.320  |     0.192
2019-02-09 21:30:34,749 - INFO - allennlp.training.trainer - accuracy3     |     1.000  |     1.000
2019-02-09 21:30:34,749 - INFO - allennlp.training.trainer - accuracy      |     0.938  |     0.959
2019-02-09 21:30:34,749 - INFO - allennlp.training.trainer - cpu_memory_MB |   561.836  |       N/A
2019-02-09 21:30:34,755 - INFO - allennlp.training.trainer - Best validation performance so far. Copying weights to './model_params/best.th'.
2019-02-09 21:30:34,757 - INFO - allennlp.training.trainer - Epoch duration: 00:00:00
2019-02-09 21:30:34,757 - INFO - allennlp.training.trainer - Estimated training time remaining: 0:00:26
2019-02-09 21:30:34,757 - INFO - allennlp.training.trainer - Epoch 3/39
2019-02-09 21:30:34,757 - INFO - allennlp.training.trainer - Peak CPU memory usage MB: 565.092
2019-02-09 21:30:34,786 - INFO - allennlp.training.trainer - Training
2019-02-09 21:30:35,297 - INFO - allennlp.training.trainer - Validating
2019-02-09 21:30:35,415 - INFO - allennlp.training.trainer -                   Training |  Validation
2019-02-09 21:30:35,415 - INFO - allennlp.training.trainer - loss          |     0.246  |     0.172
2019-02-09 21:30:35,415 - INFO - allennlp.training.trainer - accuracy3     |     1.000  |     1.000
2019-02-09 21:30:35,415 - INFO - allennlp.training.trainer - accuracy      |     0.938  |     0.959
2019-02-09 21:30:35,415 - INFO - allennlp.training.trainer - cpu_memory_MB |   565.092  |       N/A
2019-02-09 21:30:35,423 - INFO - allennlp.training.trainer - Best validation performance so far. Copying weights to './model_params/best.th'.
2019-02-09 21:30:35,425 - INFO - allennlp.training.trainer - Epoch duration: 00:00:00
2019-02-09 21:30:35,425 - INFO - allennlp.training.trainer - Estimated training time remaining: 0:00:25
2019-02-09 21:30:35,426 - INFO - allennlp.training.trainer - Epoch 4/39
2019-02-09 21:30:35,426 - INFO - allennlp.training.trainer - Peak CPU memory usage MB: 565.4
2019-02-09 21:30:35,457 - INFO - allennlp.training.trainer - Training
2019-02-09 21:30:35,956 - INFO - allennlp.training.trainer - Validating
2019-02-09 21:30:36,071 - INFO - allennlp.training.trainer -                   Training |  Validation
2019-02-09 21:30:36,072 - INFO - allennlp.training.trainer - loss          |     0.279  |     0.178
2019-02-09 21:30:36,072 - INFO - allennlp.training.trainer - accuracy3     |     1.000  |     1.000
2019-02-09 21:30:36,072 - INFO - allennlp.training.trainer - accuracy      |     0.938  |     0.959
2019-02-09 21:30:36,073 - INFO - allennlp.training.trainer - cpu_memory_MB |   565.400  |       N/A
2019-02-09 21:30:36,084 - INFO - allennlp.training.trainer - Epoch duration: 00:00:00
2019-02-09 21:30:36,084 - INFO - allennlp.training.trainer - Estimated training time remaining: 0:00:24
2019-02-09 21:30:36,084 - INFO - allennlp.training.trainer - Epoch 5/39
2019-02-09 21:30:36,084 - INFO - allennlp.training.trainer - Peak CPU memory usage MB: 566.64
2019-02-09 21:30:36,119 - INFO - allennlp.training.trainer - Training
2019-02-09 21:30:36,707 - INFO - allennlp.training.trainer - Validating
2019-02-09 21:30:36,822 - INFO - allennlp.training.trainer -                   Training |  Validation
2019-02-09 21:30:36,822 - INFO - allennlp.training.trainer - loss          |     0.279  |     0.173
2019-02-09 21:30:36,823 - INFO - allennlp.training.trainer - accuracy3     |     1.000  |     1.000
2019-02-09 21:30:36,823 - INFO - allennlp.training.trainer - accuracy      |     0.938  |     0.959
2019-02-09 21:30:36,823 - INFO - allennlp.training.trainer - cpu_memory_MB |   566.640  |       N/A
2019-02-09 21:30:36,828 - INFO - allennlp.training.trainer - Epoch duration: 00:00:00
2019-02-09 21:30:36,828 - INFO - allennlp.training.trainer - Estimated training time remaining: 0:00:24
2019-02-09 21:30:36,829 - INFO - allennlp.training.trainer - Epoch 6/39
2019-02-09 21:30:36,829 - INFO - allennlp.training.trainer - Peak CPU memory usage MB: 566.648
2019-02-09 21:30:36,863 - INFO - allennlp.training.trainer - Training
2019-02-09 21:30:37,359 - INFO - allennlp.training.trainer - Validating
2019-02-09 21:30:37,472 - INFO - allennlp.training.trainer -                   Training |  Validation
2019-02-09 21:30:37,472 - INFO - allennlp.training.trainer - loss          |     0.267  |     0.170
2019-02-09 21:30:37,472 - INFO - allennlp.training.trainer - accuracy3     |     1.000  |     1.000
2019-02-09 21:30:37,472 - INFO - allennlp.training.trainer - accuracy      |     0.938  |     0.959
2019-02-09 21:30:37,473 - INFO - allennlp.training.trainer - cpu_memory_MB |   566.648  |       N/A
2019-02-09 21:30:37,478 - INFO - allennlp.training.trainer - Best validation performance so far. Copying weights to './model_params/best.th'.
2019-02-09 21:30:37,480 - INFO - allennlp.training.trainer - Epoch duration: 00:00:00
2019-02-09 21:30:37,480 - INFO - allennlp.training.trainer - Estimated training time remaining: 0:00:23
2019-02-09 21:30:37,480 - INFO - allennlp.training.trainer - Epoch 7/39
2019-02-09 21:30:37,480 - INFO - allennlp.training.trainer - Peak CPU memory usage MB: 566.708
2019-02-09 21:30:37,516 - INFO - allennlp.training.trainer - Training
2019-02-09 21:30:38,045 - INFO - allennlp.training.trainer - Validating
2019-02-09 21:30:38,169 - INFO - allennlp.training.trainer -                   Training |  Validation
2019-02-09 21:30:38,174 - INFO - allennlp.training.trainer - loss          |     0.252  |     0.175
2019-02-09 21:30:38,183 - INFO - allennlp.training.trainer - accuracy3     |     1.000  |     1.000
2019-02-09 21:30:38,183 - INFO - allennlp.training.trainer - accuracy      |     0.938  |     0.959
2019-02-09 21:30:38,183 - INFO - allennlp.training.trainer - cpu_memory_MB |   566.708  |       N/A
2019-02-09 21:30:38,189 - INFO - allennlp.training.trainer - Epoch duration: 00:00:00
2019-02-09 21:30:38,189 - INFO - allennlp.training.trainer - Estimated training time remaining: 0:00:22
2019-02-09 21:30:38,189 - INFO - allennlp.training.trainer - Epoch 8/39
2019-02-09 21:30:38,189 - INFO - allennlp.training.trainer - Peak CPU memory usage MB: 566.712
2019-02-09 21:30:38,240 - INFO - allennlp.training.trainer - Training
2019-02-09 21:30:38,773 - INFO - allennlp.training.trainer - Validating
2019-02-09 21:30:38,890 - INFO - allennlp.training.trainer -                   Training |  Validation
2019-02-09 21:30:38,891 - INFO - allennlp.training.trainer - loss          |     0.261  |     0.185
2019-02-09 21:30:38,891 - INFO - allennlp.training.trainer - accuracy3     |     1.000  |     1.000
2019-02-09 21:30:38,891 - INFO - allennlp.training.trainer - accuracy      |     0.938  |     0.959
2019-02-09 21:30:38,891 - INFO - allennlp.training.trainer - cpu_memory_MB |   566.712  |       N/A
2019-02-09 21:30:38,896 - INFO - allennlp.training.trainer - Epoch duration: 00:00:00
2019-02-09 21:30:38,896 - INFO - allennlp.training.trainer - Estimated training time remaining: 0:00:21
2019-02-09 21:30:38,896 - INFO - allennlp.training.trainer - Epoch 9/39
2019-02-09 21:30:38,897 - INFO - allennlp.training.trainer - Peak CPU memory usage MB: 567.476
2019-02-09 21:30:38,930 - INFO - allennlp.training.trainer - Training
2019-02-09 21:30:39,455 - INFO - allennlp.training.trainer - Validating
2019-02-09 21:30:39,569 - INFO - allennlp.training.trainer -                   Training |  Validation
2019-02-09 21:30:39,570 - INFO - allennlp.training.trainer - loss          |     0.250  |     0.191
2019-02-09 21:30:39,570 - INFO - allennlp.training.trainer - accuracy3     |     1.000  |     1.000
2019-02-09 21:30:39,570 - INFO - allennlp.training.trainer - accuracy      |     0.938  |     0.959
2019-02-09 21:30:39,570 - INFO - allennlp.training.trainer - cpu_memory_MB |   567.476  |       N/A
2019-02-09 21:30:39,575 - INFO - allennlp.training.trainer - Epoch duration: 00:00:00
2019-02-09 21:30:39,575 - INFO - allennlp.training.trainer - Estimated training time remaining: 0:00:20
2019-02-09 21:30:39,575 - INFO - allennlp.training.trainer - Epoch 10/39
2019-02-09 21:30:39,575 - INFO - allennlp.training.trainer - Peak CPU memory usage MB: 567.476
2019-02-09 21:30:39,606 - INFO - allennlp.training.trainer - Training
2019-02-09 21:30:40,144 - INFO - allennlp.training.trainer - Validating
2019-02-09 21:30:40,293 - INFO - allennlp.training.trainer -                   Training |  Validation
2019-02-09 21:30:40,293 - INFO - allennlp.training.trainer - loss          |     0.247  |     0.187
2019-02-09 21:30:40,294 - INFO - allennlp.training.trainer - accuracy3     |     1.000  |     1.000
2019-02-09 21:30:40,294 - INFO - allennlp.training.trainer - accuracy      |     0.938  |     0.959
2019-02-09 21:30:40,294 - INFO - allennlp.training.trainer - cpu_memory_MB |   567.476  |       N/A
2019-02-09 21:30:40,300 - INFO - allennlp.training.trainer - Epoch duration: 00:00:00
2019-02-09 21:30:40,300 - INFO - allennlp.training.trainer - Estimated training time remaining: 0:00:20
2019-02-09 21:30:40,300 - INFO - allennlp.training.trainer - Epoch 11/39
2019-02-09 21:30:40,300 - INFO - allennlp.training.trainer - Peak CPU memory usage MB: 567.48
2019-02-09 21:30:40,332 - INFO - allennlp.training.trainer - Training
2019-02-09 21:30:40,885 - INFO - allennlp.training.trainer - Validating
2019-02-09 21:30:41,038 - INFO - allennlp.training.trainer - Ran out of patience.  Stopping training.
2019-02-09 21:30:41,040 - INFO - allennlp.models.archival - archiving weights and vocabulary to ./model_params/model.tar.gz
2019-02-09 21:30:41,125 - INFO - allennlp.commands.train - Loading the best epoch weights.
2019-02-09 21:30:41,128 - INFO - allennlp.common.util - Metrics: {
  "peak_cpu_memory_MB": 567.48,
  "training_duration": "00:00:07",
  "training_start_epoch": 0,
  "training_epochs": 10,
  "epoch": 10,
  "training_accuracy": 0.9384023099133783,
  "training_accuracy3": 1.0,
  "training_loss": 0.24725084006786346,
  "training_cpu_memory_MB": 567.476,
  "validation_accuracy": 0.9590461378952825,
  "validation_accuracy3": 1.0,
  "validation_loss": 0.18748080233732858,
  "best_epoch": 6,
  "best_validation_accuracy": 0.9590461378952825,
  "best_validation_accuracy3": 1.0,
  "best_validation_loss": 0.16961807012557983
}
