0it [00:00, ?it/s]
1it [01:02, 62.70s/it]
1529it [01:02, 43.89s/it]
3102it [01:02, 30.72s/it]
4679it [01:02, 21.51s/it]
5863it [01:03, 92.96it/s]

0it [00:00, ?it/s]
1it [00:28, 28.94s/it]
1284it [00:29, 20.26s/it]
2111it [00:29, 14.18s/it]
3112it [00:29, 106.00it/s]

0it [00:00, ?it/s]
734it [00:00, 7338.96it/s]
1377it [00:00, 7039.76it/s]
2045it [00:00, 6924.56it/s]
2721it [00:00, 6872.30it/s]
3413it [00:00, 6885.31it/s]
4157it [00:00, 7042.77it/s]
4865it [00:00, 7053.57it/s]
5595it [00:00, 7122.89it/s]
6289it [00:00, 7065.74it/s]
7016it [00:01, 7124.06it/s]
7709it [00:01, 6793.47it/s]
8400it [00:01, 6827.54it/s]
8975it [00:01, 6894.99it/s]

0it [00:00, ?it/s]
4718it [00:00, 47176.90it/s]
10072it [00:00, 48910.03it/s]
17709it [00:00, 54823.67it/s]
27002it [00:00, 62513.21it/s]
38652it [00:00, 72605.30it/s]
50324it [00:00, 81872.64it/s]
64500it [00:00, 93752.40it/s]
79117it [00:00, 105048.89it/s]
94451it [00:00, 115991.91it/s]
110372it [00:01, 126274.93it/s]
125862it [00:01, 133685.76it/s]
142196it [00:01, 141377.44it/s]
158421it [00:01, 147038.62it/s]
175172it [00:01, 152606.65it/s]
191568it [00:01, 155831.71it/s]
207567it [00:01, 157056.15it/s]
224074it [00:01, 159352.13it/s]
241237it [00:01, 162841.29it/s]
257661it [00:01, 163046.42it/s]
274705it [00:02, 165187.48it/s]
291657it [00:02, 166459.88it/s]
308358it [00:02, 165962.66it/s]
325422it [00:02, 167319.64it/s]
342184it [00:02, 165699.37it/s]
359823it [00:02, 168751.97it/s]
376730it [00:02, 165345.85it/s]
393469it [00:02, 165953.64it/s]
400000it [00:02, 145383.68it/s]

  0%|          | 0/184 [00:00<?, ?it/s]
accuracy: 0.9378, accuracy3: 1.0000, loss: 0.6486 ||:   1%|          | 1/184 [00:00<01:17,  2.36it/s]
accuracy: 0.9441, accuracy3: 1.0000, loss: 0.6211 ||:   1%|1         | 2/184 [00:00<01:08,  2.64it/s]
accuracy: 0.9435, accuracy3: 1.0000, loss: 0.5970 ||:   2%|1         | 3/184 [00:01<01:07,  2.70it/s]
accuracy: 0.9439, accuracy3: 1.0000, loss: 0.5717 ||:   2%|2         | 4/184 [00:01<00:58,  3.06it/s]
accuracy: 0.9464, accuracy3: 1.0000, loss: 0.5441 ||:   3%|2         | 5/184 [00:01<00:59,  3.01it/s]
accuracy: 0.9471, accuracy3: 1.0000, loss: 0.5158 ||:   3%|3         | 6/184 [00:01<01:00,  2.92it/s]
accuracy: 0.9483, accuracy3: 1.0000, loss: 0.4882 ||:   4%|3         | 7/184 [00:02<00:53,  3.31it/s]
accuracy: 0.9496, accuracy3: 1.0000, loss: 0.4617 ||:   4%|4         | 8/184 [00:02<00:50,  3.49it/s]
accuracy: 0.9488, accuracy3: 1.0000, loss: 0.4378 ||:   5%|4         | 9/184 [00:03<01:04,  2.72it/s]
accuracy: 0.9474, accuracy3: 1.0000, loss: 0.4184 ||:   5%|5         | 10/184 [00:03<00:59,  2.94it/s]
accuracy: 0.9477, accuracy3: 1.0000, loss: 0.3996 ||:   6%|5         | 11/184 [00:03<00:57,  3.00it/s]
accuracy: 0.9476, accuracy3: 1.0000, loss: 0.3839 ||:   7%|6         | 12/184 [00:03<00:50,  3.43it/s]
accuracy: 0.9469, accuracy3: 1.0000, loss: 0.3730 ||:   7%|7         | 13/184 [00:04<00:51,  3.29it/s]
accuracy: 0.9468, accuracy3: 1.0000, loss: 0.3625 ||:   8%|7         | 14/184 [00:04<00:45,  3.73it/s]
accuracy: 0.9464, accuracy3: 1.0000, loss: 0.3560 ||:   8%|8         | 15/184 [00:04<00:43,  3.87it/s]
accuracy: 0.9465, accuracy3: 1.0000, loss: 0.3470 ||:   9%|8         | 16/184 [00:04<00:44,  3.80it/s]
accuracy: 0.9461, accuracy3: 1.0000, loss: 0.3432 ||:   9%|9         | 17/184 [00:05<00:50,  3.34it/s]
accuracy: 0.9463, accuracy3: 1.0000, loss: 0.3362 ||:  10%|9         | 18/184 [00:05<00:51,  3.25it/s]
accuracy: 0.9467, accuracy3: 1.0000, loss: 0.3284 ||:  10%|#         | 19/184 [00:05<00:51,  3.23it/s]
accuracy: 0.9467, accuracy3: 1.0000, loss: 0.3241 ||:  11%|#         | 20/184 [00:06<00:51,  3.18it/s]
accuracy: 0.9467, accuracy3: 1.0000, loss: 0.3211 ||:  11%|#1        | 21/184 [00:06<00:50,  3.21it/s]
accuracy: 0.9465, accuracy3: 1.0000, loss: 0.3173 ||:  12%|#1        | 22/184 [00:06<00:47,  3.39it/s]
accuracy: 0.9458, accuracy3: 1.0000, loss: 0.3150 ||:  12%|#2        | 23/184 [00:07<00:46,  3.43it/s]
accuracy: 0.9463, accuracy3: 1.0000, loss: 0.3087 ||:  13%|#3        | 24/184 [00:07<00:46,  3.45it/s]
accuracy: 0.9467, accuracy3: 1.0000, loss: 0.3034 ||:  14%|#3        | 25/184 [00:07<00:46,  3.40it/s]
accuracy: 0.9464, accuracy3: 1.0000, loss: 0.3003 ||:  14%|#4        | 26/184 [00:07<00:46,  3.38it/s]
accuracy: 0.9454, accuracy3: 1.0000, loss: 0.2993 ||:  15%|#4        | 27/184 [00:08<00:45,  3.45it/s]
accuracy: 0.9453, accuracy3: 1.0000, loss: 0.2973 ||:  15%|#5        | 28/184 [00:08<00:46,  3.34it/s]
accuracy: 0.9455, accuracy3: 1.0000, loss: 0.2945 ||:  16%|#5        | 29/184 [00:08<00:53,  2.90it/s]
accuracy: 0.9458, accuracy3: 1.0000, loss: 0.2915 ||:  16%|#6        | 30/184 [00:09<00:52,  2.94it/s]
accuracy: 0.9458, accuracy3: 1.0000, loss: 0.2899 ||:  17%|#6        | 31/184 [00:09<00:47,  3.20it/s]
accuracy: 0.9459, accuracy3: 1.0000, loss: 0.2871 ||:  17%|#7        | 32/184 [00:09<00:46,  3.24it/s]
accuracy: 0.9454, accuracy3: 1.0000, loss: 0.2861 ||:  18%|#7        | 33/184 [00:10<00:44,  3.37it/s]
accuracy: 0.9453, accuracy3: 1.0000, loss: 0.2841 ||:  18%|#8        | 34/184 [00:10<00:44,  3.38it/s]
accuracy: 0.9452, accuracy3: 1.0000, loss: 0.2828 ||:  19%|#9        | 35/184 [00:10<00:43,  3.41it/s]
accuracy: 0.9455, accuracy3: 1.0000, loss: 0.2804 ||:  20%|#9        | 36/184 [00:10<00:44,  3.34it/s]
accuracy: 0.9455, accuracy3: 1.0000, loss: 0.2785 ||:  20%|##        | 37/184 [00:11<00:41,  3.56it/s]
accuracy: 0.9456, accuracy3: 1.0000, loss: 0.2766 ||:  21%|##        | 38/184 [00:11<00:39,  3.67it/s]
accuracy: 0.9459, accuracy3: 1.0000, loss: 0.2749 ||:  21%|##1       | 39/184 [00:11<00:42,  3.42it/s]
accuracy: 0.9458, accuracy3: 1.0000, loss: 0.2738 ||:  22%|##1       | 40/184 [00:12<00:40,  3.52it/s]
accuracy: 0.9457, accuracy3: 1.0000, loss: 0.2722 ||:  22%|##2       | 41/184 [00:12<00:44,  3.22it/s]
accuracy: 0.9459, accuracy3: 1.0000, loss: 0.2709 ||:  23%|##2       | 42/184 [00:12<00:47,  2.99it/s]
accuracy: 0.9457, accuracy3: 1.0000, loss: 0.2703 ||:  23%|##3       | 43/184 [00:13<00:48,  2.90it/s]
accuracy: 0.9457, accuracy3: 1.0000, loss: 0.2686 ||:  24%|##3       | 44/184 [00:13<00:48,  2.89it/s]
accuracy: 0.9459, accuracy3: 1.0000, loss: 0.2665 ||:  24%|##4       | 45/184 [00:13<00:48,  2.90it/s]
accuracy: 0.9455, accuracy3: 1.0000, loss: 0.2666 ||:  25%|##5       | 46/184 [00:14<00:47,  2.92it/s]
accuracy: 0.9452, accuracy3: 1.0000, loss: 0.2670 ||:  26%|##5       | 47/184 [00:14<00:48,  2.85it/s]
accuracy: 0.9451, accuracy3: 1.0000, loss: 0.2662 ||:  26%|##6       | 48/184 [00:14<00:46,  2.95it/s]
accuracy: 0.9451, accuracy3: 1.0000, loss: 0.2648 ||:  27%|##6       | 49/184 [00:15<00:43,  3.08it/s]
accuracy: 0.9453, accuracy3: 1.0000, loss: 0.2635 ||:  27%|##7       | 50/184 [00:15<00:43,  3.09it/s]
accuracy: 0.9453, accuracy3: 1.0000, loss: 0.2623 ||:  28%|##7       | 51/184 [00:15<00:40,  3.31it/s]
accuracy: 0.9452, accuracy3: 1.0000, loss: 0.2617 ||:  28%|##8       | 52/184 [00:16<00:39,  3.36it/s]
accuracy: 0.9449, accuracy3: 1.0000, loss: 0.2612 ||:  29%|##8       | 53/184 [00:16<00:36,  3.56it/s]
accuracy: 0.9446, accuracy3: 1.0000, loss: 0.2605 ||:  29%|##9       | 54/184 [00:16<00:33,  3.88it/s]
accuracy: 0.9444, accuracy3: 1.0000, loss: 0.2604 ||:  30%|##9       | 55/184 [00:16<00:33,  3.88it/s]
accuracy: 0.9447, accuracy3: 1.0000, loss: 0.2588 ||:  30%|###       | 56/184 [00:17<00:38,  3.36it/s]
accuracy: 0.9448, accuracy3: 1.0000, loss: 0.2575 ||:  31%|###       | 57/184 [00:17<00:36,  3.50it/s]
accuracy: 0.9448, accuracy3: 1.0000, loss: 0.2567 ||:  32%|###1      | 58/184 [00:17<00:35,  3.51it/s]
accuracy: 0.9451, accuracy3: 1.0000, loss: 0.2552 ||:  32%|###2      | 59/184 [00:18<00:36,  3.41it/s]
accuracy: 0.9454, accuracy3: 1.0000, loss: 0.2541 ||:  33%|###2      | 60/184 [00:18<00:40,  3.03it/s]
accuracy: 0.9454, accuracy3: 1.0000, loss: 0.2532 ||:  33%|###3      | 61/184 [00:18<00:38,  3.21it/s]
accuracy: 0.9454, accuracy3: 1.0000, loss: 0.2523 ||:  34%|###3      | 62/184 [00:19<00:38,  3.18it/s]
accuracy: 0.9455, accuracy3: 1.0000, loss: 0.2509 ||:  34%|###4      | 63/184 [00:19<00:37,  3.22it/s]
accuracy: 0.9456, accuracy3: 1.0000, loss: 0.2501 ||:  35%|###4      | 64/184 [00:19<00:37,  3.22it/s]
accuracy: 0.9457, accuracy3: 1.0000, loss: 0.2490 ||:  35%|###5      | 65/184 [00:20<00:39,  3.04it/s]
accuracy: 0.9456, accuracy3: 1.0000, loss: 0.2482 ||:  36%|###5      | 66/184 [00:20<00:38,  3.10it/s]
accuracy: 0.9455, accuracy3: 1.0000, loss: 0.2478 ||:  36%|###6      | 67/184 [00:20<00:33,  3.49it/s]
accuracy: 0.9455, accuracy3: 1.0000, loss: 0.2471 ||:  37%|###6      | 68/184 [00:20<00:34,  3.32it/s]
accuracy: 0.9455, accuracy3: 1.0000, loss: 0.2466 ||:  38%|###7      | 69/184 [00:21<00:34,  3.32it/s]
accuracy: 0.9456, accuracy3: 1.0000, loss: 0.2454 ||:  38%|###8      | 70/184 [00:21<00:33,  3.40it/s]
accuracy: 0.9457, accuracy3: 1.0000, loss: 0.2441 ||:  39%|###8      | 71/184 [00:21<00:35,  3.15it/s]
accuracy: 0.9457, accuracy3: 1.0000, loss: 0.2435 ||:  39%|###9      | 72/184 [00:22<00:33,  3.35it/s]
accuracy: 0.9456, accuracy3: 1.0000, loss: 0.2432 ||:  40%|###9      | 73/184 [00:22<00:39,  2.78it/s]
accuracy: 0.9456, accuracy3: 1.0000, loss: 0.2426 ||:  40%|####      | 74/184 [00:22<00:36,  3.03it/s]
accuracy: 0.9456, accuracy3: 1.0000, loss: 0.2418 ||:  41%|####      | 75/184 [00:23<00:34,  3.15it/s]
accuracy: 0.9457, accuracy3: 1.0000, loss: 0.2410 ||:  41%|####1     | 76/184 [00:23<00:31,  3.39it/s]
accuracy: 0.9459, accuracy3: 1.0000, loss: 0.2400 ||:  42%|####1     | 77/184 [00:23<00:34,  3.11it/s]
accuracy: 0.9458, accuracy3: 1.0000, loss: 0.2395 ||:  42%|####2     | 78/184 [00:24<00:35,  2.98it/s]
accuracy: 0.9456, accuracy3: 1.0000, loss: 0.2394 ||:  43%|####2     | 79/184 [00:24<00:33,  3.16it/s]
accuracy: 0.9457, accuracy3: 1.0000, loss: 0.2388 ||:  43%|####3     | 80/184 [00:24<00:33,  3.15it/s]
accuracy: 0.9455, accuracy3: 1.0000, loss: 0.2385 ||:  44%|####4     | 81/184 [00:25<00:33,  3.04it/s]
accuracy: 0.9456, accuracy3: 1.0000, loss: 0.2376 ||:  45%|####4     | 82/184 [00:25<00:32,  3.11it/s]
accuracy: 0.9458, accuracy3: 1.0000, loss: 0.2369 ||:  45%|####5     | 83/184 [00:25<00:35,  2.81it/s]
accuracy: 0.9458, accuracy3: 1.0000, loss: 0.2367 ||:  46%|####5     | 84/184 [00:26<00:33,  2.99it/s]
accuracy: 0.9459, accuracy3: 1.0000, loss: 0.2357 ||:  46%|####6     | 85/184 [00:26<00:38,  2.59it/s]
accuracy: 0.9459, accuracy3: 1.0000, loss: 0.2353 ||:  47%|####6     | 86/184 [00:26<00:33,  2.88it/s]
accuracy: 0.9459, accuracy3: 1.0000, loss: 0.2345 ||:  47%|####7     | 87/184 [00:27<00:32,  2.97it/s]
accuracy: 0.9458, accuracy3: 1.0000, loss: 0.2341 ||:  48%|####7     | 88/184 [00:27<00:32,  2.94it/s]
accuracy: 0.9459, accuracy3: 1.0000, loss: 0.2331 ||:  48%|####8     | 89/184 [00:27<00:34,  2.73it/s]
accuracy: 0.9458, accuracy3: 1.0000, loss: 0.2328 ||:  49%|####8     | 90/184 [00:28<00:31,  2.94it/s]
accuracy: 0.9458, accuracy3: 1.0000, loss: 0.2320 ||:  49%|####9     | 91/184 [00:28<00:29,  3.19it/s]
accuracy: 0.9457, accuracy3: 1.0000, loss: 0.2318 ||:  50%|#####     | 92/184 [00:28<00:33,  2.73it/s]
accuracy: 0.9459, accuracy3: 1.0000, loss: 0.2309 ||:  51%|#####     | 93/184 [00:29<00:29,  3.08it/s]
accuracy: 0.9458, accuracy3: 1.0000, loss: 0.2308 ||:  51%|#####1    | 94/184 [00:29<00:29,  3.10it/s]
accuracy: 0.9459, accuracy3: 1.0000, loss: 0.2301 ||:  52%|#####1    | 95/184 [00:29<00:28,  3.14it/s]
accuracy: 0.9460, accuracy3: 1.0000, loss: 0.2293 ||:  52%|#####2    | 96/184 [00:30<00:31,  2.79it/s]
accuracy: 0.9461, accuracy3: 1.0000, loss: 0.2284 ||:  53%|#####2    | 97/184 [00:30<00:31,  2.75it/s]
accuracy: 0.9461, accuracy3: 1.0000, loss: 0.2279 ||:  53%|#####3    | 98/184 [00:30<00:30,  2.78it/s]
accuracy: 0.9460, accuracy3: 1.0000, loss: 0.2278 ||:  54%|#####3    | 99/184 [00:31<00:28,  2.99it/s]
accuracy: 0.9459, accuracy3: 1.0000, loss: 0.2273 ||:  54%|#####4    | 100/184 [00:31<00:28,  2.93it/s]
accuracy: 0.9458, accuracy3: 1.0000, loss: 0.2271 ||:  55%|#####4    | 101/184 [00:31<00:28,  2.88it/s]
accuracy: 0.9457, accuracy3: 1.0000, loss: 0.2267 ||:  55%|#####5    | 102/184 [00:32<00:27,  2.95it/s]
accuracy: 0.9457, accuracy3: 1.0000, loss: 0.2262 ||:  56%|#####5    | 103/184 [00:32<00:27,  2.92it/s]
accuracy: 0.9459, accuracy3: 1.0000, loss: 0.2252 ||:  57%|#####6    | 104/184 [00:32<00:24,  3.23it/s]
accuracy: 0.9459, accuracy3: 1.0000, loss: 0.2249 ||:  57%|#####7    | 105/184 [00:33<00:23,  3.38it/s]
accuracy: 0.9459, accuracy3: 1.0000, loss: 0.2247 ||:  58%|#####7    | 106/184 [00:33<00:26,  2.97it/s]
accuracy: 0.9459, accuracy3: 1.0000, loss: 0.2241 ||:  58%|#####8    | 107/184 [00:33<00:26,  2.94it/s]
accuracy: 0.9459, accuracy3: 1.0000, loss: 0.2237 ||:  59%|#####8    | 108/184 [00:34<00:28,  2.68it/s]
accuracy: 0.9459, accuracy3: 1.0000, loss: 0.2232 ||:  59%|#####9    | 109/184 [00:34<00:25,  2.93it/s]
accuracy: 0.9459, accuracy3: 1.0000, loss: 0.2229 ||:  60%|#####9    | 110/184 [00:34<00:22,  3.29it/s]
accuracy: 0.9458, accuracy3: 1.0000, loss: 0.2225 ||:  60%|######    | 111/184 [00:35<00:20,  3.51it/s]
accuracy: 0.9456, accuracy3: 1.0000, loss: 0.2224 ||:  61%|######    | 112/184 [00:35<00:21,  3.31it/s]
accuracy: 0.9456, accuracy3: 1.0000, loss: 0.2221 ||:  61%|######1   | 113/184 [00:35<00:19,  3.62it/s]
accuracy: 0.9456, accuracy3: 1.0000, loss: 0.2217 ||:  62%|######1   | 114/184 [00:35<00:19,  3.59it/s]
accuracy: 0.9457, accuracy3: 1.0000, loss: 0.2209 ||:  62%|######2   | 115/184 [00:36<00:18,  3.73it/s]
accuracy: 0.9456, accuracy3: 1.0000, loss: 0.2206 ||:  63%|######3   | 116/184 [00:36<00:18,  3.74it/s]
accuracy: 0.9456, accuracy3: 1.0000, loss: 0.2200 ||:  64%|######3   | 117/184 [00:36<00:18,  3.66it/s]
accuracy: 0.9457, accuracy3: 1.0000, loss: 0.2193 ||:  64%|######4   | 118/184 [00:37<00:19,  3.37it/s]
accuracy: 0.9457, accuracy3: 1.0000, loss: 0.2192 ||:  65%|######4   | 119/184 [00:37<00:21,  3.02it/s]
accuracy: 0.9457, accuracy3: 1.0000, loss: 0.2187 ||:  65%|######5   | 120/184 [00:37<00:21,  2.95it/s]
accuracy: 0.9457, accuracy3: 1.0000, loss: 0.2184 ||:  66%|######5   | 121/184 [00:38<00:19,  3.25it/s]
accuracy: 0.9458, accuracy3: 1.0000, loss: 0.2178 ||:  66%|######6   | 122/184 [00:38<00:18,  3.40it/s]
accuracy: 0.9457, accuracy3: 1.0000, loss: 0.2177 ||:  67%|######6   | 123/184 [00:38<00:18,  3.31it/s]
accuracy: 0.9457, accuracy3: 1.0000, loss: 0.2172 ||:  67%|######7   | 124/184 [00:38<00:17,  3.45it/s]
accuracy: 0.9457, accuracy3: 1.0000, loss: 0.2167 ||:  68%|######7   | 125/184 [00:39<00:16,  3.54it/s]
accuracy: 0.9458, accuracy3: 1.0000, loss: 0.2161 ||:  68%|######8   | 126/184 [00:39<00:15,  3.84it/s]
accuracy: 0.9459, accuracy3: 1.0000, loss: 0.2155 ||:  69%|######9   | 127/184 [00:39<00:15,  3.78it/s]
accuracy: 0.9458, accuracy3: 1.0000, loss: 0.2152 ||:  70%|######9   | 128/184 [00:39<00:14,  3.88it/s]
accuracy: 0.9459, accuracy3: 1.0000, loss: 0.2147 ||:  70%|#######   | 129/184 [00:40<00:14,  3.71it/s]
accuracy: 0.9460, accuracy3: 1.0000, loss: 0.2141 ||:  71%|#######   | 130/184 [00:40<00:16,  3.25it/s]
accuracy: 0.9461, accuracy3: 1.0000, loss: 0.2137 ||:  71%|#######1  | 131/184 [00:40<00:15,  3.48it/s]
accuracy: 0.9460, accuracy3: 1.0000, loss: 0.2132 ||:  72%|#######1  | 132/184 [00:41<00:16,  3.20it/s]
accuracy: 0.9460, accuracy3: 1.0000, loss: 0.2127 ||:  72%|#######2  | 133/184 [00:41<00:16,  3.15it/s]
accuracy: 0.9462, accuracy3: 1.0000, loss: 0.2122 ||:  73%|#######2  | 134/184 [00:41<00:14,  3.35it/s]
accuracy: 0.9462, accuracy3: 1.0000, loss: 0.2118 ||:  73%|#######3  | 135/184 [00:42<00:16,  2.99it/s]
accuracy: 0.9463, accuracy3: 1.0000, loss: 0.2112 ||:  74%|#######3  | 136/184 [00:42<00:15,  3.08it/s]
accuracy: 0.9463, accuracy3: 1.0000, loss: 0.2107 ||:  74%|#######4  | 137/184 [00:42<00:14,  3.23it/s]
accuracy: 0.9464, accuracy3: 1.0000, loss: 0.2102 ||:  75%|#######5  | 138/184 [00:43<00:13,  3.33it/s]
accuracy: 0.9464, accuracy3: 1.0000, loss: 0.2099 ||:  76%|#######5  | 139/184 [00:43<00:15,  2.95it/s]
accuracy: 0.9464, accuracy3: 1.0000, loss: 0.2095 ||:  76%|#######6  | 140/184 [00:43<00:14,  2.97it/s]
accuracy: 0.9465, accuracy3: 1.0000, loss: 0.2092 ||:  77%|#######6  | 141/184 [00:44<00:13,  3.21it/s]
accuracy: 0.9466, accuracy3: 1.0000, loss: 0.2085 ||:  77%|#######7  | 142/184 [00:44<00:13,  3.16it/s]
accuracy: 0.9465, accuracy3: 1.0000, loss: 0.2084 ||:  78%|#######7  | 143/184 [00:44<00:13,  2.96it/s]
accuracy: 0.9466, accuracy3: 1.0000, loss: 0.2078 ||:  78%|#######8  | 144/184 [00:45<00:12,  3.16it/s]
accuracy: 0.9467, accuracy3: 1.0000, loss: 0.2072 ||:  79%|#######8  | 145/184 [00:45<00:12,  3.18it/s]
accuracy: 0.9467, accuracy3: 1.0000, loss: 0.2069 ||:  79%|#######9  | 146/184 [00:45<00:12,  3.12it/s]
accuracy: 0.9466, accuracy3: 1.0000, loss: 0.2068 ||:  80%|#######9  | 147/184 [00:46<00:11,  3.21it/s]
accuracy: 0.9466, accuracy3: 1.0000, loss: 0.2066 ||:  80%|########  | 148/184 [00:46<00:10,  3.35it/s]
accuracy: 0.9465, accuracy3: 1.0000, loss: 0.2065 ||:  81%|########  | 149/184 [00:46<00:10,  3.36it/s]
accuracy: 0.9465, accuracy3: 1.0000, loss: 0.2063 ||:  82%|########1 | 150/184 [00:46<00:10,  3.28it/s]
accuracy: 0.9464, accuracy3: 1.0000, loss: 0.2060 ||:  82%|########2 | 151/184 [00:47<00:10,  3.21it/s]
accuracy: 0.9464, accuracy3: 1.0000, loss: 0.2058 ||:  83%|########2 | 152/184 [00:47<00:09,  3.33it/s]
accuracy: 0.9463, accuracy3: 1.0000, loss: 0.2057 ||:  83%|########3 | 153/184 [00:47<00:10,  3.06it/s]
accuracy: 0.9462, accuracy3: 1.0000, loss: 0.2056 ||:  84%|########3 | 154/184 [00:48<00:10,  2.95it/s]
accuracy: 0.9462, accuracy3: 1.0000, loss: 0.2054 ||:  84%|########4 | 155/184 [00:48<00:09,  2.97it/s]
accuracy: 0.9463, accuracy3: 1.0000, loss: 0.2051 ||:  85%|########4 | 156/184 [00:48<00:08,  3.28it/s]
accuracy: 0.9463, accuracy3: 1.0000, loss: 0.2047 ||:  85%|########5 | 157/184 [00:49<00:08,  3.36it/s]
accuracy: 0.9464, accuracy3: 1.0000, loss: 0.2042 ||:  86%|########5 | 158/184 [00:49<00:07,  3.44it/s]
accuracy: 0.9463, accuracy3: 1.0000, loss: 0.2039 ||:  86%|########6 | 159/184 [00:49<00:07,  3.46it/s]
accuracy: 0.9465, accuracy3: 1.0000, loss: 0.2034 ||:  87%|########6 | 160/184 [00:49<00:07,  3.41it/s]
accuracy: 0.9465, accuracy3: 1.0000, loss: 0.2031 ||:  88%|########7 | 161/184 [00:50<00:06,  3.30it/s]
accuracy: 0.9465, accuracy3: 1.0000, loss: 0.2026 ||:  88%|########8 | 162/184 [00:50<00:07,  2.93it/s]
accuracy: 0.9465, accuracy3: 1.0000, loss: 0.2025 ||:  89%|########8 | 163/184 [00:51<00:06,  3.05it/s]
accuracy: 0.9465, accuracy3: 1.0000, loss: 0.2022 ||:  89%|########9 | 164/184 [00:51<00:06,  3.16it/s]
accuracy: 0.9463, accuracy3: 1.0000, loss: 0.2020 ||:  90%|########9 | 165/184 [00:51<00:05,  3.35it/s]
accuracy: 0.9463, accuracy3: 1.0000, loss: 0.2019 ||:  90%|######### | 166/184 [00:51<00:05,  3.22it/s]
accuracy: 0.9463, accuracy3: 1.0000, loss: 0.2017 ||:  91%|######### | 167/184 [00:52<00:05,  3.40it/s]
accuracy: 0.9462, accuracy3: 1.0000, loss: 0.2014 ||:  91%|#########1| 168/184 [00:52<00:05,  2.96it/s]
accuracy: 0.9461, accuracy3: 1.0000, loss: 0.2011 ||:  92%|#########1| 169/184 [00:53<00:05,  2.64it/s]
accuracy: 0.9462, accuracy3: 1.0000, loss: 0.2007 ||:  92%|#########2| 170/184 [00:53<00:05,  2.75it/s]
accuracy: 0.9463, accuracy3: 1.0000, loss: 0.2005 ||:  93%|#########2| 171/184 [00:53<00:04,  2.97it/s]
accuracy: 0.9463, accuracy3: 1.0000, loss: 0.2003 ||:  93%|#########3| 172/184 [00:53<00:03,  3.14it/s]
accuracy: 0.9462, accuracy3: 1.0000, loss: 0.2001 ||:  94%|#########4| 173/184 [00:54<00:03,  3.05it/s]
accuracy: 0.9462, accuracy3: 1.0000, loss: 0.1998 ||:  95%|#########4| 174/184 [00:54<00:03,  2.80it/s]
accuracy: 0.9462, accuracy3: 1.0000, loss: 0.1996 ||:  95%|#########5| 175/184 [00:54<00:02,  3.17it/s]
accuracy: 0.9462, accuracy3: 1.0000, loss: 0.1993 ||:  96%|#########5| 176/184 [00:55<00:02,  3.39it/s]
accuracy: 0.9461, accuracy3: 1.0000, loss: 0.1994 ||:  96%|#########6| 177/184 [00:55<00:02,  3.15it/s]
accuracy: 0.9460, accuracy3: 1.0000, loss: 0.1994 ||:  97%|#########6| 178/184 [00:55<00:01,  3.30it/s]
accuracy: 0.9459, accuracy3: 1.0000, loss: 0.1993 ||:  97%|#########7| 179/184 [00:56<00:01,  3.45it/s]
accuracy: 0.9459, accuracy3: 1.0000, loss: 0.1990 ||:  98%|#########7| 180/184 [00:56<00:01,  3.05it/s]
accuracy: 0.9460, accuracy3: 1.0000, loss: 0.1988 ||:  98%|#########8| 181/184 [00:56<00:00,  3.24it/s]
accuracy: 0.9460, accuracy3: 1.0000, loss: 0.1986 ||:  99%|#########8| 182/184 [00:57<00:00,  3.43it/s]
accuracy: 0.9461, accuracy3: 1.0000, loss: 0.1982 ||:  99%|#########9| 183/184 [00:57<00:00,  3.24it/s]
accuracy: 0.9461, accuracy3: 1.0000, loss: 0.1977 ||: 100%|##########| 184/184 [00:57<00:00,  3.62it/s]

  0%|          | 0/98 [00:00<?, ?it/s]
accuracy: 0.9692, accuracy3: 1.0000, loss: 0.1287 ||:   2%|2         | 2/98 [00:00<00:05, 17.63it/s]
accuracy: 0.9640, accuracy3: 1.0000, loss: 0.1292 ||:   5%|5         | 5/98 [00:00<00:05, 18.57it/s]
accuracy: 0.9495, accuracy3: 1.0000, loss: 0.1814 ||:   7%|7         | 7/98 [00:00<00:04, 18.29it/s]
accuracy: 0.9412, accuracy3: 1.0000, loss: 0.2154 ||:  10%|#         | 10/98 [00:00<00:04, 18.48it/s]
accuracy: 0.9374, accuracy3: 1.0000, loss: 0.2170 ||:  12%|#2        | 12/98 [00:00<00:04, 18.28it/s]
accuracy: 0.9324, accuracy3: 1.0000, loss: 0.2258 ||:  15%|#5        | 15/98 [00:00<00:04, 17.67it/s]
accuracy: 0.9307, accuracy3: 1.0000, loss: 0.2233 ||:  17%|#7        | 17/98 [00:00<00:04, 17.94it/s]
accuracy: 0.9304, accuracy3: 1.0000, loss: 0.2240 ||:  20%|##        | 20/98 [00:01<00:04, 18.67it/s]
accuracy: 0.9297, accuracy3: 1.0000, loss: 0.2228 ||:  22%|##2       | 22/98 [00:01<00:04, 18.95it/s]
accuracy: 0.9307, accuracy3: 1.0000, loss: 0.2165 ||:  24%|##4       | 24/98 [00:01<00:03, 18.69it/s]
accuracy: 0.9315, accuracy3: 1.0000, loss: 0.2161 ||:  27%|##6       | 26/98 [00:01<00:04, 17.06it/s]
accuracy: 0.9332, accuracy3: 1.0000, loss: 0.2083 ||:  30%|##9       | 29/98 [00:01<00:03, 18.36it/s]
accuracy: 0.9331, accuracy3: 1.0000, loss: 0.2080 ||:  32%|###1      | 31/98 [00:01<00:03, 18.28it/s]
accuracy: 0.9315, accuracy3: 1.0000, loss: 0.2075 ||:  35%|###4      | 34/98 [00:01<00:03, 18.91it/s]
accuracy: 0.9300, accuracy3: 1.0000, loss: 0.2096 ||:  38%|###7      | 37/98 [00:01<00:03, 19.50it/s]
accuracy: 0.9298, accuracy3: 1.0000, loss: 0.2106 ||:  40%|###9      | 39/98 [00:02<00:03, 18.41it/s]
accuracy: 0.9286, accuracy3: 1.0000, loss: 0.2145 ||:  43%|####2     | 42/98 [00:02<00:03, 18.34it/s]
accuracy: 0.9290, accuracy3: 1.0000, loss: 0.2161 ||:  46%|####5     | 45/98 [00:02<00:02, 18.04it/s]
accuracy: 0.9306, accuracy3: 1.0000, loss: 0.2128 ||:  48%|####7     | 47/98 [00:02<00:02, 17.08it/s]
accuracy: 0.9309, accuracy3: 1.0000, loss: 0.2116 ||:  50%|#####     | 49/98 [00:02<00:02, 17.31it/s]
accuracy: 0.9327, accuracy3: 1.0000, loss: 0.2087 ||:  52%|#####2    | 51/98 [00:02<00:02, 16.78it/s]
accuracy: 0.9339, accuracy3: 1.0000, loss: 0.2073 ||:  54%|#####4    | 53/98 [00:02<00:02, 17.03it/s]
accuracy: 0.9360, accuracy3: 1.0000, loss: 0.2030 ||:  56%|#####6    | 55/98 [00:03<00:02, 16.98it/s]
accuracy: 0.9380, accuracy3: 1.0000, loss: 0.1986 ||:  58%|#####8    | 57/98 [00:03<00:02, 17.17it/s]
accuracy: 0.9366, accuracy3: 1.0000, loss: 0.2011 ||:  60%|######    | 59/98 [00:03<00:02, 16.86it/s]
accuracy: 0.9364, accuracy3: 1.0000, loss: 0.2007 ||:  62%|######2   | 61/98 [00:03<00:02, 17.52it/s]
accuracy: 0.9368, accuracy3: 1.0000, loss: 0.1992 ||:  64%|######4   | 63/98 [00:03<00:02, 17.15it/s]
accuracy: 0.9370, accuracy3: 1.0000, loss: 0.1992 ||:  66%|######6   | 65/98 [00:03<00:01, 17.28it/s]
accuracy: 0.9374, accuracy3: 1.0000, loss: 0.1975 ||:  68%|######8   | 67/98 [00:03<00:01, 17.76it/s]
accuracy: 0.9381, accuracy3: 1.0000, loss: 0.1961 ||:  70%|#######   | 69/98 [00:03<00:01, 16.65it/s]
accuracy: 0.9389, accuracy3: 1.0000, loss: 0.1946 ||:  72%|#######2  | 71/98 [00:03<00:01, 17.48it/s]
accuracy: 0.9397, accuracy3: 1.0000, loss: 0.1925 ||:  76%|#######5  | 74/98 [00:04<00:01, 18.31it/s]
accuracy: 0.9398, accuracy3: 1.0000, loss: 0.1920 ||:  78%|#######7  | 76/98 [00:04<00:01, 17.85it/s]
accuracy: 0.9406, accuracy3: 1.0000, loss: 0.1911 ||:  80%|#######9  | 78/98 [00:04<00:01, 17.27it/s]
accuracy: 0.9396, accuracy3: 1.0000, loss: 0.1946 ||:  82%|########1 | 80/98 [00:04<00:01, 17.34it/s]
accuracy: 0.9397, accuracy3: 1.0000, loss: 0.1945 ||:  85%|########4 | 83/98 [00:04<00:00, 18.27it/s]
accuracy: 0.9404, accuracy3: 1.0000, loss: 0.1930 ||:  87%|########6 | 85/98 [00:04<00:00, 17.85it/s]
accuracy: 0.9395, accuracy3: 1.0000, loss: 0.1960 ||:  89%|########8 | 87/98 [00:04<00:00, 17.72it/s]
accuracy: 0.9386, accuracy3: 1.0000, loss: 0.2000 ||:  91%|######### | 89/98 [00:04<00:00, 16.98it/s]
accuracy: 0.9386, accuracy3: 1.0000, loss: 0.2002 ||:  93%|#########2| 91/98 [00:05<00:00, 17.64it/s]
accuracy: 0.9389, accuracy3: 1.0000, loss: 0.2001 ||:  95%|#########4| 93/98 [00:05<00:00, 17.86it/s]
Traceback (most recent call last):
  File "/usr/lib/python3.6/runpy.py", line 193, in _run_module_as_main
    "__main__", mod_spec)
  File "/usr/lib/python3.6/runpy.py", line 85, in _run_code
    exec(code, run_globals)
  File "/usr/local/lib/python3.6/dist-packages/allennlp/run.py", line 18, in <module>
    main(prog="allennlp")
  File "/usr/local/lib/python3.6/dist-packages/allennlp/commands/__init__.py", line 72, in main
    args.func(args)
  File "/usr/local/lib/python3.6/dist-packages/allennlp/commands/train.py", line 111, in train_model_from_args
    args.force)
  File "/usr/local/lib/python3.6/dist-packages/allennlp/commands/train.py", line 144, in train_model_from_file
    return train_model(params, serialization_dir, file_friendly_logging, recover, force)
  File "/usr/local/lib/python3.6/dist-packages/allennlp/commands/train.py", line 361, in train_model
    metrics = trainer.train()
  File "/usr/local/lib/python3.6/dist-packages/allennlp/training/trainer.py", line 800, in train
    val_loss, num_batches = self._validation_loss()
  File "/usr/local/lib/python3.6/dist-packages/allennlp/training/trainer.py", line 743, in _validation_loss
    for batch in val_generator_tqdm:
  File "/usr/local/lib/python3.6/dist-packages/tqdm/_tqdm.py", line 979, in __iter__
    for obj in iterable:
  File "/usr/local/lib/python3.6/dist-packages/allennlp/data/iterators/data_iterator.py", line 149, in __call__
    padding_lengths = batch.get_padding_lengths()
  File "/usr/local/lib/python3.6/dist-packages/allennlp/data/dataset.py", line 58, in get_padding_lengths
    for instance in self.instances]
  File "/usr/local/lib/python3.6/dist-packages/allennlp/data/dataset.py", line 58, in <listcomp>
    for instance in self.instances]
  File "/usr/local/lib/python3.6/dist-packages/allennlp/data/instance.py", line 81, in get_padding_lengths
    lengths[field_name] = field.get_padding_lengths()
  File "/usr/local/lib/python3.6/dist-packages/allennlp/data/fields/text_field.py", line 97, in get_padding_lengths
    for token in self._indexed_tokens[indexed_tokens_key]]
  File "/usr/local/lib/python3.6/dist-packages/allennlp/data/fields/text_field.py", line 97, in <listcomp>
    for token in self._indexed_tokens[indexed_tokens_key]]
KeyboardInterrupt
