2019-02-25 20:19:52,364 - INFO - allennlp.common.params - evaluate_on_test = False
2019-02-25 20:19:52,364 - INFO - allennlp.common.from_params - instantiating class <class 'allennlp.data.dataset_readers.dataset_reader.DatasetReader'> from params {'mytokenizer': {'type': 'word', 'word_splitter': {'ner': True, 'parse': True, 'pos_tags': True, 'type': 'whitespacy'}}, 'token_indexers': {'dependency_label': {'namespace': 'dependencies', 'type': 'dependency_label'}, 'ner_tag': {'namespace': 'ner', 'type': 'ner_tag'}, 'pos_tag': {'coarse_tags': True, 'namespace': 'pos', 'type': 'pos_tag'}, 'tokens': {'lowercase_tokens': True, 'type': 'single_id'}}, 'type': 'sequence_tagging2', 'word_tag_delimiter': '//'} and extras {}
2019-02-25 20:19:52,364 - INFO - allennlp.common.params - dataset_reader.type = sequence_tagging2
2019-02-25 20:19:52,365 - INFO - allennlp.common.from_params - instantiating class <class 'myallennlp.dataset_readers.sequence_tagging2.SequenceTaggingDatasetReader'> from params {'mytokenizer': {'type': 'word', 'word_splitter': {'ner': True, 'parse': True, 'pos_tags': True, 'type': 'whitespacy'}}, 'token_indexers': {'dependency_label': {'namespace': 'dependencies', 'type': 'dependency_label'}, 'ner_tag': {'namespace': 'ner', 'type': 'ner_tag'}, 'pos_tag': {'coarse_tags': True, 'namespace': 'pos', 'type': 'pos_tag'}, 'tokens': {'lowercase_tokens': True, 'type': 'single_id'}}, 'word_tag_delimiter': '//'} and extras {}
2019-02-25 20:19:52,365 - INFO - allennlp.common.params - dataset_reader.word_tag_delimiter = //
2019-02-25 20:19:52,365 - INFO - allennlp.common.params - dataset_reader.token_delimiter = None
2019-02-25 20:19:52,365 - INFO - allennlp.common.from_params - instantiating class allennlp.data.token_indexers.token_indexer.TokenIndexer from params {'namespace': 'dependencies', 'type': 'dependency_label'} and extras {}
2019-02-25 20:19:52,365 - INFO - allennlp.common.params - dataset_reader.token_indexers.dependency_label.type = dependency_label
2019-02-25 20:19:52,366 - INFO - allennlp.common.from_params - instantiating class allennlp.data.token_indexers.dep_label_indexer.DepLabelIndexer from params {'namespace': 'dependencies'} and extras {}
2019-02-25 20:19:52,366 - INFO - allennlp.common.params - dataset_reader.token_indexers.dependency_label.namespace = dependencies
2019-02-25 20:19:52,366 - INFO - allennlp.common.from_params - instantiating class allennlp.data.token_indexers.token_indexer.TokenIndexer from params {'namespace': 'ner', 'type': 'ner_tag'} and extras {}
2019-02-25 20:19:52,366 - INFO - allennlp.common.params - dataset_reader.token_indexers.ner_tag.type = ner_tag
2019-02-25 20:19:52,366 - INFO - allennlp.common.from_params - instantiating class allennlp.data.token_indexers.ner_tag_indexer.NerTagIndexer from params {'namespace': 'ner'} and extras {}
2019-02-25 20:19:52,367 - INFO - allennlp.common.params - dataset_reader.token_indexers.ner_tag.namespace = ner
2019-02-25 20:19:52,367 - INFO - allennlp.common.from_params - instantiating class allennlp.data.token_indexers.token_indexer.TokenIndexer from params {'coarse_tags': True, 'namespace': 'pos', 'type': 'pos_tag'} and extras {}
2019-02-25 20:19:52,367 - INFO - allennlp.common.params - dataset_reader.token_indexers.pos_tag.type = pos_tag
2019-02-25 20:19:52,367 - INFO - allennlp.common.from_params - instantiating class allennlp.data.token_indexers.pos_tag_indexer.PosTagIndexer from params {'coarse_tags': True, 'namespace': 'pos'} and extras {}
2019-02-25 20:19:52,367 - INFO - allennlp.common.params - dataset_reader.token_indexers.pos_tag.namespace = pos
2019-02-25 20:19:52,367 - INFO - allennlp.common.params - dataset_reader.token_indexers.pos_tag.coarse_tags = True
2019-02-25 20:19:52,368 - INFO - allennlp.common.from_params - instantiating class allennlp.data.token_indexers.token_indexer.TokenIndexer from params {'lowercase_tokens': True, 'type': 'single_id'} and extras {}
2019-02-25 20:19:52,368 - INFO - allennlp.common.params - dataset_reader.token_indexers.tokens.type = single_id
2019-02-25 20:19:52,368 - INFO - allennlp.common.from_params - instantiating class allennlp.data.token_indexers.single_id_token_indexer.SingleIdTokenIndexer from params {'lowercase_tokens': True} and extras {}
2019-02-25 20:19:52,368 - INFO - allennlp.common.params - dataset_reader.token_indexers.tokens.namespace = tokens
2019-02-25 20:19:52,368 - INFO - allennlp.common.params - dataset_reader.token_indexers.tokens.lowercase_tokens = True
2019-02-25 20:19:52,368 - INFO - allennlp.common.params - dataset_reader.token_indexers.tokens.start_tokens = None
2019-02-25 20:19:52,369 - INFO - allennlp.common.params - dataset_reader.token_indexers.tokens.end_tokens = None
2019-02-25 20:19:52,369 - INFO - allennlp.common.params - dataset_reader.lazy = False
2019-02-25 20:19:52,369 - INFO - allennlp.common.from_params - instantiating class <class 'allennlp.data.tokenizers.tokenizer.Tokenizer'> from params {'type': 'word', 'word_splitter': {'ner': True, 'parse': True, 'pos_tags': True, 'type': 'whitespacy'}} and extras {}
2019-02-25 20:19:52,369 - INFO - allennlp.common.params - dataset_reader.mytokenizer.type = word
2019-02-25 20:19:52,369 - INFO - allennlp.common.from_params - instantiating class <class 'allennlp.data.tokenizers.word_tokenizer.WordTokenizer'> from params {'word_splitter': {'ner': True, 'parse': True, 'pos_tags': True, 'type': 'whitespacy'}} and extras {}
2019-02-25 20:19:52,370 - INFO - allennlp.common.from_params - instantiating class <class 'allennlp.data.tokenizers.word_splitter.WordSplitter'> from params {'ner': True, 'parse': True, 'pos_tags': True, 'type': 'whitespacy'} and extras {}
2019-02-25 20:19:52,370 - INFO - allennlp.common.params - dataset_reader.mytokenizer.word_splitter.type = whitespacy
2019-02-25 20:19:52,370 - INFO - allennlp.common.from_params - instantiating class <class 'myallennlp.data.tokenizers.word_splitter.SpacyWordSplitter'> from params {'ner': True, 'parse': True, 'pos_tags': True} and extras {}
2019-02-25 20:19:52,370 - INFO - allennlp.common.params - dataset_reader.mytokenizer.word_splitter.language = en_core_web_sm
2019-02-25 20:19:52,370 - INFO - allennlp.common.params - dataset_reader.mytokenizer.word_splitter.pos_tags = True
2019-02-25 20:19:52,370 - INFO - allennlp.common.params - dataset_reader.mytokenizer.word_splitter.parse = True
2019-02-25 20:19:52,371 - INFO - allennlp.common.params - dataset_reader.mytokenizer.word_splitter.ner = True
2019-02-25 20:19:52,967 - INFO - allennlp.common.params - dataset_reader.mytokenizer.start_tokens = None
2019-02-25 20:19:52,967 - INFO - allennlp.common.params - dataset_reader.mytokenizer.end_tokens = None
2019-02-25 20:19:52,967 - INFO - allennlp.common.params - dataset_reader.use_spacy_directly = False
2019-02-25 20:19:52,967 - INFO - allennlp.common.params - validation_dataset_reader = None
2019-02-25 20:19:52,967 - INFO - allennlp.common.params - train_data_path = ../data/allenTrain.txt
2019-02-25 20:19:52,967 - INFO - allennlp.training.util - Reading training data from ../data/allenTrain.txt
2019-02-25 20:19:52,968 - INFO - myallennlp.dataset_readers.sequence_tagging2 - Reading instances from lines in file at: ../data/allenTrain.txt
2019-02-25 20:32:49,214 - INFO - allennlp.common.params - validation_data_path = ../data/allenDev.txt
2019-02-25 20:32:49,214 - INFO - allennlp.training.util - Reading validation data from ../data/allenDev.txt
2019-02-25 20:32:49,215 - INFO - myallennlp.dataset_readers.sequence_tagging2 - Reading instances from lines in file at: ../data/allenDev.txt
2019-02-25 20:33:15,079 - INFO - allennlp.common.params - test_data_path = None
2019-02-25 20:33:15,079 - INFO - allennlp.training.trainer - From dataset instances, validation, train will be considered for vocabulary creation.
2019-02-25 20:33:15,079 - INFO - allennlp.common.params - vocabulary.type = None
2019-02-25 20:33:15,080 - INFO - allennlp.common.params - vocabulary.extend = False
2019-02-25 20:33:15,080 - INFO - allennlp.common.params - vocabulary.directory_path = None
2019-02-25 20:33:15,080 - INFO - allennlp.common.params - vocabulary.min_count = None
2019-02-25 20:33:15,080 - INFO - allennlp.common.params - vocabulary.max_vocab_size = None
2019-02-25 20:33:15,080 - INFO - allennlp.common.params - vocabulary.non_padded_namespaces = ('*tags', '*labels')
2019-02-25 20:33:15,080 - INFO - allennlp.common.params - vocabulary.min_pretrained_embeddings = None
2019-02-25 20:33:15,080 - INFO - allennlp.common.params - vocabulary.only_include_pretrained_words = False
2019-02-25 20:33:15,080 - INFO - allennlp.common.params - vocabulary.tokens_to_add = None
2019-02-25 20:33:15,081 - INFO - allennlp.data.vocabulary - Fitting token dictionary from dataset.
2019-02-25 20:33:26,723 - INFO - allennlp.common.from_params - instantiating class <class 'allennlp.models.model.Model'> from params {'Ntags0': 90, 'Ntags1': 10, 'do_crossentropy_weighting': True, 'encoder': {'input_dim': 72, 'type': 'pass_through'}, 'text_field_embedder': {'token_embedders': {'dependency_label': {'embedding_dim': 10, 'type': 'embedding', 'vocab_namespace': 'dependencies'}, 'ner_tag': {'embedding_dim': 7, 'type': 'embedding', 'vocab_namespace': 'ner'}, 'pos_tag': {'embedding_dim': 5, 'type': 'embedding', 'vocab_namespace': 'pos'}, 'tokens': {'embedding_dim': 50, 'pretrained_file': '~/src/allennlp/glove/glove.6B.50d.txt.gz', 'trainable': False, 'type': 'embedding'}}}, 'type': 'simple_tagger2'} and extras {'vocab': Vocabulary with namespaces:  dependencies, Size: 47 || ner, Size: 21 || pos, Size: 17 || tokens, Size: 88725 || labels, Size: 2 || Non Padded Namespaces: {'*tags', '*labels'}}
2019-02-25 20:33:26,723 - INFO - allennlp.common.params - model.type = simple_tagger2
2019-02-25 20:33:26,724 - INFO - allennlp.common.from_params - instantiating class <class 'myallennlp.models.simple_tagger2.SimpleTagger2'> from params {'Ntags0': 90, 'Ntags1': 10, 'do_crossentropy_weighting': True, 'encoder': {'input_dim': 72, 'type': 'pass_through'}, 'text_field_embedder': {'token_embedders': {'dependency_label': {'embedding_dim': 10, 'type': 'embedding', 'vocab_namespace': 'dependencies'}, 'ner_tag': {'embedding_dim': 7, 'type': 'embedding', 'vocab_namespace': 'ner'}, 'pos_tag': {'embedding_dim': 5, 'type': 'embedding', 'vocab_namespace': 'pos'}, 'tokens': {'embedding_dim': 50, 'pretrained_file': '~/src/allennlp/glove/glove.6B.50d.txt.gz', 'trainable': False, 'type': 'embedding'}}}} and extras {'vocab': Vocabulary with namespaces:  dependencies, Size: 47 || ner, Size: 21 || pos, Size: 17 || tokens, Size: 88725 || labels, Size: 2 || Non Padded Namespaces: {'*tags', '*labels'}}
2019-02-25 20:33:26,724 - INFO - allennlp.common.from_params - instantiating class <class 'allennlp.modules.text_field_embedders.text_field_embedder.TextFieldEmbedder'> from params {'token_embedders': {'dependency_label': {'embedding_dim': 10, 'type': 'embedding', 'vocab_namespace': 'dependencies'}, 'ner_tag': {'embedding_dim': 7, 'type': 'embedding', 'vocab_namespace': 'ner'}, 'pos_tag': {'embedding_dim': 5, 'type': 'embedding', 'vocab_namespace': 'pos'}, 'tokens': {'embedding_dim': 50, 'pretrained_file': '~/src/allennlp/glove/glove.6B.50d.txt.gz', 'trainable': False, 'type': 'embedding'}}} and extras {'vocab': Vocabulary with namespaces:  dependencies, Size: 47 || ner, Size: 21 || pos, Size: 17 || tokens, Size: 88725 || labels, Size: 2 || Non Padded Namespaces: {'*tags', '*labels'}}
2019-02-25 20:33:26,724 - INFO - allennlp.common.params - model.text_field_embedder.type = basic
2019-02-25 20:33:26,725 - INFO - allennlp.common.params - model.text_field_embedder.embedder_to_indexer_map = None
2019-02-25 20:33:26,725 - INFO - allennlp.common.params - model.text_field_embedder.allow_unmatched_keys = False
2019-02-25 20:33:26,725 - INFO - allennlp.common.from_params - instantiating class <class 'allennlp.modules.token_embedders.token_embedder.TokenEmbedder'> from params {'embedding_dim': 10, 'type': 'embedding', 'vocab_namespace': 'dependencies'} and extras {'vocab': Vocabulary with namespaces:  dependencies, Size: 47 || ner, Size: 21 || pos, Size: 17 || tokens, Size: 88725 || labels, Size: 2 || Non Padded Namespaces: {'*tags', '*labels'}}
2019-02-25 20:33:26,725 - INFO - allennlp.common.params - model.text_field_embedder.token_embedders.dependency_label.type = embedding
2019-02-25 20:33:26,725 - INFO - allennlp.common.params - model.text_field_embedder.token_embedders.dependency_label.num_embeddings = None
2019-02-25 20:33:26,725 - INFO - allennlp.common.params - model.text_field_embedder.token_embedders.dependency_label.vocab_namespace = dependencies
2019-02-25 20:33:26,725 - INFO - allennlp.common.params - model.text_field_embedder.token_embedders.dependency_label.embedding_dim = 10
2019-02-25 20:33:26,726 - INFO - allennlp.common.params - model.text_field_embedder.token_embedders.dependency_label.pretrained_file = None
2019-02-25 20:33:26,726 - INFO - allennlp.common.params - model.text_field_embedder.token_embedders.dependency_label.projection_dim = None
2019-02-25 20:33:26,726 - INFO - allennlp.common.params - model.text_field_embedder.token_embedders.dependency_label.trainable = True
2019-02-25 20:33:26,726 - INFO - allennlp.common.params - model.text_field_embedder.token_embedders.dependency_label.padding_index = None
2019-02-25 20:33:26,726 - INFO - allennlp.common.params - model.text_field_embedder.token_embedders.dependency_label.max_norm = None
2019-02-25 20:33:26,726 - INFO - allennlp.common.params - model.text_field_embedder.token_embedders.dependency_label.norm_type = 2.0
2019-02-25 20:33:26,726 - INFO - allennlp.common.params - model.text_field_embedder.token_embedders.dependency_label.scale_grad_by_freq = False
2019-02-25 20:33:26,726 - INFO - allennlp.common.params - model.text_field_embedder.token_embedders.dependency_label.sparse = False
2019-02-25 20:33:26,757 - INFO - allennlp.common.from_params - instantiating class <class 'allennlp.modules.token_embedders.token_embedder.TokenEmbedder'> from params {'embedding_dim': 7, 'type': 'embedding', 'vocab_namespace': 'ner'} and extras {'vocab': Vocabulary with namespaces:  dependencies, Size: 47 || ner, Size: 21 || pos, Size: 17 || tokens, Size: 88725 || labels, Size: 2 || Non Padded Namespaces: {'*tags', '*labels'}}
2019-02-25 20:33:26,757 - INFO - allennlp.common.params - model.text_field_embedder.token_embedders.ner_tag.type = embedding
2019-02-25 20:33:26,757 - INFO - allennlp.common.params - model.text_field_embedder.token_embedders.ner_tag.num_embeddings = None
2019-02-25 20:33:26,757 - INFO - allennlp.common.params - model.text_field_embedder.token_embedders.ner_tag.vocab_namespace = ner
2019-02-25 20:33:26,758 - INFO - allennlp.common.params - model.text_field_embedder.token_embedders.ner_tag.embedding_dim = 7
2019-02-25 20:33:26,758 - INFO - allennlp.common.params - model.text_field_embedder.token_embedders.ner_tag.pretrained_file = None
2019-02-25 20:33:26,758 - INFO - allennlp.common.params - model.text_field_embedder.token_embedders.ner_tag.projection_dim = None
2019-02-25 20:33:26,758 - INFO - allennlp.common.params - model.text_field_embedder.token_embedders.ner_tag.trainable = True
2019-02-25 20:33:26,758 - INFO - allennlp.common.params - model.text_field_embedder.token_embedders.ner_tag.padding_index = None
2019-02-25 20:33:26,758 - INFO - allennlp.common.params - model.text_field_embedder.token_embedders.ner_tag.max_norm = None
2019-02-25 20:33:26,758 - INFO - allennlp.common.params - model.text_field_embedder.token_embedders.ner_tag.norm_type = 2.0
2019-02-25 20:33:26,758 - INFO - allennlp.common.params - model.text_field_embedder.token_embedders.ner_tag.scale_grad_by_freq = False
2019-02-25 20:33:26,758 - INFO - allennlp.common.params - model.text_field_embedder.token_embedders.ner_tag.sparse = False
2019-02-25 20:33:26,759 - INFO - allennlp.common.from_params - instantiating class <class 'allennlp.modules.token_embedders.token_embedder.TokenEmbedder'> from params {'embedding_dim': 5, 'type': 'embedding', 'vocab_namespace': 'pos'} and extras {'vocab': Vocabulary with namespaces:  dependencies, Size: 47 || ner, Size: 21 || pos, Size: 17 || tokens, Size: 88725 || labels, Size: 2 || Non Padded Namespaces: {'*tags', '*labels'}}
2019-02-25 20:33:26,759 - INFO - allennlp.common.params - model.text_field_embedder.token_embedders.pos_tag.type = embedding
2019-02-25 20:33:26,759 - INFO - allennlp.common.params - model.text_field_embedder.token_embedders.pos_tag.num_embeddings = None
2019-02-25 20:33:26,759 - INFO - allennlp.common.params - model.text_field_embedder.token_embedders.pos_tag.vocab_namespace = pos
2019-02-25 20:33:26,759 - INFO - allennlp.common.params - model.text_field_embedder.token_embedders.pos_tag.embedding_dim = 5
2019-02-25 20:33:26,760 - INFO - allennlp.common.params - model.text_field_embedder.token_embedders.pos_tag.pretrained_file = None
2019-02-25 20:33:26,760 - INFO - allennlp.common.params - model.text_field_embedder.token_embedders.pos_tag.projection_dim = None
2019-02-25 20:33:26,760 - INFO - allennlp.common.params - model.text_field_embedder.token_embedders.pos_tag.trainable = True
2019-02-25 20:33:26,760 - INFO - allennlp.common.params - model.text_field_embedder.token_embedders.pos_tag.padding_index = None
2019-02-25 20:33:26,760 - INFO - allennlp.common.params - model.text_field_embedder.token_embedders.pos_tag.max_norm = None
2019-02-25 20:33:26,760 - INFO - allennlp.common.params - model.text_field_embedder.token_embedders.pos_tag.norm_type = 2.0
2019-02-25 20:33:26,760 - INFO - allennlp.common.params - model.text_field_embedder.token_embedders.pos_tag.scale_grad_by_freq = False
2019-02-25 20:33:26,760 - INFO - allennlp.common.params - model.text_field_embedder.token_embedders.pos_tag.sparse = False
2019-02-25 20:33:26,761 - INFO - allennlp.common.from_params - instantiating class <class 'allennlp.modules.token_embedders.token_embedder.TokenEmbedder'> from params {'embedding_dim': 50, 'pretrained_file': '~/src/allennlp/glove/glove.6B.50d.txt.gz', 'trainable': False, 'type': 'embedding'} and extras {'vocab': Vocabulary with namespaces:  dependencies, Size: 47 || ner, Size: 21 || pos, Size: 17 || tokens, Size: 88725 || labels, Size: 2 || Non Padded Namespaces: {'*tags', '*labels'}}
2019-02-25 20:33:26,761 - INFO - allennlp.common.params - model.text_field_embedder.token_embedders.tokens.type = embedding
2019-02-25 20:33:26,761 - INFO - allennlp.common.params - model.text_field_embedder.token_embedders.tokens.num_embeddings = None
2019-02-25 20:33:26,761 - INFO - allennlp.common.params - model.text_field_embedder.token_embedders.tokens.vocab_namespace = tokens
2019-02-25 20:33:26,761 - INFO - allennlp.common.params - model.text_field_embedder.token_embedders.tokens.embedding_dim = 50
2019-02-25 20:33:26,761 - INFO - allennlp.common.params - model.text_field_embedder.token_embedders.tokens.pretrained_file = ~/src/allennlp/glove/glove.6B.50d.txt.gz
2019-02-25 20:33:26,761 - INFO - allennlp.common.params - model.text_field_embedder.token_embedders.tokens.projection_dim = None
2019-02-25 20:33:26,761 - INFO - allennlp.common.params - model.text_field_embedder.token_embedders.tokens.trainable = False
2019-02-25 20:33:26,762 - INFO - allennlp.common.params - model.text_field_embedder.token_embedders.tokens.padding_index = None
2019-02-25 20:33:26,762 - INFO - allennlp.common.params - model.text_field_embedder.token_embedders.tokens.max_norm = None
2019-02-25 20:33:26,762 - INFO - allennlp.common.params - model.text_field_embedder.token_embedders.tokens.norm_type = 2.0
2019-02-25 20:33:26,762 - INFO - allennlp.common.params - model.text_field_embedder.token_embedders.tokens.scale_grad_by_freq = False
2019-02-25 20:33:26,762 - INFO - allennlp.common.params - model.text_field_embedder.token_embedders.tokens.sparse = False
2019-02-25 20:33:26,771 - INFO - allennlp.modules.token_embedders.embedding - Reading pretrained embeddings from file
2019-02-25 20:33:30,386 - INFO - allennlp.modules.token_embedders.embedding - Initializing pre-trained embedding layer
2019-02-25 20:33:30,964 - INFO - allennlp.modules.token_embedders.embedding - Pretrained embeddings were found for 69081 out of 88725 tokens
2019-02-25 20:33:30,984 - INFO - allennlp.common.from_params - instantiating class <class 'allennlp.modules.seq2seq_encoders.seq2seq_encoder.Seq2SeqEncoder'> from params {'input_dim': 72, 'type': 'pass_through'} and extras {'vocab': Vocabulary with namespaces:  dependencies, Size: 47 || ner, Size: 21 || pos, Size: 17 || tokens, Size: 88725 || labels, Size: 2 || Non Padded Namespaces: {'*tags', '*labels'}}
2019-02-25 20:33:30,985 - INFO - allennlp.common.params - model.encoder.type = pass_through
2019-02-25 20:33:30,985 - INFO - allennlp.common.from_params - instantiating class <class 'allennlp.modules.seq2seq_encoders.pass_through_encoder.PassThroughEncoder'> from params {'input_dim': 72} and extras {'vocab': Vocabulary with namespaces:  dependencies, Size: 47 || ner, Size: 21 || pos, Size: 17 || tokens, Size: 88725 || labels, Size: 2 || Non Padded Namespaces: {'*tags', '*labels'}}
2019-02-25 20:33:30,985 - INFO - allennlp.common.params - model.encoder.input_dim = 72
2019-02-25 20:33:30,985 - INFO - allennlp.common.params - model.do_crossentropy_weighting = True
2019-02-25 20:33:30,985 - INFO - allennlp.common.params - model.Ntags0 = 90
2019-02-25 20:33:30,985 - INFO - allennlp.common.params - model.Ntags1 = 10
2019-02-25 20:33:30,986 - INFO - allennlp.nn.initializers - Initializing parameters
2019-02-25 20:33:30,986 - INFO - allennlp.nn.initializers - Done initializing parameters; the following parameters are using their default initialization from their code
2019-02-25 20:33:30,986 - INFO - allennlp.nn.initializers -    tag_projection_layer._module.bias
2019-02-25 20:33:30,986 - INFO - allennlp.nn.initializers -    tag_projection_layer._module.weight
2019-02-25 20:33:30,986 - INFO - allennlp.nn.initializers -    text_field_embedder.token_embedder_dependency_label.weight
2019-02-25 20:33:30,987 - INFO - allennlp.nn.initializers -    text_field_embedder.token_embedder_ner_tag.weight
2019-02-25 20:33:30,987 - INFO - allennlp.nn.initializers -    text_field_embedder.token_embedder_pos_tag.weight
2019-02-25 20:33:30,987 - INFO - allennlp.nn.initializers -    text_field_embedder.token_embedder_tokens.weight
2019-02-25 20:33:31,237 - INFO - allennlp.common.from_params - instantiating class <class 'allennlp.data.iterators.data_iterator.DataIterator'> from params {'batch_size': 32, 'type': 'basic'} and extras {}
2019-02-25 20:33:31,238 - INFO - allennlp.common.params - iterator.type = basic
2019-02-25 20:33:31,238 - INFO - allennlp.common.from_params - instantiating class <class 'allennlp.data.iterators.basic_iterator.BasicIterator'> from params {'batch_size': 32} and extras {}
2019-02-25 20:33:31,238 - INFO - allennlp.common.params - iterator.batch_size = 32
2019-02-25 20:33:31,238 - INFO - allennlp.common.params - iterator.instances_per_epoch = None
2019-02-25 20:33:31,239 - INFO - allennlp.common.params - iterator.max_instances_in_memory = None
2019-02-25 20:33:31,239 - INFO - allennlp.common.params - iterator.cache_instances = False
2019-02-25 20:33:31,239 - INFO - allennlp.common.params - iterator.track_epoch = False
2019-02-25 20:33:31,239 - INFO - allennlp.common.params - iterator.maximum_samples_per_batch = None
2019-02-25 20:33:31,239 - INFO - allennlp.common.params - validation_iterator = None
2019-02-25 20:33:31,240 - INFO - allennlp.common.params - trainer.no_grad = ()
2019-02-25 20:33:31,240 - INFO - allennlp.training.trainer - Following parameters are Frozen  (without gradient):
2019-02-25 20:33:31,240 - INFO - allennlp.training.trainer - text_field_embedder.token_embedder_tokens.weight
2019-02-25 20:33:31,240 - INFO - allennlp.training.trainer - Following parameters are Tunable (with gradient):
2019-02-25 20:33:31,240 - INFO - allennlp.training.trainer - text_field_embedder.token_embedder_dependency_label.weight
2019-02-25 20:33:31,240 - INFO - allennlp.training.trainer - text_field_embedder.token_embedder_ner_tag.weight
2019-02-25 20:33:31,241 - INFO - allennlp.training.trainer - text_field_embedder.token_embedder_pos_tag.weight
2019-02-25 20:33:31,241 - INFO - allennlp.training.trainer - tag_projection_layer._module.weight
2019-02-25 20:33:31,241 - INFO - allennlp.training.trainer - tag_projection_layer._module.bias
2019-02-25 20:33:31,241 - INFO - allennlp.common.params - trainer.patience = 5
2019-02-25 20:33:31,241 - INFO - allennlp.common.params - trainer.validation_metric = -loss
2019-02-25 20:33:31,241 - INFO - allennlp.common.params - trainer.shuffle = True
2019-02-25 20:33:31,241 - INFO - allennlp.common.params - trainer.num_epochs = 40
2019-02-25 20:33:31,242 - INFO - allennlp.common.params - trainer.cuda_device = 0
2019-02-25 20:33:31,242 - INFO - allennlp.common.params - trainer.grad_norm = None
2019-02-25 20:33:31,242 - INFO - allennlp.common.params - trainer.grad_clipping = None
2019-02-25 20:33:31,242 - INFO - allennlp.common.params - trainer.learning_rate_scheduler = None
2019-02-25 20:33:31,242 - INFO - allennlp.common.params - trainer.momentum_scheduler = None
2019-02-25 20:33:36,337 - INFO - allennlp.common.params - trainer.optimizer = adam
2019-02-25 20:33:36,338 - INFO - allennlp.common.params - parameter_groups = None
2019-02-25 20:33:36,338 - INFO - allennlp.training.optimizers - Number of trainable parameters: 848
2019-02-25 20:33:36,339 - INFO - allennlp.common.params - infer_type_and_cast = True
2019-02-25 20:33:36,339 - INFO - allennlp.common.params - Converting Params object to dict; logging of default values will not occur when dictionary parameters are used subsequently.
2019-02-25 20:33:36,339 - INFO - allennlp.common.params - CURRENTLY DEFINED PARAMETERS: 
2019-02-25 20:33:36,340 - INFO - allennlp.common.params - trainer.num_serialized_models_to_keep = 20
2019-02-25 20:33:36,340 - INFO - allennlp.common.params - trainer.keep_serialized_model_every_num_seconds = None
2019-02-25 20:33:36,340 - INFO - allennlp.common.params - trainer.model_save_interval = None
2019-02-25 20:33:36,340 - INFO - allennlp.common.params - trainer.summary_interval = 100
2019-02-25 20:33:36,340 - INFO - allennlp.common.params - trainer.histogram_interval = None
2019-02-25 20:33:36,340 - INFO - allennlp.common.params - trainer.should_log_parameter_statistics = True
2019-02-25 20:33:36,340 - INFO - allennlp.common.params - trainer.should_log_learning_rate = False
2019-02-25 20:33:36,340 - INFO - allennlp.common.params - trainer.log_batch_size_period = None
2019-02-25 20:33:36,343 - INFO - allennlp.training.trainer - Beginning training.
2019-02-25 20:33:36,343 - INFO - allennlp.training.trainer - Epoch 0/39
2019-02-25 20:33:36,343 - INFO - allennlp.training.trainer - Peak CPU memory usage MB: 5224.512
2019-02-25 20:33:36,515 - INFO - allennlp.training.trainer - GPU 0 memory usage MB: 337
2019-02-25 20:33:36,515 - INFO - allennlp.training.trainer - Training
2019-02-25 20:34:52,275 - INFO - allennlp.training.trainer - Validating
2019-02-25 20:34:53,984 - INFO - allennlp.training.tensorboard_writer -                     Training |  Validation
2019-02-25 20:34:53,984 - INFO - allennlp.training.tensorboard_writer - loss            |     0.380  |     0.450
2019-02-25 20:34:53,985 - INFO - allennlp.training.tensorboard_writer - accuracy3       |     1.000  |     1.000
2019-02-25 20:34:53,985 - INFO - allennlp.training.tensorboard_writer - gpu_0_memory_MB |   337.000  |       N/A
2019-02-25 20:34:53,986 - INFO - allennlp.training.tensorboard_writer - cpu_memory_MB   |  5224.512  |       N/A
2019-02-25 20:34:53,986 - INFO - allennlp.training.tensorboard_writer - accuracy        |     0.894  |     0.893
2019-02-25 20:34:54,021 - INFO - allennlp.training.checkpointer - Best validation performance so far. Copying weights to './model_params/best.th'.
2019-02-25 20:34:54,044 - INFO - allennlp.training.trainer - Epoch duration: 00:01:17
2019-02-25 20:34:54,045 - INFO - allennlp.training.trainer - Estimated training time remaining: 0:50:30
2019-02-25 20:34:54,045 - INFO - allennlp.training.trainer - Epoch 1/39
2019-02-25 20:34:54,045 - INFO - allennlp.training.trainer - Peak CPU memory usage MB: 5477.596
2019-02-25 20:34:54,188 - INFO - allennlp.training.trainer - GPU 0 memory usage MB: 366
2019-02-25 20:34:54,189 - INFO - allennlp.training.trainer - Training
2019-02-25 20:35:48,443 - INFO - allennlp.training.trainer - Validating
2019-02-25 20:35:49,421 - INFO - allennlp.training.tensorboard_writer -                     Training |  Validation
2019-02-25 20:35:49,421 - INFO - allennlp.training.tensorboard_writer - loss            |     0.373  |     0.451
2019-02-25 20:35:49,422 - INFO - allennlp.training.tensorboard_writer - accuracy3       |     1.000  |     1.000
2019-02-25 20:35:49,422 - INFO - allennlp.training.tensorboard_writer - gpu_0_memory_MB |   366.000  |       N/A
2019-02-25 20:35:49,423 - INFO - allennlp.training.tensorboard_writer - cpu_memory_MB   |  5477.596  |       N/A
2019-02-25 20:35:49,423 - INFO - allennlp.training.tensorboard_writer - accuracy        |     0.894  |     0.893
2019-02-25 20:35:49,446 - INFO - allennlp.training.trainer - Epoch duration: 00:00:55
2019-02-25 20:35:49,447 - INFO - allennlp.training.trainer - Estimated training time remaining: 0:42:08
2019-02-25 20:35:49,447 - INFO - allennlp.training.trainer - Epoch 2/39
2019-02-25 20:35:49,447 - INFO - allennlp.training.trainer - Peak CPU memory usage MB: 5478.032
2019-02-25 20:35:49,588 - INFO - allennlp.training.trainer - GPU 0 memory usage MB: 367
2019-02-25 20:35:49,589 - INFO - allennlp.training.trainer - Training
2019-02-25 20:36:44,159 - INFO - allennlp.training.trainer - Validating
2019-02-25 20:36:45,162 - INFO - allennlp.training.tensorboard_writer -                     Training |  Validation
2019-02-25 20:36:45,162 - INFO - allennlp.training.tensorboard_writer - loss            |     0.373  |     0.455
2019-02-25 20:36:45,163 - INFO - allennlp.training.tensorboard_writer - accuracy3       |     1.000  |     1.000
2019-02-25 20:36:45,163 - INFO - allennlp.training.tensorboard_writer - gpu_0_memory_MB |   367.000  |       N/A
2019-02-25 20:36:45,164 - INFO - allennlp.training.tensorboard_writer - cpu_memory_MB   |  5478.032  |       N/A
2019-02-25 20:36:45,165 - INFO - allennlp.training.tensorboard_writer - accuracy        |     0.894  |     0.896
2019-02-25 20:36:45,188 - INFO - allennlp.training.trainer - Epoch duration: 00:00:55
2019-02-25 20:36:45,188 - INFO - allennlp.training.trainer - Estimated training time remaining: 0:38:49
2019-02-25 20:36:45,188 - INFO - allennlp.training.trainer - Epoch 3/39
2019-02-25 20:36:45,189 - INFO - allennlp.training.trainer - Peak CPU memory usage MB: 5478.116
2019-02-25 20:36:45,334 - INFO - allennlp.training.trainer - GPU 0 memory usage MB: 367
2019-02-25 20:36:45,335 - INFO - allennlp.training.trainer - Training
2019-02-25 20:37:39,468 - INFO - allennlp.training.trainer - Validating
2019-02-25 20:37:40,463 - INFO - allennlp.training.tensorboard_writer -                     Training |  Validation
2019-02-25 20:37:40,463 - INFO - allennlp.training.tensorboard_writer - loss            |     0.373  |     0.458
2019-02-25 20:37:40,464 - INFO - allennlp.training.tensorboard_writer - accuracy3       |     1.000  |     1.000
2019-02-25 20:37:40,464 - INFO - allennlp.training.tensorboard_writer - gpu_0_memory_MB |   367.000  |       N/A
2019-02-25 20:37:40,465 - INFO - allennlp.training.tensorboard_writer - cpu_memory_MB   |  5478.116  |       N/A
2019-02-25 20:37:40,465 - INFO - allennlp.training.tensorboard_writer - accuracy        |     0.894  |     0.899
2019-02-25 20:37:40,498 - INFO - allennlp.training.trainer - Epoch duration: 00:00:55
2019-02-25 20:37:40,498 - INFO - allennlp.training.trainer - Estimated training time remaining: 0:36:37
2019-02-25 20:37:40,499 - INFO - allennlp.training.trainer - Epoch 4/39
2019-02-25 20:37:40,499 - INFO - allennlp.training.trainer - Peak CPU memory usage MB: 5478.156
2019-02-25 20:37:40,640 - INFO - allennlp.training.trainer - GPU 0 memory usage MB: 367
2019-02-25 20:37:40,641 - INFO - allennlp.training.trainer - Training
2019-02-25 20:38:35,471 - INFO - allennlp.training.trainer - Validating
2019-02-25 20:38:36,475 - INFO - allennlp.training.tensorboard_writer -                     Training |  Validation
2019-02-25 20:38:36,475 - INFO - allennlp.training.tensorboard_writer - loss            |     0.373  |     0.455
2019-02-25 20:38:36,476 - INFO - allennlp.training.tensorboard_writer - accuracy3       |     1.000  |     1.000
2019-02-25 20:38:36,476 - INFO - allennlp.training.tensorboard_writer - gpu_0_memory_MB |   367.000  |       N/A
2019-02-25 20:38:36,477 - INFO - allennlp.training.tensorboard_writer - cpu_memory_MB   |  5478.156  |       N/A
2019-02-25 20:38:36,477 - INFO - allennlp.training.tensorboard_writer - accuracy        |     0.894  |     0.896
2019-02-25 20:38:36,512 - INFO - allennlp.training.trainer - Epoch duration: 00:00:56
2019-02-25 20:38:36,512 - INFO - allennlp.training.trainer - Estimated training time remaining: 0:35:01
2019-02-25 20:38:36,512 - INFO - allennlp.training.trainer - Epoch 5/39
2019-02-25 20:38:36,513 - INFO - allennlp.training.trainer - Peak CPU memory usage MB: 5478.34
2019-02-25 20:38:36,652 - INFO - allennlp.training.trainer - GPU 0 memory usage MB: 367
2019-02-25 20:38:36,652 - INFO - allennlp.training.trainer - Training
2019-02-25 20:39:31,160 - INFO - allennlp.training.trainer - Validating
2019-02-25 20:39:32,150 - INFO - allennlp.training.trainer - Ran out of patience.  Stopping training.
2019-02-25 20:39:32,150 - INFO - allennlp.training.checkpointer - loading best weights
Token batch process time:
770.0573532581329
Token batch process time:
25.658825397491455
