2019-02-08 01:43:43,296 - INFO - allennlp.common.from_params - instantiating class <class 'allennlp.data.dataset_readers.dataset_reader.DatasetReader'> from params {'token_indexers': {'tokens': {'lowercase_tokens': True, 'type': 'single_id'}}, 'type': 'sequence_tagging', 'word_tag_delimiter': '//'} and extras {}
2019-02-08 01:43:43,297 - INFO - allennlp.common.params - dataset_reader.type = sequence_tagging
2019-02-08 01:43:43,297 - INFO - allennlp.common.from_params - instantiating class <class 'allennlp.data.dataset_readers.sequence_tagging.SequenceTaggingDatasetReader'> from params {'token_indexers': {'tokens': {'lowercase_tokens': True, 'type': 'single_id'}}, 'word_tag_delimiter': '//'} and extras {}
2019-02-08 01:43:43,297 - INFO - allennlp.common.params - dataset_reader.word_tag_delimiter = //
2019-02-08 01:43:43,297 - INFO - allennlp.common.params - dataset_reader.token_delimiter = None
2019-02-08 01:43:43,297 - INFO - allennlp.common.from_params - instantiating class allennlp.data.token_indexers.token_indexer.TokenIndexer from params {'lowercase_tokens': True, 'type': 'single_id'} and extras {}
2019-02-08 01:43:43,297 - INFO - allennlp.common.params - dataset_reader.token_indexers.tokens.type = single_id
2019-02-08 01:43:43,298 - INFO - allennlp.common.from_params - instantiating class allennlp.data.token_indexers.single_id_token_indexer.SingleIdTokenIndexer from params {'lowercase_tokens': True} and extras {}
2019-02-08 01:43:43,298 - INFO - allennlp.common.params - dataset_reader.token_indexers.tokens.namespace = tokens
2019-02-08 01:43:43,298 - INFO - allennlp.common.params - dataset_reader.token_indexers.tokens.lowercase_tokens = True
2019-02-08 01:43:43,298 - INFO - allennlp.common.params - dataset_reader.token_indexers.tokens.start_tokens = None
2019-02-08 01:43:43,298 - INFO - allennlp.common.params - dataset_reader.token_indexers.tokens.end_tokens = None
2019-02-08 01:43:43,298 - INFO - allennlp.common.params - dataset_reader.lazy = False
2019-02-08 01:43:43,298 - INFO - allennlp.common.params - validation_dataset_reader = None
2019-02-08 01:43:43,298 - INFO - allennlp.common.params - train_data_path = ../data/allenTrain.txt
2019-02-08 01:43:43,298 - INFO - allennlp.commands.train - Reading training data from ../data/allenTrain.txt
2019-02-08 01:43:43,299 - INFO - allennlp.data.dataset_readers.sequence_tagging - Reading instances from lines in file at: ../data/allenTrain.txt
2019-02-08 01:43:44,666 - INFO - allennlp.common.params - validation_data_path = ../data/allenDev.txt
2019-02-08 01:43:44,666 - INFO - allennlp.commands.train - Reading validation data from ../data/allenDev.txt
2019-02-08 01:43:44,667 - INFO - allennlp.data.dataset_readers.sequence_tagging - Reading instances from lines in file at: ../data/allenDev.txt
2019-02-08 01:43:44,921 - INFO - allennlp.common.params - test_data_path = None
2019-02-08 01:43:44,921 - INFO - allennlp.commands.train - From dataset instances, validation, train will be considered for vocabulary creation.
2019-02-08 01:43:44,921 - INFO - allennlp.common.params - vocabulary.type = None
2019-02-08 01:43:44,921 - INFO - allennlp.common.params - vocabulary.extend = False
2019-02-08 01:43:44,921 - INFO - allennlp.common.params - vocabulary.directory_path = None
2019-02-08 01:43:44,922 - INFO - allennlp.common.params - vocabulary.min_count = None
2019-02-08 01:43:44,922 - INFO - allennlp.common.params - vocabulary.max_vocab_size = None
2019-02-08 01:43:44,922 - INFO - allennlp.common.params - vocabulary.non_padded_namespaces = ('*tags', '*labels')
2019-02-08 01:43:44,922 - INFO - allennlp.common.params - vocabulary.min_pretrained_embeddings = None
2019-02-08 01:43:44,922 - INFO - allennlp.common.params - vocabulary.only_include_pretrained_words = False
2019-02-08 01:43:44,922 - INFO - allennlp.common.params - vocabulary.tokens_to_add = None
2019-02-08 01:43:44,922 - INFO - allennlp.data.vocabulary - Fitting token dictionary from dataset.
2019-02-08 01:43:45,689 - INFO - allennlp.common.from_params - instantiating class <class 'allennlp.models.model.Model'> from params {'encoder': {'bidirectional': True, 'dropout': 0.5, 'hidden_size': 50, 'input_size': 50, 'num_layers': 2, 'type': 'lstm'}, 'text_field_embedder': {'token_embedders': {'tokens': {'embedding_dim': 50, 'pretrained_file': '~/src/allennlp/glove/glove.6B.50d.txt.gz', 'trainable': False, 'type': 'embedding'}}}, 'type': 'simple_tagger2'} and extras {'vocab': Vocabulary with namespaces:  tokens, Size: 25548 || labels, Size: 2 || Non Padded Namespaces: {'*labels', '*tags'}}
2019-02-08 01:43:45,689 - INFO - allennlp.common.params - model.type = simple_tagger2
2019-02-08 01:43:45,690 - INFO - allennlp.common.from_params - instantiating class <class 'myallennlp.models.simple_tagger2.SimpleTagger2'> from params {'encoder': {'bidirectional': True, 'dropout': 0.5, 'hidden_size': 50, 'input_size': 50, 'num_layers': 2, 'type': 'lstm'}, 'text_field_embedder': {'token_embedders': {'tokens': {'embedding_dim': 50, 'pretrained_file': '~/src/allennlp/glove/glove.6B.50d.txt.gz', 'trainable': False, 'type': 'embedding'}}}} and extras {'vocab': Vocabulary with namespaces:  tokens, Size: 25548 || labels, Size: 2 || Non Padded Namespaces: {'*labels', '*tags'}}
2019-02-08 01:43:45,690 - INFO - allennlp.common.from_params - instantiating class <class 'allennlp.modules.text_field_embedders.text_field_embedder.TextFieldEmbedder'> from params {'token_embedders': {'tokens': {'embedding_dim': 50, 'pretrained_file': '~/src/allennlp/glove/glove.6B.50d.txt.gz', 'trainable': False, 'type': 'embedding'}}} and extras {'vocab': Vocabulary with namespaces:  tokens, Size: 25548 || labels, Size: 2 || Non Padded Namespaces: {'*labels', '*tags'}}
2019-02-08 01:43:45,690 - INFO - allennlp.common.params - model.text_field_embedder.type = basic
2019-02-08 01:43:45,690 - INFO - allennlp.common.params - model.text_field_embedder.embedder_to_indexer_map = None
2019-02-08 01:43:45,690 - INFO - allennlp.common.params - model.text_field_embedder.allow_unmatched_keys = False
2019-02-08 01:43:45,691 - INFO - allennlp.common.from_params - instantiating class <class 'allennlp.modules.token_embedders.token_embedder.TokenEmbedder'> from params {'embedding_dim': 50, 'pretrained_file': '~/src/allennlp/glove/glove.6B.50d.txt.gz', 'trainable': False, 'type': 'embedding'} and extras {'vocab': Vocabulary with namespaces:  tokens, Size: 25548 || labels, Size: 2 || Non Padded Namespaces: {'*labels', '*tags'}}
2019-02-08 01:43:45,691 - INFO - allennlp.common.params - model.text_field_embedder.token_embedders.tokens.type = embedding
2019-02-08 01:43:45,691 - INFO - allennlp.common.params - model.text_field_embedder.token_embedders.tokens.num_embeddings = None
2019-02-08 01:43:45,691 - INFO - allennlp.common.params - model.text_field_embedder.token_embedders.tokens.vocab_namespace = tokens
2019-02-08 01:43:45,691 - INFO - allennlp.common.params - model.text_field_embedder.token_embedders.tokens.embedding_dim = 50
2019-02-08 01:43:45,691 - INFO - allennlp.common.params - model.text_field_embedder.token_embedders.tokens.pretrained_file = ~/src/allennlp/glove/glove.6B.50d.txt.gz
2019-02-08 01:43:45,691 - INFO - allennlp.common.params - model.text_field_embedder.token_embedders.tokens.projection_dim = None
2019-02-08 01:43:45,692 - INFO - allennlp.common.params - model.text_field_embedder.token_embedders.tokens.trainable = False
2019-02-08 01:43:45,692 - INFO - allennlp.common.params - model.text_field_embedder.token_embedders.tokens.padding_index = None
2019-02-08 01:43:45,692 - INFO - allennlp.common.params - model.text_field_embedder.token_embedders.tokens.max_norm = None
2019-02-08 01:43:45,692 - INFO - allennlp.common.params - model.text_field_embedder.token_embedders.tokens.norm_type = 2.0
2019-02-08 01:43:45,692 - INFO - allennlp.common.params - model.text_field_embedder.token_embedders.tokens.scale_grad_by_freq = False
2019-02-08 01:43:45,692 - INFO - allennlp.common.params - model.text_field_embedder.token_embedders.tokens.sparse = False
2019-02-08 01:43:45,695 - INFO - allennlp.modules.token_embedders.embedding - Reading pretrained embeddings from file
2019-02-08 01:43:48,451 - INFO - allennlp.modules.token_embedders.embedding - Initializing pre-trained embedding layer
2019-02-08 01:43:48,627 - INFO - allennlp.modules.token_embedders.embedding - Pretrained embeddings were found for 23257 out of 25548 tokens
2019-02-08 01:43:48,633 - INFO - allennlp.common.from_params - instantiating class <class 'allennlp.modules.seq2seq_encoders.seq2seq_encoder.Seq2SeqEncoder'> from params {'bidirectional': True, 'dropout': 0.5, 'hidden_size': 50, 'input_size': 50, 'num_layers': 2, 'type': 'lstm'} and extras {'vocab': Vocabulary with namespaces:  tokens, Size: 25548 || labels, Size: 2 || Non Padded Namespaces: {'*labels', '*tags'}}
2019-02-08 01:43:48,633 - INFO - allennlp.common.params - model.encoder.type = lstm
2019-02-08 01:43:48,633 - INFO - allennlp.common.params - model.encoder.batch_first = True
2019-02-08 01:43:48,633 - INFO - allennlp.common.params - model.encoder.stateful = False
2019-02-08 01:43:48,633 - INFO - allennlp.common.params - Converting Params object to dict; logging of default values will not occur when dictionary parameters are used subsequently.
2019-02-08 01:43:48,633 - INFO - allennlp.common.params - CURRENTLY DEFINED PARAMETERS: 
2019-02-08 01:43:48,633 - INFO - allennlp.common.params - model.encoder.bidirectional = True
2019-02-08 01:43:48,634 - INFO - allennlp.common.params - model.encoder.dropout = 0.5
2019-02-08 01:43:48,634 - INFO - allennlp.common.params - model.encoder.hidden_size = 50
2019-02-08 01:43:48,634 - INFO - allennlp.common.params - model.encoder.input_size = 50
2019-02-08 01:43:48,634 - INFO - allennlp.common.params - model.encoder.num_layers = 2
2019-02-08 01:43:48,634 - INFO - allennlp.common.params - model.encoder.batch_first = True
2019-02-08 01:43:48,636 - INFO - allennlp.nn.initializers - Initializing parameters
2019-02-08 01:43:48,636 - INFO - allennlp.nn.initializers - Done initializing parameters; the following parameters are using their default initialization from their code
2019-02-08 01:43:48,636 - INFO - allennlp.nn.initializers -    encoder._module.bias_hh_l0
2019-02-08 01:43:48,636 - INFO - allennlp.nn.initializers -    encoder._module.bias_hh_l0_reverse
2019-02-08 01:43:48,637 - INFO - allennlp.nn.initializers -    encoder._module.bias_hh_l1
2019-02-08 01:43:48,637 - INFO - allennlp.nn.initializers -    encoder._module.bias_hh_l1_reverse
2019-02-08 01:43:48,637 - INFO - allennlp.nn.initializers -    encoder._module.bias_ih_l0
2019-02-08 01:43:48,637 - INFO - allennlp.nn.initializers -    encoder._module.bias_ih_l0_reverse
2019-02-08 01:43:48,637 - INFO - allennlp.nn.initializers -    encoder._module.bias_ih_l1
2019-02-08 01:43:48,637 - INFO - allennlp.nn.initializers -    encoder._module.bias_ih_l1_reverse
2019-02-08 01:43:48,637 - INFO - allennlp.nn.initializers -    encoder._module.weight_hh_l0
2019-02-08 01:43:48,637 - INFO - allennlp.nn.initializers -    encoder._module.weight_hh_l0_reverse
2019-02-08 01:43:48,637 - INFO - allennlp.nn.initializers -    encoder._module.weight_hh_l1
2019-02-08 01:43:48,638 - INFO - allennlp.nn.initializers -    encoder._module.weight_hh_l1_reverse
2019-02-08 01:43:48,638 - INFO - allennlp.nn.initializers -    encoder._module.weight_ih_l0
2019-02-08 01:43:48,638 - INFO - allennlp.nn.initializers -    encoder._module.weight_ih_l0_reverse
2019-02-08 01:43:48,638 - INFO - allennlp.nn.initializers -    encoder._module.weight_ih_l1
2019-02-08 01:43:48,638 - INFO - allennlp.nn.initializers -    encoder._module.weight_ih_l1_reverse
2019-02-08 01:43:48,638 - INFO - allennlp.nn.initializers -    tag_projection_layer._module.bias
2019-02-08 01:43:48,638 - INFO - allennlp.nn.initializers -    tag_projection_layer._module.weight
2019-02-08 01:43:48,638 - INFO - allennlp.nn.initializers -    text_field_embedder.token_embedder_tokens.weight
2019-02-08 01:43:48,708 - INFO - allennlp.common.from_params - instantiating class <class 'allennlp.data.iterators.data_iterator.DataIterator'> from params {'batch_size': 32, 'type': 'basic'} and extras {}
2019-02-08 01:43:48,708 - INFO - allennlp.common.params - iterator.type = basic
2019-02-08 01:43:48,708 - INFO - allennlp.common.from_params - instantiating class <class 'allennlp.data.iterators.basic_iterator.BasicIterator'> from params {'batch_size': 32} and extras {}
2019-02-08 01:43:48,708 - INFO - allennlp.common.params - iterator.batch_size = 32
2019-02-08 01:43:48,708 - INFO - allennlp.common.params - iterator.instances_per_epoch = None
2019-02-08 01:43:48,709 - INFO - allennlp.common.params - iterator.max_instances_in_memory = None
2019-02-08 01:43:48,709 - INFO - allennlp.common.params - iterator.cache_instances = False
2019-02-08 01:43:48,709 - INFO - allennlp.common.params - iterator.track_epoch = False
2019-02-08 01:43:48,709 - INFO - allennlp.common.params - iterator.maximum_samples_per_batch = None
2019-02-08 01:43:48,709 - INFO - allennlp.common.params - validation_iterator = None
2019-02-08 01:43:48,709 - INFO - allennlp.common.params - trainer.no_grad = ()
2019-02-08 01:43:48,709 - INFO - allennlp.commands.train - Following parameters are Frozen  (without gradient):
2019-02-08 01:43:48,710 - INFO - allennlp.commands.train - text_field_embedder.token_embedder_tokens.weight
2019-02-08 01:43:48,710 - INFO - allennlp.commands.train - Following parameters are Tunable (with gradient):
2019-02-08 01:43:48,710 - INFO - allennlp.commands.train - encoder._module.weight_ih_l0
2019-02-08 01:43:48,710 - INFO - allennlp.commands.train - encoder._module.weight_hh_l0
2019-02-08 01:43:48,710 - INFO - allennlp.commands.train - encoder._module.bias_ih_l0
2019-02-08 01:43:48,710 - INFO - allennlp.commands.train - encoder._module.bias_hh_l0
2019-02-08 01:43:48,710 - INFO - allennlp.commands.train - encoder._module.weight_ih_l0_reverse
2019-02-08 01:43:48,710 - INFO - allennlp.commands.train - encoder._module.weight_hh_l0_reverse
2019-02-08 01:43:48,710 - INFO - allennlp.commands.train - encoder._module.bias_ih_l0_reverse
2019-02-08 01:43:48,710 - INFO - allennlp.commands.train - encoder._module.bias_hh_l0_reverse
2019-02-08 01:43:48,711 - INFO - allennlp.commands.train - encoder._module.weight_ih_l1
2019-02-08 01:43:48,711 - INFO - allennlp.commands.train - encoder._module.weight_hh_l1
2019-02-08 01:43:48,711 - INFO - allennlp.commands.train - encoder._module.bias_ih_l1
2019-02-08 01:43:48,711 - INFO - allennlp.commands.train - encoder._module.bias_hh_l1
2019-02-08 01:43:48,711 - INFO - allennlp.commands.train - encoder._module.weight_ih_l1_reverse
2019-02-08 01:43:48,711 - INFO - allennlp.commands.train - encoder._module.weight_hh_l1_reverse
2019-02-08 01:43:48,711 - INFO - allennlp.commands.train - encoder._module.bias_ih_l1_reverse
2019-02-08 01:43:48,711 - INFO - allennlp.commands.train - encoder._module.bias_hh_l1_reverse
2019-02-08 01:43:48,711 - INFO - allennlp.commands.train - tag_projection_layer._module.weight
2019-02-08 01:43:48,711 - INFO - allennlp.commands.train - tag_projection_layer._module.bias
2019-02-08 01:43:48,711 - INFO - allennlp.common.params - trainer.type = default
2019-02-08 01:43:48,712 - INFO - allennlp.common.params - trainer.patience = 5
2019-02-08 01:43:48,712 - INFO - allennlp.common.params - trainer.validation_metric = -loss
2019-02-08 01:43:48,712 - INFO - allennlp.common.params - trainer.shuffle = True
2019-02-08 01:43:48,712 - INFO - allennlp.common.params - trainer.num_epochs = 40
2019-02-08 01:43:48,712 - INFO - allennlp.common.params - trainer.cuda_device = 0
2019-02-08 01:43:48,712 - INFO - allennlp.common.params - trainer.grad_norm = None
2019-02-08 01:43:48,712 - INFO - allennlp.common.params - trainer.grad_clipping = None
2019-02-08 01:43:48,712 - INFO - allennlp.common.params - trainer.learning_rate_scheduler = None
2019-02-08 01:43:51,296 - INFO - allennlp.common.params - trainer.optimizer = adam
2019-02-08 01:43:51,296 - INFO - allennlp.common.params - parameter_groups = None
2019-02-08 01:43:51,296 - INFO - allennlp.training.optimizers - Number of trainable parameters: 101802
2019-02-08 01:43:51,297 - INFO - allennlp.common.params - Converting Params object to dict; logging of default values will not occur when dictionary parameters are used subsequently.
2019-02-08 01:43:51,297 - INFO - allennlp.common.params - CURRENTLY DEFINED PARAMETERS: 
2019-02-08 01:43:51,298 - INFO - allennlp.common.params - trainer.num_serialized_models_to_keep = 20
2019-02-08 01:43:51,298 - INFO - allennlp.common.params - trainer.keep_serialized_model_every_num_seconds = None
2019-02-08 01:43:51,298 - INFO - allennlp.common.params - trainer.model_save_interval = None
2019-02-08 01:43:51,298 - INFO - allennlp.common.params - trainer.summary_interval = 100
2019-02-08 01:43:51,298 - INFO - allennlp.common.params - trainer.histogram_interval = None
2019-02-08 01:43:51,298 - INFO - allennlp.common.params - trainer.should_log_parameter_statistics = True
2019-02-08 01:43:51,298 - INFO - allennlp.common.params - trainer.should_log_learning_rate = False
2019-02-08 01:43:51,298 - INFO - allennlp.common.params - trainer.log_batch_size_period = None
2019-02-08 01:43:51,301 - INFO - allennlp.common.params - evaluate_on_test = False
2019-02-08 01:43:51,301 - INFO - allennlp.training.trainer - Beginning training.
2019-02-08 01:43:51,301 - INFO - allennlp.training.trainer - Epoch 0/39
2019-02-08 01:43:51,301 - INFO - allennlp.training.trainer - Peak CPU memory usage MB: 2000.6
2019-02-08 01:43:51,363 - INFO - allennlp.training.trainer - GPU 0 memory usage MB: 324
2019-02-08 01:43:51,363 - INFO - allennlp.training.trainer - Training
2019-02-08 01:44:11,851 - INFO - allennlp.training.trainer - Validating
2019-02-08 01:44:14,420 - INFO - allennlp.training.trainer -                     Training |  Validation
2019-02-08 01:44:14,420 - INFO - allennlp.training.trainer - accuracy        |     0.687  |     0.699
2019-02-08 01:44:14,420 - INFO - allennlp.training.trainer - accuracy3       |     1.000  |     1.000
2019-02-08 01:44:14,421 - INFO - allennlp.training.trainer - cpu_memory_MB   |  2000.600  |       N/A
2019-02-08 01:44:14,421 - INFO - allennlp.training.trainer - loss            |     0.515  |     0.518
2019-02-08 01:44:14,421 - INFO - allennlp.training.trainer - gpu_0_memory_MB |   324.000  |       N/A
2019-02-08 01:44:14,481 - INFO - allennlp.training.trainer - Best validation performance so far. Copying weights to './model_params/best.th'.
2019-02-08 01:44:14,488 - INFO - allennlp.training.trainer - Epoch duration: 00:00:23
2019-02-08 01:44:14,488 - INFO - allennlp.training.trainer - Estimated training time remaining: 0:15:04
2019-02-08 01:44:14,488 - INFO - allennlp.training.trainer - Epoch 1/39
2019-02-08 01:44:14,488 - INFO - allennlp.training.trainer - Peak CPU memory usage MB: 2052.096
2019-02-08 01:44:14,548 - INFO - allennlp.training.trainer - GPU 0 memory usage MB: 359
2019-02-08 01:44:14,549 - INFO - allennlp.training.trainer - Training
2019-02-08 01:44:34,200 - INFO - allennlp.training.trainer - Validating
2019-02-08 01:44:36,536 - INFO - allennlp.training.trainer -                     Training |  Validation
2019-02-08 01:44:36,537 - INFO - allennlp.training.trainer - accuracy        |     0.777  |     0.673
2019-02-08 01:44:36,537 - INFO - allennlp.training.trainer - accuracy3       |     1.000  |     1.000
2019-02-08 01:44:36,538 - INFO - allennlp.training.trainer - cpu_memory_MB   |  2052.096  |       N/A
2019-02-08 01:44:36,538 - INFO - allennlp.training.trainer - loss            |     0.432  |     0.524
2019-02-08 01:44:36,538 - INFO - allennlp.training.trainer - gpu_0_memory_MB |   359.000  |       N/A
2019-02-08 01:44:36,550 - INFO - allennlp.training.trainer - Epoch duration: 00:00:22
2019-02-08 01:44:36,550 - INFO - allennlp.training.trainer - Estimated training time remaining: 0:14:19
2019-02-08 01:44:36,550 - INFO - allennlp.training.trainer - Epoch 2/39
2019-02-08 01:44:36,550 - INFO - allennlp.training.trainer - Peak CPU memory usage MB: 2052.26
2019-02-08 01:44:36,612 - INFO - allennlp.training.trainer - GPU 0 memory usage MB: 359
2019-02-08 01:44:36,613 - INFO - allennlp.training.trainer - Training
2019-02-08 01:44:56,246 - INFO - allennlp.training.trainer - Validating
2019-02-08 01:44:58,605 - INFO - allennlp.training.trainer -                     Training |  Validation
2019-02-08 01:44:58,606 - INFO - allennlp.training.trainer - accuracy        |     0.789  |     0.692
2019-02-08 01:44:58,606 - INFO - allennlp.training.trainer - accuracy3       |     1.000  |     1.000
2019-02-08 01:44:58,606 - INFO - allennlp.training.trainer - cpu_memory_MB   |  2052.260  |       N/A
2019-02-08 01:44:58,606 - INFO - allennlp.training.trainer - loss            |     0.412  |     0.514
2019-02-08 01:44:58,606 - INFO - allennlp.training.trainer - gpu_0_memory_MB |   359.000  |       N/A
2019-02-08 01:44:58,618 - INFO - allennlp.training.trainer - Best validation performance so far. Copying weights to './model_params/best.th'.
2019-02-08 01:44:58,626 - INFO - allennlp.training.trainer - Epoch duration: 00:00:22
2019-02-08 01:44:58,626 - INFO - allennlp.training.trainer - Estimated training time remaining: 0:13:50
2019-02-08 01:44:58,626 - INFO - allennlp.training.trainer - Epoch 3/39
2019-02-08 01:44:58,626 - INFO - allennlp.training.trainer - Peak CPU memory usage MB: 2052.384
2019-02-08 01:44:58,689 - INFO - allennlp.training.trainer - GPU 0 memory usage MB: 365
2019-02-08 01:44:58,690 - INFO - allennlp.training.trainer - Training
2019-02-08 01:45:18,356 - INFO - allennlp.training.trainer - Validating
2019-02-08 01:45:20,818 - INFO - allennlp.training.trainer -                     Training |  Validation
2019-02-08 01:45:20,819 - INFO - allennlp.training.trainer - accuracy        |     0.795  |     0.703
2019-02-08 01:45:20,820 - INFO - allennlp.training.trainer - accuracy3       |     1.000  |     1.000
2019-02-08 01:45:20,820 - INFO - allennlp.training.trainer - cpu_memory_MB   |  2052.384  |       N/A
2019-02-08 01:45:20,820 - INFO - allennlp.training.trainer - loss            |     0.398  |     0.512
2019-02-08 01:45:20,820 - INFO - allennlp.training.trainer - gpu_0_memory_MB |   365.000  |       N/A
2019-02-08 01:45:20,835 - INFO - allennlp.training.trainer - Best validation performance so far. Copying weights to './model_params/best.th'.
2019-02-08 01:45:20,846 - INFO - allennlp.training.trainer - Epoch duration: 00:00:22
2019-02-08 01:45:20,846 - INFO - allennlp.training.trainer - Estimated training time remaining: 0:13:25
2019-02-08 01:45:20,846 - INFO - allennlp.training.trainer - Epoch 4/39
2019-02-08 01:45:20,846 - INFO - allennlp.training.trainer - Peak CPU memory usage MB: 2052.384
2019-02-08 01:45:20,928 - INFO - allennlp.training.trainer - GPU 0 memory usage MB: 365
2019-02-08 01:45:20,929 - INFO - allennlp.training.trainer - Training
2019-02-08 01:45:40,724 - INFO - allennlp.training.trainer - Validating
2019-02-08 01:45:43,089 - INFO - allennlp.training.trainer -                     Training |  Validation
2019-02-08 01:45:43,090 - INFO - allennlp.training.trainer - accuracy        |     0.804  |     0.691
2019-02-08 01:45:43,091 - INFO - allennlp.training.trainer - accuracy3       |     1.000  |     1.000
2019-02-08 01:45:43,091 - INFO - allennlp.training.trainer - cpu_memory_MB   |  2052.384  |       N/A
2019-02-08 01:45:43,091 - INFO - allennlp.training.trainer - loss            |     0.389  |     0.532
2019-02-08 01:45:43,091 - INFO - allennlp.training.trainer - gpu_0_memory_MB |   365.000  |       N/A
2019-02-08 01:45:43,103 - INFO - allennlp.training.trainer - Epoch duration: 00:00:22
2019-02-08 01:45:43,103 - INFO - allennlp.training.trainer - Estimated training time remaining: 0:13:02
2019-02-08 01:45:43,103 - INFO - allennlp.training.trainer - Epoch 5/39
2019-02-08 01:45:43,103 - INFO - allennlp.training.trainer - Peak CPU memory usage MB: 2052.392
2019-02-08 01:45:43,160 - INFO - allennlp.training.trainer - GPU 0 memory usage MB: 365
2019-02-08 01:45:43,160 - INFO - allennlp.training.trainer - Training
2019-02-08 01:46:03,057 - INFO - allennlp.training.trainer - Validating
2019-02-08 01:46:05,419 - INFO - allennlp.training.trainer -                     Training |  Validation
2019-02-08 01:46:05,419 - INFO - allennlp.training.trainer - accuracy        |     0.809  |     0.703
2019-02-08 01:46:05,420 - INFO - allennlp.training.trainer - accuracy3       |     1.000  |     1.000
2019-02-08 01:46:05,420 - INFO - allennlp.training.trainer - cpu_memory_MB   |  2052.392  |       N/A
2019-02-08 01:46:05,420 - INFO - allennlp.training.trainer - loss            |     0.379  |     0.511
2019-02-08 01:46:05,421 - INFO - allennlp.training.trainer - gpu_0_memory_MB |   365.000  |       N/A
2019-02-08 01:46:05,432 - INFO - allennlp.training.trainer - Best validation performance so far. Copying weights to './model_params/best.th'.
2019-02-08 01:46:05,440 - INFO - allennlp.training.trainer - Epoch duration: 00:00:22
2019-02-08 01:46:05,440 - INFO - allennlp.training.trainer - Estimated training time remaining: 0:12:40
2019-02-08 01:46:05,440 - INFO - allennlp.training.trainer - Epoch 6/39
2019-02-08 01:46:05,440 - INFO - allennlp.training.trainer - Peak CPU memory usage MB: 2052.392
2019-02-08 01:46:05,499 - INFO - allennlp.training.trainer - GPU 0 memory usage MB: 365
2019-02-08 01:46:05,500 - INFO - allennlp.training.trainer - Training
2019-02-08 01:46:25,283 - INFO - allennlp.training.trainer - Validating
2019-02-08 01:46:27,624 - INFO - allennlp.training.trainer -                     Training |  Validation
2019-02-08 01:46:27,624 - INFO - allennlp.training.trainer - accuracy        |     0.812  |     0.720
2019-02-08 01:46:27,625 - INFO - allennlp.training.trainer - accuracy3       |     1.000  |     1.000
2019-02-08 01:46:27,626 - INFO - allennlp.training.trainer - cpu_memory_MB   |  2052.392  |       N/A
2019-02-08 01:46:27,626 - INFO - allennlp.training.trainer - loss            |     0.371  |     0.501
2019-02-08 01:46:27,626 - INFO - allennlp.training.trainer - gpu_0_memory_MB |   365.000  |       N/A
2019-02-08 01:46:27,640 - INFO - allennlp.training.trainer - Best validation performance so far. Copying weights to './model_params/best.th'.
2019-02-08 01:46:27,650 - INFO - allennlp.training.trainer - Epoch duration: 00:00:22
2019-02-08 01:46:27,650 - INFO - allennlp.training.trainer - Estimated training time remaining: 0:12:17
2019-02-08 01:46:27,650 - INFO - allennlp.training.trainer - Epoch 7/39
2019-02-08 01:46:27,650 - INFO - allennlp.training.trainer - Peak CPU memory usage MB: 2052.392
2019-02-08 01:46:27,717 - INFO - allennlp.training.trainer - GPU 0 memory usage MB: 365
2019-02-08 01:46:27,717 - INFO - allennlp.training.trainer - Training
2019-02-08 01:46:47,506 - INFO - allennlp.training.trainer - Validating
2019-02-08 01:46:50,117 - INFO - allennlp.training.trainer -                     Training |  Validation
2019-02-08 01:46:50,118 - INFO - allennlp.training.trainer - accuracy        |     0.819  |     0.678
2019-02-08 01:46:50,118 - INFO - allennlp.training.trainer - accuracy3       |     1.000  |     1.000
2019-02-08 01:46:50,118 - INFO - allennlp.training.trainer - cpu_memory_MB   |  2052.392  |       N/A
2019-02-08 01:46:50,119 - INFO - allennlp.training.trainer - loss            |     0.361  |     0.543
2019-02-08 01:46:50,119 - INFO - allennlp.training.trainer - gpu_0_memory_MB |   365.000  |       N/A
2019-02-08 01:46:50,131 - INFO - allennlp.training.trainer - Epoch duration: 00:00:22
2019-02-08 01:46:50,131 - INFO - allennlp.training.trainer - Estimated training time remaining: 0:11:55
2019-02-08 01:46:50,131 - INFO - allennlp.training.trainer - Epoch 8/39
2019-02-08 01:46:50,131 - INFO - allennlp.training.trainer - Peak CPU memory usage MB: 2052.4
2019-02-08 01:46:50,196 - INFO - allennlp.training.trainer - GPU 0 memory usage MB: 365
2019-02-08 01:46:50,196 - INFO - allennlp.training.trainer - Training
2019-02-08 01:47:10,030 - INFO - allennlp.training.trainer - Validating
2019-02-08 01:47:12,372 - INFO - allennlp.training.trainer -                     Training |  Validation
2019-02-08 01:47:12,372 - INFO - allennlp.training.trainer - accuracy        |     0.824  |     0.682
2019-02-08 01:47:12,373 - INFO - allennlp.training.trainer - accuracy3       |     1.000  |     1.000
2019-02-08 01:47:12,373 - INFO - allennlp.training.trainer - cpu_memory_MB   |  2052.400  |       N/A
2019-02-08 01:47:12,373 - INFO - allennlp.training.trainer - loss            |     0.353  |     0.567
2019-02-08 01:47:12,373 - INFO - allennlp.training.trainer - gpu_0_memory_MB |   365.000  |       N/A
2019-02-08 01:47:12,385 - INFO - allennlp.training.trainer - Epoch duration: 00:00:22
2019-02-08 01:47:12,385 - INFO - allennlp.training.trainer - Estimated training time remaining: 0:11:32
2019-02-08 01:47:12,385 - INFO - allennlp.training.trainer - Epoch 9/39
2019-02-08 01:47:12,385 - INFO - allennlp.training.trainer - Peak CPU memory usage MB: 2052.4
2019-02-08 01:47:12,446 - INFO - allennlp.training.trainer - GPU 0 memory usage MB: 365
2019-02-08 01:47:12,447 - INFO - allennlp.training.trainer - Training
2019-02-08 01:47:31,698 - INFO - allennlp.training.trainer - Validating
2019-02-08 01:47:34,025 - INFO - allennlp.training.trainer -                     Training |  Validation
2019-02-08 01:47:34,026 - INFO - allennlp.training.trainer - accuracy        |     0.829  |     0.698
2019-02-08 01:47:34,026 - INFO - allennlp.training.trainer - accuracy3       |     1.000  |     1.000
2019-02-08 01:47:34,026 - INFO - allennlp.training.trainer - cpu_memory_MB   |  2052.400  |       N/A
2019-02-08 01:47:34,027 - INFO - allennlp.training.trainer - loss            |     0.345  |     0.561
2019-02-08 01:47:34,027 - INFO - allennlp.training.trainer - gpu_0_memory_MB |   365.000  |       N/A
2019-02-08 01:47:34,038 - INFO - allennlp.training.trainer - Epoch duration: 00:00:21
2019-02-08 01:47:34,038 - INFO - allennlp.training.trainer - Estimated training time remaining: 0:11:08
2019-02-08 01:47:34,038 - INFO - allennlp.training.trainer - Epoch 10/39
2019-02-08 01:47:34,039 - INFO - allennlp.training.trainer - Peak CPU memory usage MB: 2052.4
2019-02-08 01:47:34,102 - INFO - allennlp.training.trainer - GPU 0 memory usage MB: 365
2019-02-08 01:47:34,102 - INFO - allennlp.training.trainer - Training
2019-02-08 01:47:53,887 - INFO - allennlp.training.trainer - Validating
2019-02-08 01:47:56,232 - INFO - allennlp.training.trainer -                     Training |  Validation
2019-02-08 01:47:56,233 - INFO - allennlp.training.trainer - accuracy        |     0.833  |     0.729
2019-02-08 01:47:56,233 - INFO - allennlp.training.trainer - accuracy3       |     1.000  |     1.000
2019-02-08 01:47:56,233 - INFO - allennlp.training.trainer - cpu_memory_MB   |  2052.400  |       N/A
2019-02-08 01:47:56,233 - INFO - allennlp.training.trainer - loss            |     0.337  |     0.519
2019-02-08 01:47:56,233 - INFO - allennlp.training.trainer - gpu_0_memory_MB |   365.000  |       N/A
2019-02-08 01:47:56,246 - INFO - allennlp.training.trainer - Epoch duration: 00:00:22
2019-02-08 01:47:56,246 - INFO - allennlp.training.trainer - Estimated training time remaining: 0:10:45
2019-02-08 01:47:56,246 - INFO - allennlp.training.trainer - Epoch 11/39
2019-02-08 01:47:56,246 - INFO - allennlp.training.trainer - Peak CPU memory usage MB: 2052.4
2019-02-08 01:47:56,304 - INFO - allennlp.training.trainer - GPU 0 memory usage MB: 365
2019-02-08 01:47:56,305 - INFO - allennlp.training.trainer - Training
2019-02-08 01:48:15,860 - INFO - allennlp.training.trainer - Validating
2019-02-08 01:48:18,237 - INFO - allennlp.training.trainer - Ran out of patience.  Stopping training.
2019-02-08 01:48:18,237 - INFO - allennlp.models.archival - archiving weights and vocabulary to ./model_params/model.tar.gz
2019-02-08 01:48:18,586 - INFO - allennlp.commands.train - Loading the best epoch weights.
2019-02-08 01:48:18,593 - INFO - allennlp.common.util - Metrics: {
  "peak_cpu_memory_MB": 2052.4,
  "peak_gpu_0_memory_MB": 365,
  "training_duration": "00:04:04",
  "training_start_epoch": 0,
  "training_epochs": 10,
  "epoch": 10,
  "training_accuracy": 0.8334487438318523,
  "training_accuracy3": 1.0,
  "training_loss": 0.33699898883645385,
  "training_cpu_memory_MB": 2052.4,
  "training_gpu_0_memory_MB": 365,
  "validation_accuracy": 0.7285712930619485,
  "validation_accuracy3": 1.0,
  "validation_loss": 0.5194441578826126,
  "best_epoch": 6,
  "best_validation_accuracy": 0.720240509000709,
  "best_validation_accuracy3": 1.0,
  "best_validation_loss": 0.501031005565001
}
