0it [00:00, ?it/s]
1it [01:57, 117.32s/it]
452it [01:57, 82.12s/it]
980it [01:57, 57.49s/it]
1507it [01:57, 40.24s/it]
2351it [01:57, 28.17s/it]
2839it [01:57, 19.72s/it]
3438it [01:57, 13.80s/it]
4208it [01:58,  9.66s/it]
4801it [01:58,  6.76s/it]
5803it [01:58,  4.73s/it]
5863it [01:58, 49.59it/s]

0it [00:00, ?it/s]
1it [01:04, 64.19s/it]
1025it [01:04, 44.93s/it]
1996it [01:04, 31.45s/it]
2503it [01:04, 22.02s/it]
3015it [01:04, 15.41s/it]
3112it [01:04, 47.89it/s]

0it [00:00, ?it/s]
661it [00:00, 6604.31it/s]
1405it [00:00, 6833.80it/s]
1854it [00:00, 5836.24it/s]
2249it [00:00, 5100.26it/s]
2670it [00:00, 4724.81it/s]
3096it [00:00, 4573.76it/s]
3498it [00:00, 4387.57it/s]
3906it [00:00, 4289.78it/s]
4312it [00:00, 4180.56it/s]
4713it [00:01, 4094.74it/s]
5159it [00:01, 4150.40it/s]
5574it [00:01, 4148.95it/s]
6050it [00:01, 4314.35it/s]
6500it [00:01, 4307.07it/s]
6969it [00:01, 4383.58it/s]
7448it [00:01, 4496.69it/s]
8193it [00:01, 5103.45it/s]
8975it [00:01, 4925.20it/s]

0it [00:00, ?it/s]
1204it [00:00, 11228.91it/s]
2447it [00:00, 11542.45it/s]
4132it [00:00, 12742.87it/s]
6550it [00:00, 14849.69it/s]
9703it [00:00, 17650.97it/s]
12078it [00:00, 18985.79it/s]
14281it [00:00, 19806.58it/s]
18698it [00:00, 23732.65it/s]
23932it [00:00, 28207.15it/s]
27390it [00:01, 29273.74it/s]
30780it [00:01, 30521.32it/s]
34166it [00:01, 30177.19it/s]
37906it [00:01, 32028.01it/s]
41644it [00:01, 33465.24it/s]
46083it [00:01, 35681.60it/s]
50843it [00:01, 38576.10it/s]
56756it [00:01, 42900.99it/s]
61635it [00:01, 43080.83it/s]
67801it [00:01, 47360.37it/s]
76983it [00:02, 55408.92it/s]
86190it [00:02, 62920.42it/s]
93329it [00:02, 57735.70it/s]
99855it [00:02, 59804.22it/s]
108146it [00:02, 64552.84it/s]
115054it [00:02, 62117.09it/s]
124384it [00:02, 68575.67it/s]
131684it [00:02, 62930.38it/s]
141468it [00:02, 70473.60it/s]
149089it [00:03, 67367.21it/s]
157175it [00:03, 70916.76it/s]
166265it [00:03, 75923.84it/s]
174202it [00:03, 72437.48it/s]
181839it [00:03, 73251.43it/s]
189359it [00:03, 66510.27it/s]
196448it [00:03, 67755.28it/s]
204792it [00:03, 70141.53it/s]
211957it [00:03, 68133.99it/s]
221817it [00:04, 75093.57it/s]
229627it [00:04, 70109.57it/s]
237797it [00:04, 73205.65it/s]
247522it [00:04, 79064.12it/s]
255724it [00:04, 67413.65it/s]
262971it [00:04, 65910.77it/s]
269923it [00:04, 58033.52it/s]
279474it [00:04, 65772.60it/s]
289798it [00:05, 73808.22it/s]
300044it [00:05, 80554.50it/s]
310245it [00:05, 85979.64it/s]
319451it [00:05, 84362.02it/s]
328878it [00:05, 87106.39it/s]
337914it [00:05, 75026.50it/s]
346401it [00:05, 77727.56it/s]
354974it [00:05, 79945.91it/s]
363259it [00:05, 75892.67it/s]
372794it [00:06, 80841.22it/s]
381139it [00:06, 81597.29it/s]
389483it [00:06, 69948.77it/s]
396898it [00:06, 68107.53it/s]
400000it [00:06, 61945.97it/s]

  0%|          | 0/184 [00:00<?, ?it/s]
accuracy: 0.5067, accuracy3: 1.0000, loss: 0.7277 ||:   1%|1         | 2/184 [00:00<00:09, 19.44it/s]
accuracy: 0.5124, accuracy3: 1.0000, loss: 0.7541 ||:   3%|3         | 6/184 [00:00<00:08, 21.93it/s]
accuracy: 0.5885, accuracy3: 1.0000, loss: 0.7399 ||:   7%|6         | 12/184 [00:00<00:06, 26.56it/s]
accuracy: 0.6218, accuracy3: 1.0000, loss: 0.7281 ||:   9%|8         | 16/184 [00:00<00:05, 28.53it/s]
accuracy: 0.6561, accuracy3: 1.0000, loss: 0.7223 ||:  11%|#         | 20/184 [00:00<00:05, 30.91it/s]
accuracy: 0.6877, accuracy3: 1.0000, loss: 0.7143 ||:  14%|#3        | 25/184 [00:00<00:04, 34.90it/s]
accuracy: 0.7099, accuracy3: 1.0000, loss: 0.7119 ||:  16%|#5        | 29/184 [00:00<00:04, 36.16it/s]
accuracy: 0.7345, accuracy3: 1.0000, loss: 0.7046 ||:  19%|#9        | 35/184 [00:00<00:03, 39.26it/s]
accuracy: 0.7514, accuracy3: 1.0000, loss: 0.6969 ||:  22%|##1       | 40/184 [00:01<00:03, 36.76it/s]
accuracy: 0.7635, accuracy3: 1.0000, loss: 0.6937 ||:  24%|##3       | 44/184 [00:01<00:04, 34.56it/s]
accuracy: 0.7764, accuracy3: 1.0000, loss: 0.6895 ||:  27%|##6       | 49/184 [00:01<00:03, 37.02it/s]
accuracy: 0.7858, accuracy3: 1.0000, loss: 0.6864 ||:  29%|##9       | 54/184 [00:01<00:03, 39.39it/s]
accuracy: 0.7951, accuracy3: 1.0000, loss: 0.6799 ||:  32%|###2      | 59/184 [00:01<00:03, 38.74it/s]
accuracy: 0.8065, accuracy3: 1.0000, loss: 0.6740 ||:  36%|###5      | 66/184 [00:01<00:02, 43.33it/s]
accuracy: 0.8128, accuracy3: 1.0000, loss: 0.6695 ||:  39%|###8      | 71/184 [00:01<00:02, 39.92it/s]
accuracy: 0.8188, accuracy3: 1.0000, loss: 0.6665 ||:  41%|####1     | 76/184 [00:01<00:02, 39.30it/s]
accuracy: 0.8255, accuracy3: 1.0000, loss: 0.6610 ||:  45%|####5     | 83/184 [00:02<00:02, 42.39it/s]
accuracy: 0.8297, accuracy3: 1.0000, loss: 0.6584 ||:  48%|####7     | 88/184 [00:02<00:02, 37.85it/s]
accuracy: 0.8339, accuracy3: 1.0000, loss: 0.6552 ||:  51%|#####     | 93/184 [00:02<00:02, 35.12it/s]
accuracy: 0.8372, accuracy3: 1.0000, loss: 0.6530 ||:  53%|#####2    | 97/184 [00:02<00:02, 33.68it/s]
accuracy: 0.8393, accuracy3: 1.0000, loss: 0.6518 ||:  55%|#####4    | 101/184 [00:02<00:02, 31.27it/s]
accuracy: 0.8420, accuracy3: 1.0000, loss: 0.6493 ||:  57%|#####7    | 105/184 [00:02<00:02, 32.99it/s]
accuracy: 0.8452, accuracy3: 1.0000, loss: 0.6473 ||:  60%|#####9    | 110/184 [00:02<00:02, 35.70it/s]
accuracy: 0.8476, accuracy3: 1.0000, loss: 0.6450 ||:  63%|######3   | 116/184 [00:03<00:01, 38.67it/s]
accuracy: 0.8500, accuracy3: 1.0000, loss: 0.6422 ||:  66%|######5   | 121/184 [00:03<00:01, 35.36it/s]
accuracy: 0.8515, accuracy3: 1.0000, loss: 0.6399 ||:  68%|######7   | 125/184 [00:03<00:01, 34.74it/s]
accuracy: 0.8528, accuracy3: 1.0000, loss: 0.6382 ||:  70%|#######   | 129/184 [00:03<00:01, 35.15it/s]
accuracy: 0.8550, accuracy3: 1.0000, loss: 0.6355 ||:  73%|#######2  | 134/184 [00:03<00:01, 38.23it/s]
accuracy: 0.8563, accuracy3: 1.0000, loss: 0.6332 ||:  75%|#######5  | 138/184 [00:03<00:01, 37.48it/s]
accuracy: 0.8578, accuracy3: 1.0000, loss: 0.6309 ||:  77%|#######7  | 142/184 [00:03<00:01, 35.67it/s]
accuracy: 0.8590, accuracy3: 1.0000, loss: 0.6291 ||:  79%|#######9  | 146/184 [00:03<00:01, 35.21it/s]
accuracy: 0.8600, accuracy3: 1.0000, loss: 0.6287 ||:  82%|########1 | 150/184 [00:03<00:00, 35.34it/s]
accuracy: 0.8608, accuracy3: 1.0000, loss: 0.6282 ||:  84%|########3 | 154/184 [00:04<00:00, 32.86it/s]
accuracy: 0.8618, accuracy3: 1.0000, loss: 0.6261 ||:  86%|########5 | 158/184 [00:04<00:00, 34.12it/s]
accuracy: 0.8628, accuracy3: 1.0000, loss: 0.6245 ||:  89%|########8 | 163/184 [00:04<00:00, 35.60it/s]
accuracy: 0.8636, accuracy3: 1.0000, loss: 0.6228 ||:  91%|#########1| 168/184 [00:04<00:00, 35.57it/s]
accuracy: 0.8644, accuracy3: 1.0000, loss: 0.6216 ||:  93%|#########3| 172/184 [00:04<00:00, 33.58it/s]
accuracy: 0.8649, accuracy3: 1.0000, loss: 0.6206 ||:  96%|#########5| 176/184 [00:04<00:00, 33.56it/s]
accuracy: 0.8653, accuracy3: 1.0000, loss: 0.6211 ||:  98%|#########7| 180/184 [00:04<00:00, 32.73it/s]
accuracy: 0.8659, accuracy3: 1.0000, loss: 0.6190 ||: 100%|##########| 184/184 [00:04<00:00, 36.92it/s]

  0%|          | 0/98 [00:00<?, ?it/s]
accuracy: 0.9057, accuracy3: 1.0000, loss: 0.5658 ||:   6%|6         | 6/98 [00:00<00:01, 59.54it/s]
accuracy: 0.9024, accuracy3: 1.0000, loss: 0.6989 ||:  11%|#1        | 11/98 [00:00<00:01, 55.40it/s]
accuracy: 0.8877, accuracy3: 1.0000, loss: 0.6877 ||:  15%|#5        | 15/98 [00:00<00:01, 47.36it/s]
accuracy: 0.8846, accuracy3: 1.0000, loss: 0.6746 ||:  22%|##2       | 22/98 [00:00<00:01, 51.00it/s]
accuracy: 0.8852, accuracy3: 1.0000, loss: 0.6544 ||:  28%|##7       | 27/98 [00:00<00:01, 49.04it/s]
accuracy: 0.8883, accuracy3: 1.0000, loss: 0.6418 ||:  33%|###2      | 32/98 [00:00<00:01, 43.94it/s]
accuracy: 0.8903, accuracy3: 1.0000, loss: 0.6415 ||:  37%|###6      | 36/98 [00:00<00:01, 42.17it/s]
accuracy: 0.8877, accuracy3: 1.0000, loss: 0.6737 ||:  43%|####2     | 42/98 [00:00<00:01, 45.42it/s]
accuracy: 0.8911, accuracy3: 1.0000, loss: 0.6706 ||:  50%|#####     | 49/98 [00:01<00:00, 49.65it/s]
accuracy: 0.8965, accuracy3: 1.0000, loss: 0.6599 ||:  55%|#####5    | 54/98 [00:01<00:00, 48.77it/s]
accuracy: 0.8986, accuracy3: 1.0000, loss: 0.6469 ||:  60%|######    | 59/98 [00:01<00:00, 43.35it/s]
accuracy: 0.8979, accuracy3: 1.0000, loss: 0.6429 ||:  65%|######5   | 64/98 [00:01<00:00, 43.93it/s]
accuracy: 0.8967, accuracy3: 1.0000, loss: 0.6376 ||:  70%|#######   | 69/98 [00:01<00:00, 40.31it/s]
accuracy: 0.8974, accuracy3: 1.0000, loss: 0.6307 ||:  76%|#######5  | 74/98 [00:01<00:00, 39.01it/s]
accuracy: 0.8978, accuracy3: 1.0000, loss: 0.6261 ||:  80%|#######9  | 78/98 [00:01<00:00, 37.03it/s]
accuracy: 0.8981, accuracy3: 1.0000, loss: 0.6315 ||:  84%|########3 | 82/98 [00:01<00:00, 36.76it/s]
accuracy: 0.8996, accuracy3: 1.0000, loss: 0.6286 ||:  88%|########7 | 86/98 [00:01<00:00, 36.55it/s]
accuracy: 0.8990, accuracy3: 1.0000, loss: 0.6369 ||:  92%|#########1| 90/98 [00:02<00:00, 34.62it/s]
accuracy: 0.8999, accuracy3: 1.0000, loss: 0.6359 ||:  96%|#########5| 94/98 [00:02<00:00, 32.95it/s]
accuracy: 0.9001, accuracy3: 1.0000, loss: 0.6319 ||: 100%|##########| 98/98 [00:02<00:00, 42.34it/s]

  0%|          | 0/184 [00:00<?, ?it/s]
accuracy: 0.8843, accuracy3: 1.0000, loss: 0.5618 ||:   2%|2         | 4/184 [00:00<00:04, 39.40it/s]
accuracy: 0.8915, accuracy3: 1.0000, loss: 0.5521 ||:   5%|5         | 10/184 [00:00<00:04, 42.84it/s]
accuracy: 0.8886, accuracy3: 1.0000, loss: 0.5687 ||:   9%|8         | 16/184 [00:00<00:03, 44.10it/s]
accuracy: 0.8916, accuracy3: 1.0000, loss: 0.5623 ||:  12%|#1        | 22/184 [00:00<00:03, 47.44it/s]
accuracy: 0.8907, accuracy3: 1.0000, loss: 0.5619 ||:  15%|#4        | 27/184 [00:00<00:03, 47.53it/s]
accuracy: 0.8880, accuracy3: 1.0000, loss: 0.5692 ||:  20%|##        | 37/184 [00:00<00:02, 55.46it/s]
accuracy: 0.8878, accuracy3: 1.0000, loss: 0.5660 ||:  24%|##4       | 45/184 [00:00<00:02, 58.61it/s]
accuracy: 0.8859, accuracy3: 1.0000, loss: 0.5655 ||:  29%|##9       | 54/184 [00:00<00:02, 64.03it/s]
accuracy: 0.8858, accuracy3: 1.0000, loss: 0.5626 ||:  34%|###4      | 63/184 [00:00<00:01, 69.89it/s]
accuracy: 0.8848, accuracy3: 1.0000, loss: 0.5588 ||:  39%|###9      | 72/184 [00:01<00:01, 73.85it/s]
accuracy: 0.8842, accuracy3: 1.0000, loss: 0.5593 ||:  43%|####3     | 80/184 [00:01<00:01, 69.49it/s]
accuracy: 0.8835, accuracy3: 1.0000, loss: 0.5572 ||:  48%|####7     | 88/184 [00:01<00:01, 60.48it/s]
accuracy: 0.8836, accuracy3: 1.0000, loss: 0.5588 ||:  52%|#####1    | 95/184 [00:01<00:01, 54.52it/s]
accuracy: 0.8832, accuracy3: 1.0000, loss: 0.5593 ||:  55%|#####4    | 101/184 [00:01<00:01, 54.04it/s]
accuracy: 0.8820, accuracy3: 1.0000, loss: 0.5595 ||:  60%|#####9    | 110/184 [00:01<00:01, 60.17it/s]
accuracy: 0.8819, accuracy3: 1.0000, loss: 0.5578 ||:  64%|######3   | 117/184 [00:01<00:01, 59.40it/s]
accuracy: 0.8810, accuracy3: 1.0000, loss: 0.5557 ||:  69%|######9   | 127/184 [00:02<00:00, 66.42it/s]
accuracy: 0.8808, accuracy3: 1.0000, loss: 0.5552 ||:  73%|#######3  | 135/184 [00:02<00:00, 66.38it/s]
accuracy: 0.8799, accuracy3: 1.0000, loss: 0.5529 ||:  78%|#######8  | 144/184 [00:02<00:00, 70.82it/s]
accuracy: 0.8799, accuracy3: 1.0000, loss: 0.5511 ||:  83%|########3 | 153/184 [00:02<00:00, 71.32it/s]
accuracy: 0.8795, accuracy3: 1.0000, loss: 0.5511 ||:  88%|########7 | 161/184 [00:02<00:00, 66.07it/s]
accuracy: 0.8792, accuracy3: 1.0000, loss: 0.5518 ||:  91%|#########1| 168/184 [00:02<00:00, 63.30it/s]
accuracy: 0.8789, accuracy3: 1.0000, loss: 0.5511 ||:  95%|#########5| 175/184 [00:02<00:00, 60.78it/s]
accuracy: 0.8790, accuracy3: 1.0000, loss: 0.5498 ||: 100%|##########| 184/184 [00:02<00:00, 64.65it/s]

  0%|          | 0/98 [00:00<?, ?it/s]
accuracy: 0.8836, accuracy3: 1.0000, loss: 0.6302 ||:   7%|7         | 7/98 [00:00<00:01, 58.34it/s]
accuracy: 0.8769, accuracy3: 1.0000, loss: 0.6991 ||:  19%|#9        | 19/98 [00:00<00:01, 67.88it/s]
accuracy: 0.8706, accuracy3: 1.0000, loss: 0.6450 ||:  31%|###       | 30/98 [00:00<00:00, 75.41it/s]
accuracy: 0.8759, accuracy3: 1.0000, loss: 0.6504 ||:  38%|###7      | 37/98 [00:00<00:00, 72.01it/s]
accuracy: 0.8758, accuracy3: 1.0000, loss: 0.6794 ||:  45%|####4     | 44/98 [00:00<00:00, 65.01it/s]
accuracy: 0.8829, accuracy3: 1.0000, loss: 0.6732 ||:  52%|#####2    | 51/98 [00:00<00:00, 62.34it/s]
accuracy: 0.8904, accuracy3: 1.0000, loss: 0.6501 ||:  58%|#####8    | 57/98 [00:00<00:00, 58.62it/s]
accuracy: 0.8889, accuracy3: 1.0000, loss: 0.6434 ||:  64%|######4   | 63/98 [00:00<00:00, 57.77it/s]
accuracy: 0.8860, accuracy3: 1.0000, loss: 0.6357 ||:  70%|#######   | 69/98 [00:01<00:00, 57.18it/s]
accuracy: 0.8860, accuracy3: 1.0000, loss: 0.6255 ||:  79%|#######8  | 77/98 [00:01<00:00, 61.31it/s]
accuracy: 0.8876, accuracy3: 1.0000, loss: 0.6262 ||:  87%|########6 | 85/98 [00:01<00:00, 64.18it/s]
accuracy: 0.8886, accuracy3: 1.0000, loss: 0.6360 ||:  94%|#########3| 92/98 [00:01<00:00, 62.46it/s]
accuracy: 0.8890, accuracy3: 1.0000, loss: 0.6310 ||: 100%|##########| 98/98 [00:01<00:00, 66.63it/s]

  0%|          | 0/184 [00:00<?, ?it/s]
accuracy: 0.8846, accuracy3: 1.0000, loss: 0.5205 ||:   2%|2         | 4/184 [00:00<00:05, 33.96it/s]
accuracy: 0.8749, accuracy3: 1.0000, loss: 0.5359 ||:   5%|4         | 9/184 [00:00<00:04, 37.48it/s]
accuracy: 0.8738, accuracy3: 1.0000, loss: 0.5360 ||:  10%|9         | 18/184 [00:00<00:03, 45.27it/s]
accuracy: 0.8736, accuracy3: 1.0000, loss: 0.5341 ||:  14%|#4        | 26/184 [00:00<00:03, 51.41it/s]
accuracy: 0.8701, accuracy3: 1.0000, loss: 0.5372 ||:  17%|#7        | 32/184 [00:00<00:03, 48.20it/s]
accuracy: 0.8703, accuracy3: 1.0000, loss: 0.5331 ||:  22%|##1       | 40/184 [00:00<00:02, 54.62it/s]
accuracy: 0.8682, accuracy3: 1.0000, loss: 0.5332 ||:  27%|##7       | 50/184 [00:00<00:02, 62.50it/s]
accuracy: 0.8691, accuracy3: 1.0000, loss: 0.5330 ||:  31%|###       | 57/184 [00:00<00:02, 63.09it/s]
accuracy: 0.8693, accuracy3: 1.0000, loss: 0.5321 ||:  36%|###5      | 66/184 [00:00<00:01, 68.16it/s]
accuracy: 0.8686, accuracy3: 1.0000, loss: 0.5318 ||:  41%|####1     | 76/184 [00:01<00:01, 75.10it/s]
accuracy: 0.8692, accuracy3: 1.0000, loss: 0.5291 ||:  46%|####6     | 85/184 [00:01<00:01, 69.62it/s]
accuracy: 0.8698, accuracy3: 1.0000, loss: 0.5299 ||:  51%|#####1    | 94/184 [00:01<00:01, 73.56it/s]
accuracy: 0.8693, accuracy3: 1.0000, loss: 0.5301 ||:  55%|#####5    | 102/184 [00:01<00:01, 62.68it/s]
accuracy: 0.8691, accuracy3: 1.0000, loss: 0.5303 ||:  60%|#####9    | 110/184 [00:01<00:01, 65.96it/s]
accuracy: 0.8680, accuracy3: 1.0000, loss: 0.5304 ||:  65%|######5   | 120/184 [00:01<00:00, 72.66it/s]
accuracy: 0.8679, accuracy3: 1.0000, loss: 0.5307 ||:  70%|######9   | 128/184 [00:01<00:00, 65.59it/s]
accuracy: 0.8669, accuracy3: 1.0000, loss: 0.5309 ||:  74%|#######3  | 136/184 [00:01<00:00, 67.13it/s]
accuracy: 0.8669, accuracy3: 1.0000, loss: 0.5308 ||:  79%|#######9  | 146/184 [00:02<00:00, 72.27it/s]
accuracy: 0.8663, accuracy3: 1.0000, loss: 0.5314 ||:  84%|########4 | 155/184 [00:02<00:00, 75.13it/s]
accuracy: 0.8651, accuracy3: 1.0000, loss: 0.5319 ||:  89%|########9 | 164/184 [00:02<00:00, 78.55it/s]
accuracy: 0.8647, accuracy3: 1.0000, loss: 0.5317 ||:  94%|#########4| 173/184 [00:02<00:00, 69.25it/s]
accuracy: 0.8647, accuracy3: 1.0000, loss: 0.5314 ||:  99%|#########9| 183/184 [00:02<00:00, 75.04it/s]
accuracy: 0.8647, accuracy3: 1.0000, loss: 0.5318 ||: 100%|##########| 184/184 [00:02<00:00, 70.72it/s]

  0%|          | 0/98 [00:00<?, ?it/s]
accuracy: 0.8747, accuracy3: 1.0000, loss: 0.6311 ||:   7%|7         | 7/98 [00:00<00:01, 63.26it/s]
accuracy: 0.8653, accuracy3: 1.0000, loss: 0.7061 ||:  15%|#5        | 15/98 [00:00<00:01, 66.73it/s]
accuracy: 0.8601, accuracy3: 1.0000, loss: 0.6605 ||:  27%|##6       | 26/98 [00:00<00:00, 75.02it/s]
accuracy: 0.8639, accuracy3: 1.0000, loss: 0.6327 ||:  36%|###5      | 35/98 [00:00<00:00, 78.25it/s]
accuracy: 0.8656, accuracy3: 1.0000, loss: 0.6700 ||:  44%|####3     | 43/98 [00:00<00:00, 78.06it/s]
accuracy: 0.8772, accuracy3: 1.0000, loss: 0.6586 ||:  55%|#####5    | 54/98 [00:00<00:00, 84.40it/s]
accuracy: 0.8802, accuracy3: 1.0000, loss: 0.6375 ||:  63%|######3   | 62/98 [00:00<00:00, 76.27it/s]
accuracy: 0.8765, accuracy3: 1.0000, loss: 0.6221 ||:  74%|#######4  | 73/98 [00:00<00:00, 83.62it/s]
accuracy: 0.8763, accuracy3: 1.0000, loss: 0.6224 ||:  84%|########3 | 82/98 [00:00<00:00, 83.44it/s]
accuracy: 0.8799, accuracy3: 1.0000, loss: 0.6295 ||:  95%|#########4| 93/98 [00:01<00:00, 89.20it/s]
accuracy: 0.8800, accuracy3: 1.0000, loss: 0.6238 ||: 100%|##########| 98/98 [00:01<00:00, 86.21it/s]

  0%|          | 0/184 [00:00<?, ?it/s]
accuracy: 0.8585, accuracy3: 1.0000, loss: 0.5448 ||:   3%|2         | 5/184 [00:00<00:03, 49.74it/s]
accuracy: 0.8604, accuracy3: 1.0000, loss: 0.5167 ||:   6%|5         | 11/184 [00:00<00:03, 51.69it/s]
accuracy: 0.8628, accuracy3: 1.0000, loss: 0.5180 ||:  10%|9         | 18/184 [00:00<00:02, 55.55it/s]
accuracy: 0.8611, accuracy3: 1.0000, loss: 0.5213 ||:  15%|#5        | 28/184 [00:00<00:02, 63.36it/s]
accuracy: 0.8629, accuracy3: 1.0000, loss: 0.5248 ||:  19%|#9        | 35/184 [00:00<00:02, 61.05it/s]
accuracy: 0.8635, accuracy3: 1.0000, loss: 0.5245 ||:  23%|##2       | 42/184 [00:00<00:02, 62.03it/s]
accuracy: 0.8625, accuracy3: 1.0000, loss: 0.5246 ||:  27%|##7       | 50/184 [00:00<00:02, 65.13it/s]
accuracy: 0.8629, accuracy3: 1.0000, loss: 0.5253 ||:  31%|###       | 57/184 [00:00<00:02, 60.10it/s]
accuracy: 0.8626, accuracy3: 1.0000, loss: 0.5239 ||:  34%|###4      | 63/184 [00:01<00:02, 54.73it/s]
accuracy: 0.8630, accuracy3: 1.0000, loss: 0.5230 ||:  38%|###7      | 69/184 [00:01<00:02, 53.14it/s]
accuracy: 0.8614, accuracy3: 1.0000, loss: 0.5239 ||:  43%|####2     | 79/184 [00:01<00:01, 60.82it/s]
accuracy: 0.8607, accuracy3: 1.0000, loss: 0.5236 ||:  48%|####7     | 88/184 [00:01<00:01, 66.52it/s]
accuracy: 0.8607, accuracy3: 1.0000, loss: 0.5230 ||:  52%|#####2    | 96/184 [00:01<00:01, 66.07it/s]
accuracy: 0.8606, accuracy3: 1.0000, loss: 0.5236 ||:  57%|#####7    | 105/184 [00:01<00:01, 69.69it/s]
accuracy: 0.8608, accuracy3: 1.0000, loss: 0.5228 ||:  61%|######1   | 113/184 [00:01<00:01, 69.14it/s]
accuracy: 0.8605, accuracy3: 1.0000, loss: 0.5226 ||:  66%|######5   | 121/184 [00:01<00:00, 66.34it/s]
accuracy: 0.8606, accuracy3: 1.0000, loss: 0.5229 ||:  71%|#######1  | 131/184 [00:01<00:00, 73.55it/s]
accuracy: 0.8599, accuracy3: 1.0000, loss: 0.5234 ||:  76%|#######6  | 140/184 [00:02<00:00, 75.82it/s]
accuracy: 0.8598, accuracy3: 1.0000, loss: 0.5222 ||:  80%|########  | 148/184 [00:02<00:00, 67.21it/s]
accuracy: 0.8596, accuracy3: 1.0000, loss: 0.5222 ||:  85%|########4 | 156/184 [00:02<00:00, 60.81it/s]
accuracy: 0.8592, accuracy3: 1.0000, loss: 0.5219 ||:  90%|########9 | 165/184 [00:02<00:00, 67.16it/s]
accuracy: 0.8587, accuracy3: 1.0000, loss: 0.5219 ||:  95%|#########4| 174/184 [00:02<00:00, 71.80it/s]
accuracy: 0.8584, accuracy3: 1.0000, loss: 0.5218 ||:  99%|#########8| 182/184 [00:02<00:00, 65.16it/s]
accuracy: 0.8585, accuracy3: 1.0000, loss: 0.5209 ||: 100%|##########| 184/184 [00:02<00:00, 66.63it/s]

  0%|          | 0/98 [00:00<?, ?it/s]
accuracy: 0.8584, accuracy3: 1.0000, loss: 0.5367 ||:   6%|6         | 6/98 [00:00<00:01, 56.26it/s]
accuracy: 0.8719, accuracy3: 1.0000, loss: 0.7149 ||:  12%|#2        | 12/98 [00:00<00:01, 55.79it/s]
accuracy: 0.8563, accuracy3: 1.0000, loss: 0.6834 ||:  21%|##1       | 21/98 [00:00<00:01, 61.88it/s]
accuracy: 0.8542, accuracy3: 1.0000, loss: 0.6374 ||:  30%|##9       | 29/98 [00:00<00:01, 63.46it/s]
accuracy: 0.8579, accuracy3: 1.0000, loss: 0.6290 ||:  36%|###5      | 35/98 [00:00<00:01, 59.71it/s]
accuracy: 0.8589, accuracy3: 1.0000, loss: 0.6586 ||:  42%|####1     | 41/98 [00:00<00:00, 59.59it/s]
accuracy: 0.8631, accuracy3: 1.0000, loss: 0.6601 ||:  48%|####7     | 47/98 [00:00<00:00, 57.03it/s]
accuracy: 0.8717, accuracy3: 1.0000, loss: 0.6576 ||:  54%|#####4    | 53/98 [00:00<00:00, 54.13it/s]
accuracy: 0.8762, accuracy3: 1.0000, loss: 0.6376 ||:  60%|######    | 59/98 [00:01<00:00, 53.78it/s]
accuracy: 0.8752, accuracy3: 1.0000, loss: 0.6289 ||:  66%|######6   | 65/98 [00:01<00:00, 53.51it/s]
accuracy: 0.8720, accuracy3: 1.0000, loss: 0.6184 ||:  72%|#######2  | 71/98 [00:01<00:00, 52.85it/s]
accuracy: 0.8713, accuracy3: 1.0000, loss: 0.6130 ||:  79%|#######8  | 77/98 [00:01<00:00, 53.68it/s]
accuracy: 0.8723, accuracy3: 1.0000, loss: 0.6157 ||:  86%|########5 | 84/98 [00:01<00:00, 55.48it/s]
accuracy: 0.8737, accuracy3: 1.0000, loss: 0.6244 ||:  92%|#########1| 90/98 [00:01<00:00, 55.60it/s]
accuracy: 0.8757, accuracy3: 1.0000, loss: 0.6180 ||: 100%|##########| 98/98 [00:01<00:00, 58.99it/s]

  0%|          | 0/184 [00:00<?, ?it/s]
accuracy: 0.8463, accuracy3: 1.0000, loss: 0.5243 ||:   2%|2         | 4/184 [00:00<00:04, 36.93it/s]
accuracy: 0.8537, accuracy3: 1.0000, loss: 0.5243 ||:   7%|6         | 12/184 [00:00<00:03, 43.32it/s]
accuracy: 0.8543, accuracy3: 1.0000, loss: 0.5195 ||:   9%|9         | 17/184 [00:00<00:03, 44.94it/s]
accuracy: 0.8570, accuracy3: 1.0000, loss: 0.5173 ||:  14%|#4        | 26/184 [00:00<00:03, 52.03it/s]
accuracy: 0.8585, accuracy3: 1.0000, loss: 0.5193 ||:  18%|#7        | 33/184 [00:00<00:02, 56.37it/s]
accuracy: 0.8559, accuracy3: 1.0000, loss: 0.5207 ||:  21%|##1       | 39/184 [00:00<00:02, 54.86it/s]
accuracy: 0.8554, accuracy3: 1.0000, loss: 0.5207 ||:  24%|##4       | 45/184 [00:00<00:02, 53.63it/s]
accuracy: 0.8554, accuracy3: 1.0000, loss: 0.5181 ||:  28%|##7       | 51/184 [00:00<00:02, 54.16it/s]
accuracy: 0.8553, accuracy3: 1.0000, loss: 0.5167 ||:  31%|###       | 57/184 [00:01<00:02, 51.36it/s]
accuracy: 0.8556, accuracy3: 1.0000, loss: 0.5155 ||:  34%|###4      | 63/184 [00:01<00:02, 50.25it/s]
accuracy: 0.8562, accuracy3: 1.0000, loss: 0.5146 ||:  38%|###7      | 69/184 [00:01<00:02, 50.58it/s]
accuracy: 0.8562, accuracy3: 1.0000, loss: 0.5152 ||:  41%|####      | 75/184 [00:01<00:02, 49.47it/s]
accuracy: 0.8566, accuracy3: 1.0000, loss: 0.5153 ||:  44%|####4     | 81/184 [00:01<00:02, 49.64it/s]
accuracy: 0.8569, accuracy3: 1.0000, loss: 0.5146 ||:  47%|####6     | 86/184 [00:01<00:02, 48.50it/s]
accuracy: 0.8570, accuracy3: 1.0000, loss: 0.5139 ||:  50%|#####     | 92/184 [00:01<00:01, 49.20it/s]
accuracy: 0.8562, accuracy3: 1.0000, loss: 0.5138 ||:  53%|#####2    | 97/184 [00:01<00:01, 48.90it/s]
accuracy: 0.8559, accuracy3: 1.0000, loss: 0.5164 ||:  56%|#####5    | 103/184 [00:01<00:01, 50.38it/s]
accuracy: 0.8546, accuracy3: 1.0000, loss: 0.5165 ||:  61%|######1   | 113/184 [00:02<00:01, 58.14it/s]
accuracy: 0.8543, accuracy3: 1.0000, loss: 0.5163 ||:  65%|######5   | 120/184 [00:02<00:01, 60.51it/s]
accuracy: 0.8540, accuracy3: 1.0000, loss: 0.5166 ||:  69%|######9   | 127/184 [00:02<00:00, 57.58it/s]
accuracy: 0.8541, accuracy3: 1.0000, loss: 0.5165 ||:  73%|#######2  | 134/184 [00:02<00:00, 54.19it/s]
accuracy: 0.8540, accuracy3: 1.0000, loss: 0.5165 ||:  76%|#######6  | 140/184 [00:02<00:00, 54.42it/s]
accuracy: 0.8537, accuracy3: 1.0000, loss: 0.5162 ||:  79%|#######9  | 146/184 [00:02<00:00, 52.74it/s]
accuracy: 0.8543, accuracy3: 1.0000, loss: 0.5157 ||:  84%|########3 | 154/184 [00:02<00:00, 57.76it/s]
accuracy: 0.8541, accuracy3: 1.0000, loss: 0.5147 ||:  89%|########8 | 163/184 [00:02<00:00, 64.56it/s]
accuracy: 0.8541, accuracy3: 1.0000, loss: 0.5151 ||:  92%|#########2| 170/184 [00:02<00:00, 66.08it/s]
accuracy: 0.8543, accuracy3: 1.0000, loss: 0.5152 ||:  96%|#########6| 177/184 [00:03<00:00, 59.41it/s]
accuracy: 0.8540, accuracy3: 1.0000, loss: 0.5153 ||: 100%|##########| 184/184 [00:03<00:00, 57.57it/s]

  0%|          | 0/98 [00:00<?, ?it/s]
accuracy: 0.8612, accuracy3: 1.0000, loss: 0.7060 ||:  10%|#         | 10/98 [00:00<00:00, 99.94it/s]
accuracy: 0.8487, accuracy3: 1.0000, loss: 0.6944 ||:  16%|#6        | 16/98 [00:00<00:01, 79.71it/s]
accuracy: 0.8440, accuracy3: 1.0000, loss: 0.6494 ||:  27%|##6       | 26/98 [00:00<00:00, 82.22it/s]
accuracy: 0.8480, accuracy3: 1.0000, loss: 0.6291 ||:  38%|###7      | 37/98 [00:00<00:00, 85.31it/s]
accuracy: 0.8498, accuracy3: 1.0000, loss: 0.6530 ||:  45%|####4     | 44/98 [00:00<00:00, 74.35it/s]
accuracy: 0.8624, accuracy3: 1.0000, loss: 0.6450 ||:  54%|#####4    | 53/98 [00:00<00:00, 77.36it/s]
accuracy: 0.8665, accuracy3: 1.0000, loss: 0.6196 ||:  65%|######5   | 64/98 [00:00<00:00, 84.24it/s]
accuracy: 0.8626, accuracy3: 1.0000, loss: 0.6057 ||:  74%|#######4  | 73/98 [00:00<00:00, 70.59it/s]
accuracy: 0.8621, accuracy3: 1.0000, loss: 0.6066 ||:  84%|########3 | 82/98 [00:01<00:00, 75.42it/s]
accuracy: 0.8646, accuracy3: 1.0000, loss: 0.6141 ||:  92%|#########1| 90/98 [00:01<00:00, 73.81it/s]
accuracy: 0.8668, accuracy3: 1.0000, loss: 0.6082 ||: 100%|##########| 98/98 [00:01<00:00, 68.63it/s]

  0%|          | 0/184 [00:00<?, ?it/s]
accuracy: 0.8476, accuracy3: 1.0000, loss: 0.5131 ||:   3%|3         | 6/184 [00:00<00:03, 57.15it/s]
accuracy: 0.8481, accuracy3: 1.0000, loss: 0.5110 ||:   8%|8         | 15/184 [00:00<00:02, 61.65it/s]
accuracy: 0.8476, accuracy3: 1.0000, loss: 0.5130 ||:  13%|#3        | 24/184 [00:00<00:02, 66.43it/s]
accuracy: 0.8467, accuracy3: 1.0000, loss: 0.5174 ||:  16%|#5        | 29/184 [00:00<00:02, 56.23it/s]
accuracy: 0.8459, accuracy3: 1.0000, loss: 0.5162 ||:  19%|#9        | 35/184 [00:00<00:02, 57.04it/s]
accuracy: 0.8454, accuracy3: 1.0000, loss: 0.5178 ||:  22%|##2       | 41/184 [00:00<00:02, 53.77it/s]
accuracy: 0.8460, accuracy3: 1.0000, loss: 0.5127 ||:  26%|##6       | 48/184 [00:00<00:02, 57.55it/s]
accuracy: 0.8471, accuracy3: 1.0000, loss: 0.5105 ||:  31%|###       | 57/184 [00:00<00:01, 63.86it/s]
accuracy: 0.8477, accuracy3: 1.0000, loss: 0.5086 ||:  35%|###4      | 64/184 [00:00<00:01, 64.79it/s]
accuracy: 0.8486, accuracy3: 1.0000, loss: 0.5069 ||:  39%|###8      | 71/184 [00:01<00:01, 63.45it/s]
accuracy: 0.8480, accuracy3: 1.0000, loss: 0.5070 ||:  43%|####3     | 80/184 [00:01<00:01, 69.11it/s]
accuracy: 0.8482, accuracy3: 1.0000, loss: 0.5073 ||:  48%|####7     | 88/184 [00:01<00:01, 62.18it/s]
accuracy: 0.8484, accuracy3: 1.0000, loss: 0.5071 ||:  52%|#####1    | 95/184 [00:01<00:01, 60.96it/s]
accuracy: 0.8498, accuracy3: 1.0000, loss: 0.5084 ||:  57%|#####6    | 104/184 [00:01<00:01, 66.51it/s]
accuracy: 0.8498, accuracy3: 1.0000, loss: 0.5091 ||:  61%|######    | 112/184 [00:01<00:01, 69.41it/s]
accuracy: 0.8491, accuracy3: 1.0000, loss: 0.5084 ||:  66%|######5   | 121/184 [00:01<00:00, 72.49it/s]
accuracy: 0.8496, accuracy3: 1.0000, loss: 0.5080 ||:  70%|#######   | 129/184 [00:01<00:00, 64.61it/s]
accuracy: 0.8500, accuracy3: 1.0000, loss: 0.5084 ||:  75%|#######5  | 138/184 [00:02<00:00, 69.08it/s]
accuracy: 0.8501, accuracy3: 1.0000, loss: 0.5089 ||:  80%|########  | 148/184 [00:02<00:00, 73.08it/s]
accuracy: 0.8500, accuracy3: 1.0000, loss: 0.5101 ||:  85%|########4 | 156/184 [00:02<00:00, 64.63it/s]
accuracy: 0.8502, accuracy3: 1.0000, loss: 0.5105 ||:  89%|########8 | 163/184 [00:02<00:00, 57.46it/s]
accuracy: 0.8499, accuracy3: 1.0000, loss: 0.5108 ||:  92%|#########2| 170/184 [00:02<00:00, 54.47it/s]
accuracy: 0.8499, accuracy3: 1.0000, loss: 0.5107 ||:  96%|#########5| 176/184 [00:02<00:00, 52.00it/s]
accuracy: 0.8494, accuracy3: 1.0000, loss: 0.5113 ||: 100%|##########| 184/184 [00:02<00:00, 58.00it/s]

  0%|          | 0/98 [00:00<?, ?it/s]
accuracy: 0.8574, accuracy3: 1.0000, loss: 0.7181 ||:  11%|#1        | 11/98 [00:00<00:00, 102.84it/s]
accuracy: 0.8488, accuracy3: 1.0000, loss: 0.6814 ||:  18%|#8        | 18/98 [00:00<00:00, 90.03it/s] 
accuracy: 0.8397, accuracy3: 1.0000, loss: 0.6261 ||:  30%|##9       | 29/98 [00:00<00:00, 95.14it/s]
accuracy: 0.8454, accuracy3: 1.0000, loss: 0.6281 ||:  39%|###8      | 38/98 [00:00<00:00, 93.29it/s]
accuracy: 0.8478, accuracy3: 1.0000, loss: 0.6471 ||:  47%|####6     | 46/98 [00:00<00:00, 81.92it/s]
accuracy: 0.8642, accuracy3: 1.0000, loss: 0.6280 ||:  57%|#####7    | 56/98 [00:00<00:00, 86.36it/s]
accuracy: 0.8641, accuracy3: 1.0000, loss: 0.6161 ||:  65%|######5   | 64/98 [00:00<00:00, 73.91it/s]
accuracy: 0.8600, accuracy3: 1.0000, loss: 0.6012 ||:  77%|#######6  | 75/98 [00:00<00:00, 80.65it/s]
accuracy: 0.8608, accuracy3: 1.0000, loss: 0.6018 ||:  86%|########5 | 84/98 [00:01<00:00, 71.22it/s]
accuracy: 0.8642, accuracy3: 1.0000, loss: 0.6093 ||:  95%|#########4| 93/98 [00:01<00:00, 74.28it/s]
accuracy: 0.8648, accuracy3: 1.0000, loss: 0.6041 ||: 100%|##########| 98/98 [00:01<00:00, 81.52it/s]

  0%|          | 0/184 [00:00<?, ?it/s]
accuracy: 0.8383, accuracy3: 1.0000, loss: 0.5671 ||:   3%|2         | 5/184 [00:00<00:04, 41.55it/s]
accuracy: 0.8466, accuracy3: 1.0000, loss: 0.5284 ||:   6%|5         | 11/184 [00:00<00:03, 44.03it/s]
accuracy: 0.8446, accuracy3: 1.0000, loss: 0.5212 ||:   9%|9         | 17/184 [00:00<00:03, 47.44it/s]
accuracy: 0.8403, accuracy3: 1.0000, loss: 0.5199 ||:  14%|#4        | 26/184 [00:00<00:02, 54.35it/s]
accuracy: 0.8435, accuracy3: 1.0000, loss: 0.5144 ||:  18%|#8        | 34/184 [00:00<00:02, 59.63it/s]
accuracy: 0.8442, accuracy3: 1.0000, loss: 0.5126 ||:  22%|##1       | 40/184 [00:00<00:02, 56.07it/s]
accuracy: 0.8459, accuracy3: 1.0000, loss: 0.5064 ||:  25%|##5       | 46/184 [00:00<00:02, 56.77it/s]
accuracy: 0.8460, accuracy3: 1.0000, loss: 0.5060 ||:  28%|##8       | 52/184 [00:00<00:02, 53.33it/s]
accuracy: 0.8463, accuracy3: 1.0000, loss: 0.5082 ||:  32%|###1      | 58/184 [00:01<00:02, 52.99it/s]
accuracy: 0.8467, accuracy3: 1.0000, loss: 0.5073 ||:  35%|###4      | 64/184 [00:01<00:02, 52.34it/s]
accuracy: 0.8464, accuracy3: 1.0000, loss: 0.5103 ||:  38%|###8      | 70/184 [00:01<00:02, 50.55it/s]
accuracy: 0.8460, accuracy3: 1.0000, loss: 0.5092 ||:  41%|####1     | 76/184 [00:01<00:02, 51.76it/s]
accuracy: 0.8472, accuracy3: 1.0000, loss: 0.5085 ||:  45%|####4     | 82/184 [00:01<00:02, 49.12it/s]
accuracy: 0.8474, accuracy3: 1.0000, loss: 0.5081 ||:  48%|####7     | 88/184 [00:01<00:01, 49.63it/s]
accuracy: 0.8476, accuracy3: 1.0000, loss: 0.5090 ||:  51%|#####     | 93/184 [00:01<00:01, 48.15it/s]
accuracy: 0.8474, accuracy3: 1.0000, loss: 0.5101 ||:  53%|#####3    | 98/184 [00:01<00:01, 45.53it/s]
accuracy: 0.8474, accuracy3: 1.0000, loss: 0.5092 ||:  57%|#####6    | 104/184 [00:01<00:01, 46.77it/s]
accuracy: 0.8472, accuracy3: 1.0000, loss: 0.5090 ||:  59%|#####9    | 109/184 [00:02<00:01, 47.69it/s]
accuracy: 0.8464, accuracy3: 1.0000, loss: 0.5094 ||:  62%|######2   | 115/184 [00:02<00:01, 49.71it/s]
accuracy: 0.8463, accuracy3: 1.0000, loss: 0.5103 ||:  66%|######5   | 121/184 [00:02<00:01, 50.06it/s]
accuracy: 0.8462, accuracy3: 1.0000, loss: 0.5092 ||:  69%|######9   | 127/184 [00:02<00:01, 49.53it/s]
accuracy: 0.8456, accuracy3: 1.0000, loss: 0.5117 ||:  73%|#######2  | 134/184 [00:02<00:00, 53.71it/s]
accuracy: 0.8454, accuracy3: 1.0000, loss: 0.5117 ||:  78%|#######7  | 143/184 [00:02<00:00, 60.88it/s]
accuracy: 0.8454, accuracy3: 1.0000, loss: 0.5105 ||:  82%|########1 | 150/184 [00:02<00:00, 56.18it/s]
accuracy: 0.8451, accuracy3: 1.0000, loss: 0.5101 ||:  86%|########6 | 159/184 [00:02<00:00, 62.84it/s]
accuracy: 0.8450, accuracy3: 1.0000, loss: 0.5096 ||:  91%|######### | 167/184 [00:02<00:00, 66.57it/s]
accuracy: 0.8452, accuracy3: 1.0000, loss: 0.5081 ||:  95%|#########5| 175/184 [00:03<00:00, 63.13it/s]
accuracy: 0.8456, accuracy3: 1.0000, loss: 0.5073 ||: 100%|##########| 184/184 [00:03<00:00, 67.72it/s]

  0%|          | 0/98 [00:00<?, ?it/s]
accuracy: 0.8443, accuracy3: 1.0000, loss: 0.6266 ||:   7%|7         | 7/98 [00:00<00:01, 67.16it/s]
accuracy: 0.8428, accuracy3: 1.0000, loss: 0.6924 ||:  16%|#6        | 16/98 [00:00<00:01, 72.06it/s]
accuracy: 0.8406, accuracy3: 1.0000, loss: 0.6652 ||:  22%|##2       | 22/98 [00:00<00:01, 65.90it/s]
accuracy: 0.8384, accuracy3: 1.0000, loss: 0.6344 ||:  29%|##8       | 28/98 [00:00<00:01, 62.79it/s]
accuracy: 0.8422, accuracy3: 1.0000, loss: 0.6199 ||:  35%|###4      | 34/98 [00:00<00:01, 61.17it/s]
accuracy: 0.8443, accuracy3: 1.0000, loss: 0.6371 ||:  41%|####      | 40/98 [00:00<00:00, 59.68it/s]
accuracy: 0.8466, accuracy3: 1.0000, loss: 0.6465 ||:  47%|####6     | 46/98 [00:00<00:00, 59.61it/s]
accuracy: 0.8639, accuracy3: 1.0000, loss: 0.6227 ||:  58%|#####8    | 57/98 [00:00<00:00, 68.25it/s]
accuracy: 0.8619, accuracy3: 1.0000, loss: 0.6077 ||:  68%|######8   | 67/98 [00:00<00:00, 75.23it/s]
accuracy: 0.8583, accuracy3: 1.0000, loss: 0.6001 ||:  77%|#######6  | 75/98 [00:01<00:00, 72.79it/s]
accuracy: 0.8590, accuracy3: 1.0000, loss: 0.6009 ||:  86%|########5 | 84/98 [00:01<00:00, 77.19it/s]
accuracy: 0.8616, accuracy3: 1.0000, loss: 0.6081 ||:  94%|#########3| 92/98 [00:01<00:00, 71.52it/s]
accuracy: 0.8631, accuracy3: 1.0000, loss: 0.6035 ||: 100%|##########| 98/98 [00:01<00:00, 69.21it/s]

  0%|          | 0/184 [00:00<?, ?it/s]
accuracy: 0.8521, accuracy3: 1.0000, loss: 0.5237 ||:   2%|2         | 4/184 [00:00<00:05, 34.24it/s]
accuracy: 0.8502, accuracy3: 1.0000, loss: 0.5182 ||:   5%|4         | 9/184 [00:00<00:04, 37.15it/s]
accuracy: 0.8543, accuracy3: 1.0000, loss: 0.5103 ||:   8%|7         | 14/184 [00:00<00:04, 39.09it/s]
accuracy: 0.8526, accuracy3: 1.0000, loss: 0.5058 ||:  12%|#1        | 22/184 [00:00<00:03, 45.62it/s]
accuracy: 0.8472, accuracy3: 1.0000, loss: 0.5071 ||:  17%|#6        | 31/184 [00:00<00:02, 52.08it/s]
accuracy: 0.8468, accuracy3: 1.0000, loss: 0.5026 ||:  20%|##        | 37/184 [00:00<00:03, 43.66it/s]
accuracy: 0.8481, accuracy3: 1.0000, loss: 0.5044 ||:  23%|##2       | 42/184 [00:00<00:03, 44.90it/s]
accuracy: 0.8479, accuracy3: 1.0000, loss: 0.5048 ||:  26%|##5       | 47/184 [00:00<00:02, 46.19it/s]
accuracy: 0.8473, accuracy3: 1.0000, loss: 0.5045 ||:  28%|##8       | 52/184 [00:01<00:02, 45.95it/s]
accuracy: 0.8467, accuracy3: 1.0000, loss: 0.5049 ||:  32%|###1      | 58/184 [00:01<00:02, 46.69it/s]
accuracy: 0.8462, accuracy3: 1.0000, loss: 0.5047 ||:  35%|###5      | 65/184 [00:01<00:02, 51.53it/s]
accuracy: 0.8485, accuracy3: 1.0000, loss: 0.5046 ||:  40%|####      | 74/184 [00:01<00:01, 58.02it/s]
accuracy: 0.8484, accuracy3: 1.0000, loss: 0.5043 ||:  44%|####4     | 81/184 [00:01<00:01, 52.99it/s]
accuracy: 0.8479, accuracy3: 1.0000, loss: 0.5059 ||:  47%|####7     | 87/184 [00:01<00:01, 53.05it/s]
accuracy: 0.8481, accuracy3: 1.0000, loss: 0.5060 ||:  51%|#####     | 93/184 [00:01<00:01, 53.70it/s]
accuracy: 0.8481, accuracy3: 1.0000, loss: 0.5059 ||:  56%|#####5    | 103/184 [00:01<00:01, 60.11it/s]
accuracy: 0.8480, accuracy3: 1.0000, loss: 0.5061 ||:  60%|#####9    | 110/184 [00:02<00:01, 54.98it/s]
accuracy: 0.8478, accuracy3: 1.0000, loss: 0.5052 ||:  63%|######3   | 116/184 [00:02<00:01, 52.75it/s]
accuracy: 0.8475, accuracy3: 1.0000, loss: 0.5062 ||:  66%|######6   | 122/184 [00:02<00:01, 53.94it/s]
accuracy: 0.8466, accuracy3: 1.0000, loss: 0.5069 ||:  71%|#######1  | 131/184 [00:02<00:00, 60.62it/s]
accuracy: 0.8458, accuracy3: 1.0000, loss: 0.5081 ||:  77%|#######6  | 141/184 [00:02<00:00, 67.19it/s]
accuracy: 0.8453, accuracy3: 1.0000, loss: 0.5068 ||:  81%|########  | 149/184 [00:02<00:00, 63.34it/s]
accuracy: 0.8454, accuracy3: 1.0000, loss: 0.5069 ||:  85%|########5 | 157/184 [00:02<00:00, 67.08it/s]
accuracy: 0.8448, accuracy3: 1.0000, loss: 0.5081 ||:  90%|######### | 166/184 [00:02<00:00, 70.63it/s]
accuracy: 0.8450, accuracy3: 1.0000, loss: 0.5064 ||:  95%|#########5| 175/184 [00:02<00:00, 72.85it/s]
accuracy: 0.8448, accuracy3: 1.0000, loss: 0.5059 ||:  99%|#########9| 183/184 [00:03<00:00, 67.34it/s]
accuracy: 0.8448, accuracy3: 1.0000, loss: 0.5054 ||: 100%|##########| 184/184 [00:03<00:00, 59.01it/s]

  0%|          | 0/98 [00:00<?, ?it/s]
accuracy: 0.8493, accuracy3: 1.0000, loss: 0.7193 ||:  11%|#1        | 11/98 [00:00<00:00, 101.92it/s]
accuracy: 0.8405, accuracy3: 1.0000, loss: 0.6734 ||:  20%|##        | 20/98 [00:00<00:00, 94.58it/s] 
accuracy: 0.8347, accuracy3: 1.0000, loss: 0.6428 ||:  27%|##6       | 26/98 [00:00<00:00, 80.26it/s]
accuracy: 0.8389, accuracy3: 1.0000, loss: 0.6145 ||:  37%|###6      | 36/98 [00:00<00:00, 83.49it/s]
accuracy: 0.8451, accuracy3: 1.0000, loss: 0.6378 ||:  48%|####7     | 47/98 [00:00<00:00, 88.54it/s]
accuracy: 0.8579, accuracy3: 1.0000, loss: 0.6265 ||:  56%|#####6    | 55/98 [00:00<00:00, 73.91it/s]
accuracy: 0.8586, accuracy3: 1.0000, loss: 0.6061 ||:  67%|######7   | 66/98 [00:00<00:00, 81.06it/s]
accuracy: 0.8557, accuracy3: 1.0000, loss: 0.5973 ||:  76%|#######5  | 74/98 [00:00<00:00, 75.93it/s]
accuracy: 0.8556, accuracy3: 1.0000, loss: 0.5985 ||:  84%|########3 | 82/98 [00:01<00:00, 67.72it/s]
accuracy: 0.8575, accuracy3: 1.0000, loss: 0.6048 ||:  91%|######### | 89/98 [00:01<00:00, 68.12it/s]
accuracy: 0.8603, accuracy3: 1.0000, loss: 0.5993 ||: 100%|##########| 98/98 [00:01<00:00, 78.98it/s]

  0%|          | 0/184 [00:00<?, ?it/s]
accuracy: 0.8402, accuracy3: 1.0000, loss: 0.5012 ||:   2%|2         | 4/184 [00:00<00:04, 37.24it/s]
accuracy: 0.8489, accuracy3: 1.0000, loss: 0.4965 ||:   5%|4         | 9/184 [00:00<00:04, 39.28it/s]
accuracy: 0.8487, accuracy3: 1.0000, loss: 0.5026 ||:   8%|7         | 14/184 [00:00<00:04, 40.44it/s]
accuracy: 0.8465, accuracy3: 1.0000, loss: 0.5037 ||:  10%|#         | 19/184 [00:00<00:03, 41.60it/s]
accuracy: 0.8445, accuracy3: 1.0000, loss: 0.5042 ||:  13%|#3        | 24/184 [00:00<00:03, 43.32it/s]
accuracy: 0.8439, accuracy3: 1.0000, loss: 0.5035 ||:  16%|#5        | 29/184 [00:00<00:03, 43.99it/s]
accuracy: 0.8448, accuracy3: 1.0000, loss: 0.5028 ||:  19%|#9        | 35/184 [00:00<00:03, 46.32it/s]
accuracy: 0.8436, accuracy3: 1.0000, loss: 0.5034 ||:  22%|##1       | 40/184 [00:00<00:03, 47.31it/s]
accuracy: 0.8437, accuracy3: 1.0000, loss: 0.4990 ||:  25%|##5       | 46/184 [00:00<00:02, 48.33it/s]
accuracy: 0.8449, accuracy3: 1.0000, loss: 0.4973 ||:  29%|##9       | 54/184 [00:01<00:02, 53.19it/s]
accuracy: 0.8453, accuracy3: 1.0000, loss: 0.4986 ||:  33%|###2      | 60/184 [00:01<00:02, 53.96it/s]
accuracy: 0.8447, accuracy3: 1.0000, loss: 0.5017 ||:  38%|###8      | 70/184 [00:01<00:01, 61.71it/s]
accuracy: 0.8431, accuracy3: 1.0000, loss: 0.5025 ||:  42%|####1     | 77/184 [00:01<00:01, 59.58it/s]
accuracy: 0.8433, accuracy3: 1.0000, loss: 0.5057 ||:  46%|####5     | 84/184 [00:01<00:01, 57.03it/s]
accuracy: 0.8435, accuracy3: 1.0000, loss: 0.5063 ||:  49%|####8     | 90/184 [00:01<00:01, 55.28it/s]
accuracy: 0.8428, accuracy3: 1.0000, loss: 0.5062 ||:  52%|#####2    | 96/184 [00:01<00:01, 52.81it/s]
accuracy: 0.8421, accuracy3: 1.0000, loss: 0.5065 ||:  56%|#####5    | 103/184 [00:01<00:01, 55.89it/s]
accuracy: 0.8426, accuracy3: 1.0000, loss: 0.5069 ||:  61%|######    | 112/184 [00:02<00:01, 62.86it/s]
accuracy: 0.8425, accuracy3: 1.0000, loss: 0.5067 ||:  66%|######6   | 122/184 [00:02<00:00, 69.50it/s]
accuracy: 0.8427, accuracy3: 1.0000, loss: 0.5060 ||:  71%|#######   | 130/184 [00:02<00:00, 63.92it/s]
accuracy: 0.8422, accuracy3: 1.0000, loss: 0.5067 ||:  74%|#######4  | 137/184 [00:02<00:00, 56.55it/s]
accuracy: 0.8423, accuracy3: 1.0000, loss: 0.5067 ||:  78%|#######8  | 144/184 [00:02<00:00, 53.38it/s]
accuracy: 0.8424, accuracy3: 1.0000, loss: 0.5065 ||:  82%|########1 | 150/184 [00:02<00:00, 51.17it/s]
accuracy: 0.8424, accuracy3: 1.0000, loss: 0.5062 ||:  85%|########4 | 156/184 [00:02<00:00, 51.36it/s]
accuracy: 0.8424, accuracy3: 1.0000, loss: 0.5056 ||:  88%|########8 | 162/184 [00:02<00:00, 50.06it/s]
accuracy: 0.8424, accuracy3: 1.0000, loss: 0.5052 ||:  91%|#########1| 168/184 [00:03<00:00, 49.40it/s]
accuracy: 0.8426, accuracy3: 1.0000, loss: 0.5046 ||:  95%|#########4| 174/184 [00:03<00:00, 50.35it/s]
accuracy: 0.8430, accuracy3: 1.0000, loss: 0.5047 ||:  98%|#########7| 180/184 [00:03<00:00, 48.41it/s]
accuracy: 0.8430, accuracy3: 1.0000, loss: 0.5039 ||: 100%|##########| 184/184 [00:03<00:00, 53.84it/s]

  0%|          | 0/98 [00:00<?, ?it/s]
accuracy: 0.8271, accuracy3: 1.0000, loss: 0.5373 ||:   6%|6         | 6/98 [00:00<00:01, 51.79it/s]
accuracy: 0.8444, accuracy3: 1.0000, loss: 0.6870 ||:  13%|#3        | 13/98 [00:00<00:01, 55.48it/s]
accuracy: 0.8343, accuracy3: 1.0000, loss: 0.6477 ||:  23%|##3       | 23/98 [00:00<00:01, 63.72it/s]
accuracy: 0.8363, accuracy3: 1.0000, loss: 0.6115 ||:  36%|###5      | 35/98 [00:00<00:00, 73.87it/s]
accuracy: 0.8424, accuracy3: 1.0000, loss: 0.6406 ||:  46%|####5     | 45/98 [00:00<00:00, 79.24it/s]
accuracy: 0.8547, accuracy3: 1.0000, loss: 0.6286 ||:  55%|#####5    | 54/98 [00:00<00:00, 80.87it/s]
accuracy: 0.8576, accuracy3: 1.0000, loss: 0.6080 ||:  65%|######5   | 64/98 [00:00<00:00, 84.23it/s]
accuracy: 0.8539, accuracy3: 1.0000, loss: 0.5945 ||:  76%|#######5  | 74/98 [00:00<00:00, 86.50it/s]
accuracy: 0.8546, accuracy3: 1.0000, loss: 0.5922 ||:  87%|########6 | 85/98 [00:00<00:00, 91.02it/s]
accuracy: 0.8574, accuracy3: 1.0000, loss: 0.6003 ||:  97%|#########6| 95/98 [00:01<00:00, 84.25it/s]
accuracy: 0.8581, accuracy3: 1.0000, loss: 0.5962 ||: 100%|##########| 98/98 [00:01<00:00, 87.17it/s]

  0%|          | 0/184 [00:00<?, ?it/s]
accuracy: 0.8428, accuracy3: 1.0000, loss: 0.4726 ||:   2%|2         | 4/184 [00:00<00:04, 36.67it/s]
accuracy: 0.8427, accuracy3: 1.0000, loss: 0.4961 ||:   5%|5         | 10/184 [00:00<00:04, 39.67it/s]
accuracy: 0.8421, accuracy3: 1.0000, loss: 0.4871 ||:   8%|8         | 15/184 [00:00<00:04, 40.01it/s]
accuracy: 0.8409, accuracy3: 1.0000, loss: 0.4992 ||:  11%|#1        | 21/184 [00:00<00:03, 44.09it/s]
accuracy: 0.8417, accuracy3: 1.0000, loss: 0.5029 ||:  15%|#5        | 28/184 [00:00<00:03, 46.35it/s]
accuracy: 0.8419, accuracy3: 1.0000, loss: 0.5023 ||:  20%|#9        | 36/184 [00:00<00:02, 52.43it/s]
accuracy: 0.8409, accuracy3: 1.0000, loss: 0.5070 ||:  24%|##3       | 44/184 [00:00<00:02, 58.06it/s]
accuracy: 0.8388, accuracy3: 1.0000, loss: 0.5062 ||:  27%|##7       | 50/184 [00:00<00:02, 54.24it/s]
accuracy: 0.8382, accuracy3: 1.0000, loss: 0.5067 ||:  30%|###       | 56/184 [00:01<00:02, 50.14it/s]
accuracy: 0.8369, accuracy3: 1.0000, loss: 0.5094 ||:  35%|###4      | 64/184 [00:01<00:02, 55.97it/s]
accuracy: 0.8382, accuracy3: 1.0000, loss: 0.5055 ||:  40%|###9      | 73/184 [00:01<00:01, 61.18it/s]
accuracy: 0.8391, accuracy3: 1.0000, loss: 0.5041 ||:  43%|####3     | 80/184 [00:01<00:01, 53.69it/s]
accuracy: 0.8393, accuracy3: 1.0000, loss: 0.5030 ||:  48%|####8     | 89/184 [00:01<00:01, 60.77it/s]
accuracy: 0.8397, accuracy3: 1.0000, loss: 0.5008 ||:  53%|#####3    | 98/184 [00:01<00:01, 66.89it/s]
accuracy: 0.8404, accuracy3: 1.0000, loss: 0.5019 ||:  58%|#####7    | 106/184 [00:01<00:01, 58.13it/s]
accuracy: 0.8403, accuracy3: 1.0000, loss: 0.5036 ||:  61%|######1   | 113/184 [00:01<00:01, 55.93it/s]
accuracy: 0.8402, accuracy3: 1.0000, loss: 0.5039 ||:  66%|######6   | 122/184 [00:02<00:00, 62.72it/s]
accuracy: 0.8398, accuracy3: 1.0000, loss: 0.5053 ||:  70%|#######   | 129/184 [00:02<00:00, 58.81it/s]
accuracy: 0.8390, accuracy3: 1.0000, loss: 0.5052 ||:  76%|#######5  | 139/184 [00:02<00:00, 66.01it/s]
accuracy: 0.8396, accuracy3: 1.0000, loss: 0.5032 ||:  80%|#######9  | 147/184 [00:02<00:00, 66.45it/s]
accuracy: 0.8396, accuracy3: 1.0000, loss: 0.5027 ||:  84%|########4 | 155/184 [00:02<00:00, 63.87it/s]
accuracy: 0.8395, accuracy3: 1.0000, loss: 0.5037 ||:  90%|########9 | 165/184 [00:02<00:00, 70.66it/s]
accuracy: 0.8399, accuracy3: 1.0000, loss: 0.5038 ||:  94%|#########4| 173/184 [00:02<00:00, 61.69it/s]
accuracy: 0.8403, accuracy3: 1.0000, loss: 0.5033 ||:  98%|#########7| 180/184 [00:03<00:00, 56.25it/s]
accuracy: 0.8399, accuracy3: 1.0000, loss: 0.5038 ||: 100%|##########| 184/184 [00:03<00:00, 59.92it/s]

  0%|          | 0/98 [00:00<?, ?it/s]
accuracy: 0.8228, accuracy3: 1.0000, loss: 0.5387 ||:   6%|6         | 6/98 [00:00<00:01, 57.19it/s]
accuracy: 0.8453, accuracy3: 1.0000, loss: 0.7002 ||:  12%|#2        | 12/98 [00:00<00:01, 57.89it/s]
accuracy: 0.8383, accuracy3: 1.0000, loss: 0.6766 ||:  18%|#8        | 18/98 [00:00<00:01, 58.08it/s]
accuracy: 0.8319, accuracy3: 1.0000, loss: 0.6428 ||:  24%|##4       | 24/98 [00:00<00:01, 56.25it/s]
accuracy: 0.8301, accuracy3: 1.0000, loss: 0.6166 ||:  32%|###1      | 31/98 [00:00<00:01, 58.54it/s]
accuracy: 0.8393, accuracy3: 1.0000, loss: 0.6379 ||:  44%|####3     | 43/98 [00:00<00:00, 68.48it/s]
accuracy: 0.8518, accuracy3: 1.0000, loss: 0.6318 ||:  54%|#####4    | 53/98 [00:00<00:00, 75.41it/s]
accuracy: 0.8563, accuracy3: 1.0000, loss: 0.6105 ||:  62%|######2   | 61/98 [00:00<00:00, 69.36it/s]
accuracy: 0.8524, accuracy3: 1.0000, loss: 0.5982 ||:  70%|#######   | 69/98 [00:00<00:00, 71.89it/s]
accuracy: 0.8515, accuracy3: 1.0000, loss: 0.5946 ||:  83%|########2 | 81/98 [00:01<00:00, 80.57it/s]
accuracy: 0.8536, accuracy3: 1.0000, loss: 0.6015 ||:  92%|#########1| 90/98 [00:01<00:00, 79.62it/s]
accuracy: 0.8563, accuracy3: 1.0000, loss: 0.5957 ||: 100%|##########| 98/98 [00:01<00:00, 73.18it/s]

  0%|          | 0/184 [00:00<?, ?it/s]
accuracy: 0.8394, accuracy3: 1.0000, loss: 0.4825 ||:   2%|2         | 4/184 [00:00<00:05, 34.98it/s]
accuracy: 0.8425, accuracy3: 1.0000, loss: 0.4723 ||:   5%|4         | 9/184 [00:00<00:04, 37.28it/s]
accuracy: 0.8424, accuracy3: 1.0000, loss: 0.4985 ||:   8%|7         | 14/184 [00:00<00:04, 39.52it/s]
accuracy: 0.8435, accuracy3: 1.0000, loss: 0.4955 ||:  10%|9         | 18/184 [00:00<00:04, 38.30it/s]
accuracy: 0.8430, accuracy3: 1.0000, loss: 0.5060 ||:  12%|#2        | 23/184 [00:00<00:03, 41.16it/s]
accuracy: 0.8435, accuracy3: 1.0000, loss: 0.5041 ||:  16%|#5        | 29/184 [00:00<00:03, 43.81it/s]
accuracy: 0.8425, accuracy3: 1.0000, loss: 0.5006 ||:  18%|#8        | 34/184 [00:00<00:03, 45.02it/s]
accuracy: 0.8416, accuracy3: 1.0000, loss: 0.4991 ||:  22%|##1       | 40/184 [00:00<00:03, 47.17it/s]
accuracy: 0.8412, accuracy3: 1.0000, loss: 0.5019 ||:  25%|##5       | 46/184 [00:00<00:02, 49.04it/s]
accuracy: 0.8414, accuracy3: 1.0000, loss: 0.5023 ||:  28%|##7       | 51/184 [00:01<00:02, 48.66it/s]
accuracy: 0.8411, accuracy3: 1.0000, loss: 0.5010 ||:  30%|###       | 56/184 [00:01<00:02, 48.36it/s]
accuracy: 0.8413, accuracy3: 1.0000, loss: 0.5009 ||:  33%|###3      | 61/184 [00:01<00:02, 47.46it/s]
accuracy: 0.8410, accuracy3: 1.0000, loss: 0.5019 ||:  36%|###6      | 67/184 [00:01<00:02, 47.59it/s]
accuracy: 0.8414, accuracy3: 1.0000, loss: 0.5032 ||:  40%|###9      | 73/184 [00:01<00:02, 50.31it/s]
accuracy: 0.8406, accuracy3: 1.0000, loss: 0.5053 ||:  43%|####3     | 80/184 [00:01<00:01, 53.53it/s]
accuracy: 0.8410, accuracy3: 1.0000, loss: 0.5063 ||:  47%|####6     | 86/184 [00:01<00:02, 48.79it/s]
accuracy: 0.8410, accuracy3: 1.0000, loss: 0.5056 ||:  50%|#####     | 92/184 [00:01<00:01, 46.63it/s]
accuracy: 0.8417, accuracy3: 1.0000, loss: 0.5046 ||:  53%|#####2    | 97/184 [00:02<00:01, 45.15it/s]
accuracy: 0.8414, accuracy3: 1.0000, loss: 0.5043 ||:  55%|#####5    | 102/184 [00:02<00:01, 44.75it/s]
accuracy: 0.8416, accuracy3: 1.0000, loss: 0.5023 ||:  58%|#####8    | 107/184 [00:02<00:01, 45.24it/s]
accuracy: 0.8411, accuracy3: 1.0000, loss: 0.5021 ||:  61%|######1   | 113/184 [00:02<00:01, 46.97it/s]
accuracy: 0.8409, accuracy3: 1.0000, loss: 0.5024 ||:  64%|######4   | 118/184 [00:02<00:01, 44.67it/s]
accuracy: 0.8417, accuracy3: 1.0000, loss: 0.5024 ||:  69%|######9   | 127/184 [00:02<00:01, 51.90it/s]
accuracy: 0.8416, accuracy3: 1.0000, loss: 0.5032 ||:  73%|#######2  | 134/184 [00:02<00:00, 55.68it/s]
accuracy: 0.8415, accuracy3: 1.0000, loss: 0.5030 ||:  76%|#######6  | 140/184 [00:02<00:00, 55.92it/s]
accuracy: 0.8410, accuracy3: 1.0000, loss: 0.5031 ||:  82%|########1 | 150/184 [00:02<00:00, 63.41it/s]
accuracy: 0.8409, accuracy3: 1.0000, loss: 0.5031 ||:  86%|########5 | 158/184 [00:03<00:00, 64.11it/s]
accuracy: 0.8410, accuracy3: 1.0000, loss: 0.5020 ||:  90%|########9 | 165/184 [00:03<00:00, 60.87it/s]
accuracy: 0.8406, accuracy3: 1.0000, loss: 0.5030 ||:  95%|#########4| 174/184 [00:03<00:00, 67.33it/s]
accuracy: 0.8401, accuracy3: 1.0000, loss: 0.5027 ||:  99%|#########9| 183/184 [00:03<00:00, 71.23it/s]
accuracy: 0.8400, accuracy3: 1.0000, loss: 0.5033 ||: 100%|##########| 184/184 [00:03<00:00, 53.51it/s]

  0%|          | 0/98 [00:00<?, ?it/s]
accuracy: 0.8060, accuracy3: 1.0000, loss: 0.4696 ||:   5%|5         | 5/98 [00:00<00:02, 46.31it/s]
accuracy: 0.8369, accuracy3: 1.0000, loss: 0.7007 ||:  10%|#         | 10/98 [00:00<00:01, 45.73it/s]
accuracy: 0.8271, accuracy3: 1.0000, loss: 0.6848 ||:  15%|#5        | 15/98 [00:00<00:01, 46.09it/s]
accuracy: 0.8279, accuracy3: 1.0000, loss: 0.6640 ||:  21%|##1       | 21/98 [00:00<00:01, 48.51it/s]
accuracy: 0.8246, accuracy3: 1.0000, loss: 0.6139 ||:  32%|###1      | 31/98 [00:00<00:01, 57.14it/s]
accuracy: 0.8324, accuracy3: 1.0000, loss: 0.6359 ||:  43%|####2     | 42/98 [00:00<00:00, 66.72it/s]
accuracy: 0.8410, accuracy3: 1.0000, loss: 0.6341 ||:  51%|#####1    | 50/98 [00:00<00:00, 69.08it/s]
accuracy: 0.8508, accuracy3: 1.0000, loss: 0.6112 ||:  59%|#####9    | 58/98 [00:00<00:00, 69.28it/s]
accuracy: 0.8463, accuracy3: 1.0000, loss: 0.5954 ||:  70%|#######   | 69/98 [00:00<00:00, 76.79it/s]
accuracy: 0.8448, accuracy3: 1.0000, loss: 0.5885 ||:  80%|#######9  | 78/98 [00:01<00:00, 69.89it/s]
accuracy: 0.8478, accuracy3: 1.0000, loss: 0.5950 ||:  90%|########9 | 88/98 [00:01<00:00, 75.28it/s]
accuracy: 0.8507, accuracy3: 1.0000, loss: 0.5952 ||:  99%|#########8| 97/98 [00:01<00:00, 75.44it/s]
accuracy: 0.8506, accuracy3: 1.0000, loss: 0.5931 ||: 100%|##########| 98/98 [00:01<00:00, 72.00it/s]

  0%|          | 0/184 [00:00<?, ?it/s]
accuracy: 0.8473, accuracy3: 1.0000, loss: 0.4821 ||:   2%|2         | 4/184 [00:00<00:04, 39.05it/s]
accuracy: 0.8392, accuracy3: 1.0000, loss: 0.4966 ||:   5%|4         | 9/184 [00:00<00:04, 41.72it/s]
accuracy: 0.8410, accuracy3: 1.0000, loss: 0.4943 ||:   8%|7         | 14/184 [00:00<00:03, 43.71it/s]
accuracy: 0.8394, accuracy3: 1.0000, loss: 0.4986 ||:  11%|#1        | 21/184 [00:00<00:03, 48.63it/s]
accuracy: 0.8389, accuracy3: 1.0000, loss: 0.5060 ||:  15%|#4        | 27/184 [00:00<00:03, 48.36it/s]
accuracy: 0.8395, accuracy3: 1.0000, loss: 0.5076 ||:  17%|#7        | 32/184 [00:00<00:03, 40.38it/s]
accuracy: 0.8386, accuracy3: 1.0000, loss: 0.5064 ||:  20%|##        | 37/184 [00:00<00:03, 41.40it/s]
accuracy: 0.8391, accuracy3: 1.0000, loss: 0.5093 ||:  23%|##3       | 43/184 [00:00<00:03, 43.75it/s]
accuracy: 0.8374, accuracy3: 1.0000, loss: 0.5093 ||:  27%|##7       | 50/184 [00:01<00:02, 48.39it/s]
accuracy: 0.8382, accuracy3: 1.0000, loss: 0.5072 ||:  32%|###2      | 59/184 [00:01<00:02, 55.67it/s]
accuracy: 0.8386, accuracy3: 1.0000, loss: 0.5075 ||:  36%|###5      | 66/184 [00:01<00:02, 57.26it/s]
accuracy: 0.8380, accuracy3: 1.0000, loss: 0.5072 ||:  40%|###9      | 73/184 [00:01<00:01, 56.10it/s]
accuracy: 0.8383, accuracy3: 1.0000, loss: 0.5060 ||:  45%|####4     | 82/184 [00:01<00:01, 62.85it/s]
accuracy: 0.8396, accuracy3: 1.0000, loss: 0.5002 ||:  49%|####9     | 91/184 [00:01<00:01, 67.64it/s]
accuracy: 0.8390, accuracy3: 1.0000, loss: 0.5030 ||:  54%|#####4    | 100/184 [00:01<00:01, 72.56it/s]
accuracy: 0.8377, accuracy3: 1.0000, loss: 0.5036 ||:  59%|#####8    | 108/184 [00:01<00:01, 69.09it/s]
accuracy: 0.8375, accuracy3: 1.0000, loss: 0.5020 ||:  64%|######4   | 118/184 [00:01<00:00, 74.43it/s]
accuracy: 0.8375, accuracy3: 1.0000, loss: 0.5013 ||:  68%|######8   | 126/184 [00:02<00:00, 73.80it/s]
accuracy: 0.8380, accuracy3: 1.0000, loss: 0.5019 ||:  73%|#######2  | 134/184 [00:02<00:00, 69.43it/s]
accuracy: 0.8380, accuracy3: 1.0000, loss: 0.5027 ||:  77%|#######7  | 142/184 [00:02<00:00, 68.53it/s]
accuracy: 0.8381, accuracy3: 1.0000, loss: 0.5026 ||:  82%|########1 | 150/184 [00:02<00:00, 65.82it/s]
accuracy: 0.8386, accuracy3: 1.0000, loss: 0.5021 ||:  86%|########6 | 159/184 [00:02<00:00, 70.85it/s]
accuracy: 0.8388, accuracy3: 1.0000, loss: 0.5022 ||:  91%|######### | 167/184 [00:02<00:00, 65.01it/s]
accuracy: 0.8386, accuracy3: 1.0000, loss: 0.5027 ||:  95%|#########4| 174/184 [00:02<00:00, 55.01it/s]
accuracy: 0.8385, accuracy3: 1.0000, loss: 0.5024 ||:  98%|#########7| 180/184 [00:03<00:00, 50.75it/s]
accuracy: 0.8385, accuracy3: 1.0000, loss: 0.5027 ||: 100%|##########| 184/184 [00:03<00:00, 60.21it/s]

  0%|          | 0/98 [00:00<?, ?it/s]
accuracy: 0.8383, accuracy3: 1.0000, loss: 0.7073 ||:  11%|#1        | 11/98 [00:00<00:00, 107.41it/s]
accuracy: 0.8269, accuracy3: 1.0000, loss: 0.6515 ||:  22%|##2       | 22/98 [00:00<00:00, 104.95it/s]
accuracy: 0.8237, accuracy3: 1.0000, loss: 0.6223 ||:  29%|##8       | 28/98 [00:00<00:00, 80.10it/s] 
accuracy: 0.8275, accuracy3: 1.0000, loss: 0.6084 ||:  35%|###4      | 34/98 [00:00<00:00, 72.24it/s]
accuracy: 0.8331, accuracy3: 1.0000, loss: 0.6329 ||:  45%|####4     | 44/98 [00:00<00:00, 77.86it/s]
accuracy: 0.8422, accuracy3: 1.0000, loss: 0.6268 ||:  52%|#####2    | 51/98 [00:00<00:00, 66.62it/s]
accuracy: 0.8508, accuracy3: 1.0000, loss: 0.6076 ||:  59%|#####9    | 58/98 [00:00<00:00, 63.76it/s]
accuracy: 0.8479, accuracy3: 1.0000, loss: 0.5926 ||:  69%|######9   | 68/98 [00:00<00:00, 69.73it/s]
accuracy: 0.8452, accuracy3: 1.0000, loss: 0.5859 ||:  78%|#######7  | 76/98 [00:01<00:00, 71.33it/s]
accuracy: 0.8465, accuracy3: 1.0000, loss: 0.5894 ||:  89%|########8 | 87/98 [00:01<00:00, 79.17it/s]
accuracy: 0.8494, accuracy3: 1.0000, loss: 0.5924 ||:  98%|#########7| 96/98 [00:01<00:00, 71.32it/s]
accuracy: 0.8498, accuracy3: 1.0000, loss: 0.5897 ||: 100%|##########| 98/98 [00:01<00:00, 75.71it/s]

  0%|          | 0/184 [00:00<?, ?it/s]
accuracy: 0.8394, accuracy3: 1.0000, loss: 0.4778 ||:   2%|2         | 4/184 [00:00<00:05, 35.08it/s]
accuracy: 0.8415, accuracy3: 1.0000, loss: 0.4816 ||:   4%|4         | 8/184 [00:00<00:04, 35.73it/s]
accuracy: 0.8376, accuracy3: 1.0000, loss: 0.4950 ||:   7%|7         | 13/184 [00:00<00:04, 38.56it/s]
accuracy: 0.8357, accuracy3: 1.0000, loss: 0.4999 ||:  10%|9         | 18/184 [00:00<00:04, 40.70it/s]
accuracy: 0.8372, accuracy3: 1.0000, loss: 0.4983 ||:  12%|#2        | 23/184 [00:00<00:03, 41.94it/s]
accuracy: 0.8388, accuracy3: 1.0000, loss: 0.4963 ||:  16%|#5        | 29/184 [00:00<00:03, 44.73it/s]
accuracy: 0.8372, accuracy3: 1.0000, loss: 0.5022 ||:  21%|##        | 38/184 [00:00<00:02, 52.56it/s]
accuracy: 0.8374, accuracy3: 1.0000, loss: 0.5030 ||:  26%|##5       | 47/184 [00:00<00:02, 58.84it/s]
accuracy: 0.8384, accuracy3: 1.0000, loss: 0.5038 ||:  29%|##9       | 54/184 [00:00<00:02, 57.40it/s]
accuracy: 0.8368, accuracy3: 1.0000, loss: 0.5033 ||:  33%|###3      | 61/184 [00:01<00:02, 48.33it/s]
accuracy: 0.8367, accuracy3: 1.0000, loss: 0.5018 ||:  36%|###6      | 67/184 [00:01<00:02, 40.44it/s]
accuracy: 0.8362, accuracy3: 1.0000, loss: 0.5020 ||:  39%|###9      | 72/184 [00:01<00:02, 39.07it/s]
accuracy: 0.8349, accuracy3: 1.0000, loss: 0.5032 ||:  44%|####4     | 81/184 [00:01<00:02, 46.49it/s]
accuracy: 0.8354, accuracy3: 1.0000, loss: 0.5023 ||:  49%|####8     | 90/184 [00:01<00:01, 53.47it/s]
accuracy: 0.8359, accuracy3: 1.0000, loss: 0.5022 ||:  53%|#####2    | 97/184 [00:01<00:01, 52.80it/s]
accuracy: 0.8363, accuracy3: 1.0000, loss: 0.5019 ||:  57%|#####7    | 105/184 [00:01<00:01, 58.15it/s]
accuracy: 0.8362, accuracy3: 1.0000, loss: 0.5011 ||:  62%|######1   | 114/184 [00:02<00:01, 63.53it/s]
accuracy: 0.8363, accuracy3: 1.0000, loss: 0.5042 ||:  66%|######6   | 122/184 [00:02<00:00, 65.24it/s]
accuracy: 0.8364, accuracy3: 1.0000, loss: 0.5033 ||:  70%|#######   | 129/184 [00:02<00:00, 62.83it/s]
accuracy: 0.8357, accuracy3: 1.0000, loss: 0.5038 ||:  75%|#######5  | 138/184 [00:02<00:00, 68.07it/s]
accuracy: 0.8356, accuracy3: 1.0000, loss: 0.5045 ||:  79%|#######9  | 146/184 [00:02<00:00, 66.48it/s]
accuracy: 0.8359, accuracy3: 1.0000, loss: 0.5042 ||:  83%|########3 | 153/184 [00:02<00:00, 56.23it/s]
accuracy: 0.8363, accuracy3: 1.0000, loss: 0.5031 ||:  89%|########8 | 163/184 [00:02<00:00, 63.26it/s]
accuracy: 0.8365, accuracy3: 1.0000, loss: 0.5031 ||:  92%|#########2| 170/184 [00:02<00:00, 62.80it/s]
accuracy: 0.8370, accuracy3: 1.0000, loss: 0.5019 ||:  96%|#########6| 177/184 [00:03<00:00, 62.32it/s]
accuracy: 0.8369, accuracy3: 1.0000, loss: 0.5019 ||: 100%|##########| 184/184 [00:03<00:00, 55.55it/s]

  0%|          | 0/98 [00:00<?, ?it/s]
accuracy: 0.8044, accuracy3: 1.0000, loss: 0.4701 ||:   5%|5         | 5/98 [00:00<00:01, 47.92it/s]
accuracy: 0.8390, accuracy3: 1.0000, loss: 0.7118 ||:  11%|#1        | 11/98 [00:00<00:01, 49.78it/s]
accuracy: 0.8278, accuracy3: 1.0000, loss: 0.6794 ||:  16%|#6        | 16/98 [00:00<00:01, 47.87it/s]
accuracy: 0.8268, accuracy3: 1.0000, loss: 0.6417 ||:  26%|##5       | 25/98 [00:00<00:01, 55.23it/s]
accuracy: 0.8262, accuracy3: 1.0000, loss: 0.6122 ||:  33%|###2      | 32/98 [00:00<00:01, 57.46it/s]
accuracy: 0.8332, accuracy3: 1.0000, loss: 0.6307 ||:  42%|####1     | 41/98 [00:00<00:00, 64.18it/s]
accuracy: 0.8439, accuracy3: 1.0000, loss: 0.6304 ||:  52%|#####2    | 51/98 [00:00<00:00, 69.46it/s]
accuracy: 0.8518, accuracy3: 1.0000, loss: 0.6101 ||:  60%|######    | 59/98 [00:00<00:00, 66.42it/s]
accuracy: 0.8503, accuracy3: 1.0000, loss: 0.5990 ||:  67%|######7   | 66/98 [00:01<00:00, 65.98it/s]
accuracy: 0.8474, accuracy3: 1.0000, loss: 0.5911 ||:  74%|#######4  | 73/98 [00:01<00:00, 65.23it/s]
accuracy: 0.8458, accuracy3: 1.0000, loss: 0.5926 ||:  82%|########1 | 80/98 [00:01<00:00, 56.72it/s]
accuracy: 0.8480, accuracy3: 1.0000, loss: 0.5887 ||:  88%|########7 | 86/98 [00:01<00:00, 56.45it/s]
accuracy: 0.8493, accuracy3: 1.0000, loss: 0.5967 ||:  94%|#########3| 92/98 [00:01<00:00, 55.72it/s]
accuracy: 0.8511, accuracy3: 1.0000, loss: 0.5923 ||: 100%|##########| 98/98 [00:01<00:00, 54.82it/s]

  0%|          | 0/184 [00:00<?, ?it/s]
accuracy: 0.8460, accuracy3: 1.0000, loss: 0.4773 ||:   2%|1         | 3/184 [00:00<00:07, 24.26it/s]
accuracy: 0.8383, accuracy3: 1.0000, loss: 0.4815 ||:   4%|4         | 8/184 [00:00<00:06, 27.06it/s]
accuracy: 0.8398, accuracy3: 1.0000, loss: 0.4959 ||:   8%|7         | 14/184 [00:00<00:05, 31.34it/s]
accuracy: 0.8391, accuracy3: 1.0000, loss: 0.4937 ||:  10%|9         | 18/184 [00:00<00:05, 32.62it/s]
accuracy: 0.8368, accuracy3: 1.0000, loss: 0.4931 ||:  12%|#1        | 22/184 [00:00<00:04, 33.24it/s]
accuracy: 0.8387, accuracy3: 1.0000, loss: 0.4911 ||:  14%|#4        | 26/184 [00:00<00:04, 32.44it/s]
accuracy: 0.8389, accuracy3: 1.0000, loss: 0.4884 ||:  17%|#6        | 31/184 [00:00<00:04, 36.07it/s]
accuracy: 0.8392, accuracy3: 1.0000, loss: 0.4894 ||:  19%|#9        | 35/184 [00:00<00:04, 36.59it/s]
accuracy: 0.8389, accuracy3: 1.0000, loss: 0.4934 ||:  21%|##1       | 39/184 [00:01<00:03, 36.82it/s]
accuracy: 0.8404, accuracy3: 1.0000, loss: 0.4924 ||:  24%|##3       | 44/184 [00:01<00:03, 39.30it/s]
accuracy: 0.8386, accuracy3: 1.0000, loss: 0.4946 ||:  27%|##6       | 49/184 [00:01<00:03, 40.69it/s]
accuracy: 0.8385, accuracy3: 1.0000, loss: 0.4987 ||:  29%|##9       | 54/184 [00:01<00:03, 40.44it/s]
accuracy: 0.8385, accuracy3: 1.0000, loss: 0.4994 ||:  32%|###2      | 59/184 [00:01<00:02, 41.94it/s]
accuracy: 0.8387, accuracy3: 1.0000, loss: 0.5012 ||:  35%|###4      | 64/184 [00:01<00:02, 42.38it/s]
accuracy: 0.8394, accuracy3: 1.0000, loss: 0.5004 ||:  38%|###8      | 70/184 [00:01<00:02, 44.57it/s]
accuracy: 0.8383, accuracy3: 1.0000, loss: 0.4998 ||:  41%|####1     | 76/184 [00:01<00:02, 44.52it/s]
accuracy: 0.8378, accuracy3: 1.0000, loss: 0.4990 ||:  45%|####4     | 82/184 [00:01<00:02, 47.81it/s]
accuracy: 0.8380, accuracy3: 1.0000, loss: 0.4984 ||:  47%|####7     | 87/184 [00:02<00:02, 48.44it/s]
accuracy: 0.8380, accuracy3: 1.0000, loss: 0.4986 ||:  51%|#####     | 93/184 [00:02<00:01, 49.68it/s]
accuracy: 0.8376, accuracy3: 1.0000, loss: 0.5014 ||:  54%|#####3    | 99/184 [00:02<00:01, 48.16it/s]
accuracy: 0.8377, accuracy3: 1.0000, loss: 0.5015 ||:  57%|#####6    | 104/184 [00:02<00:01, 47.44it/s]
accuracy: 0.8374, accuracy3: 1.0000, loss: 0.5005 ||:  61%|######    | 112/184 [00:02<00:01, 53.74it/s]
accuracy: 0.8371, accuracy3: 1.0000, loss: 0.5004 ||:  66%|######5   | 121/184 [00:02<00:01, 60.54it/s]
accuracy: 0.8370, accuracy3: 1.0000, loss: 0.5006 ||:  70%|######9   | 128/184 [00:02<00:00, 59.04it/s]
accuracy: 0.8373, accuracy3: 1.0000, loss: 0.5000 ||:  75%|#######5  | 138/184 [00:02<00:00, 66.75it/s]
accuracy: 0.8381, accuracy3: 1.0000, loss: 0.4988 ||:  79%|#######9  | 146/184 [00:03<00:00, 61.74it/s]
accuracy: 0.8380, accuracy3: 1.0000, loss: 0.4985 ||:  83%|########3 | 153/184 [00:03<00:00, 57.92it/s]
accuracy: 0.8378, accuracy3: 1.0000, loss: 0.4983 ||:  87%|########6 | 160/184 [00:03<00:00, 56.20it/s]
accuracy: 0.8377, accuracy3: 1.0000, loss: 0.5001 ||:  90%|######### | 166/184 [00:03<00:00, 47.89it/s]
accuracy: 0.8371, accuracy3: 1.0000, loss: 0.5015 ||:  93%|#########3| 172/184 [00:03<00:00, 41.16it/s]
accuracy: 0.8372, accuracy3: 1.0000, loss: 0.5008 ||:  96%|#########6| 177/184 [00:03<00:00, 42.46it/s]
accuracy: 0.8366, accuracy3: 1.0000, loss: 0.5020 ||:  99%|#########8| 182/184 [00:03<00:00, 43.87it/s]
accuracy: 0.8366, accuracy3: 1.0000, loss: 0.5017 ||: 100%|##########| 184/184 [00:03<00:00, 46.94it/s]

  0%|          | 0/98 [00:00<?, ?it/s]
accuracy: 0.7998, accuracy3: 1.0000, loss: 0.4737 ||:   5%|5         | 5/98 [00:00<00:01, 47.31it/s]
accuracy: 0.8329, accuracy3: 1.0000, loss: 0.6944 ||:  10%|#         | 10/98 [00:00<00:01, 45.58it/s]
accuracy: 0.8251, accuracy3: 1.0000, loss: 0.6779 ||:  15%|#5        | 15/98 [00:00<00:01, 45.04it/s]
accuracy: 0.8225, accuracy3: 1.0000, loss: 0.6400 ||:  23%|##3       | 23/98 [00:00<00:01, 50.27it/s]
accuracy: 0.8194, accuracy3: 1.0000, loss: 0.6138 ||:  30%|##9       | 29/98 [00:00<00:01, 50.73it/s]
accuracy: 0.8240, accuracy3: 1.0000, loss: 0.6043 ||:  36%|###5      | 35/98 [00:00<00:01, 50.90it/s]
accuracy: 0.8265, accuracy3: 1.0000, loss: 0.6197 ||:  41%|####      | 40/98 [00:00<00:01, 50.35it/s]
accuracy: 0.8329, accuracy3: 1.0000, loss: 0.6237 ||:  49%|####8     | 48/98 [00:00<00:00, 56.63it/s]
accuracy: 0.8467, accuracy3: 1.0000, loss: 0.6048 ||:  58%|#####8    | 57/98 [00:01<00:00, 61.93it/s]
accuracy: 0.8452, accuracy3: 1.0000, loss: 0.5978 ||:  65%|######5   | 64/98 [00:01<00:00, 63.28it/s]
accuracy: 0.8413, accuracy3: 1.0000, loss: 0.5850 ||:  77%|#######6  | 75/98 [00:01<00:00, 71.36it/s]
accuracy: 0.8416, accuracy3: 1.0000, loss: 0.5860 ||:  85%|########4 | 83/98 [00:01<00:00, 67.44it/s]
accuracy: 0.8450, accuracy3: 1.0000, loss: 0.5913 ||:  96%|#########5| 94/98 [00:01<00:00, 74.70it/s]
accuracy: 0.8462, accuracy3: 1.0000, loss: 0.5870 ||: 100%|##########| 98/98 [00:01<00:00, 65.53it/s]

  0%|          | 0/184 [00:00<?, ?it/s]
accuracy: 0.8320, accuracy3: 1.0000, loss: 0.5083 ||:   2%|2         | 4/184 [00:00<00:05, 35.61it/s]
accuracy: 0.8315, accuracy3: 1.0000, loss: 0.5022 ||:   5%|4         | 9/184 [00:00<00:04, 38.71it/s]
accuracy: 0.8327, accuracy3: 1.0000, loss: 0.4991 ||:   8%|7         | 14/184 [00:00<00:04, 40.93it/s]
accuracy: 0.8320, accuracy3: 1.0000, loss: 0.5008 ||:  11%|#         | 20/184 [00:00<00:03, 44.42it/s]
accuracy: 0.8327, accuracy3: 1.0000, loss: 0.5079 ||:  16%|#5        | 29/184 [00:00<00:02, 52.03it/s]
accuracy: 0.8321, accuracy3: 1.0000, loss: 0.5132 ||:  21%|##        | 38/184 [00:00<00:02, 58.98it/s]
accuracy: 0.8315, accuracy3: 1.0000, loss: 0.5113 ||:  24%|##4       | 45/184 [00:00<00:02, 55.62it/s]
accuracy: 0.8317, accuracy3: 1.0000, loss: 0.5102 ||:  29%|##9       | 54/184 [00:00<00:02, 62.41it/s]
accuracy: 0.8318, accuracy3: 1.0000, loss: 0.5055 ||:  34%|###4      | 63/184 [00:00<00:01, 66.90it/s]
accuracy: 0.8331, accuracy3: 1.0000, loss: 0.5041 ||:  39%|###8      | 71/184 [00:01<00:01, 62.24it/s]
accuracy: 0.8336, accuracy3: 1.0000, loss: 0.5053 ||:  43%|####3     | 80/184 [00:01<00:01, 68.45it/s]
accuracy: 0.8334, accuracy3: 1.0000, loss: 0.5061 ||:  48%|####7     | 88/184 [00:01<00:01, 65.77it/s]
accuracy: 0.8336, accuracy3: 1.0000, loss: 0.5055 ||:  52%|#####1    | 95/184 [00:01<00:01, 66.94it/s]
accuracy: 0.8342, accuracy3: 1.0000, loss: 0.5037 ||:  57%|#####7    | 105/184 [00:01<00:01, 73.08it/s]
accuracy: 0.8341, accuracy3: 1.0000, loss: 0.5038 ||:  62%|######1   | 114/184 [00:01<00:00, 74.33it/s]
accuracy: 0.8339, accuracy3: 1.0000, loss: 0.5048 ||:  66%|######6   | 122/184 [00:01<00:00, 65.38it/s]
accuracy: 0.8340, accuracy3: 1.0000, loss: 0.5045 ||:  70%|#######   | 129/184 [00:02<00:00, 55.61it/s]
accuracy: 0.8336, accuracy3: 1.0000, loss: 0.5046 ||:  74%|#######3  | 136/184 [00:02<00:00, 51.21it/s]
accuracy: 0.8335, accuracy3: 1.0000, loss: 0.5046 ||:  79%|#######9  | 146/184 [00:02<00:00, 59.78it/s]
accuracy: 0.8335, accuracy3: 1.0000, loss: 0.5050 ||:  83%|########3 | 153/184 [00:02<00:00, 56.98it/s]
accuracy: 0.8341, accuracy3: 1.0000, loss: 0.5042 ||:  87%|########6 | 160/184 [00:02<00:00, 58.70it/s]
accuracy: 0.8340, accuracy3: 1.0000, loss: 0.5030 ||:  91%|######### | 167/184 [00:02<00:00, 59.53it/s]
accuracy: 0.8338, accuracy3: 1.0000, loss: 0.5019 ||:  95%|#########4| 174/184 [00:02<00:00, 59.15it/s]
accuracy: 0.8339, accuracy3: 1.0000, loss: 0.5014 ||:  98%|#########8| 181/184 [00:02<00:00, 52.59it/s]
accuracy: 0.8338, accuracy3: 1.0000, loss: 0.5015 ||: 100%|##########| 184/184 [00:02<00:00, 61.97it/s]

  0%|          | 0/98 [00:00<?, ?it/s]
accuracy: 0.8355, accuracy3: 1.0000, loss: 0.7013 ||:  10%|#         | 10/98 [00:00<00:01, 77.90it/s]
accuracy: 0.8269, accuracy3: 1.0000, loss: 0.6850 ||:  15%|#5        | 15/98 [00:00<00:01, 64.87it/s]
accuracy: 0.8235, accuracy3: 1.0000, loss: 0.6373 ||:  27%|##6       | 26/98 [00:00<00:00, 72.87it/s]
accuracy: 0.8273, accuracy3: 1.0000, loss: 0.6082 ||:  36%|###5      | 35/98 [00:00<00:00, 74.51it/s]
accuracy: 0.8307, accuracy3: 1.0000, loss: 0.6333 ||:  43%|####2     | 42/98 [00:00<00:00, 71.93it/s]
accuracy: 0.8441, accuracy3: 1.0000, loss: 0.6254 ||:  54%|#####4    | 53/98 [00:00<00:00, 79.47it/s]
accuracy: 0.8487, accuracy3: 1.0000, loss: 0.6048 ||:  62%|######2   | 61/98 [00:00<00:00, 74.87it/s]
accuracy: 0.8450, accuracy3: 1.0000, loss: 0.5931 ||:  70%|#######   | 69/98 [00:00<00:00, 67.63it/s]
accuracy: 0.8436, accuracy3: 1.0000, loss: 0.5911 ||:  82%|########1 | 80/98 [00:01<00:00, 75.35it/s]
accuracy: 0.8464, accuracy3: 1.0000, loss: 0.5970 ||:  92%|#########1| 90/98 [00:01<00:00, 81.04it/s]
accuracy: 0.8492, accuracy3: 1.0000, loss: 0.5913 ||: 100%|##########| 98/98 [00:01<00:00, 75.84it/s]

  0%|          | 0/184 [00:00<?, ?it/s]
accuracy: 0.8292, accuracy3: 1.0000, loss: 0.5086 ||:   2%|2         | 4/184 [00:00<00:04, 38.14it/s]
accuracy: 0.8342, accuracy3: 1.0000, loss: 0.5172 ||:   5%|5         | 10/184 [00:00<00:04, 41.18it/s]
accuracy: 0.8379, accuracy3: 1.0000, loss: 0.5077 ||:   9%|8         | 16/184 [00:00<00:03, 43.37it/s]
accuracy: 0.8347, accuracy3: 1.0000, loss: 0.5071 ||:  11%|#1        | 21/184 [00:00<00:03, 43.78it/s]
accuracy: 0.8367, accuracy3: 1.0000, loss: 0.4969 ||:  15%|#4        | 27/184 [00:00<00:03, 46.80it/s]
accuracy: 0.8357, accuracy3: 1.0000, loss: 0.5048 ||:  17%|#7        | 32/184 [00:00<00:03, 46.30it/s]
accuracy: 0.8358, accuracy3: 1.0000, loss: 0.5041 ||:  22%|##1       | 40/184 [00:00<00:02, 50.40it/s]
accuracy: 0.8368, accuracy3: 1.0000, loss: 0.4994 ||:  24%|##4       | 45/184 [00:00<00:02, 50.26it/s]
accuracy: 0.8369, accuracy3: 1.0000, loss: 0.5004 ||:  28%|##7       | 51/184 [00:01<00:02, 51.54it/s]
accuracy: 0.8370, accuracy3: 1.0000, loss: 0.4999 ||:  31%|###       | 57/184 [00:01<00:02, 50.57it/s]
accuracy: 0.8368, accuracy3: 1.0000, loss: 0.4981 ||:  34%|###4      | 63/184 [00:01<00:02, 50.12it/s]
accuracy: 0.8366, accuracy3: 1.0000, loss: 0.4991 ||:  40%|###9      | 73/184 [00:01<00:01, 57.70it/s]
accuracy: 0.8362, accuracy3: 1.0000, loss: 0.4984 ||:  43%|####3     | 80/184 [00:01<00:01, 55.38it/s]
accuracy: 0.8362, accuracy3: 1.0000, loss: 0.4997 ||:  47%|####6     | 86/184 [00:01<00:01, 56.31it/s]
accuracy: 0.8372, accuracy3: 1.0000, loss: 0.5009 ||:  52%|#####1    | 95/184 [00:01<00:01, 61.37it/s]
accuracy: 0.8362, accuracy3: 1.0000, loss: 0.5014 ||:  55%|#####5    | 102/184 [00:01<00:01, 62.71it/s]
accuracy: 0.8366, accuracy3: 1.0000, loss: 0.5014 ||:  59%|#####9    | 109/184 [00:01<00:01, 56.47it/s]
accuracy: 0.8371, accuracy3: 1.0000, loss: 0.5010 ||:  62%|######2   | 115/184 [00:02<00:01, 50.11it/s]
accuracy: 0.8379, accuracy3: 1.0000, loss: 0.5012 ||:  66%|######5   | 121/184 [00:02<00:01, 49.71it/s]
accuracy: 0.8376, accuracy3: 1.0000, loss: 0.5015 ||:  69%|######9   | 127/184 [00:02<00:01, 50.79it/s]
accuracy: 0.8370, accuracy3: 1.0000, loss: 0.5022 ||:  74%|#######4  | 137/184 [00:02<00:00, 58.51it/s]
accuracy: 0.8367, accuracy3: 1.0000, loss: 0.5019 ||:  78%|#######8  | 144/184 [00:02<00:00, 57.38it/s]
accuracy: 0.8360, accuracy3: 1.0000, loss: 0.5005 ||:  82%|########2 | 151/184 [00:02<00:00, 50.40it/s]
accuracy: 0.8361, accuracy3: 1.0000, loss: 0.5014 ||:  85%|########5 | 157/184 [00:02<00:00, 49.73it/s]
accuracy: 0.8357, accuracy3: 1.0000, loss: 0.5026 ||:  89%|########8 | 163/184 [00:03<00:00, 49.31it/s]
accuracy: 0.8353, accuracy3: 1.0000, loss: 0.5013 ||:  92%|#########1| 169/184 [00:03<00:00, 48.93it/s]
accuracy: 0.8353, accuracy3: 1.0000, loss: 0.5013 ||:  95%|#########5| 175/184 [00:03<00:00, 46.01it/s]
accuracy: 0.8352, accuracy3: 1.0000, loss: 0.5010 ||: 100%|##########| 184/184 [00:03<00:00, 54.06it/s]

  0%|          | 0/98 [00:00<?, ?it/s]
accuracy: 0.8354, accuracy3: 1.0000, loss: 0.7104 ||:  11%|#1        | 11/98 [00:00<00:00, 98.26it/s]
accuracy: 0.8247, accuracy3: 1.0000, loss: 0.6778 ||:  16%|#6        | 16/98 [00:00<00:01, 76.03it/s]
accuracy: 0.8206, accuracy3: 1.0000, loss: 0.6295 ||:  28%|##7       | 27/98 [00:00<00:00, 82.18it/s]
accuracy: 0.8232, accuracy3: 1.0000, loss: 0.6087 ||:  34%|###3      | 33/98 [00:00<00:00, 72.25it/s]
accuracy: 0.8280, accuracy3: 1.0000, loss: 0.6171 ||:  40%|###9      | 39/98 [00:00<00:00, 64.74it/s]
accuracy: 0.8354, accuracy3: 1.0000, loss: 0.6272 ||:  49%|####8     | 48/98 [00:00<00:00, 69.38it/s]
accuracy: 0.8491, accuracy3: 1.0000, loss: 0.6079 ||:  59%|#####9    | 58/98 [00:00<00:00, 73.31it/s]
accuracy: 0.8470, accuracy3: 1.0000, loss: 0.5984 ||:  66%|######6   | 65/98 [00:00<00:00, 63.41it/s]
accuracy: 0.8441, accuracy3: 1.0000, loss: 0.5883 ||:  76%|#######5  | 74/98 [00:01<00:00, 69.07it/s]
accuracy: 0.8443, accuracy3: 1.0000, loss: 0.5863 ||:  87%|########6 | 85/98 [00:01<00:00, 75.64it/s]
accuracy: 0.8472, accuracy3: 1.0000, loss: 0.5944 ||:  95%|#########4| 93/98 [00:01<00:00, 73.86it/s]
accuracy: 0.8484, accuracy3: 1.0000, loss: 0.5896 ||: 100%|##########| 98/98 [00:01<00:00, 74.16it/s]

  0%|          | 0/184 [00:00<?, ?it/s]
accuracy: 0.8339, accuracy3: 1.0000, loss: 0.4918 ||:   4%|3         | 7/184 [00:00<00:02, 67.79it/s]
accuracy: 0.8350, accuracy3: 1.0000, loss: 0.4852 ||:   7%|6         | 12/184 [00:00<00:02, 58.29it/s]
accuracy: 0.8372, accuracy3: 1.0000, loss: 0.4854 ||:   9%|9         | 17/184 [00:00<00:03, 54.94it/s]
accuracy: 0.8370, accuracy3: 1.0000, loss: 0.4908 ||:  14%|#3        | 25/184 [00:00<00:02, 60.16it/s]
accuracy: 0.8378, accuracy3: 1.0000, loss: 0.4916 ||:  18%|#7        | 33/184 [00:00<00:02, 63.56it/s]
accuracy: 0.8376, accuracy3: 1.0000, loss: 0.4959 ||:  21%|##1       | 39/184 [00:00<00:02, 58.47it/s]
accuracy: 0.8383, accuracy3: 1.0000, loss: 0.4973 ||:  24%|##4       | 45/184 [00:00<00:02, 53.05it/s]
accuracy: 0.8379, accuracy3: 1.0000, loss: 0.4963 ||:  28%|##8       | 52/184 [00:00<00:02, 56.00it/s]
accuracy: 0.8370, accuracy3: 1.0000, loss: 0.4973 ||:  32%|###1      | 58/184 [00:01<00:02, 51.05it/s]
accuracy: 0.8388, accuracy3: 1.0000, loss: 0.4992 ||:  35%|###4      | 64/184 [00:01<00:02, 48.59it/s]
accuracy: 0.8388, accuracy3: 1.0000, loss: 0.4981 ||:  38%|###7      | 69/184 [00:01<00:02, 48.31it/s]
accuracy: 0.8381, accuracy3: 1.0000, loss: 0.5015 ||:  41%|####      | 75/184 [00:01<00:02, 49.69it/s]
accuracy: 0.8383, accuracy3: 1.0000, loss: 0.5017 ||:  43%|####3     | 80/184 [00:01<00:02, 48.94it/s]
accuracy: 0.8385, accuracy3: 1.0000, loss: 0.5020 ||:  48%|####8     | 89/184 [00:01<00:01, 56.60it/s]
accuracy: 0.8381, accuracy3: 1.0000, loss: 0.5010 ||:  52%|#####2    | 96/184 [00:01<00:01, 57.69it/s]
accuracy: 0.8377, accuracy3: 1.0000, loss: 0.5009 ||:  57%|#####6    | 104/184 [00:01<00:01, 62.18it/s]
accuracy: 0.8371, accuracy3: 1.0000, loss: 0.5009 ||:  60%|######    | 111/184 [00:01<00:01, 57.99it/s]
accuracy: 0.8367, accuracy3: 1.0000, loss: 0.5011 ||:  65%|######4   | 119/184 [00:02<00:01, 61.53it/s]
accuracy: 0.8360, accuracy3: 1.0000, loss: 0.5007 ||:  70%|#######   | 129/184 [00:02<00:00, 67.19it/s]
accuracy: 0.8362, accuracy3: 1.0000, loss: 0.5003 ||:  74%|#######4  | 137/184 [00:02<00:00, 59.48it/s]
accuracy: 0.8361, accuracy3: 1.0000, loss: 0.5006 ||:  79%|#######9  | 146/184 [00:02<00:00, 65.15it/s]
accuracy: 0.8357, accuracy3: 1.0000, loss: 0.5017 ||:  83%|########3 | 153/184 [00:02<00:00, 60.79it/s]
accuracy: 0.8357, accuracy3: 1.0000, loss: 0.5026 ||:  87%|########6 | 160/184 [00:02<00:00, 62.83it/s]
accuracy: 0.8356, accuracy3: 1.0000, loss: 0.5017 ||:  92%|#########2| 170/184 [00:02<00:00, 68.92it/s]
accuracy: 0.8355, accuracy3: 1.0000, loss: 0.5015 ||:  97%|#########6| 178/184 [00:02<00:00, 66.25it/s]
accuracy: 0.8351, accuracy3: 1.0000, loss: 0.5011 ||: 100%|##########| 184/184 [00:03<00:00, 60.85it/s]

  0%|          | 0/98 [00:00<?, ?it/s]
accuracy: 0.8040, accuracy3: 1.0000, loss: 0.5460 ||:   6%|6         | 6/98 [00:00<00:01, 56.96it/s]
accuracy: 0.8294, accuracy3: 1.0000, loss: 0.6797 ||:  13%|#3        | 13/98 [00:00<00:01, 58.38it/s]
accuracy: 0.8239, accuracy3: 1.0000, loss: 0.6654 ||:  18%|#8        | 18/98 [00:00<00:01, 55.20it/s]
accuracy: 0.8136, accuracy3: 1.0000, loss: 0.6135 ||:  30%|##9       | 29/98 [00:00<00:01, 64.50it/s]
accuracy: 0.8200, accuracy3: 1.0000, loss: 0.6044 ||:  37%|###6      | 36/98 [00:00<00:00, 64.16it/s]
accuracy: 0.8245, accuracy3: 1.0000, loss: 0.6290 ||:  45%|####4     | 44/98 [00:00<00:00, 68.21it/s]
accuracy: 0.8356, accuracy3: 1.0000, loss: 0.6184 ||:  53%|#####3    | 52/98 [00:00<00:00, 70.23it/s]
accuracy: 0.8419, accuracy3: 1.0000, loss: 0.6024 ||:  60%|######    | 59/98 [00:00<00:00, 67.18it/s]
accuracy: 0.8377, accuracy3: 1.0000, loss: 0.5883 ||:  70%|#######   | 69/98 [00:00<00:00, 72.99it/s]
accuracy: 0.8367, accuracy3: 1.0000, loss: 0.5868 ||:  82%|########1 | 80/98 [00:01<00:00, 80.55it/s]
accuracy: 0.8393, accuracy3: 1.0000, loss: 0.5915 ||:  91%|######### | 89/98 [00:01<00:00, 75.55it/s]
accuracy: 0.8422, accuracy3: 1.0000, loss: 0.5878 ||:  99%|#########8| 97/98 [00:01<00:00, 76.41it/s]
accuracy: 0.8421, accuracy3: 1.0000, loss: 0.5858 ||: 100%|##########| 98/98 [00:01<00:00, 74.67it/s]

  0%|          | 0/184 [00:00<?, ?it/s]
accuracy: 0.8306, accuracy3: 1.0000, loss: 0.5417 ||:   2%|2         | 4/184 [00:00<00:05, 35.56it/s]
accuracy: 0.8274, accuracy3: 1.0000, loss: 0.5267 ||:   5%|4         | 9/184 [00:00<00:04, 37.89it/s]
accuracy: 0.8287, accuracy3: 1.0000, loss: 0.5184 ||:   8%|7         | 14/184 [00:00<00:04, 40.50it/s]
accuracy: 0.8267, accuracy3: 1.0000, loss: 0.5130 ||:  10%|#         | 19/184 [00:00<00:03, 41.70it/s]
accuracy: 0.8249, accuracy3: 1.0000, loss: 0.5079 ||:  13%|#3        | 24/184 [00:00<00:03, 41.90it/s]
accuracy: 0.8252, accuracy3: 1.0000, loss: 0.5060 ||:  16%|#5        | 29/184 [00:00<00:03, 42.17it/s]
accuracy: 0.8260, accuracy3: 1.0000, loss: 0.5115 ||:  18%|#8        | 34/184 [00:00<00:03, 42.11it/s]
accuracy: 0.8260, accuracy3: 1.0000, loss: 0.5055 ||:  22%|##1       | 40/184 [00:00<00:03, 45.20it/s]
accuracy: 0.8262, accuracy3: 1.0000, loss: 0.5049 ||:  24%|##4       | 45/184 [00:01<00:03, 45.50it/s]
accuracy: 0.8269, accuracy3: 1.0000, loss: 0.5032 ||:  27%|##7       | 50/184 [00:01<00:02, 45.14it/s]
accuracy: 0.8274, accuracy3: 1.0000, loss: 0.5022 ||:  30%|##9       | 55/184 [00:01<00:02, 46.08it/s]
accuracy: 0.8276, accuracy3: 1.0000, loss: 0.5041 ||:  33%|###2      | 60/184 [00:01<00:02, 45.72it/s]
accuracy: 0.8295, accuracy3: 1.0000, loss: 0.5008 ||:  36%|###5      | 66/184 [00:01<00:02, 48.46it/s]
accuracy: 0.8303, accuracy3: 1.0000, loss: 0.5010 ||:  41%|####      | 75/184 [00:01<00:01, 55.72it/s]
accuracy: 0.8307, accuracy3: 1.0000, loss: 0.5020 ||:  44%|####4     | 81/184 [00:01<00:02, 50.52it/s]
accuracy: 0.8317, accuracy3: 1.0000, loss: 0.5016 ||:  47%|####7     | 87/184 [00:01<00:01, 50.02it/s]
accuracy: 0.8314, accuracy3: 1.0000, loss: 0.5023 ||:  51%|#####     | 93/184 [00:01<00:01, 50.88it/s]
accuracy: 0.8314, accuracy3: 1.0000, loss: 0.5037 ||:  54%|#####3    | 99/184 [00:02<00:01, 47.99it/s]
accuracy: 0.8320, accuracy3: 1.0000, loss: 0.5033 ||:  57%|#####6    | 104/184 [00:02<00:01, 48.01it/s]
accuracy: 0.8322, accuracy3: 1.0000, loss: 0.5028 ||:  60%|#####9    | 110/184 [00:02<00:01, 48.68it/s]
accuracy: 0.8322, accuracy3: 1.0000, loss: 0.5042 ||:  62%|######2   | 115/184 [00:02<00:01, 47.99it/s]
accuracy: 0.8322, accuracy3: 1.0000, loss: 0.5030 ||:  65%|######5   | 120/184 [00:02<00:01, 48.30it/s]
accuracy: 0.8326, accuracy3: 1.0000, loss: 0.5028 ||:  68%|######7   | 125/184 [00:02<00:01, 46.66it/s]
accuracy: 0.8333, accuracy3: 1.0000, loss: 0.5029 ||:  71%|#######1  | 131/184 [00:02<00:01, 48.75it/s]
accuracy: 0.8335, accuracy3: 1.0000, loss: 0.5017 ||:  77%|#######6  | 141/184 [00:02<00:00, 56.96it/s]
accuracy: 0.8337, accuracy3: 1.0000, loss: 0.5017 ||:  80%|########  | 148/184 [00:02<00:00, 58.85it/s]
accuracy: 0.8331, accuracy3: 1.0000, loss: 0.5010 ||:  84%|########4 | 155/184 [00:03<00:00, 60.34it/s]
accuracy: 0.8332, accuracy3: 1.0000, loss: 0.5003 ||:  90%|########9 | 165/184 [00:03<00:00, 66.66it/s]
accuracy: 0.8331, accuracy3: 1.0000, loss: 0.5000 ||:  95%|#########4| 174/184 [00:03<00:00, 71.62it/s]
accuracy: 0.8326, accuracy3: 1.0000, loss: 0.5009 ||:  99%|#########8| 182/184 [00:03<00:00, 62.29it/s]
accuracy: 0.8325, accuracy3: 1.0000, loss: 0.5019 ||: 100%|##########| 184/184 [00:03<00:00, 52.99it/s]

  0%|          | 0/98 [00:00<?, ?it/s]
accuracy: 0.8381, accuracy3: 1.0000, loss: 0.6923 ||:  12%|#2        | 12/98 [00:00<00:00, 111.73it/s]
accuracy: 0.8249, accuracy3: 1.0000, loss: 0.6530 ||:  22%|##2       | 22/98 [00:00<00:00, 105.68it/s]
accuracy: 0.8245, accuracy3: 1.0000, loss: 0.6077 ||:  34%|###3      | 33/98 [00:00<00:00, 105.92it/s]
accuracy: 0.8320, accuracy3: 1.0000, loss: 0.6303 ||:  44%|####3     | 43/98 [00:00<00:00, 101.87it/s]
accuracy: 0.8410, accuracy3: 1.0000, loss: 0.6263 ||:  52%|#####2    | 51/98 [00:00<00:00, 77.90it/s] 
accuracy: 0.8485, accuracy3: 1.0000, loss: 0.6057 ||:  61%|######1   | 60/98 [00:00<00:00, 79.85it/s]
accuracy: 0.8437, accuracy3: 1.0000, loss: 0.5893 ||:  71%|#######1  | 70/98 [00:00<00:00, 83.47it/s]
accuracy: 0.8429, accuracy3: 1.0000, loss: 0.5852 ||:  80%|#######9  | 78/98 [00:00<00:00, 78.83it/s]
accuracy: 0.8451, accuracy3: 1.0000, loss: 0.5858 ||:  88%|########7 | 86/98 [00:01<00:00, 73.30it/s]
accuracy: 0.8478, accuracy3: 1.0000, loss: 0.5922 ||:  98%|#########7| 96/98 [00:01<00:00, 77.62it/s]
accuracy: 0.8482, accuracy3: 1.0000, loss: 0.5895 ||: 100%|##########| 98/98 [00:01<00:00, 84.25it/s]

  0%|          | 0/184 [00:00<?, ?it/s]
accuracy: 0.8347, accuracy3: 1.0000, loss: 0.4873 ||:   2%|2         | 4/184 [00:00<00:04, 38.49it/s]
accuracy: 0.8346, accuracy3: 1.0000, loss: 0.5112 ||:   5%|4         | 9/184 [00:00<00:04, 39.62it/s]
accuracy: 0.8343, accuracy3: 1.0000, loss: 0.5065 ||:   7%|7         | 13/184 [00:00<00:04, 39.49it/s]
accuracy: 0.8327, accuracy3: 1.0000, loss: 0.5083 ||:  10%|9         | 18/184 [00:00<00:04, 41.00it/s]
accuracy: 0.8348, accuracy3: 1.0000, loss: 0.5002 ||:  12%|#2        | 23/184 [00:00<00:03, 41.41it/s]
accuracy: 0.8341, accuracy3: 1.0000, loss: 0.5005 ||:  15%|#4        | 27/184 [00:00<00:03, 40.62it/s]
accuracy: 0.8334, accuracy3: 1.0000, loss: 0.5007 ||:  17%|#7        | 32/184 [00:00<00:03, 42.97it/s]
accuracy: 0.8337, accuracy3: 1.0000, loss: 0.4977 ||:  20%|##        | 37/184 [00:00<00:03, 41.67it/s]
accuracy: 0.8339, accuracy3: 1.0000, loss: 0.4987 ||:  23%|##2       | 42/184 [00:00<00:03, 42.80it/s]
accuracy: 0.8336, accuracy3: 1.0000, loss: 0.5002 ||:  26%|##5       | 47/184 [00:01<00:03, 42.31it/s]
accuracy: 0.8349, accuracy3: 1.0000, loss: 0.4998 ||:  28%|##8       | 52/184 [00:01<00:03, 43.89it/s]
accuracy: 0.8359, accuracy3: 1.0000, loss: 0.4961 ||:  32%|###1      | 58/184 [00:01<00:02, 46.37it/s]
accuracy: 0.8355, accuracy3: 1.0000, loss: 0.4997 ||:  34%|###4      | 63/184 [00:01<00:02, 46.15it/s]
accuracy: 0.8353, accuracy3: 1.0000, loss: 0.5014 ||:  38%|###7      | 69/184 [00:01<00:02, 48.43it/s]
accuracy: 0.8351, accuracy3: 1.0000, loss: 0.5011 ||:  41%|####      | 75/184 [00:01<00:02, 48.82it/s]
accuracy: 0.8347, accuracy3: 1.0000, loss: 0.5038 ||:  44%|####4     | 81/184 [00:01<00:02, 50.47it/s]
accuracy: 0.8344, accuracy3: 1.0000, loss: 0.5020 ||:  49%|####8     | 90/184 [00:01<00:01, 57.13it/s]
accuracy: 0.8334, accuracy3: 1.0000, loss: 0.5030 ||:  54%|#####4    | 100/184 [00:01<00:01, 64.82it/s]
accuracy: 0.8326, accuracy3: 1.0000, loss: 0.5039 ||:  59%|#####8    | 108/184 [00:02<00:01, 59.21it/s]
accuracy: 0.8329, accuracy3: 1.0000, loss: 0.5040 ||:  63%|######3   | 116/184 [00:02<00:01, 63.68it/s]
accuracy: 0.8331, accuracy3: 1.0000, loss: 0.5037 ||:  67%|######7   | 124/184 [00:02<00:00, 66.04it/s]
accuracy: 0.8338, accuracy3: 1.0000, loss: 0.5021 ||:  71%|#######1  | 131/184 [00:02<00:00, 57.68it/s]
accuracy: 0.8341, accuracy3: 1.0000, loss: 0.5005 ||:  77%|#######6  | 141/184 [00:02<00:00, 64.73it/s]
accuracy: 0.8340, accuracy3: 1.0000, loss: 0.5012 ||:  81%|########  | 149/184 [00:02<00:00, 67.31it/s]
accuracy: 0.8340, accuracy3: 1.0000, loss: 0.5016 ||:  85%|########5 | 157/184 [00:02<00:00, 58.04it/s]
accuracy: 0.8340, accuracy3: 1.0000, loss: 0.5005 ||:  89%|########9 | 164/184 [00:03<00:00, 55.09it/s]
accuracy: 0.8339, accuracy3: 1.0000, loss: 0.4997 ||:  92%|#########2| 170/184 [00:03<00:00, 52.09it/s]
accuracy: 0.8334, accuracy3: 1.0000, loss: 0.5007 ||:  96%|#########5| 176/184 [00:03<00:00, 51.24it/s]
accuracy: 0.8335, accuracy3: 1.0000, loss: 0.5013 ||:  99%|#########8| 182/184 [00:03<00:00, 49.61it/s]
accuracy: 0.8335, accuracy3: 1.0000, loss: 0.5007 ||: 100%|##########| 184/184 [00:03<00:00, 52.84it/s]

  0%|          | 0/98 [00:00<?, ?it/s]
accuracy: 0.8185, accuracy3: 1.0000, loss: 0.6274 ||:   7%|7         | 7/98 [00:00<00:01, 64.17it/s]
accuracy: 0.8331, accuracy3: 1.0000, loss: 0.6837 ||:  13%|#3        | 13/98 [00:00<00:01, 61.10it/s]
accuracy: 0.8286, accuracy3: 1.0000, loss: 0.6708 ||:  19%|#9        | 19/98 [00:00<00:01, 58.87it/s]
accuracy: 0.8221, accuracy3: 1.0000, loss: 0.6393 ||:  26%|##5       | 25/98 [00:00<00:01, 58.61it/s]
accuracy: 0.8207, accuracy3: 1.0000, loss: 0.6116 ||:  32%|###1      | 31/98 [00:00<00:01, 58.08it/s]
accuracy: 0.8274, accuracy3: 1.0000, loss: 0.6119 ||:  39%|###8      | 38/98 [00:00<00:00, 60.77it/s]
accuracy: 0.8343, accuracy3: 1.0000, loss: 0.6265 ||:  50%|#####     | 49/98 [00:00<00:00, 67.48it/s]
accuracy: 0.8460, accuracy3: 1.0000, loss: 0.6091 ||:  57%|#####7    | 56/98 [00:00<00:00, 61.12it/s]
accuracy: 0.8459, accuracy3: 1.0000, loss: 0.5971 ||:  64%|######4   | 63/98 [00:01<00:00, 60.80it/s]
accuracy: 0.8408, accuracy3: 1.0000, loss: 0.5873 ||:  71%|#######1  | 70/98 [00:01<00:00, 59.64it/s]
accuracy: 0.8413, accuracy3: 1.0000, loss: 0.5837 ||:  78%|#######7  | 76/98 [00:01<00:00, 56.60it/s]
accuracy: 0.8414, accuracy3: 1.0000, loss: 0.5863 ||:  85%|########4 | 83/98 [00:01<00:00, 58.43it/s]
accuracy: 0.8448, accuracy3: 1.0000, loss: 0.5918 ||:  96%|#########5| 94/98 [00:01<00:00, 65.94it/s]
accuracy: 0.8461, accuracy3: 1.0000, loss: 0.5875 ||: 100%|##########| 98/98 [00:01<00:00, 63.51it/s]

  0%|          | 0/184 [00:00<?, ?it/s]
accuracy: 0.8351, accuracy3: 1.0000, loss: 0.4898 ||:   2%|2         | 4/184 [00:00<00:05, 32.82it/s]
accuracy: 0.8256, accuracy3: 1.0000, loss: 0.4930 ||:   4%|4         | 8/184 [00:00<00:05, 34.53it/s]
accuracy: 0.8233, accuracy3: 1.0000, loss: 0.4935 ||:   8%|7         | 14/184 [00:00<00:04, 38.42it/s]
accuracy: 0.8262, accuracy3: 1.0000, loss: 0.5038 ||:  11%|#         | 20/184 [00:00<00:03, 41.50it/s]
accuracy: 0.8267, accuracy3: 1.0000, loss: 0.5047 ||:  14%|#4        | 26/184 [00:00<00:03, 44.18it/s]
accuracy: 0.8274, accuracy3: 1.0000, loss: 0.5037 ||:  17%|#6        | 31/184 [00:00<00:03, 45.02it/s]
accuracy: 0.8286, accuracy3: 1.0000, loss: 0.5073 ||:  20%|#9        | 36/184 [00:00<00:03, 45.82it/s]
accuracy: 0.8296, accuracy3: 1.0000, loss: 0.5074 ||:  22%|##2       | 41/184 [00:00<00:03, 46.93it/s]
accuracy: 0.8290, accuracy3: 1.0000, loss: 0.5060 ||:  25%|##5       | 46/184 [00:01<00:03, 45.46it/s]
accuracy: 0.8285, accuracy3: 1.0000, loss: 0.5079 ||:  28%|##7       | 51/184 [00:01<00:02, 45.50it/s]
accuracy: 0.8293, accuracy3: 1.0000, loss: 0.5070 ||:  31%|###       | 57/184 [00:01<00:02, 48.49it/s]
accuracy: 0.8301, accuracy3: 1.0000, loss: 0.5083 ||:  35%|###5      | 65/184 [00:01<00:02, 54.17it/s]
accuracy: 0.8303, accuracy3: 1.0000, loss: 0.5063 ||:  40%|####      | 74/184 [00:01<00:01, 60.84it/s]
accuracy: 0.8319, accuracy3: 1.0000, loss: 0.5042 ||:  44%|####4     | 81/184 [00:01<00:01, 59.78it/s]
accuracy: 0.8314, accuracy3: 1.0000, loss: 0.5039 ||:  48%|####7     | 88/184 [00:01<00:01, 58.42it/s]
accuracy: 0.8310, accuracy3: 1.0000, loss: 0.5029 ||:  53%|#####2    | 97/184 [00:01<00:01, 65.10it/s]
accuracy: 0.8309, accuracy3: 1.0000, loss: 0.5038 ||:  57%|#####7    | 105/184 [00:01<00:01, 68.18it/s]
accuracy: 0.8312, accuracy3: 1.0000, loss: 0.5048 ||:  61%|######1   | 113/184 [00:02<00:01, 64.79it/s]
accuracy: 0.8312, accuracy3: 1.0000, loss: 0.5039 ||:  66%|######5   | 121/184 [00:02<00:00, 67.53it/s]
accuracy: 0.8315, accuracy3: 1.0000, loss: 0.5060 ||:  70%|######9   | 128/184 [00:02<00:00, 61.38it/s]
accuracy: 0.8313, accuracy3: 1.0000, loss: 0.5051 ||:  73%|#######3  | 135/184 [00:02<00:00, 55.13it/s]
accuracy: 0.8318, accuracy3: 1.0000, loss: 0.5032 ||:  78%|#######7  | 143/184 [00:02<00:00, 59.46it/s]
accuracy: 0.8323, accuracy3: 1.0000, loss: 0.5030 ||:  82%|########1 | 150/184 [00:02<00:00, 57.52it/s]
accuracy: 0.8321, accuracy3: 1.0000, loss: 0.5034 ||:  85%|########4 | 156/184 [00:02<00:00, 57.69it/s]
accuracy: 0.8325, accuracy3: 1.0000, loss: 0.5017 ||:  90%|########9 | 165/184 [00:02<00:00, 64.50it/s]
accuracy: 0.8328, accuracy3: 1.0000, loss: 0.5006 ||:  94%|#########4| 173/184 [00:02<00:00, 66.13it/s]
accuracy: 0.8328, accuracy3: 1.0000, loss: 0.5000 ||:  98%|#########7| 180/184 [00:03<00:00, 63.11it/s]
accuracy: 0.8328, accuracy3: 1.0000, loss: 0.5022 ||: 100%|##########| 184/184 [00:03<00:00, 58.48it/s]

  0%|          | 0/98 [00:00<?, ?it/s]
accuracy: 0.8334, accuracy3: 1.0000, loss: 0.7010 ||:  10%|#         | 10/98 [00:00<00:00, 92.64it/s]
accuracy: 0.8254, accuracy3: 1.0000, loss: 0.6841 ||:  15%|#5        | 15/98 [00:00<00:01, 72.16it/s]
accuracy: 0.8223, accuracy3: 1.0000, loss: 0.6374 ||:  27%|##6       | 26/98 [00:00<00:00, 76.99it/s]
accuracy: 0.8286, accuracy3: 1.0000, loss: 0.6141 ||:  39%|###8      | 38/98 [00:00<00:00, 84.48it/s]
accuracy: 0.8310, accuracy3: 1.0000, loss: 0.6301 ||:  47%|####6     | 46/98 [00:00<00:00, 80.84it/s]
accuracy: 0.8426, accuracy3: 1.0000, loss: 0.6235 ||:  54%|#####4    | 53/98 [00:00<00:00, 69.43it/s]
accuracy: 0.8468, accuracy3: 1.0000, loss: 0.6007 ||:  65%|######5   | 64/98 [00:00<00:00, 77.33it/s]
accuracy: 0.8435, accuracy3: 1.0000, loss: 0.5880 ||:  76%|#######5  | 74/98 [00:00<00:00, 79.37it/s]
accuracy: 0.8429, accuracy3: 1.0000, loss: 0.5893 ||:  84%|########3 | 82/98 [00:01<00:00, 65.95it/s]
accuracy: 0.8445, accuracy3: 1.0000, loss: 0.5954 ||:  91%|######### | 89/98 [00:01<00:00, 64.27it/s]
accuracy: 0.8472, accuracy3: 1.0000, loss: 0.5925 ||:  98%|#########7| 96/98 [00:01<00:00, 58.94it/s]
accuracy: 0.8477, accuracy3: 1.0000, loss: 0.5898 ||: 100%|##########| 98/98 [00:01<00:00, 72.06it/s]

  0%|          | 0/184 [00:00<?, ?it/s]
accuracy: 0.8274, accuracy3: 1.0000, loss: 0.4996 ||:   2%|2         | 4/184 [00:00<00:05, 33.32it/s]
accuracy: 0.8406, accuracy3: 1.0000, loss: 0.4906 ||:   5%|4         | 9/184 [00:00<00:04, 36.89it/s]
accuracy: 0.8381, accuracy3: 1.0000, loss: 0.4969 ||:   8%|7         | 14/184 [00:00<00:04, 39.49it/s]
accuracy: 0.8325, accuracy3: 1.0000, loss: 0.5089 ||:  10%|#         | 19/184 [00:00<00:03, 41.37it/s]
accuracy: 0.8326, accuracy3: 1.0000, loss: 0.5067 ||:  13%|#3        | 24/184 [00:00<00:03, 43.14it/s]
accuracy: 0.8335, accuracy3: 1.0000, loss: 0.5056 ||:  16%|#5        | 29/184 [00:00<00:03, 43.29it/s]
accuracy: 0.8331, accuracy3: 1.0000, loss: 0.5033 ||:  19%|#9        | 35/184 [00:00<00:03, 45.96it/s]
accuracy: 0.8326, accuracy3: 1.0000, loss: 0.4990 ||:  22%|##2       | 41/184 [00:00<00:03, 47.65it/s]
accuracy: 0.8328, accuracy3: 1.0000, loss: 0.4988 ||:  25%|##5       | 46/184 [00:00<00:02, 46.71it/s]
accuracy: 0.8350, accuracy3: 1.0000, loss: 0.4990 ||:  30%|##9       | 55/184 [00:01<00:02, 54.35it/s]
accuracy: 0.8341, accuracy3: 1.0000, loss: 0.5030 ||:  35%|###5      | 65/184 [00:01<00:01, 62.02it/s]
accuracy: 0.8339, accuracy3: 1.0000, loss: 0.5033 ||:  39%|###9      | 72/184 [00:01<00:01, 57.73it/s]
accuracy: 0.8342, accuracy3: 1.0000, loss: 0.5030 ||:  43%|####2     | 79/184 [00:01<00:01, 55.60it/s]
accuracy: 0.8330, accuracy3: 1.0000, loss: 0.5035 ||:  48%|####8     | 89/184 [00:01<00:01, 62.92it/s]
accuracy: 0.8336, accuracy3: 1.0000, loss: 0.5029 ||:  52%|#####2    | 96/184 [00:01<00:01, 64.09it/s]
accuracy: 0.8332, accuracy3: 1.0000, loss: 0.5020 ||:  57%|#####6    | 104/184 [00:01<00:01, 67.21it/s]
accuracy: 0.8329, accuracy3: 1.0000, loss: 0.5006 ||:  61%|######1   | 113/184 [00:01<00:00, 71.79it/s]
accuracy: 0.8326, accuracy3: 1.0000, loss: 0.5003 ||:  66%|######6   | 122/184 [00:02<00:00, 75.03it/s]
accuracy: 0.8329, accuracy3: 1.0000, loss: 0.5004 ||:  71%|#######   | 130/184 [00:02<00:00, 74.96it/s]
accuracy: 0.8331, accuracy3: 1.0000, loss: 0.5007 ||:  75%|#######5  | 138/184 [00:02<00:00, 69.61it/s]
accuracy: 0.8326, accuracy3: 1.0000, loss: 0.5010 ||:  80%|########  | 148/184 [00:02<00:00, 75.89it/s]
accuracy: 0.8325, accuracy3: 1.0000, loss: 0.5002 ||:  85%|########5 | 157/184 [00:02<00:00, 76.16it/s]
accuracy: 0.8330, accuracy3: 1.0000, loss: 0.5002 ||:  90%|########9 | 165/184 [00:02<00:00, 67.61it/s]
accuracy: 0.8330, accuracy3: 1.0000, loss: 0.5009 ||:  95%|#########5| 175/184 [00:02<00:00, 73.74it/s]
accuracy: 0.8330, accuracy3: 1.0000, loss: 0.5009 ||:  99%|#########9| 183/184 [00:02<00:00, 71.39it/s]
accuracy: 0.8330, accuracy3: 1.0000, loss: 0.5009 ||: 100%|##########| 184/184 [00:02<00:00, 64.23it/s]

  0%|          | 0/98 [00:00<?, ?it/s]
accuracy: 0.8108, accuracy3: 1.0000, loss: 0.5427 ||:   6%|6         | 6/98 [00:00<00:01, 58.04it/s]
accuracy: 0.8373, accuracy3: 1.0000, loss: 0.6911 ||:  12%|#2        | 12/98 [00:00<00:01, 57.85it/s]
accuracy: 0.8293, accuracy3: 1.0000, loss: 0.6679 ||:  18%|#8        | 18/98 [00:00<00:01, 57.05it/s]
accuracy: 0.8236, accuracy3: 1.0000, loss: 0.6357 ||:  24%|##4       | 24/98 [00:00<00:01, 56.64it/s]
accuracy: 0.8208, accuracy3: 1.0000, loss: 0.6141 ||:  31%|###       | 30/98 [00:00<00:01, 54.94it/s]
accuracy: 0.8264, accuracy3: 1.0000, loss: 0.6045 ||:  37%|###6      | 36/98 [00:00<00:01, 54.07it/s]
accuracy: 0.8304, accuracy3: 1.0000, loss: 0.6263 ||:  43%|####2     | 42/98 [00:00<00:01, 54.81it/s]
accuracy: 0.8356, accuracy3: 1.0000, loss: 0.6229 ||:  49%|####8     | 48/98 [00:00<00:00, 53.79it/s]
accuracy: 0.8446, accuracy3: 1.0000, loss: 0.6172 ||:  55%|#####5    | 54/98 [00:00<00:00, 53.32it/s]
accuracy: 0.8478, accuracy3: 1.0000, loss: 0.6029 ||:  61%|######1   | 60/98 [00:01<00:00, 53.62it/s]
accuracy: 0.8465, accuracy3: 1.0000, loss: 0.5928 ||:  67%|######7   | 66/98 [00:01<00:00, 55.07it/s]
accuracy: 0.8438, accuracy3: 1.0000, loss: 0.5850 ||:  73%|#######3  | 72/98 [00:01<00:00, 54.96it/s]
accuracy: 0.8420, accuracy3: 1.0000, loss: 0.5826 ||:  80%|#######9  | 78/98 [00:01<00:00, 53.26it/s]
accuracy: 0.8434, accuracy3: 1.0000, loss: 0.5832 ||:  87%|########6 | 85/98 [00:01<00:00, 54.58it/s]
accuracy: 0.8448, accuracy3: 1.0000, loss: 0.5919 ||:  93%|#########2| 91/98 [00:01<00:00, 55.01it/s]
accuracy: 0.8474, accuracy3: 1.0000, loss: 0.5893 ||:  99%|#########8| 97/98 [00:01<00:00, 52.43it/s]
accuracy: 0.8473, accuracy3: 1.0000, loss: 0.5871 ||: 100%|##########| 98/98 [00:01<00:00, 54.27it/s]

  0%|          | 0/184 [00:00<?, ?it/s]
accuracy: 0.8241, accuracy3: 1.0000, loss: 0.5093 ||:   2%|2         | 4/184 [00:00<00:04, 36.33it/s]
accuracy: 0.8370, accuracy3: 1.0000, loss: 0.4740 ||:   5%|5         | 10/184 [00:00<00:04, 40.28it/s]
accuracy: 0.8373, accuracy3: 1.0000, loss: 0.4701 ||:   8%|8         | 15/184 [00:00<00:03, 42.75it/s]
accuracy: 0.8398, accuracy3: 1.0000, loss: 0.4826 ||:  11%|#         | 20/184 [00:00<00:03, 44.10it/s]
accuracy: 0.8350, accuracy3: 1.0000, loss: 0.4946 ||:  16%|#5        | 29/184 [00:00<00:02, 51.95it/s]
accuracy: 0.8338, accuracy3: 1.0000, loss: 0.4993 ||:  20%|##        | 37/184 [00:00<00:02, 56.67it/s]
accuracy: 0.8340, accuracy3: 1.0000, loss: 0.4991 ||:  23%|##3       | 43/184 [00:00<00:02, 54.41it/s]
accuracy: 0.8340, accuracy3: 1.0000, loss: 0.5002 ||:  29%|##8       | 53/184 [00:00<00:02, 62.12it/s]
accuracy: 0.8343, accuracy3: 1.0000, loss: 0.5009 ||:  34%|###4      | 63/184 [00:00<00:01, 69.68it/s]
accuracy: 0.8337, accuracy3: 1.0000, loss: 0.4999 ||:  39%|###8      | 71/184 [00:01<00:01, 62.23it/s]
accuracy: 0.8332, accuracy3: 1.0000, loss: 0.5014 ||:  43%|####2     | 79/184 [00:01<00:01, 66.63it/s]
accuracy: 0.8329, accuracy3: 1.0000, loss: 0.5018 ||:  48%|####8     | 89/184 [00:01<00:01, 73.10it/s]
accuracy: 0.8333, accuracy3: 1.0000, loss: 0.5005 ||:  53%|#####2    | 97/184 [00:01<00:01, 71.83it/s]
accuracy: 0.8339, accuracy3: 1.0000, loss: 0.4991 ||:  58%|#####8    | 107/184 [00:01<00:01, 76.86it/s]
accuracy: 0.8339, accuracy3: 1.0000, loss: 0.5019 ||:  63%|######3   | 116/184 [00:01<00:00, 74.51it/s]
accuracy: 0.8341, accuracy3: 1.0000, loss: 0.5007 ||:  67%|######7   | 124/184 [00:01<00:00, 70.63it/s]
accuracy: 0.8334, accuracy3: 1.0000, loss: 0.5013 ||:  73%|#######3  | 135/184 [00:01<00:00, 77.47it/s]
accuracy: 0.8334, accuracy3: 1.0000, loss: 0.5005 ||:  78%|#######8  | 144/184 [00:02<00:00, 73.94it/s]
accuracy: 0.8334, accuracy3: 1.0000, loss: 0.5001 ||:  83%|########2 | 152/184 [00:02<00:00, 71.04it/s]
accuracy: 0.8330, accuracy3: 1.0000, loss: 0.4999 ||:  88%|########7 | 161/184 [00:02<00:00, 75.44it/s]
accuracy: 0.8331, accuracy3: 1.0000, loss: 0.5005 ||:  92%|#########1| 169/184 [00:02<00:00, 71.21it/s]
accuracy: 0.8330, accuracy3: 1.0000, loss: 0.5009 ||:  96%|#########6| 177/184 [00:02<00:00, 61.22it/s]
accuracy: 0.8328, accuracy3: 1.0000, loss: 0.5001 ||: 100%|##########| 184/184 [00:02<00:00, 69.06it/s]

  0%|          | 0/98 [00:00<?, ?it/s]
accuracy: 0.8226, accuracy3: 1.0000, loss: 0.6609 ||:   8%|8         | 8/98 [00:00<00:01, 68.00it/s]
accuracy: 0.8285, accuracy3: 1.0000, loss: 0.6854 ||:  14%|#4        | 14/98 [00:00<00:01, 63.54it/s]
accuracy: 0.8218, accuracy3: 1.0000, loss: 0.6617 ||:  21%|##1       | 21/98 [00:00<00:01, 65.20it/s]
accuracy: 0.8188, accuracy3: 1.0000, loss: 0.6095 ||:  33%|###2      | 32/98 [00:00<00:00, 74.09it/s]
accuracy: 0.8241, accuracy3: 1.0000, loss: 0.6147 ||:  40%|###9      | 39/98 [00:00<00:00, 66.00it/s]
accuracy: 0.8271, accuracy3: 1.0000, loss: 0.6295 ||:  46%|####5     | 45/98 [00:00<00:00, 62.63it/s]
accuracy: 0.8412, accuracy3: 1.0000, loss: 0.6120 ||:  56%|#####6    | 55/98 [00:00<00:00, 70.33it/s]
accuracy: 0.8427, accuracy3: 1.0000, loss: 0.5967 ||:  64%|######4   | 63/98 [00:00<00:00, 70.38it/s]
accuracy: 0.8385, accuracy3: 1.0000, loss: 0.5865 ||:  72%|#######2  | 71/98 [00:01<00:00, 65.11it/s]
accuracy: 0.8376, accuracy3: 1.0000, loss: 0.5877 ||:  82%|########1 | 80/98 [00:01<00:00, 70.32it/s]
accuracy: 0.8406, accuracy3: 1.0000, loss: 0.5932 ||:  92%|#########1| 90/98 [00:01<00:00, 76.69it/s]
accuracy: 0.8434, accuracy3: 1.0000, loss: 0.5875 ||: 100%|##########| 98/98 [00:01<00:00, 76.28it/s]

