2019-02-04 01:33:44,085 - INFO - allennlp.common.from_params - instantiating class <class 'allennlp.data.dataset_readers.dataset_reader.DatasetReader'> from params {'token_indexers': {'tokens': {'lowercase_tokens': True, 'type': 'single_id'}}, 'type': 'sequence_tagging', 'word_tag_delimiter': '//'} and extras {}
2019-02-04 01:33:44,086 - INFO - allennlp.common.params - dataset_reader.type = sequence_tagging
2019-02-04 01:33:44,086 - INFO - allennlp.common.from_params - instantiating class <class 'allennlp.data.dataset_readers.sequence_tagging.SequenceTaggingDatasetReader'> from params {'token_indexers': {'tokens': {'lowercase_tokens': True, 'type': 'single_id'}}, 'word_tag_delimiter': '//'} and extras {}
2019-02-04 01:33:44,086 - INFO - allennlp.common.params - dataset_reader.word_tag_delimiter = //
2019-02-04 01:33:44,086 - INFO - allennlp.common.params - dataset_reader.token_delimiter = None
2019-02-04 01:33:44,086 - INFO - allennlp.common.from_params - instantiating class allennlp.data.token_indexers.token_indexer.TokenIndexer from params {'lowercase_tokens': True, 'type': 'single_id'} and extras {}
2019-02-04 01:33:44,087 - INFO - allennlp.common.params - dataset_reader.token_indexers.tokens.type = single_id
2019-02-04 01:33:44,087 - INFO - allennlp.common.from_params - instantiating class allennlp.data.token_indexers.single_id_token_indexer.SingleIdTokenIndexer from params {'lowercase_tokens': True} and extras {}
2019-02-04 01:33:44,087 - INFO - allennlp.common.params - dataset_reader.token_indexers.tokens.namespace = tokens
2019-02-04 01:33:44,087 - INFO - allennlp.common.params - dataset_reader.token_indexers.tokens.lowercase_tokens = True
2019-02-04 01:33:44,087 - INFO - allennlp.common.params - dataset_reader.token_indexers.tokens.start_tokens = None
2019-02-04 01:33:44,087 - INFO - allennlp.common.params - dataset_reader.token_indexers.tokens.end_tokens = None
2019-02-04 01:33:44,087 - INFO - allennlp.common.params - dataset_reader.lazy = False
2019-02-04 01:33:44,087 - INFO - allennlp.common.params - validation_dataset_reader = None
2019-02-04 01:33:44,087 - INFO - allennlp.common.params - train_data_path = ../data/allenTrain.txt
2019-02-04 01:33:44,088 - INFO - allennlp.commands.train - Reading training data from ../data/allenTrain.txt
2019-02-04 01:33:44,088 - INFO - allennlp.data.dataset_readers.sequence_tagging - Reading instances from lines in file at: ../data/allenTrain.txt
2019-02-04 01:33:55,540 - INFO - allennlp.common.params - validation_data_path = ../data/allenDev.txt
2019-02-04 01:33:55,540 - INFO - allennlp.commands.train - Reading validation data from ../data/allenDev.txt
2019-02-04 01:33:55,540 - INFO - allennlp.data.dataset_readers.sequence_tagging - Reading instances from lines in file at: ../data/allenDev.txt
2019-02-04 01:33:56,865 - INFO - allennlp.common.params - test_data_path = None
2019-02-04 01:33:56,865 - INFO - allennlp.commands.train - From dataset instances, train, validation will be considered for vocabulary creation.
2019-02-04 01:33:56,865 - INFO - allennlp.common.params - vocabulary.type = None
2019-02-04 01:33:56,865 - INFO - allennlp.common.params - vocabulary.extend = False
2019-02-04 01:33:56,866 - INFO - allennlp.common.params - vocabulary.directory_path = None
2019-02-04 01:33:56,866 - INFO - allennlp.common.params - vocabulary.min_count = None
2019-02-04 01:33:56,866 - INFO - allennlp.common.params - vocabulary.max_vocab_size = None
2019-02-04 01:33:56,866 - INFO - allennlp.common.params - vocabulary.non_padded_namespaces = ('*tags', '*labels')
2019-02-04 01:33:56,866 - INFO - allennlp.common.params - vocabulary.min_pretrained_embeddings = None
2019-02-04 01:33:56,866 - INFO - allennlp.common.params - vocabulary.only_include_pretrained_words = False
2019-02-04 01:33:56,866 - INFO - allennlp.common.params - vocabulary.tokens_to_add = None
2019-02-04 01:33:56,866 - INFO - allennlp.data.vocabulary - Fitting token dictionary from dataset.
2019-02-04 01:34:00,590 - INFO - allennlp.common.from_params - instantiating class <class 'allennlp.models.model.Model'> from params {'encoder': {'bidirectional': True, 'dropout': 0.5, 'hidden_size': 50, 'input_size': 50, 'num_layers': 2, 'type': 'lstm'}, 'text_field_embedder': {'token_embedders': {'tokens': {'embedding_dim': 50, 'pretrained_file': '~/src/allennlp/glove/glove.6B.50d.txt.gz', 'trainable': True, 'type': 'embedding'}}}, 'type': 'simple_tagger'} and extras {'vocab': Vocabulary with namespaces:  tokens, Size: 88725 || labels, Size: 2 || Non Padded Namespaces: {'*labels', '*tags'}}
2019-02-04 01:34:00,590 - INFO - allennlp.common.params - model.type = simple_tagger
2019-02-04 01:34:00,590 - INFO - allennlp.common.from_params - instantiating class <class 'allennlp.models.simple_tagger.SimpleTagger'> from params {'encoder': {'bidirectional': True, 'dropout': 0.5, 'hidden_size': 50, 'input_size': 50, 'num_layers': 2, 'type': 'lstm'}, 'text_field_embedder': {'token_embedders': {'tokens': {'embedding_dim': 50, 'pretrained_file': '~/src/allennlp/glove/glove.6B.50d.txt.gz', 'trainable': True, 'type': 'embedding'}}}} and extras {'vocab': Vocabulary with namespaces:  tokens, Size: 88725 || labels, Size: 2 || Non Padded Namespaces: {'*labels', '*tags'}}
2019-02-04 01:34:00,590 - INFO - allennlp.common.from_params - instantiating class <class 'allennlp.modules.text_field_embedders.text_field_embedder.TextFieldEmbedder'> from params {'token_embedders': {'tokens': {'embedding_dim': 50, 'pretrained_file': '~/src/allennlp/glove/glove.6B.50d.txt.gz', 'trainable': True, 'type': 'embedding'}}} and extras {'vocab': Vocabulary with namespaces:  tokens, Size: 88725 || labels, Size: 2 || Non Padded Namespaces: {'*labels', '*tags'}}
2019-02-04 01:34:00,591 - INFO - allennlp.common.params - model.text_field_embedder.type = basic
2019-02-04 01:34:00,591 - INFO - allennlp.common.params - model.text_field_embedder.embedder_to_indexer_map = None
2019-02-04 01:34:00,591 - INFO - allennlp.common.params - model.text_field_embedder.allow_unmatched_keys = False
2019-02-04 01:34:00,591 - INFO - allennlp.common.from_params - instantiating class <class 'allennlp.modules.token_embedders.token_embedder.TokenEmbedder'> from params {'embedding_dim': 50, 'pretrained_file': '~/src/allennlp/glove/glove.6B.50d.txt.gz', 'trainable': True, 'type': 'embedding'} and extras {'vocab': Vocabulary with namespaces:  tokens, Size: 88725 || labels, Size: 2 || Non Padded Namespaces: {'*labels', '*tags'}}
2019-02-04 01:34:00,591 - INFO - allennlp.common.params - model.text_field_embedder.token_embedders.tokens.type = embedding
2019-02-04 01:34:00,591 - INFO - allennlp.common.params - model.text_field_embedder.token_embedders.tokens.num_embeddings = None
2019-02-04 01:34:00,592 - INFO - allennlp.common.params - model.text_field_embedder.token_embedders.tokens.vocab_namespace = tokens
2019-02-04 01:34:00,592 - INFO - allennlp.common.params - model.text_field_embedder.token_embedders.tokens.embedding_dim = 50
2019-02-04 01:34:00,592 - INFO - allennlp.common.params - model.text_field_embedder.token_embedders.tokens.pretrained_file = ~/src/allennlp/glove/glove.6B.50d.txt.gz
2019-02-04 01:34:00,592 - INFO - allennlp.common.params - model.text_field_embedder.token_embedders.tokens.projection_dim = None
2019-02-04 01:34:00,592 - INFO - allennlp.common.params - model.text_field_embedder.token_embedders.tokens.trainable = True
2019-02-04 01:34:00,592 - INFO - allennlp.common.params - model.text_field_embedder.token_embedders.tokens.padding_index = None
2019-02-04 01:34:00,592 - INFO - allennlp.common.params - model.text_field_embedder.token_embedders.tokens.max_norm = None
2019-02-04 01:34:00,592 - INFO - allennlp.common.params - model.text_field_embedder.token_embedders.tokens.norm_type = 2.0
2019-02-04 01:34:00,592 - INFO - allennlp.common.params - model.text_field_embedder.token_embedders.tokens.scale_grad_by_freq = False
2019-02-04 01:34:00,592 - INFO - allennlp.common.params - model.text_field_embedder.token_embedders.tokens.sparse = False
2019-02-04 01:34:00,601 - INFO - allennlp.modules.token_embedders.embedding - Reading pretrained embeddings from file
2019-02-04 01:34:04,247 - INFO - allennlp.modules.token_embedders.embedding - Initializing pre-trained embedding layer
2019-02-04 01:34:04,795 - INFO - allennlp.modules.token_embedders.embedding - Pretrained embeddings were found for 69081 out of 88725 tokens
2019-02-04 01:34:04,814 - INFO - allennlp.common.from_params - instantiating class <class 'allennlp.modules.seq2seq_encoders.seq2seq_encoder.Seq2SeqEncoder'> from params {'bidirectional': True, 'dropout': 0.5, 'hidden_size': 50, 'input_size': 50, 'num_layers': 2, 'type': 'lstm'} and extras {'vocab': Vocabulary with namespaces:  tokens, Size: 88725 || labels, Size: 2 || Non Padded Namespaces: {'*labels', '*tags'}}
2019-02-04 01:34:04,814 - INFO - allennlp.common.params - model.encoder.type = lstm
2019-02-04 01:34:04,815 - INFO - allennlp.common.params - model.encoder.batch_first = True
2019-02-04 01:34:04,815 - INFO - allennlp.common.params - model.encoder.stateful = False
2019-02-04 01:34:04,815 - INFO - allennlp.common.params - Converting Params object to dict; logging of default values will not occur when dictionary parameters are used subsequently.
2019-02-04 01:34:04,815 - INFO - allennlp.common.params - CURRENTLY DEFINED PARAMETERS: 
2019-02-04 01:34:04,815 - INFO - allennlp.common.params - model.encoder.bidirectional = True
2019-02-04 01:34:04,815 - INFO - allennlp.common.params - model.encoder.dropout = 0.5
2019-02-04 01:34:04,815 - INFO - allennlp.common.params - model.encoder.hidden_size = 50
2019-02-04 01:34:04,815 - INFO - allennlp.common.params - model.encoder.input_size = 50
2019-02-04 01:34:04,815 - INFO - allennlp.common.params - model.encoder.num_layers = 2
2019-02-04 01:34:04,816 - INFO - allennlp.common.params - model.encoder.batch_first = True
2019-02-04 01:34:04,818 - INFO - allennlp.nn.initializers - Initializing parameters
2019-02-04 01:34:04,818 - INFO - allennlp.nn.initializers - Done initializing parameters; the following parameters are using their default initialization from their code
2019-02-04 01:34:04,818 - INFO - allennlp.nn.initializers -    encoder._module.bias_hh_l0
2019-02-04 01:34:04,818 - INFO - allennlp.nn.initializers -    encoder._module.bias_hh_l0_reverse
2019-02-04 01:34:04,818 - INFO - allennlp.nn.initializers -    encoder._module.bias_hh_l1
2019-02-04 01:34:04,819 - INFO - allennlp.nn.initializers -    encoder._module.bias_hh_l1_reverse
2019-02-04 01:34:04,819 - INFO - allennlp.nn.initializers -    encoder._module.bias_ih_l0
2019-02-04 01:34:04,819 - INFO - allennlp.nn.initializers -    encoder._module.bias_ih_l0_reverse
2019-02-04 01:34:04,819 - INFO - allennlp.nn.initializers -    encoder._module.bias_ih_l1
2019-02-04 01:34:04,819 - INFO - allennlp.nn.initializers -    encoder._module.bias_ih_l1_reverse
2019-02-04 01:34:04,819 - INFO - allennlp.nn.initializers -    encoder._module.weight_hh_l0
2019-02-04 01:34:04,819 - INFO - allennlp.nn.initializers -    encoder._module.weight_hh_l0_reverse
2019-02-04 01:34:04,819 - INFO - allennlp.nn.initializers -    encoder._module.weight_hh_l1
2019-02-04 01:34:04,819 - INFO - allennlp.nn.initializers -    encoder._module.weight_hh_l1_reverse
2019-02-04 01:34:04,819 - INFO - allennlp.nn.initializers -    encoder._module.weight_ih_l0
2019-02-04 01:34:04,819 - INFO - allennlp.nn.initializers -    encoder._module.weight_ih_l0_reverse
2019-02-04 01:34:04,820 - INFO - allennlp.nn.initializers -    encoder._module.weight_ih_l1
2019-02-04 01:34:04,820 - INFO - allennlp.nn.initializers -    encoder._module.weight_ih_l1_reverse
2019-02-04 01:34:04,820 - INFO - allennlp.nn.initializers -    tag_projection_layer._module.bias
2019-02-04 01:34:04,820 - INFO - allennlp.nn.initializers -    tag_projection_layer._module.weight
2019-02-04 01:34:04,820 - INFO - allennlp.nn.initializers -    text_field_embedder.token_embedder_tokens.weight
2019-02-04 01:34:05,065 - INFO - allennlp.common.from_params - instantiating class <class 'allennlp.data.iterators.data_iterator.DataIterator'> from params {'batch_size': 32, 'type': 'basic'} and extras {}
2019-02-04 01:34:05,065 - INFO - allennlp.common.params - iterator.type = basic
2019-02-04 01:34:05,065 - INFO - allennlp.common.from_params - instantiating class <class 'allennlp.data.iterators.basic_iterator.BasicIterator'> from params {'batch_size': 32} and extras {}
2019-02-04 01:34:05,066 - INFO - allennlp.common.params - iterator.batch_size = 32
2019-02-04 01:34:05,066 - INFO - allennlp.common.params - iterator.instances_per_epoch = None
2019-02-04 01:34:05,066 - INFO - allennlp.common.params - iterator.max_instances_in_memory = None
2019-02-04 01:34:05,066 - INFO - allennlp.common.params - iterator.cache_instances = False
2019-02-04 01:34:05,066 - INFO - allennlp.common.params - iterator.track_epoch = False
2019-02-04 01:34:05,066 - INFO - allennlp.common.params - iterator.maximum_samples_per_batch = None
2019-02-04 01:34:05,066 - INFO - allennlp.common.params - validation_iterator = None
2019-02-04 01:34:05,066 - INFO - allennlp.common.params - trainer.no_grad = ()
2019-02-04 01:34:05,067 - INFO - allennlp.commands.train - Following parameters are Frozen  (without gradient):
2019-02-04 01:34:05,067 - INFO - allennlp.commands.train - Following parameters are Tunable (with gradient):
2019-02-04 01:34:05,067 - INFO - allennlp.commands.train - text_field_embedder.token_embedder_tokens.weight
2019-02-04 01:34:05,067 - INFO - allennlp.commands.train - encoder._module.weight_ih_l0
2019-02-04 01:34:05,067 - INFO - allennlp.commands.train - encoder._module.weight_hh_l0
2019-02-04 01:34:05,067 - INFO - allennlp.commands.train - encoder._module.bias_ih_l0
2019-02-04 01:34:05,067 - INFO - allennlp.commands.train - encoder._module.bias_hh_l0
2019-02-04 01:34:05,067 - INFO - allennlp.commands.train - encoder._module.weight_ih_l0_reverse
2019-02-04 01:34:05,068 - INFO - allennlp.commands.train - encoder._module.weight_hh_l0_reverse
2019-02-04 01:34:05,068 - INFO - allennlp.commands.train - encoder._module.bias_ih_l0_reverse
2019-02-04 01:34:05,068 - INFO - allennlp.commands.train - encoder._module.bias_hh_l0_reverse
2019-02-04 01:34:05,068 - INFO - allennlp.commands.train - encoder._module.weight_ih_l1
2019-02-04 01:34:05,068 - INFO - allennlp.commands.train - encoder._module.weight_hh_l1
2019-02-04 01:34:05,068 - INFO - allennlp.commands.train - encoder._module.bias_ih_l1
2019-02-04 01:34:05,068 - INFO - allennlp.commands.train - encoder._module.bias_hh_l1
2019-02-04 01:34:05,068 - INFO - allennlp.commands.train - encoder._module.weight_ih_l1_reverse
2019-02-04 01:34:05,068 - INFO - allennlp.commands.train - encoder._module.weight_hh_l1_reverse
2019-02-04 01:34:05,068 - INFO - allennlp.commands.train - encoder._module.bias_ih_l1_reverse
2019-02-04 01:34:05,069 - INFO - allennlp.commands.train - encoder._module.bias_hh_l1_reverse
2019-02-04 01:34:05,069 - INFO - allennlp.commands.train - tag_projection_layer._module.weight
2019-02-04 01:34:05,069 - INFO - allennlp.commands.train - tag_projection_layer._module.bias
2019-02-04 01:34:05,069 - INFO - allennlp.common.params - trainer.type = default
2019-02-04 01:34:05,069 - INFO - allennlp.common.params - trainer.patience = 10
2019-02-04 01:34:05,069 - INFO - allennlp.common.params - trainer.validation_metric = -loss
2019-02-04 01:34:05,069 - INFO - allennlp.common.params - trainer.shuffle = True
2019-02-04 01:34:05,069 - INFO - allennlp.common.params - trainer.num_epochs = 40
2019-02-04 01:34:05,069 - INFO - allennlp.common.params - trainer.cuda_device = 0
2019-02-04 01:34:05,070 - INFO - allennlp.common.params - trainer.grad_norm = None
2019-02-04 01:34:05,070 - INFO - allennlp.common.params - trainer.grad_clipping = None
2019-02-04 01:34:05,070 - INFO - allennlp.common.params - trainer.learning_rate_scheduler = None
2019-02-04 01:34:07,613 - INFO - allennlp.common.params - trainer.optimizer = adam
2019-02-04 01:34:07,613 - INFO - allennlp.common.params - parameter_groups = None
2019-02-04 01:34:07,613 - INFO - allennlp.training.optimizers - Number of trainable parameters: 4538052
2019-02-04 01:34:07,614 - INFO - allennlp.common.params - Converting Params object to dict; logging of default values will not occur when dictionary parameters are used subsequently.
2019-02-04 01:34:07,614 - INFO - allennlp.common.params - CURRENTLY DEFINED PARAMETERS: 
2019-02-04 01:34:07,614 - INFO - allennlp.common.params - trainer.num_serialized_models_to_keep = 20
2019-02-04 01:34:07,615 - INFO - allennlp.common.params - trainer.keep_serialized_model_every_num_seconds = None
2019-02-04 01:34:07,615 - INFO - allennlp.common.params - trainer.model_save_interval = None
2019-02-04 01:34:07,615 - INFO - allennlp.common.params - trainer.summary_interval = 100
2019-02-04 01:34:07,615 - INFO - allennlp.common.params - trainer.histogram_interval = None
2019-02-04 01:34:07,615 - INFO - allennlp.common.params - trainer.should_log_parameter_statistics = True
2019-02-04 01:34:07,615 - INFO - allennlp.common.params - trainer.should_log_learning_rate = False
2019-02-04 01:34:07,615 - INFO - allennlp.common.params - trainer.log_batch_size_period = None
2019-02-04 01:34:07,618 - INFO - allennlp.common.params - evaluate_on_test = False
2019-02-04 01:34:07,618 - INFO - allennlp.training.trainer - Beginning training.
2019-02-04 01:34:07,618 - INFO - allennlp.training.trainer - Epoch 0/39
2019-02-04 01:34:07,618 - INFO - allennlp.training.trainer - Peak CPU memory usage MB: 2829.088
2019-02-04 01:34:07,692 - INFO - allennlp.training.trainer - GPU 0 memory usage MB: 349
2019-02-04 01:34:07,692 - INFO - allennlp.training.trainer - Training
2019-02-04 01:38:00,270 - INFO - allennlp.training.trainer - Validating
2019-02-04 01:38:02,672 - INFO - allennlp.training.trainer -                     Training |  Validation
2019-02-04 01:38:02,672 - INFO - allennlp.training.trainer - gpu_0_memory_MB |   349.000  |       N/A
2019-02-04 01:38:02,673 - INFO - allennlp.training.trainer - accuracy        |     0.956  |     0.939
2019-02-04 01:38:02,673 - INFO - allennlp.training.trainer - accuracy3       |     1.000  |     1.000
2019-02-04 01:38:02,673 - INFO - allennlp.training.trainer - loss            |     0.144  |     0.190
2019-02-04 01:38:02,673 - INFO - allennlp.training.trainer - cpu_memory_MB   |  2829.088  |       N/A
2019-02-04 01:38:02,743 - INFO - allennlp.training.trainer - Best validation performance so far. Copying weights to './model_params/best.th'.
2019-02-04 01:38:02,764 - INFO - allennlp.training.trainer - Epoch duration: 00:03:55
2019-02-04 01:38:02,764 - INFO - allennlp.training.trainer - Estimated training time remaining: 2:32:50
2019-02-04 01:38:02,765 - INFO - allennlp.training.trainer - Epoch 1/39
2019-02-04 01:38:02,765 - INFO - allennlp.training.trainer - Peak CPU memory usage MB: 2966.928
2019-02-04 01:38:02,844 - INFO - allennlp.training.trainer - GPU 0 memory usage MB: 435
2019-02-04 01:38:02,844 - INFO - allennlp.training.trainer - Training
2019-02-04 01:41:48,967 - INFO - allennlp.training.trainer - Validating
2019-02-04 01:41:51,151 - INFO - allennlp.training.trainer -                     Training |  Validation
2019-02-04 01:41:51,151 - INFO - allennlp.training.trainer - gpu_0_memory_MB |   435.000  |       N/A
2019-02-04 01:41:51,152 - INFO - allennlp.training.trainer - accuracy        |     0.957  |     0.939
2019-02-04 01:41:51,152 - INFO - allennlp.training.trainer - accuracy3       |     1.000  |     1.000
2019-02-04 01:41:51,152 - INFO - allennlp.training.trainer - loss            |     0.128  |     0.199
2019-02-04 01:41:51,153 - INFO - allennlp.training.trainer - cpu_memory_MB   |  2966.928  |       N/A
2019-02-04 01:41:51,222 - INFO - allennlp.training.trainer - Epoch duration: 00:03:48
2019-02-04 01:41:51,222 - INFO - allennlp.training.trainer - Estimated training time remaining: 2:26:48
2019-02-04 01:41:51,222 - INFO - allennlp.training.trainer - Epoch 2/39
2019-02-04 01:41:51,223 - INFO - allennlp.training.trainer - Peak CPU memory usage MB: 2967.096
2019-02-04 01:41:51,304 - INFO - allennlp.training.trainer - GPU 0 memory usage MB: 435
2019-02-04 01:41:51,305 - INFO - allennlp.training.trainer - Training
2019-02-04 01:45:37,612 - INFO - allennlp.training.trainer - Validating
2019-02-04 01:45:39,841 - INFO - allennlp.training.trainer -                     Training |  Validation
2019-02-04 01:45:39,841 - INFO - allennlp.training.trainer - gpu_0_memory_MB |   435.000  |       N/A
2019-02-04 01:45:39,841 - INFO - allennlp.training.trainer - accuracy        |     0.960  |     0.938
2019-02-04 01:45:39,842 - INFO - allennlp.training.trainer - accuracy3       |     1.000  |     1.000
2019-02-04 01:45:39,842 - INFO - allennlp.training.trainer - loss            |     0.119  |     0.197
2019-02-04 01:45:39,842 - INFO - allennlp.training.trainer - cpu_memory_MB   |  2967.096  |       N/A
2019-02-04 01:45:39,907 - INFO - allennlp.training.trainer - Epoch duration: 00:03:48
2019-02-04 01:45:39,907 - INFO - allennlp.training.trainer - Estimated training time remaining: 2:22:18
2019-02-04 01:45:39,907 - INFO - allennlp.training.trainer - Epoch 3/39
2019-02-04 01:45:39,907 - INFO - allennlp.training.trainer - Peak CPU memory usage MB: 2967.112
2019-02-04 01:45:40,026 - INFO - allennlp.training.trainer - GPU 0 memory usage MB: 435
2019-02-04 01:45:40,026 - INFO - allennlp.training.trainer - Training
2019-02-04 01:49:26,164 - INFO - allennlp.training.trainer - Validating
2019-02-04 01:49:28,373 - INFO - allennlp.training.trainer -                     Training |  Validation
2019-02-04 01:49:28,373 - INFO - allennlp.training.trainer - gpu_0_memory_MB |   435.000  |       N/A
2019-02-04 01:49:28,374 - INFO - allennlp.training.trainer - accuracy        |     0.962  |     0.938
2019-02-04 01:49:28,374 - INFO - allennlp.training.trainer - accuracy3       |     1.000  |     1.000
2019-02-04 01:49:28,374 - INFO - allennlp.training.trainer - loss            |     0.110  |     0.228
2019-02-04 01:49:28,374 - INFO - allennlp.training.trainer - cpu_memory_MB   |  2967.112  |       N/A
2019-02-04 01:49:28,443 - INFO - allennlp.training.trainer - Epoch duration: 00:03:48
2019-02-04 01:49:28,443 - INFO - allennlp.training.trainer - Estimated training time remaining: 2:18:07
2019-02-04 01:49:28,443 - INFO - allennlp.training.trainer - Epoch 4/39
2019-02-04 01:49:28,443 - INFO - allennlp.training.trainer - Peak CPU memory usage MB: 2967.112
2019-02-04 01:49:28,522 - INFO - allennlp.training.trainer - GPU 0 memory usage MB: 435
2019-02-04 01:49:28,523 - INFO - allennlp.training.trainer - Training
2019-02-04 01:53:15,035 - INFO - allennlp.training.trainer - Validating
2019-02-04 01:53:17,254 - INFO - allennlp.training.trainer -                     Training |  Validation
2019-02-04 01:53:17,254 - INFO - allennlp.training.trainer - gpu_0_memory_MB |   435.000  |       N/A
2019-02-04 01:53:17,255 - INFO - allennlp.training.trainer - accuracy        |     0.964  |     0.935
2019-02-04 01:53:17,255 - INFO - allennlp.training.trainer - accuracy3       |     1.000  |     1.000
2019-02-04 01:53:17,255 - INFO - allennlp.training.trainer - loss            |     0.102  |     0.223
2019-02-04 01:53:17,255 - INFO - allennlp.training.trainer - cpu_memory_MB   |  2967.112  |       N/A
2019-02-04 01:53:17,319 - INFO - allennlp.training.trainer - Epoch duration: 00:03:48
2019-02-04 01:53:17,320 - INFO - allennlp.training.trainer - Estimated training time remaining: 2:14:07
2019-02-04 01:53:17,320 - INFO - allennlp.training.trainer - Epoch 5/39
2019-02-04 01:53:17,320 - INFO - allennlp.training.trainer - Peak CPU memory usage MB: 2967.12
2019-02-04 01:53:17,401 - INFO - allennlp.training.trainer - GPU 0 memory usage MB: 435
2019-02-04 01:53:17,401 - INFO - allennlp.training.trainer - Training
2019-02-04 01:57:03,510 - INFO - allennlp.training.trainer - Validating
2019-02-04 01:57:05,724 - INFO - allennlp.training.trainer -                     Training |  Validation
2019-02-04 01:57:05,724 - INFO - allennlp.training.trainer - gpu_0_memory_MB |   435.000  |       N/A
2019-02-04 01:57:05,725 - INFO - allennlp.training.trainer - accuracy        |     0.966  |     0.932
2019-02-04 01:57:05,725 - INFO - allennlp.training.trainer - accuracy3       |     1.000  |     1.000
2019-02-04 01:57:05,725 - INFO - allennlp.training.trainer - loss            |     0.093  |     0.236
2019-02-04 01:57:05,725 - INFO - allennlp.training.trainer - cpu_memory_MB   |  2967.120  |       N/A
2019-02-04 01:57:05,790 - INFO - allennlp.training.trainer - Epoch duration: 00:03:48
2019-02-04 01:57:05,791 - INFO - allennlp.training.trainer - Estimated training time remaining: 2:10:09
2019-02-04 01:57:05,791 - INFO - allennlp.training.trainer - Epoch 6/39
2019-02-04 01:57:05,791 - INFO - allennlp.training.trainer - Peak CPU memory usage MB: 2967.144
2019-02-04 01:57:05,877 - INFO - allennlp.training.trainer - GPU 0 memory usage MB: 441
2019-02-04 01:57:05,877 - INFO - allennlp.training.trainer - Training
2019-02-04 02:00:52,151 - INFO - allennlp.training.trainer - Validating
2019-02-04 02:00:54,354 - INFO - allennlp.training.trainer -                     Training |  Validation
2019-02-04 02:00:54,355 - INFO - allennlp.training.trainer - gpu_0_memory_MB |   441.000  |       N/A
2019-02-04 02:00:54,355 - INFO - allennlp.training.trainer - accuracy        |     0.969  |     0.930
2019-02-04 02:00:54,355 - INFO - allennlp.training.trainer - accuracy3       |     1.000  |     1.000
2019-02-04 02:00:54,355 - INFO - allennlp.training.trainer - loss            |     0.085  |     0.258
2019-02-04 02:00:54,355 - INFO - allennlp.training.trainer - cpu_memory_MB   |  2967.144  |       N/A
2019-02-04 02:00:54,420 - INFO - allennlp.training.trainer - Epoch duration: 00:03:48
2019-02-04 02:00:54,420 - INFO - allennlp.training.trainer - Estimated training time remaining: 2:06:14
2019-02-04 02:00:54,420 - INFO - allennlp.training.trainer - Epoch 7/39
2019-02-04 02:00:54,420 - INFO - allennlp.training.trainer - Peak CPU memory usage MB: 2967.152
2019-02-04 02:00:54,503 - INFO - allennlp.training.trainer - GPU 0 memory usage MB: 441
2019-02-04 02:00:54,503 - INFO - allennlp.training.trainer - Training
2019-02-04 02:04:36,520 - INFO - allennlp.training.trainer - Validating
2019-02-04 02:04:38,711 - INFO - allennlp.training.trainer -                     Training |  Validation
2019-02-04 02:04:38,711 - INFO - allennlp.training.trainer - gpu_0_memory_MB |   441.000  |       N/A
2019-02-04 02:04:38,711 - INFO - allennlp.training.trainer - accuracy        |     0.971  |     0.926
2019-02-04 02:04:38,712 - INFO - allennlp.training.trainer - accuracy3       |     1.000  |     1.000
2019-02-04 02:04:38,712 - INFO - allennlp.training.trainer - loss            |     0.078  |     0.283
2019-02-04 02:04:38,712 - INFO - allennlp.training.trainer - cpu_memory_MB   |  2967.152  |       N/A
2019-02-04 02:04:38,776 - INFO - allennlp.training.trainer - Epoch duration: 00:03:44
2019-02-04 02:04:38,777 - INFO - allennlp.training.trainer - Estimated training time remaining: 2:02:04
2019-02-04 02:04:38,777 - INFO - allennlp.training.trainer - Epoch 8/39
2019-02-04 02:04:38,777 - INFO - allennlp.training.trainer - Peak CPU memory usage MB: 2967.16
2019-02-04 02:04:38,858 - INFO - allennlp.training.trainer - GPU 0 memory usage MB: 441
2019-02-04 02:04:38,858 - INFO - allennlp.training.trainer - Training
2019-02-04 02:08:24,241 - INFO - allennlp.training.trainer - Validating
2019-02-04 02:08:26,423 - INFO - allennlp.training.trainer -                     Training |  Validation
2019-02-04 02:08:26,423 - INFO - allennlp.training.trainer - gpu_0_memory_MB |   441.000  |       N/A
2019-02-04 02:08:26,424 - INFO - allennlp.training.trainer - accuracy        |     0.973  |     0.930
2019-02-04 02:08:26,424 - INFO - allennlp.training.trainer - accuracy3       |     1.000  |     1.000
2019-02-04 02:08:26,424 - INFO - allennlp.training.trainer - loss            |     0.071  |     0.309
2019-02-04 02:08:26,425 - INFO - allennlp.training.trainer - cpu_memory_MB   |  2967.160  |       N/A
2019-02-04 02:08:26,490 - INFO - allennlp.training.trainer - Epoch duration: 00:03:47
2019-02-04 02:08:26,490 - INFO - allennlp.training.trainer - Estimated training time remaining: 1:58:11
2019-02-04 02:08:26,491 - INFO - allennlp.training.trainer - Epoch 9/39
2019-02-04 02:08:26,491 - INFO - allennlp.training.trainer - Peak CPU memory usage MB: 2967.16
2019-02-04 02:08:26,573 - INFO - allennlp.training.trainer - GPU 0 memory usage MB: 441
2019-02-04 02:08:26,573 - INFO - allennlp.training.trainer - Training
2019-02-04 02:12:12,016 - INFO - allennlp.training.trainer - Validating
2019-02-04 02:12:14,212 - INFO - allennlp.training.trainer -                     Training |  Validation
2019-02-04 02:12:14,213 - INFO - allennlp.training.trainer - gpu_0_memory_MB |   441.000  |       N/A
2019-02-04 02:12:14,213 - INFO - allennlp.training.trainer - accuracy        |     0.975  |     0.928
2019-02-04 02:12:14,214 - INFO - allennlp.training.trainer - accuracy3       |     1.000  |     1.000
2019-02-04 02:12:14,214 - INFO - allennlp.training.trainer - loss            |     0.065  |     0.326
2019-02-04 02:12:14,214 - INFO - allennlp.training.trainer - cpu_memory_MB   |  2967.160  |       N/A
2019-02-04 02:12:14,279 - INFO - allennlp.training.trainer - Epoch duration: 00:03:47
2019-02-04 02:12:14,280 - INFO - allennlp.training.trainer - Estimated training time remaining: 1:54:19
2019-02-04 02:12:14,280 - INFO - allennlp.training.trainer - Epoch 10/39
2019-02-04 02:12:14,280 - INFO - allennlp.training.trainer - Peak CPU memory usage MB: 2967.16
2019-02-04 02:12:14,364 - INFO - allennlp.training.trainer - GPU 0 memory usage MB: 441
2019-02-04 02:12:14,364 - INFO - allennlp.training.trainer - Training
2019-02-04 02:15:59,850 - INFO - allennlp.training.trainer - Validating
2019-02-04 02:16:02,018 - INFO - allennlp.training.trainer - Ran out of patience.  Stopping training.
2019-02-04 02:16:02,018 - INFO - allennlp.models.archival - archiving weights and vocabulary to ./model_params/model.tar.gz
2019-02-04 02:16:03,130 - INFO - allennlp.commands.train - Loading the best epoch weights.
2019-02-04 02:16:03,153 - INFO - allennlp.common.util - Metrics: {
  "peak_cpu_memory_MB": 2967.16,
  "peak_gpu_0_memory_MB": 441,
  "training_duration": "00:38:06",
  "training_start_epoch": 0,
  "training_epochs": 9,
  "epoch": 9,
  "training_accuracy": 0.9754283406367387,
  "training_accuracy3": 1.0,
  "training_loss": 0.06512127623180902,
  "training_cpu_memory_MB": 2967.16,
  "training_gpu_0_memory_MB": 441,
  "validation_accuracy": 0.9275347609865016,
  "validation_accuracy3": 1.0,
  "validation_loss": 0.3260324202782037,
  "best_epoch": 0,
  "best_validation_accuracy": 0.9394882551281618,
  "best_validation_accuracy3": 1.0,
  "best_validation_loss": 0.1895875420649441
}
