2019-02-11 06:25:07,543 - INFO - allennlp.common.from_params - instantiating class <class 'allennlp.data.dataset_readers.dataset_reader.DatasetReader'> from params {'mytokenizer': {'type': 'word', 'word_splitter': {'ner': True, 'parse': True, 'pos_tags': True, 'type': 'whitespacy'}}, 'token_indexers': {'dependency_label': {'namespace': 'dependencies', 'type': 'dependency_label'}, 'ner_tag': {'namespace': 'ner', 'type': 'ner_tag'}, 'pos_tag': {'coarse_tags': True, 'namespace': 'pos', 'type': 'pos_tag'}}, 'type': 'sequence_tagging2', 'word_tag_delimiter': '//'} and extras {}
2019-02-11 06:25:07,544 - INFO - allennlp.common.params - dataset_reader.type = sequence_tagging2
2019-02-11 06:25:07,544 - INFO - allennlp.common.from_params - instantiating class <class 'myallennlp.dataset_readers.sequence_tagging2.SequenceTaggingDatasetReader'> from params {'mytokenizer': {'type': 'word', 'word_splitter': {'ner': True, 'parse': True, 'pos_tags': True, 'type': 'whitespacy'}}, 'token_indexers': {'dependency_label': {'namespace': 'dependencies', 'type': 'dependency_label'}, 'ner_tag': {'namespace': 'ner', 'type': 'ner_tag'}, 'pos_tag': {'coarse_tags': True, 'namespace': 'pos', 'type': 'pos_tag'}}, 'word_tag_delimiter': '//'} and extras {}
2019-02-11 06:25:07,544 - INFO - allennlp.common.params - dataset_reader.word_tag_delimiter = //
2019-02-11 06:25:07,544 - INFO - allennlp.common.params - dataset_reader.token_delimiter = None
2019-02-11 06:25:07,544 - INFO - allennlp.common.from_params - instantiating class allennlp.data.token_indexers.token_indexer.TokenIndexer from params {'namespace': 'dependencies', 'type': 'dependency_label'} and extras {}
2019-02-11 06:25:07,545 - INFO - allennlp.common.params - dataset_reader.token_indexers.dependency_label.type = dependency_label
2019-02-11 06:25:07,545 - INFO - allennlp.common.from_params - instantiating class allennlp.data.token_indexers.dep_label_indexer.DepLabelIndexer from params {'namespace': 'dependencies'} and extras {}
2019-02-11 06:25:07,545 - INFO - allennlp.common.params - dataset_reader.token_indexers.dependency_label.namespace = dependencies
2019-02-11 06:25:07,545 - INFO - allennlp.common.from_params - instantiating class allennlp.data.token_indexers.token_indexer.TokenIndexer from params {'namespace': 'ner', 'type': 'ner_tag'} and extras {}
2019-02-11 06:25:07,545 - INFO - allennlp.common.params - dataset_reader.token_indexers.ner_tag.type = ner_tag
2019-02-11 06:25:07,546 - INFO - allennlp.common.from_params - instantiating class allennlp.data.token_indexers.ner_tag_indexer.NerTagIndexer from params {'namespace': 'ner'} and extras {}
2019-02-11 06:25:07,546 - INFO - allennlp.common.params - dataset_reader.token_indexers.ner_tag.namespace = ner
2019-02-11 06:25:07,546 - INFO - allennlp.common.from_params - instantiating class allennlp.data.token_indexers.token_indexer.TokenIndexer from params {'coarse_tags': True, 'namespace': 'pos', 'type': 'pos_tag'} and extras {}
2019-02-11 06:25:07,546 - INFO - allennlp.common.params - dataset_reader.token_indexers.pos_tag.type = pos_tag
2019-02-11 06:25:07,546 - INFO - allennlp.common.from_params - instantiating class allennlp.data.token_indexers.pos_tag_indexer.PosTagIndexer from params {'coarse_tags': True, 'namespace': 'pos'} and extras {}
2019-02-11 06:25:07,546 - INFO - allennlp.common.params - dataset_reader.token_indexers.pos_tag.namespace = pos
2019-02-11 06:25:07,547 - INFO - allennlp.common.params - dataset_reader.token_indexers.pos_tag.coarse_tags = True
2019-02-11 06:25:07,547 - INFO - allennlp.common.params - dataset_reader.lazy = False
2019-02-11 06:25:07,547 - INFO - allennlp.common.from_params - instantiating class <class 'allennlp.data.tokenizers.tokenizer.Tokenizer'> from params {'type': 'word', 'word_splitter': {'ner': True, 'parse': True, 'pos_tags': True, 'type': 'whitespacy'}} and extras {}
2019-02-11 06:25:07,547 - INFO - allennlp.common.params - dataset_reader.mytokenizer.type = word
2019-02-11 06:25:07,547 - INFO - allennlp.common.from_params - instantiating class <class 'allennlp.data.tokenizers.word_tokenizer.WordTokenizer'> from params {'word_splitter': {'ner': True, 'parse': True, 'pos_tags': True, 'type': 'whitespacy'}} and extras {}
2019-02-11 06:25:07,547 - INFO - allennlp.common.from_params - instantiating class <class 'allennlp.data.tokenizers.word_splitter.WordSplitter'> from params {'ner': True, 'parse': True, 'pos_tags': True, 'type': 'whitespacy'} and extras {}
2019-02-11 06:25:07,548 - INFO - allennlp.common.params - dataset_reader.mytokenizer.word_splitter.type = whitespacy
2019-02-11 06:25:07,548 - INFO - allennlp.common.from_params - instantiating class <class 'myallennlp.data.tokenizers.word_splitter.SpacyWordSplitter'> from params {'ner': True, 'parse': True, 'pos_tags': True} and extras {}
2019-02-11 06:25:07,548 - INFO - allennlp.common.params - dataset_reader.mytokenizer.word_splitter.language = en_core_web_sm
2019-02-11 06:25:07,548 - INFO - allennlp.common.params - dataset_reader.mytokenizer.word_splitter.pos_tags = True
2019-02-11 06:25:07,548 - INFO - allennlp.common.params - dataset_reader.mytokenizer.word_splitter.parse = True
2019-02-11 06:25:07,548 - INFO - allennlp.common.params - dataset_reader.mytokenizer.word_splitter.ner = True
2019-02-11 06:25:08,152 - INFO - allennlp.common.params - dataset_reader.mytokenizer.start_tokens = None
2019-02-11 06:25:08,153 - INFO - allennlp.common.params - dataset_reader.mytokenizer.end_tokens = None
2019-02-11 06:25:08,153 - INFO - allennlp.common.params - dataset_reader.use_spacy_directly = False
2019-02-11 06:25:08,153 - INFO - allennlp.common.params - validation_dataset_reader = None
2019-02-11 06:25:08,153 - INFO - allennlp.common.params - train_data_path = ../data/allenTrain.txt
2019-02-11 06:25:08,153 - INFO - allennlp.commands.train - Reading training data from ../data/allenTrain.txt
2019-02-11 06:25:08,154 - INFO - myallennlp.dataset_readers.sequence_tagging2 - Reading instances from lines in file at: ../data/allenTrain.txt
2019-02-11 06:26:03,708 - INFO - allennlp.common.params - validation_data_path = ../data/allenDev.txt
2019-02-11 06:26:03,708 - INFO - allennlp.commands.train - Reading validation data from ../data/allenDev.txt
2019-02-11 06:26:03,709 - INFO - myallennlp.dataset_readers.sequence_tagging2 - Reading instances from lines in file at: ../data/allenDev.txt
2019-02-11 06:26:33,475 - INFO - allennlp.common.params - test_data_path = None
2019-02-11 06:26:33,475 - INFO - allennlp.commands.train - From dataset instances, train, validation will be considered for vocabulary creation.
2019-02-11 06:26:33,475 - INFO - allennlp.common.params - vocabulary.type = None
2019-02-11 06:26:33,475 - INFO - allennlp.common.params - vocabulary.extend = False
2019-02-11 06:26:33,476 - INFO - allennlp.common.params - vocabulary.directory_path = None
2019-02-11 06:26:33,476 - INFO - allennlp.common.params - vocabulary.min_count = None
2019-02-11 06:26:33,476 - INFO - allennlp.common.params - vocabulary.max_vocab_size = None
2019-02-11 06:26:33,476 - INFO - allennlp.common.params - vocabulary.non_padded_namespaces = ('*tags', '*labels')
2019-02-11 06:26:33,476 - INFO - allennlp.common.params - vocabulary.min_pretrained_embeddings = None
2019-02-11 06:26:33,476 - INFO - allennlp.common.params - vocabulary.only_include_pretrained_words = False
2019-02-11 06:26:33,476 - INFO - allennlp.common.params - vocabulary.tokens_to_add = None
2019-02-11 06:26:33,476 - INFO - allennlp.data.vocabulary - Fitting token dictionary from dataset.
2019-02-11 06:26:34,074 - INFO - allennlp.common.from_params - instantiating class <class 'allennlp.models.model.Model'> from params {'Ntags0': 80, 'Ntags1': 20, 'do_crossentropy_weighting': True, 'encoder': {'bidirectional': True, 'dropout': 0.5, 'hidden_size': 54, 'input_size': 54, 'num_layers': 2, 'type': 'rnn'}, 'text_field_embedder': {'token_embedders': {'dependency_label': {'embedding_dim': 20, 'type': 'embedding', 'vocab_namespace': 'dependencies'}, 'ner_tag': {'embedding_dim': 19, 'type': 'embedding', 'vocab_namespace': 'ner'}, 'pos_tag': {'embedding_dim': 15, 'type': 'embedding', 'vocab_namespace': 'pos'}}}, 'type': 'simple_tagger2'} and extras {'vocab': Vocabulary with namespaces:  dependencies, Size: 47 || ner, Size: 21 || pos, Size: 17 || labels, Size: 2 || Non Padded Namespaces: {'*labels', '*tags'}}
2019-02-11 06:26:34,074 - INFO - allennlp.common.params - model.type = simple_tagger2
2019-02-11 06:26:34,074 - INFO - allennlp.common.from_params - instantiating class <class 'myallennlp.models.simple_tagger2.SimpleTagger2'> from params {'Ntags0': 80, 'Ntags1': 20, 'do_crossentropy_weighting': True, 'encoder': {'bidirectional': True, 'dropout': 0.5, 'hidden_size': 54, 'input_size': 54, 'num_layers': 2, 'type': 'rnn'}, 'text_field_embedder': {'token_embedders': {'dependency_label': {'embedding_dim': 20, 'type': 'embedding', 'vocab_namespace': 'dependencies'}, 'ner_tag': {'embedding_dim': 19, 'type': 'embedding', 'vocab_namespace': 'ner'}, 'pos_tag': {'embedding_dim': 15, 'type': 'embedding', 'vocab_namespace': 'pos'}}}} and extras {'vocab': Vocabulary with namespaces:  dependencies, Size: 47 || ner, Size: 21 || pos, Size: 17 || labels, Size: 2 || Non Padded Namespaces: {'*labels', '*tags'}}
2019-02-11 06:26:34,075 - INFO - allennlp.common.from_params - instantiating class <class 'allennlp.modules.text_field_embedders.text_field_embedder.TextFieldEmbedder'> from params {'token_embedders': {'dependency_label': {'embedding_dim': 20, 'type': 'embedding', 'vocab_namespace': 'dependencies'}, 'ner_tag': {'embedding_dim': 19, 'type': 'embedding', 'vocab_namespace': 'ner'}, 'pos_tag': {'embedding_dim': 15, 'type': 'embedding', 'vocab_namespace': 'pos'}}} and extras {'vocab': Vocabulary with namespaces:  dependencies, Size: 47 || ner, Size: 21 || pos, Size: 17 || labels, Size: 2 || Non Padded Namespaces: {'*labels', '*tags'}}
2019-02-11 06:26:34,075 - INFO - allennlp.common.params - model.text_field_embedder.type = basic
2019-02-11 06:26:34,075 - INFO - allennlp.common.params - model.text_field_embedder.embedder_to_indexer_map = None
2019-02-11 06:26:34,075 - INFO - allennlp.common.params - model.text_field_embedder.allow_unmatched_keys = False
2019-02-11 06:26:34,075 - INFO - allennlp.common.from_params - instantiating class <class 'allennlp.modules.token_embedders.token_embedder.TokenEmbedder'> from params {'embedding_dim': 20, 'type': 'embedding', 'vocab_namespace': 'dependencies'} and extras {'vocab': Vocabulary with namespaces:  dependencies, Size: 47 || ner, Size: 21 || pos, Size: 17 || labels, Size: 2 || Non Padded Namespaces: {'*labels', '*tags'}}
2019-02-11 06:26:34,076 - INFO - allennlp.common.params - model.text_field_embedder.token_embedders.dependency_label.type = embedding
2019-02-11 06:26:34,076 - INFO - allennlp.common.params - model.text_field_embedder.token_embedders.dependency_label.num_embeddings = None
2019-02-11 06:26:34,076 - INFO - allennlp.common.params - model.text_field_embedder.token_embedders.dependency_label.vocab_namespace = dependencies
2019-02-11 06:26:34,076 - INFO - allennlp.common.params - model.text_field_embedder.token_embedders.dependency_label.embedding_dim = 20
2019-02-11 06:26:34,076 - INFO - allennlp.common.params - model.text_field_embedder.token_embedders.dependency_label.pretrained_file = None
2019-02-11 06:26:34,076 - INFO - allennlp.common.params - model.text_field_embedder.token_embedders.dependency_label.projection_dim = None
2019-02-11 06:26:34,076 - INFO - allennlp.common.params - model.text_field_embedder.token_embedders.dependency_label.trainable = True
2019-02-11 06:26:34,076 - INFO - allennlp.common.params - model.text_field_embedder.token_embedders.dependency_label.padding_index = None
2019-02-11 06:26:34,077 - INFO - allennlp.common.params - model.text_field_embedder.token_embedders.dependency_label.max_norm = None
2019-02-11 06:26:34,077 - INFO - allennlp.common.params - model.text_field_embedder.token_embedders.dependency_label.norm_type = 2.0
2019-02-11 06:26:34,077 - INFO - allennlp.common.params - model.text_field_embedder.token_embedders.dependency_label.scale_grad_by_freq = False
2019-02-11 06:26:34,077 - INFO - allennlp.common.params - model.text_field_embedder.token_embedders.dependency_label.sparse = False
2019-02-11 06:26:34,078 - INFO - allennlp.common.from_params - instantiating class <class 'allennlp.modules.token_embedders.token_embedder.TokenEmbedder'> from params {'embedding_dim': 19, 'type': 'embedding', 'vocab_namespace': 'ner'} and extras {'vocab': Vocabulary with namespaces:  dependencies, Size: 47 || ner, Size: 21 || pos, Size: 17 || labels, Size: 2 || Non Padded Namespaces: {'*labels', '*tags'}}
2019-02-11 06:26:34,078 - INFO - allennlp.common.params - model.text_field_embedder.token_embedders.ner_tag.type = embedding
2019-02-11 06:26:34,078 - INFO - allennlp.common.params - model.text_field_embedder.token_embedders.ner_tag.num_embeddings = None
2019-02-11 06:26:34,078 - INFO - allennlp.common.params - model.text_field_embedder.token_embedders.ner_tag.vocab_namespace = ner
2019-02-11 06:26:34,079 - INFO - allennlp.common.params - model.text_field_embedder.token_embedders.ner_tag.embedding_dim = 19
2019-02-11 06:26:34,079 - INFO - allennlp.common.params - model.text_field_embedder.token_embedders.ner_tag.pretrained_file = None
2019-02-11 06:26:34,079 - INFO - allennlp.common.params - model.text_field_embedder.token_embedders.ner_tag.projection_dim = None
2019-02-11 06:26:34,079 - INFO - allennlp.common.params - model.text_field_embedder.token_embedders.ner_tag.trainable = True
2019-02-11 06:26:34,079 - INFO - allennlp.common.params - model.text_field_embedder.token_embedders.ner_tag.padding_index = None
2019-02-11 06:26:34,079 - INFO - allennlp.common.params - model.text_field_embedder.token_embedders.ner_tag.max_norm = None
2019-02-11 06:26:34,079 - INFO - allennlp.common.params - model.text_field_embedder.token_embedders.ner_tag.norm_type = 2.0
2019-02-11 06:26:34,079 - INFO - allennlp.common.params - model.text_field_embedder.token_embedders.ner_tag.scale_grad_by_freq = False
2019-02-11 06:26:34,079 - INFO - allennlp.common.params - model.text_field_embedder.token_embedders.ner_tag.sparse = False
2019-02-11 06:26:34,080 - INFO - allennlp.common.from_params - instantiating class <class 'allennlp.modules.token_embedders.token_embedder.TokenEmbedder'> from params {'embedding_dim': 15, 'type': 'embedding', 'vocab_namespace': 'pos'} and extras {'vocab': Vocabulary with namespaces:  dependencies, Size: 47 || ner, Size: 21 || pos, Size: 17 || labels, Size: 2 || Non Padded Namespaces: {'*labels', '*tags'}}
2019-02-11 06:26:34,080 - INFO - allennlp.common.params - model.text_field_embedder.token_embedders.pos_tag.type = embedding
2019-02-11 06:26:34,080 - INFO - allennlp.common.params - model.text_field_embedder.token_embedders.pos_tag.num_embeddings = None
2019-02-11 06:26:34,080 - INFO - allennlp.common.params - model.text_field_embedder.token_embedders.pos_tag.vocab_namespace = pos
2019-02-11 06:26:34,080 - INFO - allennlp.common.params - model.text_field_embedder.token_embedders.pos_tag.embedding_dim = 15
2019-02-11 06:26:34,081 - INFO - allennlp.common.params - model.text_field_embedder.token_embedders.pos_tag.pretrained_file = None
2019-02-11 06:26:34,081 - INFO - allennlp.common.params - model.text_field_embedder.token_embedders.pos_tag.projection_dim = None
2019-02-11 06:26:34,081 - INFO - allennlp.common.params - model.text_field_embedder.token_embedders.pos_tag.trainable = True
2019-02-11 06:26:34,081 - INFO - allennlp.common.params - model.text_field_embedder.token_embedders.pos_tag.padding_index = None
2019-02-11 06:26:34,081 - INFO - allennlp.common.params - model.text_field_embedder.token_embedders.pos_tag.max_norm = None
2019-02-11 06:26:34,081 - INFO - allennlp.common.params - model.text_field_embedder.token_embedders.pos_tag.norm_type = 2.0
2019-02-11 06:26:34,081 - INFO - allennlp.common.params - model.text_field_embedder.token_embedders.pos_tag.scale_grad_by_freq = False
2019-02-11 06:26:34,082 - INFO - allennlp.common.params - model.text_field_embedder.token_embedders.pos_tag.sparse = False
2019-02-11 06:26:34,082 - INFO - allennlp.common.from_params - instantiating class <class 'allennlp.modules.seq2seq_encoders.seq2seq_encoder.Seq2SeqEncoder'> from params {'bidirectional': True, 'dropout': 0.5, 'hidden_size': 54, 'input_size': 54, 'num_layers': 2, 'type': 'rnn'} and extras {'vocab': Vocabulary with namespaces:  dependencies, Size: 47 || ner, Size: 21 || pos, Size: 17 || labels, Size: 2 || Non Padded Namespaces: {'*labels', '*tags'}}
2019-02-11 06:26:34,082 - INFO - allennlp.common.params - model.encoder.type = rnn
2019-02-11 06:26:34,083 - INFO - allennlp.common.params - model.encoder.batch_first = True
2019-02-11 06:26:34,083 - INFO - allennlp.common.params - model.encoder.stateful = False
2019-02-11 06:26:34,083 - INFO - allennlp.common.params - Converting Params object to dict; logging of default values will not occur when dictionary parameters are used subsequently.
2019-02-11 06:26:34,083 - INFO - allennlp.common.params - CURRENTLY DEFINED PARAMETERS: 
2019-02-11 06:26:34,083 - INFO - allennlp.common.params - model.encoder.bidirectional = True
2019-02-11 06:26:34,083 - INFO - allennlp.common.params - model.encoder.dropout = 0.5
2019-02-11 06:26:34,084 - INFO - allennlp.common.params - model.encoder.hidden_size = 54
2019-02-11 06:26:34,084 - INFO - allennlp.common.params - model.encoder.input_size = 54
2019-02-11 06:26:34,084 - INFO - allennlp.common.params - model.encoder.num_layers = 2
2019-02-11 06:26:34,084 - INFO - allennlp.common.params - model.encoder.batch_first = True
2019-02-11 06:26:34,086 - INFO - allennlp.common.params - model.do_crossentropy_weighting = True
2019-02-11 06:26:34,086 - INFO - allennlp.common.params - model.Ntags0 = 80
2019-02-11 06:26:34,086 - INFO - allennlp.common.params - model.Ntags1 = 20
2019-02-11 06:26:34,087 - INFO - allennlp.nn.initializers - Initializing parameters
2019-02-11 06:26:34,087 - INFO - allennlp.nn.initializers - Done initializing parameters; the following parameters are using their default initialization from their code
2019-02-11 06:26:34,087 - INFO - allennlp.nn.initializers -    encoder._module.bias_hh_l0
2019-02-11 06:26:34,088 - INFO - allennlp.nn.initializers -    encoder._module.bias_hh_l0_reverse
2019-02-11 06:26:34,088 - INFO - allennlp.nn.initializers -    encoder._module.bias_hh_l1
2019-02-11 06:26:34,088 - INFO - allennlp.nn.initializers -    encoder._module.bias_hh_l1_reverse
2019-02-11 06:26:34,088 - INFO - allennlp.nn.initializers -    encoder._module.bias_ih_l0
2019-02-11 06:26:34,088 - INFO - allennlp.nn.initializers -    encoder._module.bias_ih_l0_reverse
2019-02-11 06:26:34,088 - INFO - allennlp.nn.initializers -    encoder._module.bias_ih_l1
2019-02-11 06:26:34,089 - INFO - allennlp.nn.initializers -    encoder._module.bias_ih_l1_reverse
2019-02-11 06:26:34,089 - INFO - allennlp.nn.initializers -    encoder._module.weight_hh_l0
2019-02-11 06:26:34,089 - INFO - allennlp.nn.initializers -    encoder._module.weight_hh_l0_reverse
2019-02-11 06:26:34,089 - INFO - allennlp.nn.initializers -    encoder._module.weight_hh_l1
2019-02-11 06:26:34,089 - INFO - allennlp.nn.initializers -    encoder._module.weight_hh_l1_reverse
2019-02-11 06:26:34,089 - INFO - allennlp.nn.initializers -    encoder._module.weight_ih_l0
2019-02-11 06:26:34,089 - INFO - allennlp.nn.initializers -    encoder._module.weight_ih_l0_reverse
2019-02-11 06:26:34,090 - INFO - allennlp.nn.initializers -    encoder._module.weight_ih_l1
2019-02-11 06:26:34,090 - INFO - allennlp.nn.initializers -    encoder._module.weight_ih_l1_reverse
2019-02-11 06:26:34,090 - INFO - allennlp.nn.initializers -    tag_projection_layer._module.bias
2019-02-11 06:26:34,090 - INFO - allennlp.nn.initializers -    tag_projection_layer._module.weight
2019-02-11 06:26:34,090 - INFO - allennlp.nn.initializers -    text_field_embedder.token_embedder_dependency_label.weight
2019-02-11 06:26:34,090 - INFO - allennlp.nn.initializers -    text_field_embedder.token_embedder_ner_tag.weight
2019-02-11 06:26:34,090 - INFO - allennlp.nn.initializers -    text_field_embedder.token_embedder_pos_tag.weight
2019-02-11 06:26:34,092 - INFO - allennlp.common.from_params - instantiating class <class 'allennlp.data.iterators.data_iterator.DataIterator'> from params {'batch_size': 32, 'type': 'basic'} and extras {}
2019-02-11 06:26:34,092 - INFO - allennlp.common.params - iterator.type = basic
2019-02-11 06:26:34,092 - INFO - allennlp.common.from_params - instantiating class <class 'allennlp.data.iterators.basic_iterator.BasicIterator'> from params {'batch_size': 32} and extras {}
2019-02-11 06:26:34,093 - INFO - allennlp.common.params - iterator.batch_size = 32
2019-02-11 06:26:34,093 - INFO - allennlp.common.params - iterator.instances_per_epoch = None
2019-02-11 06:26:34,093 - INFO - allennlp.common.params - iterator.max_instances_in_memory = None
2019-02-11 06:26:34,093 - INFO - allennlp.common.params - iterator.cache_instances = False
2019-02-11 06:26:34,093 - INFO - allennlp.common.params - iterator.track_epoch = False
2019-02-11 06:26:34,094 - INFO - allennlp.common.params - iterator.maximum_samples_per_batch = None
2019-02-11 06:26:34,094 - INFO - allennlp.common.params - validation_iterator = None
2019-02-11 06:26:34,094 - INFO - allennlp.common.params - trainer.no_grad = ()
2019-02-11 06:26:34,094 - INFO - allennlp.commands.train - Following parameters are Frozen  (without gradient):
2019-02-11 06:26:34,094 - INFO - allennlp.commands.train - Following parameters are Tunable (with gradient):
2019-02-11 06:26:34,094 - INFO - allennlp.commands.train - text_field_embedder.token_embedder_dependency_label.weight
2019-02-11 06:26:34,094 - INFO - allennlp.commands.train - text_field_embedder.token_embedder_ner_tag.weight
2019-02-11 06:26:34,095 - INFO - allennlp.commands.train - text_field_embedder.token_embedder_pos_tag.weight
2019-02-11 06:26:34,095 - INFO - allennlp.commands.train - encoder._module.weight_ih_l0
2019-02-11 06:26:34,095 - INFO - allennlp.commands.train - encoder._module.weight_hh_l0
2019-02-11 06:26:34,095 - INFO - allennlp.commands.train - encoder._module.bias_ih_l0
2019-02-11 06:26:34,095 - INFO - allennlp.commands.train - encoder._module.bias_hh_l0
2019-02-11 06:26:34,095 - INFO - allennlp.commands.train - encoder._module.weight_ih_l0_reverse
2019-02-11 06:26:34,095 - INFO - allennlp.commands.train - encoder._module.weight_hh_l0_reverse
2019-02-11 06:26:34,095 - INFO - allennlp.commands.train - encoder._module.bias_ih_l0_reverse
2019-02-11 06:26:34,095 - INFO - allennlp.commands.train - encoder._module.bias_hh_l0_reverse
2019-02-11 06:26:34,096 - INFO - allennlp.commands.train - encoder._module.weight_ih_l1
2019-02-11 06:26:34,096 - INFO - allennlp.commands.train - encoder._module.weight_hh_l1
2019-02-11 06:26:34,096 - INFO - allennlp.commands.train - encoder._module.bias_ih_l1
2019-02-11 06:26:34,096 - INFO - allennlp.commands.train - encoder._module.bias_hh_l1
2019-02-11 06:26:34,096 - INFO - allennlp.commands.train - encoder._module.weight_ih_l1_reverse
2019-02-11 06:26:34,096 - INFO - allennlp.commands.train - encoder._module.weight_hh_l1_reverse
2019-02-11 06:26:34,096 - INFO - allennlp.commands.train - encoder._module.bias_ih_l1_reverse
2019-02-11 06:26:34,096 - INFO - allennlp.commands.train - encoder._module.bias_hh_l1_reverse
2019-02-11 06:26:34,096 - INFO - allennlp.commands.train - tag_projection_layer._module.weight
2019-02-11 06:26:34,096 - INFO - allennlp.commands.train - tag_projection_layer._module.bias
2019-02-11 06:26:34,097 - INFO - allennlp.common.params - trainer.type = default
2019-02-11 06:26:34,097 - INFO - allennlp.common.params - trainer.patience = 5
2019-02-11 06:26:34,097 - INFO - allennlp.common.params - trainer.validation_metric = -loss
2019-02-11 06:26:34,097 - INFO - allennlp.common.params - trainer.shuffle = True
2019-02-11 06:26:34,097 - INFO - allennlp.common.params - trainer.num_epochs = 40
2019-02-11 06:26:34,097 - INFO - allennlp.common.params - trainer.cuda_device = 0
2019-02-11 06:26:34,097 - INFO - allennlp.common.params - trainer.grad_norm = None
2019-02-11 06:26:34,097 - INFO - allennlp.common.params - trainer.grad_clipping = None
2019-02-11 06:26:34,097 - INFO - allennlp.common.params - trainer.learning_rate_scheduler = None
2019-02-11 06:26:39,723 - INFO - allennlp.common.params - trainer.optimizer = adam
2019-02-11 06:26:39,723 - INFO - allennlp.common.params - parameter_groups = None
2019-02-11 06:26:39,723 - INFO - allennlp.training.optimizers - Number of trainable parameters: 31404
2019-02-11 06:26:39,724 - INFO - allennlp.common.params - Converting Params object to dict; logging of default values will not occur when dictionary parameters are used subsequently.
2019-02-11 06:26:39,725 - INFO - allennlp.common.params - CURRENTLY DEFINED PARAMETERS: 
2019-02-11 06:26:39,725 - INFO - allennlp.common.params - trainer.num_serialized_models_to_keep = 20
2019-02-11 06:26:39,725 - INFO - allennlp.common.params - trainer.keep_serialized_model_every_num_seconds = None
2019-02-11 06:26:39,725 - INFO - allennlp.common.params - trainer.model_save_interval = None
2019-02-11 06:26:39,725 - INFO - allennlp.common.params - trainer.summary_interval = 100
2019-02-11 06:26:39,725 - INFO - allennlp.common.params - trainer.histogram_interval = None
2019-02-11 06:26:39,725 - INFO - allennlp.common.params - trainer.should_log_parameter_statistics = True
2019-02-11 06:26:39,725 - INFO - allennlp.common.params - trainer.should_log_learning_rate = False
2019-02-11 06:26:39,726 - INFO - allennlp.common.params - trainer.log_batch_size_period = None
2019-02-11 06:26:39,729 - INFO - allennlp.common.params - evaluate_on_test = False
2019-02-11 06:26:39,729 - INFO - allennlp.training.trainer - Beginning training.
2019-02-11 06:26:39,729 - INFO - allennlp.training.trainer - Epoch 0/39
2019-02-11 06:26:39,729 - INFO - allennlp.training.trainer - Peak CPU memory usage MB: 2608.764
2019-02-11 06:26:39,796 - INFO - allennlp.training.trainer - GPU 0 memory usage MB: 321
2019-02-11 06:26:39,796 - INFO - allennlp.training.trainer - Training
2019-02-11 06:26:54,354 - INFO - allennlp.training.trainer - Validating
2019-02-11 06:26:57,155 - INFO - allennlp.training.trainer -                     Training |  Validation
2019-02-11 06:26:57,155 - INFO - allennlp.training.trainer - accuracy3       |     1.000  |     1.000
2019-02-11 06:26:57,155 - INFO - allennlp.training.trainer - gpu_0_memory_MB |   321.000  |       N/A
2019-02-11 06:26:57,155 - INFO - allennlp.training.trainer - cpu_memory_MB   |  2608.764  |       N/A
2019-02-11 06:26:57,155 - INFO - allennlp.training.trainer - loss            |     0.331  |     0.373
2019-02-11 06:26:57,155 - INFO - allennlp.training.trainer - accuracy        |     0.839  |     0.808
2019-02-11 06:26:57,161 - INFO - allennlp.training.trainer - Best validation performance so far. Copying weights to './model_params/best.th'.
2019-02-11 06:26:57,161 - INFO - allennlp.training.trainer - Epoch duration: 00:00:17
2019-02-11 06:26:57,162 - INFO - allennlp.training.trainer - Estimated training time remaining: 0:11:19
2019-02-11 06:26:57,162 - INFO - allennlp.training.trainer - Epoch 1/39
2019-02-11 06:26:57,162 - INFO - allennlp.training.trainer - Peak CPU memory usage MB: 2643.208
2019-02-11 06:26:57,235 - INFO - allennlp.training.trainer - GPU 0 memory usage MB: 340
2019-02-11 06:26:57,235 - INFO - allennlp.training.trainer - Training
2019-02-11 06:27:10,688 - INFO - allennlp.training.trainer - Validating
2019-02-11 06:27:13,099 - INFO - allennlp.training.trainer -                     Training |  Validation
2019-02-11 06:27:13,099 - INFO - allennlp.training.trainer - accuracy3       |     1.000  |     1.000
2019-02-11 06:27:13,099 - INFO - allennlp.training.trainer - gpu_0_memory_MB |   340.000  |       N/A
2019-02-11 06:27:13,099 - INFO - allennlp.training.trainer - cpu_memory_MB   |  2643.208  |       N/A
2019-02-11 06:27:13,099 - INFO - allennlp.training.trainer - loss            |     0.302  |     0.376
2019-02-11 06:27:13,100 - INFO - allennlp.training.trainer - accuracy        |     0.850  |     0.809
2019-02-11 06:27:13,105 - INFO - allennlp.training.trainer - Epoch duration: 00:00:15
2019-02-11 06:27:13,105 - INFO - allennlp.training.trainer - Estimated training time remaining: 0:10:34
2019-02-11 06:27:13,105 - INFO - allennlp.training.trainer - Epoch 2/39
2019-02-11 06:27:13,106 - INFO - allennlp.training.trainer - Peak CPU memory usage MB: 2643.684
2019-02-11 06:27:13,175 - INFO - allennlp.training.trainer - GPU 0 memory usage MB: 340
2019-02-11 06:27:13,176 - INFO - allennlp.training.trainer - Training
2019-02-11 06:27:26,948 - INFO - allennlp.training.trainer - Validating
2019-02-11 06:27:29,362 - INFO - allennlp.training.trainer -                     Training |  Validation
2019-02-11 06:27:29,364 - INFO - allennlp.training.trainer - accuracy3       |     1.000  |     1.000
2019-02-11 06:27:29,364 - INFO - allennlp.training.trainer - gpu_0_memory_MB |   340.000  |       N/A
2019-02-11 06:27:29,366 - INFO - allennlp.training.trainer - cpu_memory_MB   |  2643.684  |       N/A
2019-02-11 06:27:29,367 - INFO - allennlp.training.trainer - loss            |     0.298  |     0.367
2019-02-11 06:27:29,367 - INFO - allennlp.training.trainer - accuracy        |     0.854  |     0.811
2019-02-11 06:27:29,373 - INFO - allennlp.training.trainer - Best validation performance so far. Copying weights to './model_params/best.th'.
2019-02-11 06:27:29,374 - INFO - allennlp.training.trainer - Epoch duration: 00:00:16
2019-02-11 06:27:29,374 - INFO - allennlp.training.trainer - Estimated training time remaining: 0:10:12
2019-02-11 06:27:29,374 - INFO - allennlp.training.trainer - Epoch 3/39
2019-02-11 06:27:29,374 - INFO - allennlp.training.trainer - Peak CPU memory usage MB: 2643.884
2019-02-11 06:27:29,443 - INFO - allennlp.training.trainer - GPU 0 memory usage MB: 340
2019-02-11 06:27:29,443 - INFO - allennlp.training.trainer - Training
2019-02-11 06:27:43,229 - INFO - allennlp.training.trainer - Validating
2019-02-11 06:27:45,661 - INFO - allennlp.training.trainer -                     Training |  Validation
2019-02-11 06:27:45,661 - INFO - allennlp.training.trainer - accuracy3       |     1.000  |     1.000
2019-02-11 06:27:45,662 - INFO - allennlp.training.trainer - gpu_0_memory_MB |   340.000  |       N/A
2019-02-11 06:27:45,662 - INFO - allennlp.training.trainer - cpu_memory_MB   |  2643.884  |       N/A
2019-02-11 06:27:45,663 - INFO - allennlp.training.trainer - loss            |     0.296  |     0.370
2019-02-11 06:27:45,663 - INFO - allennlp.training.trainer - accuracy        |     0.855  |     0.812
2019-02-11 06:27:45,668 - INFO - allennlp.training.trainer - Epoch duration: 00:00:16
2019-02-11 06:27:45,668 - INFO - allennlp.training.trainer - Estimated training time remaining: 0:09:53
2019-02-11 06:27:45,668 - INFO - allennlp.training.trainer - Epoch 4/39
2019-02-11 06:27:45,669 - INFO - allennlp.training.trainer - Peak CPU memory usage MB: 2644.124
2019-02-11 06:27:45,738 - INFO - allennlp.training.trainer - GPU 0 memory usage MB: 341
2019-02-11 06:27:45,739 - INFO - allennlp.training.trainer - Training
2019-02-11 06:27:59,730 - INFO - allennlp.training.trainer - Validating
2019-02-11 06:28:02,164 - INFO - allennlp.training.trainer -                     Training |  Validation
2019-02-11 06:28:02,165 - INFO - allennlp.training.trainer - accuracy3       |     1.000  |     1.000
2019-02-11 06:28:02,166 - INFO - allennlp.training.trainer - gpu_0_memory_MB |   341.000  |       N/A
2019-02-11 06:28:02,166 - INFO - allennlp.training.trainer - cpu_memory_MB   |  2644.124  |       N/A
2019-02-11 06:28:02,166 - INFO - allennlp.training.trainer - loss            |     0.293  |     0.369
2019-02-11 06:28:02,166 - INFO - allennlp.training.trainer - accuracy        |     0.857  |     0.812
2019-02-11 06:28:02,171 - INFO - allennlp.training.trainer - Epoch duration: 00:00:16
2019-02-11 06:28:02,171 - INFO - allennlp.training.trainer - Estimated training time remaining: 0:09:37
2019-02-11 06:28:02,171 - INFO - allennlp.training.trainer - Epoch 5/39
2019-02-11 06:28:02,171 - INFO - allennlp.training.trainer - Peak CPU memory usage MB: 2644.208
2019-02-11 06:28:02,244 - INFO - allennlp.training.trainer - GPU 0 memory usage MB: 341
2019-02-11 06:28:02,245 - INFO - allennlp.training.trainer - Training
2019-02-11 06:28:16,167 - INFO - allennlp.training.trainer - Validating
2019-02-11 06:28:18,590 - INFO - allennlp.training.trainer -                     Training |  Validation
2019-02-11 06:28:18,591 - INFO - allennlp.training.trainer - accuracy3       |     1.000  |     1.000
2019-02-11 06:28:18,591 - INFO - allennlp.training.trainer - gpu_0_memory_MB |   341.000  |       N/A
2019-02-11 06:28:18,592 - INFO - allennlp.training.trainer - cpu_memory_MB   |  2644.208  |       N/A
2019-02-11 06:28:18,592 - INFO - allennlp.training.trainer - loss            |     0.290  |     0.366
2019-02-11 06:28:18,592 - INFO - allennlp.training.trainer - accuracy        |     0.857  |     0.813
2019-02-11 06:28:18,597 - INFO - allennlp.training.trainer - Best validation performance so far. Copying weights to './model_params/best.th'.
2019-02-11 06:28:18,598 - INFO - allennlp.training.trainer - Epoch duration: 00:00:16
2019-02-11 06:28:18,598 - INFO - allennlp.training.trainer - Estimated training time remaining: 0:09:20
2019-02-11 06:28:18,598 - INFO - allennlp.training.trainer - Epoch 6/39
2019-02-11 06:28:18,598 - INFO - allennlp.training.trainer - Peak CPU memory usage MB: 2644.284
2019-02-11 06:28:18,667 - INFO - allennlp.training.trainer - GPU 0 memory usage MB: 341
2019-02-11 06:28:18,667 - INFO - allennlp.training.trainer - Training
2019-02-11 06:28:32,515 - INFO - allennlp.training.trainer - Validating
2019-02-11 06:28:34,939 - INFO - allennlp.training.trainer -                     Training |  Validation
2019-02-11 06:28:34,939 - INFO - allennlp.training.trainer - accuracy3       |     1.000  |     1.000
2019-02-11 06:28:34,940 - INFO - allennlp.training.trainer - gpu_0_memory_MB |   341.000  |       N/A
2019-02-11 06:28:34,941 - INFO - allennlp.training.trainer - cpu_memory_MB   |  2644.284  |       N/A
2019-02-11 06:28:34,941 - INFO - allennlp.training.trainer - loss            |     0.289  |     0.367
2019-02-11 06:28:34,941 - INFO - allennlp.training.trainer - accuracy        |     0.858  |     0.814
2019-02-11 06:28:34,946 - INFO - allennlp.training.trainer - Epoch duration: 00:00:16
2019-02-11 06:28:34,946 - INFO - allennlp.training.trainer - Estimated training time remaining: 0:09:03
2019-02-11 06:28:34,946 - INFO - allennlp.training.trainer - Epoch 7/39
2019-02-11 06:28:34,946 - INFO - allennlp.training.trainer - Peak CPU memory usage MB: 2644.528
2019-02-11 06:28:35,016 - INFO - allennlp.training.trainer - GPU 0 memory usage MB: 341
2019-02-11 06:28:35,017 - INFO - allennlp.training.trainer - Training
2019-02-11 06:28:48,767 - INFO - allennlp.training.trainer - Validating
2019-02-11 06:28:51,176 - INFO - allennlp.training.trainer -                     Training |  Validation
2019-02-11 06:28:51,177 - INFO - allennlp.training.trainer - accuracy3       |     1.000  |     1.000
2019-02-11 06:28:51,178 - INFO - allennlp.training.trainer - gpu_0_memory_MB |   341.000  |       N/A
2019-02-11 06:28:51,178 - INFO - allennlp.training.trainer - cpu_memory_MB   |  2644.528  |       N/A
2019-02-11 06:28:51,178 - INFO - allennlp.training.trainer - loss            |     0.287  |     0.374
2019-02-11 06:28:51,178 - INFO - allennlp.training.trainer - accuracy        |     0.860  |     0.812
2019-02-11 06:28:51,185 - INFO - allennlp.training.trainer - Epoch duration: 00:00:16
2019-02-11 06:28:51,186 - INFO - allennlp.training.trainer - Estimated training time remaining: 0:08:45
2019-02-11 06:28:51,186 - INFO - allennlp.training.trainer - Epoch 8/39
2019-02-11 06:28:51,186 - INFO - allennlp.training.trainer - Peak CPU memory usage MB: 2644.948
2019-02-11 06:28:51,257 - INFO - allennlp.training.trainer - GPU 0 memory usage MB: 341
2019-02-11 06:28:51,258 - INFO - allennlp.training.trainer - Training
2019-02-11 06:29:05,159 - INFO - allennlp.training.trainer - Validating
2019-02-11 06:29:07,558 - INFO - allennlp.training.trainer -                     Training |  Validation
2019-02-11 06:29:07,558 - INFO - allennlp.training.trainer - accuracy3       |     1.000  |     1.000
2019-02-11 06:29:07,559 - INFO - allennlp.training.trainer - gpu_0_memory_MB |   341.000  |       N/A
2019-02-11 06:29:07,559 - INFO - allennlp.training.trainer - cpu_memory_MB   |  2644.948  |       N/A
2019-02-11 06:29:07,560 - INFO - allennlp.training.trainer - loss            |     0.286  |     0.369
2019-02-11 06:29:07,560 - INFO - allennlp.training.trainer - accuracy        |     0.860  |     0.813
2019-02-11 06:29:07,565 - INFO - allennlp.training.trainer - Epoch duration: 00:00:16
2019-02-11 06:29:07,565 - INFO - allennlp.training.trainer - Estimated training time remaining: 0:08:29
2019-02-11 06:29:07,565 - INFO - allennlp.training.trainer - Epoch 9/39
2019-02-11 06:29:07,565 - INFO - allennlp.training.trainer - Peak CPU memory usage MB: 2645.52
2019-02-11 06:29:07,637 - INFO - allennlp.training.trainer - GPU 0 memory usage MB: 341
2019-02-11 06:29:07,637 - INFO - allennlp.training.trainer - Training
2019-02-11 06:29:21,501 - INFO - allennlp.training.trainer - Validating
2019-02-11 06:29:23,893 - INFO - allennlp.training.trainer -                     Training |  Validation
2019-02-11 06:29:23,893 - INFO - allennlp.training.trainer - accuracy3       |     1.000  |     1.000
2019-02-11 06:29:23,894 - INFO - allennlp.training.trainer - gpu_0_memory_MB |   341.000  |       N/A
2019-02-11 06:29:23,894 - INFO - allennlp.training.trainer - cpu_memory_MB   |  2645.520  |       N/A
2019-02-11 06:29:23,895 - INFO - allennlp.training.trainer - loss            |     0.285  |     0.366
2019-02-11 06:29:23,895 - INFO - allennlp.training.trainer - accuracy        |     0.862  |     0.814
2019-02-11 06:29:23,900 - INFO - allennlp.training.trainer - Best validation performance so far. Copying weights to './model_params/best.th'.
2019-02-11 06:29:23,901 - INFO - allennlp.training.trainer - Epoch duration: 00:00:16
2019-02-11 06:29:23,901 - INFO - allennlp.training.trainer - Estimated training time remaining: 0:08:12
2019-02-11 06:29:23,901 - INFO - allennlp.training.trainer - Epoch 10/39
2019-02-11 06:29:23,901 - INFO - allennlp.training.trainer - Peak CPU memory usage MB: 2645.672
2019-02-11 06:29:23,970 - INFO - allennlp.training.trainer - GPU 0 memory usage MB: 341
2019-02-11 06:29:23,971 - INFO - allennlp.training.trainer - Training
2019-02-11 06:29:37,754 - INFO - allennlp.training.trainer - Validating
2019-02-11 06:29:40,145 - INFO - allennlp.training.trainer -                     Training |  Validation
2019-02-11 06:29:40,145 - INFO - allennlp.training.trainer - accuracy3       |     1.000  |     1.000
2019-02-11 06:29:40,146 - INFO - allennlp.training.trainer - gpu_0_memory_MB |   341.000  |       N/A
2019-02-11 06:29:40,147 - INFO - allennlp.training.trainer - cpu_memory_MB   |  2645.672  |       N/A
2019-02-11 06:29:40,147 - INFO - allennlp.training.trainer - loss            |     0.285  |     0.378
2019-02-11 06:29:40,147 - INFO - allennlp.training.trainer - accuracy        |     0.861  |     0.812
2019-02-11 06:29:40,151 - INFO - allennlp.training.trainer - Epoch duration: 00:00:16
2019-02-11 06:29:40,152 - INFO - allennlp.training.trainer - Estimated training time remaining: 0:07:55
2019-02-11 06:29:40,152 - INFO - allennlp.training.trainer - Epoch 11/39
2019-02-11 06:29:40,152 - INFO - allennlp.training.trainer - Peak CPU memory usage MB: 2645.736
2019-02-11 06:29:40,221 - INFO - allennlp.training.trainer - GPU 0 memory usage MB: 341
2019-02-11 06:29:40,222 - INFO - allennlp.training.trainer - Training
2019-02-11 06:29:54,043 - INFO - allennlp.training.trainer - Validating
2019-02-11 06:29:56,444 - INFO - allennlp.training.trainer -                     Training |  Validation
2019-02-11 06:29:56,444 - INFO - allennlp.training.trainer - accuracy3       |     1.000  |     1.000
2019-02-11 06:29:56,444 - INFO - allennlp.training.trainer - gpu_0_memory_MB |   341.000  |       N/A
2019-02-11 06:29:56,445 - INFO - allennlp.training.trainer - cpu_memory_MB   |  2645.736  |       N/A
2019-02-11 06:29:56,445 - INFO - allennlp.training.trainer - loss            |     0.284  |     0.370
2019-02-11 06:29:56,446 - INFO - allennlp.training.trainer - accuracy        |     0.861  |     0.814
2019-02-11 06:29:56,451 - INFO - allennlp.training.trainer - Epoch duration: 00:00:16
2019-02-11 06:29:56,451 - INFO - allennlp.training.trainer - Estimated training time remaining: 0:07:39
2019-02-11 06:29:56,451 - INFO - allennlp.training.trainer - Epoch 12/39
2019-02-11 06:29:56,451 - INFO - allennlp.training.trainer - Peak CPU memory usage MB: 2645.78
2019-02-11 06:29:56,523 - INFO - allennlp.training.trainer - GPU 0 memory usage MB: 341
2019-02-11 06:29:56,523 - INFO - allennlp.training.trainer - Training
2019-02-11 06:30:10,436 - INFO - allennlp.training.trainer - Validating
2019-02-11 06:30:12,838 - INFO - allennlp.training.trainer -                     Training |  Validation
2019-02-11 06:30:12,839 - INFO - allennlp.training.trainer - accuracy3       |     1.000  |     1.000
2019-02-11 06:30:12,839 - INFO - allennlp.training.trainer - gpu_0_memory_MB |   341.000  |       N/A
2019-02-11 06:30:12,840 - INFO - allennlp.training.trainer - cpu_memory_MB   |  2645.780  |       N/A
2019-02-11 06:30:12,840 - INFO - allennlp.training.trainer - loss            |     0.283  |     0.362
2019-02-11 06:30:12,840 - INFO - allennlp.training.trainer - accuracy        |     0.862  |     0.814
2019-02-11 06:30:12,845 - INFO - allennlp.training.trainer - Best validation performance so far. Copying weights to './model_params/best.th'.
2019-02-11 06:30:12,846 - INFO - allennlp.training.trainer - Epoch duration: 00:00:16
2019-02-11 06:30:12,846 - INFO - allennlp.training.trainer - Estimated training time remaining: 0:07:22
2019-02-11 06:30:12,846 - INFO - allennlp.training.trainer - Epoch 13/39
2019-02-11 06:30:12,846 - INFO - allennlp.training.trainer - Peak CPU memory usage MB: 2645.832
2019-02-11 06:30:12,915 - INFO - allennlp.training.trainer - GPU 0 memory usage MB: 341
2019-02-11 06:30:12,916 - INFO - allennlp.training.trainer - Training
2019-02-11 06:30:26,702 - INFO - allennlp.training.trainer - Validating
2019-02-11 06:30:29,099 - INFO - allennlp.training.trainer -                     Training |  Validation
2019-02-11 06:30:29,099 - INFO - allennlp.training.trainer - accuracy3       |     1.000  |     1.000
2019-02-11 06:30:29,100 - INFO - allennlp.training.trainer - gpu_0_memory_MB |   341.000  |       N/A
2019-02-11 06:30:29,100 - INFO - allennlp.training.trainer - cpu_memory_MB   |  2645.832  |       N/A
2019-02-11 06:30:29,100 - INFO - allennlp.training.trainer - loss            |     0.281  |     0.361
2019-02-11 06:30:29,101 - INFO - allennlp.training.trainer - accuracy        |     0.862  |     0.814
2019-02-11 06:30:29,106 - INFO - allennlp.training.trainer - Best validation performance so far. Copying weights to './model_params/best.th'.
2019-02-11 06:30:29,106 - INFO - allennlp.training.trainer - Epoch duration: 00:00:16
2019-02-11 06:30:29,106 - INFO - allennlp.training.trainer - Estimated training time remaining: 0:07:05
2019-02-11 06:30:29,107 - INFO - allennlp.training.trainer - Epoch 14/39
2019-02-11 06:30:29,107 - INFO - allennlp.training.trainer - Peak CPU memory usage MB: 2645.864
2019-02-11 06:30:29,179 - INFO - allennlp.training.trainer - GPU 0 memory usage MB: 341
2019-02-11 06:30:29,180 - INFO - allennlp.training.trainer - Training
2019-02-11 06:30:43,074 - INFO - allennlp.training.trainer - Validating
2019-02-11 06:30:45,483 - INFO - allennlp.training.trainer -                     Training |  Validation
2019-02-11 06:30:45,483 - INFO - allennlp.training.trainer - accuracy3       |     1.000  |     1.000
2019-02-11 06:30:45,484 - INFO - allennlp.training.trainer - gpu_0_memory_MB |   341.000  |       N/A
2019-02-11 06:30:45,484 - INFO - allennlp.training.trainer - cpu_memory_MB   |  2645.864  |       N/A
2019-02-11 06:30:45,485 - INFO - allennlp.training.trainer - loss            |     0.281  |     0.383
2019-02-11 06:30:45,485 - INFO - allennlp.training.trainer - accuracy        |     0.863  |     0.813
2019-02-11 06:30:45,490 - INFO - allennlp.training.trainer - Epoch duration: 00:00:16
2019-02-11 06:30:45,490 - INFO - allennlp.training.trainer - Estimated training time remaining: 0:06:49
2019-02-11 06:30:45,490 - INFO - allennlp.training.trainer - Epoch 15/39
2019-02-11 06:30:45,490 - INFO - allennlp.training.trainer - Peak CPU memory usage MB: 2645.864
2019-02-11 06:30:45,560 - INFO - allennlp.training.trainer - GPU 0 memory usage MB: 341
2019-02-11 06:30:45,560 - INFO - allennlp.training.trainer - Training
2019-02-11 06:30:59,265 - INFO - allennlp.training.trainer - Validating
2019-02-11 06:31:01,679 - INFO - allennlp.training.trainer -                     Training |  Validation
2019-02-11 06:31:01,680 - INFO - allennlp.training.trainer - accuracy3       |     1.000  |     1.000
2019-02-11 06:31:01,680 - INFO - allennlp.training.trainer - gpu_0_memory_MB |   341.000  |       N/A
2019-02-11 06:31:01,681 - INFO - allennlp.training.trainer - cpu_memory_MB   |  2645.864  |       N/A
2019-02-11 06:31:01,681 - INFO - allennlp.training.trainer - loss            |     0.279  |     0.363
2019-02-11 06:31:01,681 - INFO - allennlp.training.trainer - accuracy        |     0.863  |     0.815
2019-02-11 06:31:01,686 - INFO - allennlp.training.trainer - Epoch duration: 00:00:16
2019-02-11 06:31:01,686 - INFO - allennlp.training.trainer - Estimated training time remaining: 0:06:32
2019-02-11 06:31:01,686 - INFO - allennlp.training.trainer - Epoch 16/39
2019-02-11 06:31:01,687 - INFO - allennlp.training.trainer - Peak CPU memory usage MB: 2645.924
2019-02-11 06:31:01,756 - INFO - allennlp.training.trainer - GPU 0 memory usage MB: 341
2019-02-11 06:31:01,756 - INFO - allennlp.training.trainer - Training
2019-02-11 06:31:15,519 - INFO - allennlp.training.trainer - Validating
2019-02-11 06:31:17,920 - INFO - allennlp.training.trainer -                     Training |  Validation
2019-02-11 06:31:17,920 - INFO - allennlp.training.trainer - accuracy3       |     1.000  |     1.000
2019-02-11 06:31:17,920 - INFO - allennlp.training.trainer - gpu_0_memory_MB |   341.000  |       N/A
2019-02-11 06:31:17,921 - INFO - allennlp.training.trainer - cpu_memory_MB   |  2645.924  |       N/A
2019-02-11 06:31:17,921 - INFO - allennlp.training.trainer - loss            |     0.278  |     0.381
2019-02-11 06:31:17,921 - INFO - allennlp.training.trainer - accuracy        |     0.864  |     0.815
2019-02-11 06:31:17,927 - INFO - allennlp.training.trainer - Epoch duration: 00:00:16
2019-02-11 06:31:17,927 - INFO - allennlp.training.trainer - Estimated training time remaining: 0:06:16
2019-02-11 06:31:17,927 - INFO - allennlp.training.trainer - Epoch 17/39
2019-02-11 06:31:17,927 - INFO - allennlp.training.trainer - Peak CPU memory usage MB: 2645.988
2019-02-11 06:31:17,996 - INFO - allennlp.training.trainer - GPU 0 memory usage MB: 341
2019-02-11 06:31:17,997 - INFO - allennlp.training.trainer - Training
2019-02-11 06:31:31,837 - INFO - allennlp.training.trainer - Validating
2019-02-11 06:31:34,259 - INFO - allennlp.training.trainer -                     Training |  Validation
2019-02-11 06:31:34,260 - INFO - allennlp.training.trainer - accuracy3       |     1.000  |     1.000
2019-02-11 06:31:34,260 - INFO - allennlp.training.trainer - gpu_0_memory_MB |   341.000  |       N/A
2019-02-11 06:31:34,261 - INFO - allennlp.training.trainer - cpu_memory_MB   |  2645.988  |       N/A
2019-02-11 06:31:34,261 - INFO - allennlp.training.trainer - loss            |     0.279  |     0.369
2019-02-11 06:31:34,261 - INFO - allennlp.training.trainer - accuracy        |     0.864  |     0.815
2019-02-11 06:31:34,266 - INFO - allennlp.training.trainer - Epoch duration: 00:00:16
2019-02-11 06:31:34,267 - INFO - allennlp.training.trainer - Estimated training time remaining: 0:05:59
2019-02-11 06:31:34,267 - INFO - allennlp.training.trainer - Epoch 18/39
2019-02-11 06:31:34,267 - INFO - allennlp.training.trainer - Peak CPU memory usage MB: 2646.084
2019-02-11 06:31:34,340 - INFO - allennlp.training.trainer - GPU 0 memory usage MB: 341
2019-02-11 06:31:34,340 - INFO - allennlp.training.trainer - Training
2019-02-11 06:31:47,993 - INFO - allennlp.training.trainer - Validating
2019-02-11 06:31:50,371 - INFO - allennlp.training.trainer - Ran out of patience.  Stopping training.
2019-02-11 06:31:50,371 - INFO - allennlp.models.archival - archiving weights and vocabulary to ./model_params/model.tar.gz
2019-02-11 06:31:50,383 - INFO - allennlp.commands.train - Loading the best epoch weights.
2019-02-11 06:31:50,386 - INFO - allennlp.common.util - Metrics: {
  "peak_cpu_memory_MB": 2646.084,
  "peak_gpu_0_memory_MB": 341,
  "training_duration": "00:04:54",
  "training_start_epoch": 0,
  "training_epochs": 17,
  "epoch": 17,
  "training_accuracy": 0.8644332167379194,
  "training_accuracy3": 1.0,
  "training_loss": 0.27864247681977955,
  "training_cpu_memory_MB": 2645.988,
  "training_gpu_0_memory_MB": 341,
  "validation_accuracy": 0.8145285197591304,
  "validation_accuracy3": 1.0,
  "validation_loss": 0.36907430190821083,
  "best_epoch": 13,
  "best_validation_accuracy": 0.8140990771756038,
  "best_validation_accuracy3": 1.0,
  "best_validation_loss": 0.3607372380032831
}
Token batch process time:
55.16321516036987
Token batch process time:
29.33980703353882
