2019-02-12 23:02:19,868 - INFO - allennlp.common.from_params - instantiating class <class 'allennlp.data.dataset_readers.dataset_reader.DatasetReader'> from params {'mytokenizer': {'type': 'word', 'word_splitter': {'ner': True, 'parse': True, 'pos_tags': True, 'type': 'whitespacy'}}, 'token_indexers': {'tokens': {'lowercase_tokens': True, 'type': 'single_id'}}, 'type': 'sequence_tagging2', 'word_tag_delimiter': '//'} and extras {}
2019-02-12 23:02:19,868 - INFO - allennlp.common.params - dataset_reader.type = sequence_tagging2
2019-02-12 23:02:19,868 - INFO - allennlp.common.from_params - instantiating class <class 'myallennlp.dataset_readers.sequence_tagging2.SequenceTaggingDatasetReader'> from params {'mytokenizer': {'type': 'word', 'word_splitter': {'ner': True, 'parse': True, 'pos_tags': True, 'type': 'whitespacy'}}, 'token_indexers': {'tokens': {'lowercase_tokens': True, 'type': 'single_id'}}, 'word_tag_delimiter': '//'} and extras {}
2019-02-12 23:02:19,869 - INFO - allennlp.common.params - dataset_reader.word_tag_delimiter = //
2019-02-12 23:02:19,869 - INFO - allennlp.common.params - dataset_reader.token_delimiter = None
2019-02-12 23:02:19,869 - INFO - allennlp.common.from_params - instantiating class allennlp.data.token_indexers.token_indexer.TokenIndexer from params {'lowercase_tokens': True, 'type': 'single_id'} and extras {}
2019-02-12 23:02:19,869 - INFO - allennlp.common.params - dataset_reader.token_indexers.tokens.type = single_id
2019-02-12 23:02:19,869 - INFO - allennlp.common.from_params - instantiating class allennlp.data.token_indexers.single_id_token_indexer.SingleIdTokenIndexer from params {'lowercase_tokens': True} and extras {}
2019-02-12 23:02:19,869 - INFO - allennlp.common.params - dataset_reader.token_indexers.tokens.namespace = tokens
2019-02-12 23:02:19,870 - INFO - allennlp.common.params - dataset_reader.token_indexers.tokens.lowercase_tokens = True
2019-02-12 23:02:19,870 - INFO - allennlp.common.params - dataset_reader.token_indexers.tokens.start_tokens = None
2019-02-12 23:02:19,870 - INFO - allennlp.common.params - dataset_reader.token_indexers.tokens.end_tokens = None
2019-02-12 23:02:19,870 - INFO - allennlp.common.params - dataset_reader.lazy = False
2019-02-12 23:02:19,870 - INFO - allennlp.common.from_params - instantiating class <class 'allennlp.data.tokenizers.tokenizer.Tokenizer'> from params {'type': 'word', 'word_splitter': {'ner': True, 'parse': True, 'pos_tags': True, 'type': 'whitespacy'}} and extras {}
2019-02-12 23:02:19,870 - INFO - allennlp.common.params - dataset_reader.mytokenizer.type = word
2019-02-12 23:02:19,871 - INFO - allennlp.common.from_params - instantiating class <class 'allennlp.data.tokenizers.word_tokenizer.WordTokenizer'> from params {'word_splitter': {'ner': True, 'parse': True, 'pos_tags': True, 'type': 'whitespacy'}} and extras {}
2019-02-12 23:02:19,871 - INFO - allennlp.common.from_params - instantiating class <class 'allennlp.data.tokenizers.word_splitter.WordSplitter'> from params {'ner': True, 'parse': True, 'pos_tags': True, 'type': 'whitespacy'} and extras {}
2019-02-12 23:02:19,871 - INFO - allennlp.common.params - dataset_reader.mytokenizer.word_splitter.type = whitespacy
2019-02-12 23:02:19,871 - INFO - allennlp.common.from_params - instantiating class <class 'myallennlp.data.tokenizers.word_splitter.SpacyWordSplitter'> from params {'ner': True, 'parse': True, 'pos_tags': True} and extras {}
2019-02-12 23:02:19,878 - INFO - allennlp.common.params - dataset_reader.mytokenizer.word_splitter.language = en_core_web_sm
2019-02-12 23:02:19,879 - INFO - allennlp.common.params - dataset_reader.mytokenizer.word_splitter.pos_tags = True
2019-02-12 23:02:19,879 - INFO - allennlp.common.params - dataset_reader.mytokenizer.word_splitter.parse = True
2019-02-12 23:02:19,879 - INFO - allennlp.common.params - dataset_reader.mytokenizer.word_splitter.ner = True
2019-02-12 23:02:21,016 - INFO - allennlp.common.params - dataset_reader.mytokenizer.start_tokens = None
2019-02-12 23:02:21,016 - INFO - allennlp.common.params - dataset_reader.mytokenizer.end_tokens = None
2019-02-12 23:02:21,017 - INFO - allennlp.common.params - dataset_reader.use_spacy_directly = False
2019-02-12 23:02:21,017 - INFO - allennlp.common.params - validation_dataset_reader = None
2019-02-12 23:02:21,017 - INFO - allennlp.common.params - train_data_path = ../data/allenTrain.txt
2019-02-12 23:02:21,017 - INFO - allennlp.commands.train - Reading training data from ../data/allenTrain.txt
2019-02-12 23:02:21,018 - INFO - myallennlp.dataset_readers.sequence_tagging2 - Reading instances from lines in file at: ../data/allenTrain.txt
2019-02-12 23:04:19,252 - INFO - allennlp.common.params - validation_data_path = ../data/allenDev.txt
2019-02-12 23:04:19,252 - INFO - allennlp.commands.train - Reading validation data from ../data/allenDev.txt
2019-02-12 23:04:19,253 - INFO - myallennlp.dataset_readers.sequence_tagging2 - Reading instances from lines in file at: ../data/allenDev.txt
2019-02-12 23:05:24,230 - INFO - allennlp.common.params - test_data_path = None
2019-02-12 23:05:24,231 - INFO - allennlp.commands.train - From dataset instances, train, validation will be considered for vocabulary creation.
2019-02-12 23:05:24,231 - INFO - allennlp.common.params - vocabulary.type = None
2019-02-12 23:05:24,232 - INFO - allennlp.common.params - vocabulary.extend = False
2019-02-12 23:05:24,233 - INFO - allennlp.common.params - vocabulary.directory_path = None
2019-02-12 23:05:24,233 - INFO - allennlp.common.params - vocabulary.min_count = None
2019-02-12 23:05:24,233 - INFO - allennlp.common.params - vocabulary.max_vocab_size = None
2019-02-12 23:05:24,234 - INFO - allennlp.common.params - vocabulary.non_padded_namespaces = ('*tags', '*labels')
2019-02-12 23:05:24,240 - INFO - allennlp.common.params - vocabulary.min_pretrained_embeddings = None
2019-02-12 23:05:24,241 - INFO - allennlp.common.params - vocabulary.only_include_pretrained_words = False
2019-02-12 23:05:24,242 - INFO - allennlp.common.params - vocabulary.tokens_to_add = None
2019-02-12 23:05:24,242 - INFO - allennlp.data.vocabulary - Fitting token dictionary from dataset.
2019-02-12 23:05:26,142 - INFO - allennlp.common.from_params - instantiating class <class 'allennlp.models.model.Model'> from params {'Ntags0': 95, 'Ntags1': 5, 'do_crossentropy_weighting': True, 'encoder': {'input_dim': 50, 'type': 'pass_through'}, 'text_field_embedder': {'token_embedders': {'tokens': {'embedding_dim': 50, 'pretrained_file': '~/src/allennlp/glove/glove.6B.50d.txt.gz', 'trainable': False, 'type': 'embedding'}}}, 'type': 'simple_tagger2'} and extras {'vocab': Vocabulary with namespaces:  tokens, Size: 21902 || labels, Size: 2 || Non Padded Namespaces: {'*tags', '*labels'}}
2019-02-12 23:05:26,146 - INFO - allennlp.common.params - model.type = simple_tagger2
2019-02-12 23:05:26,147 - INFO - allennlp.common.from_params - instantiating class <class 'myallennlp.models.simple_tagger2.SimpleTagger2'> from params {'Ntags0': 95, 'Ntags1': 5, 'do_crossentropy_weighting': True, 'encoder': {'input_dim': 50, 'type': 'pass_through'}, 'text_field_embedder': {'token_embedders': {'tokens': {'embedding_dim': 50, 'pretrained_file': '~/src/allennlp/glove/glove.6B.50d.txt.gz', 'trainable': False, 'type': 'embedding'}}}} and extras {'vocab': Vocabulary with namespaces:  tokens, Size: 21902 || labels, Size: 2 || Non Padded Namespaces: {'*tags', '*labels'}}
2019-02-12 23:05:26,148 - INFO - allennlp.common.from_params - instantiating class <class 'allennlp.modules.text_field_embedders.text_field_embedder.TextFieldEmbedder'> from params {'token_embedders': {'tokens': {'embedding_dim': 50, 'pretrained_file': '~/src/allennlp/glove/glove.6B.50d.txt.gz', 'trainable': False, 'type': 'embedding'}}} and extras {'vocab': Vocabulary with namespaces:  tokens, Size: 21902 || labels, Size: 2 || Non Padded Namespaces: {'*tags', '*labels'}}
2019-02-12 23:05:26,150 - INFO - allennlp.common.params - model.text_field_embedder.type = basic
2019-02-12 23:05:26,151 - INFO - allennlp.common.params - model.text_field_embedder.embedder_to_indexer_map = None
2019-02-12 23:05:26,151 - INFO - allennlp.common.params - model.text_field_embedder.allow_unmatched_keys = False
2019-02-12 23:05:26,151 - INFO - allennlp.common.from_params - instantiating class <class 'allennlp.modules.token_embedders.token_embedder.TokenEmbedder'> from params {'embedding_dim': 50, 'pretrained_file': '~/src/allennlp/glove/glove.6B.50d.txt.gz', 'trainable': False, 'type': 'embedding'} and extras {'vocab': Vocabulary with namespaces:  tokens, Size: 21902 || labels, Size: 2 || Non Padded Namespaces: {'*tags', '*labels'}}
2019-02-12 23:05:26,151 - INFO - allennlp.common.params - model.text_field_embedder.token_embedders.tokens.type = embedding
2019-02-12 23:05:26,152 - INFO - allennlp.common.params - model.text_field_embedder.token_embedders.tokens.num_embeddings = None
2019-02-12 23:05:26,152 - INFO - allennlp.common.params - model.text_field_embedder.token_embedders.tokens.vocab_namespace = tokens
2019-02-12 23:05:26,152 - INFO - allennlp.common.params - model.text_field_embedder.token_embedders.tokens.embedding_dim = 50
2019-02-12 23:05:26,152 - INFO - allennlp.common.params - model.text_field_embedder.token_embedders.tokens.pretrained_file = ~/src/allennlp/glove/glove.6B.50d.txt.gz
2019-02-12 23:05:26,153 - INFO - allennlp.common.params - model.text_field_embedder.token_embedders.tokens.projection_dim = None
2019-02-12 23:05:26,153 - INFO - allennlp.common.params - model.text_field_embedder.token_embedders.tokens.trainable = False
2019-02-12 23:05:26,153 - INFO - allennlp.common.params - model.text_field_embedder.token_embedders.tokens.padding_index = None
2019-02-12 23:05:26,154 - INFO - allennlp.common.params - model.text_field_embedder.token_embedders.tokens.max_norm = None
2019-02-12 23:05:26,154 - INFO - allennlp.common.params - model.text_field_embedder.token_embedders.tokens.norm_type = 2.0
2019-02-12 23:05:26,154 - INFO - allennlp.common.params - model.text_field_embedder.token_embedders.tokens.scale_grad_by_freq = False
2019-02-12 23:05:26,154 - INFO - allennlp.common.params - model.text_field_embedder.token_embedders.tokens.sparse = False
2019-02-12 23:05:26,157 - INFO - allennlp.modules.token_embedders.embedding - Reading pretrained embeddings from file
2019-02-12 23:05:32,645 - INFO - allennlp.modules.token_embedders.embedding - Initializing pre-trained embedding layer
2019-02-12 23:05:33,058 - INFO - allennlp.modules.token_embedders.embedding - Pretrained embeddings were found for 20103 out of 21902 tokens
2019-02-12 23:05:33,086 - INFO - allennlp.common.from_params - instantiating class <class 'allennlp.modules.seq2seq_encoders.seq2seq_encoder.Seq2SeqEncoder'> from params {'input_dim': 50, 'type': 'pass_through'} and extras {'vocab': Vocabulary with namespaces:  tokens, Size: 21902 || labels, Size: 2 || Non Padded Namespaces: {'*tags', '*labels'}}
2019-02-12 23:05:33,086 - INFO - allennlp.common.params - model.encoder.type = pass_through
2019-02-12 23:05:33,087 - INFO - allennlp.common.from_params - instantiating class <class 'allennlp.modules.seq2seq_encoders.pass_through_encoder.PassThroughEncoder'> from params {'input_dim': 50} and extras {'vocab': Vocabulary with namespaces:  tokens, Size: 21902 || labels, Size: 2 || Non Padded Namespaces: {'*tags', '*labels'}}
2019-02-12 23:05:33,087 - INFO - allennlp.common.params - model.encoder.input_dim = 50
2019-02-12 23:05:33,087 - INFO - allennlp.common.params - model.do_crossentropy_weighting = True
2019-02-12 23:05:33,087 - INFO - allennlp.common.params - model.Ntags0 = 95
2019-02-12 23:05:33,088 - INFO - allennlp.common.params - model.Ntags1 = 5
2019-02-12 23:05:33,094 - INFO - allennlp.nn.initializers - Initializing parameters
2019-02-12 23:05:33,094 - INFO - allennlp.nn.initializers - Done initializing parameters; the following parameters are using their default initialization from their code
2019-02-12 23:05:33,094 - INFO - allennlp.nn.initializers -    tag_projection_layer._module.bias
2019-02-12 23:05:33,094 - INFO - allennlp.nn.initializers -    tag_projection_layer._module.weight
2019-02-12 23:05:33,094 - INFO - allennlp.nn.initializers -    text_field_embedder.token_embedder_tokens.weight
2019-02-12 23:05:33,208 - INFO - allennlp.common.from_params - instantiating class <class 'allennlp.data.iterators.data_iterator.DataIterator'> from params {'batch_size': 32, 'type': 'basic'} and extras {}
2019-02-12 23:05:33,209 - INFO - allennlp.common.params - iterator.type = basic
2019-02-12 23:05:33,209 - INFO - allennlp.common.from_params - instantiating class <class 'allennlp.data.iterators.basic_iterator.BasicIterator'> from params {'batch_size': 32} and extras {}
2019-02-12 23:05:33,210 - INFO - allennlp.common.params - iterator.batch_size = 32
2019-02-12 23:05:33,210 - INFO - allennlp.common.params - iterator.instances_per_epoch = None
2019-02-12 23:05:33,210 - INFO - allennlp.common.params - iterator.max_instances_in_memory = None
2019-02-12 23:05:33,210 - INFO - allennlp.common.params - iterator.cache_instances = False
2019-02-12 23:05:33,210 - INFO - allennlp.common.params - iterator.track_epoch = False
2019-02-12 23:05:33,210 - INFO - allennlp.common.params - iterator.maximum_samples_per_batch = None
2019-02-12 23:05:33,211 - INFO - allennlp.common.params - validation_iterator = None
2019-02-12 23:05:33,211 - INFO - allennlp.common.params - trainer.no_grad = ()
2019-02-12 23:05:33,211 - INFO - allennlp.commands.train - Following parameters are Frozen  (without gradient):
2019-02-12 23:05:33,211 - INFO - allennlp.commands.train - text_field_embedder.token_embedder_tokens.weight
2019-02-12 23:05:33,211 - INFO - allennlp.commands.train - Following parameters are Tunable (with gradient):
2019-02-12 23:05:33,211 - INFO - allennlp.commands.train - tag_projection_layer._module.weight
2019-02-12 23:05:33,212 - INFO - allennlp.commands.train - tag_projection_layer._module.bias
2019-02-12 23:05:33,212 - INFO - allennlp.common.params - trainer.type = default
2019-02-12 23:05:33,212 - INFO - allennlp.common.params - trainer.patience = 5
2019-02-12 23:05:33,212 - INFO - allennlp.common.params - trainer.validation_metric = -loss
2019-02-12 23:05:33,212 - INFO - allennlp.common.params - trainer.shuffle = True
2019-02-12 23:05:33,213 - INFO - allennlp.common.params - trainer.num_epochs = 40
2019-02-12 23:05:33,213 - INFO - allennlp.common.params - trainer.cuda_device = 0
2019-02-12 23:05:33,213 - INFO - allennlp.common.params - trainer.grad_norm = None
2019-02-12 23:05:33,213 - INFO - allennlp.common.params - trainer.grad_clipping = None
2019-02-12 23:05:33,213 - INFO - allennlp.common.params - trainer.learning_rate_scheduler = None
2019-02-12 23:05:38,629 - INFO - allennlp.common.params - trainer.optimizer = adam
2019-02-12 23:05:38,630 - INFO - allennlp.common.params - parameter_groups = None
2019-02-12 23:05:38,630 - INFO - allennlp.training.optimizers - Number of trainable parameters: 102
2019-02-12 23:05:38,631 - INFO - allennlp.common.params - Converting Params object to dict; logging of default values will not occur when dictionary parameters are used subsequently.
2019-02-12 23:05:38,631 - INFO - allennlp.common.params - CURRENTLY DEFINED PARAMETERS: 
2019-02-12 23:05:38,632 - INFO - allennlp.common.params - trainer.num_serialized_models_to_keep = 20
2019-02-12 23:05:38,632 - INFO - allennlp.common.params - trainer.keep_serialized_model_every_num_seconds = None
2019-02-12 23:05:38,632 - INFO - allennlp.common.params - trainer.model_save_interval = None
2019-02-12 23:05:38,632 - INFO - allennlp.common.params - trainer.summary_interval = 100
2019-02-12 23:05:38,632 - INFO - allennlp.common.params - trainer.histogram_interval = None
2019-02-12 23:05:38,632 - INFO - allennlp.common.params - trainer.should_log_parameter_statistics = True
2019-02-12 23:05:38,632 - INFO - allennlp.common.params - trainer.should_log_learning_rate = False
2019-02-12 23:05:38,632 - INFO - allennlp.common.params - trainer.log_batch_size_period = None
2019-02-12 23:05:38,635 - INFO - allennlp.common.params - evaluate_on_test = False
2019-02-12 23:05:38,635 - INFO - allennlp.training.trainer - Beginning training.
2019-02-12 23:05:38,635 - INFO - allennlp.training.trainer - Epoch 0/39
2019-02-12 23:05:38,635 - INFO - allennlp.training.trainer - Peak CPU memory usage MB: 2622.432
2019-02-12 23:05:38,828 - INFO - allennlp.training.trainer - GPU 0 memory usage MB: 386
2019-02-12 23:05:38,829 - INFO - allennlp.training.trainer - Training
2019-02-12 23:05:43,814 - INFO - allennlp.training.trainer - Validating
2019-02-12 23:05:46,130 - INFO - allennlp.training.trainer -                     Training |  Validation
2019-02-12 23:05:46,132 - INFO - allennlp.training.trainer - accuracy3       |     1.000  |     1.000
2019-02-12 23:05:46,132 - INFO - allennlp.training.trainer - loss            |     0.619  |     0.632
2019-02-12 23:05:46,132 - INFO - allennlp.training.trainer - cpu_memory_MB   |  2622.432  |       N/A
2019-02-12 23:05:46,132 - INFO - allennlp.training.trainer - gpu_0_memory_MB |   386.000  |       N/A
2019-02-12 23:05:46,132 - INFO - allennlp.training.trainer - accuracy        |     0.866  |     0.900
2019-02-12 23:05:46,146 - INFO - allennlp.training.trainer - Best validation performance so far. Copying weights to './model_params/best.th'.
2019-02-12 23:05:46,162 - INFO - allennlp.training.trainer - Epoch duration: 00:00:07
2019-02-12 23:05:46,162 - INFO - allennlp.training.trainer - Estimated training time remaining: 0:04:53
2019-02-12 23:05:46,162 - INFO - allennlp.training.trainer - Epoch 1/39
2019-02-12 23:05:46,162 - INFO - allennlp.training.trainer - Peak CPU memory usage MB: 2644.692
2019-02-12 23:05:46,315 - INFO - allennlp.training.trainer - GPU 0 memory usage MB: 390
2019-02-12 23:05:46,316 - INFO - allennlp.training.trainer - Training
2019-02-12 23:05:49,163 - INFO - allennlp.training.trainer - Validating
2019-02-12 23:05:50,638 - INFO - allennlp.training.trainer -                     Training |  Validation
2019-02-12 23:05:50,640 - INFO - allennlp.training.trainer - accuracy3       |     1.000  |     1.000
2019-02-12 23:05:50,640 - INFO - allennlp.training.trainer - loss            |     0.550  |     0.631
2019-02-12 23:05:50,641 - INFO - allennlp.training.trainer - cpu_memory_MB   |  2644.692  |       N/A
2019-02-12 23:05:50,641 - INFO - allennlp.training.trainer - gpu_0_memory_MB |   390.000  |       N/A
2019-02-12 23:05:50,641 - INFO - allennlp.training.trainer - accuracy        |     0.879  |     0.889
2019-02-12 23:05:50,655 - INFO - allennlp.training.trainer - Best validation performance so far. Copying weights to './model_params/best.th'.
2019-02-12 23:05:50,676 - INFO - allennlp.training.trainer - Epoch duration: 00:00:04
2019-02-12 23:05:50,679 - INFO - allennlp.training.trainer - Estimated training time remaining: 0:03:48
2019-02-12 23:05:50,679 - INFO - allennlp.training.trainer - Epoch 2/39
2019-02-12 23:05:50,680 - INFO - allennlp.training.trainer - Peak CPU memory usage MB: 2644.736
2019-02-12 23:05:50,862 - INFO - allennlp.training.trainer - GPU 0 memory usage MB: 390
2019-02-12 23:05:50,863 - INFO - allennlp.training.trainer - Training
2019-02-12 23:05:53,465 - INFO - allennlp.training.trainer - Validating
2019-02-12 23:05:54,607 - INFO - allennlp.training.trainer -                     Training |  Validation
2019-02-12 23:05:54,608 - INFO - allennlp.training.trainer - accuracy3       |     1.000  |     1.000
2019-02-12 23:05:54,609 - INFO - allennlp.training.trainer - loss            |     0.532  |     0.624
2019-02-12 23:05:54,609 - INFO - allennlp.training.trainer - cpu_memory_MB   |  2644.736  |       N/A
2019-02-12 23:05:54,609 - INFO - allennlp.training.trainer - gpu_0_memory_MB |   390.000  |       N/A
2019-02-12 23:05:54,610 - INFO - allennlp.training.trainer - accuracy        |     0.865  |     0.880
2019-02-12 23:05:54,625 - INFO - allennlp.training.trainer - Best validation performance so far. Copying weights to './model_params/best.th'.
2019-02-12 23:05:54,658 - INFO - allennlp.training.trainer - Epoch duration: 00:00:03
2019-02-12 23:05:54,659 - INFO - allennlp.training.trainer - Estimated training time remaining: 0:03:17
2019-02-12 23:05:54,660 - INFO - allennlp.training.trainer - Epoch 3/39
2019-02-12 23:05:54,660 - INFO - allennlp.training.trainer - Peak CPU memory usage MB: 2644.748
2019-02-12 23:05:54,862 - INFO - allennlp.training.trainer - GPU 0 memory usage MB: 390
2019-02-12 23:05:54,863 - INFO - allennlp.training.trainer - Training
2019-02-12 23:05:57,625 - INFO - allennlp.training.trainer - Validating
2019-02-12 23:05:59,288 - INFO - allennlp.training.trainer -                     Training |  Validation
2019-02-12 23:05:59,289 - INFO - allennlp.training.trainer - accuracy3       |     1.000  |     1.000
2019-02-12 23:05:59,290 - INFO - allennlp.training.trainer - loss            |     0.521  |     0.618
2019-02-12 23:05:59,290 - INFO - allennlp.training.trainer - cpu_memory_MB   |  2644.748  |       N/A
2019-02-12 23:05:59,290 - INFO - allennlp.training.trainer - gpu_0_memory_MB |   390.000  |       N/A
2019-02-12 23:05:59,290 - INFO - allennlp.training.trainer - accuracy        |     0.858  |     0.876
2019-02-12 23:05:59,306 - INFO - allennlp.training.trainer - Best validation performance so far. Copying weights to './model_params/best.th'.
2019-02-12 23:05:59,326 - INFO - allennlp.training.trainer - Epoch duration: 00:00:04
2019-02-12 23:05:59,326 - INFO - allennlp.training.trainer - Estimated training time remaining: 0:03:06
2019-02-12 23:05:59,326 - INFO - allennlp.training.trainer - Epoch 4/39
2019-02-12 23:05:59,326 - INFO - allennlp.training.trainer - Peak CPU memory usage MB: 2644.808
2019-02-12 23:05:59,512 - INFO - allennlp.training.trainer - GPU 0 memory usage MB: 390
2019-02-12 23:05:59,513 - INFO - allennlp.training.trainer - Training
2019-02-12 23:06:02,710 - INFO - allennlp.training.trainer - Validating
2019-02-12 23:06:04,010 - INFO - allennlp.training.trainer -                     Training |  Validation
2019-02-12 23:06:04,017 - INFO - allennlp.training.trainer - accuracy3       |     1.000  |     1.000
2019-02-12 23:06:04,017 - INFO - allennlp.training.trainer - loss            |     0.515  |     0.608
2019-02-12 23:06:04,017 - INFO - allennlp.training.trainer - cpu_memory_MB   |  2644.808  |       N/A
2019-02-12 23:06:04,017 - INFO - allennlp.training.trainer - gpu_0_memory_MB |   390.000  |       N/A
2019-02-12 23:06:04,017 - INFO - allennlp.training.trainer - accuracy        |     0.854  |     0.867
2019-02-12 23:06:04,030 - INFO - allennlp.training.trainer - Best validation performance so far. Copying weights to './model_params/best.th'.
2019-02-12 23:06:04,055 - INFO - allennlp.training.trainer - Epoch duration: 00:00:04
2019-02-12 23:06:04,055 - INFO - allennlp.training.trainer - Estimated training time remaining: 0:02:57
2019-02-12 23:06:04,055 - INFO - allennlp.training.trainer - Epoch 5/39
2019-02-12 23:06:04,055 - INFO - allennlp.training.trainer - Peak CPU memory usage MB: 2644.812
2019-02-12 23:06:04,230 - INFO - allennlp.training.trainer - GPU 0 memory usage MB: 390
2019-02-12 23:06:04,233 - INFO - allennlp.training.trainer - Training
2019-02-12 23:06:07,114 - INFO - allennlp.training.trainer - Validating
2019-02-12 23:06:08,318 - INFO - allennlp.training.trainer -                     Training |  Validation
2019-02-12 23:06:08,319 - INFO - allennlp.training.trainer - accuracy3       |     1.000  |     1.000
2019-02-12 23:06:08,319 - INFO - allennlp.training.trainer - loss            |     0.511  |     0.604
2019-02-12 23:06:08,320 - INFO - allennlp.training.trainer - cpu_memory_MB   |  2644.812  |       N/A
2019-02-12 23:06:08,320 - INFO - allennlp.training.trainer - gpu_0_memory_MB |   390.000  |       N/A
2019-02-12 23:06:08,320 - INFO - allennlp.training.trainer - accuracy        |     0.849  |     0.865
2019-02-12 23:06:08,330 - INFO - allennlp.training.trainer - Best validation performance so far. Copying weights to './model_params/best.th'.
2019-02-12 23:06:08,344 - INFO - allennlp.training.trainer - Epoch duration: 00:00:04
2019-02-12 23:06:08,344 - INFO - allennlp.training.trainer - Estimated training time remaining: 0:02:48
2019-02-12 23:06:08,344 - INFO - allennlp.training.trainer - Epoch 6/39
2019-02-12 23:06:08,345 - INFO - allennlp.training.trainer - Peak CPU memory usage MB: 2644.812
2019-02-12 23:06:08,526 - INFO - allennlp.training.trainer - GPU 0 memory usage MB: 390
2019-02-12 23:06:08,527 - INFO - allennlp.training.trainer - Training
2019-02-12 23:06:11,779 - INFO - allennlp.training.trainer - Validating
2019-02-12 23:06:13,197 - INFO - allennlp.training.trainer -                     Training |  Validation
2019-02-12 23:06:13,199 - INFO - allennlp.training.trainer - accuracy3       |     1.000  |     1.000
2019-02-12 23:06:13,199 - INFO - allennlp.training.trainer - loss            |     0.507  |     0.603
2019-02-12 23:06:13,199 - INFO - allennlp.training.trainer - cpu_memory_MB   |  2644.812  |       N/A
2019-02-12 23:06:13,199 - INFO - allennlp.training.trainer - gpu_0_memory_MB |   390.000  |       N/A
2019-02-12 23:06:13,200 - INFO - allennlp.training.trainer - accuracy        |     0.846  |     0.863
2019-02-12 23:06:13,220 - INFO - allennlp.training.trainer - Best validation performance so far. Copying weights to './model_params/best.th'.
2019-02-12 23:06:13,240 - INFO - allennlp.training.trainer - Epoch duration: 00:00:04
2019-02-12 23:06:13,240 - INFO - allennlp.training.trainer - Estimated training time remaining: 0:02:43
2019-02-12 23:06:13,240 - INFO - allennlp.training.trainer - Epoch 7/39
2019-02-12 23:06:13,241 - INFO - allennlp.training.trainer - Peak CPU memory usage MB: 2644.816
2019-02-12 23:06:13,433 - INFO - allennlp.training.trainer - GPU 0 memory usage MB: 390
2019-02-12 23:06:13,434 - INFO - allennlp.training.trainer - Training
2019-02-12 23:06:16,553 - INFO - allennlp.training.trainer - Validating
2019-02-12 23:06:17,796 - INFO - allennlp.training.trainer -                     Training |  Validation
2019-02-12 23:06:17,798 - INFO - allennlp.training.trainer - accuracy3       |     1.000  |     1.000
2019-02-12 23:06:17,798 - INFO - allennlp.training.trainer - loss            |     0.505  |     0.599
2019-02-12 23:06:17,798 - INFO - allennlp.training.trainer - cpu_memory_MB   |  2644.816  |       N/A
2019-02-12 23:06:17,799 - INFO - allennlp.training.trainer - gpu_0_memory_MB |   390.000  |       N/A
2019-02-12 23:06:17,799 - INFO - allennlp.training.trainer - accuracy        |     0.845  |     0.860
2019-02-12 23:06:17,808 - INFO - allennlp.training.trainer - Best validation performance so far. Copying weights to './model_params/best.th'.
2019-02-12 23:06:17,823 - INFO - allennlp.training.trainer - Epoch duration: 00:00:04
2019-02-12 23:06:17,823 - INFO - allennlp.training.trainer - Estimated training time remaining: 0:02:36
2019-02-12 23:06:17,823 - INFO - allennlp.training.trainer - Epoch 8/39
2019-02-12 23:06:17,823 - INFO - allennlp.training.trainer - Peak CPU memory usage MB: 2644.82
2019-02-12 23:06:17,959 - INFO - allennlp.training.trainer - GPU 0 memory usage MB: 390
2019-02-12 23:06:17,960 - INFO - allennlp.training.trainer - Training
2019-02-12 23:06:21,379 - INFO - allennlp.training.trainer - Validating
2019-02-12 23:06:22,505 - INFO - allennlp.training.trainer -                     Training |  Validation
2019-02-12 23:06:22,510 - INFO - allennlp.training.trainer - accuracy3       |     1.000  |     1.000
2019-02-12 23:06:22,511 - INFO - allennlp.training.trainer - loss            |     0.504  |     0.596
2019-02-12 23:06:22,511 - INFO - allennlp.training.trainer - cpu_memory_MB   |  2644.820  |       N/A
2019-02-12 23:06:22,511 - INFO - allennlp.training.trainer - gpu_0_memory_MB |   390.000  |       N/A
2019-02-12 23:06:22,511 - INFO - allennlp.training.trainer - accuracy        |     0.843  |     0.858
2019-02-12 23:06:22,528 - INFO - allennlp.training.trainer - Best validation performance so far. Copying weights to './model_params/best.th'.
2019-02-12 23:06:22,538 - INFO - allennlp.training.trainer - Epoch duration: 00:00:04
2019-02-12 23:06:22,539 - INFO - allennlp.training.trainer - Estimated training time remaining: 0:02:31
2019-02-12 23:06:22,539 - INFO - allennlp.training.trainer - Epoch 9/39
2019-02-12 23:06:22,539 - INFO - allennlp.training.trainer - Peak CPU memory usage MB: 2644.824
2019-02-12 23:06:22,675 - INFO - allennlp.training.trainer - GPU 0 memory usage MB: 390
2019-02-12 23:06:22,676 - INFO - allennlp.training.trainer - Training
2019-02-12 23:06:25,748 - INFO - allennlp.training.trainer - Validating
2019-02-12 23:06:27,089 - INFO - allennlp.training.trainer -                     Training |  Validation
2019-02-12 23:06:27,090 - INFO - allennlp.training.trainer - accuracy3       |     1.000  |     1.000
2019-02-12 23:06:27,090 - INFO - allennlp.training.trainer - loss            |     0.504  |     0.596
2019-02-12 23:06:27,090 - INFO - allennlp.training.trainer - cpu_memory_MB   |  2644.824  |       N/A
2019-02-12 23:06:27,090 - INFO - allennlp.training.trainer - gpu_0_memory_MB |   390.000  |       N/A
2019-02-12 23:06:27,090 - INFO - allennlp.training.trainer - accuracy        |     0.840  |     0.856
2019-02-12 23:06:27,107 - INFO - allennlp.training.trainer - Best validation performance so far. Copying weights to './model_params/best.th'.
2019-02-12 23:06:27,119 - INFO - allennlp.training.trainer - Epoch duration: 00:00:04
2019-02-12 23:06:27,119 - INFO - allennlp.training.trainer - Estimated training time remaining: 0:02:25
2019-02-12 23:06:27,119 - INFO - allennlp.training.trainer - Epoch 10/39
2019-02-12 23:06:27,119 - INFO - allennlp.training.trainer - Peak CPU memory usage MB: 2644.836
2019-02-12 23:06:27,233 - INFO - allennlp.training.trainer - GPU 0 memory usage MB: 390
2019-02-12 23:06:27,233 - INFO - allennlp.training.trainer - Training
2019-02-12 23:06:30,673 - INFO - allennlp.training.trainer - Validating
2019-02-12 23:06:32,036 - INFO - allennlp.training.trainer -                     Training |  Validation
2019-02-12 23:06:32,041 - INFO - allennlp.training.trainer - accuracy3       |     1.000  |     1.000
2019-02-12 23:06:32,041 - INFO - allennlp.training.trainer - loss            |     0.503  |     0.593
2019-02-12 23:06:32,041 - INFO - allennlp.training.trainer - cpu_memory_MB   |  2644.836  |       N/A
2019-02-12 23:06:32,041 - INFO - allennlp.training.trainer - gpu_0_memory_MB |   390.000  |       N/A
2019-02-12 23:06:32,041 - INFO - allennlp.training.trainer - accuracy        |     0.840  |     0.851
2019-02-12 23:06:32,063 - INFO - allennlp.training.trainer - Best validation performance so far. Copying weights to './model_params/best.th'.
2019-02-12 23:06:32,081 - INFO - allennlp.training.trainer - Epoch duration: 00:00:04
2019-02-12 23:06:32,081 - INFO - allennlp.training.trainer - Estimated training time remaining: 0:02:20
2019-02-12 23:06:32,081 - INFO - allennlp.training.trainer - Epoch 11/39
2019-02-12 23:06:32,086 - INFO - allennlp.training.trainer - Peak CPU memory usage MB: 2644.836
2019-02-12 23:06:32,298 - INFO - allennlp.training.trainer - GPU 0 memory usage MB: 390
2019-02-12 23:06:32,298 - INFO - allennlp.training.trainer - Training
2019-02-12 23:06:35,356 - INFO - allennlp.training.trainer - Validating
2019-02-12 23:06:36,652 - INFO - allennlp.training.trainer -                     Training |  Validation
2019-02-12 23:06:36,653 - INFO - allennlp.training.trainer - accuracy3       |     1.000  |     1.000
2019-02-12 23:06:36,653 - INFO - allennlp.training.trainer - loss            |     0.503  |     0.590
2019-02-12 23:06:36,653 - INFO - allennlp.training.trainer - cpu_memory_MB   |  2644.836  |       N/A
2019-02-12 23:06:36,653 - INFO - allennlp.training.trainer - gpu_0_memory_MB |   390.000  |       N/A
2019-02-12 23:06:36,653 - INFO - allennlp.training.trainer - accuracy        |     0.839  |     0.850
2019-02-12 23:06:36,664 - INFO - allennlp.training.trainer - Best validation performance so far. Copying weights to './model_params/best.th'.
2019-02-12 23:06:36,677 - INFO - allennlp.training.trainer - Epoch duration: 00:00:04
2019-02-12 23:06:36,678 - INFO - allennlp.training.trainer - Estimated training time remaining: 0:02:15
2019-02-12 23:06:36,678 - INFO - allennlp.training.trainer - Epoch 12/39
2019-02-12 23:06:36,678 - INFO - allennlp.training.trainer - Peak CPU memory usage MB: 2644.836
2019-02-12 23:06:36,784 - INFO - allennlp.training.trainer - GPU 0 memory usage MB: 390
2019-02-12 23:06:36,785 - INFO - allennlp.training.trainer - Training
2019-02-12 23:06:40,031 - INFO - allennlp.training.trainer - Validating
2019-02-12 23:06:41,641 - INFO - allennlp.training.trainer -                     Training |  Validation
2019-02-12 23:06:41,643 - INFO - allennlp.training.trainer - accuracy3       |     1.000  |     1.000
2019-02-12 23:06:41,644 - INFO - allennlp.training.trainer - loss            |     0.502  |     0.592
2019-02-12 23:06:41,644 - INFO - allennlp.training.trainer - cpu_memory_MB   |  2644.836  |       N/A
2019-02-12 23:06:41,644 - INFO - allennlp.training.trainer - gpu_0_memory_MB |   390.000  |       N/A
2019-02-12 23:06:41,644 - INFO - allennlp.training.trainer - accuracy        |     0.837  |     0.851
2019-02-12 23:06:41,664 - INFO - allennlp.training.trainer - Epoch duration: 00:00:04
2019-02-12 23:06:41,665 - INFO - allennlp.training.trainer - Estimated training time remaining: 0:02:10
2019-02-12 23:06:41,665 - INFO - allennlp.training.trainer - Epoch 13/39
2019-02-12 23:06:41,666 - INFO - allennlp.training.trainer - Peak CPU memory usage MB: 2644.836
2019-02-12 23:06:41,852 - INFO - allennlp.training.trainer - GPU 0 memory usage MB: 390
2019-02-12 23:06:41,853 - INFO - allennlp.training.trainer - Training
2019-02-12 23:06:45,776 - INFO - allennlp.training.trainer - Validating
2019-02-12 23:06:47,276 - INFO - allennlp.training.trainer -                     Training |  Validation
2019-02-12 23:06:47,278 - INFO - allennlp.training.trainer - accuracy3       |     1.000  |     1.000
2019-02-12 23:06:47,278 - INFO - allennlp.training.trainer - loss            |     0.502  |     0.587
2019-02-12 23:06:47,278 - INFO - allennlp.training.trainer - cpu_memory_MB   |  2644.836  |       N/A
2019-02-12 23:06:47,278 - INFO - allennlp.training.trainer - gpu_0_memory_MB |   390.000  |       N/A
2019-02-12 23:06:47,278 - INFO - allennlp.training.trainer - accuracy        |     0.837  |     0.846
2019-02-12 23:06:47,288 - INFO - allennlp.training.trainer - Best validation performance so far. Copying weights to './model_params/best.th'.
2019-02-12 23:06:47,303 - INFO - allennlp.training.trainer - Epoch duration: 00:00:05
2019-02-12 23:06:47,303 - INFO - allennlp.training.trainer - Estimated training time remaining: 0:02:07
2019-02-12 23:06:47,303 - INFO - allennlp.training.trainer - Epoch 14/39
2019-02-12 23:06:47,303 - INFO - allennlp.training.trainer - Peak CPU memory usage MB: 2644.836
2019-02-12 23:06:47,424 - INFO - allennlp.training.trainer - GPU 0 memory usage MB: 390
2019-02-12 23:06:47,425 - INFO - allennlp.training.trainer - Training
2019-02-12 23:06:50,395 - INFO - allennlp.training.trainer - Validating
2019-02-12 23:06:51,691 - INFO - allennlp.training.trainer -                     Training |  Validation
2019-02-12 23:06:51,694 - INFO - allennlp.training.trainer - accuracy3       |     1.000  |     1.000
2019-02-12 23:06:51,694 - INFO - allennlp.training.trainer - loss            |     0.502  |     0.591
2019-02-12 23:06:51,694 - INFO - allennlp.training.trainer - cpu_memory_MB   |  2644.836  |       N/A
2019-02-12 23:06:51,694 - INFO - allennlp.training.trainer - gpu_0_memory_MB |   390.000  |       N/A
2019-02-12 23:06:51,695 - INFO - allennlp.training.trainer - accuracy        |     0.834  |     0.849
2019-02-12 23:06:51,717 - INFO - allennlp.training.trainer - Epoch duration: 00:00:04
2019-02-12 23:06:51,718 - INFO - allennlp.training.trainer - Estimated training time remaining: 0:02:01
2019-02-12 23:06:51,718 - INFO - allennlp.training.trainer - Epoch 15/39
2019-02-12 23:06:51,718 - INFO - allennlp.training.trainer - Peak CPU memory usage MB: 2644.836
2019-02-12 23:06:51,930 - INFO - allennlp.training.trainer - GPU 0 memory usage MB: 390
2019-02-12 23:06:51,931 - INFO - allennlp.training.trainer - Training
2019-02-12 23:06:55,336 - INFO - allennlp.training.trainer - Validating
2019-02-12 23:06:56,659 - INFO - allennlp.training.trainer -                     Training |  Validation
2019-02-12 23:06:56,660 - INFO - allennlp.training.trainer - accuracy3       |     1.000  |     1.000
2019-02-12 23:06:56,660 - INFO - allennlp.training.trainer - loss            |     0.501  |     0.590
2019-02-12 23:06:56,660 - INFO - allennlp.training.trainer - cpu_memory_MB   |  2644.836  |       N/A
2019-02-12 23:06:56,660 - INFO - allennlp.training.trainer - gpu_0_memory_MB |   390.000  |       N/A
2019-02-12 23:06:56,660 - INFO - allennlp.training.trainer - accuracy        |     0.835  |     0.848
2019-02-12 23:06:56,677 - INFO - allennlp.training.trainer - Epoch duration: 00:00:04
2019-02-12 23:06:56,677 - INFO - allennlp.training.trainer - Estimated training time remaining: 0:01:57
2019-02-12 23:06:56,677 - INFO - allennlp.training.trainer - Epoch 16/39
2019-02-12 23:06:56,678 - INFO - allennlp.training.trainer - Peak CPU memory usage MB: 2644.836
2019-02-12 23:06:56,806 - INFO - allennlp.training.trainer - GPU 0 memory usage MB: 390
2019-02-12 23:06:56,807 - INFO - allennlp.training.trainer - Training
2019-02-12 23:06:59,832 - INFO - allennlp.training.trainer - Validating
2019-02-12 23:07:01,146 - INFO - allennlp.training.trainer -                     Training |  Validation
2019-02-12 23:07:01,147 - INFO - allennlp.training.trainer - accuracy3       |     1.000  |     1.000
2019-02-12 23:07:01,148 - INFO - allennlp.training.trainer - loss            |     0.501  |     0.586
2019-02-12 23:07:01,148 - INFO - allennlp.training.trainer - cpu_memory_MB   |  2644.836  |       N/A
2019-02-12 23:07:01,148 - INFO - allennlp.training.trainer - gpu_0_memory_MB |   390.000  |       N/A
2019-02-12 23:07:01,148 - INFO - allennlp.training.trainer - accuracy        |     0.835  |     0.842
2019-02-12 23:07:01,158 - INFO - allennlp.training.trainer - Best validation performance so far. Copying weights to './model_params/best.th'.
2019-02-12 23:07:01,181 - INFO - allennlp.training.trainer - Epoch duration: 00:00:04
2019-02-12 23:07:01,181 - INFO - allennlp.training.trainer - Estimated training time remaining: 0:01:51
2019-02-12 23:07:01,181 - INFO - allennlp.training.trainer - Epoch 17/39
2019-02-12 23:07:01,181 - INFO - allennlp.training.trainer - Peak CPU memory usage MB: 2644.836
2019-02-12 23:07:01,400 - INFO - allennlp.training.trainer - GPU 0 memory usage MB: 390
2019-02-12 23:07:01,401 - INFO - allennlp.training.trainer - Training
2019-02-12 23:07:04,875 - INFO - allennlp.training.trainer - Validating
2019-02-12 23:07:06,039 - INFO - allennlp.training.trainer -                     Training |  Validation
2019-02-12 23:07:06,040 - INFO - allennlp.training.trainer - accuracy3       |     1.000  |     1.000
2019-02-12 23:07:06,041 - INFO - allennlp.training.trainer - loss            |     0.502  |     0.589
2019-02-12 23:07:06,041 - INFO - allennlp.training.trainer - cpu_memory_MB   |  2644.836  |       N/A
2019-02-12 23:07:06,041 - INFO - allennlp.training.trainer - gpu_0_memory_MB |   390.000  |       N/A
2019-02-12 23:07:06,041 - INFO - allennlp.training.trainer - accuracy        |     0.832  |     0.848
2019-02-12 23:07:06,050 - INFO - allennlp.training.trainer - Epoch duration: 00:00:04
2019-02-12 23:07:06,050 - INFO - allennlp.training.trainer - Estimated training time remaining: 0:01:46
2019-02-12 23:07:06,050 - INFO - allennlp.training.trainer - Epoch 18/39
2019-02-12 23:07:06,050 - INFO - allennlp.training.trainer - Peak CPU memory usage MB: 2644.836
2019-02-12 23:07:06,188 - INFO - allennlp.training.trainer - GPU 0 memory usage MB: 390
2019-02-12 23:07:06,189 - INFO - allennlp.training.trainer - Training
2019-02-12 23:07:09,672 - INFO - allennlp.training.trainer - Validating
2019-02-12 23:07:11,222 - INFO - allennlp.training.trainer -                     Training |  Validation
2019-02-12 23:07:11,227 - INFO - allennlp.training.trainer - accuracy3       |     1.000  |     1.000
2019-02-12 23:07:11,227 - INFO - allennlp.training.trainer - loss            |     0.501  |     0.587
2019-02-12 23:07:11,227 - INFO - allennlp.training.trainer - cpu_memory_MB   |  2644.836  |       N/A
2019-02-12 23:07:11,228 - INFO - allennlp.training.trainer - gpu_0_memory_MB |   390.000  |       N/A
2019-02-12 23:07:11,228 - INFO - allennlp.training.trainer - accuracy        |     0.833  |     0.846
2019-02-12 23:07:11,242 - INFO - allennlp.training.trainer - Epoch duration: 00:00:05
2019-02-12 23:07:11,249 - INFO - allennlp.training.trainer - Estimated training time remaining: 0:01:42
2019-02-12 23:07:11,250 - INFO - allennlp.training.trainer - Epoch 19/39
2019-02-12 23:07:11,250 - INFO - allennlp.training.trainer - Peak CPU memory usage MB: 2644.836
2019-02-12 23:07:11,415 - INFO - allennlp.training.trainer - GPU 0 memory usage MB: 390
2019-02-12 23:07:11,415 - INFO - allennlp.training.trainer - Training
2019-02-12 23:07:14,563 - INFO - allennlp.training.trainer - Validating
2019-02-12 23:07:15,931 - INFO - allennlp.training.trainer -                     Training |  Validation
2019-02-12 23:07:15,932 - INFO - allennlp.training.trainer - accuracy3       |     1.000  |     1.000
2019-02-12 23:07:15,932 - INFO - allennlp.training.trainer - loss            |     0.502  |     0.590
2019-02-12 23:07:15,933 - INFO - allennlp.training.trainer - cpu_memory_MB   |  2644.836  |       N/A
2019-02-12 23:07:15,933 - INFO - allennlp.training.trainer - gpu_0_memory_MB |   390.000  |       N/A
2019-02-12 23:07:15,933 - INFO - allennlp.training.trainer - accuracy        |     0.833  |     0.848
2019-02-12 23:07:15,947 - INFO - allennlp.training.trainer - Epoch duration: 00:00:04
2019-02-12 23:07:15,947 - INFO - allennlp.training.trainer - Estimated training time remaining: 0:01:37
2019-02-12 23:07:15,947 - INFO - allennlp.training.trainer - Epoch 20/39
2019-02-12 23:07:15,947 - INFO - allennlp.training.trainer - Peak CPU memory usage MB: 2644.836
2019-02-12 23:07:16,145 - INFO - allennlp.training.trainer - GPU 0 memory usage MB: 390
2019-02-12 23:07:16,146 - INFO - allennlp.training.trainer - Training
2019-02-12 23:07:19,011 - INFO - allennlp.training.trainer - Validating
2019-02-12 23:07:20,820 - INFO - allennlp.training.trainer -                     Training |  Validation
2019-02-12 23:07:20,823 - INFO - allennlp.training.trainer - accuracy3       |     1.000  |     1.000
2019-02-12 23:07:20,823 - INFO - allennlp.training.trainer - loss            |     0.501  |     0.587
2019-02-12 23:07:20,823 - INFO - allennlp.training.trainer - cpu_memory_MB   |  2644.836  |       N/A
2019-02-12 23:07:20,823 - INFO - allennlp.training.trainer - gpu_0_memory_MB |   390.000  |       N/A
2019-02-12 23:07:20,824 - INFO - allennlp.training.trainer - accuracy        |     0.833  |     0.847
2019-02-12 23:07:20,845 - INFO - allennlp.training.trainer - Epoch duration: 00:00:04
2019-02-12 23:07:20,846 - INFO - allennlp.training.trainer - Estimated training time remaining: 0:01:32
2019-02-12 23:07:20,850 - INFO - allennlp.training.trainer - Epoch 21/39
2019-02-12 23:07:20,851 - INFO - allennlp.training.trainer - Peak CPU memory usage MB: 2644.836
2019-02-12 23:07:21,040 - INFO - allennlp.training.trainer - GPU 0 memory usage MB: 390
2019-02-12 23:07:21,041 - INFO - allennlp.training.trainer - Training
2019-02-12 23:07:23,706 - INFO - allennlp.training.trainer - Validating
2019-02-12 23:07:25,049 - INFO - allennlp.training.trainer - Ran out of patience.  Stopping training.
2019-02-12 23:07:25,049 - INFO - allennlp.models.archival - archiving weights and vocabulary to ./model_params/model.tar.gz
2019-02-12 23:07:25,665 - INFO - allennlp.commands.train - Loading the best epoch weights.
2019-02-12 23:07:25,682 - INFO - allennlp.common.util - Metrics: {
  "peak_cpu_memory_MB": 2644.836,
  "peak_gpu_0_memory_MB": 390,
  "training_duration": "00:01:42",
  "training_start_epoch": 0,
  "training_epochs": 20,
  "epoch": 20,
  "training_accuracy": 0.8330232922152588,
  "training_accuracy3": 1.0,
  "training_loss": 0.5009245977777502,
  "training_cpu_memory_MB": 2644.836,
  "training_gpu_0_memory_MB": 390,
  "validation_accuracy": 0.8473448583059869,
  "validation_accuracy3": 1.0,
  "validation_loss": 0.5871368692237504,
  "best_epoch": 16,
  "best_validation_accuracy": 0.8420672778736312,
  "best_validation_accuracy3": 1.0,
  "best_validation_loss": 0.585761904108281
}
Token batch process time:
117.31945157051086
Token batch process time:
64.19191336631775
