2019-02-07 19:09:52,673 - INFO - allennlp.common.from_params - instantiating class <class 'allennlp.data.dataset_readers.dataset_reader.DatasetReader'> from params {'token_indexers': {'tokens': {'lowercase_tokens': True, 'type': 'single_id'}}, 'type': 'sequence_tagging', 'word_tag_delimiter': '//'} and extras {}
2019-02-07 19:09:52,673 - INFO - allennlp.common.params - dataset_reader.type = sequence_tagging
2019-02-07 19:09:52,674 - INFO - allennlp.common.from_params - instantiating class <class 'allennlp.data.dataset_readers.sequence_tagging.SequenceTaggingDatasetReader'> from params {'token_indexers': {'tokens': {'lowercase_tokens': True, 'type': 'single_id'}}, 'word_tag_delimiter': '//'} and extras {}
2019-02-07 19:09:52,674 - INFO - allennlp.common.params - dataset_reader.word_tag_delimiter = //
2019-02-07 19:09:52,674 - INFO - allennlp.common.params - dataset_reader.token_delimiter = None
2019-02-07 19:09:52,674 - INFO - allennlp.common.from_params - instantiating class allennlp.data.token_indexers.token_indexer.TokenIndexer from params {'lowercase_tokens': True, 'type': 'single_id'} and extras {}
2019-02-07 19:09:52,675 - INFO - allennlp.common.params - dataset_reader.token_indexers.tokens.type = single_id
2019-02-07 19:09:52,675 - INFO - allennlp.common.from_params - instantiating class allennlp.data.token_indexers.single_id_token_indexer.SingleIdTokenIndexer from params {'lowercase_tokens': True} and extras {}
2019-02-07 19:09:52,675 - INFO - allennlp.common.params - dataset_reader.token_indexers.tokens.namespace = tokens
2019-02-07 19:09:52,675 - INFO - allennlp.common.params - dataset_reader.token_indexers.tokens.lowercase_tokens = True
2019-02-07 19:09:52,676 - INFO - allennlp.common.params - dataset_reader.token_indexers.tokens.start_tokens = None
2019-02-07 19:09:52,676 - INFO - allennlp.common.params - dataset_reader.token_indexers.tokens.end_tokens = None
2019-02-07 19:09:52,676 - INFO - allennlp.common.params - dataset_reader.lazy = False
2019-02-07 19:09:52,676 - INFO - allennlp.common.params - validation_dataset_reader = None
2019-02-07 19:09:52,676 - INFO - allennlp.common.params - train_data_path = ../data/allenTrain.txt
2019-02-07 19:09:52,676 - INFO - allennlp.commands.train - Reading training data from ../data/allenTrain.txt
2019-02-07 19:09:52,677 - INFO - allennlp.data.dataset_readers.sequence_tagging - Reading instances from lines in file at: ../data/allenTrain.txt
2019-02-07 19:10:31,278 - INFO - allennlp.common.params - validation_data_path = ../data/allenDev.txt
2019-02-07 19:10:31,279 - INFO - allennlp.commands.train - Reading validation data from ../data/allenDev.txt
2019-02-07 19:10:31,279 - INFO - allennlp.data.dataset_readers.sequence_tagging - Reading instances from lines in file at: ../data/allenDev.txt
2019-02-07 19:10:31,761 - INFO - allennlp.common.params - test_data_path = None
2019-02-07 19:10:31,761 - INFO - allennlp.commands.train - From dataset instances, validation, train will be considered for vocabulary creation.
2019-02-07 19:10:31,761 - INFO - allennlp.common.params - vocabulary.type = None
2019-02-07 19:10:31,761 - INFO - allennlp.common.params - vocabulary.extend = False
2019-02-07 19:10:31,761 - INFO - allennlp.common.params - vocabulary.directory_path = None
2019-02-07 19:10:31,761 - INFO - allennlp.common.params - vocabulary.min_count = None
2019-02-07 19:10:31,762 - INFO - allennlp.common.params - vocabulary.max_vocab_size = None
2019-02-07 19:10:31,762 - INFO - allennlp.common.params - vocabulary.non_padded_namespaces = ('*tags', '*labels')
2019-02-07 19:10:31,762 - INFO - allennlp.common.params - vocabulary.min_pretrained_embeddings = None
2019-02-07 19:10:31,762 - INFO - allennlp.common.params - vocabulary.only_include_pretrained_words = False
2019-02-07 19:10:31,762 - INFO - allennlp.common.params - vocabulary.tokens_to_add = None
2019-02-07 19:10:31,762 - INFO - allennlp.data.vocabulary - Fitting token dictionary from dataset.
2019-02-07 19:10:43,781 - INFO - allennlp.common.from_params - instantiating class <class 'allennlp.models.model.Model'> from params {'encoder': {'bidirectional': True, 'dropout': 0.5, 'hidden_size': 50, 'input_size': 50, 'num_layers': 2, 'type': 'lstm'}, 'text_field_embedder': {'token_embedders': {'tokens': {'embedding_dim': 50, 'pretrained_file': '~/src/allennlp/glove/glove.6B.50d.txt.gz', 'trainable': False, 'type': 'embedding'}}}, 'type': 'simple_tagger2'} and extras {'vocab': Vocabulary with namespaces:  tokens, Size: 88725 || labels, Size: 2 || Non Padded Namespaces: {'*tags', '*labels'}}
2019-02-07 19:10:43,781 - INFO - allennlp.common.params - model.type = simple_tagger2
2019-02-07 19:10:43,781 - INFO - allennlp.common.from_params - instantiating class <class 'myallennlp.models.simple_tagger2.SimpleTagger2'> from params {'encoder': {'bidirectional': True, 'dropout': 0.5, 'hidden_size': 50, 'input_size': 50, 'num_layers': 2, 'type': 'lstm'}, 'text_field_embedder': {'token_embedders': {'tokens': {'embedding_dim': 50, 'pretrained_file': '~/src/allennlp/glove/glove.6B.50d.txt.gz', 'trainable': False, 'type': 'embedding'}}}} and extras {'vocab': Vocabulary with namespaces:  tokens, Size: 88725 || labels, Size: 2 || Non Padded Namespaces: {'*tags', '*labels'}}
2019-02-07 19:10:43,782 - INFO - allennlp.common.from_params - instantiating class <class 'allennlp.modules.text_field_embedders.text_field_embedder.TextFieldEmbedder'> from params {'token_embedders': {'tokens': {'embedding_dim': 50, 'pretrained_file': '~/src/allennlp/glove/glove.6B.50d.txt.gz', 'trainable': False, 'type': 'embedding'}}} and extras {'vocab': Vocabulary with namespaces:  tokens, Size: 88725 || labels, Size: 2 || Non Padded Namespaces: {'*tags', '*labels'}}
2019-02-07 19:10:43,782 - INFO - allennlp.common.params - model.text_field_embedder.type = basic
2019-02-07 19:10:43,782 - INFO - allennlp.common.params - model.text_field_embedder.embedder_to_indexer_map = None
2019-02-07 19:10:43,783 - INFO - allennlp.common.params - model.text_field_embedder.allow_unmatched_keys = False
2019-02-07 19:10:43,783 - INFO - allennlp.common.from_params - instantiating class <class 'allennlp.modules.token_embedders.token_embedder.TokenEmbedder'> from params {'embedding_dim': 50, 'pretrained_file': '~/src/allennlp/glove/glove.6B.50d.txt.gz', 'trainable': False, 'type': 'embedding'} and extras {'vocab': Vocabulary with namespaces:  tokens, Size: 88725 || labels, Size: 2 || Non Padded Namespaces: {'*tags', '*labels'}}
2019-02-07 19:10:43,783 - INFO - allennlp.common.params - model.text_field_embedder.token_embedders.tokens.type = embedding
2019-02-07 19:10:43,783 - INFO - allennlp.common.params - model.text_field_embedder.token_embedders.tokens.num_embeddings = None
2019-02-07 19:10:43,783 - INFO - allennlp.common.params - model.text_field_embedder.token_embedders.tokens.vocab_namespace = tokens
2019-02-07 19:10:43,784 - INFO - allennlp.common.params - model.text_field_embedder.token_embedders.tokens.embedding_dim = 50
2019-02-07 19:10:43,784 - INFO - allennlp.common.params - model.text_field_embedder.token_embedders.tokens.pretrained_file = ~/src/allennlp/glove/glove.6B.50d.txt.gz
2019-02-07 19:10:43,784 - INFO - allennlp.common.params - model.text_field_embedder.token_embedders.tokens.projection_dim = None
2019-02-07 19:10:43,784 - INFO - allennlp.common.params - model.text_field_embedder.token_embedders.tokens.trainable = False
2019-02-07 19:10:43,784 - INFO - allennlp.common.params - model.text_field_embedder.token_embedders.tokens.padding_index = None
2019-02-07 19:10:43,784 - INFO - allennlp.common.params - model.text_field_embedder.token_embedders.tokens.max_norm = None
2019-02-07 19:10:43,784 - INFO - allennlp.common.params - model.text_field_embedder.token_embedders.tokens.norm_type = 2.0
2019-02-07 19:10:43,785 - INFO - allennlp.common.params - model.text_field_embedder.token_embedders.tokens.scale_grad_by_freq = False
2019-02-07 19:10:43,785 - INFO - allennlp.common.params - model.text_field_embedder.token_embedders.tokens.sparse = False
2019-02-07 19:10:43,798 - INFO - allennlp.modules.token_embedders.embedding - Reading pretrained embeddings from file
2019-02-07 19:10:50,308 - INFO - allennlp.modules.token_embedders.embedding - Initializing pre-trained embedding layer
2019-02-07 19:10:51,517 - INFO - allennlp.modules.token_embedders.embedding - Pretrained embeddings were found for 69081 out of 88725 tokens
2019-02-07 19:10:51,549 - INFO - allennlp.common.from_params - instantiating class <class 'allennlp.modules.seq2seq_encoders.seq2seq_encoder.Seq2SeqEncoder'> from params {'bidirectional': True, 'dropout': 0.5, 'hidden_size': 50, 'input_size': 50, 'num_layers': 2, 'type': 'lstm'} and extras {'vocab': Vocabulary with namespaces:  tokens, Size: 88725 || labels, Size: 2 || Non Padded Namespaces: {'*tags', '*labels'}}
2019-02-07 19:10:51,549 - INFO - allennlp.common.params - model.encoder.type = lstm
2019-02-07 19:10:51,549 - INFO - allennlp.common.params - model.encoder.batch_first = True
2019-02-07 19:10:51,550 - INFO - allennlp.common.params - model.encoder.stateful = False
2019-02-07 19:10:51,550 - INFO - allennlp.common.params - Converting Params object to dict; logging of default values will not occur when dictionary parameters are used subsequently.
2019-02-07 19:10:51,550 - INFO - allennlp.common.params - CURRENTLY DEFINED PARAMETERS: 
2019-02-07 19:10:51,550 - INFO - allennlp.common.params - model.encoder.bidirectional = True
2019-02-07 19:10:51,550 - INFO - allennlp.common.params - model.encoder.dropout = 0.5
2019-02-07 19:10:51,550 - INFO - allennlp.common.params - model.encoder.hidden_size = 50
2019-02-07 19:10:51,550 - INFO - allennlp.common.params - model.encoder.input_size = 50
2019-02-07 19:10:51,550 - INFO - allennlp.common.params - model.encoder.num_layers = 2
2019-02-07 19:10:51,550 - INFO - allennlp.common.params - model.encoder.batch_first = True
2019-02-07 19:10:51,553 - INFO - allennlp.nn.initializers - Initializing parameters
2019-02-07 19:10:51,554 - INFO - allennlp.nn.initializers - Done initializing parameters; the following parameters are using their default initialization from their code
2019-02-07 19:10:51,554 - INFO - allennlp.nn.initializers -    encoder._module.bias_hh_l0
2019-02-07 19:10:51,554 - INFO - allennlp.nn.initializers -    encoder._module.bias_hh_l0_reverse
2019-02-07 19:10:51,554 - INFO - allennlp.nn.initializers -    encoder._module.bias_hh_l1
2019-02-07 19:10:51,554 - INFO - allennlp.nn.initializers -    encoder._module.bias_hh_l1_reverse
2019-02-07 19:10:51,554 - INFO - allennlp.nn.initializers -    encoder._module.bias_ih_l0
2019-02-07 19:10:51,554 - INFO - allennlp.nn.initializers -    encoder._module.bias_ih_l0_reverse
2019-02-07 19:10:51,555 - INFO - allennlp.nn.initializers -    encoder._module.bias_ih_l1
2019-02-07 19:10:51,555 - INFO - allennlp.nn.initializers -    encoder._module.bias_ih_l1_reverse
2019-02-07 19:10:51,555 - INFO - allennlp.nn.initializers -    encoder._module.weight_hh_l0
2019-02-07 19:10:51,555 - INFO - allennlp.nn.initializers -    encoder._module.weight_hh_l0_reverse
2019-02-07 19:10:51,555 - INFO - allennlp.nn.initializers -    encoder._module.weight_hh_l1
2019-02-07 19:10:51,555 - INFO - allennlp.nn.initializers -    encoder._module.weight_hh_l1_reverse
2019-02-07 19:10:51,555 - INFO - allennlp.nn.initializers -    encoder._module.weight_ih_l0
2019-02-07 19:10:51,555 - INFO - allennlp.nn.initializers -    encoder._module.weight_ih_l0_reverse
2019-02-07 19:10:51,555 - INFO - allennlp.nn.initializers -    encoder._module.weight_ih_l1
2019-02-07 19:10:51,555 - INFO - allennlp.nn.initializers -    encoder._module.weight_ih_l1_reverse
2019-02-07 19:10:51,556 - INFO - allennlp.nn.initializers -    tag_projection_layer._module.bias
2019-02-07 19:10:51,556 - INFO - allennlp.nn.initializers -    tag_projection_layer._module.weight
2019-02-07 19:10:51,556 - INFO - allennlp.nn.initializers -    text_field_embedder.token_embedder_tokens.weight
2019-02-07 19:10:52,016 - INFO - allennlp.common.from_params - instantiating class <class 'allennlp.data.iterators.data_iterator.DataIterator'> from params {'batch_size': 32, 'type': 'basic'} and extras {}
2019-02-07 19:10:52,016 - INFO - allennlp.common.params - iterator.type = basic
2019-02-07 19:10:52,017 - INFO - allennlp.common.from_params - instantiating class <class 'allennlp.data.iterators.basic_iterator.BasicIterator'> from params {'batch_size': 32} and extras {}
2019-02-07 19:10:52,017 - INFO - allennlp.common.params - iterator.batch_size = 32
2019-02-07 19:10:52,017 - INFO - allennlp.common.params - iterator.instances_per_epoch = None
2019-02-07 19:10:52,017 - INFO - allennlp.common.params - iterator.max_instances_in_memory = None
2019-02-07 19:10:52,018 - INFO - allennlp.common.params - iterator.cache_instances = False
2019-02-07 19:10:52,018 - INFO - allennlp.common.params - iterator.track_epoch = False
2019-02-07 19:10:52,018 - INFO - allennlp.common.params - iterator.maximum_samples_per_batch = None
2019-02-07 19:10:52,018 - INFO - allennlp.common.params - validation_iterator = None
2019-02-07 19:10:52,018 - INFO - allennlp.common.params - trainer.no_grad = ()
2019-02-07 19:10:52,019 - INFO - allennlp.commands.train - Following parameters are Frozen  (without gradient):
2019-02-07 19:10:52,019 - INFO - allennlp.commands.train - text_field_embedder.token_embedder_tokens.weight
2019-02-07 19:10:52,019 - INFO - allennlp.commands.train - Following parameters are Tunable (with gradient):
2019-02-07 19:10:52,019 - INFO - allennlp.commands.train - encoder._module.weight_ih_l0
2019-02-07 19:10:52,019 - INFO - allennlp.commands.train - encoder._module.weight_hh_l0
2019-02-07 19:10:52,019 - INFO - allennlp.commands.train - encoder._module.bias_ih_l0
2019-02-07 19:10:52,019 - INFO - allennlp.commands.train - encoder._module.bias_hh_l0
2019-02-07 19:10:52,019 - INFO - allennlp.commands.train - encoder._module.weight_ih_l0_reverse
2019-02-07 19:10:52,020 - INFO - allennlp.commands.train - encoder._module.weight_hh_l0_reverse
2019-02-07 19:10:52,020 - INFO - allennlp.commands.train - encoder._module.bias_ih_l0_reverse
2019-02-07 19:10:52,020 - INFO - allennlp.commands.train - encoder._module.bias_hh_l0_reverse
2019-02-07 19:10:52,020 - INFO - allennlp.commands.train - encoder._module.weight_ih_l1
2019-02-07 19:10:52,020 - INFO - allennlp.commands.train - encoder._module.weight_hh_l1
2019-02-07 19:10:52,020 - INFO - allennlp.commands.train - encoder._module.bias_ih_l1
2019-02-07 19:10:52,020 - INFO - allennlp.commands.train - encoder._module.bias_hh_l1
2019-02-07 19:10:52,020 - INFO - allennlp.commands.train - encoder._module.weight_ih_l1_reverse
2019-02-07 19:10:52,020 - INFO - allennlp.commands.train - encoder._module.weight_hh_l1_reverse
2019-02-07 19:10:52,021 - INFO - allennlp.commands.train - encoder._module.bias_ih_l1_reverse
2019-02-07 19:10:52,021 - INFO - allennlp.commands.train - encoder._module.bias_hh_l1_reverse
2019-02-07 19:10:52,021 - INFO - allennlp.commands.train - tag_projection_layer._module.weight
2019-02-07 19:10:52,021 - INFO - allennlp.commands.train - tag_projection_layer._module.bias
2019-02-07 19:10:52,021 - INFO - allennlp.common.params - trainer.type = default
2019-02-07 19:10:52,021 - INFO - allennlp.common.params - trainer.patience = 5
2019-02-07 19:10:52,021 - INFO - allennlp.common.params - trainer.validation_metric = -loss
2019-02-07 19:10:52,022 - INFO - allennlp.common.params - trainer.shuffle = True
2019-02-07 19:10:52,022 - INFO - allennlp.common.params - trainer.num_epochs = 40
2019-02-07 19:10:52,022 - INFO - allennlp.common.params - trainer.cuda_device = 0
2019-02-07 19:10:52,022 - INFO - allennlp.common.params - trainer.grad_norm = None
2019-02-07 19:10:52,022 - INFO - allennlp.common.params - trainer.grad_clipping = None
2019-02-07 19:10:52,022 - INFO - allennlp.common.params - trainer.learning_rate_scheduler = None
2019-02-07 19:10:56,623 - INFO - allennlp.common.params - trainer.optimizer = adam
2019-02-07 19:10:56,624 - INFO - allennlp.common.params - parameter_groups = None
2019-02-07 19:10:56,624 - INFO - allennlp.training.optimizers - Number of trainable parameters: 101802
2019-02-07 19:10:56,625 - INFO - allennlp.common.params - Converting Params object to dict; logging of default values will not occur when dictionary parameters are used subsequently.
2019-02-07 19:10:56,625 - INFO - allennlp.common.params - CURRENTLY DEFINED PARAMETERS: 
2019-02-07 19:10:56,626 - INFO - allennlp.common.params - trainer.num_serialized_models_to_keep = 20
2019-02-07 19:10:56,626 - INFO - allennlp.common.params - trainer.keep_serialized_model_every_num_seconds = None
2019-02-07 19:10:56,626 - INFO - allennlp.common.params - trainer.model_save_interval = None
2019-02-07 19:10:56,626 - INFO - allennlp.common.params - trainer.summary_interval = 100
2019-02-07 19:10:56,626 - INFO - allennlp.common.params - trainer.histogram_interval = None
2019-02-07 19:10:56,626 - INFO - allennlp.common.params - trainer.should_log_parameter_statistics = True
2019-02-07 19:10:56,626 - INFO - allennlp.common.params - trainer.should_log_learning_rate = False
2019-02-07 19:10:56,627 - INFO - allennlp.common.params - trainer.log_batch_size_period = None
2019-02-07 19:10:56,630 - INFO - allennlp.common.params - evaluate_on_test = False
2019-02-07 19:10:56,630 - INFO - allennlp.training.trainer - Beginning training.
2019-02-07 19:10:56,631 - INFO - allennlp.training.trainer - Epoch 0/39
2019-02-07 19:10:56,631 - INFO - allennlp.training.trainer - Peak CPU memory usage MB: 3608.724
2019-02-07 19:10:56,766 - INFO - allennlp.training.trainer - GPU 0 memory usage MB: 751
2019-02-07 19:10:56,766 - INFO - allennlp.training.trainer - Training
2019-02-07 19:25:01,324 - INFO - allennlp.training.trainer - Validating
2019-02-07 19:25:06,599 - INFO - allennlp.training.trainer -                     Training |  Validation
2019-02-07 19:25:06,602 - INFO - allennlp.training.trainer - accuracy3       |     1.000  |     1.000
2019-02-07 19:25:06,603 - INFO - allennlp.training.trainer - gpu_0_memory_MB |   751.000  |       N/A
2019-02-07 19:25:06,603 - INFO - allennlp.training.trainer - cpu_memory_MB   |  3608.724  |       N/A
2019-02-07 19:25:06,603 - INFO - allennlp.training.trainer - loss            |     0.422  |     0.465
2019-02-07 19:25:06,603 - INFO - allennlp.training.trainer - accuracy        |     0.765  |     0.741
2019-02-07 19:25:06,729 - INFO - allennlp.training.trainer - Best validation performance so far. Copying weights to './model_params/best.th'.
2019-02-07 19:25:06,763 - INFO - allennlp.training.trainer - Epoch duration: 00:14:10
2019-02-07 19:25:06,763 - INFO - allennlp.training.trainer - Estimated training time remaining: 9:12:35
2019-02-07 19:25:06,764 - INFO - allennlp.training.trainer - Epoch 1/39
2019-02-07 19:25:06,764 - INFO - allennlp.training.trainer - Peak CPU memory usage MB: 3869.084
2019-02-07 19:25:06,956 - INFO - allennlp.training.trainer - GPU 0 memory usage MB: 813
2019-02-07 19:25:06,956 - INFO - allennlp.training.trainer - Training
2019-02-07 19:39:13,688 - INFO - allennlp.training.trainer - Validating
2019-02-07 19:39:18,546 - INFO - allennlp.training.trainer -                     Training |  Validation
2019-02-07 19:39:18,548 - INFO - allennlp.training.trainer - accuracy3       |     1.000  |     1.000
2019-02-07 19:39:18,548 - INFO - allennlp.training.trainer - gpu_0_memory_MB |   813.000  |       N/A
2019-02-07 19:39:18,548 - INFO - allennlp.training.trainer - cpu_memory_MB   |  3869.084  |       N/A
2019-02-07 19:39:18,548 - INFO - allennlp.training.trainer - loss            |     0.393  |     0.471
2019-02-07 19:39:18,548 - INFO - allennlp.training.trainer - accuracy        |     0.788  |     0.730
2019-02-07 19:39:18,588 - INFO - allennlp.training.trainer - Epoch duration: 00:14:11
2019-02-07 19:39:18,589 - INFO - allennlp.training.trainer - Estimated training time remaining: 8:58:57
2019-02-07 19:39:18,589 - INFO - allennlp.training.trainer - Epoch 2/39
2019-02-07 19:39:18,589 - INFO - allennlp.training.trainer - Peak CPU memory usage MB: 3869.36
2019-02-07 19:39:18,743 - INFO - allennlp.training.trainer - GPU 0 memory usage MB: 813
2019-02-07 19:39:18,743 - INFO - allennlp.training.trainer - Training
2019-02-07 19:53:10,544 - INFO - allennlp.training.trainer - Validating
2019-02-07 19:53:15,356 - INFO - allennlp.training.trainer -                     Training |  Validation
2019-02-07 19:53:15,357 - INFO - allennlp.training.trainer - accuracy3       |     1.000  |     1.000
2019-02-07 19:53:15,357 - INFO - allennlp.training.trainer - gpu_0_memory_MB |   813.000  |       N/A
2019-02-07 19:53:15,357 - INFO - allennlp.training.trainer - cpu_memory_MB   |  3869.360  |       N/A
2019-02-07 19:53:15,357 - INFO - allennlp.training.trainer - loss            |     0.382  |     0.466
2019-02-07 19:53:15,358 - INFO - allennlp.training.trainer - accuracy        |     0.796  |     0.746
2019-02-07 19:53:15,398 - INFO - allennlp.training.trainer - Epoch duration: 00:13:56
2019-02-07 19:53:15,399 - INFO - allennlp.training.trainer - Estimated training time remaining: 8:41:51
2019-02-07 19:53:15,399 - INFO - allennlp.training.trainer - Epoch 3/39
2019-02-07 19:53:15,399 - INFO - allennlp.training.trainer - Peak CPU memory usage MB: 3869.368
2019-02-07 19:53:15,544 - INFO - allennlp.training.trainer - GPU 0 memory usage MB: 825
2019-02-07 19:53:15,545 - INFO - allennlp.training.trainer - Training
2019-02-07 20:06:34,128 - INFO - allennlp.training.trainer - Validating
2019-02-07 20:06:36,435 - INFO - allennlp.training.trainer -                     Training |  Validation
2019-02-07 20:06:36,436 - INFO - allennlp.training.trainer - accuracy3       |     1.000  |     1.000
2019-02-07 20:06:36,436 - INFO - allennlp.training.trainer - gpu_0_memory_MB |   825.000  |       N/A
2019-02-07 20:06:36,436 - INFO - allennlp.training.trainer - cpu_memory_MB   |  3869.368  |       N/A
2019-02-07 20:06:36,436 - INFO - allennlp.training.trainer - loss            |     0.374  |     0.466
2019-02-07 20:06:36,436 - INFO - allennlp.training.trainer - accuracy        |     0.802  |     0.744
2019-02-07 20:06:36,466 - INFO - allennlp.training.trainer - Epoch duration: 00:13:21
2019-02-07 20:06:36,466 - INFO - allennlp.training.trainer - Estimated training time remaining: 8:20:58
2019-02-07 20:06:36,466 - INFO - allennlp.training.trainer - Epoch 4/39
2019-02-07 20:06:36,466 - INFO - allennlp.training.trainer - Peak CPU memory usage MB: 3869.372
2019-02-07 20:06:36,579 - INFO - allennlp.training.trainer - GPU 0 memory usage MB: 404
2019-02-07 20:06:36,580 - INFO - allennlp.training.trainer - Training
2019-02-07 20:08:54,214 - INFO - root - Training interrupted by the user. Attempting to create a model archive using the current best epoch weights.
2019-02-07 20:08:54,214 - INFO - allennlp.models.archival - archiving weights and vocabulary to ./model_params/model.tar.gz
