2019-02-12 06:00:57,017 - INFO - allennlp.common.from_params - instantiating class <class 'allennlp.data.dataset_readers.dataset_reader.DatasetReader'> from params {'mytokenizer': {'type': 'word', 'word_splitter': {'ner': True, 'parse': True, 'pos_tags': True, 'type': 'whitespacy'}}, 'token_indexers': {'pos_tag': {'coarse_tags': True, 'namespace': 'pos', 'type': 'pos_tag'}}, 'type': 'sequence_tagging2', 'word_tag_delimiter': '//'} and extras {}
2019-02-12 06:00:57,018 - INFO - allennlp.common.params - dataset_reader.type = sequence_tagging2
2019-02-12 06:00:57,018 - INFO - allennlp.common.from_params - instantiating class <class 'myallennlp.dataset_readers.sequence_tagging2.SequenceTaggingDatasetReader'> from params {'mytokenizer': {'type': 'word', 'word_splitter': {'ner': True, 'parse': True, 'pos_tags': True, 'type': 'whitespacy'}}, 'token_indexers': {'pos_tag': {'coarse_tags': True, 'namespace': 'pos', 'type': 'pos_tag'}}, 'word_tag_delimiter': '//'} and extras {}
2019-02-12 06:00:57,018 - INFO - allennlp.common.params - dataset_reader.word_tag_delimiter = //
2019-02-12 06:00:57,019 - INFO - allennlp.common.params - dataset_reader.token_delimiter = None
2019-02-12 06:00:57,019 - INFO - allennlp.common.from_params - instantiating class allennlp.data.token_indexers.token_indexer.TokenIndexer from params {'coarse_tags': True, 'namespace': 'pos', 'type': 'pos_tag'} and extras {}
2019-02-12 06:00:57,019 - INFO - allennlp.common.params - dataset_reader.token_indexers.pos_tag.type = pos_tag
2019-02-12 06:00:57,019 - INFO - allennlp.common.from_params - instantiating class allennlp.data.token_indexers.pos_tag_indexer.PosTagIndexer from params {'coarse_tags': True, 'namespace': 'pos'} and extras {}
2019-02-12 06:00:57,020 - INFO - allennlp.common.params - dataset_reader.token_indexers.pos_tag.namespace = pos
2019-02-12 06:00:57,020 - INFO - allennlp.common.params - dataset_reader.token_indexers.pos_tag.coarse_tags = True
2019-02-12 06:00:57,020 - INFO - allennlp.common.params - dataset_reader.lazy = False
2019-02-12 06:00:57,020 - INFO - allennlp.common.from_params - instantiating class <class 'allennlp.data.tokenizers.tokenizer.Tokenizer'> from params {'type': 'word', 'word_splitter': {'ner': True, 'parse': True, 'pos_tags': True, 'type': 'whitespacy'}} and extras {}
2019-02-12 06:00:57,020 - INFO - allennlp.common.params - dataset_reader.mytokenizer.type = word
2019-02-12 06:00:57,021 - INFO - allennlp.common.from_params - instantiating class <class 'allennlp.data.tokenizers.word_tokenizer.WordTokenizer'> from params {'word_splitter': {'ner': True, 'parse': True, 'pos_tags': True, 'type': 'whitespacy'}} and extras {}
2019-02-12 06:00:57,021 - INFO - allennlp.common.from_params - instantiating class <class 'allennlp.data.tokenizers.word_splitter.WordSplitter'> from params {'ner': True, 'parse': True, 'pos_tags': True, 'type': 'whitespacy'} and extras {}
2019-02-12 06:00:57,021 - INFO - allennlp.common.params - dataset_reader.mytokenizer.word_splitter.type = whitespacy
2019-02-12 06:00:57,022 - INFO - allennlp.common.from_params - instantiating class <class 'myallennlp.data.tokenizers.word_splitter.SpacyWordSplitter'> from params {'ner': True, 'parse': True, 'pos_tags': True} and extras {}
2019-02-12 06:00:57,022 - INFO - allennlp.common.params - dataset_reader.mytokenizer.word_splitter.language = en_core_web_sm
2019-02-12 06:00:57,022 - INFO - allennlp.common.params - dataset_reader.mytokenizer.word_splitter.pos_tags = True
2019-02-12 06:00:57,022 - INFO - allennlp.common.params - dataset_reader.mytokenizer.word_splitter.parse = True
2019-02-12 06:00:57,022 - INFO - allennlp.common.params - dataset_reader.mytokenizer.word_splitter.ner = True
2019-02-12 06:00:58,300 - INFO - allennlp.common.params - dataset_reader.mytokenizer.start_tokens = None
2019-02-12 06:00:58,300 - INFO - allennlp.common.params - dataset_reader.mytokenizer.end_tokens = None
2019-02-12 06:00:58,300 - INFO - allennlp.common.params - dataset_reader.use_spacy_directly = False
2019-02-12 06:00:58,301 - INFO - allennlp.common.params - validation_dataset_reader = None
2019-02-12 06:00:58,301 - INFO - allennlp.common.params - train_data_path = ../data/allenTrain.txt
2019-02-12 06:00:58,301 - INFO - allennlp.commands.train - Reading training data from ../data/allenTrain.txt
2019-02-12 06:00:58,302 - INFO - myallennlp.dataset_readers.sequence_tagging2 - Reading instances from lines in file at: ../data/allenTrain.txt
2019-02-12 06:02:51,476 - INFO - allennlp.common.params - validation_data_path = ../data/allenDev.txt
2019-02-12 06:02:51,476 - INFO - allennlp.commands.train - Reading validation data from ../data/allenDev.txt
2019-02-12 06:02:51,477 - INFO - myallennlp.dataset_readers.sequence_tagging2 - Reading instances from lines in file at: ../data/allenDev.txt
2019-02-12 06:03:50,742 - INFO - allennlp.common.params - test_data_path = None
2019-02-12 06:03:50,742 - INFO - allennlp.commands.train - From dataset instances, train, validation will be considered for vocabulary creation.
2019-02-12 06:03:50,742 - INFO - allennlp.common.params - vocabulary.type = None
2019-02-12 06:03:50,742 - INFO - allennlp.common.params - vocabulary.extend = False
2019-02-12 06:03:50,742 - INFO - allennlp.common.params - vocabulary.directory_path = None
2019-02-12 06:03:50,742 - INFO - allennlp.common.params - vocabulary.min_count = None
2019-02-12 06:03:50,743 - INFO - allennlp.common.params - vocabulary.max_vocab_size = None
2019-02-12 06:03:50,743 - INFO - allennlp.common.params - vocabulary.non_padded_namespaces = ('*tags', '*labels')
2019-02-12 06:03:50,743 - INFO - allennlp.common.params - vocabulary.min_pretrained_embeddings = None
2019-02-12 06:03:50,743 - INFO - allennlp.common.params - vocabulary.only_include_pretrained_words = False
2019-02-12 06:03:50,743 - INFO - allennlp.common.params - vocabulary.tokens_to_add = None
2019-02-12 06:03:50,743 - INFO - allennlp.data.vocabulary - Fitting token dictionary from dataset.
2019-02-12 06:03:51,163 - INFO - allennlp.common.from_params - instantiating class <class 'allennlp.models.model.Model'> from params {'Ntags0': 95, 'Ntags1': 5, 'do_crossentropy_weighting': True, 'encoder': {'input_dim': 15, 'type': 'pass_through'}, 'text_field_embedder': {'token_embedders': {'pos_tag': {'embedding_dim': 15, 'type': 'embedding', 'vocab_namespace': 'pos'}}}, 'type': 'simple_tagger2'} and extras {'vocab': Vocabulary with namespaces:  pos, Size: 17 || labels, Size: 2 || Non Padded Namespaces: {'*tags', '*labels'}}
2019-02-12 06:03:51,163 - INFO - allennlp.common.params - model.type = simple_tagger2
2019-02-12 06:03:51,163 - INFO - allennlp.common.from_params - instantiating class <class 'myallennlp.models.simple_tagger2.SimpleTagger2'> from params {'Ntags0': 95, 'Ntags1': 5, 'do_crossentropy_weighting': True, 'encoder': {'input_dim': 15, 'type': 'pass_through'}, 'text_field_embedder': {'token_embedders': {'pos_tag': {'embedding_dim': 15, 'type': 'embedding', 'vocab_namespace': 'pos'}}}} and extras {'vocab': Vocabulary with namespaces:  pos, Size: 17 || labels, Size: 2 || Non Padded Namespaces: {'*tags', '*labels'}}
2019-02-12 06:03:51,164 - INFO - allennlp.common.from_params - instantiating class <class 'allennlp.modules.text_field_embedders.text_field_embedder.TextFieldEmbedder'> from params {'token_embedders': {'pos_tag': {'embedding_dim': 15, 'type': 'embedding', 'vocab_namespace': 'pos'}}} and extras {'vocab': Vocabulary with namespaces:  pos, Size: 17 || labels, Size: 2 || Non Padded Namespaces: {'*tags', '*labels'}}
2019-02-12 06:03:51,164 - INFO - allennlp.common.params - model.text_field_embedder.type = basic
2019-02-12 06:03:51,164 - INFO - allennlp.common.params - model.text_field_embedder.embedder_to_indexer_map = None
2019-02-12 06:03:51,165 - INFO - allennlp.common.params - model.text_field_embedder.allow_unmatched_keys = False
2019-02-12 06:03:51,165 - INFO - allennlp.common.from_params - instantiating class <class 'allennlp.modules.token_embedders.token_embedder.TokenEmbedder'> from params {'embedding_dim': 15, 'type': 'embedding', 'vocab_namespace': 'pos'} and extras {'vocab': Vocabulary with namespaces:  pos, Size: 17 || labels, Size: 2 || Non Padded Namespaces: {'*tags', '*labels'}}
2019-02-12 06:03:51,165 - INFO - allennlp.common.params - model.text_field_embedder.token_embedders.pos_tag.type = embedding
2019-02-12 06:03:51,165 - INFO - allennlp.common.params - model.text_field_embedder.token_embedders.pos_tag.num_embeddings = None
2019-02-12 06:03:51,165 - INFO - allennlp.common.params - model.text_field_embedder.token_embedders.pos_tag.vocab_namespace = pos
2019-02-12 06:03:51,166 - INFO - allennlp.common.params - model.text_field_embedder.token_embedders.pos_tag.embedding_dim = 15
2019-02-12 06:03:51,166 - INFO - allennlp.common.params - model.text_field_embedder.token_embedders.pos_tag.pretrained_file = None
2019-02-12 06:03:51,166 - INFO - allennlp.common.params - model.text_field_embedder.token_embedders.pos_tag.projection_dim = None
2019-02-12 06:03:51,166 - INFO - allennlp.common.params - model.text_field_embedder.token_embedders.pos_tag.trainable = True
2019-02-12 06:03:51,166 - INFO - allennlp.common.params - model.text_field_embedder.token_embedders.pos_tag.padding_index = None
2019-02-12 06:03:51,166 - INFO - allennlp.common.params - model.text_field_embedder.token_embedders.pos_tag.max_norm = None
2019-02-12 06:03:51,166 - INFO - allennlp.common.params - model.text_field_embedder.token_embedders.pos_tag.norm_type = 2.0
2019-02-12 06:03:51,166 - INFO - allennlp.common.params - model.text_field_embedder.token_embedders.pos_tag.scale_grad_by_freq = False
2019-02-12 06:03:51,167 - INFO - allennlp.common.params - model.text_field_embedder.token_embedders.pos_tag.sparse = False
2019-02-12 06:03:51,168 - INFO - allennlp.common.from_params - instantiating class <class 'allennlp.modules.seq2seq_encoders.seq2seq_encoder.Seq2SeqEncoder'> from params {'input_dim': 15, 'type': 'pass_through'} and extras {'vocab': Vocabulary with namespaces:  pos, Size: 17 || labels, Size: 2 || Non Padded Namespaces: {'*tags', '*labels'}}
2019-02-12 06:03:51,168 - INFO - allennlp.common.params - model.encoder.type = pass_through
2019-02-12 06:03:51,168 - INFO - allennlp.common.from_params - instantiating class <class 'allennlp.modules.seq2seq_encoders.pass_through_encoder.PassThroughEncoder'> from params {'input_dim': 15} and extras {'vocab': Vocabulary with namespaces:  pos, Size: 17 || labels, Size: 2 || Non Padded Namespaces: {'*tags', '*labels'}}
2019-02-12 06:03:51,168 - INFO - allennlp.common.params - model.encoder.input_dim = 15
2019-02-12 06:03:51,169 - INFO - allennlp.common.params - model.do_crossentropy_weighting = True
2019-02-12 06:03:51,169 - INFO - allennlp.common.params - model.Ntags0 = 95
2019-02-12 06:03:51,169 - INFO - allennlp.common.params - model.Ntags1 = 5
2019-02-12 06:03:51,169 - INFO - allennlp.nn.initializers - Initializing parameters
2019-02-12 06:03:51,170 - INFO - allennlp.nn.initializers - Done initializing parameters; the following parameters are using their default initialization from their code
2019-02-12 06:03:51,170 - INFO - allennlp.nn.initializers -    tag_projection_layer._module.bias
2019-02-12 06:03:51,170 - INFO - allennlp.nn.initializers -    tag_projection_layer._module.weight
2019-02-12 06:03:51,170 - INFO - allennlp.nn.initializers -    text_field_embedder.token_embedder_pos_tag.weight
2019-02-12 06:03:51,171 - INFO - allennlp.common.from_params - instantiating class <class 'allennlp.data.iterators.data_iterator.DataIterator'> from params {'batch_size': 32, 'type': 'basic'} and extras {}
2019-02-12 06:03:51,171 - INFO - allennlp.common.params - iterator.type = basic
2019-02-12 06:03:51,171 - INFO - allennlp.common.from_params - instantiating class <class 'allennlp.data.iterators.basic_iterator.BasicIterator'> from params {'batch_size': 32} and extras {}
2019-02-12 06:03:51,171 - INFO - allennlp.common.params - iterator.batch_size = 32
2019-02-12 06:03:51,172 - INFO - allennlp.common.params - iterator.instances_per_epoch = None
2019-02-12 06:03:51,172 - INFO - allennlp.common.params - iterator.max_instances_in_memory = None
2019-02-12 06:03:51,172 - INFO - allennlp.common.params - iterator.cache_instances = False
2019-02-12 06:03:51,172 - INFO - allennlp.common.params - iterator.track_epoch = False
2019-02-12 06:03:51,172 - INFO - allennlp.common.params - iterator.maximum_samples_per_batch = None
2019-02-12 06:03:51,172 - INFO - allennlp.common.params - validation_iterator = None
2019-02-12 06:03:51,172 - INFO - allennlp.common.params - trainer.no_grad = ()
2019-02-12 06:03:51,172 - INFO - allennlp.commands.train - Following parameters are Frozen  (without gradient):
2019-02-12 06:03:51,173 - INFO - allennlp.commands.train - Following parameters are Tunable (with gradient):
2019-02-12 06:03:51,173 - INFO - allennlp.commands.train - text_field_embedder.token_embedder_pos_tag.weight
2019-02-12 06:03:51,173 - INFO - allennlp.commands.train - tag_projection_layer._module.weight
2019-02-12 06:03:51,173 - INFO - allennlp.commands.train - tag_projection_layer._module.bias
2019-02-12 06:03:51,173 - INFO - allennlp.common.params - trainer.type = default
2019-02-12 06:03:51,173 - INFO - allennlp.common.params - trainer.patience = 5
2019-02-12 06:03:51,173 - INFO - allennlp.common.params - trainer.validation_metric = -loss
2019-02-12 06:03:51,173 - INFO - allennlp.common.params - trainer.shuffle = True
2019-02-12 06:03:51,173 - INFO - allennlp.common.params - trainer.num_epochs = 40
2019-02-12 06:03:51,174 - INFO - allennlp.common.params - trainer.cuda_device = 0
2019-02-12 06:03:51,174 - INFO - allennlp.common.params - trainer.grad_norm = None
2019-02-12 06:03:51,174 - INFO - allennlp.common.params - trainer.grad_clipping = None
2019-02-12 06:03:51,174 - INFO - allennlp.common.params - trainer.learning_rate_scheduler = None
2019-02-12 06:03:56,322 - INFO - allennlp.common.params - trainer.optimizer = adam
2019-02-12 06:03:56,323 - INFO - allennlp.common.params - parameter_groups = None
2019-02-12 06:03:56,323 - INFO - allennlp.training.optimizers - Number of trainable parameters: 287
2019-02-12 06:03:56,324 - INFO - allennlp.common.params - Converting Params object to dict; logging of default values will not occur when dictionary parameters are used subsequently.
2019-02-12 06:03:56,325 - INFO - allennlp.common.params - CURRENTLY DEFINED PARAMETERS: 
2019-02-12 06:03:56,325 - INFO - allennlp.common.params - trainer.num_serialized_models_to_keep = 20
2019-02-12 06:03:56,325 - INFO - allennlp.common.params - trainer.keep_serialized_model_every_num_seconds = None
2019-02-12 06:03:56,325 - INFO - allennlp.common.params - trainer.model_save_interval = None
2019-02-12 06:03:56,325 - INFO - allennlp.common.params - trainer.summary_interval = 100
2019-02-12 06:03:56,325 - INFO - allennlp.common.params - trainer.histogram_interval = None
2019-02-12 06:03:56,325 - INFO - allennlp.common.params - trainer.should_log_parameter_statistics = True
2019-02-12 06:03:56,326 - INFO - allennlp.common.params - trainer.should_log_learning_rate = False
2019-02-12 06:03:56,326 - INFO - allennlp.common.params - trainer.log_batch_size_period = None
2019-02-12 06:03:56,338 - INFO - allennlp.common.params - evaluate_on_test = False
2019-02-12 06:03:56,339 - INFO - allennlp.training.trainer - Beginning training.
2019-02-12 06:03:56,339 - INFO - allennlp.training.trainer - Epoch 0/39
2019-02-12 06:03:56,339 - INFO - allennlp.training.trainer - Peak CPU memory usage MB: 2609.644
2019-02-12 06:03:56,471 - INFO - allennlp.training.trainer - GPU 0 memory usage MB: 382
2019-02-12 06:03:56,472 - INFO - allennlp.training.trainer - Training
2019-02-12 06:04:00,516 - INFO - allennlp.training.trainer - Validating
2019-02-12 06:04:02,266 - INFO - allennlp.training.trainer -                     Training |  Validation
2019-02-12 06:04:02,267 - INFO - allennlp.training.trainer - cpu_memory_MB   |  2609.644  |       N/A
2019-02-12 06:04:02,267 - INFO - allennlp.training.trainer - gpu_0_memory_MB |   382.000  |       N/A
2019-02-12 06:04:02,267 - INFO - allennlp.training.trainer - accuracy        |     0.760  |     0.866
2019-02-12 06:04:02,267 - INFO - allennlp.training.trainer - accuracy3       |     1.000  |     1.000
2019-02-12 06:04:02,267 - INFO - allennlp.training.trainer - loss            |     0.592  |     0.551
2019-02-12 06:04:02,269 - INFO - allennlp.training.trainer - Best validation performance so far. Copying weights to './model_params/best.th'.
2019-02-12 06:04:02,270 - INFO - allennlp.training.trainer - Epoch duration: 00:00:05
2019-02-12 06:04:02,271 - INFO - allennlp.training.trainer - Estimated training time remaining: 0:03:51
2019-02-12 06:04:02,271 - INFO - allennlp.training.trainer - Epoch 1/39
2019-02-12 06:04:02,271 - INFO - allennlp.training.trainer - Peak CPU memory usage MB: 2630.092
2019-02-12 06:04:02,379 - INFO - allennlp.training.trainer - GPU 0 memory usage MB: 384
2019-02-12 06:04:02,380 - INFO - allennlp.training.trainer - Training
2019-02-12 06:04:05,848 - INFO - allennlp.training.trainer - Validating
2019-02-12 06:04:07,283 - INFO - allennlp.training.trainer -                     Training |  Validation
2019-02-12 06:04:07,284 - INFO - allennlp.training.trainer - cpu_memory_MB   |  2630.092  |       N/A
2019-02-12 06:04:07,284 - INFO - allennlp.training.trainer - gpu_0_memory_MB |   384.000  |       N/A
2019-02-12 06:04:07,284 - INFO - allennlp.training.trainer - accuracy        |     0.859  |     0.866
2019-02-12 06:04:07,284 - INFO - allennlp.training.trainer - accuracy3       |     1.000  |     1.000
2019-02-12 06:04:07,284 - INFO - allennlp.training.trainer - loss            |     0.461  |     0.523
2019-02-12 06:04:07,291 - INFO - allennlp.training.trainer - Best validation performance so far. Copying weights to './model_params/best.th'.
2019-02-12 06:04:07,292 - INFO - allennlp.training.trainer - Epoch duration: 00:00:05
2019-02-12 06:04:07,292 - INFO - allennlp.training.trainer - Estimated training time remaining: 0:03:28
2019-02-12 06:04:07,293 - INFO - allennlp.training.trainer - Epoch 2/39
2019-02-12 06:04:07,293 - INFO - allennlp.training.trainer - Peak CPU memory usage MB: 2630.292
2019-02-12 06:04:07,472 - INFO - allennlp.training.trainer - GPU 0 memory usage MB: 384
2019-02-12 06:04:07,473 - INFO - allennlp.training.trainer - Training
2019-02-12 06:04:10,867 - INFO - allennlp.training.trainer - Validating
2019-02-12 06:04:12,069 - INFO - allennlp.training.trainer -                     Training |  Validation
2019-02-12 06:04:12,070 - INFO - allennlp.training.trainer - cpu_memory_MB   |  2630.292  |       N/A
2019-02-12 06:04:12,070 - INFO - allennlp.training.trainer - gpu_0_memory_MB |   384.000  |       N/A
2019-02-12 06:04:12,076 - INFO - allennlp.training.trainer - accuracy        |     0.859  |     0.866
2019-02-12 06:04:12,076 - INFO - allennlp.training.trainer - accuracy3       |     1.000  |     1.000
2019-02-12 06:04:12,076 - INFO - allennlp.training.trainer - loss            |     0.439  |     0.519
2019-02-12 06:04:12,078 - INFO - allennlp.training.trainer - Best validation performance so far. Copying weights to './model_params/best.th'.
2019-02-12 06:04:12,079 - INFO - allennlp.training.trainer - Epoch duration: 00:00:04
2019-02-12 06:04:12,079 - INFO - allennlp.training.trainer - Estimated training time remaining: 0:03:14
2019-02-12 06:04:12,079 - INFO - allennlp.training.trainer - Epoch 3/39
2019-02-12 06:04:12,080 - INFO - allennlp.training.trainer - Peak CPU memory usage MB: 2630.352
2019-02-12 06:04:12,267 - INFO - allennlp.training.trainer - GPU 0 memory usage MB: 384
2019-02-12 06:04:12,268 - INFO - allennlp.training.trainer - Training
2019-02-12 06:04:15,455 - INFO - allennlp.training.trainer - Validating
2019-02-12 06:04:16,707 - INFO - allennlp.training.trainer -                     Training |  Validation
2019-02-12 06:04:16,711 - INFO - allennlp.training.trainer - cpu_memory_MB   |  2630.352  |       N/A
2019-02-12 06:04:16,711 - INFO - allennlp.training.trainer - gpu_0_memory_MB |   384.000  |       N/A
2019-02-12 06:04:16,711 - INFO - allennlp.training.trainer - accuracy        |     0.859  |     0.866
2019-02-12 06:04:16,711 - INFO - allennlp.training.trainer - accuracy3       |     1.000  |     1.000
2019-02-12 06:04:16,711 - INFO - allennlp.training.trainer - loss            |     0.436  |     0.519
2019-02-12 06:04:16,713 - INFO - allennlp.training.trainer - Best validation performance so far. Copying weights to './model_params/best.th'.
2019-02-12 06:04:16,714 - INFO - allennlp.training.trainer - Epoch duration: 00:00:04
2019-02-12 06:04:16,714 - INFO - allennlp.training.trainer - Estimated training time remaining: 0:03:03
2019-02-12 06:04:16,714 - INFO - allennlp.training.trainer - Epoch 4/39
2019-02-12 06:04:16,714 - INFO - allennlp.training.trainer - Peak CPU memory usage MB: 2630.42
2019-02-12 06:04:16,845 - INFO - allennlp.training.trainer - GPU 0 memory usage MB: 384
2019-02-12 06:04:16,846 - INFO - allennlp.training.trainer - Training
2019-02-12 06:04:20,564 - INFO - allennlp.training.trainer - Validating
2019-02-12 06:04:21,855 - INFO - allennlp.training.trainer -                     Training |  Validation
2019-02-12 06:04:21,858 - INFO - allennlp.training.trainer - cpu_memory_MB   |  2630.420  |       N/A
2019-02-12 06:04:21,858 - INFO - allennlp.training.trainer - gpu_0_memory_MB |   384.000  |       N/A
2019-02-12 06:04:21,858 - INFO - allennlp.training.trainer - accuracy        |     0.859  |     0.866
2019-02-12 06:04:21,859 - INFO - allennlp.training.trainer - accuracy3       |     1.000  |     1.000
2019-02-12 06:04:21,860 - INFO - allennlp.training.trainer - loss            |     0.435  |     0.520
2019-02-12 06:04:21,863 - INFO - allennlp.training.trainer - Epoch duration: 00:00:05
2019-02-12 06:04:21,864 - INFO - allennlp.training.trainer - Estimated training time remaining: 0:02:58
2019-02-12 06:04:21,864 - INFO - allennlp.training.trainer - Epoch 5/39
2019-02-12 06:04:21,864 - INFO - allennlp.training.trainer - Peak CPU memory usage MB: 2630.576
2019-02-12 06:04:22,057 - INFO - allennlp.training.trainer - GPU 0 memory usage MB: 384
2019-02-12 06:04:22,057 - INFO - allennlp.training.trainer - Training
2019-02-12 06:04:25,524 - INFO - allennlp.training.trainer - Validating
2019-02-12 06:04:26,709 - INFO - allennlp.training.trainer -                     Training |  Validation
2019-02-12 06:04:26,710 - INFO - allennlp.training.trainer - cpu_memory_MB   |  2630.576  |       N/A
2019-02-12 06:04:26,710 - INFO - allennlp.training.trainer - gpu_0_memory_MB |   384.000  |       N/A
2019-02-12 06:04:26,710 - INFO - allennlp.training.trainer - accuracy        |     0.859  |     0.866
2019-02-12 06:04:26,710 - INFO - allennlp.training.trainer - accuracy3       |     1.000  |     1.000
2019-02-12 06:04:26,710 - INFO - allennlp.training.trainer - loss            |     0.434  |     0.517
2019-02-12 06:04:26,712 - INFO - allennlp.training.trainer - Best validation performance so far. Copying weights to './model_params/best.th'.
2019-02-12 06:04:26,714 - INFO - allennlp.training.trainer - Epoch duration: 00:00:04
2019-02-12 06:04:26,714 - INFO - allennlp.training.trainer - Estimated training time remaining: 0:02:52
2019-02-12 06:04:26,714 - INFO - allennlp.training.trainer - Epoch 6/39
2019-02-12 06:04:26,715 - INFO - allennlp.training.trainer - Peak CPU memory usage MB: 2630.696
2019-02-12 06:04:26,915 - INFO - allennlp.training.trainer - GPU 0 memory usage MB: 384
2019-02-12 06:04:26,915 - INFO - allennlp.training.trainer - Training
2019-02-12 06:04:30,540 - INFO - allennlp.training.trainer - Validating
2019-02-12 06:04:31,948 - INFO - allennlp.training.trainer -                     Training |  Validation
2019-02-12 06:04:31,952 - INFO - allennlp.training.trainer - cpu_memory_MB   |  2630.696  |       N/A
2019-02-12 06:04:31,952 - INFO - allennlp.training.trainer - gpu_0_memory_MB |   384.000  |       N/A
2019-02-12 06:04:31,952 - INFO - allennlp.training.trainer - accuracy        |     0.859  |     0.866
2019-02-12 06:04:31,952 - INFO - allennlp.training.trainer - accuracy3       |     1.000  |     1.000
2019-02-12 06:04:31,952 - INFO - allennlp.training.trainer - loss            |     0.434  |     0.520
2019-02-12 06:04:31,954 - INFO - allennlp.training.trainer - Epoch duration: 00:00:05
2019-02-12 06:04:31,954 - INFO - allennlp.training.trainer - Estimated training time remaining: 0:02:47
2019-02-12 06:04:31,954 - INFO - allennlp.training.trainer - Epoch 7/39
2019-02-12 06:04:31,955 - INFO - allennlp.training.trainer - Peak CPU memory usage MB: 2630.716
2019-02-12 06:04:32,097 - INFO - allennlp.training.trainer - GPU 0 memory usage MB: 384
2019-02-12 06:04:32,098 - INFO - allennlp.training.trainer - Training
2019-02-12 06:04:35,375 - INFO - allennlp.training.trainer - Validating
2019-02-12 06:04:36,842 - INFO - allennlp.training.trainer -                     Training |  Validation
2019-02-12 06:04:36,843 - INFO - allennlp.training.trainer - cpu_memory_MB   |  2630.716  |       N/A
2019-02-12 06:04:36,843 - INFO - allennlp.training.trainer - gpu_0_memory_MB |   384.000  |       N/A
2019-02-12 06:04:36,844 - INFO - allennlp.training.trainer - accuracy        |     0.859  |     0.866
2019-02-12 06:04:36,844 - INFO - allennlp.training.trainer - accuracy3       |     1.000  |     1.000
2019-02-12 06:04:36,845 - INFO - allennlp.training.trainer - loss            |     0.434  |     0.520
2019-02-12 06:04:36,847 - INFO - allennlp.training.trainer - Epoch duration: 00:00:04
2019-02-12 06:04:36,849 - INFO - allennlp.training.trainer - Estimated training time remaining: 0:02:42
2019-02-12 06:04:36,850 - INFO - allennlp.training.trainer - Epoch 8/39
2019-02-12 06:04:36,850 - INFO - allennlp.training.trainer - Peak CPU memory usage MB: 2630.804
2019-02-12 06:04:36,981 - INFO - allennlp.training.trainer - GPU 0 memory usage MB: 384
2019-02-12 06:04:36,982 - INFO - allennlp.training.trainer - Training
2019-02-12 06:04:40,451 - INFO - allennlp.training.trainer - Validating
2019-02-12 06:04:41,700 - INFO - allennlp.training.trainer -                     Training |  Validation
2019-02-12 06:04:41,707 - INFO - allennlp.training.trainer - cpu_memory_MB   |  2630.804  |       N/A
2019-02-12 06:04:41,707 - INFO - allennlp.training.trainer - gpu_0_memory_MB |   384.000  |       N/A
2019-02-12 06:04:41,707 - INFO - allennlp.training.trainer - accuracy        |     0.859  |     0.866
2019-02-12 06:04:41,707 - INFO - allennlp.training.trainer - accuracy3       |     1.000  |     1.000
2019-02-12 06:04:41,708 - INFO - allennlp.training.trainer - loss            |     0.434  |     0.518
2019-02-12 06:04:41,710 - INFO - allennlp.training.trainer - Epoch duration: 00:00:04
2019-02-12 06:04:41,710 - INFO - allennlp.training.trainer - Estimated training time remaining: 0:02:36
2019-02-12 06:04:41,710 - INFO - allennlp.training.trainer - Epoch 9/39
2019-02-12 06:04:41,710 - INFO - allennlp.training.trainer - Peak CPU memory usage MB: 2630.808
2019-02-12 06:04:41,913 - INFO - allennlp.training.trainer - GPU 0 memory usage MB: 384
2019-02-12 06:04:41,914 - INFO - allennlp.training.trainer - Training
2019-02-12 06:04:44,920 - INFO - allennlp.training.trainer - Validating
2019-02-12 06:04:46,086 - INFO - allennlp.training.trainer -                     Training |  Validation
2019-02-12 06:04:46,087 - INFO - allennlp.training.trainer - cpu_memory_MB   |  2630.808  |       N/A
2019-02-12 06:04:46,087 - INFO - allennlp.training.trainer - gpu_0_memory_MB |   384.000  |       N/A
2019-02-12 06:04:46,087 - INFO - allennlp.training.trainer - accuracy        |     0.859  |     0.866
2019-02-12 06:04:46,087 - INFO - allennlp.training.trainer - accuracy3       |     1.000  |     1.000
2019-02-12 06:04:46,087 - INFO - allennlp.training.trainer - loss            |     0.434  |     0.517
2019-02-12 06:04:46,090 - INFO - allennlp.training.trainer - Best validation performance so far. Copying weights to './model_params/best.th'.
2019-02-12 06:04:46,090 - INFO - allennlp.training.trainer - Epoch duration: 00:00:04
2019-02-12 06:04:46,090 - INFO - allennlp.training.trainer - Estimated training time remaining: 0:02:29
2019-02-12 06:04:46,091 - INFO - allennlp.training.trainer - Epoch 10/39
2019-02-12 06:04:46,091 - INFO - allennlp.training.trainer - Peak CPU memory usage MB: 2630.88
2019-02-12 06:04:46,239 - INFO - allennlp.training.trainer - GPU 0 memory usage MB: 384
2019-02-12 06:04:46,240 - INFO - allennlp.training.trainer - Training
2019-02-12 06:04:49,474 - INFO - allennlp.training.trainer - Validating
2019-02-12 06:04:50,850 - INFO - allennlp.training.trainer -                     Training |  Validation
2019-02-12 06:04:50,851 - INFO - allennlp.training.trainer - cpu_memory_MB   |  2630.880  |       N/A
2019-02-12 06:04:50,851 - INFO - allennlp.training.trainer - gpu_0_memory_MB |   384.000  |       N/A
2019-02-12 06:04:50,851 - INFO - allennlp.training.trainer - accuracy        |     0.859  |     0.866
2019-02-12 06:04:50,851 - INFO - allennlp.training.trainer - accuracy3       |     1.000  |     1.000
2019-02-12 06:04:50,851 - INFO - allennlp.training.trainer - loss            |     0.434  |     0.518
2019-02-12 06:04:50,853 - INFO - allennlp.training.trainer - Epoch duration: 00:00:04
2019-02-12 06:04:50,853 - INFO - allennlp.training.trainer - Estimated training time remaining: 0:02:23
2019-02-12 06:04:50,853 - INFO - allennlp.training.trainer - Epoch 11/39
2019-02-12 06:04:50,853 - INFO - allennlp.training.trainer - Peak CPU memory usage MB: 2630.912
2019-02-12 06:04:50,968 - INFO - allennlp.training.trainer - GPU 0 memory usage MB: 384
2019-02-12 06:04:50,968 - INFO - allennlp.training.trainer - Training
2019-02-12 06:04:54,636 - INFO - allennlp.training.trainer - Validating
2019-02-12 06:04:56,138 - INFO - allennlp.training.trainer -                     Training |  Validation
2019-02-12 06:04:56,141 - INFO - allennlp.training.trainer - cpu_memory_MB   |  2630.912  |       N/A
2019-02-12 06:04:56,141 - INFO - allennlp.training.trainer - gpu_0_memory_MB |   384.000  |       N/A
2019-02-12 06:04:56,141 - INFO - allennlp.training.trainer - accuracy        |     0.859  |     0.866
2019-02-12 06:04:56,142 - INFO - allennlp.training.trainer - accuracy3       |     1.000  |     1.000
2019-02-12 06:04:56,142 - INFO - allennlp.training.trainer - loss            |     0.435  |     0.517
2019-02-12 06:04:56,148 - INFO - allennlp.training.trainer - Epoch duration: 00:00:05
2019-02-12 06:04:56,148 - INFO - allennlp.training.trainer - Estimated training time remaining: 0:02:19
2019-02-12 06:04:56,148 - INFO - allennlp.training.trainer - Epoch 12/39
2019-02-12 06:04:56,149 - INFO - allennlp.training.trainer - Peak CPU memory usage MB: 2630.912
2019-02-12 06:04:56,340 - INFO - allennlp.training.trainer - GPU 0 memory usage MB: 384
2019-02-12 06:04:56,341 - INFO - allennlp.training.trainer - Training
2019-02-12 06:04:59,442 - INFO - allennlp.training.trainer - Validating
2019-02-12 06:05:00,898 - INFO - allennlp.training.trainer -                     Training |  Validation
2019-02-12 06:05:00,904 - INFO - allennlp.training.trainer - cpu_memory_MB   |  2630.912  |       N/A
2019-02-12 06:05:00,904 - INFO - allennlp.training.trainer - gpu_0_memory_MB |   384.000  |       N/A
2019-02-12 06:05:00,904 - INFO - allennlp.training.trainer - accuracy        |     0.859  |     0.866
2019-02-12 06:05:00,904 - INFO - allennlp.training.trainer - accuracy3       |     1.000  |     1.000
2019-02-12 06:05:00,905 - INFO - allennlp.training.trainer - loss            |     0.434  |     0.517
2019-02-12 06:05:00,906 - INFO - allennlp.training.trainer - Epoch duration: 00:00:04
2019-02-12 06:05:00,907 - INFO - allennlp.training.trainer - Estimated training time remaining: 0:02:14
2019-02-12 06:05:00,907 - INFO - allennlp.training.trainer - Epoch 13/39
2019-02-12 06:05:00,907 - INFO - allennlp.training.trainer - Peak CPU memory usage MB: 2630.912
2019-02-12 06:05:01,103 - INFO - allennlp.training.trainer - GPU 0 memory usage MB: 384
2019-02-12 06:05:01,104 - INFO - allennlp.training.trainer - Training
2019-02-12 06:05:04,442 - INFO - allennlp.training.trainer - Validating
2019-02-12 06:05:05,821 - INFO - allennlp.training.trainer -                     Training |  Validation
2019-02-12 06:05:05,822 - INFO - allennlp.training.trainer - cpu_memory_MB   |  2630.912  |       N/A
2019-02-12 06:05:05,822 - INFO - allennlp.training.trainer - gpu_0_memory_MB |   384.000  |       N/A
2019-02-12 06:05:05,822 - INFO - allennlp.training.trainer - accuracy        |     0.859  |     0.865
2019-02-12 06:05:05,823 - INFO - allennlp.training.trainer - accuracy3       |     1.000  |     1.000
2019-02-12 06:05:05,823 - INFO - allennlp.training.trainer - loss            |     0.435  |     0.516
2019-02-12 06:05:05,825 - INFO - allennlp.training.trainer - Best validation performance so far. Copying weights to './model_params/best.th'.
2019-02-12 06:05:05,829 - INFO - allennlp.training.trainer - Epoch duration: 00:00:04
2019-02-12 06:05:05,830 - INFO - allennlp.training.trainer - Estimated training time remaining: 0:02:09
2019-02-12 06:05:05,830 - INFO - allennlp.training.trainer - Epoch 14/39
2019-02-12 06:05:05,830 - INFO - allennlp.training.trainer - Peak CPU memory usage MB: 2630.92
2019-02-12 06:05:06,035 - INFO - allennlp.training.trainer - GPU 0 memory usage MB: 384
2019-02-12 06:05:06,035 - INFO - allennlp.training.trainer - Training
2019-02-12 06:05:09,212 - INFO - allennlp.training.trainer - Validating
2019-02-12 06:05:10,299 - INFO - allennlp.training.trainer -                     Training |  Validation
2019-02-12 06:05:10,301 - INFO - allennlp.training.trainer - cpu_memory_MB   |  2630.920  |       N/A
2019-02-12 06:05:10,301 - INFO - allennlp.training.trainer - gpu_0_memory_MB |   384.000  |       N/A
2019-02-12 06:05:10,301 - INFO - allennlp.training.trainer - accuracy        |     0.859  |     0.865
2019-02-12 06:05:10,301 - INFO - allennlp.training.trainer - accuracy3       |     1.000  |     1.000
2019-02-12 06:05:10,301 - INFO - allennlp.training.trainer - loss            |     0.434  |     0.518
2019-02-12 06:05:10,305 - INFO - allennlp.training.trainer - Epoch duration: 00:00:04
2019-02-12 06:05:10,305 - INFO - allennlp.training.trainer - Estimated training time remaining: 0:02:03
2019-02-12 06:05:10,305 - INFO - allennlp.training.trainer - Epoch 15/39
2019-02-12 06:05:10,305 - INFO - allennlp.training.trainer - Peak CPU memory usage MB: 2630.92
2019-02-12 06:05:10,496 - INFO - allennlp.training.trainer - GPU 0 memory usage MB: 384
2019-02-12 06:05:10,496 - INFO - allennlp.training.trainer - Training
2019-02-12 06:05:13,779 - INFO - allennlp.training.trainer - Validating
2019-02-12 06:05:14,887 - INFO - allennlp.training.trainer -                     Training |  Validation
2019-02-12 06:05:14,888 - INFO - allennlp.training.trainer - cpu_memory_MB   |  2630.920  |       N/A
2019-02-12 06:05:14,888 - INFO - allennlp.training.trainer - gpu_0_memory_MB |   384.000  |       N/A
2019-02-12 06:05:14,888 - INFO - allennlp.training.trainer - accuracy        |     0.859  |     0.865
2019-02-12 06:05:14,888 - INFO - allennlp.training.trainer - accuracy3       |     1.000  |     1.000
2019-02-12 06:05:14,888 - INFO - allennlp.training.trainer - loss            |     0.434  |     0.518
2019-02-12 06:05:14,890 - INFO - allennlp.training.trainer - Epoch duration: 00:00:04
2019-02-12 06:05:14,891 - INFO - allennlp.training.trainer - Estimated training time remaining: 0:01:57
2019-02-12 06:05:14,891 - INFO - allennlp.training.trainer - Epoch 16/39
2019-02-12 06:05:14,891 - INFO - allennlp.training.trainer - Peak CPU memory usage MB: 2630.92
2019-02-12 06:05:15,008 - INFO - allennlp.training.trainer - GPU 0 memory usage MB: 384
2019-02-12 06:05:15,008 - INFO - allennlp.training.trainer - Training
2019-02-12 06:05:18,792 - INFO - allennlp.training.trainer - Validating
2019-02-12 06:05:19,894 - INFO - allennlp.training.trainer -                     Training |  Validation
2019-02-12 06:05:19,895 - INFO - allennlp.training.trainer - cpu_memory_MB   |  2630.920  |       N/A
2019-02-12 06:05:19,895 - INFO - allennlp.training.trainer - gpu_0_memory_MB |   384.000  |       N/A
2019-02-12 06:05:19,895 - INFO - allennlp.training.trainer - accuracy        |     0.859  |     0.865
2019-02-12 06:05:19,896 - INFO - allennlp.training.trainer - accuracy3       |     1.000  |     1.000
2019-02-12 06:05:19,896 - INFO - allennlp.training.trainer - loss            |     0.434  |     0.516
2019-02-12 06:05:19,898 - INFO - allennlp.training.trainer - Epoch duration: 00:00:05
2019-02-12 06:05:19,898 - INFO - allennlp.training.trainer - Estimated training time remaining: 0:01:53
2019-02-12 06:05:19,898 - INFO - allennlp.training.trainer - Epoch 17/39
2019-02-12 06:05:19,898 - INFO - allennlp.training.trainer - Peak CPU memory usage MB: 2630.952
2019-02-12 06:05:20,001 - INFO - allennlp.training.trainer - GPU 0 memory usage MB: 384
2019-02-12 06:05:20,002 - INFO - allennlp.training.trainer - Training
2019-02-12 06:05:23,151 - INFO - allennlp.training.trainer - Validating
2019-02-12 06:05:24,587 - INFO - allennlp.training.trainer -                     Training |  Validation
2019-02-12 06:05:24,588 - INFO - allennlp.training.trainer - cpu_memory_MB   |  2630.952  |       N/A
2019-02-12 06:05:24,588 - INFO - allennlp.training.trainer - gpu_0_memory_MB |   384.000  |       N/A
2019-02-12 06:05:24,588 - INFO - allennlp.training.trainer - accuracy        |     0.859  |     0.865
2019-02-12 06:05:24,588 - INFO - allennlp.training.trainer - accuracy3       |     1.000  |     1.000
2019-02-12 06:05:24,588 - INFO - allennlp.training.trainer - loss            |     0.435  |     0.519
2019-02-12 06:05:24,590 - INFO - allennlp.training.trainer - Epoch duration: 00:00:04
2019-02-12 06:05:24,590 - INFO - allennlp.training.trainer - Estimated training time remaining: 0:01:47
2019-02-12 06:05:24,590 - INFO - allennlp.training.trainer - Epoch 18/39
2019-02-12 06:05:24,590 - INFO - allennlp.training.trainer - Peak CPU memory usage MB: 2630.952
2019-02-12 06:05:24,792 - INFO - allennlp.training.trainer - GPU 0 memory usage MB: 384
2019-02-12 06:05:24,793 - INFO - allennlp.training.trainer - Training
2019-02-12 06:05:28,431 - INFO - allennlp.training.trainer - Validating
2019-02-12 06:05:29,864 - INFO - allennlp.training.trainer - Ran out of patience.  Stopping training.
2019-02-12 06:05:29,864 - INFO - allennlp.models.archival - archiving weights and vocabulary to ./model_params/model.tar.gz
2019-02-12 06:05:29,873 - INFO - allennlp.commands.train - Loading the best epoch weights.
2019-02-12 06:05:29,876 - INFO - allennlp.common.util - Metrics: {
  "peak_cpu_memory_MB": 2630.952,
  "peak_gpu_0_memory_MB": 384,
  "training_duration": "00:01:28",
  "training_start_epoch": 0,
  "training_epochs": 17,
  "epoch": 17,
  "training_accuracy": 0.8588620587934284,
  "training_accuracy3": 1.0,
  "training_loss": 0.43524693001223647,
  "training_cpu_memory_MB": 2630.952,
  "training_gpu_0_memory_MB": 384,
  "validation_accuracy": 0.8650270081306314,
  "validation_accuracy3": 1.0,
  "validation_loss": 0.5187667212924179,
  "best_epoch": 13,
  "best_validation_accuracy": 0.8650270081306314,
  "best_validation_accuracy3": 1.0,
  "best_validation_loss": 0.5158345887855608
}
Token batch process time:
112.46051692962646
Token batch process time:
58.58814835548401
