2019-02-12 04:32:32,844 - INFO - allennlp.common.from_params - instantiating class <class 'allennlp.data.dataset_readers.dataset_reader.DatasetReader'> from params {'mytokenizer': {'type': 'word', 'word_splitter': {'ner': True, 'parse': True, 'pos_tags': True, 'type': 'whitespacy'}}, 'token_indexers': {'dependency_label': {'namespace': 'dependencies', 'type': 'dependency_label'}, 'ner_tag': {'namespace': 'ner', 'type': 'ner_tag'}, 'pos_tag': {'coarse_tags': True, 'namespace': 'pos', 'type': 'pos_tag'}, 'tokens': {'lowercase_tokens': True, 'type': 'single_id'}}, 'type': 'sequence_tagging2', 'word_tag_delimiter': '//'} and extras {}
2019-02-12 04:32:32,845 - INFO - allennlp.common.params - dataset_reader.type = sequence_tagging2
2019-02-12 04:32:32,845 - INFO - allennlp.common.from_params - instantiating class <class 'myallennlp.dataset_readers.sequence_tagging2.SequenceTaggingDatasetReader'> from params {'mytokenizer': {'type': 'word', 'word_splitter': {'ner': True, 'parse': True, 'pos_tags': True, 'type': 'whitespacy'}}, 'token_indexers': {'dependency_label': {'namespace': 'dependencies', 'type': 'dependency_label'}, 'ner_tag': {'namespace': 'ner', 'type': 'ner_tag'}, 'pos_tag': {'coarse_tags': True, 'namespace': 'pos', 'type': 'pos_tag'}, 'tokens': {'lowercase_tokens': True, 'type': 'single_id'}}, 'word_tag_delimiter': '//'} and extras {}
2019-02-12 04:32:32,845 - INFO - allennlp.common.params - dataset_reader.word_tag_delimiter = //
2019-02-12 04:32:32,845 - INFO - allennlp.common.params - dataset_reader.token_delimiter = None
2019-02-12 04:32:32,845 - INFO - allennlp.common.from_params - instantiating class allennlp.data.token_indexers.token_indexer.TokenIndexer from params {'namespace': 'dependencies', 'type': 'dependency_label'} and extras {}
2019-02-12 04:32:32,846 - INFO - allennlp.common.params - dataset_reader.token_indexers.dependency_label.type = dependency_label
2019-02-12 04:32:32,846 - INFO - allennlp.common.from_params - instantiating class allennlp.data.token_indexers.dep_label_indexer.DepLabelIndexer from params {'namespace': 'dependencies'} and extras {}
2019-02-12 04:32:32,846 - INFO - allennlp.common.params - dataset_reader.token_indexers.dependency_label.namespace = dependencies
2019-02-12 04:32:32,846 - INFO - allennlp.common.from_params - instantiating class allennlp.data.token_indexers.token_indexer.TokenIndexer from params {'namespace': 'ner', 'type': 'ner_tag'} and extras {}
2019-02-12 04:32:32,846 - INFO - allennlp.common.params - dataset_reader.token_indexers.ner_tag.type = ner_tag
2019-02-12 04:32:32,847 - INFO - allennlp.common.from_params - instantiating class allennlp.data.token_indexers.ner_tag_indexer.NerTagIndexer from params {'namespace': 'ner'} and extras {}
2019-02-12 04:32:32,847 - INFO - allennlp.common.params - dataset_reader.token_indexers.ner_tag.namespace = ner
2019-02-12 04:32:32,847 - INFO - allennlp.common.from_params - instantiating class allennlp.data.token_indexers.token_indexer.TokenIndexer from params {'coarse_tags': True, 'namespace': 'pos', 'type': 'pos_tag'} and extras {}
2019-02-12 04:32:32,847 - INFO - allennlp.common.params - dataset_reader.token_indexers.pos_tag.type = pos_tag
2019-02-12 04:32:32,847 - INFO - allennlp.common.from_params - instantiating class allennlp.data.token_indexers.pos_tag_indexer.PosTagIndexer from params {'coarse_tags': True, 'namespace': 'pos'} and extras {}
2019-02-12 04:32:32,847 - INFO - allennlp.common.params - dataset_reader.token_indexers.pos_tag.namespace = pos
2019-02-12 04:32:32,848 - INFO - allennlp.common.params - dataset_reader.token_indexers.pos_tag.coarse_tags = True
2019-02-12 04:32:32,848 - INFO - allennlp.common.from_params - instantiating class allennlp.data.token_indexers.token_indexer.TokenIndexer from params {'lowercase_tokens': True, 'type': 'single_id'} and extras {}
2019-02-12 04:32:32,848 - INFO - allennlp.common.params - dataset_reader.token_indexers.tokens.type = single_id
2019-02-12 04:32:32,848 - INFO - allennlp.common.from_params - instantiating class allennlp.data.token_indexers.single_id_token_indexer.SingleIdTokenIndexer from params {'lowercase_tokens': True} and extras {}
2019-02-12 04:32:32,848 - INFO - allennlp.common.params - dataset_reader.token_indexers.tokens.namespace = tokens
2019-02-12 04:32:32,848 - INFO - allennlp.common.params - dataset_reader.token_indexers.tokens.lowercase_tokens = True
2019-02-12 04:32:32,848 - INFO - allennlp.common.params - dataset_reader.token_indexers.tokens.start_tokens = None
2019-02-12 04:32:32,849 - INFO - allennlp.common.params - dataset_reader.token_indexers.tokens.end_tokens = None
2019-02-12 04:32:32,849 - INFO - allennlp.common.params - dataset_reader.lazy = False
2019-02-12 04:32:32,849 - INFO - allennlp.common.from_params - instantiating class <class 'allennlp.data.tokenizers.tokenizer.Tokenizer'> from params {'type': 'word', 'word_splitter': {'ner': True, 'parse': True, 'pos_tags': True, 'type': 'whitespacy'}} and extras {}
2019-02-12 04:32:32,849 - INFO - allennlp.common.params - dataset_reader.mytokenizer.type = word
2019-02-12 04:32:32,849 - INFO - allennlp.common.from_params - instantiating class <class 'allennlp.data.tokenizers.word_tokenizer.WordTokenizer'> from params {'word_splitter': {'ner': True, 'parse': True, 'pos_tags': True, 'type': 'whitespacy'}} and extras {}
2019-02-12 04:32:32,850 - INFO - allennlp.common.from_params - instantiating class <class 'allennlp.data.tokenizers.word_splitter.WordSplitter'> from params {'ner': True, 'parse': True, 'pos_tags': True, 'type': 'whitespacy'} and extras {}
2019-02-12 04:32:32,850 - INFO - allennlp.common.params - dataset_reader.mytokenizer.word_splitter.type = whitespacy
2019-02-12 04:32:32,850 - INFO - allennlp.common.from_params - instantiating class <class 'myallennlp.data.tokenizers.word_splitter.SpacyWordSplitter'> from params {'ner': True, 'parse': True, 'pos_tags': True} and extras {}
2019-02-12 04:32:32,850 - INFO - allennlp.common.params - dataset_reader.mytokenizer.word_splitter.language = en_core_web_sm
2019-02-12 04:32:32,850 - INFO - allennlp.common.params - dataset_reader.mytokenizer.word_splitter.pos_tags = True
2019-02-12 04:32:32,850 - INFO - allennlp.common.params - dataset_reader.mytokenizer.word_splitter.parse = True
2019-02-12 04:32:32,850 - INFO - allennlp.common.params - dataset_reader.mytokenizer.word_splitter.ner = True
2019-02-12 04:32:33,407 - INFO - allennlp.common.params - dataset_reader.mytokenizer.start_tokens = None
2019-02-12 04:32:33,407 - INFO - allennlp.common.params - dataset_reader.mytokenizer.end_tokens = None
2019-02-12 04:32:33,407 - INFO - allennlp.common.params - dataset_reader.use_spacy_directly = False
2019-02-12 04:32:33,407 - INFO - allennlp.common.params - validation_dataset_reader = None
2019-02-12 04:32:33,407 - INFO - allennlp.common.params - train_data_path = ../data/allenTrain.txt
2019-02-12 04:32:33,407 - INFO - allennlp.commands.train - Reading training data from ../data/allenTrain.txt
2019-02-12 04:32:33,408 - INFO - myallennlp.dataset_readers.sequence_tagging2 - Reading instances from lines in file at: ../data/allenTrain.txt
2019-02-12 04:46:04,723 - INFO - allennlp.common.params - validation_data_path = ../data/allenDev.txt
2019-02-12 04:46:04,723 - INFO - allennlp.commands.train - Reading validation data from ../data/allenDev.txt
2019-02-12 04:46:04,724 - INFO - myallennlp.dataset_readers.sequence_tagging2 - Reading instances from lines in file at: ../data/allenDev.txt
2019-02-12 04:46:32,108 - INFO - allennlp.common.params - test_data_path = None
2019-02-12 04:46:32,108 - INFO - allennlp.commands.train - From dataset instances, validation, train will be considered for vocabulary creation.
2019-02-12 04:46:32,108 - INFO - allennlp.common.params - vocabulary.type = None
2019-02-12 04:46:32,108 - INFO - allennlp.common.params - vocabulary.extend = False
2019-02-12 04:46:32,108 - INFO - allennlp.common.params - vocabulary.directory_path = None
2019-02-12 04:46:32,108 - INFO - allennlp.common.params - vocabulary.min_count = None
2019-02-12 04:46:32,109 - INFO - allennlp.common.params - vocabulary.max_vocab_size = None
2019-02-12 04:46:32,109 - INFO - allennlp.common.params - vocabulary.non_padded_namespaces = ('*tags', '*labels')
2019-02-12 04:46:32,109 - INFO - allennlp.common.params - vocabulary.min_pretrained_embeddings = None
2019-02-12 04:46:32,109 - INFO - allennlp.common.params - vocabulary.only_include_pretrained_words = False
2019-02-12 04:46:32,109 - INFO - allennlp.common.params - vocabulary.tokens_to_add = None
2019-02-12 04:46:32,109 - INFO - allennlp.data.vocabulary - Fitting token dictionary from dataset.
2019-02-12 04:46:43,767 - INFO - allennlp.common.from_params - instantiating class <class 'allennlp.models.model.Model'> from params {'Ntags0': 95, 'Ntags1': 5, 'do_crossentropy_weighting': True, 'encoder': {'bidirectional': True, 'dropout': 0.5, 'hidden_size': 72, 'input_size': 72, 'num_layers': 2, 'type': 'lstm'}, 'text_field_embedder': {'token_embedders': {'dependency_label': {'embedding_dim': 10, 'type': 'embedding', 'vocab_namespace': 'dependencies'}, 'ner_tag': {'embedding_dim': 7, 'type': 'embedding', 'vocab_namespace': 'ner'}, 'pos_tag': {'embedding_dim': 5, 'type': 'embedding', 'vocab_namespace': 'pos'}, 'tokens': {'embedding_dim': 50, 'pretrained_file': '~/src/allennlp/glove/glove.6B.50d.txt.gz', 'trainable': False, 'type': 'embedding'}}}, 'type': 'simple_tagger2'} and extras {'vocab': Vocabulary with namespaces:  dependencies, Size: 47 || ner, Size: 21 || pos, Size: 17 || tokens, Size: 88725 || labels, Size: 2 || Non Padded Namespaces: {'*labels', '*tags'}}
2019-02-12 04:46:43,767 - INFO - allennlp.common.params - model.type = simple_tagger2
2019-02-12 04:46:43,768 - INFO - allennlp.common.from_params - instantiating class <class 'myallennlp.models.simple_tagger2.SimpleTagger2'> from params {'Ntags0': 95, 'Ntags1': 5, 'do_crossentropy_weighting': True, 'encoder': {'bidirectional': True, 'dropout': 0.5, 'hidden_size': 72, 'input_size': 72, 'num_layers': 2, 'type': 'lstm'}, 'text_field_embedder': {'token_embedders': {'dependency_label': {'embedding_dim': 10, 'type': 'embedding', 'vocab_namespace': 'dependencies'}, 'ner_tag': {'embedding_dim': 7, 'type': 'embedding', 'vocab_namespace': 'ner'}, 'pos_tag': {'embedding_dim': 5, 'type': 'embedding', 'vocab_namespace': 'pos'}, 'tokens': {'embedding_dim': 50, 'pretrained_file': '~/src/allennlp/glove/glove.6B.50d.txt.gz', 'trainable': False, 'type': 'embedding'}}}} and extras {'vocab': Vocabulary with namespaces:  dependencies, Size: 47 || ner, Size: 21 || pos, Size: 17 || tokens, Size: 88725 || labels, Size: 2 || Non Padded Namespaces: {'*labels', '*tags'}}
2019-02-12 04:46:43,768 - INFO - allennlp.common.from_params - instantiating class <class 'allennlp.modules.text_field_embedders.text_field_embedder.TextFieldEmbedder'> from params {'token_embedders': {'dependency_label': {'embedding_dim': 10, 'type': 'embedding', 'vocab_namespace': 'dependencies'}, 'ner_tag': {'embedding_dim': 7, 'type': 'embedding', 'vocab_namespace': 'ner'}, 'pos_tag': {'embedding_dim': 5, 'type': 'embedding', 'vocab_namespace': 'pos'}, 'tokens': {'embedding_dim': 50, 'pretrained_file': '~/src/allennlp/glove/glove.6B.50d.txt.gz', 'trainable': False, 'type': 'embedding'}}} and extras {'vocab': Vocabulary with namespaces:  dependencies, Size: 47 || ner, Size: 21 || pos, Size: 17 || tokens, Size: 88725 || labels, Size: 2 || Non Padded Namespaces: {'*labels', '*tags'}}
2019-02-12 04:46:43,768 - INFO - allennlp.common.params - model.text_field_embedder.type = basic
2019-02-12 04:46:43,769 - INFO - allennlp.common.params - model.text_field_embedder.embedder_to_indexer_map = None
2019-02-12 04:46:43,769 - INFO - allennlp.common.params - model.text_field_embedder.allow_unmatched_keys = False
2019-02-12 04:46:43,769 - INFO - allennlp.common.from_params - instantiating class <class 'allennlp.modules.token_embedders.token_embedder.TokenEmbedder'> from params {'embedding_dim': 10, 'type': 'embedding', 'vocab_namespace': 'dependencies'} and extras {'vocab': Vocabulary with namespaces:  dependencies, Size: 47 || ner, Size: 21 || pos, Size: 17 || tokens, Size: 88725 || labels, Size: 2 || Non Padded Namespaces: {'*labels', '*tags'}}
2019-02-12 04:46:43,769 - INFO - allennlp.common.params - model.text_field_embedder.token_embedders.dependency_label.type = embedding
2019-02-12 04:46:43,769 - INFO - allennlp.common.params - model.text_field_embedder.token_embedders.dependency_label.num_embeddings = None
2019-02-12 04:46:43,769 - INFO - allennlp.common.params - model.text_field_embedder.token_embedders.dependency_label.vocab_namespace = dependencies
2019-02-12 04:46:43,770 - INFO - allennlp.common.params - model.text_field_embedder.token_embedders.dependency_label.embedding_dim = 10
2019-02-12 04:46:43,770 - INFO - allennlp.common.params - model.text_field_embedder.token_embedders.dependency_label.pretrained_file = None
2019-02-12 04:46:43,770 - INFO - allennlp.common.params - model.text_field_embedder.token_embedders.dependency_label.projection_dim = None
2019-02-12 04:46:43,770 - INFO - allennlp.common.params - model.text_field_embedder.token_embedders.dependency_label.trainable = True
2019-02-12 04:46:43,770 - INFO - allennlp.common.params - model.text_field_embedder.token_embedders.dependency_label.padding_index = None
2019-02-12 04:46:43,770 - INFO - allennlp.common.params - model.text_field_embedder.token_embedders.dependency_label.max_norm = None
2019-02-12 04:46:43,770 - INFO - allennlp.common.params - model.text_field_embedder.token_embedders.dependency_label.norm_type = 2.0
2019-02-12 04:46:43,770 - INFO - allennlp.common.params - model.text_field_embedder.token_embedders.dependency_label.scale_grad_by_freq = False
2019-02-12 04:46:43,770 - INFO - allennlp.common.params - model.text_field_embedder.token_embedders.dependency_label.sparse = False
2019-02-12 04:46:43,811 - INFO - allennlp.common.from_params - instantiating class <class 'allennlp.modules.token_embedders.token_embedder.TokenEmbedder'> from params {'embedding_dim': 7, 'type': 'embedding', 'vocab_namespace': 'ner'} and extras {'vocab': Vocabulary with namespaces:  dependencies, Size: 47 || ner, Size: 21 || pos, Size: 17 || tokens, Size: 88725 || labels, Size: 2 || Non Padded Namespaces: {'*labels', '*tags'}}
2019-02-12 04:46:43,811 - INFO - allennlp.common.params - model.text_field_embedder.token_embedders.ner_tag.type = embedding
2019-02-12 04:46:43,811 - INFO - allennlp.common.params - model.text_field_embedder.token_embedders.ner_tag.num_embeddings = None
2019-02-12 04:46:43,812 - INFO - allennlp.common.params - model.text_field_embedder.token_embedders.ner_tag.vocab_namespace = ner
2019-02-12 04:46:43,812 - INFO - allennlp.common.params - model.text_field_embedder.token_embedders.ner_tag.embedding_dim = 7
2019-02-12 04:46:43,812 - INFO - allennlp.common.params - model.text_field_embedder.token_embedders.ner_tag.pretrained_file = None
2019-02-12 04:46:43,812 - INFO - allennlp.common.params - model.text_field_embedder.token_embedders.ner_tag.projection_dim = None
2019-02-12 04:46:43,812 - INFO - allennlp.common.params - model.text_field_embedder.token_embedders.ner_tag.trainable = True
2019-02-12 04:46:43,812 - INFO - allennlp.common.params - model.text_field_embedder.token_embedders.ner_tag.padding_index = None
2019-02-12 04:46:43,812 - INFO - allennlp.common.params - model.text_field_embedder.token_embedders.ner_tag.max_norm = None
2019-02-12 04:46:43,812 - INFO - allennlp.common.params - model.text_field_embedder.token_embedders.ner_tag.norm_type = 2.0
2019-02-12 04:46:43,813 - INFO - allennlp.common.params - model.text_field_embedder.token_embedders.ner_tag.scale_grad_by_freq = False
2019-02-12 04:46:43,813 - INFO - allennlp.common.params - model.text_field_embedder.token_embedders.ner_tag.sparse = False
2019-02-12 04:46:43,813 - INFO - allennlp.common.from_params - instantiating class <class 'allennlp.modules.token_embedders.token_embedder.TokenEmbedder'> from params {'embedding_dim': 5, 'type': 'embedding', 'vocab_namespace': 'pos'} and extras {'vocab': Vocabulary with namespaces:  dependencies, Size: 47 || ner, Size: 21 || pos, Size: 17 || tokens, Size: 88725 || labels, Size: 2 || Non Padded Namespaces: {'*labels', '*tags'}}
2019-02-12 04:46:43,813 - INFO - allennlp.common.params - model.text_field_embedder.token_embedders.pos_tag.type = embedding
2019-02-12 04:46:43,813 - INFO - allennlp.common.params - model.text_field_embedder.token_embedders.pos_tag.num_embeddings = None
2019-02-12 04:46:43,813 - INFO - allennlp.common.params - model.text_field_embedder.token_embedders.pos_tag.vocab_namespace = pos
2019-02-12 04:46:43,814 - INFO - allennlp.common.params - model.text_field_embedder.token_embedders.pos_tag.embedding_dim = 5
2019-02-12 04:46:43,814 - INFO - allennlp.common.params - model.text_field_embedder.token_embedders.pos_tag.pretrained_file = None
2019-02-12 04:46:43,814 - INFO - allennlp.common.params - model.text_field_embedder.token_embedders.pos_tag.projection_dim = None
2019-02-12 04:46:43,814 - INFO - allennlp.common.params - model.text_field_embedder.token_embedders.pos_tag.trainable = True
2019-02-12 04:46:43,814 - INFO - allennlp.common.params - model.text_field_embedder.token_embedders.pos_tag.padding_index = None
2019-02-12 04:46:43,814 - INFO - allennlp.common.params - model.text_field_embedder.token_embedders.pos_tag.max_norm = None
2019-02-12 04:46:43,814 - INFO - allennlp.common.params - model.text_field_embedder.token_embedders.pos_tag.norm_type = 2.0
2019-02-12 04:46:43,814 - INFO - allennlp.common.params - model.text_field_embedder.token_embedders.pos_tag.scale_grad_by_freq = False
2019-02-12 04:46:43,814 - INFO - allennlp.common.params - model.text_field_embedder.token_embedders.pos_tag.sparse = False
2019-02-12 04:46:43,815 - INFO - allennlp.common.from_params - instantiating class <class 'allennlp.modules.token_embedders.token_embedder.TokenEmbedder'> from params {'embedding_dim': 50, 'pretrained_file': '~/src/allennlp/glove/glove.6B.50d.txt.gz', 'trainable': False, 'type': 'embedding'} and extras {'vocab': Vocabulary with namespaces:  dependencies, Size: 47 || ner, Size: 21 || pos, Size: 17 || tokens, Size: 88725 || labels, Size: 2 || Non Padded Namespaces: {'*labels', '*tags'}}
2019-02-12 04:46:43,815 - INFO - allennlp.common.params - model.text_field_embedder.token_embedders.tokens.type = embedding
2019-02-12 04:46:43,815 - INFO - allennlp.common.params - model.text_field_embedder.token_embedders.tokens.num_embeddings = None
2019-02-12 04:46:43,815 - INFO - allennlp.common.params - model.text_field_embedder.token_embedders.tokens.vocab_namespace = tokens
2019-02-12 04:46:43,815 - INFO - allennlp.common.params - model.text_field_embedder.token_embedders.tokens.embedding_dim = 50
2019-02-12 04:46:43,815 - INFO - allennlp.common.params - model.text_field_embedder.token_embedders.tokens.pretrained_file = ~/src/allennlp/glove/glove.6B.50d.txt.gz
2019-02-12 04:46:43,815 - INFO - allennlp.common.params - model.text_field_embedder.token_embedders.tokens.projection_dim = None
2019-02-12 04:46:43,816 - INFO - allennlp.common.params - model.text_field_embedder.token_embedders.tokens.trainable = False
2019-02-12 04:46:43,816 - INFO - allennlp.common.params - model.text_field_embedder.token_embedders.tokens.padding_index = None
2019-02-12 04:46:43,816 - INFO - allennlp.common.params - model.text_field_embedder.token_embedders.tokens.max_norm = None
2019-02-12 04:46:43,816 - INFO - allennlp.common.params - model.text_field_embedder.token_embedders.tokens.norm_type = 2.0
2019-02-12 04:46:43,816 - INFO - allennlp.common.params - model.text_field_embedder.token_embedders.tokens.scale_grad_by_freq = False
2019-02-12 04:46:43,816 - INFO - allennlp.common.params - model.text_field_embedder.token_embedders.tokens.sparse = False
2019-02-12 04:46:43,829 - INFO - allennlp.modules.token_embedders.embedding - Reading pretrained embeddings from file
2019-02-12 04:46:47,436 - INFO - allennlp.modules.token_embedders.embedding - Initializing pre-trained embedding layer
2019-02-12 04:46:48,077 - INFO - allennlp.modules.token_embedders.embedding - Pretrained embeddings were found for 69081 out of 88725 tokens
2019-02-12 04:46:48,098 - INFO - allennlp.common.from_params - instantiating class <class 'allennlp.modules.seq2seq_encoders.seq2seq_encoder.Seq2SeqEncoder'> from params {'bidirectional': True, 'dropout': 0.5, 'hidden_size': 72, 'input_size': 72, 'num_layers': 2, 'type': 'lstm'} and extras {'vocab': Vocabulary with namespaces:  dependencies, Size: 47 || ner, Size: 21 || pos, Size: 17 || tokens, Size: 88725 || labels, Size: 2 || Non Padded Namespaces: {'*labels', '*tags'}}
2019-02-12 04:46:48,099 - INFO - allennlp.common.params - model.encoder.type = lstm
2019-02-12 04:46:48,099 - INFO - allennlp.common.params - model.encoder.batch_first = True
2019-02-12 04:46:48,099 - INFO - allennlp.common.params - model.encoder.stateful = False
2019-02-12 04:46:48,099 - INFO - allennlp.common.params - Converting Params object to dict; logging of default values will not occur when dictionary parameters are used subsequently.
2019-02-12 04:46:48,099 - INFO - allennlp.common.params - CURRENTLY DEFINED PARAMETERS: 
2019-02-12 04:46:48,099 - INFO - allennlp.common.params - model.encoder.bidirectional = True
2019-02-12 04:46:48,100 - INFO - allennlp.common.params - model.encoder.dropout = 0.5
2019-02-12 04:46:48,100 - INFO - allennlp.common.params - model.encoder.hidden_size = 72
2019-02-12 04:46:48,100 - INFO - allennlp.common.params - model.encoder.input_size = 72
2019-02-12 04:46:48,100 - INFO - allennlp.common.params - model.encoder.num_layers = 2
2019-02-12 04:46:48,100 - INFO - allennlp.common.params - model.encoder.batch_first = True
2019-02-12 04:46:48,103 - INFO - allennlp.common.params - model.do_crossentropy_weighting = True
2019-02-12 04:46:48,103 - INFO - allennlp.common.params - model.Ntags0 = 95
2019-02-12 04:46:48,103 - INFO - allennlp.common.params - model.Ntags1 = 5
2019-02-12 04:46:48,103 - INFO - allennlp.nn.initializers - Initializing parameters
2019-02-12 04:46:48,104 - INFO - allennlp.nn.initializers - Done initializing parameters; the following parameters are using their default initialization from their code
2019-02-12 04:46:48,104 - INFO - allennlp.nn.initializers -    encoder._module.bias_hh_l0
2019-02-12 04:46:48,104 - INFO - allennlp.nn.initializers -    encoder._module.bias_hh_l0_reverse
2019-02-12 04:46:48,104 - INFO - allennlp.nn.initializers -    encoder._module.bias_hh_l1
2019-02-12 04:46:48,104 - INFO - allennlp.nn.initializers -    encoder._module.bias_hh_l1_reverse
2019-02-12 04:46:48,104 - INFO - allennlp.nn.initializers -    encoder._module.bias_ih_l0
2019-02-12 04:46:48,104 - INFO - allennlp.nn.initializers -    encoder._module.bias_ih_l0_reverse
2019-02-12 04:46:48,105 - INFO - allennlp.nn.initializers -    encoder._module.bias_ih_l1
2019-02-12 04:46:48,105 - INFO - allennlp.nn.initializers -    encoder._module.bias_ih_l1_reverse
2019-02-12 04:46:48,105 - INFO - allennlp.nn.initializers -    encoder._module.weight_hh_l0
2019-02-12 04:46:48,105 - INFO - allennlp.nn.initializers -    encoder._module.weight_hh_l0_reverse
2019-02-12 04:46:48,105 - INFO - allennlp.nn.initializers -    encoder._module.weight_hh_l1
2019-02-12 04:46:48,105 - INFO - allennlp.nn.initializers -    encoder._module.weight_hh_l1_reverse
2019-02-12 04:46:48,105 - INFO - allennlp.nn.initializers -    encoder._module.weight_ih_l0
2019-02-12 04:46:48,105 - INFO - allennlp.nn.initializers -    encoder._module.weight_ih_l0_reverse
2019-02-12 04:46:48,105 - INFO - allennlp.nn.initializers -    encoder._module.weight_ih_l1
2019-02-12 04:46:48,105 - INFO - allennlp.nn.initializers -    encoder._module.weight_ih_l1_reverse
2019-02-12 04:46:48,106 - INFO - allennlp.nn.initializers -    tag_projection_layer._module.bias
2019-02-12 04:46:48,106 - INFO - allennlp.nn.initializers -    tag_projection_layer._module.weight
2019-02-12 04:46:48,106 - INFO - allennlp.nn.initializers -    text_field_embedder.token_embedder_dependency_label.weight
2019-02-12 04:46:48,106 - INFO - allennlp.nn.initializers -    text_field_embedder.token_embedder_ner_tag.weight
2019-02-12 04:46:48,106 - INFO - allennlp.nn.initializers -    text_field_embedder.token_embedder_pos_tag.weight
2019-02-12 04:46:48,106 - INFO - allennlp.nn.initializers -    text_field_embedder.token_embedder_tokens.weight
2019-02-12 04:46:48,346 - INFO - allennlp.common.from_params - instantiating class <class 'allennlp.data.iterators.data_iterator.DataIterator'> from params {'batch_size': 32, 'type': 'basic'} and extras {}
2019-02-12 04:46:48,347 - INFO - allennlp.common.params - iterator.type = basic
2019-02-12 04:46:48,347 - INFO - allennlp.common.from_params - instantiating class <class 'allennlp.data.iterators.basic_iterator.BasicIterator'> from params {'batch_size': 32} and extras {}
2019-02-12 04:46:48,347 - INFO - allennlp.common.params - iterator.batch_size = 32
2019-02-12 04:46:48,347 - INFO - allennlp.common.params - iterator.instances_per_epoch = None
2019-02-12 04:46:48,347 - INFO - allennlp.common.params - iterator.max_instances_in_memory = None
2019-02-12 04:46:48,348 - INFO - allennlp.common.params - iterator.cache_instances = False
2019-02-12 04:46:48,348 - INFO - allennlp.common.params - iterator.track_epoch = False
2019-02-12 04:46:48,348 - INFO - allennlp.common.params - iterator.maximum_samples_per_batch = None
2019-02-12 04:46:48,348 - INFO - allennlp.common.params - validation_iterator = None
2019-02-12 04:46:48,348 - INFO - allennlp.common.params - trainer.no_grad = ()
2019-02-12 04:46:48,349 - INFO - allennlp.commands.train - Following parameters are Frozen  (without gradient):
2019-02-12 04:46:48,349 - INFO - allennlp.commands.train - text_field_embedder.token_embedder_tokens.weight
2019-02-12 04:46:48,349 - INFO - allennlp.commands.train - Following parameters are Tunable (with gradient):
2019-02-12 04:46:48,349 - INFO - allennlp.commands.train - text_field_embedder.token_embedder_dependency_label.weight
2019-02-12 04:46:48,349 - INFO - allennlp.commands.train - text_field_embedder.token_embedder_ner_tag.weight
2019-02-12 04:46:48,349 - INFO - allennlp.commands.train - text_field_embedder.token_embedder_pos_tag.weight
2019-02-12 04:46:48,350 - INFO - allennlp.commands.train - encoder._module.weight_ih_l0
2019-02-12 04:46:48,350 - INFO - allennlp.commands.train - encoder._module.weight_hh_l0
2019-02-12 04:46:48,350 - INFO - allennlp.commands.train - encoder._module.bias_ih_l0
2019-02-12 04:46:48,350 - INFO - allennlp.commands.train - encoder._module.bias_hh_l0
2019-02-12 04:46:48,350 - INFO - allennlp.commands.train - encoder._module.weight_ih_l0_reverse
2019-02-12 04:46:48,350 - INFO - allennlp.commands.train - encoder._module.weight_hh_l0_reverse
2019-02-12 04:46:48,351 - INFO - allennlp.commands.train - encoder._module.bias_ih_l0_reverse
2019-02-12 04:46:48,351 - INFO - allennlp.commands.train - encoder._module.bias_hh_l0_reverse
2019-02-12 04:46:48,351 - INFO - allennlp.commands.train - encoder._module.weight_ih_l1
2019-02-12 04:46:48,351 - INFO - allennlp.commands.train - encoder._module.weight_hh_l1
2019-02-12 04:46:48,351 - INFO - allennlp.commands.train - encoder._module.bias_ih_l1
2019-02-12 04:46:48,351 - INFO - allennlp.commands.train - encoder._module.bias_hh_l1
2019-02-12 04:46:48,351 - INFO - allennlp.commands.train - encoder._module.weight_ih_l1_reverse
2019-02-12 04:46:48,352 - INFO - allennlp.commands.train - encoder._module.weight_hh_l1_reverse
2019-02-12 04:46:48,352 - INFO - allennlp.commands.train - encoder._module.bias_ih_l1_reverse
2019-02-12 04:46:48,352 - INFO - allennlp.commands.train - encoder._module.bias_hh_l1_reverse
2019-02-12 04:46:48,352 - INFO - allennlp.commands.train - tag_projection_layer._module.weight
2019-02-12 04:46:48,352 - INFO - allennlp.commands.train - tag_projection_layer._module.bias
2019-02-12 04:46:48,352 - INFO - allennlp.common.params - trainer.type = default
2019-02-12 04:46:48,352 - INFO - allennlp.common.params - trainer.patience = 5
2019-02-12 04:46:48,352 - INFO - allennlp.common.params - trainer.validation_metric = -loss
2019-02-12 04:46:48,353 - INFO - allennlp.common.params - trainer.shuffle = True
2019-02-12 04:46:48,353 - INFO - allennlp.common.params - trainer.num_epochs = 40
2019-02-12 04:46:48,353 - INFO - allennlp.common.params - trainer.cuda_device = 0
2019-02-12 04:46:48,353 - INFO - allennlp.common.params - trainer.grad_norm = None
2019-02-12 04:46:48,353 - INFO - allennlp.common.params - trainer.grad_clipping = None
2019-02-12 04:46:48,353 - INFO - allennlp.common.params - trainer.learning_rate_scheduler = None
2019-02-12 04:46:53,666 - INFO - allennlp.common.params - trainer.optimizer = adam
2019-02-12 04:46:53,667 - INFO - allennlp.common.params - parameter_groups = None
2019-02-12 04:46:53,667 - INFO - allennlp.training.optimizers - Number of trainable parameters: 210656
2019-02-12 04:46:53,668 - INFO - allennlp.common.params - Converting Params object to dict; logging of default values will not occur when dictionary parameters are used subsequently.
2019-02-12 04:46:53,668 - INFO - allennlp.common.params - CURRENTLY DEFINED PARAMETERS: 
2019-02-12 04:46:53,668 - INFO - allennlp.common.params - trainer.num_serialized_models_to_keep = 20
2019-02-12 04:46:53,668 - INFO - allennlp.common.params - trainer.keep_serialized_model_every_num_seconds = None
2019-02-12 04:46:53,668 - INFO - allennlp.common.params - trainer.model_save_interval = None
2019-02-12 04:46:53,668 - INFO - allennlp.common.params - trainer.summary_interval = 100
2019-02-12 04:46:53,668 - INFO - allennlp.common.params - trainer.histogram_interval = None
2019-02-12 04:46:53,669 - INFO - allennlp.common.params - trainer.should_log_parameter_statistics = True
2019-02-12 04:46:53,669 - INFO - allennlp.common.params - trainer.should_log_learning_rate = False
2019-02-12 04:46:53,669 - INFO - allennlp.common.params - trainer.log_batch_size_period = None
2019-02-12 04:46:53,672 - INFO - allennlp.common.params - evaluate_on_test = False
2019-02-12 04:46:53,673 - INFO - allennlp.training.trainer - Beginning training.
2019-02-12 04:46:53,673 - INFO - allennlp.training.trainer - Epoch 0/39
2019-02-12 04:46:53,674 - INFO - allennlp.training.trainer - Peak CPU memory usage MB: 5228.34
2019-02-12 04:46:53,784 - INFO - allennlp.training.trainer - GPU 0 memory usage MB: 339
2019-02-12 04:46:53,784 - INFO - allennlp.training.trainer - Training
2019-02-12 04:51:25,386 - INFO - allennlp.training.trainer - Validating
2019-02-12 04:51:28,669 - INFO - allennlp.training.trainer -                     Training |  Validation
2019-02-12 04:51:28,669 - INFO - allennlp.training.trainer - accuracy3       |     1.000  |     1.000
2019-02-12 04:51:28,669 - INFO - allennlp.training.trainer - accuracy        |     0.847  |     0.869
2019-02-12 04:51:28,670 - INFO - allennlp.training.trainer - cpu_memory_MB   |  5228.340  |       N/A
2019-02-12 04:51:28,670 - INFO - allennlp.training.trainer - gpu_0_memory_MB |   339.000  |       N/A
2019-02-12 04:51:28,671 - INFO - allennlp.training.trainer - loss            |     0.399  |     0.460
2019-02-12 04:51:28,702 - INFO - allennlp.training.trainer - Best validation performance so far. Copying weights to './model_params/best.th'.
2019-02-12 04:51:28,722 - INFO - allennlp.training.trainer - Epoch duration: 00:04:35
2019-02-12 04:51:28,722 - INFO - allennlp.training.trainer - Estimated training time remaining: 2:58:46
2019-02-12 04:51:28,722 - INFO - allennlp.training.trainer - Epoch 1/39
2019-02-12 04:51:28,722 - INFO - allennlp.training.trainer - Peak CPU memory usage MB: 5485.376
2019-02-12 04:51:28,842 - INFO - allennlp.training.trainer - GPU 0 memory usage MB: 421
2019-02-12 04:51:28,842 - INFO - allennlp.training.trainer - Training
2019-02-12 04:55:39,770 - INFO - allennlp.training.trainer - Validating
2019-02-12 04:55:42,459 - INFO - allennlp.training.trainer -                     Training |  Validation
2019-02-12 04:55:42,459 - INFO - allennlp.training.trainer - accuracy3       |     1.000  |     1.000
2019-02-12 04:55:42,460 - INFO - allennlp.training.trainer - accuracy        |     0.856  |     0.871
2019-02-12 04:55:42,460 - INFO - allennlp.training.trainer - cpu_memory_MB   |  5485.376  |       N/A
2019-02-12 04:55:42,461 - INFO - allennlp.training.trainer - gpu_0_memory_MB |   421.000  |       N/A
2019-02-12 04:55:42,461 - INFO - allennlp.training.trainer - loss            |     0.376  |     0.458
2019-02-12 04:55:42,490 - INFO - allennlp.training.trainer - Best validation performance so far. Copying weights to './model_params/best.th'.
2019-02-12 04:55:42,515 - INFO - allennlp.training.trainer - Epoch duration: 00:04:13
2019-02-12 04:55:42,516 - INFO - allennlp.training.trainer - Estimated training time remaining: 2:47:28
2019-02-12 04:55:42,516 - INFO - allennlp.training.trainer - Epoch 2/39
2019-02-12 04:55:42,516 - INFO - allennlp.training.trainer - Peak CPU memory usage MB: 5486.476
2019-02-12 04:55:42,633 - INFO - allennlp.training.trainer - GPU 0 memory usage MB: 421
2019-02-12 04:55:42,634 - INFO - allennlp.training.trainer - Training
2019-02-12 04:59:53,224 - INFO - allennlp.training.trainer - Validating
2019-02-12 04:59:55,910 - INFO - allennlp.training.trainer -                     Training |  Validation
2019-02-12 04:59:55,911 - INFO - allennlp.training.trainer - accuracy3       |     1.000  |     1.000
2019-02-12 04:59:55,911 - INFO - allennlp.training.trainer - accuracy        |     0.859  |     0.863
2019-02-12 04:59:55,911 - INFO - allennlp.training.trainer - cpu_memory_MB   |  5486.476  |       N/A
2019-02-12 04:59:55,912 - INFO - allennlp.training.trainer - gpu_0_memory_MB |   421.000  |       N/A
2019-02-12 04:59:55,912 - INFO - allennlp.training.trainer - loss            |     0.367  |     0.447
2019-02-12 04:59:55,938 - INFO - allennlp.training.trainer - Best validation performance so far. Copying weights to './model_params/best.th'.
2019-02-12 04:59:55,971 - INFO - allennlp.training.trainer - Epoch duration: 00:04:13
2019-02-12 04:59:55,971 - INFO - allennlp.training.trainer - Estimated training time remaining: 2:40:48
2019-02-12 04:59:55,971 - INFO - allennlp.training.trainer - Epoch 3/39
2019-02-12 04:59:55,971 - INFO - allennlp.training.trainer - Peak CPU memory usage MB: 5486.8
2019-02-12 04:59:56,088 - INFO - allennlp.training.trainer - GPU 0 memory usage MB: 429
2019-02-12 04:59:56,089 - INFO - allennlp.training.trainer - Training
2019-02-12 05:04:06,398 - INFO - allennlp.training.trainer - Validating
2019-02-12 05:04:09,115 - INFO - allennlp.training.trainer -                     Training |  Validation
2019-02-12 05:04:09,117 - INFO - allennlp.training.trainer - accuracy3       |     1.000  |     1.000
2019-02-12 05:04:09,117 - INFO - allennlp.training.trainer - accuracy        |     0.860  |     0.867
2019-02-12 05:04:09,117 - INFO - allennlp.training.trainer - cpu_memory_MB   |  5486.800  |       N/A
2019-02-12 05:04:09,117 - INFO - allennlp.training.trainer - gpu_0_memory_MB |   429.000  |       N/A
2019-02-12 05:04:09,117 - INFO - allennlp.training.trainer - loss            |     0.361  |     0.455
2019-02-12 05:04:09,150 - INFO - allennlp.training.trainer - Epoch duration: 00:04:13
2019-02-12 05:04:09,150 - INFO - allennlp.training.trainer - Estimated training time remaining: 2:35:19
2019-02-12 05:04:09,150 - INFO - allennlp.training.trainer - Epoch 4/39
2019-02-12 05:04:09,150 - INFO - allennlp.training.trainer - Peak CPU memory usage MB: 5487.024
2019-02-12 05:04:09,281 - INFO - allennlp.training.trainer - GPU 0 memory usage MB: 429
2019-02-12 05:04:09,282 - INFO - allennlp.training.trainer - Training
2019-02-12 05:08:20,149 - INFO - allennlp.training.trainer - Validating
2019-02-12 05:08:22,831 - INFO - allennlp.training.trainer -                     Training |  Validation
2019-02-12 05:08:22,831 - INFO - allennlp.training.trainer - accuracy3       |     1.000  |     1.000
2019-02-12 05:08:22,832 - INFO - allennlp.training.trainer - accuracy        |     0.861  |     0.865
2019-02-12 05:08:22,833 - INFO - allennlp.training.trainer - cpu_memory_MB   |  5487.024  |       N/A
2019-02-12 05:08:22,833 - INFO - allennlp.training.trainer - gpu_0_memory_MB |   429.000  |       N/A
2019-02-12 05:08:22,833 - INFO - allennlp.training.trainer - loss            |     0.355  |     0.451
2019-02-12 05:08:22,860 - INFO - allennlp.training.trainer - Epoch duration: 00:04:13
2019-02-12 05:08:22,860 - INFO - allennlp.training.trainer - Estimated training time remaining: 2:30:24
2019-02-12 05:08:22,860 - INFO - allennlp.training.trainer - Epoch 5/39
2019-02-12 05:08:22,860 - INFO - allennlp.training.trainer - Peak CPU memory usage MB: 5487.208
2019-02-12 05:08:22,974 - INFO - allennlp.training.trainer - GPU 0 memory usage MB: 429
2019-02-12 05:08:22,975 - INFO - allennlp.training.trainer - Training
2019-02-12 05:12:32,685 - INFO - allennlp.training.trainer - Validating
2019-02-12 05:12:35,379 - INFO - allennlp.training.trainer -                     Training |  Validation
2019-02-12 05:12:35,379 - INFO - allennlp.training.trainer - accuracy3       |     1.000  |     1.000
2019-02-12 05:12:35,380 - INFO - allennlp.training.trainer - accuracy        |     0.863  |     0.866
2019-02-12 05:12:35,380 - INFO - allennlp.training.trainer - cpu_memory_MB   |  5487.208  |       N/A
2019-02-12 05:12:35,381 - INFO - allennlp.training.trainer - gpu_0_memory_MB |   429.000  |       N/A
2019-02-12 05:12:35,381 - INFO - allennlp.training.trainer - loss            |     0.350  |     0.453
2019-02-12 05:12:35,407 - INFO - allennlp.training.trainer - Epoch duration: 00:04:12
2019-02-12 05:12:35,407 - INFO - allennlp.training.trainer - Estimated training time remaining: 2:25:36
2019-02-12 05:12:35,407 - INFO - allennlp.training.trainer - Epoch 6/39
2019-02-12 05:12:35,407 - INFO - allennlp.training.trainer - Peak CPU memory usage MB: 5487.288
2019-02-12 05:12:35,523 - INFO - allennlp.training.trainer - GPU 0 memory usage MB: 437
2019-02-12 05:12:35,523 - INFO - allennlp.training.trainer - Training
2019-02-12 05:16:46,692 - INFO - allennlp.training.trainer - Validating
2019-02-12 05:16:49,561 - INFO - allennlp.training.trainer -                     Training |  Validation
2019-02-12 05:16:49,562 - INFO - allennlp.training.trainer - accuracy3       |     1.000  |     1.000
2019-02-12 05:16:49,562 - INFO - allennlp.training.trainer - accuracy        |     0.863  |     0.844
2019-02-12 05:16:49,562 - INFO - allennlp.training.trainer - cpu_memory_MB   |  5487.288  |       N/A
2019-02-12 05:16:49,562 - INFO - allennlp.training.trainer - gpu_0_memory_MB |   437.000  |       N/A
2019-02-12 05:16:49,562 - INFO - allennlp.training.trainer - loss            |     0.345  |     0.442
2019-02-12 05:16:49,589 - INFO - allennlp.training.trainer - Best validation performance so far. Copying weights to './model_params/best.th'.
2019-02-12 05:16:49,614 - INFO - allennlp.training.trainer - Epoch duration: 00:04:14
2019-02-12 05:16:49,615 - INFO - allennlp.training.trainer - Estimated training time remaining: 2:21:06
2019-02-12 05:16:49,615 - INFO - allennlp.training.trainer - Epoch 7/39
2019-02-12 05:16:49,615 - INFO - allennlp.training.trainer - Peak CPU memory usage MB: 5487.416
2019-02-12 05:16:49,750 - INFO - allennlp.training.trainer - GPU 0 memory usage MB: 445
2019-02-12 05:16:49,750 - INFO - allennlp.training.trainer - Training
2019-02-12 05:21:57,070 - INFO - allennlp.training.trainer - Validating
2019-02-12 05:22:02,592 - INFO - allennlp.training.trainer -                     Training |  Validation
2019-02-12 05:22:02,594 - INFO - allennlp.training.trainer - accuracy3       |     1.000  |     1.000
2019-02-12 05:22:02,595 - INFO - allennlp.training.trainer - accuracy        |     0.865  |     0.830
2019-02-12 05:22:02,595 - INFO - allennlp.training.trainer - cpu_memory_MB   |  5487.416  |       N/A
2019-02-12 05:22:02,595 - INFO - allennlp.training.trainer - gpu_0_memory_MB |   445.000  |       N/A
2019-02-12 05:22:02,595 - INFO - allennlp.training.trainer - loss            |     0.340  |     0.442
2019-02-12 05:22:02,632 - INFO - allennlp.training.trainer - Best validation performance so far. Copying weights to './model_params/best.th'.
2019-02-12 05:22:02,673 - INFO - allennlp.training.trainer - Epoch duration: 00:05:13
2019-02-12 05:22:02,673 - INFO - allennlp.training.trainer - Estimated training time remaining: 2:20:36
2019-02-12 05:22:02,673 - INFO - allennlp.training.trainer - Epoch 8/39
2019-02-12 05:22:02,673 - INFO - allennlp.training.trainer - Peak CPU memory usage MB: 5487.516
2019-02-12 05:22:02,846 - INFO - allennlp.training.trainer - GPU 0 memory usage MB: 774
2019-02-12 05:22:02,846 - INFO - allennlp.training.trainer - Training
2019-02-12 05:30:26,748 - INFO - allennlp.training.trainer - Validating
2019-02-12 05:30:29,378 - INFO - allennlp.training.trainer -                     Training |  Validation
2019-02-12 05:30:29,379 - INFO - allennlp.training.trainer - accuracy3       |     1.000  |     1.000
2019-02-12 05:30:29,379 - INFO - allennlp.training.trainer - accuracy        |     0.865  |     0.867
2019-02-12 05:30:29,380 - INFO - allennlp.training.trainer - cpu_memory_MB   |  5487.516  |       N/A
2019-02-12 05:30:29,380 - INFO - allennlp.training.trainer - gpu_0_memory_MB |   774.000  |       N/A
2019-02-12 05:30:29,380 - INFO - allennlp.training.trainer - loss            |     0.334  |     0.478
2019-02-12 05:30:29,406 - INFO - allennlp.training.trainer - Epoch duration: 00:08:26
2019-02-12 05:30:29,406 - INFO - allennlp.training.trainer - Estimated training time remaining: 2:30:09
2019-02-12 05:30:29,406 - INFO - allennlp.training.trainer - Epoch 9/39
2019-02-12 05:30:29,406 - INFO - allennlp.training.trainer - Peak CPU memory usage MB: 5487.516
2019-02-12 05:30:29,515 - INFO - allennlp.training.trainer - GPU 0 memory usage MB: 453
2019-02-12 05:30:29,515 - INFO - allennlp.training.trainer - Training
2019-02-12 05:37:26,234 - INFO - allennlp.training.trainer - Validating
2019-02-12 05:37:31,879 - INFO - allennlp.training.trainer -                     Training |  Validation
2019-02-12 05:37:31,880 - INFO - allennlp.training.trainer - accuracy3       |     1.000  |     1.000
2019-02-12 05:37:31,880 - INFO - allennlp.training.trainer - accuracy        |     0.866  |     0.866
2019-02-12 05:37:31,880 - INFO - allennlp.training.trainer - cpu_memory_MB   |  5487.516  |       N/A
2019-02-12 05:37:31,880 - INFO - allennlp.training.trainer - gpu_0_memory_MB |   453.000  |       N/A
2019-02-12 05:37:31,880 - INFO - allennlp.training.trainer - loss            |     0.330  |     0.480
2019-02-12 05:37:31,916 - INFO - allennlp.training.trainer - Epoch duration: 00:07:02
2019-02-12 05:37:31,917 - INFO - allennlp.training.trainer - Estimated training time remaining: 2:31:54
2019-02-12 05:37:31,917 - INFO - allennlp.training.trainer - Epoch 10/39
2019-02-12 05:37:31,917 - INFO - allennlp.training.trainer - Peak CPU memory usage MB: 5487.516
2019-02-12 05:37:32,073 - INFO - allennlp.training.trainer - GPU 0 memory usage MB: 778
2019-02-12 05:37:32,074 - INFO - allennlp.training.trainer - Training
2019-02-12 05:44:26,941 - INFO - allennlp.training.trainer - Validating
2019-02-12 05:44:31,914 - INFO - allennlp.training.trainer -                     Training |  Validation
2019-02-12 05:44:31,915 - INFO - allennlp.training.trainer - accuracy3       |     1.000  |     1.000
2019-02-12 05:44:31,915 - INFO - allennlp.training.trainer - accuracy        |     0.867  |     0.857
2019-02-12 05:44:31,916 - INFO - allennlp.training.trainer - cpu_memory_MB   |  5487.516  |       N/A
2019-02-12 05:44:31,916 - INFO - allennlp.training.trainer - gpu_0_memory_MB |   778.000  |       N/A
2019-02-12 05:44:31,916 - INFO - allennlp.training.trainer - loss            |     0.325  |     0.480
2019-02-12 05:44:31,956 - INFO - allennlp.training.trainer - Epoch duration: 00:07:00
2019-02-12 05:44:31,956 - INFO - allennlp.training.trainer - Estimated training time remaining: 2:31:57
2019-02-12 05:44:31,956 - INFO - allennlp.training.trainer - Epoch 11/39
2019-02-12 05:44:31,957 - INFO - allennlp.training.trainer - Peak CPU memory usage MB: 5487.516
2019-02-12 05:44:32,139 - INFO - allennlp.training.trainer - GPU 0 memory usage MB: 773
2019-02-12 05:44:32,140 - INFO - allennlp.training.trainer - Training
2019-02-12 05:52:18,890 - INFO - allennlp.training.trainer - Validating
2019-02-12 05:52:23,195 - INFO - allennlp.training.trainer -                     Training |  Validation
2019-02-12 05:52:23,197 - INFO - allennlp.training.trainer - accuracy3       |     1.000  |     1.000
2019-02-12 05:52:23,197 - INFO - allennlp.training.trainer - accuracy        |     0.868  |     0.851
2019-02-12 05:52:23,197 - INFO - allennlp.training.trainer - cpu_memory_MB   |  5487.516  |       N/A
2019-02-12 05:52:23,197 - INFO - allennlp.training.trainer - gpu_0_memory_MB |   773.000  |       N/A
2019-02-12 05:52:23,197 - INFO - allennlp.training.trainer - loss            |     0.319  |     0.474
2019-02-12 05:52:23,263 - INFO - allennlp.training.trainer - Epoch duration: 00:07:51
2019-02-12 05:52:23,270 - INFO - allennlp.training.trainer - Estimated training time remaining: 2:32:49
2019-02-12 05:52:23,270 - INFO - allennlp.training.trainer - Epoch 12/39
2019-02-12 05:52:23,270 - INFO - allennlp.training.trainer - Peak CPU memory usage MB: 5487.516
2019-02-12 05:52:23,553 - INFO - allennlp.training.trainer - GPU 0 memory usage MB: 518
2019-02-12 05:52:23,554 - INFO - allennlp.training.trainer - Training
2019-02-12 05:57:30,232 - INFO - allennlp.training.trainer - Validating
2019-02-12 05:57:34,736 - INFO - allennlp.training.trainer - Ran out of patience.  Stopping training.
2019-02-12 05:57:34,736 - INFO - allennlp.models.archival - archiving weights and vocabulary to ./model_params/model.tar.gz
2019-02-12 05:57:37,339 - INFO - allennlp.commands.train - Loading the best epoch weights.
2019-02-12 05:57:37,372 - INFO - allennlp.common.util - Metrics: {
  "peak_cpu_memory_MB": 5487.516,
  "peak_gpu_0_memory_MB": 778,
  "training_duration": "01:05:29",
  "training_start_epoch": 0,
  "training_epochs": 11,
  "epoch": 11,
  "training_accuracy": 0.868458160475698,
  "training_accuracy3": 1.0,
  "training_loss": 0.3186675956998517,
  "training_cpu_memory_MB": 5487.516,
  "training_gpu_0_memory_MB": 773,
  "validation_accuracy": 0.8511338904112679,
  "validation_accuracy3": 1.0,
  "validation_loss": 0.4742229948846661,
  "best_epoch": 7,
  "best_validation_accuracy": 0.8296739853626082,
  "best_validation_accuracy3": 1.0,
  "best_validation_loss": 0.4417934127304019
}
Token batch process time:
805.1748452186584
Token batch process time:
27.184380292892456
