2019-02-12 21:38:06,365 - INFO - allennlp.common.from_params - instantiating class <class 'allennlp.data.dataset_readers.dataset_reader.DatasetReader'> from params {'mytokenizer': {'type': 'word', 'word_splitter': {'ner': True, 'parse': True, 'pos_tags': True, 'type': 'whitespacy'}}, 'token_indexers': {'dependency_label': {'namespace': 'dependencies', 'type': 'dependency_label'}, 'ner_tag': {'namespace': 'ner', 'type': 'ner_tag'}, 'pos_tag': {'coarse_tags': True, 'namespace': 'pos', 'type': 'pos_tag'}}, 'type': 'sequence_tagging2', 'word_tag_delimiter': '//'} and extras {}
2019-02-12 21:38:06,366 - INFO - allennlp.common.params - dataset_reader.type = sequence_tagging2
2019-02-12 21:38:06,366 - INFO - allennlp.common.from_params - instantiating class <class 'myallennlp.dataset_readers.sequence_tagging2.SequenceTaggingDatasetReader'> from params {'mytokenizer': {'type': 'word', 'word_splitter': {'ner': True, 'parse': True, 'pos_tags': True, 'type': 'whitespacy'}}, 'token_indexers': {'dependency_label': {'namespace': 'dependencies', 'type': 'dependency_label'}, 'ner_tag': {'namespace': 'ner', 'type': 'ner_tag'}, 'pos_tag': {'coarse_tags': True, 'namespace': 'pos', 'type': 'pos_tag'}}, 'word_tag_delimiter': '//'} and extras {}
2019-02-12 21:38:06,366 - INFO - allennlp.common.params - dataset_reader.word_tag_delimiter = //
2019-02-12 21:38:06,366 - INFO - allennlp.common.params - dataset_reader.token_delimiter = None
2019-02-12 21:38:06,367 - INFO - allennlp.common.from_params - instantiating class allennlp.data.token_indexers.token_indexer.TokenIndexer from params {'namespace': 'dependencies', 'type': 'dependency_label'} and extras {}
2019-02-12 21:38:06,367 - INFO - allennlp.common.params - dataset_reader.token_indexers.dependency_label.type = dependency_label
2019-02-12 21:38:06,367 - INFO - allennlp.common.from_params - instantiating class allennlp.data.token_indexers.dep_label_indexer.DepLabelIndexer from params {'namespace': 'dependencies'} and extras {}
2019-02-12 21:38:06,367 - INFO - allennlp.common.params - dataset_reader.token_indexers.dependency_label.namespace = dependencies
2019-02-12 21:38:06,367 - INFO - allennlp.common.from_params - instantiating class allennlp.data.token_indexers.token_indexer.TokenIndexer from params {'namespace': 'ner', 'type': 'ner_tag'} and extras {}
2019-02-12 21:38:06,367 - INFO - allennlp.common.params - dataset_reader.token_indexers.ner_tag.type = ner_tag
2019-02-12 21:38:06,368 - INFO - allennlp.common.from_params - instantiating class allennlp.data.token_indexers.ner_tag_indexer.NerTagIndexer from params {'namespace': 'ner'} and extras {}
2019-02-12 21:38:06,368 - INFO - allennlp.common.params - dataset_reader.token_indexers.ner_tag.namespace = ner
2019-02-12 21:38:06,368 - INFO - allennlp.common.from_params - instantiating class allennlp.data.token_indexers.token_indexer.TokenIndexer from params {'coarse_tags': True, 'namespace': 'pos', 'type': 'pos_tag'} and extras {}
2019-02-12 21:38:06,368 - INFO - allennlp.common.params - dataset_reader.token_indexers.pos_tag.type = pos_tag
2019-02-12 21:38:06,368 - INFO - allennlp.common.from_params - instantiating class allennlp.data.token_indexers.pos_tag_indexer.PosTagIndexer from params {'coarse_tags': True, 'namespace': 'pos'} and extras {}
2019-02-12 21:38:06,369 - INFO - allennlp.common.params - dataset_reader.token_indexers.pos_tag.namespace = pos
2019-02-12 21:38:06,369 - INFO - allennlp.common.params - dataset_reader.token_indexers.pos_tag.coarse_tags = True
2019-02-12 21:38:06,369 - INFO - allennlp.common.params - dataset_reader.lazy = False
2019-02-12 21:38:06,369 - INFO - allennlp.common.from_params - instantiating class <class 'allennlp.data.tokenizers.tokenizer.Tokenizer'> from params {'type': 'word', 'word_splitter': {'ner': True, 'parse': True, 'pos_tags': True, 'type': 'whitespacy'}} and extras {}
2019-02-12 21:38:06,369 - INFO - allennlp.common.params - dataset_reader.mytokenizer.type = word
2019-02-12 21:38:06,369 - INFO - allennlp.common.from_params - instantiating class <class 'allennlp.data.tokenizers.word_tokenizer.WordTokenizer'> from params {'word_splitter': {'ner': True, 'parse': True, 'pos_tags': True, 'type': 'whitespacy'}} and extras {}
2019-02-12 21:38:06,370 - INFO - allennlp.common.from_params - instantiating class <class 'allennlp.data.tokenizers.word_splitter.WordSplitter'> from params {'ner': True, 'parse': True, 'pos_tags': True, 'type': 'whitespacy'} and extras {}
2019-02-12 21:38:06,370 - INFO - allennlp.common.params - dataset_reader.mytokenizer.word_splitter.type = whitespacy
2019-02-12 21:38:06,370 - INFO - allennlp.common.from_params - instantiating class <class 'myallennlp.data.tokenizers.word_splitter.SpacyWordSplitter'> from params {'ner': True, 'parse': True, 'pos_tags': True} and extras {}
2019-02-12 21:38:06,370 - INFO - allennlp.common.params - dataset_reader.mytokenizer.word_splitter.language = en_core_web_sm
2019-02-12 21:38:06,370 - INFO - allennlp.common.params - dataset_reader.mytokenizer.word_splitter.pos_tags = True
2019-02-12 21:38:06,370 - INFO - allennlp.common.params - dataset_reader.mytokenizer.word_splitter.parse = True
2019-02-12 21:38:06,371 - INFO - allennlp.common.params - dataset_reader.mytokenizer.word_splitter.ner = True
2019-02-12 21:38:06,973 - INFO - allennlp.common.params - dataset_reader.mytokenizer.start_tokens = None
2019-02-12 21:38:06,973 - INFO - allennlp.common.params - dataset_reader.mytokenizer.end_tokens = None
2019-02-12 21:38:06,973 - INFO - allennlp.common.params - dataset_reader.use_spacy_directly = False
2019-02-12 21:38:06,974 - INFO - allennlp.common.params - validation_dataset_reader = None
2019-02-12 21:38:06,974 - INFO - allennlp.common.params - train_data_path = ../data/allenTrain.txt
2019-02-12 21:38:06,974 - INFO - allennlp.commands.train - Reading training data from ../data/allenTrain.txt
2019-02-12 21:38:06,974 - INFO - myallennlp.dataset_readers.sequence_tagging2 - Reading instances from lines in file at: ../data/allenTrain.txt
2019-02-12 21:52:08,882 - INFO - allennlp.common.params - validation_data_path = ../data/allenDev.txt
2019-02-12 21:52:08,883 - INFO - allennlp.commands.train - Reading validation data from ../data/allenDev.txt
2019-02-12 21:52:08,883 - INFO - myallennlp.dataset_readers.sequence_tagging2 - Reading instances from lines in file at: ../data/allenDev.txt
2019-02-12 21:52:37,441 - INFO - allennlp.common.params - test_data_path = None
2019-02-12 21:52:37,441 - INFO - allennlp.commands.train - From dataset instances, train, validation will be considered for vocabulary creation.
2019-02-12 21:52:37,441 - INFO - allennlp.common.params - vocabulary.type = None
2019-02-12 21:52:37,441 - INFO - allennlp.common.params - vocabulary.extend = False
2019-02-12 21:52:37,441 - INFO - allennlp.common.params - vocabulary.directory_path = None
2019-02-12 21:52:37,441 - INFO - allennlp.common.params - vocabulary.min_count = None
2019-02-12 21:52:37,441 - INFO - allennlp.common.params - vocabulary.max_vocab_size = None
2019-02-12 21:52:37,442 - INFO - allennlp.common.params - vocabulary.non_padded_namespaces = ('*tags', '*labels')
2019-02-12 21:52:37,442 - INFO - allennlp.common.params - vocabulary.min_pretrained_embeddings = None
2019-02-12 21:52:37,442 - INFO - allennlp.common.params - vocabulary.only_include_pretrained_words = False
2019-02-12 21:52:37,442 - INFO - allennlp.common.params - vocabulary.tokens_to_add = None
2019-02-12 21:52:37,442 - INFO - allennlp.data.vocabulary - Fitting token dictionary from dataset.
2019-02-12 21:52:43,407 - INFO - allennlp.common.from_params - instantiating class <class 'allennlp.models.model.Model'> from params {'Ntags0': 95, 'Ntags1': 5, 'do_crossentropy_weighting': True, 'encoder': {'input_dim': 54, 'type': 'pass_through'}, 'text_field_embedder': {'token_embedders': {'dependency_label': {'embedding_dim': 20, 'type': 'embedding', 'vocab_namespace': 'dependencies'}, 'ner_tag': {'embedding_dim': 19, 'type': 'embedding', 'vocab_namespace': 'ner'}, 'pos_tag': {'embedding_dim': 15, 'type': 'embedding', 'vocab_namespace': 'pos'}}}, 'type': 'simple_tagger2'} and extras {'vocab': Vocabulary with namespaces:  dependencies, Size: 47 || ner, Size: 21 || pos, Size: 17 || labels, Size: 2 || Non Padded Namespaces: {'*labels', '*tags'}}
2019-02-12 21:52:43,407 - INFO - allennlp.common.params - model.type = simple_tagger2
2019-02-12 21:52:43,408 - INFO - allennlp.common.from_params - instantiating class <class 'myallennlp.models.simple_tagger2.SimpleTagger2'> from params {'Ntags0': 95, 'Ntags1': 5, 'do_crossentropy_weighting': True, 'encoder': {'input_dim': 54, 'type': 'pass_through'}, 'text_field_embedder': {'token_embedders': {'dependency_label': {'embedding_dim': 20, 'type': 'embedding', 'vocab_namespace': 'dependencies'}, 'ner_tag': {'embedding_dim': 19, 'type': 'embedding', 'vocab_namespace': 'ner'}, 'pos_tag': {'embedding_dim': 15, 'type': 'embedding', 'vocab_namespace': 'pos'}}}} and extras {'vocab': Vocabulary with namespaces:  dependencies, Size: 47 || ner, Size: 21 || pos, Size: 17 || labels, Size: 2 || Non Padded Namespaces: {'*labels', '*tags'}}
2019-02-12 21:52:43,408 - INFO - allennlp.common.from_params - instantiating class <class 'allennlp.modules.text_field_embedders.text_field_embedder.TextFieldEmbedder'> from params {'token_embedders': {'dependency_label': {'embedding_dim': 20, 'type': 'embedding', 'vocab_namespace': 'dependencies'}, 'ner_tag': {'embedding_dim': 19, 'type': 'embedding', 'vocab_namespace': 'ner'}, 'pos_tag': {'embedding_dim': 15, 'type': 'embedding', 'vocab_namespace': 'pos'}}} and extras {'vocab': Vocabulary with namespaces:  dependencies, Size: 47 || ner, Size: 21 || pos, Size: 17 || labels, Size: 2 || Non Padded Namespaces: {'*labels', '*tags'}}
2019-02-12 21:52:43,408 - INFO - allennlp.common.params - model.text_field_embedder.type = basic
2019-02-12 21:52:43,408 - INFO - allennlp.common.params - model.text_field_embedder.embedder_to_indexer_map = None
2019-02-12 21:52:43,408 - INFO - allennlp.common.params - model.text_field_embedder.allow_unmatched_keys = False
2019-02-12 21:52:43,409 - INFO - allennlp.common.from_params - instantiating class <class 'allennlp.modules.token_embedders.token_embedder.TokenEmbedder'> from params {'embedding_dim': 20, 'type': 'embedding', 'vocab_namespace': 'dependencies'} and extras {'vocab': Vocabulary with namespaces:  dependencies, Size: 47 || ner, Size: 21 || pos, Size: 17 || labels, Size: 2 || Non Padded Namespaces: {'*labels', '*tags'}}
2019-02-12 21:52:43,409 - INFO - allennlp.common.params - model.text_field_embedder.token_embedders.dependency_label.type = embedding
2019-02-12 21:52:43,409 - INFO - allennlp.common.params - model.text_field_embedder.token_embedders.dependency_label.num_embeddings = None
2019-02-12 21:52:43,409 - INFO - allennlp.common.params - model.text_field_embedder.token_embedders.dependency_label.vocab_namespace = dependencies
2019-02-12 21:52:43,409 - INFO - allennlp.common.params - model.text_field_embedder.token_embedders.dependency_label.embedding_dim = 20
2019-02-12 21:52:43,409 - INFO - allennlp.common.params - model.text_field_embedder.token_embedders.dependency_label.pretrained_file = None
2019-02-12 21:52:43,410 - INFO - allennlp.common.params - model.text_field_embedder.token_embedders.dependency_label.projection_dim = None
2019-02-12 21:52:43,410 - INFO - allennlp.common.params - model.text_field_embedder.token_embedders.dependency_label.trainable = True
2019-02-12 21:52:43,410 - INFO - allennlp.common.params - model.text_field_embedder.token_embedders.dependency_label.padding_index = None
2019-02-12 21:52:43,410 - INFO - allennlp.common.params - model.text_field_embedder.token_embedders.dependency_label.max_norm = None
2019-02-12 21:52:43,410 - INFO - allennlp.common.params - model.text_field_embedder.token_embedders.dependency_label.norm_type = 2.0
2019-02-12 21:52:43,410 - INFO - allennlp.common.params - model.text_field_embedder.token_embedders.dependency_label.scale_grad_by_freq = False
2019-02-12 21:52:43,410 - INFO - allennlp.common.params - model.text_field_embedder.token_embedders.dependency_label.sparse = False
2019-02-12 21:52:43,453 - INFO - allennlp.common.from_params - instantiating class <class 'allennlp.modules.token_embedders.token_embedder.TokenEmbedder'> from params {'embedding_dim': 19, 'type': 'embedding', 'vocab_namespace': 'ner'} and extras {'vocab': Vocabulary with namespaces:  dependencies, Size: 47 || ner, Size: 21 || pos, Size: 17 || labels, Size: 2 || Non Padded Namespaces: {'*labels', '*tags'}}
2019-02-12 21:52:43,454 - INFO - allennlp.common.params - model.text_field_embedder.token_embedders.ner_tag.type = embedding
2019-02-12 21:52:43,454 - INFO - allennlp.common.params - model.text_field_embedder.token_embedders.ner_tag.num_embeddings = None
2019-02-12 21:52:43,454 - INFO - allennlp.common.params - model.text_field_embedder.token_embedders.ner_tag.vocab_namespace = ner
2019-02-12 21:52:43,454 - INFO - allennlp.common.params - model.text_field_embedder.token_embedders.ner_tag.embedding_dim = 19
2019-02-12 21:52:43,454 - INFO - allennlp.common.params - model.text_field_embedder.token_embedders.ner_tag.pretrained_file = None
2019-02-12 21:52:43,454 - INFO - allennlp.common.params - model.text_field_embedder.token_embedders.ner_tag.projection_dim = None
2019-02-12 21:52:43,454 - INFO - allennlp.common.params - model.text_field_embedder.token_embedders.ner_tag.trainable = True
2019-02-12 21:52:43,455 - INFO - allennlp.common.params - model.text_field_embedder.token_embedders.ner_tag.padding_index = None
2019-02-12 21:52:43,455 - INFO - allennlp.common.params - model.text_field_embedder.token_embedders.ner_tag.max_norm = None
2019-02-12 21:52:43,455 - INFO - allennlp.common.params - model.text_field_embedder.token_embedders.ner_tag.norm_type = 2.0
2019-02-12 21:52:43,455 - INFO - allennlp.common.params - model.text_field_embedder.token_embedders.ner_tag.scale_grad_by_freq = False
2019-02-12 21:52:43,455 - INFO - allennlp.common.params - model.text_field_embedder.token_embedders.ner_tag.sparse = False
2019-02-12 21:52:43,455 - INFO - allennlp.common.from_params - instantiating class <class 'allennlp.modules.token_embedders.token_embedder.TokenEmbedder'> from params {'embedding_dim': 15, 'type': 'embedding', 'vocab_namespace': 'pos'} and extras {'vocab': Vocabulary with namespaces:  dependencies, Size: 47 || ner, Size: 21 || pos, Size: 17 || labels, Size: 2 || Non Padded Namespaces: {'*labels', '*tags'}}
2019-02-12 21:52:43,455 - INFO - allennlp.common.params - model.text_field_embedder.token_embedders.pos_tag.type = embedding
2019-02-12 21:52:43,456 - INFO - allennlp.common.params - model.text_field_embedder.token_embedders.pos_tag.num_embeddings = None
2019-02-12 21:52:43,456 - INFO - allennlp.common.params - model.text_field_embedder.token_embedders.pos_tag.vocab_namespace = pos
2019-02-12 21:52:43,456 - INFO - allennlp.common.params - model.text_field_embedder.token_embedders.pos_tag.embedding_dim = 15
2019-02-12 21:52:43,456 - INFO - allennlp.common.params - model.text_field_embedder.token_embedders.pos_tag.pretrained_file = None
2019-02-12 21:52:43,456 - INFO - allennlp.common.params - model.text_field_embedder.token_embedders.pos_tag.projection_dim = None
2019-02-12 21:52:43,456 - INFO - allennlp.common.params - model.text_field_embedder.token_embedders.pos_tag.trainable = True
2019-02-12 21:52:43,456 - INFO - allennlp.common.params - model.text_field_embedder.token_embedders.pos_tag.padding_index = None
2019-02-12 21:52:43,456 - INFO - allennlp.common.params - model.text_field_embedder.token_embedders.pos_tag.max_norm = None
2019-02-12 21:52:43,456 - INFO - allennlp.common.params - model.text_field_embedder.token_embedders.pos_tag.norm_type = 2.0
2019-02-12 21:52:43,457 - INFO - allennlp.common.params - model.text_field_embedder.token_embedders.pos_tag.scale_grad_by_freq = False
2019-02-12 21:52:43,457 - INFO - allennlp.common.params - model.text_field_embedder.token_embedders.pos_tag.sparse = False
2019-02-12 21:52:43,457 - INFO - allennlp.common.from_params - instantiating class <class 'allennlp.modules.seq2seq_encoders.seq2seq_encoder.Seq2SeqEncoder'> from params {'input_dim': 54, 'type': 'pass_through'} and extras {'vocab': Vocabulary with namespaces:  dependencies, Size: 47 || ner, Size: 21 || pos, Size: 17 || labels, Size: 2 || Non Padded Namespaces: {'*labels', '*tags'}}
2019-02-12 21:52:43,457 - INFO - allennlp.common.params - model.encoder.type = pass_through
2019-02-12 21:52:43,458 - INFO - allennlp.common.from_params - instantiating class <class 'allennlp.modules.seq2seq_encoders.pass_through_encoder.PassThroughEncoder'> from params {'input_dim': 54} and extras {'vocab': Vocabulary with namespaces:  dependencies, Size: 47 || ner, Size: 21 || pos, Size: 17 || labels, Size: 2 || Non Padded Namespaces: {'*labels', '*tags'}}
2019-02-12 21:52:43,458 - INFO - allennlp.common.params - model.encoder.input_dim = 54
2019-02-12 21:52:43,458 - INFO - allennlp.common.params - model.do_crossentropy_weighting = True
2019-02-12 21:52:43,458 - INFO - allennlp.common.params - model.Ntags0 = 95
2019-02-12 21:52:43,458 - INFO - allennlp.common.params - model.Ntags1 = 5
2019-02-12 21:52:43,459 - INFO - allennlp.nn.initializers - Initializing parameters
2019-02-12 21:52:43,459 - INFO - allennlp.nn.initializers - Done initializing parameters; the following parameters are using their default initialization from their code
2019-02-12 21:52:43,459 - INFO - allennlp.nn.initializers -    tag_projection_layer._module.bias
2019-02-12 21:52:43,459 - INFO - allennlp.nn.initializers -    tag_projection_layer._module.weight
2019-02-12 21:52:43,459 - INFO - allennlp.nn.initializers -    text_field_embedder.token_embedder_dependency_label.weight
2019-02-12 21:52:43,459 - INFO - allennlp.nn.initializers -    text_field_embedder.token_embedder_ner_tag.weight
2019-02-12 21:52:43,460 - INFO - allennlp.nn.initializers -    text_field_embedder.token_embedder_pos_tag.weight
2019-02-12 21:52:43,461 - INFO - allennlp.common.from_params - instantiating class <class 'allennlp.data.iterators.data_iterator.DataIterator'> from params {'batch_size': 32, 'type': 'basic'} and extras {}
2019-02-12 21:52:43,461 - INFO - allennlp.common.params - iterator.type = basic
2019-02-12 21:52:43,461 - INFO - allennlp.common.from_params - instantiating class <class 'allennlp.data.iterators.basic_iterator.BasicIterator'> from params {'batch_size': 32} and extras {}
2019-02-12 21:52:43,461 - INFO - allennlp.common.params - iterator.batch_size = 32
2019-02-12 21:52:43,461 - INFO - allennlp.common.params - iterator.instances_per_epoch = None
2019-02-12 21:52:43,461 - INFO - allennlp.common.params - iterator.max_instances_in_memory = None
2019-02-12 21:52:43,461 - INFO - allennlp.common.params - iterator.cache_instances = False
2019-02-12 21:52:43,462 - INFO - allennlp.common.params - iterator.track_epoch = False
2019-02-12 21:52:43,462 - INFO - allennlp.common.params - iterator.maximum_samples_per_batch = None
2019-02-12 21:52:43,462 - INFO - allennlp.common.params - validation_iterator = None
2019-02-12 21:52:43,462 - INFO - allennlp.common.params - trainer.no_grad = ()
2019-02-12 21:52:43,462 - INFO - allennlp.commands.train - Following parameters are Frozen  (without gradient):
2019-02-12 21:52:43,462 - INFO - allennlp.commands.train - Following parameters are Tunable (with gradient):
2019-02-12 21:52:43,462 - INFO - allennlp.commands.train - text_field_embedder.token_embedder_dependency_label.weight
2019-02-12 21:52:43,463 - INFO - allennlp.commands.train - text_field_embedder.token_embedder_ner_tag.weight
2019-02-12 21:52:43,463 - INFO - allennlp.commands.train - text_field_embedder.token_embedder_pos_tag.weight
2019-02-12 21:52:43,463 - INFO - allennlp.commands.train - tag_projection_layer._module.weight
2019-02-12 21:52:43,463 - INFO - allennlp.commands.train - tag_projection_layer._module.bias
2019-02-12 21:52:43,463 - INFO - allennlp.common.params - trainer.type = default
2019-02-12 21:52:43,463 - INFO - allennlp.common.params - trainer.patience = 5
2019-02-12 21:52:43,463 - INFO - allennlp.common.params - trainer.validation_metric = -loss
2019-02-12 21:52:43,463 - INFO - allennlp.common.params - trainer.shuffle = True
2019-02-12 21:52:43,463 - INFO - allennlp.common.params - trainer.num_epochs = 40
2019-02-12 21:52:43,463 - INFO - allennlp.common.params - trainer.cuda_device = 0
2019-02-12 21:52:43,464 - INFO - allennlp.common.params - trainer.grad_norm = None
2019-02-12 21:52:43,464 - INFO - allennlp.common.params - trainer.grad_clipping = None
2019-02-12 21:52:43,464 - INFO - allennlp.common.params - trainer.learning_rate_scheduler = None
2019-02-12 21:52:48,964 - INFO - allennlp.common.params - trainer.optimizer = adam
2019-02-12 21:52:48,964 - INFO - allennlp.common.params - parameter_groups = None
2019-02-12 21:52:48,964 - INFO - allennlp.training.optimizers - Number of trainable parameters: 1704
2019-02-12 21:52:48,966 - INFO - allennlp.common.params - Converting Params object to dict; logging of default values will not occur when dictionary parameters are used subsequently.
2019-02-12 21:52:48,966 - INFO - allennlp.common.params - CURRENTLY DEFINED PARAMETERS: 
2019-02-12 21:52:48,966 - INFO - allennlp.common.params - trainer.num_serialized_models_to_keep = 20
2019-02-12 21:52:48,966 - INFO - allennlp.common.params - trainer.keep_serialized_model_every_num_seconds = None
2019-02-12 21:52:48,966 - INFO - allennlp.common.params - trainer.model_save_interval = None
2019-02-12 21:52:48,966 - INFO - allennlp.common.params - trainer.summary_interval = 100
2019-02-12 21:52:48,966 - INFO - allennlp.common.params - trainer.histogram_interval = None
2019-02-12 21:52:48,967 - INFO - allennlp.common.params - trainer.should_log_parameter_statistics = True
2019-02-12 21:52:48,967 - INFO - allennlp.common.params - trainer.should_log_learning_rate = False
2019-02-12 21:52:48,967 - INFO - allennlp.common.params - trainer.log_batch_size_period = None
2019-02-12 21:52:48,969 - INFO - allennlp.common.params - evaluate_on_test = False
2019-02-12 21:52:48,970 - INFO - allennlp.training.trainer - Beginning training.
2019-02-12 21:52:48,970 - INFO - allennlp.training.trainer - Epoch 0/39
2019-02-12 21:52:48,970 - INFO - allennlp.training.trainer - Peak CPU memory usage MB: 5181.26
2019-02-12 21:52:49,131 - INFO - allennlp.training.trainer - GPU 0 memory usage MB: 317
2019-02-12 21:52:49,132 - INFO - allennlp.training.trainer - Training
2019-02-12 21:53:51,429 - INFO - allennlp.training.trainer - Validating
2019-02-12 21:53:52,641 - INFO - allennlp.training.trainer -                     Training |  Validation
2019-02-12 21:53:52,642 - INFO - allennlp.training.trainer - accuracy3       |     1.000  |     1.000
2019-02-12 21:53:52,642 - INFO - allennlp.training.trainer - accuracy        |     0.845  |     0.860
2019-02-12 21:53:52,642 - INFO - allennlp.training.trainer - cpu_memory_MB   |  5181.260  |       N/A
2019-02-12 21:53:52,643 - INFO - allennlp.training.trainer - loss            |     0.445  |     0.509
2019-02-12 21:53:52,643 - INFO - allennlp.training.trainer - gpu_0_memory_MB |   317.000  |       N/A
2019-02-12 21:53:52,646 - INFO - allennlp.training.trainer - Best validation performance so far. Copying weights to './model_params/best.th'.
2019-02-12 21:53:52,646 - INFO - allennlp.training.trainer - Epoch duration: 00:01:03
2019-02-12 21:53:52,646 - INFO - allennlp.training.trainer - Estimated training time remaining: 0:41:23
2019-02-12 21:53:52,646 - INFO - allennlp.training.trainer - Epoch 1/39
2019-02-12 21:53:52,646 - INFO - allennlp.training.trainer - Peak CPU memory usage MB: 5394.496
2019-02-12 21:53:52,787 - INFO - allennlp.training.trainer - GPU 0 memory usage MB: 330
2019-02-12 21:53:52,788 - INFO - allennlp.training.trainer - Training
2019-02-12 21:54:42,422 - INFO - allennlp.training.trainer - Validating
2019-02-12 21:54:43,279 - INFO - allennlp.training.trainer -                     Training |  Validation
2019-02-12 21:54:43,279 - INFO - allennlp.training.trainer - accuracy3       |     1.000  |     1.000
2019-02-12 21:54:43,280 - INFO - allennlp.training.trainer - accuracy        |     0.852  |     0.860
2019-02-12 21:54:43,280 - INFO - allennlp.training.trainer - cpu_memory_MB   |  5394.496  |       N/A
2019-02-12 21:54:43,281 - INFO - allennlp.training.trainer - loss            |     0.437  |     0.506
2019-02-12 21:54:43,281 - INFO - allennlp.training.trainer - gpu_0_memory_MB |   330.000  |       N/A
2019-02-12 21:54:43,283 - INFO - allennlp.training.trainer - Best validation performance so far. Copying weights to './model_params/best.th'.
2019-02-12 21:54:43,283 - INFO - allennlp.training.trainer - Epoch duration: 00:00:50
2019-02-12 21:54:43,284 - INFO - allennlp.training.trainer - Estimated training time remaining: 0:36:11
2019-02-12 21:54:43,284 - INFO - allennlp.training.trainer - Epoch 2/39
2019-02-12 21:54:43,284 - INFO - allennlp.training.trainer - Peak CPU memory usage MB: 5394.916
2019-02-12 21:54:43,435 - INFO - allennlp.training.trainer - GPU 0 memory usage MB: 330
2019-02-12 21:54:43,435 - INFO - allennlp.training.trainer - Training
2019-02-12 21:55:32,964 - INFO - allennlp.training.trainer - Validating
2019-02-12 21:55:33,821 - INFO - allennlp.training.trainer -                     Training |  Validation
2019-02-12 21:55:33,821 - INFO - allennlp.training.trainer - accuracy3       |     1.000  |     1.000
2019-02-12 21:55:33,822 - INFO - allennlp.training.trainer - accuracy        |     0.851  |     0.865
2019-02-12 21:55:33,823 - INFO - allennlp.training.trainer - cpu_memory_MB   |  5394.916  |       N/A
2019-02-12 21:55:33,823 - INFO - allennlp.training.trainer - loss            |     0.436  |     0.513
2019-02-12 21:55:33,823 - INFO - allennlp.training.trainer - gpu_0_memory_MB |   330.000  |       N/A
2019-02-12 21:55:33,825 - INFO - allennlp.training.trainer - Epoch duration: 00:00:50
2019-02-12 21:55:33,825 - INFO - allennlp.training.trainer - Estimated training time remaining: 0:33:53
2019-02-12 21:55:33,825 - INFO - allennlp.training.trainer - Epoch 3/39
2019-02-12 21:55:33,825 - INFO - allennlp.training.trainer - Peak CPU memory usage MB: 5394.968
2019-02-12 21:55:33,969 - INFO - allennlp.training.trainer - GPU 0 memory usage MB: 330
2019-02-12 21:55:33,970 - INFO - allennlp.training.trainer - Training
2019-02-12 21:56:22,659 - INFO - allennlp.training.trainer - Validating
2019-02-12 21:56:23,515 - INFO - allennlp.training.trainer -                     Training |  Validation
2019-02-12 21:56:23,515 - INFO - allennlp.training.trainer - accuracy3       |     1.000  |     1.000
2019-02-12 21:56:23,515 - INFO - allennlp.training.trainer - accuracy        |     0.853  |     0.860
2019-02-12 21:56:23,516 - INFO - allennlp.training.trainer - cpu_memory_MB   |  5394.968  |       N/A
2019-02-12 21:56:23,516 - INFO - allennlp.training.trainer - loss            |     0.436  |     0.512
2019-02-12 21:56:23,516 - INFO - allennlp.training.trainer - gpu_0_memory_MB |   330.000  |       N/A
2019-02-12 21:56:23,518 - INFO - allennlp.training.trainer - Epoch duration: 00:00:49
2019-02-12 21:56:23,519 - INFO - allennlp.training.trainer - Estimated training time remaining: 0:32:10
2019-02-12 21:56:23,519 - INFO - allennlp.training.trainer - Epoch 4/39
2019-02-12 21:56:23,519 - INFO - allennlp.training.trainer - Peak CPU memory usage MB: 5395.092
2019-02-12 21:56:23,666 - INFO - allennlp.training.trainer - GPU 0 memory usage MB: 330
2019-02-12 21:56:23,666 - INFO - allennlp.training.trainer - Training
2019-02-12 21:57:13,254 - INFO - allennlp.training.trainer - Validating
2019-02-12 21:57:14,116 - INFO - allennlp.training.trainer -                     Training |  Validation
2019-02-12 21:57:14,116 - INFO - allennlp.training.trainer - accuracy3       |     1.000  |     1.000
2019-02-12 21:57:14,117 - INFO - allennlp.training.trainer - accuracy        |     0.853  |     0.861
2019-02-12 21:57:14,117 - INFO - allennlp.training.trainer - cpu_memory_MB   |  5395.092  |       N/A
2019-02-12 21:57:14,117 - INFO - allennlp.training.trainer - loss            |     0.437  |     0.510
2019-02-12 21:57:14,117 - INFO - allennlp.training.trainer - gpu_0_memory_MB |   330.000  |       N/A
2019-02-12 21:57:14,120 - INFO - allennlp.training.trainer - Epoch duration: 00:00:50
2019-02-12 21:57:14,120 - INFO - allennlp.training.trainer - Estimated training time remaining: 0:30:56
2019-02-12 21:57:14,120 - INFO - allennlp.training.trainer - Epoch 5/39
2019-02-12 21:57:14,120 - INFO - allennlp.training.trainer - Peak CPU memory usage MB: 5395.148
2019-02-12 21:57:14,260 - INFO - allennlp.training.trainer - GPU 0 memory usage MB: 330
2019-02-12 21:57:14,260 - INFO - allennlp.training.trainer - Training
2019-02-12 21:58:03,648 - INFO - allennlp.training.trainer - Validating
2019-02-12 21:58:04,503 - INFO - allennlp.training.trainer -                     Training |  Validation
2019-02-12 21:58:04,503 - INFO - allennlp.training.trainer - accuracy3       |     1.000  |     1.000
2019-02-12 21:58:04,503 - INFO - allennlp.training.trainer - accuracy        |     0.852  |     0.861
2019-02-12 21:58:04,503 - INFO - allennlp.training.trainer - cpu_memory_MB   |  5395.148  |       N/A
2019-02-12 21:58:04,504 - INFO - allennlp.training.trainer - loss            |     0.436  |     0.507
2019-02-12 21:58:04,504 - INFO - allennlp.training.trainer - gpu_0_memory_MB |   330.000  |       N/A
2019-02-12 21:58:04,506 - INFO - allennlp.training.trainer - Epoch duration: 00:00:50
2019-02-12 21:58:04,507 - INFO - allennlp.training.trainer - Estimated training time remaining: 0:29:48
2019-02-12 21:58:04,507 - INFO - allennlp.training.trainer - Epoch 6/39
2019-02-12 21:58:04,507 - INFO - allennlp.training.trainer - Peak CPU memory usage MB: 5395.172
2019-02-12 21:58:04,651 - INFO - allennlp.training.trainer - GPU 0 memory usage MB: 330
2019-02-12 21:58:04,652 - INFO - allennlp.training.trainer - Training
2019-02-12 21:58:54,177 - INFO - allennlp.training.trainer - Validating
2019-02-12 21:58:55,033 - INFO - allennlp.training.trainer -                     Training |  Validation
2019-02-12 21:58:55,033 - INFO - allennlp.training.trainer - accuracy3       |     1.000  |     1.000
2019-02-12 21:58:55,034 - INFO - allennlp.training.trainer - accuracy        |     0.852  |     0.840
2019-02-12 21:58:55,034 - INFO - allennlp.training.trainer - cpu_memory_MB   |  5395.172  |       N/A
2019-02-12 21:58:55,034 - INFO - allennlp.training.trainer - loss            |     0.436  |     0.504
2019-02-12 21:58:55,035 - INFO - allennlp.training.trainer - gpu_0_memory_MB |   330.000  |       N/A
2019-02-12 21:58:55,037 - INFO - allennlp.training.trainer - Best validation performance so far. Copying weights to './model_params/best.th'.
2019-02-12 21:58:55,037 - INFO - allennlp.training.trainer - Epoch duration: 00:00:50
2019-02-12 21:58:55,037 - INFO - allennlp.training.trainer - Estimated training time remaining: 0:28:45
2019-02-12 21:58:55,037 - INFO - allennlp.training.trainer - Epoch 7/39
2019-02-12 21:58:55,038 - INFO - allennlp.training.trainer - Peak CPU memory usage MB: 5395.22
2019-02-12 21:58:55,190 - INFO - allennlp.training.trainer - GPU 0 memory usage MB: 330
2019-02-12 21:58:55,191 - INFO - allennlp.training.trainer - Training
2019-02-12 21:59:44,896 - INFO - allennlp.training.trainer - Validating
2019-02-12 21:59:45,752 - INFO - allennlp.training.trainer -                     Training |  Validation
2019-02-12 21:59:45,752 - INFO - allennlp.training.trainer - accuracy3       |     1.000  |     1.000
2019-02-12 21:59:45,753 - INFO - allennlp.training.trainer - accuracy        |     0.852  |     0.861
2019-02-12 21:59:45,753 - INFO - allennlp.training.trainer - cpu_memory_MB   |  5395.220  |       N/A
2019-02-12 21:59:45,753 - INFO - allennlp.training.trainer - loss            |     0.436  |     0.506
2019-02-12 21:59:45,754 - INFO - allennlp.training.trainer - gpu_0_memory_MB |   330.000  |       N/A
2019-02-12 21:59:45,756 - INFO - allennlp.training.trainer - Epoch duration: 00:00:50
2019-02-12 21:59:45,756 - INFO - allennlp.training.trainer - Estimated training time remaining: 0:27:47
2019-02-12 21:59:45,756 - INFO - allennlp.training.trainer - Epoch 8/39
2019-02-12 21:59:45,756 - INFO - allennlp.training.trainer - Peak CPU memory usage MB: 5395.332
2019-02-12 21:59:45,902 - INFO - allennlp.training.trainer - GPU 0 memory usage MB: 330
2019-02-12 21:59:45,902 - INFO - allennlp.training.trainer - Training
2019-02-12 22:00:35,432 - INFO - allennlp.training.trainer - Validating
2019-02-12 22:00:36,288 - INFO - allennlp.training.trainer -                     Training |  Validation
2019-02-12 22:00:36,289 - INFO - allennlp.training.trainer - accuracy3       |     1.000  |     1.000
2019-02-12 22:00:36,289 - INFO - allennlp.training.trainer - accuracy        |     0.852  |     0.861
2019-02-12 22:00:36,289 - INFO - allennlp.training.trainer - cpu_memory_MB   |  5395.332  |       N/A
2019-02-12 22:00:36,289 - INFO - allennlp.training.trainer - loss            |     0.436  |     0.519
2019-02-12 22:00:36,290 - INFO - allennlp.training.trainer - gpu_0_memory_MB |   330.000  |       N/A
2019-02-12 22:00:36,291 - INFO - allennlp.training.trainer - Epoch duration: 00:00:50
2019-02-12 22:00:36,292 - INFO - allennlp.training.trainer - Estimated training time remaining: 0:26:49
2019-02-12 22:00:36,292 - INFO - allennlp.training.trainer - Epoch 9/39
2019-02-12 22:00:36,292 - INFO - allennlp.training.trainer - Peak CPU memory usage MB: 5395.492
2019-02-12 22:00:36,447 - INFO - allennlp.training.trainer - GPU 0 memory usage MB: 330
2019-02-12 22:00:36,448 - INFO - allennlp.training.trainer - Training
2019-02-12 22:01:26,255 - INFO - allennlp.training.trainer - Validating
2019-02-12 22:01:27,119 - INFO - allennlp.training.trainer -                     Training |  Validation
2019-02-12 22:01:27,119 - INFO - allennlp.training.trainer - accuracy3       |     1.000  |     1.000
2019-02-12 22:01:27,119 - INFO - allennlp.training.trainer - accuracy        |     0.853  |     0.865
2019-02-12 22:01:27,120 - INFO - allennlp.training.trainer - cpu_memory_MB   |  5395.492  |       N/A
2019-02-12 22:01:27,120 - INFO - allennlp.training.trainer - loss            |     0.436  |     0.516
2019-02-12 22:01:27,120 - INFO - allennlp.training.trainer - gpu_0_memory_MB |   330.000  |       N/A
2019-02-12 22:01:27,123 - INFO - allennlp.training.trainer - Epoch duration: 00:00:50
2019-02-12 22:01:27,124 - INFO - allennlp.training.trainer - Estimated training time remaining: 0:25:54
2019-02-12 22:01:27,124 - INFO - allennlp.training.trainer - Epoch 10/39
2019-02-12 22:01:27,124 - INFO - allennlp.training.trainer - Peak CPU memory usage MB: 5395.628
2019-02-12 22:01:27,285 - INFO - allennlp.training.trainer - GPU 0 memory usage MB: 330
2019-02-12 22:01:27,286 - INFO - allennlp.training.trainer - Training
2019-02-12 22:02:17,013 - INFO - allennlp.training.trainer - Validating
2019-02-12 22:02:17,871 - INFO - allennlp.training.trainer -                     Training |  Validation
2019-02-12 22:02:17,872 - INFO - allennlp.training.trainer - accuracy3       |     1.000  |     1.000
2019-02-12 22:02:17,872 - INFO - allennlp.training.trainer - accuracy        |     0.852  |     0.860
2019-02-12 22:02:17,873 - INFO - allennlp.training.trainer - cpu_memory_MB   |  5395.628  |       N/A
2019-02-12 22:02:17,873 - INFO - allennlp.training.trainer - loss            |     0.436  |     0.513
2019-02-12 22:02:17,873 - INFO - allennlp.training.trainer - gpu_0_memory_MB |   330.000  |       N/A
2019-02-12 22:02:17,875 - INFO - allennlp.training.trainer - Epoch duration: 00:00:50
2019-02-12 22:02:17,876 - INFO - allennlp.training.trainer - Estimated training time remaining: 0:24:59
2019-02-12 22:02:17,876 - INFO - allennlp.training.trainer - Epoch 11/39
2019-02-12 22:02:17,876 - INFO - allennlp.training.trainer - Peak CPU memory usage MB: 5395.784
2019-02-12 22:02:18,020 - INFO - allennlp.training.trainer - GPU 0 memory usage MB: 330
2019-02-12 22:02:18,020 - INFO - allennlp.training.trainer - Training
2019-02-12 22:03:07,835 - INFO - allennlp.training.trainer - Validating
2019-02-12 22:03:08,690 - INFO - allennlp.training.trainer - Ran out of patience.  Stopping training.
2019-02-12 22:03:08,690 - INFO - allennlp.models.archival - archiving weights and vocabulary to ./model_params/model.tar.gz
2019-02-12 22:03:08,707 - INFO - allennlp.commands.train - Loading the best epoch weights.
2019-02-12 22:03:08,712 - INFO - allennlp.common.util - Metrics: {
  "peak_cpu_memory_MB": 5395.784,
  "peak_gpu_0_memory_MB": 330,
  "training_duration": "00:09:28",
  "training_start_epoch": 0,
  "training_epochs": 10,
  "epoch": 10,
  "training_accuracy": 0.85218016570987,
  "training_accuracy3": 1.0,
  "training_loss": 0.4362259348838135,
  "training_cpu_memory_MB": 5395.628,
  "training_gpu_0_memory_MB": 330,
  "validation_accuracy": 0.8596479357668844,
  "validation_accuracy3": 1.0,
  "validation_loss": 0.5129764718668801,
  "best_epoch": 6,
  "best_validation_accuracy": 0.8401051005333965,
  "best_validation_accuracy3": 1.0,
  "best_validation_loss": 0.503987252104039
}
Token batch process time:
835.0380642414093
Token batch process time:
28.341631650924683
