0it [00:00, ?it/s]
1it [00:50, 50.49s/it]
1605it [00:50, 35.34s/it]
3365it [00:50, 24.74s/it]
5189it [00:50, 17.32s/it]
5863it [00:50, 115.35it/s]

0it [00:00, ?it/s]
1it [00:26, 26.09s/it]
902it [00:26, 18.26s/it]
2465it [00:26, 12.78s/it]
3112it [00:26, 117.61it/s]

0it [00:00, ?it/s]
899it [00:00, 8982.62it/s]
1772it [00:00, 8904.31it/s]
2597it [00:00, 8695.21it/s]
3509it [00:00, 8814.10it/s]
4438it [00:00, 8950.16it/s]
5402it [00:00, 9146.40it/s]
6326it [00:00, 9173.51it/s]
7278it [00:00, 9274.35it/s]
8155it [00:00, 8744.47it/s]
8975it [00:01, 8939.86it/s]

0it [00:00, ?it/s]
5532it [00:00, 55313.20it/s]
12084it [00:00, 58021.52it/s]
21495it [00:00, 65563.76it/s]
33118it [00:00, 75425.77it/s]
47387it [00:00, 87846.67it/s]
62605it [00:00, 100605.82it/s]
79560it [00:00, 114572.86it/s]
96582it [00:00, 127009.51it/s]
113633it [00:00, 137530.20it/s]
131467it [00:01, 147647.94it/s]
150578it [00:01, 158445.51it/s]
168714it [00:01, 164668.60it/s]
188141it [00:01, 172517.92it/s]
206440it [00:01, 175531.42it/s]
225565it [00:01, 179939.82it/s]
245230it [00:01, 184617.43it/s]
263957it [00:01, 184994.38it/s]
282642it [00:01, 183280.18it/s]
301104it [00:01, 180997.10it/s]
319759it [00:02, 182627.23it/s]
338495it [00:02, 184021.56it/s]
356952it [00:02, 183958.64it/s]
375545it [00:02, 184535.09it/s]
395162it [00:02, 187848.22it/s]
400000it [00:02, 163902.49it/s]

  0%|          | 0/184 [00:00<?, ?it/s]
accuracy: 0.7409, accuracy3: 1.0000, loss: 0.6613 ||:   2%|2         | 4/184 [00:00<00:04, 36.70it/s]
accuracy: 0.7795, accuracy3: 1.0000, loss: 0.6403 ||:   5%|4         | 9/184 [00:00<00:04, 36.80it/s]
accuracy: 0.8037, accuracy3: 1.0000, loss: 0.6285 ||:   8%|7         | 14/184 [00:00<00:04, 39.09it/s]
accuracy: 0.8201, accuracy3: 1.0000, loss: 0.6196 ||:  10%|#         | 19/184 [00:00<00:04, 40.73it/s]
accuracy: 0.8300, accuracy3: 1.0000, loss: 0.6121 ||:  13%|#3        | 24/184 [00:00<00:03, 42.30it/s]
accuracy: 0.8404, accuracy3: 1.0000, loss: 0.6031 ||:  16%|#5        | 29/184 [00:00<00:03, 41.91it/s]
accuracy: 0.8475, accuracy3: 1.0000, loss: 0.5949 ||:  18%|#8        | 34/184 [00:00<00:03, 42.73it/s]
accuracy: 0.8537, accuracy3: 1.0000, loss: 0.5849 ||:  21%|##1       | 39/184 [00:00<00:03, 42.81it/s]
accuracy: 0.8591, accuracy3: 1.0000, loss: 0.5791 ||:  24%|##3       | 44/184 [00:01<00:03, 43.34it/s]
accuracy: 0.8637, accuracy3: 1.0000, loss: 0.5742 ||:  27%|##6       | 49/184 [00:01<00:03, 42.48it/s]
accuracy: 0.8665, accuracy3: 1.0000, loss: 0.5681 ||:  30%|##9       | 55/184 [00:01<00:02, 44.58it/s]
accuracy: 0.8691, accuracy3: 1.0000, loss: 0.5601 ||:  33%|###2      | 60/184 [00:01<00:02, 43.98it/s]
accuracy: 0.8705, accuracy3: 1.0000, loss: 0.5554 ||:  35%|###5      | 65/184 [00:01<00:02, 44.72it/s]
accuracy: 0.8725, accuracy3: 1.0000, loss: 0.5494 ||:  38%|###8      | 70/184 [00:01<00:02, 45.80it/s]
accuracy: 0.8738, accuracy3: 1.0000, loss: 0.5445 ||:  41%|####      | 75/184 [00:01<00:02, 45.29it/s]
accuracy: 0.8742, accuracy3: 1.0000, loss: 0.5417 ||:  43%|####3     | 80/184 [00:01<00:02, 45.25it/s]
accuracy: 0.8742, accuracy3: 1.0000, loss: 0.5383 ||:  46%|####6     | 85/184 [00:01<00:02, 44.04it/s]
accuracy: 0.8755, accuracy3: 1.0000, loss: 0.5341 ||:  49%|####8     | 90/184 [00:02<00:02, 43.17it/s]
accuracy: 0.8761, accuracy3: 1.0000, loss: 0.5309 ||:  52%|#####1    | 95/184 [00:02<00:02, 43.55it/s]
accuracy: 0.8765, accuracy3: 1.0000, loss: 0.5275 ||:  54%|#####4    | 100/184 [00:02<00:02, 41.75it/s]
accuracy: 0.8770, accuracy3: 1.0000, loss: 0.5246 ||:  57%|#####7    | 105/184 [00:02<00:01, 42.12it/s]
accuracy: 0.8776, accuracy3: 1.0000, loss: 0.5218 ||:  60%|#####9    | 110/184 [00:02<00:01, 42.31it/s]
accuracy: 0.8778, accuracy3: 1.0000, loss: 0.5183 ||:  63%|######3   | 116/184 [00:02<00:01, 44.38it/s]
accuracy: 0.8779, accuracy3: 1.0000, loss: 0.5145 ||:  66%|######5   | 121/184 [00:02<00:01, 44.16it/s]
accuracy: 0.8782, accuracy3: 1.0000, loss: 0.5117 ||:  68%|######8   | 126/184 [00:02<00:01, 44.87it/s]
accuracy: 0.8777, accuracy3: 1.0000, loss: 0.5094 ||:  71%|#######1  | 131/184 [00:03<00:01, 44.65it/s]
accuracy: 0.8775, accuracy3: 1.0000, loss: 0.5062 ||:  74%|#######3  | 136/184 [00:03<00:01, 44.44it/s]
accuracy: 0.8773, accuracy3: 1.0000, loss: 0.5036 ||:  77%|#######6  | 141/184 [00:03<00:00, 43.49it/s]
accuracy: 0.8774, accuracy3: 1.0000, loss: 0.5005 ||:  79%|#######9  | 146/184 [00:03<00:00, 43.46it/s]
accuracy: 0.8772, accuracy3: 1.0000, loss: 0.4998 ||:  82%|########2 | 151/184 [00:03<00:00, 44.13it/s]
accuracy: 0.8769, accuracy3: 1.0000, loss: 0.4983 ||:  85%|########4 | 156/184 [00:03<00:00, 44.04it/s]
accuracy: 0.8767, accuracy3: 1.0000, loss: 0.4952 ||:  88%|########7 | 161/184 [00:03<00:00, 44.97it/s]
accuracy: 0.8766, accuracy3: 1.0000, loss: 0.4932 ||:  90%|######### | 166/184 [00:03<00:00, 45.86it/s]
accuracy: 0.8761, accuracy3: 1.0000, loss: 0.4912 ||:  93%|#########2| 171/184 [00:03<00:00, 43.35it/s]
accuracy: 0.8758, accuracy3: 1.0000, loss: 0.4893 ||:  96%|#########5| 176/184 [00:04<00:00, 43.15it/s]
accuracy: 0.8755, accuracy3: 1.0000, loss: 0.4883 ||:  98%|#########8| 181/184 [00:04<00:00, 43.12it/s]
accuracy: 0.8753, accuracy3: 1.0000, loss: 0.4868 ||: 100%|##########| 184/184 [00:04<00:00, 43.76it/s]

  0%|          | 0/98 [00:00<?, ?it/s]
accuracy: 0.8495, accuracy3: 1.0000, loss: 0.5024 ||:   7%|7         | 7/98 [00:00<00:01, 68.27it/s]
accuracy: 0.8414, accuracy3: 1.0000, loss: 0.5734 ||:  15%|#5        | 15/98 [00:00<00:01, 68.57it/s]
accuracy: 0.8440, accuracy3: 1.0000, loss: 0.5443 ||:  23%|##3       | 23/98 [00:00<00:01, 69.55it/s]
accuracy: 0.8412, accuracy3: 1.0000, loss: 0.5198 ||:  31%|###       | 30/98 [00:00<00:00, 69.27it/s]
accuracy: 0.8535, accuracy3: 1.0000, loss: 0.5281 ||:  39%|###8      | 38/98 [00:00<00:00, 69.82it/s]
accuracy: 0.8546, accuracy3: 1.0000, loss: 0.5470 ||:  46%|####5     | 45/98 [00:00<00:00, 68.51it/s]
accuracy: 0.8624, accuracy3: 1.0000, loss: 0.5361 ||:  53%|#####3    | 52/98 [00:00<00:00, 65.53it/s]
accuracy: 0.8687, accuracy3: 1.0000, loss: 0.5230 ||:  60%|######    | 59/98 [00:00<00:00, 65.40it/s]
accuracy: 0.8712, accuracy3: 1.0000, loss: 0.5209 ||:  67%|######7   | 66/98 [00:00<00:00, 64.13it/s]
accuracy: 0.8676, accuracy3: 1.0000, loss: 0.5154 ||:  74%|#######4  | 73/98 [00:01<00:00, 65.34it/s]
accuracy: 0.8666, accuracy3: 1.0000, loss: 0.5174 ||:  82%|########1 | 80/98 [00:01<00:00, 66.56it/s]
accuracy: 0.8691, accuracy3: 1.0000, loss: 0.5203 ||:  89%|########8 | 87/98 [00:01<00:00, 66.84it/s]
accuracy: 0.8714, accuracy3: 1.0000, loss: 0.5310 ||:  96%|#########5| 94/98 [00:01<00:00, 67.36it/s]
accuracy: 0.8720, accuracy3: 1.0000, loss: 0.5268 ||: 100%|##########| 98/98 [00:01<00:00, 67.43it/s]

  0%|          | 0/184 [00:00<?, ?it/s]
accuracy: 0.8581, accuracy3: 1.0000, loss: 0.4028 ||:   3%|3         | 6/184 [00:00<00:03, 55.54it/s]
accuracy: 0.8646, accuracy3: 1.0000, loss: 0.4130 ||:   7%|6         | 12/184 [00:00<00:03, 55.49it/s]
accuracy: 0.8657, accuracy3: 1.0000, loss: 0.4188 ||:  10%|9         | 18/184 [00:00<00:03, 54.92it/s]
accuracy: 0.8641, accuracy3: 1.0000, loss: 0.4204 ||:  14%|#3        | 25/184 [00:00<00:02, 57.32it/s]
accuracy: 0.8628, accuracy3: 1.0000, loss: 0.4245 ||:  16%|#6        | 30/184 [00:00<00:02, 53.79it/s]
accuracy: 0.8608, accuracy3: 1.0000, loss: 0.4251 ||:  20%|#9        | 36/184 [00:00<00:02, 54.59it/s]
accuracy: 0.8579, accuracy3: 1.0000, loss: 0.4248 ||:  23%|##3       | 43/184 [00:00<00:02, 55.02it/s]
accuracy: 0.8580, accuracy3: 1.0000, loss: 0.4217 ||:  27%|##6       | 49/184 [00:00<00:02, 55.77it/s]
accuracy: 0.8567, accuracy3: 1.0000, loss: 0.4198 ||:  30%|###       | 56/184 [00:00<00:02, 57.47it/s]
accuracy: 0.8573, accuracy3: 1.0000, loss: 0.4189 ||:  34%|###3      | 62/184 [00:01<00:02, 57.87it/s]
accuracy: 0.8583, accuracy3: 1.0000, loss: 0.4138 ||:  38%|###7      | 69/184 [00:01<00:01, 59.23it/s]
accuracy: 0.8579, accuracy3: 1.0000, loss: 0.4144 ||:  41%|####1     | 76/184 [00:01<00:01, 60.86it/s]
accuracy: 0.8578, accuracy3: 1.0000, loss: 0.4116 ||:  45%|####5     | 83/184 [00:01<00:01, 60.40it/s]
accuracy: 0.8580, accuracy3: 1.0000, loss: 0.4125 ||:  49%|####8     | 90/184 [00:01<00:01, 59.73it/s]
accuracy: 0.8581, accuracy3: 1.0000, loss: 0.4121 ||:  52%|#####2    | 96/184 [00:01<00:01, 59.49it/s]
accuracy: 0.8579, accuracy3: 1.0000, loss: 0.4133 ||:  55%|#####5    | 102/184 [00:01<00:01, 57.93it/s]
accuracy: 0.8571, accuracy3: 1.0000, loss: 0.4140 ||:  59%|#####8    | 108/184 [00:01<00:01, 56.42it/s]
accuracy: 0.8570, accuracy3: 1.0000, loss: 0.4135 ||:  62%|######2   | 115/184 [00:01<00:01, 58.13it/s]
accuracy: 0.8573, accuracy3: 1.0000, loss: 0.4124 ||:  66%|######5   | 121/184 [00:02<00:01, 56.36it/s]
accuracy: 0.8570, accuracy3: 1.0000, loss: 0.4105 ||:  69%|######9   | 127/184 [00:02<00:00, 57.36it/s]
accuracy: 0.8573, accuracy3: 1.0000, loss: 0.4106 ||:  72%|#######2  | 133/184 [00:02<00:00, 57.05it/s]
accuracy: 0.8570, accuracy3: 1.0000, loss: 0.4096 ||:  76%|#######5  | 139/184 [00:02<00:00, 56.73it/s]
accuracy: 0.8571, accuracy3: 1.0000, loss: 0.4097 ||:  79%|#######9  | 146/184 [00:02<00:00, 56.90it/s]
accuracy: 0.8574, accuracy3: 1.0000, loss: 0.4094 ||:  83%|########3 | 153/184 [00:02<00:00, 58.12it/s]
accuracy: 0.8574, accuracy3: 1.0000, loss: 0.4093 ||:  86%|########6 | 159/184 [00:02<00:00, 58.30it/s]
accuracy: 0.8576, accuracy3: 1.0000, loss: 0.4095 ||:  90%|######### | 166/184 [00:02<00:00, 59.12it/s]
accuracy: 0.8579, accuracy3: 1.0000, loss: 0.4089 ||:  94%|#########4| 173/184 [00:02<00:00, 59.61it/s]
accuracy: 0.8581, accuracy3: 1.0000, loss: 0.4080 ||:  97%|#########7| 179/184 [00:03<00:00, 56.77it/s]
accuracy: 0.8582, accuracy3: 1.0000, loss: 0.4077 ||: 100%|##########| 184/184 [00:03<00:00, 57.99it/s]

  0%|          | 0/98 [00:00<?, ?it/s]
accuracy: 0.8495, accuracy3: 1.0000, loss: 0.5343 ||:  12%|#2        | 12/98 [00:00<00:00, 117.23it/s]
accuracy: 0.8374, accuracy3: 1.0000, loss: 0.5236 ||:  23%|##3       | 23/98 [00:00<00:00, 114.91it/s]
accuracy: 0.8415, accuracy3: 1.0000, loss: 0.4949 ||:  37%|###6      | 36/98 [00:00<00:00, 116.50it/s]
accuracy: 0.8463, accuracy3: 1.0000, loss: 0.5118 ||:  48%|####7     | 47/98 [00:00<00:00, 110.90it/s]
accuracy: 0.8601, accuracy3: 1.0000, loss: 0.4951 ||:  59%|#####9    | 58/98 [00:00<00:00, 109.62it/s]
accuracy: 0.8568, accuracy3: 1.0000, loss: 0.4870 ||:  71%|#######1  | 70/98 [00:00<00:00, 110.02it/s]
accuracy: 0.8553, accuracy3: 1.0000, loss: 0.4907 ||:  84%|########3 | 82/98 [00:00<00:00, 111.54it/s]
accuracy: 0.8605, accuracy3: 1.0000, loss: 0.5032 ||:  96%|#########5| 94/98 [00:00<00:00, 110.57it/s]
accuracy: 0.8617, accuracy3: 1.0000, loss: 0.4988 ||: 100%|##########| 98/98 [00:00<00:00, 111.50it/s]

  0%|          | 0/184 [00:00<?, ?it/s]
accuracy: 0.8616, accuracy3: 1.0000, loss: 0.3932 ||:   3%|3         | 6/184 [00:00<00:03, 52.31it/s]
accuracy: 0.8642, accuracy3: 1.0000, loss: 0.4071 ||:   7%|7         | 13/184 [00:00<00:03, 54.81it/s]
accuracy: 0.8588, accuracy3: 1.0000, loss: 0.3989 ||:  11%|#         | 20/184 [00:00<00:02, 57.36it/s]
accuracy: 0.8597, accuracy3: 1.0000, loss: 0.3977 ||:  15%|#4        | 27/184 [00:00<00:02, 58.07it/s]
accuracy: 0.8571, accuracy3: 1.0000, loss: 0.3977 ||:  18%|#7        | 33/184 [00:00<00:02, 57.00it/s]
accuracy: 0.8572, accuracy3: 1.0000, loss: 0.3954 ||:  21%|##1       | 39/184 [00:00<00:02, 55.90it/s]
accuracy: 0.8562, accuracy3: 1.0000, loss: 0.3935 ||:  24%|##4       | 45/184 [00:00<00:02, 56.42it/s]
accuracy: 0.8559, accuracy3: 1.0000, loss: 0.3956 ||:  28%|##7       | 51/184 [00:00<00:02, 56.22it/s]
accuracy: 0.8566, accuracy3: 1.0000, loss: 0.3938 ||:  31%|###       | 57/184 [00:00<00:02, 56.81it/s]
accuracy: 0.8578, accuracy3: 1.0000, loss: 0.3934 ||:  35%|###4      | 64/184 [00:01<00:02, 58.52it/s]
accuracy: 0.8574, accuracy3: 1.0000, loss: 0.3951 ||:  39%|###8      | 71/184 [00:01<00:01, 59.52it/s]
accuracy: 0.8584, accuracy3: 1.0000, loss: 0.3942 ||:  42%|####1     | 77/184 [00:01<00:01, 59.16it/s]
accuracy: 0.8587, accuracy3: 1.0000, loss: 0.3928 ||:  45%|####5     | 83/184 [00:01<00:01, 59.01it/s]
accuracy: 0.8597, accuracy3: 1.0000, loss: 0.3928 ||:  48%|####8     | 89/184 [00:01<00:01, 57.53it/s]
accuracy: 0.8599, accuracy3: 1.0000, loss: 0.3948 ||:  52%|#####2    | 96/184 [00:01<00:01, 58.79it/s]
accuracy: 0.8602, accuracy3: 1.0000, loss: 0.3947 ||:  56%|#####5    | 103/184 [00:01<00:01, 60.25it/s]
accuracy: 0.8602, accuracy3: 1.0000, loss: 0.3945 ||:  60%|#####9    | 110/184 [00:01<00:01, 56.98it/s]
accuracy: 0.8587, accuracy3: 1.0000, loss: 0.3954 ||:  64%|######3   | 117/184 [00:01<00:01, 59.80it/s]
accuracy: 0.8582, accuracy3: 1.0000, loss: 0.3959 ||:  67%|######7   | 124/184 [00:02<00:01, 58.48it/s]
accuracy: 0.8581, accuracy3: 1.0000, loss: 0.3953 ||:  71%|#######   | 130/184 [00:02<00:00, 57.77it/s]
accuracy: 0.8577, accuracy3: 1.0000, loss: 0.3962 ||:  74%|#######3  | 136/184 [00:02<00:00, 57.62it/s]
accuracy: 0.8580, accuracy3: 1.0000, loss: 0.3955 ||:  77%|#######7  | 142/184 [00:02<00:00, 56.16it/s]
accuracy: 0.8579, accuracy3: 1.0000, loss: 0.3966 ||:  81%|########  | 149/184 [00:02<00:00, 58.11it/s]
accuracy: 0.8574, accuracy3: 1.0000, loss: 0.3962 ||:  85%|########4 | 156/184 [00:02<00:00, 60.19it/s]
accuracy: 0.8573, accuracy3: 1.0000, loss: 0.3958 ||:  89%|########8 | 163/184 [00:02<00:00, 59.82it/s]
accuracy: 0.8572, accuracy3: 1.0000, loss: 0.3963 ||:  92%|#########2| 170/184 [00:02<00:00, 60.06it/s]
accuracy: 0.8570, accuracy3: 1.0000, loss: 0.3960 ||:  96%|#########6| 177/184 [00:03<00:00, 59.31it/s]
accuracy: 0.8571, accuracy3: 1.0000, loss: 0.3959 ||:  99%|#########9| 183/184 [00:03<00:00, 59.49it/s]
accuracy: 0.8571, accuracy3: 1.0000, loss: 0.3964 ||: 100%|##########| 184/184 [00:03<00:00, 58.90it/s]

  0%|          | 0/98 [00:00<?, ?it/s]
accuracy: 0.8469, accuracy3: 1.0000, loss: 0.5237 ||:  12%|#2        | 12/98 [00:00<00:00, 114.96it/s]
accuracy: 0.8335, accuracy3: 1.0000, loss: 0.5113 ||:  24%|##4       | 24/98 [00:00<00:00, 114.49it/s]
accuracy: 0.8360, accuracy3: 1.0000, loss: 0.4879 ||:  37%|###6      | 36/98 [00:00<00:00, 115.99it/s]
accuracy: 0.8408, accuracy3: 1.0000, loss: 0.5039 ||:  48%|####7     | 47/98 [00:00<00:00, 112.61it/s]
accuracy: 0.8538, accuracy3: 1.0000, loss: 0.4876 ||:  59%|#####9    | 58/98 [00:00<00:00, 109.75it/s]
accuracy: 0.8503, accuracy3: 1.0000, loss: 0.4796 ||:  71%|#######1  | 70/98 [00:00<00:00, 110.15it/s]
accuracy: 0.8489, accuracy3: 1.0000, loss: 0.4838 ||:  84%|########3 | 82/98 [00:00<00:00, 112.51it/s]
accuracy: 0.8539, accuracy3: 1.0000, loss: 0.4953 ||:  95%|#########4| 93/98 [00:00<00:00, 111.21it/s]
accuracy: 0.8560, accuracy3: 1.0000, loss: 0.4912 ||: 100%|##########| 98/98 [00:00<00:00, 111.99it/s]

  0%|          | 0/184 [00:00<?, ?it/s]
accuracy: 0.8408, accuracy3: 1.0000, loss: 0.4027 ||:   3%|3         | 6/184 [00:00<00:03, 56.33it/s]
accuracy: 0.8454, accuracy3: 1.0000, loss: 0.3840 ||:   7%|7         | 13/184 [00:00<00:02, 58.52it/s]
accuracy: 0.8523, accuracy3: 1.0000, loss: 0.3820 ||:  10%|#         | 19/184 [00:00<00:02, 58.65it/s]
accuracy: 0.8554, accuracy3: 1.0000, loss: 0.3831 ||:  14%|#4        | 26/184 [00:00<00:02, 59.47it/s]
accuracy: 0.8561, accuracy3: 1.0000, loss: 0.3846 ||:  17%|#7        | 32/184 [00:00<00:02, 58.99it/s]
accuracy: 0.8568, accuracy3: 1.0000, loss: 0.3869 ||:  20%|##        | 37/184 [00:00<00:02, 55.19it/s]
accuracy: 0.8580, accuracy3: 1.0000, loss: 0.3903 ||:  24%|##3       | 44/184 [00:00<00:02, 57.26it/s]
accuracy: 0.8576, accuracy3: 1.0000, loss: 0.3916 ||:  27%|##7       | 50/184 [00:00<00:02, 55.69it/s]
accuracy: 0.8586, accuracy3: 1.0000, loss: 0.3926 ||:  31%|###       | 57/184 [00:00<00:02, 57.38it/s]
accuracy: 0.8576, accuracy3: 1.0000, loss: 0.3924 ||:  35%|###4      | 64/184 [00:01<00:02, 58.18it/s]
accuracy: 0.8575, accuracy3: 1.0000, loss: 0.3921 ||:  38%|###8      | 70/184 [00:01<00:02, 56.77it/s]
accuracy: 0.8561, accuracy3: 1.0000, loss: 0.3939 ||:  41%|####1     | 76/184 [00:01<00:01, 57.57it/s]
accuracy: 0.8564, accuracy3: 1.0000, loss: 0.3948 ||:  45%|####4     | 82/184 [00:01<00:01, 58.09it/s]
accuracy: 0.8564, accuracy3: 1.0000, loss: 0.3946 ||:  48%|####7     | 88/184 [00:01<00:01, 56.25it/s]
accuracy: 0.8570, accuracy3: 1.0000, loss: 0.3931 ||:  52%|#####1    | 95/184 [00:01<00:01, 57.86it/s]
accuracy: 0.8565, accuracy3: 1.0000, loss: 0.3943 ||:  55%|#####4    | 101/184 [00:01<00:01, 56.30it/s]
accuracy: 0.8563, accuracy3: 1.0000, loss: 0.3939 ||:  58%|#####8    | 107/184 [00:01<00:01, 56.85it/s]
accuracy: 0.8561, accuracy3: 1.0000, loss: 0.3927 ||:  61%|######1   | 113/184 [00:01<00:01, 57.19it/s]
accuracy: 0.8557, accuracy3: 1.0000, loss: 0.3932 ||:  65%|######4   | 119/184 [00:02<00:01, 55.57it/s]
accuracy: 0.8561, accuracy3: 1.0000, loss: 0.3931 ||:  68%|######7   | 125/184 [00:02<00:01, 55.60it/s]
accuracy: 0.8565, accuracy3: 1.0000, loss: 0.3939 ||:  72%|#######1  | 132/184 [00:02<00:00, 58.08it/s]
accuracy: 0.8563, accuracy3: 1.0000, loss: 0.3936 ||:  76%|#######5  | 139/184 [00:02<00:00, 58.04it/s]
accuracy: 0.8565, accuracy3: 1.0000, loss: 0.3931 ||:  79%|#######9  | 146/184 [00:02<00:00, 59.78it/s]
accuracy: 0.8566, accuracy3: 1.0000, loss: 0.3933 ||:  83%|########3 | 153/184 [00:02<00:00, 56.27it/s]
accuracy: 0.8568, accuracy3: 1.0000, loss: 0.3928 ||:  86%|########6 | 159/184 [00:02<00:00, 55.53it/s]
accuracy: 0.8567, accuracy3: 1.0000, loss: 0.3924 ||:  90%|########9 | 165/184 [00:02<00:00, 54.47it/s]
accuracy: 0.8569, accuracy3: 1.0000, loss: 0.3921 ||:  93%|#########2| 171/184 [00:02<00:00, 55.79it/s]
accuracy: 0.8566, accuracy3: 1.0000, loss: 0.3931 ||:  97%|#########6| 178/184 [00:03<00:00, 58.37it/s]
accuracy: 0.8568, accuracy3: 1.0000, loss: 0.3921 ||: 100%|##########| 184/184 [00:03<00:00, 57.82it/s]

  0%|          | 0/98 [00:00<?, ?it/s]
accuracy: 0.8488, accuracy3: 1.0000, loss: 0.5168 ||:  12%|#2        | 12/98 [00:00<00:00, 109.83it/s]
accuracy: 0.8374, accuracy3: 1.0000, loss: 0.5165 ||:  23%|##3       | 23/98 [00:00<00:00, 108.11it/s]
accuracy: 0.8379, accuracy3: 1.0000, loss: 0.4886 ||:  36%|###5      | 35/98 [00:00<00:00, 108.10it/s]
accuracy: 0.8437, accuracy3: 1.0000, loss: 0.5028 ||:  48%|####7     | 47/98 [00:00<00:00, 108.89it/s]
accuracy: 0.8567, accuracy3: 1.0000, loss: 0.4866 ||:  59%|#####9    | 58/98 [00:00<00:00, 107.67it/s]
accuracy: 0.8530, accuracy3: 1.0000, loss: 0.4784 ||:  71%|#######1  | 70/98 [00:00<00:00, 109.59it/s]
accuracy: 0.8511, accuracy3: 1.0000, loss: 0.4825 ||:  83%|########2 | 81/98 [00:00<00:00, 109.30it/s]
accuracy: 0.8561, accuracy3: 1.0000, loss: 0.4939 ||:  95%|#########4| 93/98 [00:00<00:00, 111.00it/s]
accuracy: 0.8582, accuracy3: 1.0000, loss: 0.4897 ||: 100%|##########| 98/98 [00:00<00:00, 109.86it/s]

  0%|          | 0/184 [00:00<?, ?it/s]
accuracy: 0.8519, accuracy3: 1.0000, loss: 0.4143 ||:   3%|3         | 6/184 [00:00<00:03, 58.31it/s]
accuracy: 0.8565, accuracy3: 1.0000, loss: 0.4045 ||:   7%|6         | 12/184 [00:00<00:02, 58.48it/s]
accuracy: 0.8574, accuracy3: 1.0000, loss: 0.3972 ||:  10%|#         | 19/184 [00:00<00:02, 59.49it/s]
accuracy: 0.8606, accuracy3: 1.0000, loss: 0.3918 ||:  14%|#3        | 25/184 [00:00<00:02, 58.88it/s]
accuracy: 0.8599, accuracy3: 1.0000, loss: 0.3948 ||:  17%|#6        | 31/184 [00:00<00:02, 57.06it/s]
accuracy: 0.8592, accuracy3: 1.0000, loss: 0.3936 ||:  20%|##        | 37/184 [00:00<00:02, 57.90it/s]
accuracy: 0.8572, accuracy3: 1.0000, loss: 0.3931 ||:  23%|##3       | 43/184 [00:00<00:02, 57.10it/s]
accuracy: 0.8582, accuracy3: 1.0000, loss: 0.3906 ||:  27%|##7       | 50/184 [00:00<00:02, 59.93it/s]
accuracy: 0.8571, accuracy3: 1.0000, loss: 0.3893 ||:  30%|###       | 56/184 [00:00<00:02, 56.90it/s]
accuracy: 0.8568, accuracy3: 1.0000, loss: 0.3906 ||:  34%|###4      | 63/184 [00:01<00:02, 59.01it/s]
accuracy: 0.8582, accuracy3: 1.0000, loss: 0.3901 ||:  38%|###7      | 69/184 [00:01<00:01, 58.64it/s]
accuracy: 0.8587, accuracy3: 1.0000, loss: 0.3908 ||:  41%|####      | 75/184 [00:01<00:01, 56.18it/s]
accuracy: 0.8584, accuracy3: 1.0000, loss: 0.3918 ||:  44%|####4     | 81/184 [00:01<00:01, 56.63it/s]
accuracy: 0.8590, accuracy3: 1.0000, loss: 0.3923 ||:  47%|####7     | 87/184 [00:01<00:01, 55.00it/s]
accuracy: 0.8596, accuracy3: 1.0000, loss: 0.3911 ||:  51%|#####     | 93/184 [00:01<00:01, 55.90it/s]
accuracy: 0.8598, accuracy3: 1.0000, loss: 0.3926 ||:  54%|#####4    | 100/184 [00:01<00:01, 58.71it/s]
accuracy: 0.8595, accuracy3: 1.0000, loss: 0.3932 ||:  58%|#####7    | 106/184 [00:01<00:01, 58.06it/s]
accuracy: 0.8588, accuracy3: 1.0000, loss: 0.3932 ||:  61%|######1   | 113/184 [00:01<00:01, 58.51it/s]
accuracy: 0.8588, accuracy3: 1.0000, loss: 0.3920 ||:  65%|######4   | 119/184 [00:02<00:01, 58.70it/s]
accuracy: 0.8586, accuracy3: 1.0000, loss: 0.3914 ||:  68%|######8   | 126/184 [00:02<00:00, 60.05it/s]
accuracy: 0.8584, accuracy3: 1.0000, loss: 0.3923 ||:  72%|#######2  | 133/184 [00:02<00:00, 58.31it/s]
accuracy: 0.8578, accuracy3: 1.0000, loss: 0.3925 ||:  76%|#######5  | 139/184 [00:02<00:00, 58.80it/s]
accuracy: 0.8576, accuracy3: 1.0000, loss: 0.3920 ||:  79%|#######8  | 145/184 [00:02<00:00, 57.49it/s]
accuracy: 0.8578, accuracy3: 1.0000, loss: 0.3922 ||:  83%|########2 | 152/184 [00:02<00:00, 58.56it/s]
accuracy: 0.8581, accuracy3: 1.0000, loss: 0.3917 ||:  86%|########6 | 159/184 [00:02<00:00, 59.61it/s]
accuracy: 0.8584, accuracy3: 1.0000, loss: 0.3912 ||:  90%|########9 | 165/184 [00:02<00:00, 56.59it/s]
accuracy: 0.8585, accuracy3: 1.0000, loss: 0.3907 ||:  93%|#########2| 171/184 [00:02<00:00, 57.30it/s]
accuracy: 0.8583, accuracy3: 1.0000, loss: 0.3909 ||:  96%|#########6| 177/184 [00:03<00:00, 57.17it/s]
accuracy: 0.8582, accuracy3: 1.0000, loss: 0.3910 ||: 100%|##########| 184/184 [00:03<00:00, 59.76it/s]

  0%|          | 0/98 [00:00<?, ?it/s]
accuracy: 0.8501, accuracy3: 1.0000, loss: 0.5121 ||:  12%|#2        | 12/98 [00:00<00:00, 119.23it/s]
accuracy: 0.8358, accuracy3: 1.0000, loss: 0.5069 ||:  24%|##4       | 24/98 [00:00<00:00, 117.43it/s]
accuracy: 0.8366, accuracy3: 1.0000, loss: 0.4846 ||:  36%|###5      | 35/98 [00:00<00:00, 113.56it/s]
accuracy: 0.8406, accuracy3: 1.0000, loss: 0.5015 ||:  47%|####6     | 46/98 [00:00<00:00, 112.05it/s]
accuracy: 0.8556, accuracy3: 1.0000, loss: 0.4809 ||:  58%|#####8    | 57/98 [00:00<00:00, 110.50it/s]
accuracy: 0.8519, accuracy3: 1.0000, loss: 0.4768 ||:  70%|#######   | 69/98 [00:00<00:00, 110.00it/s]
accuracy: 0.8493, accuracy3: 1.0000, loss: 0.4798 ||:  83%|########2 | 81/98 [00:00<00:00, 110.96it/s]
accuracy: 0.8545, accuracy3: 1.0000, loss: 0.4912 ||:  95%|#########4| 93/98 [00:00<00:00, 112.15it/s]
accuracy: 0.8566, accuracy3: 1.0000, loss: 0.4871 ||: 100%|##########| 98/98 [00:00<00:00, 111.69it/s]

  0%|          | 0/184 [00:00<?, ?it/s]
accuracy: 0.8654, accuracy3: 1.0000, loss: 0.3888 ||:   3%|3         | 6/184 [00:00<00:03, 48.67it/s]
accuracy: 0.8559, accuracy3: 1.0000, loss: 0.4141 ||:   7%|6         | 12/184 [00:00<00:03, 50.51it/s]
accuracy: 0.8608, accuracy3: 1.0000, loss: 0.3978 ||:  10%|9         | 18/184 [00:00<00:03, 49.59it/s]
accuracy: 0.8595, accuracy3: 1.0000, loss: 0.4011 ||:  14%|#3        | 25/184 [00:00<00:02, 53.22it/s]
accuracy: 0.8599, accuracy3: 1.0000, loss: 0.4007 ||:  17%|#6        | 31/184 [00:00<00:02, 54.80it/s]
accuracy: 0.8569, accuracy3: 1.0000, loss: 0.4021 ||:  21%|##        | 38/184 [00:00<00:02, 57.97it/s]
accuracy: 0.8572, accuracy3: 1.0000, loss: 0.3963 ||:  24%|##3       | 44/184 [00:00<00:02, 55.70it/s]
accuracy: 0.8568, accuracy3: 1.0000, loss: 0.3950 ||:  28%|##7       | 51/184 [00:00<00:02, 57.52it/s]
accuracy: 0.8584, accuracy3: 1.0000, loss: 0.3934 ||:  32%|###1      | 58/184 [00:01<00:02, 58.81it/s]
accuracy: 0.8583, accuracy3: 1.0000, loss: 0.3917 ||:  35%|###4      | 64/184 [00:01<00:02, 58.25it/s]
accuracy: 0.8597, accuracy3: 1.0000, loss: 0.3901 ||:  39%|###8      | 71/184 [00:01<00:01, 59.00it/s]
accuracy: 0.8589, accuracy3: 1.0000, loss: 0.3918 ||:  42%|####2     | 78/184 [00:01<00:01, 61.23it/s]
accuracy: 0.8593, accuracy3: 1.0000, loss: 0.3906 ||:  46%|####6     | 85/184 [00:01<00:01, 57.46it/s]
accuracy: 0.8596, accuracy3: 1.0000, loss: 0.3902 ||:  50%|#####     | 92/184 [00:01<00:01, 59.73it/s]
accuracy: 0.8597, accuracy3: 1.0000, loss: 0.3909 ||:  54%|#####3    | 99/184 [00:01<00:01, 60.56it/s]
accuracy: 0.8594, accuracy3: 1.0000, loss: 0.3912 ||:  58%|#####7    | 106/184 [00:01<00:01, 60.65it/s]
accuracy: 0.8591, accuracy3: 1.0000, loss: 0.3912 ||:  61%|######1   | 113/184 [00:01<00:01, 58.89it/s]
accuracy: 0.8588, accuracy3: 1.0000, loss: 0.3900 ||:  65%|######4   | 119/184 [00:02<00:01, 58.64it/s]
accuracy: 0.8589, accuracy3: 1.0000, loss: 0.3888 ||:  68%|######8   | 126/184 [00:02<00:00, 59.05it/s]
accuracy: 0.8591, accuracy3: 1.0000, loss: 0.3880 ||:  72%|#######1  | 132/184 [00:02<00:00, 56.98it/s]
accuracy: 0.8593, accuracy3: 1.0000, loss: 0.3881 ||:  75%|#######5  | 138/184 [00:02<00:00, 57.74it/s]
accuracy: 0.8598, accuracy3: 1.0000, loss: 0.3878 ||:  78%|#######8  | 144/184 [00:02<00:00, 57.56it/s]
accuracy: 0.8598, accuracy3: 1.0000, loss: 0.3895 ||:  82%|########1 | 150/184 [00:02<00:00, 58.07it/s]
accuracy: 0.8600, accuracy3: 1.0000, loss: 0.3903 ||:  85%|########5 | 157/184 [00:02<00:00, 59.53it/s]
accuracy: 0.8598, accuracy3: 1.0000, loss: 0.3902 ||:  89%|########8 | 163/184 [00:02<00:00, 56.48it/s]
accuracy: 0.8592, accuracy3: 1.0000, loss: 0.3902 ||:  92%|#########2| 170/184 [00:02<00:00, 58.65it/s]
accuracy: 0.8591, accuracy3: 1.0000, loss: 0.3897 ||:  96%|#########5| 176/184 [00:03<00:00, 56.52it/s]
accuracy: 0.8589, accuracy3: 1.0000, loss: 0.3900 ||:  99%|#########8| 182/184 [00:03<00:00, 55.98it/s]
accuracy: 0.8588, accuracy3: 1.0000, loss: 0.3901 ||: 100%|##########| 184/184 [00:03<00:00, 58.17it/s]

  0%|          | 0/98 [00:00<?, ?it/s]
accuracy: 0.8448, accuracy3: 1.0000, loss: 0.5071 ||:  12%|#2        | 12/98 [00:00<00:00, 117.55it/s]
accuracy: 0.8312, accuracy3: 1.0000, loss: 0.5041 ||:  24%|##4       | 24/98 [00:00<00:00, 116.31it/s]
accuracy: 0.8317, accuracy3: 1.0000, loss: 0.4822 ||:  35%|###4      | 34/98 [00:00<00:00, 109.65it/s]
accuracy: 0.8369, accuracy3: 1.0000, loss: 0.4998 ||:  47%|####6     | 46/98 [00:00<00:00, 110.97it/s]
accuracy: 0.8522, accuracy3: 1.0000, loss: 0.4792 ||:  58%|#####8    | 57/98 [00:00<00:00, 109.47it/s]
accuracy: 0.8485, accuracy3: 1.0000, loss: 0.4753 ||:  70%|#######   | 69/98 [00:00<00:00, 109.51it/s]
accuracy: 0.8456, accuracy3: 1.0000, loss: 0.4779 ||:  82%|########1 | 80/98 [00:00<00:00, 109.55it/s]
accuracy: 0.8507, accuracy3: 1.0000, loss: 0.4872 ||:  94%|#########3| 92/98 [00:00<00:00, 111.71it/s]
accuracy: 0.8538, accuracy3: 1.0000, loss: 0.4847 ||: 100%|##########| 98/98 [00:00<00:00, 110.45it/s]

  0%|          | 0/184 [00:00<?, ?it/s]
accuracy: 0.8472, accuracy3: 1.0000, loss: 0.4317 ||:   3%|2         | 5/184 [00:00<00:03, 48.97it/s]
accuracy: 0.8514, accuracy3: 1.0000, loss: 0.4055 ||:   6%|5         | 11/184 [00:00<00:03, 50.79it/s]
accuracy: 0.8491, accuracy3: 1.0000, loss: 0.3925 ||:   9%|9         | 17/184 [00:00<00:03, 51.30it/s]
accuracy: 0.8461, accuracy3: 1.0000, loss: 0.3954 ||:  13%|#3        | 24/184 [00:00<00:03, 52.70it/s]
accuracy: 0.8448, accuracy3: 1.0000, loss: 0.4001 ||:  16%|#6        | 30/184 [00:00<00:02, 53.40it/s]
accuracy: 0.8471, accuracy3: 1.0000, loss: 0.3983 ||:  20%|#9        | 36/184 [00:00<00:02, 53.47it/s]
accuracy: 0.8504, accuracy3: 1.0000, loss: 0.3928 ||:  23%|##3       | 43/184 [00:00<00:02, 55.72it/s]
accuracy: 0.8514, accuracy3: 1.0000, loss: 0.3929 ||:  27%|##6       | 49/184 [00:00<00:02, 56.58it/s]
accuracy: 0.8520, accuracy3: 1.0000, loss: 0.3939 ||:  30%|###       | 56/184 [00:01<00:02, 57.61it/s]
accuracy: 0.8535, accuracy3: 1.0000, loss: 0.3928 ||:  34%|###4      | 63/184 [00:01<00:02, 58.75it/s]
accuracy: 0.8537, accuracy3: 1.0000, loss: 0.3941 ||:  38%|###7      | 69/184 [00:01<00:02, 57.07it/s]
accuracy: 0.8544, accuracy3: 1.0000, loss: 0.3923 ||:  41%|####      | 75/184 [00:01<00:01, 56.85it/s]
accuracy: 0.8557, accuracy3: 1.0000, loss: 0.3911 ||:  45%|####4     | 82/184 [00:01<00:01, 58.50it/s]
accuracy: 0.8563, accuracy3: 1.0000, loss: 0.3914 ||:  48%|####8     | 89/184 [00:01<00:01, 59.54it/s]
accuracy: 0.8569, accuracy3: 1.0000, loss: 0.3909 ||:  52%|#####1    | 95/184 [00:01<00:01, 56.20it/s]
accuracy: 0.8572, accuracy3: 1.0000, loss: 0.3912 ||:  55%|#####4    | 101/184 [00:01<00:01, 55.72it/s]
accuracy: 0.8572, accuracy3: 1.0000, loss: 0.3905 ||:  59%|#####8    | 108/184 [00:01<00:01, 57.41it/s]
accuracy: 0.8568, accuracy3: 1.0000, loss: 0.3907 ||:  62%|######2   | 115/184 [00:02<00:01, 58.58it/s]
accuracy: 0.8566, accuracy3: 1.0000, loss: 0.3915 ||:  66%|######5   | 121/184 [00:02<00:01, 56.25it/s]
accuracy: 0.8566, accuracy3: 1.0000, loss: 0.3903 ||:  69%|######9   | 127/184 [00:02<00:01, 56.94it/s]
accuracy: 0.8563, accuracy3: 1.0000, loss: 0.3923 ||:  72%|#######2  | 133/184 [00:02<00:00, 56.62it/s]
accuracy: 0.8559, accuracy3: 1.0000, loss: 0.3934 ||:  76%|#######5  | 139/184 [00:02<00:00, 56.54it/s]
accuracy: 0.8558, accuracy3: 1.0000, loss: 0.3931 ||:  79%|#######9  | 146/184 [00:02<00:00, 58.64it/s]
accuracy: 0.8554, accuracy3: 1.0000, loss: 0.3920 ||:  83%|########2 | 152/184 [00:02<00:00, 57.54it/s]
accuracy: 0.8555, accuracy3: 1.0000, loss: 0.3918 ||:  86%|########6 | 159/184 [00:02<00:00, 59.18it/s]
accuracy: 0.8555, accuracy3: 1.0000, loss: 0.3916 ||:  90%|######### | 166/184 [00:02<00:00, 60.80it/s]
accuracy: 0.8561, accuracy3: 1.0000, loss: 0.3902 ||:  94%|#########4| 173/184 [00:02<00:00, 61.59it/s]
accuracy: 0.8567, accuracy3: 1.0000, loss: 0.3901 ||:  98%|#########7| 180/184 [00:03<00:00, 60.07it/s]
accuracy: 0.8572, accuracy3: 1.0000, loss: 0.3891 ||: 100%|##########| 184/184 [00:03<00:00, 57.94it/s]

  0%|          | 0/98 [00:00<?, ?it/s]
accuracy: 0.8502, accuracy3: 1.0000, loss: 0.5139 ||:  12%|#2        | 12/98 [00:00<00:00, 119.64it/s]
accuracy: 0.8377, accuracy3: 1.0000, loss: 0.5163 ||:  23%|##3       | 23/98 [00:00<00:00, 114.56it/s]
accuracy: 0.8390, accuracy3: 1.0000, loss: 0.4867 ||:  36%|###5      | 35/98 [00:00<00:00, 114.95it/s]
accuracy: 0.8435, accuracy3: 1.0000, loss: 0.5056 ||:  47%|####6     | 46/98 [00:00<00:00, 111.74it/s]
accuracy: 0.8590, accuracy3: 1.0000, loss: 0.4841 ||:  58%|#####8    | 57/98 [00:00<00:00, 108.68it/s]
accuracy: 0.8555, accuracy3: 1.0000, loss: 0.4800 ||:  70%|#######   | 69/98 [00:00<00:00, 109.85it/s]
accuracy: 0.8528, accuracy3: 1.0000, loss: 0.4826 ||:  82%|########1 | 80/98 [00:00<00:00, 109.12it/s]
accuracy: 0.8561, accuracy3: 1.0000, loss: 0.4932 ||:  92%|#########1| 90/98 [00:00<00:00, 100.13it/s]
accuracy: 0.8605, accuracy3: 1.0000, loss: 0.4902 ||: 100%|##########| 98/98 [00:00<00:00, 105.00it/s]

  0%|          | 0/184 [00:00<?, ?it/s]
accuracy: 0.8657, accuracy3: 1.0000, loss: 0.3947 ||:   3%|2         | 5/184 [00:00<00:04, 43.92it/s]
accuracy: 0.8633, accuracy3: 1.0000, loss: 0.3961 ||:   5%|5         | 10/184 [00:00<00:03, 44.85it/s]
accuracy: 0.8627, accuracy3: 1.0000, loss: 0.3939 ||:   8%|8         | 15/184 [00:00<00:03, 45.38it/s]
accuracy: 0.8618, accuracy3: 1.0000, loss: 0.3902 ||:  12%|#1        | 22/184 [00:00<00:03, 48.84it/s]
accuracy: 0.8568, accuracy3: 1.0000, loss: 0.3907 ||:  15%|#5        | 28/184 [00:00<00:03, 50.73it/s]
accuracy: 0.8561, accuracy3: 1.0000, loss: 0.3924 ||:  18%|#8        | 34/184 [00:00<00:02, 51.39it/s]
accuracy: 0.8580, accuracy3: 1.0000, loss: 0.3911 ||:  22%|##1       | 40/184 [00:00<00:02, 53.43it/s]
accuracy: 0.8585, accuracy3: 1.0000, loss: 0.3918 ||:  26%|##5       | 47/184 [00:00<00:02, 55.94it/s]
accuracy: 0.8565, accuracy3: 1.0000, loss: 0.3914 ||:  29%|##8       | 53/184 [00:00<00:02, 54.99it/s]
accuracy: 0.8569, accuracy3: 1.0000, loss: 0.3930 ||:  32%|###2      | 59/184 [00:01<00:02, 56.39it/s]
accuracy: 0.8560, accuracy3: 1.0000, loss: 0.3947 ||:  36%|###5      | 66/184 [00:01<00:02, 56.88it/s]
accuracy: 0.8584, accuracy3: 1.0000, loss: 0.3920 ||:  39%|###9      | 72/184 [00:01<00:02, 55.97it/s]
accuracy: 0.8594, accuracy3: 1.0000, loss: 0.3915 ||:  42%|####2     | 78/184 [00:01<00:01, 56.21it/s]
accuracy: 0.8597, accuracy3: 1.0000, loss: 0.3917 ||:  46%|####6     | 85/184 [00:01<00:01, 58.50it/s]
accuracy: 0.8597, accuracy3: 1.0000, loss: 0.3918 ||:  49%|####9     | 91/184 [00:01<00:01, 58.37it/s]
accuracy: 0.8602, accuracy3: 1.0000, loss: 0.3911 ||:  53%|#####2    | 97/184 [00:01<00:01, 57.28it/s]
accuracy: 0.8604, accuracy3: 1.0000, loss: 0.3900 ||:  56%|#####5    | 103/184 [00:01<00:01, 56.41it/s]
accuracy: 0.8601, accuracy3: 1.0000, loss: 0.3914 ||:  60%|#####9    | 110/184 [00:01<00:01, 57.55it/s]
accuracy: 0.8603, accuracy3: 1.0000, loss: 0.3905 ||:  63%|######3   | 116/184 [00:02<00:01, 54.67it/s]
accuracy: 0.8599, accuracy3: 1.0000, loss: 0.3906 ||:  66%|######6   | 122/184 [00:02<00:01, 54.62it/s]
accuracy: 0.8590, accuracy3: 1.0000, loss: 0.3920 ||:  70%|#######   | 129/184 [00:02<00:00, 56.74it/s]
accuracy: 0.8582, accuracy3: 1.0000, loss: 0.3928 ||:  73%|#######3  | 135/184 [00:02<00:00, 57.26it/s]
accuracy: 0.8578, accuracy3: 1.0000, loss: 0.3925 ||:  77%|#######6  | 141/184 [00:02<00:00, 55.95it/s]
accuracy: 0.8575, accuracy3: 1.0000, loss: 0.3910 ||:  80%|#######9  | 147/184 [00:02<00:00, 54.44it/s]
accuracy: 0.8572, accuracy3: 1.0000, loss: 0.3900 ||:  83%|########3 | 153/184 [00:02<00:00, 54.03it/s]
accuracy: 0.8576, accuracy3: 1.0000, loss: 0.3914 ||:  86%|########6 | 159/184 [00:02<00:00, 55.24it/s]
accuracy: 0.8574, accuracy3: 1.0000, loss: 0.3908 ||:  90%|########9 | 165/184 [00:02<00:00, 56.09it/s]
accuracy: 0.8576, accuracy3: 1.0000, loss: 0.3904 ||:  93%|#########2| 171/184 [00:03<00:00, 54.40it/s]
accuracy: 0.8579, accuracy3: 1.0000, loss: 0.3893 ||:  96%|#########6| 177/184 [00:03<00:00, 55.56it/s]
accuracy: 0.8579, accuracy3: 1.0000, loss: 0.3892 ||:  99%|#########9| 183/184 [00:03<00:00, 53.41it/s]
accuracy: 0.8579, accuracy3: 1.0000, loss: 0.3887 ||: 100%|##########| 184/184 [00:03<00:00, 55.38it/s]

  0%|          | 0/98 [00:00<?, ?it/s]
accuracy: 0.8492, accuracy3: 1.0000, loss: 0.5159 ||:  12%|#2        | 12/98 [00:00<00:00, 116.10it/s]
accuracy: 0.8365, accuracy3: 1.0000, loss: 0.5110 ||:  24%|##4       | 24/98 [00:00<00:00, 114.56it/s]
accuracy: 0.8404, accuracy3: 1.0000, loss: 0.4853 ||:  37%|###6      | 36/98 [00:00<00:00, 114.13it/s]
accuracy: 0.8472, accuracy3: 1.0000, loss: 0.5030 ||:  49%|####8     | 48/98 [00:00<00:00, 113.22it/s]
accuracy: 0.8591, accuracy3: 1.0000, loss: 0.4870 ||:  60%|######    | 59/98 [00:00<00:00, 110.92it/s]
accuracy: 0.8561, accuracy3: 1.0000, loss: 0.4791 ||:  71%|#######1  | 70/98 [00:00<00:00, 110.20it/s]
accuracy: 0.8550, accuracy3: 1.0000, loss: 0.4832 ||:  84%|########3 | 82/98 [00:00<00:00, 112.00it/s]
accuracy: 0.8599, accuracy3: 1.0000, loss: 0.4949 ||:  96%|#########5| 94/98 [00:00<00:00, 110.93it/s]
accuracy: 0.8615, accuracy3: 1.0000, loss: 0.4907 ||: 100%|##########| 98/98 [00:00<00:00, 111.67it/s]

  0%|          | 0/184 [00:00<?, ?it/s]
accuracy: 0.8589, accuracy3: 1.0000, loss: 0.3842 ||:   3%|3         | 6/184 [00:00<00:03, 51.16it/s]
accuracy: 0.8685, accuracy3: 1.0000, loss: 0.3820 ||:   7%|6         | 12/184 [00:00<00:03, 52.80it/s]
accuracy: 0.8662, accuracy3: 1.0000, loss: 0.3854 ||:  10%|9         | 18/184 [00:00<00:03, 53.15it/s]
accuracy: 0.8634, accuracy3: 1.0000, loss: 0.3895 ||:  13%|#3        | 24/184 [00:00<00:02, 53.70it/s]
accuracy: 0.8628, accuracy3: 1.0000, loss: 0.3878 ||:  16%|#6        | 30/184 [00:00<00:02, 53.77it/s]
accuracy: 0.8617, accuracy3: 1.0000, loss: 0.3891 ||:  20%|#9        | 36/184 [00:00<00:02, 54.88it/s]
accuracy: 0.8608, accuracy3: 1.0000, loss: 0.3882 ||:  23%|##3       | 43/184 [00:00<00:02, 56.26it/s]
accuracy: 0.8612, accuracy3: 1.0000, loss: 0.3851 ||:  27%|##7       | 50/184 [00:00<00:02, 57.94it/s]
accuracy: 0.8617, accuracy3: 1.0000, loss: 0.3854 ||:  30%|###       | 56/184 [00:00<00:02, 57.11it/s]
accuracy: 0.8610, accuracy3: 1.0000, loss: 0.3870 ||:  34%|###3      | 62/184 [00:01<00:02, 55.00it/s]
accuracy: 0.8605, accuracy3: 1.0000, loss: 0.3872 ||:  38%|###7      | 69/184 [00:01<00:01, 57.97it/s]
accuracy: 0.8598, accuracy3: 1.0000, loss: 0.3867 ||:  41%|####1     | 76/184 [00:01<00:01, 59.77it/s]
accuracy: 0.8600, accuracy3: 1.0000, loss: 0.3888 ||:  45%|####4     | 82/184 [00:01<00:01, 58.49it/s]
accuracy: 0.8596, accuracy3: 1.0000, loss: 0.3904 ||:  48%|####8     | 89/184 [00:01<00:01, 59.83it/s]
accuracy: 0.8588, accuracy3: 1.0000, loss: 0.3910 ||:  52%|#####1    | 95/184 [00:01<00:01, 59.54it/s]
accuracy: 0.8580, accuracy3: 1.0000, loss: 0.3900 ||:  55%|#####4    | 101/184 [00:01<00:01, 58.45it/s]
accuracy: 0.8586, accuracy3: 1.0000, loss: 0.3901 ||:  58%|#####8    | 107/184 [00:01<00:01, 58.65it/s]
accuracy: 0.8588, accuracy3: 1.0000, loss: 0.3904 ||:  61%|######1   | 113/184 [00:01<00:01, 56.71it/s]
accuracy: 0.8586, accuracy3: 1.0000, loss: 0.3900 ||:  65%|######4   | 119/184 [00:02<00:01, 57.23it/s]
accuracy: 0.8581, accuracy3: 1.0000, loss: 0.3899 ||:  68%|######7   | 125/184 [00:02<00:01, 56.30it/s]
accuracy: 0.8580, accuracy3: 1.0000, loss: 0.3890 ||:  71%|#######1  | 131/184 [00:02<00:00, 56.52it/s]
accuracy: 0.8572, accuracy3: 1.0000, loss: 0.3908 ||:  74%|#######4  | 137/184 [00:02<00:00, 56.69it/s]
accuracy: 0.8573, accuracy3: 1.0000, loss: 0.3914 ||:  78%|#######7  | 143/184 [00:02<00:00, 56.88it/s]
accuracy: 0.8578, accuracy3: 1.0000, loss: 0.3914 ||:  82%|########1 | 150/184 [00:02<00:00, 58.51it/s]
accuracy: 0.8580, accuracy3: 1.0000, loss: 0.3904 ||:  85%|########5 | 157/184 [00:02<00:00, 59.39it/s]
accuracy: 0.8581, accuracy3: 1.0000, loss: 0.3896 ||:  89%|########9 | 164/184 [00:02<00:00, 59.78it/s]
accuracy: 0.8583, accuracy3: 1.0000, loss: 0.3897 ||:  93%|#########2| 171/184 [00:02<00:00, 61.35it/s]
accuracy: 0.8591, accuracy3: 1.0000, loss: 0.3887 ||:  97%|#########6| 178/184 [00:03<00:00, 60.63it/s]
accuracy: 0.8590, accuracy3: 1.0000, loss: 0.3884 ||: 100%|##########| 184/184 [00:03<00:00, 58.32it/s]

  0%|          | 0/98 [00:00<?, ?it/s]
accuracy: 0.8433, accuracy3: 1.0000, loss: 0.5072 ||:  13%|#3        | 13/98 [00:00<00:00, 120.87it/s]
accuracy: 0.8328, accuracy3: 1.0000, loss: 0.5064 ||:  24%|##4       | 24/98 [00:00<00:00, 115.32it/s]
accuracy: 0.8369, accuracy3: 1.0000, loss: 0.4820 ||:  37%|###6      | 36/98 [00:00<00:00, 114.17it/s]
accuracy: 0.8431, accuracy3: 1.0000, loss: 0.4992 ||:  49%|####8     | 48/98 [00:00<00:00, 113.75it/s]
accuracy: 0.8544, accuracy3: 1.0000, loss: 0.4843 ||:  61%|######1   | 60/98 [00:00<00:00, 113.01it/s]
accuracy: 0.8516, accuracy3: 1.0000, loss: 0.4766 ||:  73%|#######3  | 72/98 [00:00<00:00, 114.66it/s]
accuracy: 0.8505, accuracy3: 1.0000, loss: 0.4805 ||:  86%|########5 | 84/98 [00:00<00:00, 114.51it/s]
accuracy: 0.8566, accuracy3: 1.0000, loss: 0.4893 ||:  98%|#########7| 96/98 [00:00<00:00, 113.22it/s]
accuracy: 0.8573, accuracy3: 1.0000, loss: 0.4872 ||: 100%|##########| 98/98 [00:00<00:00, 113.47it/s]

  0%|          | 0/184 [00:00<?, ?it/s]
accuracy: 0.8559, accuracy3: 1.0000, loss: 0.3798 ||:   3%|3         | 6/184 [00:00<00:03, 55.23it/s]
accuracy: 0.8600, accuracy3: 1.0000, loss: 0.3885 ||:   7%|6         | 12/184 [00:00<00:03, 56.37it/s]
accuracy: 0.8594, accuracy3: 1.0000, loss: 0.3888 ||:  10%|9         | 18/184 [00:00<00:03, 53.43it/s]
accuracy: 0.8592, accuracy3: 1.0000, loss: 0.3898 ||:  14%|#3        | 25/184 [00:00<00:02, 55.47it/s]
accuracy: 0.8610, accuracy3: 1.0000, loss: 0.3875 ||:  17%|#7        | 32/184 [00:00<00:02, 57.59it/s]
accuracy: 0.8600, accuracy3: 1.0000, loss: 0.3915 ||:  21%|##1       | 39/184 [00:00<00:02, 59.19it/s]
accuracy: 0.8591, accuracy3: 1.0000, loss: 0.3914 ||:  24%|##4       | 45/184 [00:00<00:02, 57.40it/s]
accuracy: 0.8578, accuracy3: 1.0000, loss: 0.3920 ||:  28%|##7       | 51/184 [00:00<00:02, 56.34it/s]
accuracy: 0.8575, accuracy3: 1.0000, loss: 0.3916 ||:  31%|###       | 57/184 [00:01<00:02, 56.19it/s]
accuracy: 0.8567, accuracy3: 1.0000, loss: 0.3939 ||:  34%|###4      | 63/184 [00:01<00:02, 55.69it/s]
accuracy: 0.8558, accuracy3: 1.0000, loss: 0.3924 ||:  38%|###7      | 69/184 [00:01<00:02, 53.42it/s]
accuracy: 0.8557, accuracy3: 1.0000, loss: 0.3914 ||:  41%|####1     | 76/184 [00:01<00:01, 56.13it/s]
accuracy: 0.8553, accuracy3: 1.0000, loss: 0.3920 ||:  45%|####4     | 82/184 [00:01<00:01, 55.17it/s]
accuracy: 0.8567, accuracy3: 1.0000, loss: 0.3904 ||:  48%|####8     | 89/184 [00:01<00:01, 57.01it/s]
accuracy: 0.8576, accuracy3: 1.0000, loss: 0.3874 ||:  52%|#####2    | 96/184 [00:01<00:01, 58.55it/s]
accuracy: 0.8587, accuracy3: 1.0000, loss: 0.3858 ||:  56%|#####5    | 103/184 [00:01<00:01, 61.02it/s]
accuracy: 0.8590, accuracy3: 1.0000, loss: 0.3869 ||:  60%|#####9    | 110/184 [00:01<00:01, 61.64it/s]
accuracy: 0.8591, accuracy3: 1.0000, loss: 0.3876 ||:  64%|######3   | 117/184 [00:02<00:01, 56.65it/s]
accuracy: 0.8591, accuracy3: 1.0000, loss: 0.3885 ||:  67%|######6   | 123/184 [00:02<00:01, 56.95it/s]
accuracy: 0.8589, accuracy3: 1.0000, loss: 0.3890 ||:  71%|#######   | 130/184 [00:02<00:00, 58.70it/s]
accuracy: 0.8579, accuracy3: 1.0000, loss: 0.3891 ||:  74%|#######4  | 137/184 [00:02<00:00, 59.52it/s]
accuracy: 0.8581, accuracy3: 1.0000, loss: 0.3880 ||:  78%|#######8  | 144/184 [00:02<00:00, 59.18it/s]
accuracy: 0.8584, accuracy3: 1.0000, loss: 0.3876 ||:  82%|########2 | 151/184 [00:02<00:00, 58.60it/s]
accuracy: 0.8585, accuracy3: 1.0000, loss: 0.3873 ||:  85%|########5 | 157/184 [00:02<00:00, 58.59it/s]
accuracy: 0.8586, accuracy3: 1.0000, loss: 0.3876 ||:  89%|########8 | 163/184 [00:02<00:00, 58.46it/s]
accuracy: 0.8589, accuracy3: 1.0000, loss: 0.3877 ||:  92%|#########1| 169/184 [00:02<00:00, 58.91it/s]
accuracy: 0.8591, accuracy3: 1.0000, loss: 0.3879 ||:  96%|#########5| 176/184 [00:03<00:00, 60.02it/s]
accuracy: 0.8594, accuracy3: 1.0000, loss: 0.3886 ||:  99%|#########9| 183/184 [00:03<00:00, 59.21it/s]
accuracy: 0.8592, accuracy3: 1.0000, loss: 0.3889 ||: 100%|##########| 184/184 [00:03<00:00, 58.21it/s]

  0%|          | 0/98 [00:00<?, ?it/s]
accuracy: 0.8467, accuracy3: 1.0000, loss: 0.5054 ||:  12%|#2        | 12/98 [00:00<00:00, 114.80it/s]
accuracy: 0.8339, accuracy3: 1.0000, loss: 0.5041 ||:  24%|##4       | 24/98 [00:00<00:00, 115.68it/s]
accuracy: 0.8375, accuracy3: 1.0000, loss: 0.4802 ||:  37%|###6      | 36/98 [00:00<00:00, 115.77it/s]
accuracy: 0.8423, accuracy3: 1.0000, loss: 0.4976 ||:  48%|####7     | 47/98 [00:00<00:00, 112.60it/s]
accuracy: 0.8554, accuracy3: 1.0000, loss: 0.4821 ||:  59%|#####9    | 58/98 [00:00<00:00, 110.69it/s]
accuracy: 0.8520, accuracy3: 1.0000, loss: 0.4758 ||:  70%|#######   | 69/98 [00:00<00:00, 108.65it/s]
accuracy: 0.8499, accuracy3: 1.0000, loss: 0.4781 ||:  83%|########2 | 81/98 [00:00<00:00, 111.10it/s]
accuracy: 0.8552, accuracy3: 1.0000, loss: 0.4888 ||:  95%|#########4| 93/98 [00:00<00:00, 110.83it/s]
accuracy: 0.8574, accuracy3: 1.0000, loss: 0.4848 ||: 100%|##########| 98/98 [00:00<00:00, 111.54it/s]

  0%|          | 0/184 [00:00<?, ?it/s]
accuracy: 0.8588, accuracy3: 1.0000, loss: 0.3495 ||:   3%|3         | 6/184 [00:00<00:03, 58.93it/s]
accuracy: 0.8551, accuracy3: 1.0000, loss: 0.3871 ||:   7%|6         | 12/184 [00:00<00:02, 58.72it/s]
accuracy: 0.8548, accuracy3: 1.0000, loss: 0.3940 ||:  10%|9         | 18/184 [00:00<00:02, 58.23it/s]
accuracy: 0.8571, accuracy3: 1.0000, loss: 0.3930 ||:  14%|#3        | 25/184 [00:00<00:02, 58.60it/s]
accuracy: 0.8564, accuracy3: 1.0000, loss: 0.3909 ||:  17%|#7        | 32/184 [00:00<00:02, 60.89it/s]
accuracy: 0.8565, accuracy3: 1.0000, loss: 0.3885 ||:  21%|##        | 38/184 [00:00<00:02, 59.61it/s]
accuracy: 0.8568, accuracy3: 1.0000, loss: 0.3873 ||:  24%|##4       | 45/184 [00:00<00:02, 60.51it/s]
accuracy: 0.8570, accuracy3: 1.0000, loss: 0.3886 ||:  28%|##7       | 51/184 [00:00<00:02, 59.42it/s]
accuracy: 0.8578, accuracy3: 1.0000, loss: 0.3871 ||:  32%|###1      | 58/184 [00:00<00:02, 60.64it/s]
accuracy: 0.8580, accuracy3: 1.0000, loss: 0.3857 ||:  35%|###4      | 64/184 [00:01<00:02, 57.15it/s]
accuracy: 0.8589, accuracy3: 1.0000, loss: 0.3868 ||:  39%|###8      | 71/184 [00:01<00:01, 57.64it/s]
accuracy: 0.8586, accuracy3: 1.0000, loss: 0.3876 ||:  42%|####2     | 78/184 [00:01<00:01, 59.18it/s]
accuracy: 0.8581, accuracy3: 1.0000, loss: 0.3904 ||:  46%|####6     | 85/184 [00:01<00:01, 60.59it/s]
accuracy: 0.8575, accuracy3: 1.0000, loss: 0.3915 ||:  50%|#####     | 92/184 [00:01<00:01, 58.69it/s]
accuracy: 0.8579, accuracy3: 1.0000, loss: 0.3909 ||:  53%|#####3    | 98/184 [00:01<00:01, 58.07it/s]
accuracy: 0.8576, accuracy3: 1.0000, loss: 0.3896 ||:  57%|#####6    | 104/184 [00:01<00:01, 57.89it/s]
accuracy: 0.8573, accuracy3: 1.0000, loss: 0.3891 ||:  60%|#####9    | 110/184 [00:01<00:01, 56.49it/s]
accuracy: 0.8571, accuracy3: 1.0000, loss: 0.3882 ||:  63%|######3   | 116/184 [00:01<00:01, 55.11it/s]
accuracy: 0.8580, accuracy3: 1.0000, loss: 0.3868 ||:  66%|######6   | 122/184 [00:02<00:01, 53.00it/s]
accuracy: 0.8584, accuracy3: 1.0000, loss: 0.3879 ||:  70%|######9   | 128/184 [00:02<00:01, 54.15it/s]
accuracy: 0.8587, accuracy3: 1.0000, loss: 0.3877 ||:  73%|#######2  | 134/184 [00:02<00:00, 53.23it/s]
accuracy: 0.8586, accuracy3: 1.0000, loss: 0.3875 ||:  76%|#######6  | 140/184 [00:02<00:00, 53.48it/s]
accuracy: 0.8586, accuracy3: 1.0000, loss: 0.3876 ||:  79%|#######9  | 146/184 [00:02<00:00, 54.08it/s]
accuracy: 0.8589, accuracy3: 1.0000, loss: 0.3870 ||:  83%|########2 | 152/184 [00:02<00:00, 51.66it/s]
accuracy: 0.8589, accuracy3: 1.0000, loss: 0.3887 ||:  86%|########5 | 158/184 [00:02<00:00, 53.71it/s]
accuracy: 0.8593, accuracy3: 1.0000, loss: 0.3876 ||:  89%|########9 | 164/184 [00:02<00:00, 52.42it/s]
accuracy: 0.8592, accuracy3: 1.0000, loss: 0.3878 ||:  92%|#########2| 170/184 [00:03<00:00, 52.20it/s]
accuracy: 0.8593, accuracy3: 1.0000, loss: 0.3883 ||:  96%|#########5| 176/184 [00:03<00:00, 54.07it/s]
accuracy: 0.8591, accuracy3: 1.0000, loss: 0.3887 ||:  99%|#########8| 182/184 [00:03<00:00, 52.97it/s]
accuracy: 0.8590, accuracy3: 1.0000, loss: 0.3886 ||: 100%|##########| 184/184 [00:03<00:00, 56.38it/s]

  0%|          | 0/98 [00:00<?, ?it/s]
accuracy: 0.8445, accuracy3: 1.0000, loss: 0.5138 ||:  11%|#1        | 11/98 [00:00<00:00, 105.00it/s]
accuracy: 0.8321, accuracy3: 1.0000, loss: 0.5204 ||:  21%|##1       | 21/98 [00:00<00:00, 103.07it/s]
accuracy: 0.8270, accuracy3: 1.0000, loss: 0.4853 ||:  32%|###1      | 31/98 [00:00<00:00, 101.02it/s]
accuracy: 0.8335, accuracy3: 1.0000, loss: 0.4937 ||:  43%|####2     | 42/98 [00:00<00:00, 102.08it/s]
accuracy: 0.8449, accuracy3: 1.0000, loss: 0.4909 ||:  53%|#####3    | 52/98 [00:00<00:00, 99.62it/s] 
accuracy: 0.8502, accuracy3: 1.0000, loss: 0.4791 ||:  64%|######4   | 63/98 [00:00<00:00, 99.75it/s]
accuracy: 0.8468, accuracy3: 1.0000, loss: 0.4747 ||:  74%|#######4  | 73/98 [00:00<00:00, 98.07it/s]
accuracy: 0.8459, accuracy3: 1.0000, loss: 0.4787 ||:  85%|########4 | 83/98 [00:00<00:00, 97.30it/s]
accuracy: 0.8509, accuracy3: 1.0000, loss: 0.4886 ||:  95%|#########4| 93/98 [00:00<00:00, 96.86it/s]
accuracy: 0.8532, accuracy3: 1.0000, loss: 0.4845 ||: 100%|##########| 98/98 [00:00<00:00, 98.56it/s]

  0%|          | 0/184 [00:00<?, ?it/s]
accuracy: 0.8519, accuracy3: 1.0000, loss: 0.3893 ||:   3%|2         | 5/184 [00:00<00:03, 49.92it/s]
accuracy: 0.8512, accuracy3: 1.0000, loss: 0.3932 ||:   6%|5         | 11/184 [00:00<00:03, 50.49it/s]
accuracy: 0.8508, accuracy3: 1.0000, loss: 0.3879 ||:   9%|9         | 17/184 [00:00<00:03, 52.26it/s]
accuracy: 0.8539, accuracy3: 1.0000, loss: 0.3872 ||:  12%|#2        | 23/184 [00:00<00:03, 53.57it/s]
accuracy: 0.8551, accuracy3: 1.0000, loss: 0.3846 ||:  15%|#5        | 28/184 [00:00<00:03, 51.96it/s]
accuracy: 0.8547, accuracy3: 1.0000, loss: 0.3869 ||:  18%|#8        | 34/184 [00:00<00:02, 52.66it/s]
accuracy: 0.8546, accuracy3: 1.0000, loss: 0.3873 ||:  21%|##1       | 39/184 [00:00<00:02, 51.73it/s]
accuracy: 0.8545, accuracy3: 1.0000, loss: 0.3900 ||:  24%|##4       | 45/184 [00:00<00:02, 51.19it/s]
accuracy: 0.8528, accuracy3: 1.0000, loss: 0.3920 ||:  28%|##7       | 51/184 [00:00<00:02, 52.20it/s]
accuracy: 0.8541, accuracy3: 1.0000, loss: 0.3902 ||:  31%|###       | 57/184 [00:01<00:02, 50.68it/s]
accuracy: 0.8545, accuracy3: 1.0000, loss: 0.3920 ||:  34%|###4      | 63/184 [00:01<00:02, 50.05it/s]
accuracy: 0.8543, accuracy3: 1.0000, loss: 0.3916 ||:  38%|###7      | 69/184 [00:01<00:02, 51.87it/s]
accuracy: 0.8539, accuracy3: 1.0000, loss: 0.3906 ||:  41%|####      | 75/184 [00:01<00:02, 53.47it/s]
accuracy: 0.8547, accuracy3: 1.0000, loss: 0.3910 ||:  44%|####4     | 81/184 [00:01<00:01, 52.14it/s]
accuracy: 0.8562, accuracy3: 1.0000, loss: 0.3867 ||:  48%|####7     | 88/184 [00:01<00:01, 53.86it/s]
accuracy: 0.8570, accuracy3: 1.0000, loss: 0.3849 ||:  51%|#####1    | 94/184 [00:01<00:01, 54.32it/s]
accuracy: 0.8577, accuracy3: 1.0000, loss: 0.3866 ||:  54%|#####4    | 100/184 [00:01<00:01, 52.65it/s]
accuracy: 0.8571, accuracy3: 1.0000, loss: 0.3875 ||:  58%|#####7    | 106/184 [00:02<00:01, 51.05it/s]
accuracy: 0.8574, accuracy3: 1.0000, loss: 0.3855 ||:  61%|######1   | 113/184 [00:02<00:01, 53.70it/s]
accuracy: 0.8567, accuracy3: 1.0000, loss: 0.3860 ||:  65%|######4   | 119/184 [00:02<00:01, 52.98it/s]
accuracy: 0.8571, accuracy3: 1.0000, loss: 0.3853 ||:  68%|######8   | 126/184 [00:02<00:01, 55.49it/s]
accuracy: 0.8576, accuracy3: 1.0000, loss: 0.3861 ||:  72%|#######1  | 132/184 [00:02<00:00, 56.15it/s]
accuracy: 0.8577, accuracy3: 1.0000, loss: 0.3863 ||:  75%|#######5  | 138/184 [00:02<00:00, 55.44it/s]
accuracy: 0.8576, accuracy3: 1.0000, loss: 0.3871 ||:  78%|#######8  | 144/184 [00:02<00:00, 55.93it/s]
accuracy: 0.8576, accuracy3: 1.0000, loss: 0.3867 ||:  82%|########1 | 150/184 [00:02<00:00, 55.67it/s]
accuracy: 0.8579, accuracy3: 1.0000, loss: 0.3869 ||:  85%|########4 | 156/184 [00:02<00:00, 55.00it/s]
accuracy: 0.8580, accuracy3: 1.0000, loss: 0.3885 ||:  89%|########8 | 163/184 [00:03<00:00, 56.13it/s]
accuracy: 0.8584, accuracy3: 1.0000, loss: 0.3885 ||:  92%|#########1| 169/184 [00:03<00:00, 56.09it/s]
accuracy: 0.8583, accuracy3: 1.0000, loss: 0.3888 ||:  95%|#########5| 175/184 [00:03<00:00, 55.83it/s]
accuracy: 0.8582, accuracy3: 1.0000, loss: 0.3884 ||:  98%|#########8| 181/184 [00:03<00:00, 53.44it/s]
accuracy: 0.8582, accuracy3: 1.0000, loss: 0.3891 ||: 100%|##########| 184/184 [00:03<00:00, 53.96it/s]

  0%|          | 0/98 [00:00<?, ?it/s]
accuracy: 0.8450, accuracy3: 1.0000, loss: 0.5095 ||:  11%|#1        | 11/98 [00:00<00:00, 105.13it/s]
accuracy: 0.8335, accuracy3: 1.0000, loss: 0.5182 ||:  21%|##1       | 21/98 [00:00<00:00, 101.42it/s]
accuracy: 0.8302, accuracy3: 1.0000, loss: 0.4824 ||:  33%|###2      | 32/98 [00:00<00:00, 102.21it/s]
accuracy: 0.8347, accuracy3: 1.0000, loss: 0.4925 ||:  43%|####2     | 42/98 [00:00<00:00, 100.54it/s]
accuracy: 0.8460, accuracy3: 1.0000, loss: 0.4897 ||:  53%|#####3    | 52/98 [00:00<00:00, 98.61it/s] 
accuracy: 0.8509, accuracy3: 1.0000, loss: 0.4784 ||:  63%|######3   | 62/98 [00:00<00:00, 97.99it/s]
accuracy: 0.8475, accuracy3: 1.0000, loss: 0.4733 ||:  73%|#######3  | 72/98 [00:00<00:00, 96.80it/s]
accuracy: 0.8464, accuracy3: 1.0000, loss: 0.4774 ||:  85%|########4 | 83/98 [00:00<00:00, 98.33it/s]
accuracy: 0.8513, accuracy3: 1.0000, loss: 0.4873 ||:  95%|#########4| 93/98 [00:00<00:00, 97.99it/s]
accuracy: 0.8536, accuracy3: 1.0000, loss: 0.4833 ||: 100%|##########| 98/98 [00:00<00:00, 98.52it/s]

  0%|          | 0/184 [00:00<?, ?it/s]
accuracy: 0.8465, accuracy3: 1.0000, loss: 0.3564 ||:   3%|2         | 5/184 [00:00<00:03, 47.04it/s]
accuracy: 0.8524, accuracy3: 1.0000, loss: 0.3750 ||:   6%|5         | 11/184 [00:00<00:03, 48.42it/s]
accuracy: 0.8531, accuracy3: 1.0000, loss: 0.3792 ||:   9%|9         | 17/184 [00:00<00:03, 50.56it/s]
accuracy: 0.8537, accuracy3: 1.0000, loss: 0.3802 ||:  12%|#2        | 23/184 [00:00<00:03, 52.05it/s]
accuracy: 0.8572, accuracy3: 1.0000, loss: 0.3828 ||:  16%|#6        | 30/184 [00:00<00:02, 55.32it/s]
accuracy: 0.8557, accuracy3: 1.0000, loss: 0.3882 ||:  20%|#9        | 36/184 [00:00<00:02, 53.34it/s]
accuracy: 0.8555, accuracy3: 1.0000, loss: 0.3866 ||:  23%|##2       | 42/184 [00:00<00:02, 54.92it/s]
accuracy: 0.8553, accuracy3: 1.0000, loss: 0.3856 ||:  26%|##6       | 48/184 [00:00<00:02, 56.15it/s]
accuracy: 0.8554, accuracy3: 1.0000, loss: 0.3905 ||:  29%|##9       | 54/184 [00:00<00:02, 56.02it/s]
accuracy: 0.8553, accuracy3: 1.0000, loss: 0.3898 ||:  33%|###2      | 60/184 [00:01<00:02, 55.55it/s]
accuracy: 0.8561, accuracy3: 1.0000, loss: 0.3885 ||:  36%|###5      | 66/184 [00:01<00:02, 53.98it/s]
accuracy: 0.8562, accuracy3: 1.0000, loss: 0.3894 ||:  39%|###9      | 72/184 [00:01<00:02, 53.86it/s]
accuracy: 0.8561, accuracy3: 1.0000, loss: 0.3894 ||:  42%|####2     | 78/184 [00:01<00:01, 54.16it/s]
accuracy: 0.8555, accuracy3: 1.0000, loss: 0.3920 ||:  46%|####5     | 84/184 [00:01<00:01, 54.10it/s]
accuracy: 0.8557, accuracy3: 1.0000, loss: 0.3908 ||:  49%|####8     | 90/184 [00:01<00:01, 54.78it/s]
accuracy: 0.8564, accuracy3: 1.0000, loss: 0.3899 ||:  52%|#####2    | 96/184 [00:01<00:01, 52.30it/s]
accuracy: 0.8565, accuracy3: 1.0000, loss: 0.3919 ||:  55%|#####5    | 102/184 [00:01<00:01, 52.41it/s]
accuracy: 0.8572, accuracy3: 1.0000, loss: 0.3908 ||:  59%|#####8    | 108/184 [00:01<00:01, 52.61it/s]
accuracy: 0.8569, accuracy3: 1.0000, loss: 0.3904 ||:  62%|######1   | 114/184 [00:02<00:01, 52.02it/s]
accuracy: 0.8572, accuracy3: 1.0000, loss: 0.3905 ||:  65%|######5   | 120/184 [00:02<00:01, 52.46it/s]
accuracy: 0.8568, accuracy3: 1.0000, loss: 0.3910 ||:  68%|######8   | 126/184 [00:02<00:01, 52.40it/s]
accuracy: 0.8572, accuracy3: 1.0000, loss: 0.3898 ||:  72%|#######1  | 132/184 [00:02<00:00, 52.29it/s]
accuracy: 0.8575, accuracy3: 1.0000, loss: 0.3896 ||:  76%|#######5  | 139/184 [00:02<00:00, 55.27it/s]
accuracy: 0.8576, accuracy3: 1.0000, loss: 0.3896 ||:  79%|#######8  | 145/184 [00:02<00:00, 54.19it/s]
accuracy: 0.8580, accuracy3: 1.0000, loss: 0.3888 ||:  82%|########2 | 151/184 [00:02<00:00, 49.76it/s]
accuracy: 0.8584, accuracy3: 1.0000, loss: 0.3891 ||:  86%|########5 | 158/184 [00:02<00:00, 52.96it/s]
accuracy: 0.8584, accuracy3: 1.0000, loss: 0.3885 ||:  89%|########9 | 164/184 [00:03<00:00, 52.86it/s]
accuracy: 0.8584, accuracy3: 1.0000, loss: 0.3885 ||:  92%|#########2| 170/184 [00:03<00:00, 53.74it/s]
accuracy: 0.8583, accuracy3: 1.0000, loss: 0.3880 ||:  96%|#########6| 177/184 [00:03<00:00, 55.40it/s]
accuracy: 0.8582, accuracy3: 1.0000, loss: 0.3883 ||:  99%|#########9| 183/184 [00:03<00:00, 54.79it/s]
accuracy: 0.8582, accuracy3: 1.0000, loss: 0.3885 ||: 100%|##########| 184/184 [00:03<00:00, 54.17it/s]

  0%|          | 0/98 [00:00<?, ?it/s]
accuracy: 0.8450, accuracy3: 1.0000, loss: 0.5047 ||:  12%|#2        | 12/98 [00:00<00:00, 110.81it/s]
accuracy: 0.8329, accuracy3: 1.0000, loss: 0.5097 ||:  23%|##3       | 23/98 [00:00<00:00, 109.52it/s]
accuracy: 0.8342, accuracy3: 1.0000, loss: 0.4826 ||:  36%|###5      | 35/98 [00:00<00:00, 112.29it/s]
accuracy: 0.8386, accuracy3: 1.0000, loss: 0.5018 ||:  47%|####6     | 46/98 [00:00<00:00, 111.53it/s]
accuracy: 0.8536, accuracy3: 1.0000, loss: 0.4806 ||:  58%|#####8    | 57/98 [00:00<00:00, 110.89it/s]
accuracy: 0.8502, accuracy3: 1.0000, loss: 0.4767 ||:  70%|#######   | 69/98 [00:00<00:00, 110.85it/s]
accuracy: 0.8473, accuracy3: 1.0000, loss: 0.4790 ||:  82%|########1 | 80/98 [00:00<00:00, 109.10it/s]
accuracy: 0.8527, accuracy3: 1.0000, loss: 0.4882 ||:  94%|#########3| 92/98 [00:00<00:00, 111.68it/s]
accuracy: 0.8556, accuracy3: 1.0000, loss: 0.4856 ||: 100%|##########| 98/98 [00:00<00:00, 111.53it/s]

  0%|          | 0/184 [00:00<?, ?it/s]
accuracy: 0.8611, accuracy3: 1.0000, loss: 0.3621 ||:   3%|3         | 6/184 [00:00<00:03, 54.98it/s]
accuracy: 0.8634, accuracy3: 1.0000, loss: 0.3691 ||:   6%|5         | 11/184 [00:00<00:03, 52.93it/s]
accuracy: 0.8612, accuracy3: 1.0000, loss: 0.3696 ||:   9%|9         | 17/184 [00:00<00:03, 53.93it/s]
accuracy: 0.8614, accuracy3: 1.0000, loss: 0.3750 ||:  12%|#2        | 23/184 [00:00<00:02, 55.10it/s]
accuracy: 0.8623, accuracy3: 1.0000, loss: 0.3743 ||:  16%|#6        | 30/184 [00:00<00:02, 57.00it/s]
accuracy: 0.8629, accuracy3: 1.0000, loss: 0.3769 ||:  20%|##        | 37/184 [00:00<00:02, 58.05it/s]
accuracy: 0.8626, accuracy3: 1.0000, loss: 0.3767 ||:  24%|##3       | 44/184 [00:00<00:02, 58.40it/s]
accuracy: 0.8610, accuracy3: 1.0000, loss: 0.3784 ||:  27%|##7       | 50/184 [00:00<00:02, 58.23it/s]
accuracy: 0.8612, accuracy3: 1.0000, loss: 0.3799 ||:  30%|###       | 56/184 [00:01<00:02, 53.37it/s]
accuracy: 0.8613, accuracy3: 1.0000, loss: 0.3834 ||:  34%|###3      | 62/184 [00:01<00:02, 54.93it/s]
accuracy: 0.8614, accuracy3: 1.0000, loss: 0.3844 ||:  37%|###6      | 68/184 [00:01<00:02, 53.36it/s]
accuracy: 0.8606, accuracy3: 1.0000, loss: 0.3844 ||:  40%|####      | 74/184 [00:01<00:02, 54.61it/s]
accuracy: 0.8591, accuracy3: 1.0000, loss: 0.3836 ||:  43%|####3     | 80/184 [00:01<00:01, 55.82it/s]
accuracy: 0.8600, accuracy3: 1.0000, loss: 0.3830 ||:  47%|####7     | 87/184 [00:01<00:01, 58.03it/s]
accuracy: 0.8597, accuracy3: 1.0000, loss: 0.3841 ||:  51%|#####     | 93/184 [00:01<00:01, 58.02it/s]
accuracy: 0.8600, accuracy3: 1.0000, loss: 0.3865 ||:  54%|#####4    | 100/184 [00:01<00:01, 59.58it/s]
accuracy: 0.8594, accuracy3: 1.0000, loss: 0.3878 ||:  58%|#####7    | 106/184 [00:01<00:01, 58.60it/s]
accuracy: 0.8591, accuracy3: 1.0000, loss: 0.3879 ||:  61%|######    | 112/184 [00:01<00:01, 57.42it/s]
accuracy: 0.8586, accuracy3: 1.0000, loss: 0.3872 ||:  65%|######4   | 119/184 [00:02<00:01, 60.38it/s]
accuracy: 0.8587, accuracy3: 1.0000, loss: 0.3868 ||:  68%|######8   | 126/184 [00:02<00:00, 58.94it/s]
accuracy: 0.8592, accuracy3: 1.0000, loss: 0.3864 ||:  72%|#######2  | 133/184 [00:02<00:00, 59.44it/s]
accuracy: 0.8594, accuracy3: 1.0000, loss: 0.3860 ||:  76%|#######6  | 140/184 [00:02<00:00, 60.60it/s]
accuracy: 0.8596, accuracy3: 1.0000, loss: 0.3859 ||:  80%|#######9  | 147/184 [00:02<00:00, 57.41it/s]
accuracy: 0.8599, accuracy3: 1.0000, loss: 0.3861 ||:  83%|########3 | 153/184 [00:02<00:00, 57.53it/s]
accuracy: 0.8599, accuracy3: 1.0000, loss: 0.3862 ||:  86%|########6 | 159/184 [00:02<00:00, 58.16it/s]
accuracy: 0.8603, accuracy3: 1.0000, loss: 0.3864 ||:  90%|######### | 166/184 [00:02<00:00, 59.93it/s]
accuracy: 0.8596, accuracy3: 1.0000, loss: 0.3874 ||:  94%|#########4| 173/184 [00:03<00:00, 58.72it/s]
accuracy: 0.8596, accuracy3: 1.0000, loss: 0.3875 ||:  97%|#########7| 179/184 [00:03<00:00, 57.88it/s]
accuracy: 0.8591, accuracy3: 1.0000, loss: 0.3883 ||: 100%|##########| 184/184 [00:03<00:00, 57.75it/s]

  0%|          | 0/98 [00:00<?, ?it/s]
accuracy: 0.8442, accuracy3: 1.0000, loss: 0.4983 ||:  12%|#2        | 12/98 [00:00<00:00, 113.84it/s]
accuracy: 0.8303, accuracy3: 1.0000, loss: 0.5034 ||:  23%|##3       | 23/98 [00:00<00:00, 110.80it/s]
accuracy: 0.8299, accuracy3: 1.0000, loss: 0.4767 ||:  36%|###5      | 35/98 [00:00<00:00, 112.59it/s]
accuracy: 0.8345, accuracy3: 1.0000, loss: 0.4945 ||:  47%|####6     | 46/98 [00:00<00:00, 110.88it/s]
accuracy: 0.8488, accuracy3: 1.0000, loss: 0.4766 ||:  59%|#####9    | 58/98 [00:00<00:00, 111.01it/s]
accuracy: 0.8454, accuracy3: 1.0000, loss: 0.4712 ||:  70%|#######   | 69/98 [00:00<00:00, 110.23it/s]
accuracy: 0.8432, accuracy3: 1.0000, loss: 0.4739 ||:  83%|########2 | 81/98 [00:00<00:00, 112.28it/s]
accuracy: 0.8490, accuracy3: 1.0000, loss: 0.4839 ||:  95%|#########4| 93/98 [00:00<00:00, 112.47it/s]
accuracy: 0.8512, accuracy3: 1.0000, loss: 0.4799 ||: 100%|##########| 98/98 [00:00<00:00, 111.81it/s]

  0%|          | 0/184 [00:00<?, ?it/s]
accuracy: 0.8603, accuracy3: 1.0000, loss: 0.4026 ||:   3%|2         | 5/184 [00:00<00:03, 47.01it/s]
accuracy: 0.8526, accuracy3: 1.0000, loss: 0.3838 ||:   7%|6         | 12/184 [00:00<00:03, 51.61it/s]
accuracy: 0.8513, accuracy3: 1.0000, loss: 0.3911 ||:  10%|#         | 19/184 [00:00<00:03, 53.01it/s]
accuracy: 0.8528, accuracy3: 1.0000, loss: 0.3922 ||:  14%|#3        | 25/184 [00:00<00:02, 53.02it/s]
accuracy: 0.8541, accuracy3: 1.0000, loss: 0.3962 ||:  17%|#7        | 32/184 [00:00<00:02, 55.81it/s]
accuracy: 0.8552, accuracy3: 1.0000, loss: 0.3940 ||:  21%|##        | 38/184 [00:00<00:02, 55.59it/s]
accuracy: 0.8561, accuracy3: 1.0000, loss: 0.3928 ||:  24%|##4       | 45/184 [00:00<00:02, 57.41it/s]
accuracy: 0.8568, accuracy3: 1.0000, loss: 0.3953 ||:  28%|##7       | 51/184 [00:00<00:02, 57.91it/s]
accuracy: 0.8563, accuracy3: 1.0000, loss: 0.3908 ||:  31%|###       | 57/184 [00:00<00:02, 56.72it/s]
accuracy: 0.8563, accuracy3: 1.0000, loss: 0.3896 ||:  34%|###4      | 63/184 [00:01<00:02, 55.47it/s]
accuracy: 0.8570, accuracy3: 1.0000, loss: 0.3868 ||:  38%|###8      | 70/184 [00:01<00:02, 56.73it/s]
accuracy: 0.8574, accuracy3: 1.0000, loss: 0.3883 ||:  41%|####1     | 76/184 [00:01<00:01, 57.32it/s]
accuracy: 0.8574, accuracy3: 1.0000, loss: 0.3890 ||:  45%|####4     | 82/184 [00:01<00:01, 57.94it/s]
accuracy: 0.8575, accuracy3: 1.0000, loss: 0.3895 ||:  48%|####7     | 88/184 [00:01<00:01, 57.10it/s]
accuracy: 0.8576, accuracy3: 1.0000, loss: 0.3891 ||:  51%|#####1    | 94/184 [00:01<00:01, 56.17it/s]
accuracy: 0.8579, accuracy3: 1.0000, loss: 0.3871 ||:  54%|#####4    | 100/184 [00:01<00:01, 56.74it/s]
accuracy: 0.8583, accuracy3: 1.0000, loss: 0.3866 ||:  58%|#####8    | 107/184 [00:01<00:01, 58.77it/s]
accuracy: 0.8584, accuracy3: 1.0000, loss: 0.3880 ||:  61%|######1   | 113/184 [00:01<00:01, 57.87it/s]
accuracy: 0.8586, accuracy3: 1.0000, loss: 0.3888 ||:  65%|######4   | 119/184 [00:02<00:01, 56.88it/s]
accuracy: 0.8584, accuracy3: 1.0000, loss: 0.3897 ||:  68%|######7   | 125/184 [00:02<00:01, 53.51it/s]
accuracy: 0.8584, accuracy3: 1.0000, loss: 0.3889 ||:  72%|#######1  | 132/184 [00:02<00:00, 55.20it/s]
accuracy: 0.8583, accuracy3: 1.0000, loss: 0.3900 ||:  75%|#######5  | 138/184 [00:02<00:00, 53.96it/s]
accuracy: 0.8586, accuracy3: 1.0000, loss: 0.3894 ||:  78%|#######8  | 144/184 [00:02<00:00, 55.61it/s]
accuracy: 0.8581, accuracy3: 1.0000, loss: 0.3905 ||:  82%|########2 | 151/184 [00:02<00:00, 57.77it/s]
accuracy: 0.8582, accuracy3: 1.0000, loss: 0.3902 ||:  85%|########5 | 157/184 [00:02<00:00, 57.42it/s]
accuracy: 0.8583, accuracy3: 1.0000, loss: 0.3896 ||:  89%|########8 | 163/184 [00:02<00:00, 58.16it/s]
accuracy: 0.8580, accuracy3: 1.0000, loss: 0.3897 ||:  92%|#########2| 170/184 [00:02<00:00, 58.87it/s]
accuracy: 0.8580, accuracy3: 1.0000, loss: 0.3888 ||:  96%|#########5| 176/184 [00:03<00:00, 58.01it/s]
accuracy: 0.8581, accuracy3: 1.0000, loss: 0.3884 ||:  99%|#########9| 183/184 [00:03<00:00, 60.11it/s]
accuracy: 0.8581, accuracy3: 1.0000, loss: 0.3880 ||: 100%|##########| 184/184 [00:03<00:00, 57.72it/s]

  0%|          | 0/98 [00:00<?, ?it/s]
accuracy: 0.8488, accuracy3: 1.0000, loss: 0.5187 ||:  11%|#1        | 11/98 [00:00<00:00, 106.87it/s]
accuracy: 0.8384, accuracy3: 1.0000, loss: 0.5154 ||:  23%|##3       | 23/98 [00:00<00:00, 108.78it/s]
accuracy: 0.8396, accuracy3: 1.0000, loss: 0.4854 ||:  35%|###4      | 34/98 [00:00<00:00, 109.08it/s]
accuracy: 0.8448, accuracy3: 1.0000, loss: 0.5057 ||:  47%|####6     | 46/98 [00:00<00:00, 110.29it/s]
accuracy: 0.8598, accuracy3: 1.0000, loss: 0.4842 ||:  58%|#####8    | 57/98 [00:00<00:00, 109.84it/s]
accuracy: 0.8583, accuracy3: 1.0000, loss: 0.4808 ||:  69%|######9   | 68/98 [00:00<00:00, 109.04it/s]
accuracy: 0.8538, accuracy3: 1.0000, loss: 0.4820 ||:  82%|########1 | 80/98 [00:00<00:00, 110.05it/s]
accuracy: 0.8583, accuracy3: 1.0000, loss: 0.4932 ||:  93%|#########2| 91/98 [00:00<00:00, 109.57it/s]
accuracy: 0.8620, accuracy3: 1.0000, loss: 0.4901 ||: 100%|##########| 98/98 [00:00<00:00, 110.31it/s]

  0%|          | 0/184 [00:00<?, ?it/s]
accuracy: 0.8639, accuracy3: 1.0000, loss: 0.3979 ||:   3%|3         | 6/184 [00:00<00:03, 52.33it/s]
accuracy: 0.8703, accuracy3: 1.0000, loss: 0.3843 ||:   7%|6         | 12/184 [00:00<00:03, 53.37it/s]
accuracy: 0.8629, accuracy3: 1.0000, loss: 0.3859 ||:  10%|9         | 18/184 [00:00<00:03, 54.29it/s]
accuracy: 0.8647, accuracy3: 1.0000, loss: 0.3803 ||:  13%|#3        | 24/184 [00:00<00:02, 54.03it/s]
accuracy: 0.8617, accuracy3: 1.0000, loss: 0.3886 ||:  17%|#6        | 31/184 [00:00<00:02, 55.30it/s]
accuracy: 0.8618, accuracy3: 1.0000, loss: 0.3909 ||:  21%|##        | 38/184 [00:00<00:02, 56.90it/s]
accuracy: 0.8616, accuracy3: 1.0000, loss: 0.3860 ||:  24%|##3       | 44/184 [00:00<00:02, 56.73it/s]
accuracy: 0.8621, accuracy3: 1.0000, loss: 0.3858 ||:  27%|##7       | 50/184 [00:00<00:02, 55.52it/s]
accuracy: 0.8612, accuracy3: 1.0000, loss: 0.3860 ||:  31%|###       | 57/184 [00:01<00:02, 57.90it/s]
accuracy: 0.8611, accuracy3: 1.0000, loss: 0.3834 ||:  34%|###4      | 63/184 [00:01<00:02, 57.82it/s]
accuracy: 0.8616, accuracy3: 1.0000, loss: 0.3835 ||:  38%|###7      | 69/184 [00:01<00:02, 57.22it/s]
accuracy: 0.8619, accuracy3: 1.0000, loss: 0.3833 ||:  41%|####      | 75/184 [00:01<00:01, 57.33it/s]
accuracy: 0.8621, accuracy3: 1.0000, loss: 0.3828 ||:  45%|####4     | 82/184 [00:01<00:01, 58.41it/s]
accuracy: 0.8620, accuracy3: 1.0000, loss: 0.3843 ||:  48%|####8     | 89/184 [00:01<00:01, 58.61it/s]
accuracy: 0.8625, accuracy3: 1.0000, loss: 0.3862 ||:  52%|#####1    | 95/184 [00:01<00:01, 56.54it/s]
accuracy: 0.8615, accuracy3: 1.0000, loss: 0.3861 ||:  55%|#####5    | 102/184 [00:01<00:01, 59.32it/s]
accuracy: 0.8618, accuracy3: 1.0000, loss: 0.3858 ||:  59%|#####9    | 109/184 [00:01<00:01, 59.99it/s]
accuracy: 0.8619, accuracy3: 1.0000, loss: 0.3862 ||:  63%|######3   | 116/184 [00:02<00:01, 58.92it/s]
accuracy: 0.8623, accuracy3: 1.0000, loss: 0.3856 ||:  67%|######6   | 123/184 [00:02<00:01, 60.04it/s]
accuracy: 0.8617, accuracy3: 1.0000, loss: 0.3861 ||:  71%|#######   | 130/184 [00:02<00:00, 59.09it/s]
accuracy: 0.8611, accuracy3: 1.0000, loss: 0.3866 ||:  74%|#######4  | 137/184 [00:02<00:00, 60.10it/s]
accuracy: 0.8609, accuracy3: 1.0000, loss: 0.3865 ||:  78%|#######8  | 144/184 [00:02<00:00, 57.24it/s]
accuracy: 0.8602, accuracy3: 1.0000, loss: 0.3854 ||:  82%|########2 | 151/184 [00:02<00:00, 57.43it/s]
accuracy: 0.8605, accuracy3: 1.0000, loss: 0.3856 ||:  85%|########5 | 157/184 [00:02<00:00, 57.49it/s]
accuracy: 0.8605, accuracy3: 1.0000, loss: 0.3870 ||:  89%|########9 | 164/184 [00:02<00:00, 58.66it/s]
accuracy: 0.8602, accuracy3: 1.0000, loss: 0.3874 ||:  92%|#########2| 170/184 [00:02<00:00, 58.98it/s]
accuracy: 0.8598, accuracy3: 1.0000, loss: 0.3879 ||:  96%|#########5| 176/184 [00:03<00:00, 58.55it/s]
accuracy: 0.8597, accuracy3: 1.0000, loss: 0.3885 ||:  99%|#########8| 182/184 [00:03<00:00, 58.02it/s]
accuracy: 0.8597, accuracy3: 1.0000, loss: 0.3879 ||: 100%|##########| 184/184 [00:03<00:00, 58.22it/s]

  0%|          | 0/98 [00:00<?, ?it/s]
accuracy: 0.8456, accuracy3: 1.0000, loss: 0.5040 ||:  12%|#2        | 12/98 [00:00<00:00, 111.57it/s]
accuracy: 0.8343, accuracy3: 1.0000, loss: 0.5098 ||:  23%|##3       | 23/98 [00:00<00:00, 109.62it/s]
accuracy: 0.8353, accuracy3: 1.0000, loss: 0.4823 ||:  36%|###5      | 35/98 [00:00<00:00, 111.22it/s]
accuracy: 0.8393, accuracy3: 1.0000, loss: 0.5007 ||:  47%|####6     | 46/98 [00:00<00:00, 110.24it/s]
accuracy: 0.8542, accuracy3: 1.0000, loss: 0.4821 ||:  59%|#####9    | 58/98 [00:00<00:00, 109.79it/s]
accuracy: 0.8504, accuracy3: 1.0000, loss: 0.4740 ||:  71%|#######1  | 70/98 [00:00<00:00, 110.52it/s]
accuracy: 0.8488, accuracy3: 1.0000, loss: 0.4780 ||:  83%|########2 | 81/98 [00:00<00:00, 110.08it/s]
accuracy: 0.8547, accuracy3: 1.0000, loss: 0.4887 ||:  95%|#########4| 93/98 [00:00<00:00, 110.92it/s]
accuracy: 0.8569, accuracy3: 1.0000, loss: 0.4848 ||: 100%|##########| 98/98 [00:00<00:00, 110.27it/s]

  0%|          | 0/184 [00:00<?, ?it/s]
accuracy: 0.8634, accuracy3: 1.0000, loss: 0.3970 ||:   3%|3         | 6/184 [00:00<00:03, 56.42it/s]
accuracy: 0.8608, accuracy3: 1.0000, loss: 0.3848 ||:   7%|7         | 13/184 [00:00<00:02, 57.80it/s]
accuracy: 0.8623, accuracy3: 1.0000, loss: 0.3883 ||:  11%|#         | 20/184 [00:00<00:02, 58.52it/s]
accuracy: 0.8623, accuracy3: 1.0000, loss: 0.3889 ||:  14%|#4        | 26/184 [00:00<00:02, 58.23it/s]
accuracy: 0.8633, accuracy3: 1.0000, loss: 0.3889 ||:  17%|#7        | 32/184 [00:00<00:02, 56.74it/s]
accuracy: 0.8642, accuracy3: 1.0000, loss: 0.3887 ||:  21%|##        | 38/184 [00:00<00:02, 56.12it/s]
accuracy: 0.8648, accuracy3: 1.0000, loss: 0.3899 ||:  24%|##4       | 45/184 [00:00<00:02, 57.71it/s]
accuracy: 0.8642, accuracy3: 1.0000, loss: 0.3898 ||:  28%|##8       | 52/184 [00:00<00:02, 58.83it/s]
accuracy: 0.8636, accuracy3: 1.0000, loss: 0.3889 ||:  32%|###1      | 58/184 [00:01<00:02, 55.76it/s]
accuracy: 0.8648, accuracy3: 1.0000, loss: 0.3874 ||:  35%|###4      | 64/184 [00:01<00:02, 54.02it/s]
accuracy: 0.8644, accuracy3: 1.0000, loss: 0.3869 ||:  39%|###8      | 71/184 [00:01<00:01, 56.61it/s]
accuracy: 0.8642, accuracy3: 1.0000, loss: 0.3889 ||:  42%|####1     | 77/184 [00:01<00:01, 55.03it/s]
accuracy: 0.8642, accuracy3: 1.0000, loss: 0.3892 ||:  45%|####5     | 83/184 [00:01<00:01, 56.23it/s]
accuracy: 0.8638, accuracy3: 1.0000, loss: 0.3891 ||:  48%|####8     | 89/184 [00:01<00:01, 56.91it/s]
accuracy: 0.8639, accuracy3: 1.0000, loss: 0.3880 ||:  52%|#####2    | 96/184 [00:01<00:01, 57.57it/s]
accuracy: 0.8632, accuracy3: 1.0000, loss: 0.3876 ||:  56%|#####5    | 103/184 [00:01<00:01, 58.12it/s]
accuracy: 0.8626, accuracy3: 1.0000, loss: 0.3866 ||:  59%|#####9    | 109/184 [00:01<00:01, 56.33it/s]
accuracy: 0.8621, accuracy3: 1.0000, loss: 0.3856 ||:  63%|######3   | 116/184 [00:02<00:01, 56.94it/s]
accuracy: 0.8618, accuracy3: 1.0000, loss: 0.3867 ||:  67%|######6   | 123/184 [00:02<00:01, 60.13it/s]
accuracy: 0.8609, accuracy3: 1.0000, loss: 0.3872 ||:  71%|#######   | 130/184 [00:02<00:00, 58.48it/s]
accuracy: 0.8612, accuracy3: 1.0000, loss: 0.3866 ||:  74%|#######3  | 136/184 [00:02<00:00, 55.63it/s]
accuracy: 0.8610, accuracy3: 1.0000, loss: 0.3864 ||:  77%|#######7  | 142/184 [00:02<00:00, 56.23it/s]
accuracy: 0.8610, accuracy3: 1.0000, loss: 0.3872 ||:  81%|########  | 149/184 [00:02<00:00, 58.86it/s]
accuracy: 0.8603, accuracy3: 1.0000, loss: 0.3895 ||:  84%|########4 | 155/184 [00:02<00:00, 58.22it/s]
accuracy: 0.8603, accuracy3: 1.0000, loss: 0.3890 ||:  88%|########7 | 161/184 [00:02<00:00, 57.64it/s]
accuracy: 0.8600, accuracy3: 1.0000, loss: 0.3897 ||:  91%|######### | 167/184 [00:02<00:00, 58.32it/s]
accuracy: 0.8603, accuracy3: 1.0000, loss: 0.3890 ||:  94%|#########4| 173/184 [00:03<00:00, 55.97it/s]
accuracy: 0.8599, accuracy3: 1.0000, loss: 0.3884 ||:  97%|#########7| 179/184 [00:03<00:00, 56.69it/s]
accuracy: 0.8597, accuracy3: 1.0000, loss: 0.3875 ||: 100%|##########| 184/184 [00:03<00:00, 57.58it/s]

  0%|          | 0/98 [00:00<?, ?it/s]
accuracy: 0.8439, accuracy3: 1.0000, loss: 0.5031 ||:  12%|#2        | 12/98 [00:00<00:00, 109.84it/s]
accuracy: 0.8301, accuracy3: 1.0000, loss: 0.5072 ||:  23%|##3       | 23/98 [00:00<00:00, 108.92it/s]
accuracy: 0.8314, accuracy3: 1.0000, loss: 0.4800 ||:  36%|###5      | 35/98 [00:00<00:00, 110.30it/s]
accuracy: 0.8375, accuracy3: 1.0000, loss: 0.4954 ||:  48%|####7     | 47/98 [00:00<00:00, 110.21it/s]
accuracy: 0.8494, accuracy3: 1.0000, loss: 0.4798 ||:  59%|#####9    | 58/98 [00:00<00:00, 108.40it/s]
accuracy: 0.8458, accuracy3: 1.0000, loss: 0.4725 ||:  71%|#######1  | 70/98 [00:00<00:00, 109.34it/s]
accuracy: 0.8445, accuracy3: 1.0000, loss: 0.4767 ||:  83%|########2 | 81/98 [00:00<00:00, 109.53it/s]
accuracy: 0.8493, accuracy3: 1.0000, loss: 0.4852 ||:  94%|#########3| 92/98 [00:00<00:00, 108.46it/s]
accuracy: 0.8524, accuracy3: 1.0000, loss: 0.4825 ||: 100%|##########| 98/98 [00:00<00:00, 108.03it/s]

  0%|          | 0/184 [00:00<?, ?it/s]
accuracy: 0.8511, accuracy3: 1.0000, loss: 0.4479 ||:   3%|3         | 6/184 [00:00<00:03, 51.95it/s]
accuracy: 0.8572, accuracy3: 1.0000, loss: 0.4205 ||:   7%|7         | 13/184 [00:00<00:03, 53.93it/s]
accuracy: 0.8577, accuracy3: 1.0000, loss: 0.4097 ||:  10%|#         | 19/184 [00:00<00:03, 54.26it/s]
accuracy: 0.8554, accuracy3: 1.0000, loss: 0.4070 ||:  14%|#3        | 25/184 [00:00<00:02, 54.43it/s]
accuracy: 0.8555, accuracy3: 1.0000, loss: 0.4051 ||:  17%|#6        | 31/184 [00:00<00:02, 55.69it/s]
accuracy: 0.8545, accuracy3: 1.0000, loss: 0.4054 ||:  20%|##        | 37/184 [00:00<00:02, 56.52it/s]
accuracy: 0.8554, accuracy3: 1.0000, loss: 0.3981 ||:  24%|##3       | 44/184 [00:00<00:02, 58.57it/s]
accuracy: 0.8551, accuracy3: 1.0000, loss: 0.3967 ||:  27%|##7       | 50/184 [00:00<00:02, 57.84it/s]
accuracy: 0.8553, accuracy3: 1.0000, loss: 0.3940 ||:  31%|###       | 57/184 [00:00<00:02, 58.51it/s]
accuracy: 0.8560, accuracy3: 1.0000, loss: 0.3910 ||:  34%|###4      | 63/184 [00:01<00:02, 57.01it/s]
accuracy: 0.8568, accuracy3: 1.0000, loss: 0.3896 ||:  38%|###7      | 69/184 [00:01<00:02, 57.50it/s]
accuracy: 0.8571, accuracy3: 1.0000, loss: 0.3888 ||:  41%|####      | 75/184 [00:01<00:02, 53.31it/s]
accuracy: 0.8575, accuracy3: 1.0000, loss: 0.3886 ||:  45%|####4     | 82/184 [00:01<00:01, 55.25it/s]
accuracy: 0.8576, accuracy3: 1.0000, loss: 0.3881 ||:  48%|####7     | 88/184 [00:01<00:01, 55.68it/s]
accuracy: 0.8571, accuracy3: 1.0000, loss: 0.3894 ||:  51%|#####1    | 94/184 [00:01<00:01, 56.79it/s]
accuracy: 0.8572, accuracy3: 1.0000, loss: 0.3897 ||:  54%|#####4    | 100/184 [00:01<00:01, 56.94it/s]
accuracy: 0.8576, accuracy3: 1.0000, loss: 0.3892 ||:  58%|#####8    | 107/184 [00:01<00:01, 58.76it/s]
accuracy: 0.8575, accuracy3: 1.0000, loss: 0.3888 ||:  61%|######1   | 113/184 [00:01<00:01, 57.60it/s]
accuracy: 0.8578, accuracy3: 1.0000, loss: 0.3883 ||:  65%|######4   | 119/184 [00:02<00:01, 55.83it/s]
accuracy: 0.8583, accuracy3: 1.0000, loss: 0.3886 ||:  68%|######7   | 125/184 [00:02<00:01, 54.21it/s]
accuracy: 0.8588, accuracy3: 1.0000, loss: 0.3886 ||:  71%|#######1  | 131/184 [00:02<00:00, 55.55it/s]
accuracy: 0.8588, accuracy3: 1.0000, loss: 0.3873 ||:  74%|#######4  | 137/184 [00:02<00:00, 56.51it/s]
accuracy: 0.8589, accuracy3: 1.0000, loss: 0.3866 ||:  78%|#######8  | 144/184 [00:02<00:00, 58.21it/s]
accuracy: 0.8586, accuracy3: 1.0000, loss: 0.3867 ||:  82%|########2 | 151/184 [00:02<00:00, 59.07it/s]
accuracy: 0.8586, accuracy3: 1.0000, loss: 0.3862 ||:  85%|########5 | 157/184 [00:02<00:00, 58.98it/s]
accuracy: 0.8590, accuracy3: 1.0000, loss: 0.3862 ||:  89%|########9 | 164/184 [00:02<00:00, 60.40it/s]
accuracy: 0.8593, accuracy3: 1.0000, loss: 0.3869 ||:  93%|#########2| 171/184 [00:02<00:00, 60.04it/s]
accuracy: 0.8596, accuracy3: 1.0000, loss: 0.3865 ||:  97%|#########6| 178/184 [00:03<00:00, 59.27it/s]
accuracy: 0.8594, accuracy3: 1.0000, loss: 0.3891 ||: 100%|##########| 184/184 [00:03<00:00, 57.77it/s]

  0%|          | 0/98 [00:00<?, ?it/s]
accuracy: 0.8474, accuracy3: 1.0000, loss: 0.5042 ||:  12%|#2        | 12/98 [00:00<00:00, 116.16it/s]
accuracy: 0.8365, accuracy3: 1.0000, loss: 0.5103 ||:  23%|##3       | 23/98 [00:00<00:00, 113.53it/s]
accuracy: 0.8363, accuracy3: 1.0000, loss: 0.4821 ||:  35%|###4      | 34/98 [00:00<00:00, 110.97it/s]
accuracy: 0.8410, accuracy3: 1.0000, loss: 0.5016 ||:  47%|####6     | 46/98 [00:00<00:00, 111.24it/s]
accuracy: 0.8559, accuracy3: 1.0000, loss: 0.4808 ||:  58%|#####8    | 57/98 [00:00<00:00, 108.63it/s]
accuracy: 0.8526, accuracy3: 1.0000, loss: 0.4769 ||:  70%|#######   | 69/98 [00:00<00:00, 109.06it/s]
accuracy: 0.8500, accuracy3: 1.0000, loss: 0.4791 ||:  82%|########1 | 80/98 [00:00<00:00, 107.18it/s]
accuracy: 0.8545, accuracy3: 1.0000, loss: 0.4894 ||:  93%|#########2| 91/98 [00:00<00:00, 107.88it/s]
accuracy: 0.8584, accuracy3: 1.0000, loss: 0.4863 ||: 100%|##########| 98/98 [00:00<00:00, 108.23it/s]

  0%|          | 0/184 [00:00<?, ?it/s]
accuracy: 0.8663, accuracy3: 1.0000, loss: 0.3736 ||:   3%|3         | 6/184 [00:00<00:02, 59.85it/s]
accuracy: 0.8654, accuracy3: 1.0000, loss: 0.3713 ||:   7%|6         | 12/184 [00:00<00:02, 59.05it/s]
accuracy: 0.8625, accuracy3: 1.0000, loss: 0.3835 ||:  10%|9         | 18/184 [00:00<00:02, 58.99it/s]
accuracy: 0.8603, accuracy3: 1.0000, loss: 0.3861 ||:  14%|#3        | 25/184 [00:00<00:02, 60.16it/s]
accuracy: 0.8616, accuracy3: 1.0000, loss: 0.3877 ||:  17%|#6        | 31/184 [00:00<00:02, 58.26it/s]
accuracy: 0.8608, accuracy3: 1.0000, loss: 0.3860 ||:  20%|##        | 37/184 [00:00<00:02, 57.46it/s]
accuracy: 0.8603, accuracy3: 1.0000, loss: 0.3858 ||:  24%|##3       | 44/184 [00:00<00:02, 59.71it/s]
accuracy: 0.8600, accuracy3: 1.0000, loss: 0.3882 ||:  27%|##7       | 50/184 [00:00<00:02, 59.05it/s]
accuracy: 0.8617, accuracy3: 1.0000, loss: 0.3837 ||:  30%|###       | 56/184 [00:00<00:02, 59.01it/s]
accuracy: 0.8623, accuracy3: 1.0000, loss: 0.3853 ||:  34%|###4      | 63/184 [00:01<00:02, 60.09it/s]
accuracy: 0.8615, accuracy3: 1.0000, loss: 0.3885 ||:  38%|###8      | 70/184 [00:01<00:01, 60.92it/s]
accuracy: 0.8615, accuracy3: 1.0000, loss: 0.3887 ||:  41%|####1     | 76/184 [00:01<00:01, 57.96it/s]
accuracy: 0.8617, accuracy3: 1.0000, loss: 0.3899 ||:  45%|####4     | 82/184 [00:01<00:01, 58.13it/s]
accuracy: 0.8602, accuracy3: 1.0000, loss: 0.3898 ||:  48%|####8     | 89/184 [00:01<00:01, 57.44it/s]
accuracy: 0.8603, accuracy3: 1.0000, loss: 0.3899 ||:  52%|#####2    | 96/184 [00:01<00:01, 59.18it/s]
accuracy: 0.8592, accuracy3: 1.0000, loss: 0.3895 ||:  56%|#####5    | 103/184 [00:01<00:01, 60.37it/s]
accuracy: 0.8587, accuracy3: 1.0000, loss: 0.3908 ||:  60%|#####9    | 110/184 [00:01<00:01, 57.29it/s]
accuracy: 0.8593, accuracy3: 1.0000, loss: 0.3917 ||:  63%|######3   | 116/184 [00:01<00:01, 57.13it/s]
accuracy: 0.8595, accuracy3: 1.0000, loss: 0.3914 ||:  67%|######6   | 123/184 [00:02<00:01, 59.20it/s]
accuracy: 0.8599, accuracy3: 1.0000, loss: 0.3901 ||:  70%|#######   | 129/184 [00:02<00:00, 59.18it/s]
accuracy: 0.8601, accuracy3: 1.0000, loss: 0.3889 ||:  74%|#######3  | 136/184 [00:02<00:00, 60.99it/s]
accuracy: 0.8608, accuracy3: 1.0000, loss: 0.3876 ||:  78%|#######7  | 143/184 [00:02<00:00, 60.01it/s]
accuracy: 0.8608, accuracy3: 1.0000, loss: 0.3885 ||:  82%|########1 | 150/184 [00:02<00:00, 59.89it/s]
accuracy: 0.8606, accuracy3: 1.0000, loss: 0.3886 ||:  85%|########5 | 157/184 [00:02<00:00, 58.44it/s]
accuracy: 0.8606, accuracy3: 1.0000, loss: 0.3877 ||:  89%|########9 | 164/184 [00:02<00:00, 59.42it/s]
accuracy: 0.8606, accuracy3: 1.0000, loss: 0.3870 ||:  92%|#########2| 170/184 [00:02<00:00, 56.36it/s]
accuracy: 0.8599, accuracy3: 1.0000, loss: 0.3877 ||:  96%|#########5| 176/184 [00:03<00:00, 53.51it/s]
accuracy: 0.8601, accuracy3: 1.0000, loss: 0.3879 ||:  99%|#########8| 182/184 [00:03<00:00, 55.23it/s]
accuracy: 0.8601, accuracy3: 1.0000, loss: 0.3875 ||: 100%|##########| 184/184 [00:03<00:00, 58.56it/s]

  0%|          | 0/98 [00:00<?, ?it/s]
accuracy: 0.8448, accuracy3: 1.0000, loss: 0.5062 ||:  12%|#2        | 12/98 [00:00<00:00, 116.42it/s]
accuracy: 0.8318, accuracy3: 1.0000, loss: 0.5098 ||:  23%|##3       | 23/98 [00:00<00:00, 111.73it/s]
accuracy: 0.8321, accuracy3: 1.0000, loss: 0.4814 ||:  36%|###5      | 35/98 [00:00<00:00, 112.60it/s]
accuracy: 0.8367, accuracy3: 1.0000, loss: 0.4998 ||:  47%|####6     | 46/98 [00:00<00:00, 109.65it/s]
accuracy: 0.8517, accuracy3: 1.0000, loss: 0.4813 ||:  59%|#####9    | 58/98 [00:00<00:00, 109.09it/s]
accuracy: 0.8485, accuracy3: 1.0000, loss: 0.4754 ||:  70%|#######   | 69/98 [00:00<00:00, 108.66it/s]
accuracy: 0.8459, accuracy3: 1.0000, loss: 0.4776 ||:  82%|########1 | 80/98 [00:00<00:00, 107.35it/s]
accuracy: 0.8506, accuracy3: 1.0000, loss: 0.4878 ||:  93%|#########2| 91/98 [00:00<00:00, 107.40it/s]
accuracy: 0.8546, accuracy3: 1.0000, loss: 0.4845 ||: 100%|##########| 98/98 [00:00<00:00, 108.25it/s]

