2019-02-11 18:24:42,913 - INFO - allennlp.common.from_params - instantiating class <class 'allennlp.data.dataset_readers.dataset_reader.DatasetReader'> from params {'mytokenizer': {'type': 'word', 'word_splitter': {'ner': True, 'parse': True, 'pos_tags': True, 'type': 'whitespacy'}}, 'token_indexers': {'dependency_label': {'namespace': 'dependencies', 'type': 'dependency_label'}, 'ner_tag': {'namespace': 'ner', 'type': 'ner_tag'}, 'pos_tag': {'coarse_tags': True, 'namespace': 'pos', 'type': 'pos_tag'}, 'tokens': {'lowercase_tokens': True, 'type': 'single_id'}}, 'type': 'sequence_tagging2', 'word_tag_delimiter': '//'} and extras {}
2019-02-11 18:24:42,914 - INFO - allennlp.common.params - dataset_reader.type = sequence_tagging2
2019-02-11 18:24:42,914 - INFO - allennlp.common.from_params - instantiating class <class 'myallennlp.dataset_readers.sequence_tagging2.SequenceTaggingDatasetReader'> from params {'mytokenizer': {'type': 'word', 'word_splitter': {'ner': True, 'parse': True, 'pos_tags': True, 'type': 'whitespacy'}}, 'token_indexers': {'dependency_label': {'namespace': 'dependencies', 'type': 'dependency_label'}, 'ner_tag': {'namespace': 'ner', 'type': 'ner_tag'}, 'pos_tag': {'coarse_tags': True, 'namespace': 'pos', 'type': 'pos_tag'}, 'tokens': {'lowercase_tokens': True, 'type': 'single_id'}}, 'word_tag_delimiter': '//'} and extras {}
2019-02-11 18:24:42,914 - INFO - allennlp.common.params - dataset_reader.word_tag_delimiter = //
2019-02-11 18:24:42,914 - INFO - allennlp.common.params - dataset_reader.token_delimiter = None
2019-02-11 18:24:42,915 - INFO - allennlp.common.from_params - instantiating class allennlp.data.token_indexers.token_indexer.TokenIndexer from params {'namespace': 'dependencies', 'type': 'dependency_label'} and extras {}
2019-02-11 18:24:42,915 - INFO - allennlp.common.params - dataset_reader.token_indexers.dependency_label.type = dependency_label
2019-02-11 18:24:42,915 - INFO - allennlp.common.from_params - instantiating class allennlp.data.token_indexers.dep_label_indexer.DepLabelIndexer from params {'namespace': 'dependencies'} and extras {}
2019-02-11 18:24:42,915 - INFO - allennlp.common.params - dataset_reader.token_indexers.dependency_label.namespace = dependencies
2019-02-11 18:24:42,915 - INFO - allennlp.common.from_params - instantiating class allennlp.data.token_indexers.token_indexer.TokenIndexer from params {'namespace': 'ner', 'type': 'ner_tag'} and extras {}
2019-02-11 18:24:42,916 - INFO - allennlp.common.params - dataset_reader.token_indexers.ner_tag.type = ner_tag
2019-02-11 18:24:42,916 - INFO - allennlp.common.from_params - instantiating class allennlp.data.token_indexers.ner_tag_indexer.NerTagIndexer from params {'namespace': 'ner'} and extras {}
2019-02-11 18:24:42,916 - INFO - allennlp.common.params - dataset_reader.token_indexers.ner_tag.namespace = ner
2019-02-11 18:24:42,916 - INFO - allennlp.common.from_params - instantiating class allennlp.data.token_indexers.token_indexer.TokenIndexer from params {'coarse_tags': True, 'namespace': 'pos', 'type': 'pos_tag'} and extras {}
2019-02-11 18:24:42,916 - INFO - allennlp.common.params - dataset_reader.token_indexers.pos_tag.type = pos_tag
2019-02-11 18:24:42,917 - INFO - allennlp.common.from_params - instantiating class allennlp.data.token_indexers.pos_tag_indexer.PosTagIndexer from params {'coarse_tags': True, 'namespace': 'pos'} and extras {}
2019-02-11 18:24:42,917 - INFO - allennlp.common.params - dataset_reader.token_indexers.pos_tag.namespace = pos
2019-02-11 18:24:42,917 - INFO - allennlp.common.params - dataset_reader.token_indexers.pos_tag.coarse_tags = True
2019-02-11 18:24:42,917 - INFO - allennlp.common.from_params - instantiating class allennlp.data.token_indexers.token_indexer.TokenIndexer from params {'lowercase_tokens': True, 'type': 'single_id'} and extras {}
2019-02-11 18:24:42,917 - INFO - allennlp.common.params - dataset_reader.token_indexers.tokens.type = single_id
2019-02-11 18:24:42,918 - INFO - allennlp.common.from_params - instantiating class allennlp.data.token_indexers.single_id_token_indexer.SingleIdTokenIndexer from params {'lowercase_tokens': True} and extras {}
2019-02-11 18:24:42,918 - INFO - allennlp.common.params - dataset_reader.token_indexers.tokens.namespace = tokens
2019-02-11 18:24:42,918 - INFO - allennlp.common.params - dataset_reader.token_indexers.tokens.lowercase_tokens = True
2019-02-11 18:24:42,918 - INFO - allennlp.common.params - dataset_reader.token_indexers.tokens.start_tokens = None
2019-02-11 18:24:42,918 - INFO - allennlp.common.params - dataset_reader.token_indexers.tokens.end_tokens = None
2019-02-11 18:24:42,919 - INFO - allennlp.common.params - dataset_reader.lazy = False
2019-02-11 18:24:42,919 - INFO - allennlp.common.from_params - instantiating class <class 'allennlp.data.tokenizers.tokenizer.Tokenizer'> from params {'type': 'word', 'word_splitter': {'ner': True, 'parse': True, 'pos_tags': True, 'type': 'whitespacy'}} and extras {}
2019-02-11 18:24:42,919 - INFO - allennlp.common.params - dataset_reader.mytokenizer.type = word
2019-02-11 18:24:42,919 - INFO - allennlp.common.from_params - instantiating class <class 'allennlp.data.tokenizers.word_tokenizer.WordTokenizer'> from params {'word_splitter': {'ner': True, 'parse': True, 'pos_tags': True, 'type': 'whitespacy'}} and extras {}
2019-02-11 18:24:42,920 - INFO - allennlp.common.from_params - instantiating class <class 'allennlp.data.tokenizers.word_splitter.WordSplitter'> from params {'ner': True, 'parse': True, 'pos_tags': True, 'type': 'whitespacy'} and extras {}
2019-02-11 18:24:42,920 - INFO - allennlp.common.params - dataset_reader.mytokenizer.word_splitter.type = whitespacy
2019-02-11 18:24:42,920 - INFO - allennlp.common.from_params - instantiating class <class 'myallennlp.data.tokenizers.word_splitter.SpacyWordSplitter'> from params {'ner': True, 'parse': True, 'pos_tags': True} and extras {}
2019-02-11 18:24:42,920 - INFO - allennlp.common.params - dataset_reader.mytokenizer.word_splitter.language = en_core_web_sm
2019-02-11 18:24:42,920 - INFO - allennlp.common.params - dataset_reader.mytokenizer.word_splitter.pos_tags = True
2019-02-11 18:24:42,920 - INFO - allennlp.common.params - dataset_reader.mytokenizer.word_splitter.parse = True
2019-02-11 18:24:42,921 - INFO - allennlp.common.params - dataset_reader.mytokenizer.word_splitter.ner = True
2019-02-11 18:24:43,953 - INFO - allennlp.common.params - dataset_reader.mytokenizer.start_tokens = None
2019-02-11 18:24:43,954 - INFO - allennlp.common.params - dataset_reader.mytokenizer.end_tokens = None
2019-02-11 18:24:43,954 - INFO - allennlp.common.params - dataset_reader.use_spacy_directly = False
2019-02-11 18:24:43,954 - INFO - allennlp.common.params - validation_dataset_reader = None
2019-02-11 18:24:43,954 - INFO - allennlp.common.params - train_data_path = ../data/allenTrain.txt
2019-02-11 18:24:43,954 - INFO - allennlp.commands.train - Reading training data from ../data/allenTrain.txt
2019-02-11 18:24:43,955 - INFO - myallennlp.dataset_readers.sequence_tagging2 - Reading instances from lines in file at: ../data/allenTrain.txt
2019-02-11 18:26:30,130 - INFO - allennlp.common.params - validation_data_path = ../data/allenDev.txt
2019-02-11 18:26:30,131 - INFO - allennlp.commands.train - Reading validation data from ../data/allenDev.txt
2019-02-11 18:26:30,131 - INFO - myallennlp.dataset_readers.sequence_tagging2 - Reading instances from lines in file at: ../data/allenDev.txt
2019-02-11 18:27:25,932 - INFO - allennlp.common.params - test_data_path = None
2019-02-11 18:27:25,932 - INFO - allennlp.commands.train - From dataset instances, train, validation will be considered for vocabulary creation.
2019-02-11 18:27:25,932 - INFO - allennlp.common.params - vocabulary.type = None
2019-02-11 18:27:25,932 - INFO - allennlp.common.params - vocabulary.extend = False
2019-02-11 18:27:25,933 - INFO - allennlp.common.params - vocabulary.directory_path = None
2019-02-11 18:27:25,933 - INFO - allennlp.common.params - vocabulary.min_count = None
2019-02-11 18:27:25,933 - INFO - allennlp.common.params - vocabulary.max_vocab_size = None
2019-02-11 18:27:25,933 - INFO - allennlp.common.params - vocabulary.non_padded_namespaces = ('*tags', '*labels')
2019-02-11 18:27:25,933 - INFO - allennlp.common.params - vocabulary.min_pretrained_embeddings = None
2019-02-11 18:27:25,933 - INFO - allennlp.common.params - vocabulary.only_include_pretrained_words = False
2019-02-11 18:27:25,933 - INFO - allennlp.common.params - vocabulary.tokens_to_add = None
2019-02-11 18:27:25,933 - INFO - allennlp.data.vocabulary - Fitting token dictionary from dataset.
2019-02-11 18:27:28,159 - INFO - allennlp.common.from_params - instantiating class <class 'allennlp.models.model.Model'> from params {'Ntags0': 95, 'Ntags1': 5, 'do_crossentropy_weighting': True, 'encoder': {'input_dim': 72, 'type': 'pass_through'}, 'text_field_embedder': {'token_embedders': {'dependency_label': {'embedding_dim': 10, 'type': 'embedding', 'vocab_namespace': 'dependencies'}, 'ner_tag': {'embedding_dim': 7, 'type': 'embedding', 'vocab_namespace': 'ner'}, 'pos_tag': {'embedding_dim': 5, 'type': 'embedding', 'vocab_namespace': 'pos'}, 'tokens': {'embedding_dim': 50, 'pretrained_file': '~/src/allennlp/glove/glove.6B.50d.txt.gz', 'trainable': False, 'type': 'embedding'}}}, 'type': 'simple_tagger2'} and extras {'vocab': Vocabulary with namespaces:  dependencies, Size: 47 || ner, Size: 21 || pos, Size: 17 || tokens, Size: 21902 || labels, Size: 2 || Non Padded Namespaces: {'*labels', '*tags'}}
2019-02-11 18:27:28,159 - INFO - allennlp.common.params - model.type = simple_tagger2
2019-02-11 18:27:28,159 - INFO - allennlp.common.from_params - instantiating class <class 'myallennlp.models.simple_tagger2.SimpleTagger2'> from params {'Ntags0': 95, 'Ntags1': 5, 'do_crossentropy_weighting': True, 'encoder': {'input_dim': 72, 'type': 'pass_through'}, 'text_field_embedder': {'token_embedders': {'dependency_label': {'embedding_dim': 10, 'type': 'embedding', 'vocab_namespace': 'dependencies'}, 'ner_tag': {'embedding_dim': 7, 'type': 'embedding', 'vocab_namespace': 'ner'}, 'pos_tag': {'embedding_dim': 5, 'type': 'embedding', 'vocab_namespace': 'pos'}, 'tokens': {'embedding_dim': 50, 'pretrained_file': '~/src/allennlp/glove/glove.6B.50d.txt.gz', 'trainable': False, 'type': 'embedding'}}}} and extras {'vocab': Vocabulary with namespaces:  dependencies, Size: 47 || ner, Size: 21 || pos, Size: 17 || tokens, Size: 21902 || labels, Size: 2 || Non Padded Namespaces: {'*labels', '*tags'}}
2019-02-11 18:27:28,160 - INFO - allennlp.common.from_params - instantiating class <class 'allennlp.modules.text_field_embedders.text_field_embedder.TextFieldEmbedder'> from params {'token_embedders': {'dependency_label': {'embedding_dim': 10, 'type': 'embedding', 'vocab_namespace': 'dependencies'}, 'ner_tag': {'embedding_dim': 7, 'type': 'embedding', 'vocab_namespace': 'ner'}, 'pos_tag': {'embedding_dim': 5, 'type': 'embedding', 'vocab_namespace': 'pos'}, 'tokens': {'embedding_dim': 50, 'pretrained_file': '~/src/allennlp/glove/glove.6B.50d.txt.gz', 'trainable': False, 'type': 'embedding'}}} and extras {'vocab': Vocabulary with namespaces:  dependencies, Size: 47 || ner, Size: 21 || pos, Size: 17 || tokens, Size: 21902 || labels, Size: 2 || Non Padded Namespaces: {'*labels', '*tags'}}
2019-02-11 18:27:28,160 - INFO - allennlp.common.params - model.text_field_embedder.type = basic
2019-02-11 18:27:28,160 - INFO - allennlp.common.params - model.text_field_embedder.embedder_to_indexer_map = None
2019-02-11 18:27:28,161 - INFO - allennlp.common.params - model.text_field_embedder.allow_unmatched_keys = False
2019-02-11 18:27:28,161 - INFO - allennlp.common.from_params - instantiating class <class 'allennlp.modules.token_embedders.token_embedder.TokenEmbedder'> from params {'embedding_dim': 10, 'type': 'embedding', 'vocab_namespace': 'dependencies'} and extras {'vocab': Vocabulary with namespaces:  dependencies, Size: 47 || ner, Size: 21 || pos, Size: 17 || tokens, Size: 21902 || labels, Size: 2 || Non Padded Namespaces: {'*labels', '*tags'}}
2019-02-11 18:27:28,161 - INFO - allennlp.common.params - model.text_field_embedder.token_embedders.dependency_label.type = embedding
2019-02-11 18:27:28,161 - INFO - allennlp.common.params - model.text_field_embedder.token_embedders.dependency_label.num_embeddings = None
2019-02-11 18:27:28,162 - INFO - allennlp.common.params - model.text_field_embedder.token_embedders.dependency_label.vocab_namespace = dependencies
2019-02-11 18:27:28,162 - INFO - allennlp.common.params - model.text_field_embedder.token_embedders.dependency_label.embedding_dim = 10
2019-02-11 18:27:28,162 - INFO - allennlp.common.params - model.text_field_embedder.token_embedders.dependency_label.pretrained_file = None
2019-02-11 18:27:28,162 - INFO - allennlp.common.params - model.text_field_embedder.token_embedders.dependency_label.projection_dim = None
2019-02-11 18:27:28,162 - INFO - allennlp.common.params - model.text_field_embedder.token_embedders.dependency_label.trainable = True
2019-02-11 18:27:28,162 - INFO - allennlp.common.params - model.text_field_embedder.token_embedders.dependency_label.padding_index = None
2019-02-11 18:27:28,162 - INFO - allennlp.common.params - model.text_field_embedder.token_embedders.dependency_label.max_norm = None
2019-02-11 18:27:28,162 - INFO - allennlp.common.params - model.text_field_embedder.token_embedders.dependency_label.norm_type = 2.0
2019-02-11 18:27:28,163 - INFO - allennlp.common.params - model.text_field_embedder.token_embedders.dependency_label.scale_grad_by_freq = False
2019-02-11 18:27:28,163 - INFO - allennlp.common.params - model.text_field_embedder.token_embedders.dependency_label.sparse = False
2019-02-11 18:27:28,164 - INFO - allennlp.common.from_params - instantiating class <class 'allennlp.modules.token_embedders.token_embedder.TokenEmbedder'> from params {'embedding_dim': 7, 'type': 'embedding', 'vocab_namespace': 'ner'} and extras {'vocab': Vocabulary with namespaces:  dependencies, Size: 47 || ner, Size: 21 || pos, Size: 17 || tokens, Size: 21902 || labels, Size: 2 || Non Padded Namespaces: {'*labels', '*tags'}}
2019-02-11 18:27:28,164 - INFO - allennlp.common.params - model.text_field_embedder.token_embedders.ner_tag.type = embedding
2019-02-11 18:27:28,164 - INFO - allennlp.common.params - model.text_field_embedder.token_embedders.ner_tag.num_embeddings = None
2019-02-11 18:27:28,164 - INFO - allennlp.common.params - model.text_field_embedder.token_embedders.ner_tag.vocab_namespace = ner
2019-02-11 18:27:28,165 - INFO - allennlp.common.params - model.text_field_embedder.token_embedders.ner_tag.embedding_dim = 7
2019-02-11 18:27:28,165 - INFO - allennlp.common.params - model.text_field_embedder.token_embedders.ner_tag.pretrained_file = None
2019-02-11 18:27:28,165 - INFO - allennlp.common.params - model.text_field_embedder.token_embedders.ner_tag.projection_dim = None
2019-02-11 18:27:28,165 - INFO - allennlp.common.params - model.text_field_embedder.token_embedders.ner_tag.trainable = True
2019-02-11 18:27:28,165 - INFO - allennlp.common.params - model.text_field_embedder.token_embedders.ner_tag.padding_index = None
2019-02-11 18:27:28,165 - INFO - allennlp.common.params - model.text_field_embedder.token_embedders.ner_tag.max_norm = None
2019-02-11 18:27:28,166 - INFO - allennlp.common.params - model.text_field_embedder.token_embedders.ner_tag.norm_type = 2.0
2019-02-11 18:27:28,166 - INFO - allennlp.common.params - model.text_field_embedder.token_embedders.ner_tag.scale_grad_by_freq = False
2019-02-11 18:27:28,166 - INFO - allennlp.common.params - model.text_field_embedder.token_embedders.ner_tag.sparse = False
2019-02-11 18:27:28,166 - INFO - allennlp.common.from_params - instantiating class <class 'allennlp.modules.token_embedders.token_embedder.TokenEmbedder'> from params {'embedding_dim': 5, 'type': 'embedding', 'vocab_namespace': 'pos'} and extras {'vocab': Vocabulary with namespaces:  dependencies, Size: 47 || ner, Size: 21 || pos, Size: 17 || tokens, Size: 21902 || labels, Size: 2 || Non Padded Namespaces: {'*labels', '*tags'}}
2019-02-11 18:27:28,166 - INFO - allennlp.common.params - model.text_field_embedder.token_embedders.pos_tag.type = embedding
2019-02-11 18:27:28,167 - INFO - allennlp.common.params - model.text_field_embedder.token_embedders.pos_tag.num_embeddings = None
2019-02-11 18:27:28,167 - INFO - allennlp.common.params - model.text_field_embedder.token_embedders.pos_tag.vocab_namespace = pos
2019-02-11 18:27:28,167 - INFO - allennlp.common.params - model.text_field_embedder.token_embedders.pos_tag.embedding_dim = 5
2019-02-11 18:27:28,167 - INFO - allennlp.common.params - model.text_field_embedder.token_embedders.pos_tag.pretrained_file = None
2019-02-11 18:27:28,167 - INFO - allennlp.common.params - model.text_field_embedder.token_embedders.pos_tag.projection_dim = None
2019-02-11 18:27:28,167 - INFO - allennlp.common.params - model.text_field_embedder.token_embedders.pos_tag.trainable = True
2019-02-11 18:27:28,167 - INFO - allennlp.common.params - model.text_field_embedder.token_embedders.pos_tag.padding_index = None
2019-02-11 18:27:28,168 - INFO - allennlp.common.params - model.text_field_embedder.token_embedders.pos_tag.max_norm = None
2019-02-11 18:27:28,168 - INFO - allennlp.common.params - model.text_field_embedder.token_embedders.pos_tag.norm_type = 2.0
2019-02-11 18:27:28,168 - INFO - allennlp.common.params - model.text_field_embedder.token_embedders.pos_tag.scale_grad_by_freq = False
2019-02-11 18:27:28,168 - INFO - allennlp.common.params - model.text_field_embedder.token_embedders.pos_tag.sparse = False
2019-02-11 18:27:28,168 - INFO - allennlp.common.from_params - instantiating class <class 'allennlp.modules.token_embedders.token_embedder.TokenEmbedder'> from params {'embedding_dim': 50, 'pretrained_file': '~/src/allennlp/glove/glove.6B.50d.txt.gz', 'trainable': False, 'type': 'embedding'} and extras {'vocab': Vocabulary with namespaces:  dependencies, Size: 47 || ner, Size: 21 || pos, Size: 17 || tokens, Size: 21902 || labels, Size: 2 || Non Padded Namespaces: {'*labels', '*tags'}}
2019-02-11 18:27:28,169 - INFO - allennlp.common.params - model.text_field_embedder.token_embedders.tokens.type = embedding
2019-02-11 18:27:28,169 - INFO - allennlp.common.params - model.text_field_embedder.token_embedders.tokens.num_embeddings = None
2019-02-11 18:27:28,169 - INFO - allennlp.common.params - model.text_field_embedder.token_embedders.tokens.vocab_namespace = tokens
2019-02-11 18:27:28,169 - INFO - allennlp.common.params - model.text_field_embedder.token_embedders.tokens.embedding_dim = 50
2019-02-11 18:27:28,169 - INFO - allennlp.common.params - model.text_field_embedder.token_embedders.tokens.pretrained_file = ~/src/allennlp/glove/glove.6B.50d.txt.gz
2019-02-11 18:27:28,169 - INFO - allennlp.common.params - model.text_field_embedder.token_embedders.tokens.projection_dim = None
2019-02-11 18:27:28,170 - INFO - allennlp.common.params - model.text_field_embedder.token_embedders.tokens.trainable = False
2019-02-11 18:27:28,170 - INFO - allennlp.common.params - model.text_field_embedder.token_embedders.tokens.padding_index = None
2019-02-11 18:27:28,170 - INFO - allennlp.common.params - model.text_field_embedder.token_embedders.tokens.max_norm = None
2019-02-11 18:27:28,170 - INFO - allennlp.common.params - model.text_field_embedder.token_embedders.tokens.norm_type = 2.0
2019-02-11 18:27:28,170 - INFO - allennlp.common.params - model.text_field_embedder.token_embedders.tokens.scale_grad_by_freq = False
2019-02-11 18:27:28,170 - INFO - allennlp.common.params - model.text_field_embedder.token_embedders.tokens.sparse = False
2019-02-11 18:27:28,176 - INFO - allennlp.modules.token_embedders.embedding - Reading pretrained embeddings from file
2019-02-11 18:27:32,802 - INFO - allennlp.modules.token_embedders.embedding - Initializing pre-trained embedding layer
2019-02-11 18:27:33,164 - INFO - allennlp.modules.token_embedders.embedding - Pretrained embeddings were found for 20103 out of 21902 tokens
2019-02-11 18:27:33,177 - INFO - allennlp.common.from_params - instantiating class <class 'allennlp.modules.seq2seq_encoders.seq2seq_encoder.Seq2SeqEncoder'> from params {'input_dim': 72, 'type': 'pass_through'} and extras {'vocab': Vocabulary with namespaces:  dependencies, Size: 47 || ner, Size: 21 || pos, Size: 17 || tokens, Size: 21902 || labels, Size: 2 || Non Padded Namespaces: {'*labels', '*tags'}}
2019-02-11 18:27:33,177 - INFO - allennlp.common.params - model.encoder.type = pass_through
2019-02-11 18:27:33,177 - INFO - allennlp.common.from_params - instantiating class <class 'allennlp.modules.seq2seq_encoders.pass_through_encoder.PassThroughEncoder'> from params {'input_dim': 72} and extras {'vocab': Vocabulary with namespaces:  dependencies, Size: 47 || ner, Size: 21 || pos, Size: 17 || tokens, Size: 21902 || labels, Size: 2 || Non Padded Namespaces: {'*labels', '*tags'}}
2019-02-11 18:27:33,178 - INFO - allennlp.common.params - model.encoder.input_dim = 72
2019-02-11 18:27:33,178 - INFO - allennlp.common.params - model.do_crossentropy_weighting = True
2019-02-11 18:27:33,178 - INFO - allennlp.common.params - model.Ntags0 = 95
2019-02-11 18:27:33,178 - INFO - allennlp.common.params - model.Ntags1 = 5
2019-02-11 18:27:33,179 - INFO - allennlp.nn.initializers - Initializing parameters
2019-02-11 18:27:33,179 - INFO - allennlp.nn.initializers - Done initializing parameters; the following parameters are using their default initialization from their code
2019-02-11 18:27:33,179 - INFO - allennlp.nn.initializers -    tag_projection_layer._module.bias
2019-02-11 18:27:33,179 - INFO - allennlp.nn.initializers -    tag_projection_layer._module.weight
2019-02-11 18:27:33,179 - INFO - allennlp.nn.initializers -    text_field_embedder.token_embedder_dependency_label.weight
2019-02-11 18:27:33,180 - INFO - allennlp.nn.initializers -    text_field_embedder.token_embedder_ner_tag.weight
2019-02-11 18:27:33,180 - INFO - allennlp.nn.initializers -    text_field_embedder.token_embedder_pos_tag.weight
2019-02-11 18:27:33,180 - INFO - allennlp.nn.initializers -    text_field_embedder.token_embedder_tokens.weight
2019-02-11 18:27:33,295 - INFO - allennlp.common.from_params - instantiating class <class 'allennlp.data.iterators.data_iterator.DataIterator'> from params {'batch_size': 32, 'type': 'basic'} and extras {}
2019-02-11 18:27:33,295 - INFO - allennlp.common.params - iterator.type = basic
2019-02-11 18:27:33,296 - INFO - allennlp.common.from_params - instantiating class <class 'allennlp.data.iterators.basic_iterator.BasicIterator'> from params {'batch_size': 32} and extras {}
2019-02-11 18:27:33,296 - INFO - allennlp.common.params - iterator.batch_size = 32
2019-02-11 18:27:33,296 - INFO - allennlp.common.params - iterator.instances_per_epoch = None
2019-02-11 18:27:33,296 - INFO - allennlp.common.params - iterator.max_instances_in_memory = None
2019-02-11 18:27:33,297 - INFO - allennlp.common.params - iterator.cache_instances = False
2019-02-11 18:27:33,297 - INFO - allennlp.common.params - iterator.track_epoch = False
2019-02-11 18:27:33,297 - INFO - allennlp.common.params - iterator.maximum_samples_per_batch = None
2019-02-11 18:27:33,297 - INFO - allennlp.common.params - validation_iterator = None
2019-02-11 18:27:33,297 - INFO - allennlp.common.params - trainer.no_grad = ()
2019-02-11 18:27:33,298 - INFO - allennlp.commands.train - Following parameters are Frozen  (without gradient):
2019-02-11 18:27:33,298 - INFO - allennlp.commands.train - text_field_embedder.token_embedder_tokens.weight
2019-02-11 18:27:33,298 - INFO - allennlp.commands.train - Following parameters are Tunable (with gradient):
2019-02-11 18:27:33,298 - INFO - allennlp.commands.train - text_field_embedder.token_embedder_dependency_label.weight
2019-02-11 18:27:33,298 - INFO - allennlp.commands.train - text_field_embedder.token_embedder_ner_tag.weight
2019-02-11 18:27:33,298 - INFO - allennlp.commands.train - text_field_embedder.token_embedder_pos_tag.weight
2019-02-11 18:27:33,298 - INFO - allennlp.commands.train - tag_projection_layer._module.weight
2019-02-11 18:27:33,299 - INFO - allennlp.commands.train - tag_projection_layer._module.bias
2019-02-11 18:27:33,299 - INFO - allennlp.common.params - trainer.type = default
2019-02-11 18:27:33,299 - INFO - allennlp.common.params - trainer.patience = 5
2019-02-11 18:27:33,299 - INFO - allennlp.common.params - trainer.validation_metric = -loss
2019-02-11 18:27:33,299 - INFO - allennlp.common.params - trainer.shuffle = True
2019-02-11 18:27:33,299 - INFO - allennlp.common.params - trainer.num_epochs = 40
2019-02-11 18:27:33,300 - INFO - allennlp.common.params - trainer.cuda_device = 0
2019-02-11 18:27:33,300 - INFO - allennlp.common.params - trainer.grad_norm = None
2019-02-11 18:27:33,300 - INFO - allennlp.common.params - trainer.grad_clipping = None
2019-02-11 18:27:33,300 - INFO - allennlp.common.params - trainer.learning_rate_scheduler = None
2019-02-11 18:27:37,597 - INFO - allennlp.common.params - trainer.optimizer = adam
2019-02-11 18:27:37,598 - INFO - allennlp.common.params - parameter_groups = None
2019-02-11 18:27:37,598 - INFO - allennlp.training.optimizers - Number of trainable parameters: 848
2019-02-11 18:27:37,599 - INFO - allennlp.common.params - Converting Params object to dict; logging of default values will not occur when dictionary parameters are used subsequently.
2019-02-11 18:27:37,600 - INFO - allennlp.common.params - CURRENTLY DEFINED PARAMETERS: 
2019-02-11 18:27:37,600 - INFO - allennlp.common.params - trainer.num_serialized_models_to_keep = 20
2019-02-11 18:27:37,600 - INFO - allennlp.common.params - trainer.keep_serialized_model_every_num_seconds = None
2019-02-11 18:27:37,600 - INFO - allennlp.common.params - trainer.model_save_interval = None
2019-02-11 18:27:37,600 - INFO - allennlp.common.params - trainer.summary_interval = 100
2019-02-11 18:27:37,600 - INFO - allennlp.common.params - trainer.histogram_interval = None
2019-02-11 18:27:37,600 - INFO - allennlp.common.params - trainer.should_log_parameter_statistics = True
2019-02-11 18:27:37,601 - INFO - allennlp.common.params - trainer.should_log_learning_rate = False
2019-02-11 18:27:37,601 - INFO - allennlp.common.params - trainer.log_batch_size_period = None
2019-02-11 18:27:37,603 - INFO - allennlp.common.params - evaluate_on_test = False
2019-02-11 18:27:37,603 - INFO - allennlp.training.trainer - Beginning training.
2019-02-11 18:27:37,604 - INFO - allennlp.training.trainer - Epoch 0/39
2019-02-11 18:27:37,604 - INFO - allennlp.training.trainer - Peak CPU memory usage MB: 2625.584
2019-02-11 18:27:37,702 - INFO - allennlp.training.trainer - GPU 0 memory usage MB: 654
2019-02-11 18:27:37,702 - INFO - allennlp.training.trainer - Training
2019-02-11 18:27:46,206 - INFO - allennlp.training.trainer - Validating
2019-02-11 18:27:49,706 - INFO - allennlp.training.trainer -                     Training |  Validation
2019-02-11 18:27:49,707 - INFO - allennlp.training.trainer - gpu_0_memory_MB |   654.000  |       N/A
2019-02-11 18:27:49,708 - INFO - allennlp.training.trainer - loss            |     0.505  |     0.544
2019-02-11 18:27:49,708 - INFO - allennlp.training.trainer - accuracy3       |     1.000  |     1.000
2019-02-11 18:27:49,708 - INFO - allennlp.training.trainer - accuracy        |     0.862  |     0.858
2019-02-11 18:27:49,708 - INFO - allennlp.training.trainer - cpu_memory_MB   |  2625.584  |       N/A
2019-02-11 18:27:49,722 - INFO - allennlp.training.trainer - Best validation performance so far. Copying weights to './model_params/best.th'.
2019-02-11 18:27:49,730 - INFO - allennlp.training.trainer - Epoch duration: 00:00:12
2019-02-11 18:27:49,730 - INFO - allennlp.training.trainer - Estimated training time remaining: 0:07:52
2019-02-11 18:27:49,731 - INFO - allennlp.training.trainer - Epoch 1/39
2019-02-11 18:27:49,731 - INFO - allennlp.training.trainer - Peak CPU memory usage MB: 2660.816
2019-02-11 18:27:49,837 - INFO - allennlp.training.trainer - GPU 0 memory usage MB: 663
2019-02-11 18:27:49,838 - INFO - allennlp.training.trainer - Training
2019-02-11 18:27:56,759 - INFO - allennlp.training.trainer - Validating
2019-02-11 18:27:59,010 - INFO - allennlp.training.trainer -                     Training |  Validation
2019-02-11 18:27:59,012 - INFO - allennlp.training.trainer - gpu_0_memory_MB |   663.000  |       N/A
2019-02-11 18:27:59,012 - INFO - allennlp.training.trainer - loss            |     0.422  |     0.513
2019-02-11 18:27:59,012 - INFO - allennlp.training.trainer - accuracy3       |     1.000  |     1.000
2019-02-11 18:27:59,012 - INFO - allennlp.training.trainer - accuracy        |     0.834  |     0.842
2019-02-11 18:27:59,012 - INFO - allennlp.training.trainer - cpu_memory_MB   |  2660.816  |       N/A
2019-02-11 18:27:59,024 - INFO - allennlp.training.trainer - Best validation performance so far. Copying weights to './model_params/best.th'.
2019-02-11 18:27:59,034 - INFO - allennlp.training.trainer - Epoch duration: 00:00:09
2019-02-11 18:27:59,034 - INFO - allennlp.training.trainer - Estimated training time remaining: 0:06:47
2019-02-11 18:27:59,034 - INFO - allennlp.training.trainer - Epoch 2/39
2019-02-11 18:27:59,034 - INFO - allennlp.training.trainer - Peak CPU memory usage MB: 2660.94
2019-02-11 18:27:59,144 - INFO - allennlp.training.trainer - GPU 0 memory usage MB: 663
2019-02-11 18:27:59,145 - INFO - allennlp.training.trainer - Training
2019-02-11 18:28:04,977 - INFO - allennlp.training.trainer - Validating
2019-02-11 18:28:07,243 - INFO - allennlp.training.trainer -                     Training |  Validation
2019-02-11 18:28:07,244 - INFO - allennlp.training.trainer - gpu_0_memory_MB |   663.000  |       N/A
2019-02-11 18:28:07,244 - INFO - allennlp.training.trainer - loss            |     0.410  |     0.506
2019-02-11 18:28:07,244 - INFO - allennlp.training.trainer - accuracy3       |     1.000  |     1.000
2019-02-11 18:28:07,244 - INFO - allennlp.training.trainer - accuracy        |     0.832  |     0.837
2019-02-11 18:28:07,245 - INFO - allennlp.training.trainer - cpu_memory_MB   |  2660.940  |       N/A
2019-02-11 18:28:07,256 - INFO - allennlp.training.trainer - Best validation performance so far. Copying weights to './model_params/best.th'.
2019-02-11 18:28:07,273 - INFO - allennlp.training.trainer - Epoch duration: 00:00:08
2019-02-11 18:28:07,273 - INFO - allennlp.training.trainer - Estimated training time remaining: 0:06:05
2019-02-11 18:28:07,273 - INFO - allennlp.training.trainer - Epoch 3/39
2019-02-11 18:28:07,274 - INFO - allennlp.training.trainer - Peak CPU memory usage MB: 2660.952
2019-02-11 18:28:07,394 - INFO - allennlp.training.trainer - GPU 0 memory usage MB: 663
2019-02-11 18:28:07,395 - INFO - allennlp.training.trainer - Training
2019-02-11 18:28:14,125 - INFO - allennlp.training.trainer - Validating
2019-02-11 18:28:16,217 - INFO - allennlp.training.trainer -                     Training |  Validation
2019-02-11 18:28:16,218 - INFO - allennlp.training.trainer - gpu_0_memory_MB |   663.000  |       N/A
2019-02-11 18:28:16,218 - INFO - allennlp.training.trainer - loss            |     0.405  |     0.504
2019-02-11 18:28:16,218 - INFO - allennlp.training.trainer - accuracy3       |     1.000  |     1.000
2019-02-11 18:28:16,218 - INFO - allennlp.training.trainer - accuracy        |     0.833  |     0.839
2019-02-11 18:28:16,219 - INFO - allennlp.training.trainer - cpu_memory_MB   |  2660.952  |       N/A
2019-02-11 18:28:16,229 - INFO - allennlp.training.trainer - Best validation performance so far. Copying weights to './model_params/best.th'.
2019-02-11 18:28:16,240 - INFO - allennlp.training.trainer - Epoch duration: 00:00:08
2019-02-11 18:28:16,241 - INFO - allennlp.training.trainer - Estimated training time remaining: 0:05:47
2019-02-11 18:28:16,241 - INFO - allennlp.training.trainer - Epoch 4/39
2019-02-11 18:28:16,241 - INFO - allennlp.training.trainer - Peak CPU memory usage MB: 2660.956
2019-02-11 18:28:16,357 - INFO - allennlp.training.trainer - GPU 0 memory usage MB: 663
2019-02-11 18:28:16,358 - INFO - allennlp.training.trainer - Training
2019-02-11 18:28:21,531 - INFO - allennlp.training.trainer - Validating
2019-02-11 18:28:22,773 - INFO - allennlp.training.trainer -                     Training |  Validation
2019-02-11 18:28:22,774 - INFO - allennlp.training.trainer - gpu_0_memory_MB |   663.000  |       N/A
2019-02-11 18:28:22,774 - INFO - allennlp.training.trainer - loss            |     0.404  |     0.501
2019-02-11 18:28:22,775 - INFO - allennlp.training.trainer - accuracy3       |     1.000  |     1.000
2019-02-11 18:28:22,775 - INFO - allennlp.training.trainer - accuracy        |     0.836  |     0.838
2019-02-11 18:28:22,775 - INFO - allennlp.training.trainer - cpu_memory_MB   |  2660.956  |       N/A
2019-02-11 18:28:22,783 - INFO - allennlp.training.trainer - Best validation performance so far. Copying weights to './model_params/best.th'.
2019-02-11 18:28:22,790 - INFO - allennlp.training.trainer - Epoch duration: 00:00:06
2019-02-11 18:28:22,791 - INFO - allennlp.training.trainer - Estimated training time remaining: 0:05:16
2019-02-11 18:28:22,791 - INFO - allennlp.training.trainer - Epoch 5/39
2019-02-11 18:28:22,791 - INFO - allennlp.training.trainer - Peak CPU memory usage MB: 2660.96
2019-02-11 18:28:22,867 - INFO - allennlp.training.trainer - GPU 0 memory usage MB: 332
2019-02-11 18:28:22,867 - INFO - allennlp.training.trainer - Training
2019-02-11 18:28:26,124 - INFO - allennlp.training.trainer - Validating
2019-02-11 18:28:27,786 - INFO - allennlp.training.trainer -                     Training |  Validation
2019-02-11 18:28:27,787 - INFO - allennlp.training.trainer - gpu_0_memory_MB |   332.000  |       N/A
2019-02-11 18:28:27,788 - INFO - allennlp.training.trainer - loss            |     0.403  |     0.499
2019-02-11 18:28:27,788 - INFO - allennlp.training.trainer - accuracy3       |     1.000  |     1.000
2019-02-11 18:28:27,788 - INFO - allennlp.training.trainer - accuracy        |     0.836  |     0.835
2019-02-11 18:28:27,788 - INFO - allennlp.training.trainer - cpu_memory_MB   |  2660.960  |       N/A
2019-02-11 18:28:27,799 - INFO - allennlp.training.trainer - Best validation performance so far. Copying weights to './model_params/best.th'.
2019-02-11 18:28:27,811 - INFO - allennlp.training.trainer - Epoch duration: 00:00:05
2019-02-11 18:28:27,811 - INFO - allennlp.training.trainer - Estimated training time remaining: 0:04:44
2019-02-11 18:28:27,811 - INFO - allennlp.training.trainer - Epoch 6/39
2019-02-11 18:28:27,812 - INFO - allennlp.training.trainer - Peak CPU memory usage MB: 2661.024
2019-02-11 18:28:27,910 - INFO - allennlp.training.trainer - GPU 0 memory usage MB: 332
2019-02-11 18:28:27,910 - INFO - allennlp.training.trainer - Training
2019-02-11 18:28:32,606 - INFO - allennlp.training.trainer - Validating
2019-02-11 18:28:34,481 - INFO - allennlp.training.trainer -                     Training |  Validation
2019-02-11 18:28:34,482 - INFO - allennlp.training.trainer - gpu_0_memory_MB |   332.000  |       N/A
2019-02-11 18:28:34,482 - INFO - allennlp.training.trainer - loss            |     0.402  |     0.505
2019-02-11 18:28:34,482 - INFO - allennlp.training.trainer - accuracy3       |     1.000  |     1.000
2019-02-11 18:28:34,483 - INFO - allennlp.training.trainer - accuracy        |     0.833  |     0.843
2019-02-11 18:28:34,483 - INFO - allennlp.training.trainer - cpu_memory_MB   |  2661.024  |       N/A
2019-02-11 18:28:34,506 - INFO - allennlp.training.trainer - Epoch duration: 00:00:06
2019-02-11 18:28:34,508 - INFO - allennlp.training.trainer - Estimated training time remaining: 0:04:28
2019-02-11 18:28:34,509 - INFO - allennlp.training.trainer - Epoch 7/39
2019-02-11 18:28:34,509 - INFO - allennlp.training.trainer - Peak CPU memory usage MB: 2661.028
2019-02-11 18:28:34,675 - INFO - allennlp.training.trainer - GPU 0 memory usage MB: 332
2019-02-11 18:28:34,676 - INFO - allennlp.training.trainer - Training
2019-02-11 18:28:41,481 - INFO - allennlp.training.trainer - Validating
2019-02-11 18:28:43,849 - INFO - allennlp.training.trainer -                     Training |  Validation
2019-02-11 18:28:43,849 - INFO - allennlp.training.trainer - gpu_0_memory_MB |   332.000  |       N/A
2019-02-11 18:28:43,850 - INFO - allennlp.training.trainer - loss            |     0.402  |     0.505
2019-02-11 18:28:43,850 - INFO - allennlp.training.trainer - accuracy3       |     1.000  |     1.000
2019-02-11 18:28:43,850 - INFO - allennlp.training.trainer - accuracy        |     0.836  |     0.842
2019-02-11 18:28:43,851 - INFO - allennlp.training.trainer - cpu_memory_MB   |  2661.028  |       N/A
2019-02-11 18:28:43,868 - INFO - allennlp.training.trainer - Epoch duration: 00:00:09
2019-02-11 18:28:43,876 - INFO - allennlp.training.trainer - Estimated training time remaining: 0:04:25
2019-02-11 18:28:43,876 - INFO - allennlp.training.trainer - Epoch 8/39
2019-02-11 18:28:43,876 - INFO - allennlp.training.trainer - Peak CPU memory usage MB: 2661.028
2019-02-11 18:28:44,070 - INFO - allennlp.training.trainer - GPU 0 memory usage MB: 395
2019-02-11 18:28:44,070 - INFO - allennlp.training.trainer - Training
2019-02-11 18:28:51,247 - INFO - allennlp.training.trainer - Validating
2019-02-11 18:28:53,328 - INFO - allennlp.training.trainer -                     Training |  Validation
2019-02-11 18:28:53,329 - INFO - allennlp.training.trainer - gpu_0_memory_MB |   395.000  |       N/A
2019-02-11 18:28:53,329 - INFO - allennlp.training.trainer - loss            |     0.401  |     0.501
2019-02-11 18:28:53,329 - INFO - allennlp.training.trainer - accuracy3       |     1.000  |     1.000
2019-02-11 18:28:53,330 - INFO - allennlp.training.trainer - accuracy        |     0.836  |     0.838
2019-02-11 18:28:53,330 - INFO - allennlp.training.trainer - cpu_memory_MB   |  2661.028  |       N/A
2019-02-11 18:28:53,347 - INFO - allennlp.training.trainer - Epoch duration: 00:00:09
2019-02-11 18:28:53,352 - INFO - allennlp.training.trainer - Estimated training time remaining: 0:04:20
2019-02-11 18:28:53,353 - INFO - allennlp.training.trainer - Epoch 9/39
2019-02-11 18:28:53,353 - INFO - allennlp.training.trainer - Peak CPU memory usage MB: 2661.032
2019-02-11 18:28:53,539 - INFO - allennlp.training.trainer - GPU 0 memory usage MB: 395
2019-02-11 18:28:53,540 - INFO - allennlp.training.trainer - Training
2019-02-11 18:28:59,954 - INFO - allennlp.training.trainer - Validating
2019-02-11 18:29:01,962 - INFO - allennlp.training.trainer -                     Training |  Validation
2019-02-11 18:29:01,963 - INFO - allennlp.training.trainer - gpu_0_memory_MB |   395.000  |       N/A
2019-02-11 18:29:01,964 - INFO - allennlp.training.trainer - loss            |     0.402  |     0.499
2019-02-11 18:29:01,968 - INFO - allennlp.training.trainer - accuracy3       |     1.000  |     1.000
2019-02-11 18:29:01,968 - INFO - allennlp.training.trainer - accuracy        |     0.837  |     0.837
2019-02-11 18:29:01,968 - INFO - allennlp.training.trainer - cpu_memory_MB   |  2661.032  |       N/A
2019-02-11 18:29:01,984 - INFO - allennlp.training.trainer - Epoch duration: 00:00:08
2019-02-11 18:29:01,985 - INFO - allennlp.training.trainer - Estimated training time remaining: 0:04:13
2019-02-11 18:29:01,986 - INFO - allennlp.training.trainer - Epoch 10/39
2019-02-11 18:29:01,986 - INFO - allennlp.training.trainer - Peak CPU memory usage MB: 2661.048
2019-02-11 18:29:02,092 - INFO - allennlp.training.trainer - GPU 0 memory usage MB: 395
2019-02-11 18:29:02,092 - INFO - allennlp.training.trainer - Training
2019-02-11 18:29:09,277 - INFO - allennlp.training.trainer - Validating
2019-02-11 18:29:11,756 - INFO - allennlp.training.trainer -                     Training |  Validation
2019-02-11 18:29:11,758 - INFO - allennlp.training.trainer - gpu_0_memory_MB |   395.000  |       N/A
2019-02-11 18:29:11,758 - INFO - allennlp.training.trainer - loss            |     0.402  |     0.498
2019-02-11 18:29:11,758 - INFO - allennlp.training.trainer - accuracy3       |     1.000  |     1.000
2019-02-11 18:29:11,759 - INFO - allennlp.training.trainer - accuracy        |     0.837  |     0.833
2019-02-11 18:29:11,759 - INFO - allennlp.training.trainer - cpu_memory_MB   |  2661.048  |       N/A
2019-02-11 18:29:11,783 - INFO - allennlp.training.trainer - Best validation performance so far. Copying weights to './model_params/best.th'.
2019-02-11 18:29:11,806 - INFO - allennlp.training.trainer - Epoch duration: 00:00:09
2019-02-11 18:29:11,808 - INFO - allennlp.training.trainer - Estimated training time remaining: 0:04:08
2019-02-11 18:29:11,808 - INFO - allennlp.training.trainer - Epoch 11/39
2019-02-11 18:29:11,808 - INFO - allennlp.training.trainer - Peak CPU memory usage MB: 2661.052
2019-02-11 18:29:12,002 - INFO - allennlp.training.trainer - GPU 0 memory usage MB: 395
2019-02-11 18:29:12,003 - INFO - allennlp.training.trainer - Training
2019-02-11 18:29:18,129 - INFO - allennlp.training.trainer - Validating
2019-02-11 18:29:20,503 - INFO - allennlp.training.trainer -                     Training |  Validation
2019-02-11 18:29:20,503 - INFO - allennlp.training.trainer - gpu_0_memory_MB |   395.000  |       N/A
2019-02-11 18:29:20,504 - INFO - allennlp.training.trainer - loss            |     0.402  |     0.497
2019-02-11 18:29:20,504 - INFO - allennlp.training.trainer - accuracy3       |     1.000  |     1.000
2019-02-11 18:29:20,504 - INFO - allennlp.training.trainer - accuracy        |     0.835  |     0.833
2019-02-11 18:29:20,505 - INFO - allennlp.training.trainer - cpu_memory_MB   |  2661.052  |       N/A
2019-02-11 18:29:20,522 - INFO - allennlp.training.trainer - Best validation performance so far. Copying weights to './model_params/best.th'.
2019-02-11 18:29:20,539 - INFO - allennlp.training.trainer - Epoch duration: 00:00:08
2019-02-11 18:29:20,542 - INFO - allennlp.training.trainer - Estimated training time remaining: 0:04:00
2019-02-11 18:29:20,542 - INFO - allennlp.training.trainer - Epoch 12/39
2019-02-11 18:29:20,543 - INFO - allennlp.training.trainer - Peak CPU memory usage MB: 2661.052
2019-02-11 18:29:20,741 - INFO - allennlp.training.trainer - GPU 0 memory usage MB: 395
2019-02-11 18:29:20,742 - INFO - allennlp.training.trainer - Training
2019-02-11 18:29:26,887 - INFO - allennlp.training.trainer - Validating
2019-02-11 18:29:29,299 - INFO - allennlp.training.trainer -                     Training |  Validation
2019-02-11 18:29:29,300 - INFO - allennlp.training.trainer - gpu_0_memory_MB |   395.000  |       N/A
2019-02-11 18:29:29,300 - INFO - allennlp.training.trainer - loss            |     0.401  |     0.499
2019-02-11 18:29:29,300 - INFO - allennlp.training.trainer - accuracy3       |     1.000  |     1.000
2019-02-11 18:29:29,300 - INFO - allennlp.training.trainer - accuracy        |     0.835  |     0.836
2019-02-11 18:29:29,301 - INFO - allennlp.training.trainer - cpu_memory_MB   |  2661.052  |       N/A
2019-02-11 18:29:29,327 - INFO - allennlp.training.trainer - Epoch duration: 00:00:08
2019-02-11 18:29:29,328 - INFO - allennlp.training.trainer - Estimated training time remaining: 0:03:52
2019-02-11 18:29:29,328 - INFO - allennlp.training.trainer - Epoch 13/39
2019-02-11 18:29:29,328 - INFO - allennlp.training.trainer - Peak CPU memory usage MB: 2661.052
2019-02-11 18:29:29,440 - INFO - allennlp.training.trainer - GPU 0 memory usage MB: 395
2019-02-11 18:29:29,440 - INFO - allennlp.training.trainer - Training
2019-02-11 18:29:35,649 - INFO - allennlp.training.trainer - Validating
2019-02-11 18:29:37,831 - INFO - allennlp.training.trainer -                     Training |  Validation
2019-02-11 18:29:37,832 - INFO - allennlp.training.trainer - gpu_0_memory_MB |   395.000  |       N/A
2019-02-11 18:29:37,832 - INFO - allennlp.training.trainer - loss            |     0.401  |     0.493
2019-02-11 18:29:37,832 - INFO - allennlp.training.trainer - accuracy3       |     1.000  |     1.000
2019-02-11 18:29:37,832 - INFO - allennlp.training.trainer - accuracy        |     0.836  |     0.828
2019-02-11 18:29:37,832 - INFO - allennlp.training.trainer - cpu_memory_MB   |  2661.052  |       N/A
2019-02-11 18:29:37,842 - INFO - allennlp.training.trainer - Best validation performance so far. Copying weights to './model_params/best.th'.
2019-02-11 18:29:37,855 - INFO - allennlp.training.trainer - Epoch duration: 00:00:08
2019-02-11 18:29:37,855 - INFO - allennlp.training.trainer - Estimated training time remaining: 0:03:43
2019-02-11 18:29:37,855 - INFO - allennlp.training.trainer - Epoch 14/39
2019-02-11 18:29:37,856 - INFO - allennlp.training.trainer - Peak CPU memory usage MB: 2661.052
2019-02-11 18:29:38,023 - INFO - allennlp.training.trainer - GPU 0 memory usage MB: 395
2019-02-11 18:29:38,024 - INFO - allennlp.training.trainer - Training
2019-02-11 18:29:45,133 - INFO - allennlp.training.trainer - Validating
2019-02-11 18:29:47,659 - INFO - allennlp.training.trainer -                     Training |  Validation
2019-02-11 18:29:47,660 - INFO - allennlp.training.trainer - gpu_0_memory_MB |   395.000  |       N/A
2019-02-11 18:29:47,660 - INFO - allennlp.training.trainer - loss            |     0.401  |     0.505
2019-02-11 18:29:47,660 - INFO - allennlp.training.trainer - accuracy3       |     1.000  |     1.000
2019-02-11 18:29:47,660 - INFO - allennlp.training.trainer - accuracy        |     0.834  |     0.844
2019-02-11 18:29:47,660 - INFO - allennlp.training.trainer - cpu_memory_MB   |  2661.052  |       N/A
2019-02-11 18:29:47,671 - INFO - allennlp.training.trainer - Epoch duration: 00:00:09
2019-02-11 18:29:47,672 - INFO - allennlp.training.trainer - Estimated training time remaining: 0:03:36
2019-02-11 18:29:47,672 - INFO - allennlp.training.trainer - Epoch 15/39
2019-02-11 18:29:47,672 - INFO - allennlp.training.trainer - Peak CPU memory usage MB: 2661.052
2019-02-11 18:29:47,830 - INFO - allennlp.training.trainer - GPU 0 memory usage MB: 395
2019-02-11 18:29:47,830 - INFO - allennlp.training.trainer - Training
2019-02-11 18:29:54,206 - INFO - allennlp.training.trainer - Validating
2019-02-11 18:29:56,689 - INFO - allennlp.training.trainer -                     Training |  Validation
2019-02-11 18:29:56,690 - INFO - allennlp.training.trainer - gpu_0_memory_MB |   395.000  |       N/A
2019-02-11 18:29:56,690 - INFO - allennlp.training.trainer - loss            |     0.401  |     0.499
2019-02-11 18:29:56,691 - INFO - allennlp.training.trainer - accuracy3       |     1.000  |     1.000
2019-02-11 18:29:56,691 - INFO - allennlp.training.trainer - accuracy        |     0.836  |     0.837
2019-02-11 18:29:56,691 - INFO - allennlp.training.trainer - cpu_memory_MB   |  2661.052  |       N/A
2019-02-11 18:29:56,703 - INFO - allennlp.training.trainer - Epoch duration: 00:00:09
2019-02-11 18:29:56,703 - INFO - allennlp.training.trainer - Estimated training time remaining: 0:03:28
2019-02-11 18:29:56,703 - INFO - allennlp.training.trainer - Epoch 16/39
2019-02-11 18:29:56,704 - INFO - allennlp.training.trainer - Peak CPU memory usage MB: 2661.056
2019-02-11 18:29:56,804 - INFO - allennlp.training.trainer - GPU 0 memory usage MB: 395
2019-02-11 18:29:56,805 - INFO - allennlp.training.trainer - Training
2019-02-11 18:30:02,789 - INFO - allennlp.training.trainer - Validating
2019-02-11 18:30:05,308 - INFO - allennlp.training.trainer -                     Training |  Validation
2019-02-11 18:30:05,310 - INFO - allennlp.training.trainer - gpu_0_memory_MB |   395.000  |       N/A
2019-02-11 18:30:05,311 - INFO - allennlp.training.trainer - loss            |     0.400  |     0.496
2019-02-11 18:30:05,311 - INFO - allennlp.training.trainer - accuracy3       |     1.000  |     1.000
2019-02-11 18:30:05,311 - INFO - allennlp.training.trainer - accuracy        |     0.837  |     0.831
2019-02-11 18:30:05,313 - INFO - allennlp.training.trainer - cpu_memory_MB   |  2661.056  |       N/A
2019-02-11 18:30:05,344 - INFO - allennlp.training.trainer - Epoch duration: 00:00:08
2019-02-11 18:30:05,344 - INFO - allennlp.training.trainer - Estimated training time remaining: 0:03:19
2019-02-11 18:30:05,344 - INFO - allennlp.training.trainer - Epoch 17/39
2019-02-11 18:30:05,344 - INFO - allennlp.training.trainer - Peak CPU memory usage MB: 2661.056
2019-02-11 18:30:05,552 - INFO - allennlp.training.trainer - GPU 0 memory usage MB: 395
2019-02-11 18:30:05,552 - INFO - allennlp.training.trainer - Training
2019-02-11 18:30:12,260 - INFO - allennlp.training.trainer - Validating
2019-02-11 18:30:14,886 - INFO - allennlp.training.trainer -                     Training |  Validation
2019-02-11 18:30:14,887 - INFO - allennlp.training.trainer - gpu_0_memory_MB |   395.000  |       N/A
2019-02-11 18:30:14,887 - INFO - allennlp.training.trainer - loss            |     0.402  |     0.500
2019-02-11 18:30:14,887 - INFO - allennlp.training.trainer - accuracy3       |     1.000  |     1.000
2019-02-11 18:30:14,887 - INFO - allennlp.training.trainer - accuracy        |     0.836  |     0.838
2019-02-11 18:30:14,887 - INFO - allennlp.training.trainer - cpu_memory_MB   |  2661.056  |       N/A
2019-02-11 18:30:14,900 - INFO - allennlp.training.trainer - Epoch duration: 00:00:09
2019-02-11 18:30:14,900 - INFO - allennlp.training.trainer - Estimated training time remaining: 0:03:12
2019-02-11 18:30:14,900 - INFO - allennlp.training.trainer - Epoch 18/39
2019-02-11 18:30:14,900 - INFO - allennlp.training.trainer - Peak CPU memory usage MB: 2661.056
2019-02-11 18:30:15,033 - INFO - allennlp.training.trainer - GPU 0 memory usage MB: 395
2019-02-11 18:30:15,034 - INFO - allennlp.training.trainer - Training
2019-02-11 18:30:21,377 - INFO - allennlp.training.trainer - Validating
2019-02-11 18:30:23,782 - INFO - allennlp.training.trainer - Ran out of patience.  Stopping training.
2019-02-11 18:30:23,783 - INFO - allennlp.models.archival - archiving weights and vocabulary to ./model_params/model.tar.gz
2019-02-11 18:30:24,250 - INFO - allennlp.commands.train - Loading the best epoch weights.
2019-02-11 18:30:24,260 - INFO - allennlp.common.util - Metrics: {
  "peak_cpu_memory_MB": 2661.056,
  "peak_gpu_0_memory_MB": 663,
  "training_duration": "00:02:37",
  "training_start_epoch": 0,
  "training_epochs": 17,
  "epoch": 17,
  "training_accuracy": 0.8355578031028192,
  "training_accuracy3": 1.0,
  "training_loss": 0.40194153364585794,
  "training_cpu_memory_MB": 2661.056,
  "training_gpu_0_memory_MB": 395,
  "validation_accuracy": 0.8378271705177216,
  "validation_accuracy3": 1.0,
  "validation_loss": 0.5001769783545513,
  "best_epoch": 13,
  "best_validation_accuracy": 0.8284335284233793,
  "best_validation_accuracy3": 1.0,
  "best_validation_loss": 0.49309264275492454
}
Token batch process time:
105.52782940864563
Token batch process time:
55.10259485244751
