2019-02-11 07:05:22,286 - INFO - allennlp.common.from_params - instantiating class <class 'allennlp.data.dataset_readers.dataset_reader.DatasetReader'> from params {'mytokenizer': {'type': 'word', 'word_splitter': {'ner': True, 'parse': True, 'pos_tags': True, 'type': 'whitespacy'}}, 'token_indexers': {'dependency_label': {'namespace': 'dependencies', 'type': 'dependency_label'}, 'ner_tag': {'namespace': 'ner', 'type': 'ner_tag'}, 'pos_tag': {'coarse_tags': True, 'namespace': 'pos', 'type': 'pos_tag'}}, 'type': 'sequence_tagging2', 'word_tag_delimiter': '//'} and extras {}
2019-02-11 07:05:22,286 - INFO - allennlp.common.params - dataset_reader.type = sequence_tagging2
2019-02-11 07:05:22,287 - INFO - allennlp.common.from_params - instantiating class <class 'myallennlp.dataset_readers.sequence_tagging2.SequenceTaggingDatasetReader'> from params {'mytokenizer': {'type': 'word', 'word_splitter': {'ner': True, 'parse': True, 'pos_tags': True, 'type': 'whitespacy'}}, 'token_indexers': {'dependency_label': {'namespace': 'dependencies', 'type': 'dependency_label'}, 'ner_tag': {'namespace': 'ner', 'type': 'ner_tag'}, 'pos_tag': {'coarse_tags': True, 'namespace': 'pos', 'type': 'pos_tag'}}, 'word_tag_delimiter': '//'} and extras {}
2019-02-11 07:05:22,287 - INFO - allennlp.common.params - dataset_reader.word_tag_delimiter = //
2019-02-11 07:05:22,287 - INFO - allennlp.common.params - dataset_reader.token_delimiter = None
2019-02-11 07:05:22,287 - INFO - allennlp.common.from_params - instantiating class allennlp.data.token_indexers.token_indexer.TokenIndexer from params {'namespace': 'dependencies', 'type': 'dependency_label'} and extras {}
2019-02-11 07:05:22,287 - INFO - allennlp.common.params - dataset_reader.token_indexers.dependency_label.type = dependency_label
2019-02-11 07:05:22,287 - INFO - allennlp.common.from_params - instantiating class allennlp.data.token_indexers.dep_label_indexer.DepLabelIndexer from params {'namespace': 'dependencies'} and extras {}
2019-02-11 07:05:22,288 - INFO - allennlp.common.params - dataset_reader.token_indexers.dependency_label.namespace = dependencies
2019-02-11 07:05:22,288 - INFO - allennlp.common.from_params - instantiating class allennlp.data.token_indexers.token_indexer.TokenIndexer from params {'namespace': 'ner', 'type': 'ner_tag'} and extras {}
2019-02-11 07:05:22,288 - INFO - allennlp.common.params - dataset_reader.token_indexers.ner_tag.type = ner_tag
2019-02-11 07:05:22,288 - INFO - allennlp.common.from_params - instantiating class allennlp.data.token_indexers.ner_tag_indexer.NerTagIndexer from params {'namespace': 'ner'} and extras {}
2019-02-11 07:05:22,288 - INFO - allennlp.common.params - dataset_reader.token_indexers.ner_tag.namespace = ner
2019-02-11 07:05:22,289 - INFO - allennlp.common.from_params - instantiating class allennlp.data.token_indexers.token_indexer.TokenIndexer from params {'coarse_tags': True, 'namespace': 'pos', 'type': 'pos_tag'} and extras {}
2019-02-11 07:05:22,289 - INFO - allennlp.common.params - dataset_reader.token_indexers.pos_tag.type = pos_tag
2019-02-11 07:05:22,289 - INFO - allennlp.common.from_params - instantiating class allennlp.data.token_indexers.pos_tag_indexer.PosTagIndexer from params {'coarse_tags': True, 'namespace': 'pos'} and extras {}
2019-02-11 07:05:22,289 - INFO - allennlp.common.params - dataset_reader.token_indexers.pos_tag.namespace = pos
2019-02-11 07:05:22,289 - INFO - allennlp.common.params - dataset_reader.token_indexers.pos_tag.coarse_tags = True
2019-02-11 07:05:22,289 - INFO - allennlp.common.params - dataset_reader.lazy = False
2019-02-11 07:05:22,290 - INFO - allennlp.common.from_params - instantiating class <class 'allennlp.data.tokenizers.tokenizer.Tokenizer'> from params {'type': 'word', 'word_splitter': {'ner': True, 'parse': True, 'pos_tags': True, 'type': 'whitespacy'}} and extras {}
2019-02-11 07:05:22,290 - INFO - allennlp.common.params - dataset_reader.mytokenizer.type = word
2019-02-11 07:05:22,290 - INFO - allennlp.common.from_params - instantiating class <class 'allennlp.data.tokenizers.word_tokenizer.WordTokenizer'> from params {'word_splitter': {'ner': True, 'parse': True, 'pos_tags': True, 'type': 'whitespacy'}} and extras {}
2019-02-11 07:05:22,290 - INFO - allennlp.common.from_params - instantiating class <class 'allennlp.data.tokenizers.word_splitter.WordSplitter'> from params {'ner': True, 'parse': True, 'pos_tags': True, 'type': 'whitespacy'} and extras {}
2019-02-11 07:05:22,290 - INFO - allennlp.common.params - dataset_reader.mytokenizer.word_splitter.type = whitespacy
2019-02-11 07:05:22,290 - INFO - allennlp.common.from_params - instantiating class <class 'myallennlp.data.tokenizers.word_splitter.SpacyWordSplitter'> from params {'ner': True, 'parse': True, 'pos_tags': True} and extras {}
2019-02-11 07:05:22,291 - INFO - allennlp.common.params - dataset_reader.mytokenizer.word_splitter.language = en_core_web_sm
2019-02-11 07:05:22,291 - INFO - allennlp.common.params - dataset_reader.mytokenizer.word_splitter.pos_tags = True
2019-02-11 07:05:22,291 - INFO - allennlp.common.params - dataset_reader.mytokenizer.word_splitter.parse = True
2019-02-11 07:05:22,291 - INFO - allennlp.common.params - dataset_reader.mytokenizer.word_splitter.ner = True
2019-02-11 07:05:22,890 - INFO - allennlp.common.params - dataset_reader.mytokenizer.start_tokens = None
2019-02-11 07:05:22,890 - INFO - allennlp.common.params - dataset_reader.mytokenizer.end_tokens = None
2019-02-11 07:05:22,890 - INFO - allennlp.common.params - dataset_reader.use_spacy_directly = False
2019-02-11 07:05:22,890 - INFO - allennlp.common.params - validation_dataset_reader = None
2019-02-11 07:05:22,891 - INFO - allennlp.common.params - train_data_path = ../data/allenTrain.txt
2019-02-11 07:05:22,891 - INFO - allennlp.commands.train - Reading training data from ../data/allenTrain.txt
2019-02-11 07:05:22,891 - INFO - myallennlp.dataset_readers.sequence_tagging2 - Reading instances from lines in file at: ../data/allenTrain.txt
2019-02-11 07:06:18,739 - INFO - allennlp.common.params - validation_data_path = ../data/allenDev.txt
2019-02-11 07:06:18,739 - INFO - allennlp.commands.train - Reading validation data from ../data/allenDev.txt
2019-02-11 07:06:18,740 - INFO - myallennlp.dataset_readers.sequence_tagging2 - Reading instances from lines in file at: ../data/allenDev.txt
2019-02-11 07:06:48,432 - INFO - allennlp.common.params - test_data_path = None
2019-02-11 07:06:48,432 - INFO - allennlp.commands.train - From dataset instances, validation, train will be considered for vocabulary creation.
2019-02-11 07:06:48,432 - INFO - allennlp.common.params - vocabulary.type = None
2019-02-11 07:06:48,432 - INFO - allennlp.common.params - vocabulary.extend = False
2019-02-11 07:06:48,432 - INFO - allennlp.common.params - vocabulary.directory_path = None
2019-02-11 07:06:48,433 - INFO - allennlp.common.params - vocabulary.min_count = None
2019-02-11 07:06:48,433 - INFO - allennlp.common.params - vocabulary.max_vocab_size = None
2019-02-11 07:06:48,433 - INFO - allennlp.common.params - vocabulary.non_padded_namespaces = ('*tags', '*labels')
2019-02-11 07:06:48,433 - INFO - allennlp.common.params - vocabulary.min_pretrained_embeddings = None
2019-02-11 07:06:48,433 - INFO - allennlp.common.params - vocabulary.only_include_pretrained_words = False
2019-02-11 07:06:48,433 - INFO - allennlp.common.params - vocabulary.tokens_to_add = None
2019-02-11 07:06:48,433 - INFO - allennlp.data.vocabulary - Fitting token dictionary from dataset.
2019-02-11 07:06:49,040 - INFO - allennlp.common.from_params - instantiating class <class 'allennlp.models.model.Model'> from params {'Ntags0': 80, 'Ntags1': 20, 'do_crossentropy_weighting': True, 'encoder': {'bidirectional': True, 'dropout': 0.5, 'hidden_size': 54, 'input_size': 54, 'num_layers': 2, 'type': 'lstm'}, 'text_field_embedder': {'token_embedders': {'dependency_label': {'embedding_dim': 20, 'type': 'embedding', 'vocab_namespace': 'dependencies'}, 'ner_tag': {'embedding_dim': 19, 'type': 'embedding', 'vocab_namespace': 'ner'}, 'pos_tag': {'embedding_dim': 15, 'type': 'embedding', 'vocab_namespace': 'pos'}}}, 'type': 'simple_tagger2'} and extras {'vocab': Vocabulary with namespaces:  dependencies, Size: 47 || ner, Size: 21 || pos, Size: 17 || labels, Size: 2 || Non Padded Namespaces: {'*labels', '*tags'}}
2019-02-11 07:06:49,041 - INFO - allennlp.common.params - model.type = simple_tagger2
2019-02-11 07:06:49,041 - INFO - allennlp.common.from_params - instantiating class <class 'myallennlp.models.simple_tagger2.SimpleTagger2'> from params {'Ntags0': 80, 'Ntags1': 20, 'do_crossentropy_weighting': True, 'encoder': {'bidirectional': True, 'dropout': 0.5, 'hidden_size': 54, 'input_size': 54, 'num_layers': 2, 'type': 'lstm'}, 'text_field_embedder': {'token_embedders': {'dependency_label': {'embedding_dim': 20, 'type': 'embedding', 'vocab_namespace': 'dependencies'}, 'ner_tag': {'embedding_dim': 19, 'type': 'embedding', 'vocab_namespace': 'ner'}, 'pos_tag': {'embedding_dim': 15, 'type': 'embedding', 'vocab_namespace': 'pos'}}}} and extras {'vocab': Vocabulary with namespaces:  dependencies, Size: 47 || ner, Size: 21 || pos, Size: 17 || labels, Size: 2 || Non Padded Namespaces: {'*labels', '*tags'}}
2019-02-11 07:06:49,041 - INFO - allennlp.common.from_params - instantiating class <class 'allennlp.modules.text_field_embedders.text_field_embedder.TextFieldEmbedder'> from params {'token_embedders': {'dependency_label': {'embedding_dim': 20, 'type': 'embedding', 'vocab_namespace': 'dependencies'}, 'ner_tag': {'embedding_dim': 19, 'type': 'embedding', 'vocab_namespace': 'ner'}, 'pos_tag': {'embedding_dim': 15, 'type': 'embedding', 'vocab_namespace': 'pos'}}} and extras {'vocab': Vocabulary with namespaces:  dependencies, Size: 47 || ner, Size: 21 || pos, Size: 17 || labels, Size: 2 || Non Padded Namespaces: {'*labels', '*tags'}}
2019-02-11 07:06:49,041 - INFO - allennlp.common.params - model.text_field_embedder.type = basic
2019-02-11 07:06:49,042 - INFO - allennlp.common.params - model.text_field_embedder.embedder_to_indexer_map = None
2019-02-11 07:06:49,042 - INFO - allennlp.common.params - model.text_field_embedder.allow_unmatched_keys = False
2019-02-11 07:06:49,042 - INFO - allennlp.common.from_params - instantiating class <class 'allennlp.modules.token_embedders.token_embedder.TokenEmbedder'> from params {'embedding_dim': 20, 'type': 'embedding', 'vocab_namespace': 'dependencies'} and extras {'vocab': Vocabulary with namespaces:  dependencies, Size: 47 || ner, Size: 21 || pos, Size: 17 || labels, Size: 2 || Non Padded Namespaces: {'*labels', '*tags'}}
2019-02-11 07:06:49,042 - INFO - allennlp.common.params - model.text_field_embedder.token_embedders.dependency_label.type = embedding
2019-02-11 07:06:49,042 - INFO - allennlp.common.params - model.text_field_embedder.token_embedders.dependency_label.num_embeddings = None
2019-02-11 07:06:49,043 - INFO - allennlp.common.params - model.text_field_embedder.token_embedders.dependency_label.vocab_namespace = dependencies
2019-02-11 07:06:49,043 - INFO - allennlp.common.params - model.text_field_embedder.token_embedders.dependency_label.embedding_dim = 20
2019-02-11 07:06:49,043 - INFO - allennlp.common.params - model.text_field_embedder.token_embedders.dependency_label.pretrained_file = None
2019-02-11 07:06:49,043 - INFO - allennlp.common.params - model.text_field_embedder.token_embedders.dependency_label.projection_dim = None
2019-02-11 07:06:49,043 - INFO - allennlp.common.params - model.text_field_embedder.token_embedders.dependency_label.trainable = True
2019-02-11 07:06:49,043 - INFO - allennlp.common.params - model.text_field_embedder.token_embedders.dependency_label.padding_index = None
2019-02-11 07:06:49,043 - INFO - allennlp.common.params - model.text_field_embedder.token_embedders.dependency_label.max_norm = None
2019-02-11 07:06:49,043 - INFO - allennlp.common.params - model.text_field_embedder.token_embedders.dependency_label.norm_type = 2.0
2019-02-11 07:06:49,043 - INFO - allennlp.common.params - model.text_field_embedder.token_embedders.dependency_label.scale_grad_by_freq = False
2019-02-11 07:06:49,044 - INFO - allennlp.common.params - model.text_field_embedder.token_embedders.dependency_label.sparse = False
2019-02-11 07:06:49,045 - INFO - allennlp.common.from_params - instantiating class <class 'allennlp.modules.token_embedders.token_embedder.TokenEmbedder'> from params {'embedding_dim': 19, 'type': 'embedding', 'vocab_namespace': 'ner'} and extras {'vocab': Vocabulary with namespaces:  dependencies, Size: 47 || ner, Size: 21 || pos, Size: 17 || labels, Size: 2 || Non Padded Namespaces: {'*labels', '*tags'}}
2019-02-11 07:06:49,045 - INFO - allennlp.common.params - model.text_field_embedder.token_embedders.ner_tag.type = embedding
2019-02-11 07:06:49,045 - INFO - allennlp.common.params - model.text_field_embedder.token_embedders.ner_tag.num_embeddings = None
2019-02-11 07:06:49,045 - INFO - allennlp.common.params - model.text_field_embedder.token_embedders.ner_tag.vocab_namespace = ner
2019-02-11 07:06:49,045 - INFO - allennlp.common.params - model.text_field_embedder.token_embedders.ner_tag.embedding_dim = 19
2019-02-11 07:06:49,045 - INFO - allennlp.common.params - model.text_field_embedder.token_embedders.ner_tag.pretrained_file = None
2019-02-11 07:06:49,045 - INFO - allennlp.common.params - model.text_field_embedder.token_embedders.ner_tag.projection_dim = None
2019-02-11 07:06:49,046 - INFO - allennlp.common.params - model.text_field_embedder.token_embedders.ner_tag.trainable = True
2019-02-11 07:06:49,046 - INFO - allennlp.common.params - model.text_field_embedder.token_embedders.ner_tag.padding_index = None
2019-02-11 07:06:49,046 - INFO - allennlp.common.params - model.text_field_embedder.token_embedders.ner_tag.max_norm = None
2019-02-11 07:06:49,046 - INFO - allennlp.common.params - model.text_field_embedder.token_embedders.ner_tag.norm_type = 2.0
2019-02-11 07:06:49,046 - INFO - allennlp.common.params - model.text_field_embedder.token_embedders.ner_tag.scale_grad_by_freq = False
2019-02-11 07:06:49,046 - INFO - allennlp.common.params - model.text_field_embedder.token_embedders.ner_tag.sparse = False
2019-02-11 07:06:49,046 - INFO - allennlp.common.from_params - instantiating class <class 'allennlp.modules.token_embedders.token_embedder.TokenEmbedder'> from params {'embedding_dim': 15, 'type': 'embedding', 'vocab_namespace': 'pos'} and extras {'vocab': Vocabulary with namespaces:  dependencies, Size: 47 || ner, Size: 21 || pos, Size: 17 || labels, Size: 2 || Non Padded Namespaces: {'*labels', '*tags'}}
2019-02-11 07:06:49,047 - INFO - allennlp.common.params - model.text_field_embedder.token_embedders.pos_tag.type = embedding
2019-02-11 07:06:49,047 - INFO - allennlp.common.params - model.text_field_embedder.token_embedders.pos_tag.num_embeddings = None
2019-02-11 07:06:49,047 - INFO - allennlp.common.params - model.text_field_embedder.token_embedders.pos_tag.vocab_namespace = pos
2019-02-11 07:06:49,047 - INFO - allennlp.common.params - model.text_field_embedder.token_embedders.pos_tag.embedding_dim = 15
2019-02-11 07:06:49,047 - INFO - allennlp.common.params - model.text_field_embedder.token_embedders.pos_tag.pretrained_file = None
2019-02-11 07:06:49,047 - INFO - allennlp.common.params - model.text_field_embedder.token_embedders.pos_tag.projection_dim = None
2019-02-11 07:06:49,047 - INFO - allennlp.common.params - model.text_field_embedder.token_embedders.pos_tag.trainable = True
2019-02-11 07:06:49,047 - INFO - allennlp.common.params - model.text_field_embedder.token_embedders.pos_tag.padding_index = None
2019-02-11 07:06:49,048 - INFO - allennlp.common.params - model.text_field_embedder.token_embedders.pos_tag.max_norm = None
2019-02-11 07:06:49,048 - INFO - allennlp.common.params - model.text_field_embedder.token_embedders.pos_tag.norm_type = 2.0
2019-02-11 07:06:49,048 - INFO - allennlp.common.params - model.text_field_embedder.token_embedders.pos_tag.scale_grad_by_freq = False
2019-02-11 07:06:49,048 - INFO - allennlp.common.params - model.text_field_embedder.token_embedders.pos_tag.sparse = False
2019-02-11 07:06:49,048 - INFO - allennlp.common.from_params - instantiating class <class 'allennlp.modules.seq2seq_encoders.seq2seq_encoder.Seq2SeqEncoder'> from params {'bidirectional': True, 'dropout': 0.5, 'hidden_size': 54, 'input_size': 54, 'num_layers': 2, 'type': 'lstm'} and extras {'vocab': Vocabulary with namespaces:  dependencies, Size: 47 || ner, Size: 21 || pos, Size: 17 || labels, Size: 2 || Non Padded Namespaces: {'*labels', '*tags'}}
2019-02-11 07:06:49,049 - INFO - allennlp.common.params - model.encoder.type = lstm
2019-02-11 07:06:49,049 - INFO - allennlp.common.params - model.encoder.batch_first = True
2019-02-11 07:06:49,049 - INFO - allennlp.common.params - model.encoder.stateful = False
2019-02-11 07:06:49,049 - INFO - allennlp.common.params - Converting Params object to dict; logging of default values will not occur when dictionary parameters are used subsequently.
2019-02-11 07:06:49,049 - INFO - allennlp.common.params - CURRENTLY DEFINED PARAMETERS: 
2019-02-11 07:06:49,049 - INFO - allennlp.common.params - model.encoder.bidirectional = True
2019-02-11 07:06:49,049 - INFO - allennlp.common.params - model.encoder.dropout = 0.5
2019-02-11 07:06:49,049 - INFO - allennlp.common.params - model.encoder.hidden_size = 54
2019-02-11 07:06:49,050 - INFO - allennlp.common.params - model.encoder.input_size = 54
2019-02-11 07:06:49,050 - INFO - allennlp.common.params - model.encoder.num_layers = 2
2019-02-11 07:06:49,050 - INFO - allennlp.common.params - model.encoder.batch_first = True
2019-02-11 07:06:49,052 - INFO - allennlp.common.params - model.do_crossentropy_weighting = True
2019-02-11 07:06:49,052 - INFO - allennlp.common.params - model.Ntags0 = 80
2019-02-11 07:06:49,052 - INFO - allennlp.common.params - model.Ntags1 = 20
2019-02-11 07:06:49,053 - INFO - allennlp.nn.initializers - Initializing parameters
2019-02-11 07:06:49,053 - INFO - allennlp.nn.initializers - Done initializing parameters; the following parameters are using their default initialization from their code
2019-02-11 07:06:49,053 - INFO - allennlp.nn.initializers -    encoder._module.bias_hh_l0
2019-02-11 07:06:49,053 - INFO - allennlp.nn.initializers -    encoder._module.bias_hh_l0_reverse
2019-02-11 07:06:49,053 - INFO - allennlp.nn.initializers -    encoder._module.bias_hh_l1
2019-02-11 07:06:49,053 - INFO - allennlp.nn.initializers -    encoder._module.bias_hh_l1_reverse
2019-02-11 07:06:49,053 - INFO - allennlp.nn.initializers -    encoder._module.bias_ih_l0
2019-02-11 07:06:49,054 - INFO - allennlp.nn.initializers -    encoder._module.bias_ih_l0_reverse
2019-02-11 07:06:49,054 - INFO - allennlp.nn.initializers -    encoder._module.bias_ih_l1
2019-02-11 07:06:49,054 - INFO - allennlp.nn.initializers -    encoder._module.bias_ih_l1_reverse
2019-02-11 07:06:49,054 - INFO - allennlp.nn.initializers -    encoder._module.weight_hh_l0
2019-02-11 07:06:49,054 - INFO - allennlp.nn.initializers -    encoder._module.weight_hh_l0_reverse
2019-02-11 07:06:49,054 - INFO - allennlp.nn.initializers -    encoder._module.weight_hh_l1
2019-02-11 07:06:49,054 - INFO - allennlp.nn.initializers -    encoder._module.weight_hh_l1_reverse
2019-02-11 07:06:49,054 - INFO - allennlp.nn.initializers -    encoder._module.weight_ih_l0
2019-02-11 07:06:49,054 - INFO - allennlp.nn.initializers -    encoder._module.weight_ih_l0_reverse
2019-02-11 07:06:49,055 - INFO - allennlp.nn.initializers -    encoder._module.weight_ih_l1
2019-02-11 07:06:49,055 - INFO - allennlp.nn.initializers -    encoder._module.weight_ih_l1_reverse
2019-02-11 07:06:49,055 - INFO - allennlp.nn.initializers -    tag_projection_layer._module.bias
2019-02-11 07:06:49,055 - INFO - allennlp.nn.initializers -    tag_projection_layer._module.weight
2019-02-11 07:06:49,055 - INFO - allennlp.nn.initializers -    text_field_embedder.token_embedder_dependency_label.weight
2019-02-11 07:06:49,055 - INFO - allennlp.nn.initializers -    text_field_embedder.token_embedder_ner_tag.weight
2019-02-11 07:06:49,055 - INFO - allennlp.nn.initializers -    text_field_embedder.token_embedder_pos_tag.weight
2019-02-11 07:06:49,056 - INFO - allennlp.common.from_params - instantiating class <class 'allennlp.data.iterators.data_iterator.DataIterator'> from params {'batch_size': 32, 'type': 'basic'} and extras {}
2019-02-11 07:06:49,056 - INFO - allennlp.common.params - iterator.type = basic
2019-02-11 07:06:49,057 - INFO - allennlp.common.from_params - instantiating class <class 'allennlp.data.iterators.basic_iterator.BasicIterator'> from params {'batch_size': 32} and extras {}
2019-02-11 07:06:49,057 - INFO - allennlp.common.params - iterator.batch_size = 32
2019-02-11 07:06:49,057 - INFO - allennlp.common.params - iterator.instances_per_epoch = None
2019-02-11 07:06:49,057 - INFO - allennlp.common.params - iterator.max_instances_in_memory = None
2019-02-11 07:06:49,057 - INFO - allennlp.common.params - iterator.cache_instances = False
2019-02-11 07:06:49,057 - INFO - allennlp.common.params - iterator.track_epoch = False
2019-02-11 07:06:49,058 - INFO - allennlp.common.params - iterator.maximum_samples_per_batch = None
2019-02-11 07:06:49,058 - INFO - allennlp.common.params - validation_iterator = None
2019-02-11 07:06:49,058 - INFO - allennlp.common.params - trainer.no_grad = ()
2019-02-11 07:06:49,058 - INFO - allennlp.commands.train - Following parameters are Frozen  (without gradient):
2019-02-11 07:06:49,058 - INFO - allennlp.commands.train - Following parameters are Tunable (with gradient):
2019-02-11 07:06:49,058 - INFO - allennlp.commands.train - text_field_embedder.token_embedder_dependency_label.weight
2019-02-11 07:06:49,058 - INFO - allennlp.commands.train - text_field_embedder.token_embedder_ner_tag.weight
2019-02-11 07:06:49,059 - INFO - allennlp.commands.train - text_field_embedder.token_embedder_pos_tag.weight
2019-02-11 07:06:49,059 - INFO - allennlp.commands.train - encoder._module.weight_ih_l0
2019-02-11 07:06:49,059 - INFO - allennlp.commands.train - encoder._module.weight_hh_l0
2019-02-11 07:06:49,059 - INFO - allennlp.commands.train - encoder._module.bias_ih_l0
2019-02-11 07:06:49,059 - INFO - allennlp.commands.train - encoder._module.bias_hh_l0
2019-02-11 07:06:49,059 - INFO - allennlp.commands.train - encoder._module.weight_ih_l0_reverse
2019-02-11 07:06:49,059 - INFO - allennlp.commands.train - encoder._module.weight_hh_l0_reverse
2019-02-11 07:06:49,059 - INFO - allennlp.commands.train - encoder._module.bias_ih_l0_reverse
2019-02-11 07:06:49,059 - INFO - allennlp.commands.train - encoder._module.bias_hh_l0_reverse
2019-02-11 07:06:49,059 - INFO - allennlp.commands.train - encoder._module.weight_ih_l1
2019-02-11 07:06:49,060 - INFO - allennlp.commands.train - encoder._module.weight_hh_l1
2019-02-11 07:06:49,060 - INFO - allennlp.commands.train - encoder._module.bias_ih_l1
2019-02-11 07:06:49,060 - INFO - allennlp.commands.train - encoder._module.bias_hh_l1
2019-02-11 07:06:49,060 - INFO - allennlp.commands.train - encoder._module.weight_ih_l1_reverse
2019-02-11 07:06:49,060 - INFO - allennlp.commands.train - encoder._module.weight_hh_l1_reverse
2019-02-11 07:06:49,060 - INFO - allennlp.commands.train - encoder._module.bias_ih_l1_reverse
2019-02-11 07:06:49,060 - INFO - allennlp.commands.train - encoder._module.bias_hh_l1_reverse
2019-02-11 07:06:49,060 - INFO - allennlp.commands.train - tag_projection_layer._module.weight
2019-02-11 07:06:49,060 - INFO - allennlp.commands.train - tag_projection_layer._module.bias
2019-02-11 07:06:49,060 - INFO - allennlp.common.params - trainer.type = default
2019-02-11 07:06:49,061 - INFO - allennlp.common.params - trainer.patience = 5
2019-02-11 07:06:49,061 - INFO - allennlp.common.params - trainer.validation_metric = -loss
2019-02-11 07:06:49,061 - INFO - allennlp.common.params - trainer.shuffle = True
2019-02-11 07:06:49,061 - INFO - allennlp.common.params - trainer.num_epochs = 40
2019-02-11 07:06:49,061 - INFO - allennlp.common.params - trainer.cuda_device = 0
2019-02-11 07:06:49,061 - INFO - allennlp.common.params - trainer.grad_norm = None
2019-02-11 07:06:49,061 - INFO - allennlp.common.params - trainer.grad_clipping = None
2019-02-11 07:06:49,061 - INFO - allennlp.common.params - trainer.learning_rate_scheduler = None
2019-02-11 07:06:51,555 - INFO - allennlp.common.params - trainer.optimizer = adam
2019-02-11 07:06:51,555 - INFO - allennlp.common.params - parameter_groups = None
2019-02-11 07:06:51,555 - INFO - allennlp.training.optimizers - Number of trainable parameters: 120180
2019-02-11 07:06:51,557 - INFO - allennlp.common.params - Converting Params object to dict; logging of default values will not occur when dictionary parameters are used subsequently.
2019-02-11 07:06:51,557 - INFO - allennlp.common.params - CURRENTLY DEFINED PARAMETERS: 
2019-02-11 07:06:51,557 - INFO - allennlp.common.params - trainer.num_serialized_models_to_keep = 20
2019-02-11 07:06:51,558 - INFO - allennlp.common.params - trainer.keep_serialized_model_every_num_seconds = None
2019-02-11 07:06:51,558 - INFO - allennlp.common.params - trainer.model_save_interval = None
2019-02-11 07:06:51,558 - INFO - allennlp.common.params - trainer.summary_interval = 100
2019-02-11 07:06:51,558 - INFO - allennlp.common.params - trainer.histogram_interval = None
2019-02-11 07:06:51,558 - INFO - allennlp.common.params - trainer.should_log_parameter_statistics = True
2019-02-11 07:06:51,558 - INFO - allennlp.common.params - trainer.should_log_learning_rate = False
2019-02-11 07:06:51,558 - INFO - allennlp.common.params - trainer.log_batch_size_period = None
2019-02-11 07:06:51,561 - INFO - allennlp.common.params - evaluate_on_test = False
2019-02-11 07:06:51,561 - INFO - allennlp.training.trainer - Beginning training.
2019-02-11 07:06:51,561 - INFO - allennlp.training.trainer - Epoch 0/39
2019-02-11 07:06:51,561 - INFO - allennlp.training.trainer - Peak CPU memory usage MB: 2612.164
2019-02-11 07:06:51,630 - INFO - allennlp.training.trainer - GPU 0 memory usage MB: 321
2019-02-11 07:06:51,631 - INFO - allennlp.training.trainer - Training
2019-02-11 07:07:07,716 - INFO - allennlp.training.trainer - Validating
2019-02-11 07:07:10,692 - INFO - allennlp.training.trainer -                     Training |  Validation
2019-02-11 07:07:10,692 - INFO - allennlp.training.trainer - gpu_0_memory_MB |   321.000  |       N/A
2019-02-11 07:07:10,692 - INFO - allennlp.training.trainer - cpu_memory_MB   |  2612.164  |       N/A
2019-02-11 07:07:10,693 - INFO - allennlp.training.trainer - accuracy3       |     1.000  |     1.000
2019-02-11 07:07:10,693 - INFO - allennlp.training.trainer - loss            |     0.378  |     0.378
2019-02-11 07:07:10,693 - INFO - allennlp.training.trainer - accuracy        |     0.825  |     0.808
2019-02-11 07:07:10,701 - INFO - allennlp.training.trainer - Best validation performance so far. Copying weights to './model_params/best.th'.
2019-02-11 07:07:10,702 - INFO - allennlp.training.trainer - Epoch duration: 00:00:19
2019-02-11 07:07:10,702 - INFO - allennlp.training.trainer - Estimated training time remaining: 0:12:26
2019-02-11 07:07:10,702 - INFO - allennlp.training.trainer - Epoch 1/39
2019-02-11 07:07:10,702 - INFO - allennlp.training.trainer - Peak CPU memory usage MB: 2646.776
2019-02-11 07:07:10,773 - INFO - allennlp.training.trainer - GPU 0 memory usage MB: 346
2019-02-11 07:07:10,774 - INFO - allennlp.training.trainer - Training
2019-02-11 07:07:26,241 - INFO - allennlp.training.trainer - Validating
2019-02-11 07:07:28,868 - INFO - allennlp.training.trainer -                     Training |  Validation
2019-02-11 07:07:28,868 - INFO - allennlp.training.trainer - gpu_0_memory_MB |   346.000  |       N/A
2019-02-11 07:07:28,868 - INFO - allennlp.training.trainer - cpu_memory_MB   |  2646.776  |       N/A
2019-02-11 07:07:28,869 - INFO - allennlp.training.trainer - accuracy3       |     1.000  |     1.000
2019-02-11 07:07:28,869 - INFO - allennlp.training.trainer - loss            |     0.302  |     0.375
2019-02-11 07:07:28,869 - INFO - allennlp.training.trainer - accuracy        |     0.852  |     0.809
2019-02-11 07:07:28,876 - INFO - allennlp.training.trainer - Best validation performance so far. Copying weights to './model_params/best.th'.
2019-02-11 07:07:28,877 - INFO - allennlp.training.trainer - Epoch duration: 00:00:18
2019-02-11 07:07:28,878 - INFO - allennlp.training.trainer - Estimated training time remaining: 0:11:49
2019-02-11 07:07:28,878 - INFO - allennlp.training.trainer - Epoch 2/39
2019-02-11 07:07:28,878 - INFO - allennlp.training.trainer - Peak CPU memory usage MB: 2647.18
2019-02-11 07:07:28,951 - INFO - allennlp.training.trainer - GPU 0 memory usage MB: 346
2019-02-11 07:07:28,952 - INFO - allennlp.training.trainer - Training
2019-02-11 07:07:44,362 - INFO - allennlp.training.trainer - Validating
2019-02-11 07:07:46,960 - INFO - allennlp.training.trainer -                     Training |  Validation
2019-02-11 07:07:46,960 - INFO - allennlp.training.trainer - gpu_0_memory_MB |   346.000  |       N/A
2019-02-11 07:07:46,961 - INFO - allennlp.training.trainer - cpu_memory_MB   |  2647.180  |       N/A
2019-02-11 07:07:46,961 - INFO - allennlp.training.trainer - accuracy3       |     1.000  |     1.000
2019-02-11 07:07:46,961 - INFO - allennlp.training.trainer - loss            |     0.296  |     0.371
2019-02-11 07:07:46,961 - INFO - allennlp.training.trainer - accuracy        |     0.855  |     0.810
2019-02-11 07:07:46,968 - INFO - allennlp.training.trainer - Best validation performance so far. Copying weights to './model_params/best.th'.
2019-02-11 07:07:46,969 - INFO - allennlp.training.trainer - Epoch duration: 00:00:18
2019-02-11 07:07:46,970 - INFO - allennlp.training.trainer - Estimated training time remaining: 0:11:23
2019-02-11 07:07:46,970 - INFO - allennlp.training.trainer - Epoch 3/39
2019-02-11 07:07:46,970 - INFO - allennlp.training.trainer - Peak CPU memory usage MB: 2647.336
2019-02-11 07:07:47,040 - INFO - allennlp.training.trainer - GPU 0 memory usage MB: 352
2019-02-11 07:07:47,040 - INFO - allennlp.training.trainer - Training
2019-02-11 07:08:02,571 - INFO - allennlp.training.trainer - Validating
2019-02-11 07:08:05,170 - INFO - allennlp.training.trainer -                     Training |  Validation
2019-02-11 07:08:05,170 - INFO - allennlp.training.trainer - gpu_0_memory_MB |   352.000  |       N/A
2019-02-11 07:08:05,171 - INFO - allennlp.training.trainer - cpu_memory_MB   |  2647.336  |       N/A
2019-02-11 07:08:05,171 - INFO - allennlp.training.trainer - accuracy3       |     1.000  |     1.000
2019-02-11 07:08:05,171 - INFO - allennlp.training.trainer - loss            |     0.292  |     0.365
2019-02-11 07:08:05,172 - INFO - allennlp.training.trainer - accuracy        |     0.857  |     0.811
2019-02-11 07:08:05,180 - INFO - allennlp.training.trainer - Best validation performance so far. Copying weights to './model_params/best.th'.
2019-02-11 07:08:05,181 - INFO - allennlp.training.trainer - Epoch duration: 00:00:18
2019-02-11 07:08:05,181 - INFO - allennlp.training.trainer - Estimated training time remaining: 0:11:02
2019-02-11 07:08:05,181 - INFO - allennlp.training.trainer - Epoch 4/39
2019-02-11 07:08:05,181 - INFO - allennlp.training.trainer - Peak CPU memory usage MB: 2647.56
2019-02-11 07:08:05,252 - INFO - allennlp.training.trainer - GPU 0 memory usage MB: 357
2019-02-11 07:08:05,253 - INFO - allennlp.training.trainer - Training
2019-02-11 07:08:20,674 - INFO - allennlp.training.trainer - Validating
2019-02-11 07:08:23,176 - INFO - allennlp.training.trainer -                     Training |  Validation
2019-02-11 07:08:23,177 - INFO - allennlp.training.trainer - gpu_0_memory_MB |   357.000  |       N/A
2019-02-11 07:08:23,177 - INFO - allennlp.training.trainer - cpu_memory_MB   |  2647.560  |       N/A
2019-02-11 07:08:23,177 - INFO - allennlp.training.trainer - accuracy3       |     1.000  |     1.000
2019-02-11 07:08:23,178 - INFO - allennlp.training.trainer - loss            |     0.290  |     0.373
2019-02-11 07:08:23,178 - INFO - allennlp.training.trainer - accuracy        |     0.859  |     0.812
2019-02-11 07:08:23,184 - INFO - allennlp.training.trainer - Epoch duration: 00:00:18
2019-02-11 07:08:23,184 - INFO - allennlp.training.trainer - Estimated training time remaining: 0:10:41
2019-02-11 07:08:23,185 - INFO - allennlp.training.trainer - Epoch 5/39
2019-02-11 07:08:23,185 - INFO - allennlp.training.trainer - Peak CPU memory usage MB: 2647.692
2019-02-11 07:08:23,252 - INFO - allennlp.training.trainer - GPU 0 memory usage MB: 357
2019-02-11 07:08:23,253 - INFO - allennlp.training.trainer - Training
2019-02-11 07:08:38,254 - INFO - allennlp.training.trainer - Validating
2019-02-11 07:08:40,863 - INFO - allennlp.training.trainer -                     Training |  Validation
2019-02-11 07:08:40,863 - INFO - allennlp.training.trainer - gpu_0_memory_MB |   357.000  |       N/A
2019-02-11 07:08:40,864 - INFO - allennlp.training.trainer - cpu_memory_MB   |  2647.692  |       N/A
2019-02-11 07:08:40,864 - INFO - allennlp.training.trainer - accuracy3       |     1.000  |     1.000
2019-02-11 07:08:40,865 - INFO - allennlp.training.trainer - loss            |     0.288  |     0.363
2019-02-11 07:08:40,865 - INFO - allennlp.training.trainer - accuracy        |     0.860  |     0.812
2019-02-11 07:08:40,872 - INFO - allennlp.training.trainer - Best validation performance so far. Copying weights to './model_params/best.th'.
2019-02-11 07:08:40,873 - INFO - allennlp.training.trainer - Epoch duration: 00:00:17
2019-02-11 07:08:40,873 - INFO - allennlp.training.trainer - Estimated training time remaining: 0:10:19
2019-02-11 07:08:40,873 - INFO - allennlp.training.trainer - Epoch 6/39
2019-02-11 07:08:40,874 - INFO - allennlp.training.trainer - Peak CPU memory usage MB: 2647.82
2019-02-11 07:08:40,942 - INFO - allennlp.training.trainer - GPU 0 memory usage MB: 357
2019-02-11 07:08:40,943 - INFO - allennlp.training.trainer - Training
2019-02-11 07:08:56,416 - INFO - allennlp.training.trainer - Validating
2019-02-11 07:08:59,017 - INFO - allennlp.training.trainer -                     Training |  Validation
2019-02-11 07:08:59,018 - INFO - allennlp.training.trainer - gpu_0_memory_MB |   357.000  |       N/A
2019-02-11 07:08:59,018 - INFO - allennlp.training.trainer - cpu_memory_MB   |  2647.820  |       N/A
2019-02-11 07:08:59,018 - INFO - allennlp.training.trainer - accuracy3       |     1.000  |     1.000
2019-02-11 07:08:59,019 - INFO - allennlp.training.trainer - loss            |     0.286  |     0.364
2019-02-11 07:08:59,019 - INFO - allennlp.training.trainer - accuracy        |     0.860  |     0.812
2019-02-11 07:08:59,026 - INFO - allennlp.training.trainer - Epoch duration: 00:00:18
2019-02-11 07:08:59,026 - INFO - allennlp.training.trainer - Estimated training time remaining: 0:10:00
2019-02-11 07:08:59,027 - INFO - allennlp.training.trainer - Epoch 7/39
2019-02-11 07:08:59,027 - INFO - allennlp.training.trainer - Peak CPU memory usage MB: 2648.128
2019-02-11 07:08:59,097 - INFO - allennlp.training.trainer - GPU 0 memory usage MB: 357
2019-02-11 07:08:59,098 - INFO - allennlp.training.trainer - Training
2019-02-11 07:09:14,384 - INFO - allennlp.training.trainer - Validating
2019-02-11 07:09:16,973 - INFO - allennlp.training.trainer -                     Training |  Validation
2019-02-11 07:09:16,973 - INFO - allennlp.training.trainer - gpu_0_memory_MB |   357.000  |       N/A
2019-02-11 07:09:16,974 - INFO - allennlp.training.trainer - cpu_memory_MB   |  2648.128  |       N/A
2019-02-11 07:09:16,975 - INFO - allennlp.training.trainer - accuracy3       |     1.000  |     1.000
2019-02-11 07:09:16,975 - INFO - allennlp.training.trainer - loss            |     0.284  |     0.367
2019-02-11 07:09:16,975 - INFO - allennlp.training.trainer - accuracy        |     0.861  |     0.812
2019-02-11 07:09:16,982 - INFO - allennlp.training.trainer - Epoch duration: 00:00:17
2019-02-11 07:09:16,982 - INFO - allennlp.training.trainer - Estimated training time remaining: 0:09:41
2019-02-11 07:09:16,982 - INFO - allennlp.training.trainer - Epoch 8/39
2019-02-11 07:09:16,982 - INFO - allennlp.training.trainer - Peak CPU memory usage MB: 2648.608
2019-02-11 07:09:17,056 - INFO - allennlp.training.trainer - GPU 0 memory usage MB: 357
2019-02-11 07:09:17,056 - INFO - allennlp.training.trainer - Training
2019-02-11 07:09:32,536 - INFO - allennlp.training.trainer - Validating
2019-02-11 07:09:35,139 - INFO - allennlp.training.trainer -                     Training |  Validation
2019-02-11 07:09:35,139 - INFO - allennlp.training.trainer - gpu_0_memory_MB |   357.000  |       N/A
2019-02-11 07:09:35,139 - INFO - allennlp.training.trainer - cpu_memory_MB   |  2648.608  |       N/A
2019-02-11 07:09:35,140 - INFO - allennlp.training.trainer - accuracy3       |     1.000  |     1.000
2019-02-11 07:09:35,140 - INFO - allennlp.training.trainer - loss            |     0.282  |     0.366
2019-02-11 07:09:35,140 - INFO - allennlp.training.trainer - accuracy        |     0.862  |     0.813
2019-02-11 07:09:35,147 - INFO - allennlp.training.trainer - Epoch duration: 00:00:18
2019-02-11 07:09:35,148 - INFO - allennlp.training.trainer - Estimated training time remaining: 0:09:23
2019-02-11 07:09:35,148 - INFO - allennlp.training.trainer - Epoch 9/39
2019-02-11 07:09:35,148 - INFO - allennlp.training.trainer - Peak CPU memory usage MB: 2648.74
2019-02-11 07:09:35,223 - INFO - allennlp.training.trainer - GPU 0 memory usage MB: 357
2019-02-11 07:09:35,223 - INFO - allennlp.training.trainer - Training
2019-02-11 07:09:50,630 - INFO - allennlp.training.trainer - Validating
2019-02-11 07:09:53,236 - INFO - allennlp.training.trainer -                     Training |  Validation
2019-02-11 07:09:53,236 - INFO - allennlp.training.trainer - gpu_0_memory_MB |   357.000  |       N/A
2019-02-11 07:09:53,236 - INFO - allennlp.training.trainer - cpu_memory_MB   |  2648.740  |       N/A
2019-02-11 07:09:53,237 - INFO - allennlp.training.trainer - accuracy3       |     1.000  |     1.000
2019-02-11 07:09:53,237 - INFO - allennlp.training.trainer - loss            |     0.281  |     0.359
2019-02-11 07:09:53,238 - INFO - allennlp.training.trainer - accuracy        |     0.863  |     0.814
2019-02-11 07:09:53,244 - INFO - allennlp.training.trainer - Best validation performance so far. Copying weights to './model_params/best.th'.
2019-02-11 07:09:53,246 - INFO - allennlp.training.trainer - Epoch duration: 00:00:18
2019-02-11 07:09:53,246 - INFO - allennlp.training.trainer - Estimated training time remaining: 0:09:05
2019-02-11 07:09:53,246 - INFO - allennlp.training.trainer - Epoch 10/39
2019-02-11 07:09:53,246 - INFO - allennlp.training.trainer - Peak CPU memory usage MB: 2648.88
2019-02-11 07:09:53,316 - INFO - allennlp.training.trainer - GPU 0 memory usage MB: 357
2019-02-11 07:09:53,317 - INFO - allennlp.training.trainer - Training
2019-02-11 07:10:08,633 - INFO - allennlp.training.trainer - Validating
2019-02-11 07:10:11,228 - INFO - allennlp.training.trainer -                     Training |  Validation
2019-02-11 07:10:11,228 - INFO - allennlp.training.trainer - gpu_0_memory_MB |   357.000  |       N/A
2019-02-11 07:10:11,229 - INFO - allennlp.training.trainer - cpu_memory_MB   |  2648.880  |       N/A
2019-02-11 07:10:11,229 - INFO - allennlp.training.trainer - accuracy3       |     1.000  |     1.000
2019-02-11 07:10:11,230 - INFO - allennlp.training.trainer - loss            |     0.281  |     0.362
2019-02-11 07:10:11,230 - INFO - allennlp.training.trainer - accuracy        |     0.864  |     0.812
2019-02-11 07:10:11,237 - INFO - allennlp.training.trainer - Epoch duration: 00:00:17
2019-02-11 07:10:11,237 - INFO - allennlp.training.trainer - Estimated training time remaining: 0:08:46
2019-02-11 07:10:11,237 - INFO - allennlp.training.trainer - Epoch 11/39
2019-02-11 07:10:11,237 - INFO - allennlp.training.trainer - Peak CPU memory usage MB: 2648.952
2019-02-11 07:10:11,309 - INFO - allennlp.training.trainer - GPU 0 memory usage MB: 357
2019-02-11 07:10:11,310 - INFO - allennlp.training.trainer - Training
2019-02-11 07:10:26,597 - INFO - allennlp.training.trainer - Validating
2019-02-11 07:10:29,187 - INFO - allennlp.training.trainer -                     Training |  Validation
2019-02-11 07:10:29,188 - INFO - allennlp.training.trainer - gpu_0_memory_MB |   357.000  |       N/A
2019-02-11 07:10:29,188 - INFO - allennlp.training.trainer - cpu_memory_MB   |  2648.952  |       N/A
2019-02-11 07:10:29,189 - INFO - allennlp.training.trainer - accuracy3       |     1.000  |     1.000
2019-02-11 07:10:29,189 - INFO - allennlp.training.trainer - loss            |     0.279  |     0.371
2019-02-11 07:10:29,189 - INFO - allennlp.training.trainer - accuracy        |     0.864  |     0.813
2019-02-11 07:10:29,196 - INFO - allennlp.training.trainer - Epoch duration: 00:00:17
2019-02-11 07:10:29,196 - INFO - allennlp.training.trainer - Estimated training time remaining: 0:08:27
2019-02-11 07:10:29,196 - INFO - allennlp.training.trainer - Epoch 12/39
2019-02-11 07:10:29,196 - INFO - allennlp.training.trainer - Peak CPU memory usage MB: 2649.0
2019-02-11 07:10:29,263 - INFO - allennlp.training.trainer - GPU 0 memory usage MB: 357
2019-02-11 07:10:29,264 - INFO - allennlp.training.trainer - Training
2019-02-11 07:10:44,707 - INFO - allennlp.training.trainer - Validating
2019-02-11 07:10:47,281 - INFO - allennlp.training.trainer -                     Training |  Validation
2019-02-11 07:10:47,282 - INFO - allennlp.training.trainer - gpu_0_memory_MB |   357.000  |       N/A
2019-02-11 07:10:47,282 - INFO - allennlp.training.trainer - cpu_memory_MB   |  2649.000  |       N/A
2019-02-11 07:10:47,283 - INFO - allennlp.training.trainer - accuracy3       |     1.000  |     1.000
2019-02-11 07:10:47,283 - INFO - allennlp.training.trainer - loss            |     0.277  |     0.359
2019-02-11 07:10:47,283 - INFO - allennlp.training.trainer - accuracy        |     0.865  |     0.815
2019-02-11 07:10:47,289 - INFO - allennlp.training.trainer - Best validation performance so far. Copying weights to './model_params/best.th'.
2019-02-11 07:10:47,291 - INFO - allennlp.training.trainer - Epoch duration: 00:00:18
2019-02-11 07:10:47,291 - INFO - allennlp.training.trainer - Estimated training time remaining: 0:08:09
2019-02-11 07:10:47,291 - INFO - allennlp.training.trainer - Epoch 13/39
2019-02-11 07:10:47,291 - INFO - allennlp.training.trainer - Peak CPU memory usage MB: 2649.048
2019-02-11 07:10:47,363 - INFO - allennlp.training.trainer - GPU 0 memory usage MB: 357
2019-02-11 07:10:47,364 - INFO - allennlp.training.trainer - Training
2019-02-11 07:11:02,607 - INFO - allennlp.training.trainer - Validating
2019-02-11 07:11:05,194 - INFO - allennlp.training.trainer -                     Training |  Validation
2019-02-11 07:11:05,195 - INFO - allennlp.training.trainer - gpu_0_memory_MB |   357.000  |       N/A
2019-02-11 07:11:05,195 - INFO - allennlp.training.trainer - cpu_memory_MB   |  2649.048  |       N/A
2019-02-11 07:11:05,196 - INFO - allennlp.training.trainer - accuracy3       |     1.000  |     1.000
2019-02-11 07:11:05,196 - INFO - allennlp.training.trainer - loss            |     0.276  |     0.365
2019-02-11 07:11:05,196 - INFO - allennlp.training.trainer - accuracy        |     0.865  |     0.813
2019-02-11 07:11:05,203 - INFO - allennlp.training.trainer - Epoch duration: 00:00:17
2019-02-11 07:11:05,203 - INFO - allennlp.training.trainer - Estimated training time remaining: 0:07:51
2019-02-11 07:11:05,203 - INFO - allennlp.training.trainer - Epoch 14/39
2019-02-11 07:11:05,203 - INFO - allennlp.training.trainer - Peak CPU memory usage MB: 2649.104
2019-02-11 07:11:05,275 - INFO - allennlp.training.trainer - GPU 0 memory usage MB: 357
2019-02-11 07:11:05,276 - INFO - allennlp.training.trainer - Training
2019-02-11 07:11:20,697 - INFO - allennlp.training.trainer - Validating
2019-02-11 07:11:23,272 - INFO - allennlp.training.trainer -                     Training |  Validation
2019-02-11 07:11:23,272 - INFO - allennlp.training.trainer - gpu_0_memory_MB |   357.000  |       N/A
2019-02-11 07:11:23,273 - INFO - allennlp.training.trainer - cpu_memory_MB   |  2649.104  |       N/A
2019-02-11 07:11:23,273 - INFO - allennlp.training.trainer - accuracy3       |     1.000  |     1.000
2019-02-11 07:11:23,274 - INFO - allennlp.training.trainer - loss            |     0.274  |     0.377
2019-02-11 07:11:23,274 - INFO - allennlp.training.trainer - accuracy        |     0.867  |     0.814
2019-02-11 07:11:23,280 - INFO - allennlp.training.trainer - Epoch duration: 00:00:18
2019-02-11 07:11:23,280 - INFO - allennlp.training.trainer - Estimated training time remaining: 0:07:32
2019-02-11 07:11:23,281 - INFO - allennlp.training.trainer - Epoch 15/39
2019-02-11 07:11:23,281 - INFO - allennlp.training.trainer - Peak CPU memory usage MB: 2649.136
2019-02-11 07:11:23,357 - INFO - allennlp.training.trainer - GPU 0 memory usage MB: 357
2019-02-11 07:11:23,358 - INFO - allennlp.training.trainer - Training
2019-02-11 07:11:38,613 - INFO - allennlp.training.trainer - Validating
2019-02-11 07:11:41,204 - INFO - allennlp.training.trainer -                     Training |  Validation
2019-02-11 07:11:41,205 - INFO - allennlp.training.trainer - gpu_0_memory_MB |   357.000  |       N/A
2019-02-11 07:11:41,205 - INFO - allennlp.training.trainer - cpu_memory_MB   |  2649.136  |       N/A
2019-02-11 07:11:41,205 - INFO - allennlp.training.trainer - accuracy3       |     1.000  |     1.000
2019-02-11 07:11:41,205 - INFO - allennlp.training.trainer - loss            |     0.273  |     0.363
2019-02-11 07:11:41,206 - INFO - allennlp.training.trainer - accuracy        |     0.867  |     0.814
2019-02-11 07:11:41,213 - INFO - allennlp.training.trainer - Epoch duration: 00:00:17
2019-02-11 07:11:41,213 - INFO - allennlp.training.trainer - Estimated training time remaining: 0:07:14
2019-02-11 07:11:41,213 - INFO - allennlp.training.trainer - Epoch 16/39
2019-02-11 07:11:41,213 - INFO - allennlp.training.trainer - Peak CPU memory usage MB: 2649.184
2019-02-11 07:11:41,281 - INFO - allennlp.training.trainer - GPU 0 memory usage MB: 357
2019-02-11 07:11:41,282 - INFO - allennlp.training.trainer - Training
2019-02-11 07:11:56,637 - INFO - allennlp.training.trainer - Validating
2019-02-11 07:11:59,219 - INFO - allennlp.training.trainer -                     Training |  Validation
2019-02-11 07:11:59,219 - INFO - allennlp.training.trainer - gpu_0_memory_MB |   357.000  |       N/A
2019-02-11 07:11:59,220 - INFO - allennlp.training.trainer - cpu_memory_MB   |  2649.184  |       N/A
2019-02-11 07:11:59,220 - INFO - allennlp.training.trainer - accuracy3       |     1.000  |     1.000
2019-02-11 07:11:59,220 - INFO - allennlp.training.trainer - loss            |     0.271  |     0.373
2019-02-11 07:11:59,220 - INFO - allennlp.training.trainer - accuracy        |     0.867  |     0.815
2019-02-11 07:11:59,227 - INFO - allennlp.training.trainer - Epoch duration: 00:00:18
2019-02-11 07:11:59,227 - INFO - allennlp.training.trainer - Estimated training time remaining: 0:06:56
2019-02-11 07:11:59,227 - INFO - allennlp.training.trainer - Epoch 17/39
2019-02-11 07:11:59,227 - INFO - allennlp.training.trainer - Peak CPU memory usage MB: 2649.2
2019-02-11 07:11:59,301 - INFO - allennlp.training.trainer - GPU 0 memory usage MB: 357
2019-02-11 07:11:59,302 - INFO - allennlp.training.trainer - Training
2019-02-11 07:12:14,771 - INFO - allennlp.training.trainer - Validating
2019-02-11 07:12:17,341 - INFO - allennlp.training.trainer - Ran out of patience.  Stopping training.
2019-02-11 07:12:17,341 - INFO - allennlp.models.archival - archiving weights and vocabulary to ./model_params/model.tar.gz
2019-02-11 07:12:17,375 - INFO - allennlp.commands.train - Loading the best epoch weights.
2019-02-11 07:12:17,379 - INFO - allennlp.common.util - Metrics: {
  "peak_cpu_memory_MB": 2649.2,
  "peak_gpu_0_memory_MB": 357,
  "training_duration": "00:05:07",
  "training_start_epoch": 0,
  "training_epochs": 16,
  "epoch": 16,
  "training_accuracy": 0.8671226842855292,
  "training_accuracy3": 1.0,
  "training_loss": 0.27098358139071776,
  "training_cpu_memory_MB": 2649.184,
  "training_gpu_0_memory_MB": 357,
  "validation_accuracy": 0.8145285197591304,
  "validation_accuracy3": 1.0,
  "validation_loss": 0.3730425843778922,
  "best_epoch": 12,
  "best_validation_accuracy": 0.8146144082758358,
  "best_validation_accuracy3": 1.0,
  "best_validation_loss": 0.3588481659487802
}
Token batch process time:
55.46243500709534
Token batch process time:
29.270472288131714
