2019-02-13 02:07:32,371 - INFO - allennlp.common.from_params - instantiating class <class 'allennlp.data.dataset_readers.dataset_reader.DatasetReader'> from params {'mytokenizer': {'type': 'word', 'word_splitter': {'ner': True, 'parse': True, 'pos_tags': True, 'type': 'whitespacy'}}, 'token_indexers': {'dependency_label': {'namespace': 'dependencies', 'type': 'dependency_label'}, 'ner_tag': {'namespace': 'ner', 'type': 'ner_tag'}, 'pos_tag': {'coarse_tags': True, 'namespace': 'pos', 'type': 'pos_tag'}, 'tokens': {'lowercase_tokens': True, 'type': 'single_id'}}, 'type': 'sequence_tagging2', 'word_tag_delimiter': '//'} and extras {}
2019-02-13 02:07:32,371 - INFO - allennlp.common.params - dataset_reader.type = sequence_tagging2
2019-02-13 02:07:32,371 - INFO - allennlp.common.from_params - instantiating class <class 'myallennlp.dataset_readers.sequence_tagging2.SequenceTaggingDatasetReader'> from params {'mytokenizer': {'type': 'word', 'word_splitter': {'ner': True, 'parse': True, 'pos_tags': True, 'type': 'whitespacy'}}, 'token_indexers': {'dependency_label': {'namespace': 'dependencies', 'type': 'dependency_label'}, 'ner_tag': {'namespace': 'ner', 'type': 'ner_tag'}, 'pos_tag': {'coarse_tags': True, 'namespace': 'pos', 'type': 'pos_tag'}, 'tokens': {'lowercase_tokens': True, 'type': 'single_id'}}, 'word_tag_delimiter': '//'} and extras {}
2019-02-13 02:07:32,372 - INFO - allennlp.common.params - dataset_reader.word_tag_delimiter = //
2019-02-13 02:07:32,372 - INFO - allennlp.common.params - dataset_reader.token_delimiter = None
2019-02-13 02:07:32,372 - INFO - allennlp.common.from_params - instantiating class allennlp.data.token_indexers.token_indexer.TokenIndexer from params {'namespace': 'dependencies', 'type': 'dependency_label'} and extras {}
2019-02-13 02:07:32,372 - INFO - allennlp.common.params - dataset_reader.token_indexers.dependency_label.type = dependency_label
2019-02-13 02:07:32,373 - INFO - allennlp.common.from_params - instantiating class allennlp.data.token_indexers.dep_label_indexer.DepLabelIndexer from params {'namespace': 'dependencies'} and extras {}
2019-02-13 02:07:32,373 - INFO - allennlp.common.params - dataset_reader.token_indexers.dependency_label.namespace = dependencies
2019-02-13 02:07:32,373 - INFO - allennlp.common.from_params - instantiating class allennlp.data.token_indexers.token_indexer.TokenIndexer from params {'namespace': 'ner', 'type': 'ner_tag'} and extras {}
2019-02-13 02:07:32,373 - INFO - allennlp.common.params - dataset_reader.token_indexers.ner_tag.type = ner_tag
2019-02-13 02:07:32,373 - INFO - allennlp.common.from_params - instantiating class allennlp.data.token_indexers.ner_tag_indexer.NerTagIndexer from params {'namespace': 'ner'} and extras {}
2019-02-13 02:07:32,374 - INFO - allennlp.common.params - dataset_reader.token_indexers.ner_tag.namespace = ner
2019-02-13 02:07:32,374 - INFO - allennlp.common.from_params - instantiating class allennlp.data.token_indexers.token_indexer.TokenIndexer from params {'coarse_tags': True, 'namespace': 'pos', 'type': 'pos_tag'} and extras {}
2019-02-13 02:07:32,374 - INFO - allennlp.common.params - dataset_reader.token_indexers.pos_tag.type = pos_tag
2019-02-13 02:07:32,374 - INFO - allennlp.common.from_params - instantiating class allennlp.data.token_indexers.pos_tag_indexer.PosTagIndexer from params {'coarse_tags': True, 'namespace': 'pos'} and extras {}
2019-02-13 02:07:32,374 - INFO - allennlp.common.params - dataset_reader.token_indexers.pos_tag.namespace = pos
2019-02-13 02:07:32,375 - INFO - allennlp.common.params - dataset_reader.token_indexers.pos_tag.coarse_tags = True
2019-02-13 02:07:32,375 - INFO - allennlp.common.from_params - instantiating class allennlp.data.token_indexers.token_indexer.TokenIndexer from params {'lowercase_tokens': True, 'type': 'single_id'} and extras {}
2019-02-13 02:07:32,375 - INFO - allennlp.common.params - dataset_reader.token_indexers.tokens.type = single_id
2019-02-13 02:07:32,375 - INFO - allennlp.common.from_params - instantiating class allennlp.data.token_indexers.single_id_token_indexer.SingleIdTokenIndexer from params {'lowercase_tokens': True} and extras {}
2019-02-13 02:07:32,375 - INFO - allennlp.common.params - dataset_reader.token_indexers.tokens.namespace = tokens
2019-02-13 02:07:32,376 - INFO - allennlp.common.params - dataset_reader.token_indexers.tokens.lowercase_tokens = True
2019-02-13 02:07:32,376 - INFO - allennlp.common.params - dataset_reader.token_indexers.tokens.start_tokens = None
2019-02-13 02:07:32,376 - INFO - allennlp.common.params - dataset_reader.token_indexers.tokens.end_tokens = None
2019-02-13 02:07:32,376 - INFO - allennlp.common.params - dataset_reader.lazy = False
2019-02-13 02:07:32,376 - INFO - allennlp.common.from_params - instantiating class <class 'allennlp.data.tokenizers.tokenizer.Tokenizer'> from params {'type': 'word', 'word_splitter': {'ner': True, 'parse': True, 'pos_tags': True, 'type': 'whitespacy'}} and extras {}
2019-02-13 02:07:32,377 - INFO - allennlp.common.params - dataset_reader.mytokenizer.type = word
2019-02-13 02:07:32,377 - INFO - allennlp.common.from_params - instantiating class <class 'allennlp.data.tokenizers.word_tokenizer.WordTokenizer'> from params {'word_splitter': {'ner': True, 'parse': True, 'pos_tags': True, 'type': 'whitespacy'}} and extras {}
2019-02-13 02:07:32,377 - INFO - allennlp.common.from_params - instantiating class <class 'allennlp.data.tokenizers.word_splitter.WordSplitter'> from params {'ner': True, 'parse': True, 'pos_tags': True, 'type': 'whitespacy'} and extras {}
2019-02-13 02:07:32,377 - INFO - allennlp.common.params - dataset_reader.mytokenizer.word_splitter.type = whitespacy
2019-02-13 02:07:32,377 - INFO - allennlp.common.from_params - instantiating class <class 'myallennlp.data.tokenizers.word_splitter.SpacyWordSplitter'> from params {'ner': True, 'parse': True, 'pos_tags': True} and extras {}
2019-02-13 02:07:32,378 - INFO - allennlp.common.params - dataset_reader.mytokenizer.word_splitter.language = en_core_web_sm
2019-02-13 02:07:32,378 - INFO - allennlp.common.params - dataset_reader.mytokenizer.word_splitter.pos_tags = True
2019-02-13 02:07:32,378 - INFO - allennlp.common.params - dataset_reader.mytokenizer.word_splitter.parse = True
2019-02-13 02:07:32,378 - INFO - allennlp.common.params - dataset_reader.mytokenizer.word_splitter.ner = True
2019-02-13 02:07:33,005 - INFO - allennlp.common.params - dataset_reader.mytokenizer.start_tokens = None
2019-02-13 02:07:33,005 - INFO - allennlp.common.params - dataset_reader.mytokenizer.end_tokens = None
2019-02-13 02:07:33,005 - INFO - allennlp.common.params - dataset_reader.use_spacy_directly = False
2019-02-13 02:07:33,006 - INFO - allennlp.common.params - validation_dataset_reader = None
2019-02-13 02:07:33,006 - INFO - allennlp.common.params - train_data_path = ../data/allenTrain.txt
2019-02-13 02:07:33,006 - INFO - allennlp.commands.train - Reading training data from ../data/allenTrain.txt
2019-02-13 02:07:33,007 - INFO - myallennlp.dataset_readers.sequence_tagging2 - Reading instances from lines in file at: ../data/allenTrain.txt
2019-02-13 02:08:29,260 - INFO - allennlp.common.params - validation_data_path = ../data/allenDev.txt
2019-02-13 02:08:29,260 - INFO - allennlp.commands.train - Reading validation data from ../data/allenDev.txt
2019-02-13 02:08:29,260 - INFO - myallennlp.dataset_readers.sequence_tagging2 - Reading instances from lines in file at: ../data/allenDev.txt
2019-02-13 02:08:58,759 - INFO - allennlp.common.params - test_data_path = None
2019-02-13 02:08:58,760 - INFO - allennlp.commands.train - From dataset instances, validation, train will be considered for vocabulary creation.
2019-02-13 02:08:58,760 - INFO - allennlp.common.params - vocabulary.type = None
2019-02-13 02:08:58,760 - INFO - allennlp.common.params - vocabulary.extend = False
2019-02-13 02:08:58,760 - INFO - allennlp.common.params - vocabulary.directory_path = None
2019-02-13 02:08:58,760 - INFO - allennlp.common.params - vocabulary.min_count = None
2019-02-13 02:08:58,760 - INFO - allennlp.common.params - vocabulary.max_vocab_size = None
2019-02-13 02:08:58,761 - INFO - allennlp.common.params - vocabulary.non_padded_namespaces = ('*tags', '*labels')
2019-02-13 02:08:58,761 - INFO - allennlp.common.params - vocabulary.min_pretrained_embeddings = None
2019-02-13 02:08:58,761 - INFO - allennlp.common.params - vocabulary.only_include_pretrained_words = False
2019-02-13 02:08:58,761 - INFO - allennlp.common.params - vocabulary.tokens_to_add = None
2019-02-13 02:08:58,761 - INFO - allennlp.data.vocabulary - Fitting token dictionary from dataset.
2019-02-13 02:08:59,931 - INFO - allennlp.common.from_params - instantiating class <class 'allennlp.models.model.Model'> from params {'Ntags0': 93, 'Ntags1': 7, 'do_crossentropy_weighting': True, 'encoder': {'bidirectional': True, 'dropout': 0.5, 'hidden_size': 72, 'input_size': 72, 'num_layers': 2, 'type': 'lstm'}, 'text_field_embedder': {'token_embedders': {'dependency_label': {'embedding_dim': 10, 'type': 'embedding', 'vocab_namespace': 'dependencies'}, 'ner_tag': {'embedding_dim': 7, 'type': 'embedding', 'vocab_namespace': 'ner'}, 'pos_tag': {'embedding_dim': 5, 'type': 'embedding', 'vocab_namespace': 'pos'}, 'tokens': {'embedding_dim': 50, 'pretrained_file': '~/src/allennlp/glove/glove.6B.50d.txt.gz', 'trainable': False, 'type': 'embedding'}}}, 'type': 'simple_tagger2'} and extras {'vocab': Vocabulary with namespaces:  dependencies, Size: 47 || ner, Size: 21 || pos, Size: 17 || tokens, Size: 21902 || labels, Size: 2 || Non Padded Namespaces: {'*labels', '*tags'}}
2019-02-13 02:08:59,932 - INFO - allennlp.common.params - model.type = simple_tagger2
2019-02-13 02:08:59,932 - INFO - allennlp.common.from_params - instantiating class <class 'myallennlp.models.simple_tagger2.SimpleTagger2'> from params {'Ntags0': 93, 'Ntags1': 7, 'do_crossentropy_weighting': True, 'encoder': {'bidirectional': True, 'dropout': 0.5, 'hidden_size': 72, 'input_size': 72, 'num_layers': 2, 'type': 'lstm'}, 'text_field_embedder': {'token_embedders': {'dependency_label': {'embedding_dim': 10, 'type': 'embedding', 'vocab_namespace': 'dependencies'}, 'ner_tag': {'embedding_dim': 7, 'type': 'embedding', 'vocab_namespace': 'ner'}, 'pos_tag': {'embedding_dim': 5, 'type': 'embedding', 'vocab_namespace': 'pos'}, 'tokens': {'embedding_dim': 50, 'pretrained_file': '~/src/allennlp/glove/glove.6B.50d.txt.gz', 'trainable': False, 'type': 'embedding'}}}} and extras {'vocab': Vocabulary with namespaces:  dependencies, Size: 47 || ner, Size: 21 || pos, Size: 17 || tokens, Size: 21902 || labels, Size: 2 || Non Padded Namespaces: {'*labels', '*tags'}}
2019-02-13 02:08:59,932 - INFO - allennlp.common.from_params - instantiating class <class 'allennlp.modules.text_field_embedders.text_field_embedder.TextFieldEmbedder'> from params {'token_embedders': {'dependency_label': {'embedding_dim': 10, 'type': 'embedding', 'vocab_namespace': 'dependencies'}, 'ner_tag': {'embedding_dim': 7, 'type': 'embedding', 'vocab_namespace': 'ner'}, 'pos_tag': {'embedding_dim': 5, 'type': 'embedding', 'vocab_namespace': 'pos'}, 'tokens': {'embedding_dim': 50, 'pretrained_file': '~/src/allennlp/glove/glove.6B.50d.txt.gz', 'trainable': False, 'type': 'embedding'}}} and extras {'vocab': Vocabulary with namespaces:  dependencies, Size: 47 || ner, Size: 21 || pos, Size: 17 || tokens, Size: 21902 || labels, Size: 2 || Non Padded Namespaces: {'*labels', '*tags'}}
2019-02-13 02:08:59,932 - INFO - allennlp.common.params - model.text_field_embedder.type = basic
2019-02-13 02:08:59,933 - INFO - allennlp.common.params - model.text_field_embedder.embedder_to_indexer_map = None
2019-02-13 02:08:59,933 - INFO - allennlp.common.params - model.text_field_embedder.allow_unmatched_keys = False
2019-02-13 02:08:59,933 - INFO - allennlp.common.from_params - instantiating class <class 'allennlp.modules.token_embedders.token_embedder.TokenEmbedder'> from params {'embedding_dim': 10, 'type': 'embedding', 'vocab_namespace': 'dependencies'} and extras {'vocab': Vocabulary with namespaces:  dependencies, Size: 47 || ner, Size: 21 || pos, Size: 17 || tokens, Size: 21902 || labels, Size: 2 || Non Padded Namespaces: {'*labels', '*tags'}}
2019-02-13 02:08:59,933 - INFO - allennlp.common.params - model.text_field_embedder.token_embedders.dependency_label.type = embedding
2019-02-13 02:08:59,933 - INFO - allennlp.common.params - model.text_field_embedder.token_embedders.dependency_label.num_embeddings = None
2019-02-13 02:08:59,933 - INFO - allennlp.common.params - model.text_field_embedder.token_embedders.dependency_label.vocab_namespace = dependencies
2019-02-13 02:08:59,934 - INFO - allennlp.common.params - model.text_field_embedder.token_embedders.dependency_label.embedding_dim = 10
2019-02-13 02:08:59,934 - INFO - allennlp.common.params - model.text_field_embedder.token_embedders.dependency_label.pretrained_file = None
2019-02-13 02:08:59,934 - INFO - allennlp.common.params - model.text_field_embedder.token_embedders.dependency_label.projection_dim = None
2019-02-13 02:08:59,934 - INFO - allennlp.common.params - model.text_field_embedder.token_embedders.dependency_label.trainable = True
2019-02-13 02:08:59,934 - INFO - allennlp.common.params - model.text_field_embedder.token_embedders.dependency_label.padding_index = None
2019-02-13 02:08:59,934 - INFO - allennlp.common.params - model.text_field_embedder.token_embedders.dependency_label.max_norm = None
2019-02-13 02:08:59,934 - INFO - allennlp.common.params - model.text_field_embedder.token_embedders.dependency_label.norm_type = 2.0
2019-02-13 02:08:59,934 - INFO - allennlp.common.params - model.text_field_embedder.token_embedders.dependency_label.scale_grad_by_freq = False
2019-02-13 02:08:59,934 - INFO - allennlp.common.params - model.text_field_embedder.token_embedders.dependency_label.sparse = False
2019-02-13 02:08:59,935 - INFO - allennlp.common.from_params - instantiating class <class 'allennlp.modules.token_embedders.token_embedder.TokenEmbedder'> from params {'embedding_dim': 7, 'type': 'embedding', 'vocab_namespace': 'ner'} and extras {'vocab': Vocabulary with namespaces:  dependencies, Size: 47 || ner, Size: 21 || pos, Size: 17 || tokens, Size: 21902 || labels, Size: 2 || Non Padded Namespaces: {'*labels', '*tags'}}
2019-02-13 02:08:59,936 - INFO - allennlp.common.params - model.text_field_embedder.token_embedders.ner_tag.type = embedding
2019-02-13 02:08:59,936 - INFO - allennlp.common.params - model.text_field_embedder.token_embedders.ner_tag.num_embeddings = None
2019-02-13 02:08:59,936 - INFO - allennlp.common.params - model.text_field_embedder.token_embedders.ner_tag.vocab_namespace = ner
2019-02-13 02:08:59,936 - INFO - allennlp.common.params - model.text_field_embedder.token_embedders.ner_tag.embedding_dim = 7
2019-02-13 02:08:59,936 - INFO - allennlp.common.params - model.text_field_embedder.token_embedders.ner_tag.pretrained_file = None
2019-02-13 02:08:59,936 - INFO - allennlp.common.params - model.text_field_embedder.token_embedders.ner_tag.projection_dim = None
2019-02-13 02:08:59,936 - INFO - allennlp.common.params - model.text_field_embedder.token_embedders.ner_tag.trainable = True
2019-02-13 02:08:59,937 - INFO - allennlp.common.params - model.text_field_embedder.token_embedders.ner_tag.padding_index = None
2019-02-13 02:08:59,937 - INFO - allennlp.common.params - model.text_field_embedder.token_embedders.ner_tag.max_norm = None
2019-02-13 02:08:59,937 - INFO - allennlp.common.params - model.text_field_embedder.token_embedders.ner_tag.norm_type = 2.0
2019-02-13 02:08:59,937 - INFO - allennlp.common.params - model.text_field_embedder.token_embedders.ner_tag.scale_grad_by_freq = False
2019-02-13 02:08:59,937 - INFO - allennlp.common.params - model.text_field_embedder.token_embedders.ner_tag.sparse = False
2019-02-13 02:08:59,937 - INFO - allennlp.common.from_params - instantiating class <class 'allennlp.modules.token_embedders.token_embedder.TokenEmbedder'> from params {'embedding_dim': 5, 'type': 'embedding', 'vocab_namespace': 'pos'} and extras {'vocab': Vocabulary with namespaces:  dependencies, Size: 47 || ner, Size: 21 || pos, Size: 17 || tokens, Size: 21902 || labels, Size: 2 || Non Padded Namespaces: {'*labels', '*tags'}}
2019-02-13 02:08:59,937 - INFO - allennlp.common.params - model.text_field_embedder.token_embedders.pos_tag.type = embedding
2019-02-13 02:08:59,938 - INFO - allennlp.common.params - model.text_field_embedder.token_embedders.pos_tag.num_embeddings = None
2019-02-13 02:08:59,938 - INFO - allennlp.common.params - model.text_field_embedder.token_embedders.pos_tag.vocab_namespace = pos
2019-02-13 02:08:59,938 - INFO - allennlp.common.params - model.text_field_embedder.token_embedders.pos_tag.embedding_dim = 5
2019-02-13 02:08:59,938 - INFO - allennlp.common.params - model.text_field_embedder.token_embedders.pos_tag.pretrained_file = None
2019-02-13 02:08:59,938 - INFO - allennlp.common.params - model.text_field_embedder.token_embedders.pos_tag.projection_dim = None
2019-02-13 02:08:59,938 - INFO - allennlp.common.params - model.text_field_embedder.token_embedders.pos_tag.trainable = True
2019-02-13 02:08:59,938 - INFO - allennlp.common.params - model.text_field_embedder.token_embedders.pos_tag.padding_index = None
2019-02-13 02:08:59,938 - INFO - allennlp.common.params - model.text_field_embedder.token_embedders.pos_tag.max_norm = None
2019-02-13 02:08:59,939 - INFO - allennlp.common.params - model.text_field_embedder.token_embedders.pos_tag.norm_type = 2.0
2019-02-13 02:08:59,939 - INFO - allennlp.common.params - model.text_field_embedder.token_embedders.pos_tag.scale_grad_by_freq = False
2019-02-13 02:08:59,939 - INFO - allennlp.common.params - model.text_field_embedder.token_embedders.pos_tag.sparse = False
2019-02-13 02:08:59,939 - INFO - allennlp.common.from_params - instantiating class <class 'allennlp.modules.token_embedders.token_embedder.TokenEmbedder'> from params {'embedding_dim': 50, 'pretrained_file': '~/src/allennlp/glove/glove.6B.50d.txt.gz', 'trainable': False, 'type': 'embedding'} and extras {'vocab': Vocabulary with namespaces:  dependencies, Size: 47 || ner, Size: 21 || pos, Size: 17 || tokens, Size: 21902 || labels, Size: 2 || Non Padded Namespaces: {'*labels', '*tags'}}
2019-02-13 02:08:59,939 - INFO - allennlp.common.params - model.text_field_embedder.token_embedders.tokens.type = embedding
2019-02-13 02:08:59,940 - INFO - allennlp.common.params - model.text_field_embedder.token_embedders.tokens.num_embeddings = None
2019-02-13 02:08:59,940 - INFO - allennlp.common.params - model.text_field_embedder.token_embedders.tokens.vocab_namespace = tokens
2019-02-13 02:08:59,940 - INFO - allennlp.common.params - model.text_field_embedder.token_embedders.tokens.embedding_dim = 50
2019-02-13 02:08:59,940 - INFO - allennlp.common.params - model.text_field_embedder.token_embedders.tokens.pretrained_file = ~/src/allennlp/glove/glove.6B.50d.txt.gz
2019-02-13 02:08:59,940 - INFO - allennlp.common.params - model.text_field_embedder.token_embedders.tokens.projection_dim = None
2019-02-13 02:08:59,940 - INFO - allennlp.common.params - model.text_field_embedder.token_embedders.tokens.trainable = False
2019-02-13 02:08:59,940 - INFO - allennlp.common.params - model.text_field_embedder.token_embedders.tokens.padding_index = None
2019-02-13 02:08:59,940 - INFO - allennlp.common.params - model.text_field_embedder.token_embedders.tokens.max_norm = None
2019-02-13 02:08:59,940 - INFO - allennlp.common.params - model.text_field_embedder.token_embedders.tokens.norm_type = 2.0
2019-02-13 02:08:59,941 - INFO - allennlp.common.params - model.text_field_embedder.token_embedders.tokens.scale_grad_by_freq = False
2019-02-13 02:08:59,941 - INFO - allennlp.common.params - model.text_field_embedder.token_embedders.tokens.sparse = False
2019-02-13 02:08:59,943 - INFO - allennlp.modules.token_embedders.embedding - Reading pretrained embeddings from file
2019-02-13 02:09:02,662 - INFO - allennlp.modules.token_embedders.embedding - Initializing pre-trained embedding layer
2019-02-13 02:09:02,838 - INFO - allennlp.modules.token_embedders.embedding - Pretrained embeddings were found for 20103 out of 21902 tokens
2019-02-13 02:09:02,845 - INFO - allennlp.common.from_params - instantiating class <class 'allennlp.modules.seq2seq_encoders.seq2seq_encoder.Seq2SeqEncoder'> from params {'bidirectional': True, 'dropout': 0.5, 'hidden_size': 72, 'input_size': 72, 'num_layers': 2, 'type': 'lstm'} and extras {'vocab': Vocabulary with namespaces:  dependencies, Size: 47 || ner, Size: 21 || pos, Size: 17 || tokens, Size: 21902 || labels, Size: 2 || Non Padded Namespaces: {'*labels', '*tags'}}
2019-02-13 02:09:02,845 - INFO - allennlp.common.params - model.encoder.type = lstm
2019-02-13 02:09:02,845 - INFO - allennlp.common.params - model.encoder.batch_first = True
2019-02-13 02:09:02,846 - INFO - allennlp.common.params - model.encoder.stateful = False
2019-02-13 02:09:02,846 - INFO - allennlp.common.params - Converting Params object to dict; logging of default values will not occur when dictionary parameters are used subsequently.
2019-02-13 02:09:02,846 - INFO - allennlp.common.params - CURRENTLY DEFINED PARAMETERS: 
2019-02-13 02:09:02,846 - INFO - allennlp.common.params - model.encoder.bidirectional = True
2019-02-13 02:09:02,846 - INFO - allennlp.common.params - model.encoder.dropout = 0.5
2019-02-13 02:09:02,846 - INFO - allennlp.common.params - model.encoder.hidden_size = 72
2019-02-13 02:09:02,846 - INFO - allennlp.common.params - model.encoder.input_size = 72
2019-02-13 02:09:02,846 - INFO - allennlp.common.params - model.encoder.num_layers = 2
2019-02-13 02:09:02,846 - INFO - allennlp.common.params - model.encoder.batch_first = True
2019-02-13 02:09:02,849 - INFO - allennlp.common.params - model.do_crossentropy_weighting = True
2019-02-13 02:09:02,850 - INFO - allennlp.common.params - model.Ntags0 = 93
2019-02-13 02:09:02,850 - INFO - allennlp.common.params - model.Ntags1 = 7
2019-02-13 02:09:02,850 - INFO - allennlp.nn.initializers - Initializing parameters
2019-02-13 02:09:02,850 - INFO - allennlp.nn.initializers - Done initializing parameters; the following parameters are using their default initialization from their code
2019-02-13 02:09:02,850 - INFO - allennlp.nn.initializers -    encoder._module.bias_hh_l0
2019-02-13 02:09:02,851 - INFO - allennlp.nn.initializers -    encoder._module.bias_hh_l0_reverse
2019-02-13 02:09:02,851 - INFO - allennlp.nn.initializers -    encoder._module.bias_hh_l1
2019-02-13 02:09:02,851 - INFO - allennlp.nn.initializers -    encoder._module.bias_hh_l1_reverse
2019-02-13 02:09:02,851 - INFO - allennlp.nn.initializers -    encoder._module.bias_ih_l0
2019-02-13 02:09:02,851 - INFO - allennlp.nn.initializers -    encoder._module.bias_ih_l0_reverse
2019-02-13 02:09:02,851 - INFO - allennlp.nn.initializers -    encoder._module.bias_ih_l1
2019-02-13 02:09:02,851 - INFO - allennlp.nn.initializers -    encoder._module.bias_ih_l1_reverse
2019-02-13 02:09:02,851 - INFO - allennlp.nn.initializers -    encoder._module.weight_hh_l0
2019-02-13 02:09:02,852 - INFO - allennlp.nn.initializers -    encoder._module.weight_hh_l0_reverse
2019-02-13 02:09:02,852 - INFO - allennlp.nn.initializers -    encoder._module.weight_hh_l1
2019-02-13 02:09:02,852 - INFO - allennlp.nn.initializers -    encoder._module.weight_hh_l1_reverse
2019-02-13 02:09:02,852 - INFO - allennlp.nn.initializers -    encoder._module.weight_ih_l0
2019-02-13 02:09:02,852 - INFO - allennlp.nn.initializers -    encoder._module.weight_ih_l0_reverse
2019-02-13 02:09:02,852 - INFO - allennlp.nn.initializers -    encoder._module.weight_ih_l1
2019-02-13 02:09:02,852 - INFO - allennlp.nn.initializers -    encoder._module.weight_ih_l1_reverse
2019-02-13 02:09:02,853 - INFO - allennlp.nn.initializers -    tag_projection_layer._module.bias
2019-02-13 02:09:02,853 - INFO - allennlp.nn.initializers -    tag_projection_layer._module.weight
2019-02-13 02:09:02,853 - INFO - allennlp.nn.initializers -    text_field_embedder.token_embedder_dependency_label.weight
2019-02-13 02:09:02,853 - INFO - allennlp.nn.initializers -    text_field_embedder.token_embedder_ner_tag.weight
2019-02-13 02:09:02,853 - INFO - allennlp.nn.initializers -    text_field_embedder.token_embedder_pos_tag.weight
2019-02-13 02:09:02,853 - INFO - allennlp.nn.initializers -    text_field_embedder.token_embedder_tokens.weight
2019-02-13 02:09:02,912 - INFO - allennlp.common.from_params - instantiating class <class 'allennlp.data.iterators.data_iterator.DataIterator'> from params {'batch_size': 32, 'type': 'basic'} and extras {}
2019-02-13 02:09:02,912 - INFO - allennlp.common.params - iterator.type = basic
2019-02-13 02:09:02,912 - INFO - allennlp.common.from_params - instantiating class <class 'allennlp.data.iterators.basic_iterator.BasicIterator'> from params {'batch_size': 32} and extras {}
2019-02-13 02:09:02,913 - INFO - allennlp.common.params - iterator.batch_size = 32
2019-02-13 02:09:02,913 - INFO - allennlp.common.params - iterator.instances_per_epoch = None
2019-02-13 02:09:02,913 - INFO - allennlp.common.params - iterator.max_instances_in_memory = None
2019-02-13 02:09:02,913 - INFO - allennlp.common.params - iterator.cache_instances = False
2019-02-13 02:09:02,913 - INFO - allennlp.common.params - iterator.track_epoch = False
2019-02-13 02:09:02,913 - INFO - allennlp.common.params - iterator.maximum_samples_per_batch = None
2019-02-13 02:09:02,913 - INFO - allennlp.common.params - validation_iterator = None
2019-02-13 02:09:02,914 - INFO - allennlp.common.params - trainer.no_grad = ()
2019-02-13 02:09:02,914 - INFO - allennlp.commands.train - Following parameters are Frozen  (without gradient):
2019-02-13 02:09:02,914 - INFO - allennlp.commands.train - text_field_embedder.token_embedder_tokens.weight
2019-02-13 02:09:02,914 - INFO - allennlp.commands.train - Following parameters are Tunable (with gradient):
2019-02-13 02:09:02,914 - INFO - allennlp.commands.train - text_field_embedder.token_embedder_dependency_label.weight
2019-02-13 02:09:02,914 - INFO - allennlp.commands.train - text_field_embedder.token_embedder_ner_tag.weight
2019-02-13 02:09:02,914 - INFO - allennlp.commands.train - text_field_embedder.token_embedder_pos_tag.weight
2019-02-13 02:09:02,915 - INFO - allennlp.commands.train - encoder._module.weight_ih_l0
2019-02-13 02:09:02,915 - INFO - allennlp.commands.train - encoder._module.weight_hh_l0
2019-02-13 02:09:02,915 - INFO - allennlp.commands.train - encoder._module.bias_ih_l0
2019-02-13 02:09:02,915 - INFO - allennlp.commands.train - encoder._module.bias_hh_l0
2019-02-13 02:09:02,915 - INFO - allennlp.commands.train - encoder._module.weight_ih_l0_reverse
2019-02-13 02:09:02,915 - INFO - allennlp.commands.train - encoder._module.weight_hh_l0_reverse
2019-02-13 02:09:02,915 - INFO - allennlp.commands.train - encoder._module.bias_ih_l0_reverse
2019-02-13 02:09:02,915 - INFO - allennlp.commands.train - encoder._module.bias_hh_l0_reverse
2019-02-13 02:09:02,915 - INFO - allennlp.commands.train - encoder._module.weight_ih_l1
2019-02-13 02:09:02,916 - INFO - allennlp.commands.train - encoder._module.weight_hh_l1
2019-02-13 02:09:02,916 - INFO - allennlp.commands.train - encoder._module.bias_ih_l1
2019-02-13 02:09:02,916 - INFO - allennlp.commands.train - encoder._module.bias_hh_l1
2019-02-13 02:09:02,916 - INFO - allennlp.commands.train - encoder._module.weight_ih_l1_reverse
2019-02-13 02:09:02,916 - INFO - allennlp.commands.train - encoder._module.weight_hh_l1_reverse
2019-02-13 02:09:02,916 - INFO - allennlp.commands.train - encoder._module.bias_ih_l1_reverse
2019-02-13 02:09:02,916 - INFO - allennlp.commands.train - encoder._module.bias_hh_l1_reverse
2019-02-13 02:09:02,916 - INFO - allennlp.commands.train - tag_projection_layer._module.weight
2019-02-13 02:09:02,916 - INFO - allennlp.commands.train - tag_projection_layer._module.bias
2019-02-13 02:09:02,917 - INFO - allennlp.common.params - trainer.type = default
2019-02-13 02:09:02,917 - INFO - allennlp.common.params - trainer.patience = 5
2019-02-13 02:09:02,917 - INFO - allennlp.common.params - trainer.validation_metric = -loss
2019-02-13 02:09:02,917 - INFO - allennlp.common.params - trainer.shuffle = True
2019-02-13 02:09:02,917 - INFO - allennlp.common.params - trainer.num_epochs = 40
2019-02-13 02:09:02,917 - INFO - allennlp.common.params - trainer.cuda_device = 0
2019-02-13 02:09:02,917 - INFO - allennlp.common.params - trainer.grad_norm = None
2019-02-13 02:09:02,917 - INFO - allennlp.common.params - trainer.grad_clipping = None
2019-02-13 02:09:02,917 - INFO - allennlp.common.params - trainer.learning_rate_scheduler = None
2019-02-13 02:09:05,262 - INFO - allennlp.common.params - trainer.optimizer = adam
2019-02-13 02:09:05,262 - INFO - allennlp.common.params - parameter_groups = None
2019-02-13 02:09:05,262 - INFO - allennlp.training.optimizers - Number of trainable parameters: 210656
2019-02-13 02:09:05,263 - INFO - allennlp.common.params - Converting Params object to dict; logging of default values will not occur when dictionary parameters are used subsequently.
2019-02-13 02:09:05,263 - INFO - allennlp.common.params - CURRENTLY DEFINED PARAMETERS: 
2019-02-13 02:09:05,264 - INFO - allennlp.common.params - trainer.num_serialized_models_to_keep = 20
2019-02-13 02:09:05,264 - INFO - allennlp.common.params - trainer.keep_serialized_model_every_num_seconds = None
2019-02-13 02:09:05,264 - INFO - allennlp.common.params - trainer.model_save_interval = None
2019-02-13 02:09:05,264 - INFO - allennlp.common.params - trainer.summary_interval = 100
2019-02-13 02:09:05,264 - INFO - allennlp.common.params - trainer.histogram_interval = None
2019-02-13 02:09:05,264 - INFO - allennlp.common.params - trainer.should_log_parameter_statistics = True
2019-02-13 02:09:05,264 - INFO - allennlp.common.params - trainer.should_log_learning_rate = False
2019-02-13 02:09:05,264 - INFO - allennlp.common.params - trainer.log_batch_size_period = None
2019-02-13 02:09:05,267 - INFO - allennlp.common.params - evaluate_on_test = False
2019-02-13 02:09:05,267 - INFO - allennlp.training.trainer - Beginning training.
2019-02-13 02:09:05,267 - INFO - allennlp.training.trainer - Epoch 0/39
2019-02-13 02:09:05,268 - INFO - allennlp.training.trainer - Peak CPU memory usage MB: 2624.812
2019-02-13 02:09:05,363 - INFO - allennlp.training.trainer - GPU 0 memory usage MB: 326
2019-02-13 02:09:05,363 - INFO - allennlp.training.trainer - Training
2019-02-13 02:09:22,472 - INFO - allennlp.training.trainer - Validating
2019-02-13 02:09:25,827 - INFO - allennlp.training.trainer -                     Training |  Validation
2019-02-13 02:09:25,827 - INFO - allennlp.training.trainer - gpu_0_memory_MB |   326.000  |       N/A
2019-02-13 02:09:25,827 - INFO - allennlp.training.trainer - accuracy3       |     1.000  |     1.000
2019-02-13 02:09:25,828 - INFO - allennlp.training.trainer - accuracy        |     0.866  |     0.836
2019-02-13 02:09:25,828 - INFO - allennlp.training.trainer - cpu_memory_MB   |  2624.812  |       N/A
2019-02-13 02:09:25,828 - INFO - allennlp.training.trainer - loss            |     0.460  |     0.484
2019-02-13 02:09:25,845 - INFO - allennlp.training.trainer - Best validation performance so far. Copying weights to './model_params/best.th'.
2019-02-13 02:09:25,851 - INFO - allennlp.training.trainer - Epoch duration: 00:00:20
2019-02-13 02:09:25,851 - INFO - allennlp.training.trainer - Estimated training time remaining: 0:13:22
2019-02-13 02:09:25,851 - INFO - allennlp.training.trainer - Epoch 1/39
2019-02-13 02:09:25,852 - INFO - allennlp.training.trainer - Peak CPU memory usage MB: 2662.032
2019-02-13 02:09:25,953 - INFO - allennlp.training.trainer - GPU 0 memory usage MB: 359
2019-02-13 02:09:25,954 - INFO - allennlp.training.trainer - Training
2019-02-13 02:09:41,935 - INFO - allennlp.training.trainer - Validating
2019-02-13 02:09:44,653 - INFO - allennlp.training.trainer -                     Training |  Validation
2019-02-13 02:09:44,654 - INFO - allennlp.training.trainer - gpu_0_memory_MB |   359.000  |       N/A
2019-02-13 02:09:44,654 - INFO - allennlp.training.trainer - accuracy3       |     1.000  |     1.000
2019-02-13 02:09:44,655 - INFO - allennlp.training.trainer - accuracy        |     0.855  |     0.850
2019-02-13 02:09:44,655 - INFO - allennlp.training.trainer - cpu_memory_MB   |  2662.032  |       N/A
2019-02-13 02:09:44,655 - INFO - allennlp.training.trainer - loss            |     0.371  |     0.482
2019-02-13 02:09:44,669 - INFO - allennlp.training.trainer - Best validation performance so far. Copying weights to './model_params/best.th'.
2019-02-13 02:09:44,677 - INFO - allennlp.training.trainer - Epoch duration: 00:00:18
2019-02-13 02:09:44,677 - INFO - allennlp.training.trainer - Estimated training time remaining: 0:12:28
2019-02-13 02:09:44,678 - INFO - allennlp.training.trainer - Epoch 2/39
2019-02-13 02:09:44,678 - INFO - allennlp.training.trainer - Peak CPU memory usage MB: 2662.62
2019-02-13 02:09:44,773 - INFO - allennlp.training.trainer - GPU 0 memory usage MB: 359
2019-02-13 02:09:44,774 - INFO - allennlp.training.trainer - Training
2019-02-13 02:10:00,666 - INFO - allennlp.training.trainer - Validating
2019-02-13 02:10:03,377 - INFO - allennlp.training.trainer -                     Training |  Validation
2019-02-13 02:10:03,378 - INFO - allennlp.training.trainer - gpu_0_memory_MB |   359.000  |       N/A
2019-02-13 02:10:03,378 - INFO - allennlp.training.trainer - accuracy3       |     1.000  |     1.000
2019-02-13 02:10:03,378 - INFO - allennlp.training.trainer - accuracy        |     0.860  |     0.861
2019-02-13 02:10:03,379 - INFO - allennlp.training.trainer - cpu_memory_MB   |  2662.620  |       N/A
2019-02-13 02:10:03,379 - INFO - allennlp.training.trainer - loss            |     0.358  |     0.474
2019-02-13 02:10:03,392 - INFO - allennlp.training.trainer - Best validation performance so far. Copying weights to './model_params/best.th'.
2019-02-13 02:10:03,400 - INFO - allennlp.training.trainer - Epoch duration: 00:00:18
2019-02-13 02:10:03,400 - INFO - allennlp.training.trainer - Estimated training time remaining: 0:11:56
2019-02-13 02:10:03,400 - INFO - allennlp.training.trainer - Epoch 3/39
2019-02-13 02:10:03,400 - INFO - allennlp.training.trainer - Peak CPU memory usage MB: 2662.768
2019-02-13 02:10:03,506 - INFO - allennlp.training.trainer - GPU 0 memory usage MB: 366
2019-02-13 02:10:03,506 - INFO - allennlp.training.trainer - Training
2019-02-13 02:10:19,503 - INFO - allennlp.training.trainer - Validating
2019-02-13 02:10:22,215 - INFO - allennlp.training.trainer -                     Training |  Validation
2019-02-13 02:10:22,216 - INFO - allennlp.training.trainer - gpu_0_memory_MB |   366.000  |       N/A
2019-02-13 02:10:22,216 - INFO - allennlp.training.trainer - accuracy3       |     1.000  |     1.000
2019-02-13 02:10:22,217 - INFO - allennlp.training.trainer - accuracy        |     0.867  |     0.873
2019-02-13 02:10:22,217 - INFO - allennlp.training.trainer - cpu_memory_MB   |  2662.768  |       N/A
2019-02-13 02:10:22,218 - INFO - allennlp.training.trainer - loss            |     0.346  |     0.483
2019-02-13 02:10:22,230 - INFO - allennlp.training.trainer - Epoch duration: 00:00:18
2019-02-13 02:10:22,230 - INFO - allennlp.training.trainer - Estimated training time remaining: 0:11:32
2019-02-13 02:10:22,231 - INFO - allennlp.training.trainer - Epoch 4/39
2019-02-13 02:10:22,231 - INFO - allennlp.training.trainer - Peak CPU memory usage MB: 2662.92
2019-02-13 02:10:22,333 - INFO - allennlp.training.trainer - GPU 0 memory usage MB: 373
2019-02-13 02:10:22,334 - INFO - allennlp.training.trainer - Training
2019-02-13 02:10:38,361 - INFO - allennlp.training.trainer - Validating
2019-02-13 02:10:41,087 - INFO - allennlp.training.trainer -                     Training |  Validation
2019-02-13 02:10:41,088 - INFO - allennlp.training.trainer - gpu_0_memory_MB |   373.000  |       N/A
2019-02-13 02:10:41,088 - INFO - allennlp.training.trainer - accuracy3       |     1.000  |     1.000
2019-02-13 02:10:41,088 - INFO - allennlp.training.trainer - accuracy        |     0.870  |     0.871
2019-02-13 02:10:41,088 - INFO - allennlp.training.trainer - cpu_memory_MB   |  2662.920  |       N/A
2019-02-13 02:10:41,089 - INFO - allennlp.training.trainer - loss            |     0.336  |     0.496
2019-02-13 02:10:41,103 - INFO - allennlp.training.trainer - Epoch duration: 00:00:18
2019-02-13 02:10:41,103 - INFO - allennlp.training.trainer - Estimated training time remaining: 0:11:10
2019-02-13 02:10:41,103 - INFO - allennlp.training.trainer - Epoch 5/39
2019-02-13 02:10:41,103 - INFO - allennlp.training.trainer - Peak CPU memory usage MB: 2663.152
2019-02-13 02:10:41,202 - INFO - allennlp.training.trainer - GPU 0 memory usage MB: 373
2019-02-13 02:10:41,202 - INFO - allennlp.training.trainer - Training
2019-02-13 02:10:57,081 - INFO - allennlp.training.trainer - Validating
2019-02-13 02:10:59,793 - INFO - allennlp.training.trainer -                     Training |  Validation
2019-02-13 02:10:59,793 - INFO - allennlp.training.trainer - gpu_0_memory_MB |   373.000  |       N/A
2019-02-13 02:10:59,793 - INFO - allennlp.training.trainer - accuracy3       |     1.000  |     1.000
2019-02-13 02:10:59,794 - INFO - allennlp.training.trainer - accuracy        |     0.873  |     0.841
2019-02-13 02:10:59,794 - INFO - allennlp.training.trainer - cpu_memory_MB   |  2663.152  |       N/A
2019-02-13 02:10:59,795 - INFO - allennlp.training.trainer - loss            |     0.327  |     0.477
2019-02-13 02:10:59,807 - INFO - allennlp.training.trainer - Epoch duration: 00:00:18
2019-02-13 02:10:59,808 - INFO - allennlp.training.trainer - Estimated training time remaining: 0:10:49
2019-02-13 02:10:59,808 - INFO - allennlp.training.trainer - Epoch 6/39
2019-02-13 02:10:59,808 - INFO - allennlp.training.trainer - Peak CPU memory usage MB: 2663.312
2019-02-13 02:10:59,903 - INFO - allennlp.training.trainer - GPU 0 memory usage MB: 373
2019-02-13 02:10:59,904 - INFO - allennlp.training.trainer - Training
2019-02-13 02:11:15,796 - INFO - allennlp.training.trainer - Validating
2019-02-13 02:11:18,504 - INFO - allennlp.training.trainer -                     Training |  Validation
2019-02-13 02:11:18,505 - INFO - allennlp.training.trainer - gpu_0_memory_MB |   373.000  |       N/A
2019-02-13 02:11:18,505 - INFO - allennlp.training.trainer - accuracy3       |     1.000  |     1.000
2019-02-13 02:11:18,505 - INFO - allennlp.training.trainer - accuracy        |     0.874  |     0.832
2019-02-13 02:11:18,505 - INFO - allennlp.training.trainer - cpu_memory_MB   |  2663.312  |       N/A
2019-02-13 02:11:18,505 - INFO - allennlp.training.trainer - loss            |     0.320  |     0.478
2019-02-13 02:11:18,520 - INFO - allennlp.training.trainer - Epoch duration: 00:00:18
2019-02-13 02:11:18,520 - INFO - allennlp.training.trainer - Estimated training time remaining: 0:10:28
2019-02-13 02:11:18,521 - INFO - allennlp.training.trainer - Epoch 7/39
2019-02-13 02:11:18,521 - INFO - allennlp.training.trainer - Peak CPU memory usage MB: 2663.368
2019-02-13 02:11:18,618 - INFO - allennlp.training.trainer - GPU 0 memory usage MB: 373
2019-02-13 02:11:18,619 - INFO - allennlp.training.trainer - Training
2019-02-13 02:11:34,391 - INFO - allennlp.training.trainer - Validating
2019-02-13 02:11:37,095 - INFO - allennlp.training.trainer - Ran out of patience.  Stopping training.
2019-02-13 02:11:37,095 - INFO - allennlp.models.archival - archiving weights and vocabulary to ./model_params/model.tar.gz
2019-02-13 02:11:37,428 - INFO - allennlp.commands.train - Loading the best epoch weights.
2019-02-13 02:11:37,436 - INFO - allennlp.common.util - Metrics: {
  "peak_cpu_memory_MB": 2663.368,
  "peak_gpu_0_memory_MB": 373,
  "training_duration": "00:02:13",
  "training_start_epoch": 0,
  "training_epochs": 6,
  "epoch": 6,
  "training_accuracy": 0.8741413667094102,
  "training_accuracy3": 1.0,
  "training_loss": 0.31973213354206603,
  "training_cpu_memory_MB": 2663.312,
  "training_gpu_0_memory_MB": 373,
  "validation_accuracy": 0.8321548992410659,
  "validation_accuracy3": 1.0,
  "validation_loss": 0.47810957018209965,
  "best_epoch": 2,
  "best_validation_accuracy": 0.8605613631494075,
  "best_validation_accuracy3": 1.0,
  "best_validation_loss": 0.4744023604660618
}
Token batch process time:
55.886714220047
Token batch process time:
29.07299017906189
