2019-02-11 13:21:45,174 - INFO - allennlp.common.from_params - instantiating class <class 'allennlp.data.dataset_readers.dataset_reader.DatasetReader'> from params {'mytokenizer': {'type': 'word', 'word_splitter': {'ner': True, 'parse': True, 'pos_tags': True, 'type': 'whitespacy'}}, 'token_indexers': {'dependency_label': {'namespace': 'dependencies', 'type': 'dependency_label'}, 'ner_tag': {'namespace': 'ner', 'type': 'ner_tag'}, 'pos_tag': {'coarse_tags': True, 'namespace': 'pos', 'type': 'pos_tag'}}, 'type': 'sequence_tagging2', 'word_tag_delimiter': '//'} and extras {}
2019-02-11 13:21:45,174 - INFO - allennlp.common.params - dataset_reader.type = sequence_tagging2
2019-02-11 13:21:45,175 - INFO - allennlp.common.from_params - instantiating class <class 'myallennlp.dataset_readers.sequence_tagging2.SequenceTaggingDatasetReader'> from params {'mytokenizer': {'type': 'word', 'word_splitter': {'ner': True, 'parse': True, 'pos_tags': True, 'type': 'whitespacy'}}, 'token_indexers': {'dependency_label': {'namespace': 'dependencies', 'type': 'dependency_label'}, 'ner_tag': {'namespace': 'ner', 'type': 'ner_tag'}, 'pos_tag': {'coarse_tags': True, 'namespace': 'pos', 'type': 'pos_tag'}}, 'word_tag_delimiter': '//'} and extras {}
2019-02-11 13:21:45,175 - INFO - allennlp.common.params - dataset_reader.word_tag_delimiter = //
2019-02-11 13:21:45,175 - INFO - allennlp.common.params - dataset_reader.token_delimiter = None
2019-02-11 13:21:45,175 - INFO - allennlp.common.from_params - instantiating class allennlp.data.token_indexers.token_indexer.TokenIndexer from params {'namespace': 'dependencies', 'type': 'dependency_label'} and extras {}
2019-02-11 13:21:45,175 - INFO - allennlp.common.params - dataset_reader.token_indexers.dependency_label.type = dependency_label
2019-02-11 13:21:45,176 - INFO - allennlp.common.from_params - instantiating class allennlp.data.token_indexers.dep_label_indexer.DepLabelIndexer from params {'namespace': 'dependencies'} and extras {}
2019-02-11 13:21:45,176 - INFO - allennlp.common.params - dataset_reader.token_indexers.dependency_label.namespace = dependencies
2019-02-11 13:21:45,176 - INFO - allennlp.common.from_params - instantiating class allennlp.data.token_indexers.token_indexer.TokenIndexer from params {'namespace': 'ner', 'type': 'ner_tag'} and extras {}
2019-02-11 13:21:45,176 - INFO - allennlp.common.params - dataset_reader.token_indexers.ner_tag.type = ner_tag
2019-02-11 13:21:45,176 - INFO - allennlp.common.from_params - instantiating class allennlp.data.token_indexers.ner_tag_indexer.NerTagIndexer from params {'namespace': 'ner'} and extras {}
2019-02-11 13:21:45,177 - INFO - allennlp.common.params - dataset_reader.token_indexers.ner_tag.namespace = ner
2019-02-11 13:21:45,177 - INFO - allennlp.common.from_params - instantiating class allennlp.data.token_indexers.token_indexer.TokenIndexer from params {'coarse_tags': True, 'namespace': 'pos', 'type': 'pos_tag'} and extras {}
2019-02-11 13:21:45,177 - INFO - allennlp.common.params - dataset_reader.token_indexers.pos_tag.type = pos_tag
2019-02-11 13:21:45,177 - INFO - allennlp.common.from_params - instantiating class allennlp.data.token_indexers.pos_tag_indexer.PosTagIndexer from params {'coarse_tags': True, 'namespace': 'pos'} and extras {}
2019-02-11 13:21:45,178 - INFO - allennlp.common.params - dataset_reader.token_indexers.pos_tag.namespace = pos
2019-02-11 13:21:45,178 - INFO - allennlp.common.params - dataset_reader.token_indexers.pos_tag.coarse_tags = True
2019-02-11 13:21:45,178 - INFO - allennlp.common.params - dataset_reader.lazy = False
2019-02-11 13:21:45,178 - INFO - allennlp.common.from_params - instantiating class <class 'allennlp.data.tokenizers.tokenizer.Tokenizer'> from params {'type': 'word', 'word_splitter': {'ner': True, 'parse': True, 'pos_tags': True, 'type': 'whitespacy'}} and extras {}
2019-02-11 13:21:45,178 - INFO - allennlp.common.params - dataset_reader.mytokenizer.type = word
2019-02-11 13:21:45,179 - INFO - allennlp.common.from_params - instantiating class <class 'allennlp.data.tokenizers.word_tokenizer.WordTokenizer'> from params {'word_splitter': {'ner': True, 'parse': True, 'pos_tags': True, 'type': 'whitespacy'}} and extras {}
2019-02-11 13:21:45,179 - INFO - allennlp.common.from_params - instantiating class <class 'allennlp.data.tokenizers.word_splitter.WordSplitter'> from params {'ner': True, 'parse': True, 'pos_tags': True, 'type': 'whitespacy'} and extras {}
2019-02-11 13:21:45,179 - INFO - allennlp.common.params - dataset_reader.mytokenizer.word_splitter.type = whitespacy
2019-02-11 13:21:45,180 - INFO - allennlp.common.from_params - instantiating class <class 'myallennlp.data.tokenizers.word_splitter.SpacyWordSplitter'> from params {'ner': True, 'parse': True, 'pos_tags': True} and extras {}
2019-02-11 13:21:45,180 - INFO - allennlp.common.params - dataset_reader.mytokenizer.word_splitter.language = en_core_web_sm
2019-02-11 13:21:45,180 - INFO - allennlp.common.params - dataset_reader.mytokenizer.word_splitter.pos_tags = True
2019-02-11 13:21:45,180 - INFO - allennlp.common.params - dataset_reader.mytokenizer.word_splitter.parse = True
2019-02-11 13:21:45,180 - INFO - allennlp.common.params - dataset_reader.mytokenizer.word_splitter.ner = True
2019-02-11 13:21:46,027 - INFO - allennlp.common.params - dataset_reader.mytokenizer.start_tokens = None
2019-02-11 13:21:46,027 - INFO - allennlp.common.params - dataset_reader.mytokenizer.end_tokens = None
2019-02-11 13:21:46,028 - INFO - allennlp.common.params - dataset_reader.use_spacy_directly = False
2019-02-11 13:21:46,028 - INFO - allennlp.common.params - validation_dataset_reader = None
2019-02-11 13:21:46,028 - INFO - allennlp.common.params - train_data_path = ../data/allenTrain.txt
2019-02-11 13:21:46,028 - INFO - allennlp.commands.train - Reading training data from ../data/allenTrain.txt
2019-02-11 13:21:46,029 - INFO - myallennlp.dataset_readers.sequence_tagging2 - Reading instances from lines in file at: ../data/allenTrain.txt
2019-02-11 13:23:43,601 - INFO - allennlp.common.params - validation_data_path = ../data/allenDev.txt
2019-02-11 13:23:43,601 - INFO - allennlp.commands.train - Reading validation data from ../data/allenDev.txt
2019-02-11 13:23:43,606 - INFO - myallennlp.dataset_readers.sequence_tagging2 - Reading instances from lines in file at: ../data/allenDev.txt
2019-02-11 13:24:39,215 - INFO - allennlp.common.params - test_data_path = None
2019-02-11 13:24:39,215 - INFO - allennlp.commands.train - From dataset instances, train, validation will be considered for vocabulary creation.
2019-02-11 13:24:39,215 - INFO - allennlp.common.params - vocabulary.type = None
2019-02-11 13:24:39,216 - INFO - allennlp.common.params - vocabulary.extend = False
2019-02-11 13:24:39,216 - INFO - allennlp.common.params - vocabulary.directory_path = None
2019-02-11 13:24:39,216 - INFO - allennlp.common.params - vocabulary.min_count = None
2019-02-11 13:24:39,216 - INFO - allennlp.common.params - vocabulary.max_vocab_size = None
2019-02-11 13:24:39,216 - INFO - allennlp.common.params - vocabulary.non_padded_namespaces = ('*tags', '*labels')
2019-02-11 13:24:39,216 - INFO - allennlp.common.params - vocabulary.min_pretrained_embeddings = None
2019-02-11 13:24:39,216 - INFO - allennlp.common.params - vocabulary.only_include_pretrained_words = False
2019-02-11 13:24:39,216 - INFO - allennlp.common.params - vocabulary.tokens_to_add = None
2019-02-11 13:24:39,217 - INFO - allennlp.data.vocabulary - Fitting token dictionary from dataset.
2019-02-11 13:24:40,092 - INFO - allennlp.common.from_params - instantiating class <class 'allennlp.models.model.Model'> from params {'Ntags0': 90, 'Ntags1': 10, 'do_crossentropy_weighting': True, 'encoder': {'bidirectional': True, 'dropout': 0.5, 'hidden_size': 54, 'input_size': 54, 'num_layers': 2, 'type': 'lstm'}, 'text_field_embedder': {'token_embedders': {'dependency_label': {'embedding_dim': 20, 'type': 'embedding', 'vocab_namespace': 'dependencies'}, 'ner_tag': {'embedding_dim': 19, 'type': 'embedding', 'vocab_namespace': 'ner'}, 'pos_tag': {'embedding_dim': 15, 'type': 'embedding', 'vocab_namespace': 'pos'}}}, 'type': 'simple_tagger2'} and extras {'vocab': Vocabulary with namespaces:  dependencies, Size: 47 || ner, Size: 21 || pos, Size: 17 || labels, Size: 2 || Non Padded Namespaces: {'*tags', '*labels'}}
2019-02-11 13:24:40,093 - INFO - allennlp.common.params - model.type = simple_tagger2
2019-02-11 13:24:40,093 - INFO - allennlp.common.from_params - instantiating class <class 'myallennlp.models.simple_tagger2.SimpleTagger2'> from params {'Ntags0': 90, 'Ntags1': 10, 'do_crossentropy_weighting': True, 'encoder': {'bidirectional': True, 'dropout': 0.5, 'hidden_size': 54, 'input_size': 54, 'num_layers': 2, 'type': 'lstm'}, 'text_field_embedder': {'token_embedders': {'dependency_label': {'embedding_dim': 20, 'type': 'embedding', 'vocab_namespace': 'dependencies'}, 'ner_tag': {'embedding_dim': 19, 'type': 'embedding', 'vocab_namespace': 'ner'}, 'pos_tag': {'embedding_dim': 15, 'type': 'embedding', 'vocab_namespace': 'pos'}}}} and extras {'vocab': Vocabulary with namespaces:  dependencies, Size: 47 || ner, Size: 21 || pos, Size: 17 || labels, Size: 2 || Non Padded Namespaces: {'*tags', '*labels'}}
2019-02-11 13:24:40,094 - INFO - allennlp.common.from_params - instantiating class <class 'allennlp.modules.text_field_embedders.text_field_embedder.TextFieldEmbedder'> from params {'token_embedders': {'dependency_label': {'embedding_dim': 20, 'type': 'embedding', 'vocab_namespace': 'dependencies'}, 'ner_tag': {'embedding_dim': 19, 'type': 'embedding', 'vocab_namespace': 'ner'}, 'pos_tag': {'embedding_dim': 15, 'type': 'embedding', 'vocab_namespace': 'pos'}}} and extras {'vocab': Vocabulary with namespaces:  dependencies, Size: 47 || ner, Size: 21 || pos, Size: 17 || labels, Size: 2 || Non Padded Namespaces: {'*tags', '*labels'}}
2019-02-11 13:24:40,094 - INFO - allennlp.common.params - model.text_field_embedder.type = basic
2019-02-11 13:24:40,094 - INFO - allennlp.common.params - model.text_field_embedder.embedder_to_indexer_map = None
2019-02-11 13:24:40,094 - INFO - allennlp.common.params - model.text_field_embedder.allow_unmatched_keys = False
2019-02-11 13:24:40,094 - INFO - allennlp.common.from_params - instantiating class <class 'allennlp.modules.token_embedders.token_embedder.TokenEmbedder'> from params {'embedding_dim': 20, 'type': 'embedding', 'vocab_namespace': 'dependencies'} and extras {'vocab': Vocabulary with namespaces:  dependencies, Size: 47 || ner, Size: 21 || pos, Size: 17 || labels, Size: 2 || Non Padded Namespaces: {'*tags', '*labels'}}
2019-02-11 13:24:40,095 - INFO - allennlp.common.params - model.text_field_embedder.token_embedders.dependency_label.type = embedding
2019-02-11 13:24:40,095 - INFO - allennlp.common.params - model.text_field_embedder.token_embedders.dependency_label.num_embeddings = None
2019-02-11 13:24:40,095 - INFO - allennlp.common.params - model.text_field_embedder.token_embedders.dependency_label.vocab_namespace = dependencies
2019-02-11 13:24:40,095 - INFO - allennlp.common.params - model.text_field_embedder.token_embedders.dependency_label.embedding_dim = 20
2019-02-11 13:24:40,095 - INFO - allennlp.common.params - model.text_field_embedder.token_embedders.dependency_label.pretrained_file = None
2019-02-11 13:24:40,095 - INFO - allennlp.common.params - model.text_field_embedder.token_embedders.dependency_label.projection_dim = None
2019-02-11 13:24:40,096 - INFO - allennlp.common.params - model.text_field_embedder.token_embedders.dependency_label.trainable = True
2019-02-11 13:24:40,096 - INFO - allennlp.common.params - model.text_field_embedder.token_embedders.dependency_label.padding_index = None
2019-02-11 13:24:40,096 - INFO - allennlp.common.params - model.text_field_embedder.token_embedders.dependency_label.max_norm = None
2019-02-11 13:24:40,096 - INFO - allennlp.common.params - model.text_field_embedder.token_embedders.dependency_label.norm_type = 2.0
2019-02-11 13:24:40,096 - INFO - allennlp.common.params - model.text_field_embedder.token_embedders.dependency_label.scale_grad_by_freq = False
2019-02-11 13:24:40,096 - INFO - allennlp.common.params - model.text_field_embedder.token_embedders.dependency_label.sparse = False
2019-02-11 13:24:40,140 - INFO - allennlp.common.from_params - instantiating class <class 'allennlp.modules.token_embedders.token_embedder.TokenEmbedder'> from params {'embedding_dim': 19, 'type': 'embedding', 'vocab_namespace': 'ner'} and extras {'vocab': Vocabulary with namespaces:  dependencies, Size: 47 || ner, Size: 21 || pos, Size: 17 || labels, Size: 2 || Non Padded Namespaces: {'*tags', '*labels'}}
2019-02-11 13:24:40,140 - INFO - allennlp.common.params - model.text_field_embedder.token_embedders.ner_tag.type = embedding
2019-02-11 13:24:40,140 - INFO - allennlp.common.params - model.text_field_embedder.token_embedders.ner_tag.num_embeddings = None
2019-02-11 13:24:40,141 - INFO - allennlp.common.params - model.text_field_embedder.token_embedders.ner_tag.vocab_namespace = ner
2019-02-11 13:24:40,141 - INFO - allennlp.common.params - model.text_field_embedder.token_embedders.ner_tag.embedding_dim = 19
2019-02-11 13:24:40,141 - INFO - allennlp.common.params - model.text_field_embedder.token_embedders.ner_tag.pretrained_file = None
2019-02-11 13:24:40,141 - INFO - allennlp.common.params - model.text_field_embedder.token_embedders.ner_tag.projection_dim = None
2019-02-11 13:24:40,141 - INFO - allennlp.common.params - model.text_field_embedder.token_embedders.ner_tag.trainable = True
2019-02-11 13:24:40,141 - INFO - allennlp.common.params - model.text_field_embedder.token_embedders.ner_tag.padding_index = None
2019-02-11 13:24:40,141 - INFO - allennlp.common.params - model.text_field_embedder.token_embedders.ner_tag.max_norm = None
2019-02-11 13:24:40,141 - INFO - allennlp.common.params - model.text_field_embedder.token_embedders.ner_tag.norm_type = 2.0
2019-02-11 13:24:40,142 - INFO - allennlp.common.params - model.text_field_embedder.token_embedders.ner_tag.scale_grad_by_freq = False
2019-02-11 13:24:40,142 - INFO - allennlp.common.params - model.text_field_embedder.token_embedders.ner_tag.sparse = False
2019-02-11 13:24:40,142 - INFO - allennlp.common.from_params - instantiating class <class 'allennlp.modules.token_embedders.token_embedder.TokenEmbedder'> from params {'embedding_dim': 15, 'type': 'embedding', 'vocab_namespace': 'pos'} and extras {'vocab': Vocabulary with namespaces:  dependencies, Size: 47 || ner, Size: 21 || pos, Size: 17 || labels, Size: 2 || Non Padded Namespaces: {'*tags', '*labels'}}
2019-02-11 13:24:40,142 - INFO - allennlp.common.params - model.text_field_embedder.token_embedders.pos_tag.type = embedding
2019-02-11 13:24:40,142 - INFO - allennlp.common.params - model.text_field_embedder.token_embedders.pos_tag.num_embeddings = None
2019-02-11 13:24:40,143 - INFO - allennlp.common.params - model.text_field_embedder.token_embedders.pos_tag.vocab_namespace = pos
2019-02-11 13:24:40,143 - INFO - allennlp.common.params - model.text_field_embedder.token_embedders.pos_tag.embedding_dim = 15
2019-02-11 13:24:40,143 - INFO - allennlp.common.params - model.text_field_embedder.token_embedders.pos_tag.pretrained_file = None
2019-02-11 13:24:40,143 - INFO - allennlp.common.params - model.text_field_embedder.token_embedders.pos_tag.projection_dim = None
2019-02-11 13:24:40,143 - INFO - allennlp.common.params - model.text_field_embedder.token_embedders.pos_tag.trainable = True
2019-02-11 13:24:40,143 - INFO - allennlp.common.params - model.text_field_embedder.token_embedders.pos_tag.padding_index = None
2019-02-11 13:24:40,143 - INFO - allennlp.common.params - model.text_field_embedder.token_embedders.pos_tag.max_norm = None
2019-02-11 13:24:40,144 - INFO - allennlp.common.params - model.text_field_embedder.token_embedders.pos_tag.norm_type = 2.0
2019-02-11 13:24:40,144 - INFO - allennlp.common.params - model.text_field_embedder.token_embedders.pos_tag.scale_grad_by_freq = False
2019-02-11 13:24:40,144 - INFO - allennlp.common.params - model.text_field_embedder.token_embedders.pos_tag.sparse = False
2019-02-11 13:24:40,144 - INFO - allennlp.common.from_params - instantiating class <class 'allennlp.modules.seq2seq_encoders.seq2seq_encoder.Seq2SeqEncoder'> from params {'bidirectional': True, 'dropout': 0.5, 'hidden_size': 54, 'input_size': 54, 'num_layers': 2, 'type': 'lstm'} and extras {'vocab': Vocabulary with namespaces:  dependencies, Size: 47 || ner, Size: 21 || pos, Size: 17 || labels, Size: 2 || Non Padded Namespaces: {'*tags', '*labels'}}
2019-02-11 13:24:40,145 - INFO - allennlp.common.params - model.encoder.type = lstm
2019-02-11 13:24:40,145 - INFO - allennlp.common.params - model.encoder.batch_first = True
2019-02-11 13:24:40,145 - INFO - allennlp.common.params - model.encoder.stateful = False
2019-02-11 13:24:40,145 - INFO - allennlp.common.params - Converting Params object to dict; logging of default values will not occur when dictionary parameters are used subsequently.
2019-02-11 13:24:40,145 - INFO - allennlp.common.params - CURRENTLY DEFINED PARAMETERS: 
2019-02-11 13:24:40,146 - INFO - allennlp.common.params - model.encoder.bidirectional = True
2019-02-11 13:24:40,146 - INFO - allennlp.common.params - model.encoder.dropout = 0.5
2019-02-11 13:24:40,146 - INFO - allennlp.common.params - model.encoder.hidden_size = 54
2019-02-11 13:24:40,146 - INFO - allennlp.common.params - model.encoder.input_size = 54
2019-02-11 13:24:40,146 - INFO - allennlp.common.params - model.encoder.num_layers = 2
2019-02-11 13:24:40,146 - INFO - allennlp.common.params - model.encoder.batch_first = True
2019-02-11 13:24:40,149 - INFO - allennlp.common.params - model.do_crossentropy_weighting = True
2019-02-11 13:24:40,149 - INFO - allennlp.common.params - model.Ntags0 = 90
2019-02-11 13:24:40,150 - INFO - allennlp.common.params - model.Ntags1 = 10
2019-02-11 13:24:40,150 - INFO - allennlp.nn.initializers - Initializing parameters
2019-02-11 13:24:40,150 - INFO - allennlp.nn.initializers - Done initializing parameters; the following parameters are using their default initialization from their code
2019-02-11 13:24:40,150 - INFO - allennlp.nn.initializers -    encoder._module.bias_hh_l0
2019-02-11 13:24:40,151 - INFO - allennlp.nn.initializers -    encoder._module.bias_hh_l0_reverse
2019-02-11 13:24:40,151 - INFO - allennlp.nn.initializers -    encoder._module.bias_hh_l1
2019-02-11 13:24:40,151 - INFO - allennlp.nn.initializers -    encoder._module.bias_hh_l1_reverse
2019-02-11 13:24:40,151 - INFO - allennlp.nn.initializers -    encoder._module.bias_ih_l0
2019-02-11 13:24:40,151 - INFO - allennlp.nn.initializers -    encoder._module.bias_ih_l0_reverse
2019-02-11 13:24:40,151 - INFO - allennlp.nn.initializers -    encoder._module.bias_ih_l1
2019-02-11 13:24:40,151 - INFO - allennlp.nn.initializers -    encoder._module.bias_ih_l1_reverse
2019-02-11 13:24:40,152 - INFO - allennlp.nn.initializers -    encoder._module.weight_hh_l0
2019-02-11 13:24:40,152 - INFO - allennlp.nn.initializers -    encoder._module.weight_hh_l0_reverse
2019-02-11 13:24:40,152 - INFO - allennlp.nn.initializers -    encoder._module.weight_hh_l1
2019-02-11 13:24:40,152 - INFO - allennlp.nn.initializers -    encoder._module.weight_hh_l1_reverse
2019-02-11 13:24:40,152 - INFO - allennlp.nn.initializers -    encoder._module.weight_ih_l0
2019-02-11 13:24:40,152 - INFO - allennlp.nn.initializers -    encoder._module.weight_ih_l0_reverse
2019-02-11 13:24:40,152 - INFO - allennlp.nn.initializers -    encoder._module.weight_ih_l1
2019-02-11 13:24:40,153 - INFO - allennlp.nn.initializers -    encoder._module.weight_ih_l1_reverse
2019-02-11 13:24:40,153 - INFO - allennlp.nn.initializers -    tag_projection_layer._module.bias
2019-02-11 13:24:40,153 - INFO - allennlp.nn.initializers -    tag_projection_layer._module.weight
2019-02-11 13:24:40,153 - INFO - allennlp.nn.initializers -    text_field_embedder.token_embedder_dependency_label.weight
2019-02-11 13:24:40,153 - INFO - allennlp.nn.initializers -    text_field_embedder.token_embedder_ner_tag.weight
2019-02-11 13:24:40,153 - INFO - allennlp.nn.initializers -    text_field_embedder.token_embedder_pos_tag.weight
2019-02-11 13:24:40,154 - INFO - allennlp.common.from_params - instantiating class <class 'allennlp.data.iterators.data_iterator.DataIterator'> from params {'batch_size': 32, 'type': 'basic'} and extras {}
2019-02-11 13:24:40,155 - INFO - allennlp.common.params - iterator.type = basic
2019-02-11 13:24:40,155 - INFO - allennlp.common.from_params - instantiating class <class 'allennlp.data.iterators.basic_iterator.BasicIterator'> from params {'batch_size': 32} and extras {}
2019-02-11 13:24:40,155 - INFO - allennlp.common.params - iterator.batch_size = 32
2019-02-11 13:24:40,155 - INFO - allennlp.common.params - iterator.instances_per_epoch = None
2019-02-11 13:24:40,155 - INFO - allennlp.common.params - iterator.max_instances_in_memory = None
2019-02-11 13:24:40,156 - INFO - allennlp.common.params - iterator.cache_instances = False
2019-02-11 13:24:40,156 - INFO - allennlp.common.params - iterator.track_epoch = False
2019-02-11 13:24:40,156 - INFO - allennlp.common.params - iterator.maximum_samples_per_batch = None
2019-02-11 13:24:40,156 - INFO - allennlp.common.params - validation_iterator = None
2019-02-11 13:24:40,156 - INFO - allennlp.common.params - trainer.no_grad = ()
2019-02-11 13:24:40,157 - INFO - allennlp.commands.train - Following parameters are Frozen  (without gradient):
2019-02-11 13:24:40,157 - INFO - allennlp.commands.train - Following parameters are Tunable (with gradient):
2019-02-11 13:24:40,157 - INFO - allennlp.commands.train - text_field_embedder.token_embedder_dependency_label.weight
2019-02-11 13:24:40,157 - INFO - allennlp.commands.train - text_field_embedder.token_embedder_ner_tag.weight
2019-02-11 13:24:40,157 - INFO - allennlp.commands.train - text_field_embedder.token_embedder_pos_tag.weight
2019-02-11 13:24:40,157 - INFO - allennlp.commands.train - encoder._module.weight_ih_l0
2019-02-11 13:24:40,157 - INFO - allennlp.commands.train - encoder._module.weight_hh_l0
2019-02-11 13:24:40,157 - INFO - allennlp.commands.train - encoder._module.bias_ih_l0
2019-02-11 13:24:40,158 - INFO - allennlp.commands.train - encoder._module.bias_hh_l0
2019-02-11 13:24:40,158 - INFO - allennlp.commands.train - encoder._module.weight_ih_l0_reverse
2019-02-11 13:24:40,158 - INFO - allennlp.commands.train - encoder._module.weight_hh_l0_reverse
2019-02-11 13:24:40,158 - INFO - allennlp.commands.train - encoder._module.bias_ih_l0_reverse
2019-02-11 13:24:40,158 - INFO - allennlp.commands.train - encoder._module.bias_hh_l0_reverse
2019-02-11 13:24:40,158 - INFO - allennlp.commands.train - encoder._module.weight_ih_l1
2019-02-11 13:24:40,158 - INFO - allennlp.commands.train - encoder._module.weight_hh_l1
2019-02-11 13:24:40,158 - INFO - allennlp.commands.train - encoder._module.bias_ih_l1
2019-02-11 13:24:40,159 - INFO - allennlp.commands.train - encoder._module.bias_hh_l1
2019-02-11 13:24:40,159 - INFO - allennlp.commands.train - encoder._module.weight_ih_l1_reverse
2019-02-11 13:24:40,159 - INFO - allennlp.commands.train - encoder._module.weight_hh_l1_reverse
2019-02-11 13:24:40,159 - INFO - allennlp.commands.train - encoder._module.bias_ih_l1_reverse
2019-02-11 13:24:40,159 - INFO - allennlp.commands.train - encoder._module.bias_hh_l1_reverse
2019-02-11 13:24:40,159 - INFO - allennlp.commands.train - tag_projection_layer._module.weight
2019-02-11 13:24:40,159 - INFO - allennlp.commands.train - tag_projection_layer._module.bias
2019-02-11 13:24:40,159 - INFO - allennlp.common.params - trainer.type = default
2019-02-11 13:24:40,160 - INFO - allennlp.common.params - trainer.patience = 5
2019-02-11 13:24:40,160 - INFO - allennlp.common.params - trainer.validation_metric = -loss
2019-02-11 13:24:40,160 - INFO - allennlp.common.params - trainer.shuffle = True
2019-02-11 13:24:40,160 - INFO - allennlp.common.params - trainer.num_epochs = 40
2019-02-11 13:24:40,160 - INFO - allennlp.common.params - trainer.cuda_device = 0
2019-02-11 13:24:40,160 - INFO - allennlp.common.params - trainer.grad_norm = None
2019-02-11 13:24:40,160 - INFO - allennlp.common.params - trainer.grad_clipping = None
2019-02-11 13:24:40,160 - INFO - allennlp.common.params - trainer.learning_rate_scheduler = None
2019-02-11 13:24:46,247 - INFO - allennlp.common.params - trainer.optimizer = adam
2019-02-11 13:24:46,247 - INFO - allennlp.common.params - parameter_groups = None
2019-02-11 13:24:46,247 - INFO - allennlp.training.optimizers - Number of trainable parameters: 120180
2019-02-11 13:24:46,248 - INFO - allennlp.common.params - Converting Params object to dict; logging of default values will not occur when dictionary parameters are used subsequently.
2019-02-11 13:24:46,248 - INFO - allennlp.common.params - CURRENTLY DEFINED PARAMETERS: 
2019-02-11 13:24:46,249 - INFO - allennlp.common.params - trainer.num_serialized_models_to_keep = 20
2019-02-11 13:24:46,249 - INFO - allennlp.common.params - trainer.keep_serialized_model_every_num_seconds = None
2019-02-11 13:24:46,249 - INFO - allennlp.common.params - trainer.model_save_interval = None
2019-02-11 13:24:46,249 - INFO - allennlp.common.params - trainer.summary_interval = 100
2019-02-11 13:24:46,249 - INFO - allennlp.common.params - trainer.histogram_interval = None
2019-02-11 13:24:46,249 - INFO - allennlp.common.params - trainer.should_log_parameter_statistics = True
2019-02-11 13:24:46,249 - INFO - allennlp.common.params - trainer.should_log_learning_rate = False
2019-02-11 13:24:46,249 - INFO - allennlp.common.params - trainer.log_batch_size_period = None
2019-02-11 13:24:46,253 - INFO - allennlp.common.params - evaluate_on_test = False
2019-02-11 13:24:46,253 - INFO - allennlp.training.trainer - Beginning training.
2019-02-11 13:24:46,253 - INFO - allennlp.training.trainer - Epoch 0/39
2019-02-11 13:24:46,253 - INFO - allennlp.training.trainer - Peak CPU memory usage MB: 2628.592
2019-02-11 13:24:46,340 - INFO - allennlp.training.trainer - GPU 0 memory usage MB: 543
2019-02-11 13:24:46,341 - INFO - allennlp.training.trainer - Training
2019-02-11 13:25:15,546 - INFO - allennlp.training.trainer - Validating
2019-02-11 13:25:20,534 - INFO - allennlp.training.trainer -                     Training |  Validation
2019-02-11 13:25:20,535 - INFO - allennlp.training.trainer - gpu_0_memory_MB |   543.000  |       N/A
2019-02-11 13:25:20,535 - INFO - allennlp.training.trainer - loss            |     0.455  |     0.460
2019-02-11 13:25:20,535 - INFO - allennlp.training.trainer - cpu_memory_MB   |  2628.592  |       N/A
2019-02-11 13:25:20,535 - INFO - allennlp.training.trainer - accuracy        |     0.884  |     0.847
2019-02-11 13:25:20,535 - INFO - allennlp.training.trainer - accuracy3       |     1.000  |     1.000
2019-02-11 13:25:20,544 - INFO - allennlp.training.trainer - Best validation performance so far. Copying weights to './model_params/best.th'.
2019-02-11 13:25:20,545 - INFO - allennlp.training.trainer - Epoch duration: 00:00:34
2019-02-11 13:25:20,545 - INFO - allennlp.training.trainer - Estimated training time remaining: 0:22:17
2019-02-11 13:25:20,545 - INFO - allennlp.training.trainer - Epoch 1/39
2019-02-11 13:25:20,545 - INFO - allennlp.training.trainer - Peak CPU memory usage MB: 2655.492
2019-02-11 13:25:20,621 - INFO - allennlp.training.trainer - GPU 0 memory usage MB: 697
2019-02-11 13:25:20,622 - INFO - allennlp.training.trainer - Training
2019-02-11 13:25:47,155 - INFO - allennlp.training.trainer - Validating
2019-02-11 13:25:51,538 - INFO - allennlp.training.trainer -                     Training |  Validation
2019-02-11 13:25:51,539 - INFO - allennlp.training.trainer - gpu_0_memory_MB |   697.000  |       N/A
2019-02-11 13:25:51,539 - INFO - allennlp.training.trainer - loss            |     0.374  |     0.461
2019-02-11 13:25:51,540 - INFO - allennlp.training.trainer - cpu_memory_MB   |  2655.492  |       N/A
2019-02-11 13:25:51,540 - INFO - allennlp.training.trainer - accuracy        |     0.877  |     0.880
2019-02-11 13:25:51,540 - INFO - allennlp.training.trainer - accuracy3       |     1.000  |     1.000
2019-02-11 13:25:51,548 - INFO - allennlp.training.trainer - Epoch duration: 00:00:31
2019-02-11 13:25:51,549 - INFO - allennlp.training.trainer - Estimated training time remaining: 0:20:40
2019-02-11 13:25:51,549 - INFO - allennlp.training.trainer - Epoch 2/39
2019-02-11 13:25:51,549 - INFO - allennlp.training.trainer - Peak CPU memory usage MB: 2655.54
2019-02-11 13:25:51,621 - INFO - allennlp.training.trainer - GPU 0 memory usage MB: 697
2019-02-11 13:25:51,622 - INFO - allennlp.training.trainer - Training
2019-02-11 13:26:14,327 - INFO - allennlp.training.trainer - Validating
2019-02-11 13:26:18,565 - INFO - allennlp.training.trainer -                     Training |  Validation
2019-02-11 13:26:18,566 - INFO - allennlp.training.trainer - gpu_0_memory_MB |   697.000  |       N/A
2019-02-11 13:26:18,566 - INFO - allennlp.training.trainer - loss            |     0.367  |     0.453
2019-02-11 13:26:18,566 - INFO - allennlp.training.trainer - cpu_memory_MB   |  2655.540  |       N/A
2019-02-11 13:26:18,566 - INFO - allennlp.training.trainer - accuracy        |     0.885  |     0.885
2019-02-11 13:26:18,567 - INFO - allennlp.training.trainer - accuracy3       |     1.000  |     1.000
2019-02-11 13:26:18,574 - INFO - allennlp.training.trainer - Best validation performance so far. Copying weights to './model_params/best.th'.
2019-02-11 13:26:18,576 - INFO - allennlp.training.trainer - Epoch duration: 00:00:27
2019-02-11 13:26:18,576 - INFO - allennlp.training.trainer - Estimated training time remaining: 0:18:58
2019-02-11 13:26:18,576 - INFO - allennlp.training.trainer - Epoch 3/39
2019-02-11 13:26:18,577 - INFO - allennlp.training.trainer - Peak CPU memory usage MB: 2655.612
2019-02-11 13:26:18,656 - INFO - allennlp.training.trainer - GPU 0 memory usage MB: 709
2019-02-11 13:26:18,656 - INFO - allennlp.training.trainer - Training
2019-02-11 13:26:41,015 - INFO - allennlp.training.trainer - Validating
2019-02-11 13:26:45,249 - INFO - allennlp.training.trainer -                     Training |  Validation
2019-02-11 13:26:45,250 - INFO - allennlp.training.trainer - gpu_0_memory_MB |   709.000  |       N/A
2019-02-11 13:26:45,250 - INFO - allennlp.training.trainer - loss            |     0.362  |     0.446
2019-02-11 13:26:45,251 - INFO - allennlp.training.trainer - cpu_memory_MB   |  2655.612  |       N/A
2019-02-11 13:26:45,251 - INFO - allennlp.training.trainer - accuracy        |     0.886  |     0.884
2019-02-11 13:26:45,251 - INFO - allennlp.training.trainer - accuracy3       |     1.000  |     1.000
2019-02-11 13:26:45,259 - INFO - allennlp.training.trainer - Best validation performance so far. Copying weights to './model_params/best.th'.
2019-02-11 13:26:45,260 - INFO - allennlp.training.trainer - Epoch duration: 00:00:26
2019-02-11 13:26:45,260 - INFO - allennlp.training.trainer - Estimated training time remaining: 0:17:51
2019-02-11 13:26:45,261 - INFO - allennlp.training.trainer - Epoch 4/39
2019-02-11 13:26:45,261 - INFO - allennlp.training.trainer - Peak CPU memory usage MB: 2655.76
2019-02-11 13:26:45,348 - INFO - allennlp.training.trainer - GPU 0 memory usage MB: 722
2019-02-11 13:26:45,349 - INFO - allennlp.training.trainer - Training
2019-02-11 13:27:07,660 - INFO - allennlp.training.trainer - Validating
2019-02-11 13:27:11,814 - INFO - allennlp.training.trainer -                     Training |  Validation
2019-02-11 13:27:11,815 - INFO - allennlp.training.trainer - gpu_0_memory_MB |   722.000  |       N/A
2019-02-11 13:27:11,815 - INFO - allennlp.training.trainer - loss            |     0.359  |     0.458
2019-02-11 13:27:11,815 - INFO - allennlp.training.trainer - cpu_memory_MB   |  2655.760  |       N/A
2019-02-11 13:27:11,815 - INFO - allennlp.training.trainer - accuracy        |     0.888  |     0.890
2019-02-11 13:27:11,816 - INFO - allennlp.training.trainer - accuracy3       |     1.000  |     1.000
2019-02-11 13:27:11,823 - INFO - allennlp.training.trainer - Epoch duration: 00:00:26
2019-02-11 13:27:11,823 - INFO - allennlp.training.trainer - Estimated training time remaining: 0:16:58
2019-02-11 13:27:11,824 - INFO - allennlp.training.trainer - Epoch 5/39
2019-02-11 13:27:11,824 - INFO - allennlp.training.trainer - Peak CPU memory usage MB: 2655.768
2019-02-11 13:27:11,904 - INFO - allennlp.training.trainer - GPU 0 memory usage MB: 722
2019-02-11 13:27:11,904 - INFO - allennlp.training.trainer - Training
2019-02-11 13:27:32,878 - INFO - allennlp.training.trainer - Validating
2019-02-11 13:27:36,881 - INFO - allennlp.training.trainer -                     Training |  Validation
2019-02-11 13:27:36,882 - INFO - allennlp.training.trainer - gpu_0_memory_MB |   722.000  |       N/A
2019-02-11 13:27:36,883 - INFO - allennlp.training.trainer - loss            |     0.357  |     0.445
2019-02-11 13:27:36,883 - INFO - allennlp.training.trainer - cpu_memory_MB   |  2655.768  |       N/A
2019-02-11 13:27:36,883 - INFO - allennlp.training.trainer - accuracy        |     0.889  |     0.862
2019-02-11 13:27:36,883 - INFO - allennlp.training.trainer - accuracy3       |     1.000  |     1.000
2019-02-11 13:27:36,892 - INFO - allennlp.training.trainer - Best validation performance so far. Copying weights to './model_params/best.th'.
2019-02-11 13:27:36,894 - INFO - allennlp.training.trainer - Epoch duration: 00:00:25
2019-02-11 13:27:36,895 - INFO - allennlp.training.trainer - Estimated training time remaining: 0:16:06
2019-02-11 13:27:36,895 - INFO - allennlp.training.trainer - Epoch 6/39
2019-02-11 13:27:36,895 - INFO - allennlp.training.trainer - Peak CPU memory usage MB: 2655.768
2019-02-11 13:27:36,973 - INFO - allennlp.training.trainer - GPU 0 memory usage MB: 722
2019-02-11 13:27:36,974 - INFO - allennlp.training.trainer - Training
2019-02-11 13:27:58,124 - INFO - allennlp.training.trainer - Validating
2019-02-11 13:28:02,134 - INFO - allennlp.training.trainer -                     Training |  Validation
2019-02-11 13:28:02,135 - INFO - allennlp.training.trainer - gpu_0_memory_MB |   722.000  |       N/A
2019-02-11 13:28:02,136 - INFO - allennlp.training.trainer - loss            |     0.354  |     0.447
2019-02-11 13:28:02,136 - INFO - allennlp.training.trainer - cpu_memory_MB   |  2655.768  |       N/A
2019-02-11 13:28:02,136 - INFO - allennlp.training.trainer - accuracy        |     0.889  |     0.873
2019-02-11 13:28:02,136 - INFO - allennlp.training.trainer - accuracy3       |     1.000  |     1.000
2019-02-11 13:28:02,144 - INFO - allennlp.training.trainer - Epoch duration: 00:00:25
2019-02-11 13:28:02,144 - INFO - allennlp.training.trainer - Estimated training time remaining: 0:15:23
2019-02-11 13:28:02,144 - INFO - allennlp.training.trainer - Epoch 7/39
2019-02-11 13:28:02,144 - INFO - allennlp.training.trainer - Peak CPU memory usage MB: 2655.768
2019-02-11 13:28:02,225 - INFO - allennlp.training.trainer - GPU 0 memory usage MB: 722
2019-02-11 13:28:02,226 - INFO - allennlp.training.trainer - Training
2019-02-11 13:28:22,352 - INFO - allennlp.training.trainer - Validating
2019-02-11 13:28:26,379 - INFO - allennlp.training.trainer -                     Training |  Validation
2019-02-11 13:28:26,381 - INFO - allennlp.training.trainer - gpu_0_memory_MB |   722.000  |       N/A
2019-02-11 13:28:26,381 - INFO - allennlp.training.trainer - loss            |     0.352  |     0.452
2019-02-11 13:28:26,381 - INFO - allennlp.training.trainer - cpu_memory_MB   |  2655.768  |       N/A
2019-02-11 13:28:26,381 - INFO - allennlp.training.trainer - accuracy        |     0.891  |     0.875
2019-02-11 13:28:26,381 - INFO - allennlp.training.trainer - accuracy3       |     1.000  |     1.000
2019-02-11 13:28:26,389 - INFO - allennlp.training.trainer - Epoch duration: 00:00:24
2019-02-11 13:28:26,390 - INFO - allennlp.training.trainer - Estimated training time remaining: 0:14:40
2019-02-11 13:28:26,390 - INFO - allennlp.training.trainer - Epoch 8/39
2019-02-11 13:28:26,390 - INFO - allennlp.training.trainer - Peak CPU memory usage MB: 2655.772
2019-02-11 13:28:26,465 - INFO - allennlp.training.trainer - GPU 0 memory usage MB: 722
2019-02-11 13:28:26,465 - INFO - allennlp.training.trainer - Training
2019-02-11 13:28:43,552 - INFO - allennlp.training.trainer - Validating
2019-02-11 13:28:45,711 - INFO - allennlp.training.trainer -                     Training |  Validation
2019-02-11 13:28:45,711 - INFO - allennlp.training.trainer - gpu_0_memory_MB |   722.000  |       N/A
2019-02-11 13:28:45,712 - INFO - allennlp.training.trainer - loss            |     0.349  |     0.447
2019-02-11 13:28:45,712 - INFO - allennlp.training.trainer - cpu_memory_MB   |  2655.772  |       N/A
2019-02-11 13:28:45,712 - INFO - allennlp.training.trainer - accuracy        |     0.891  |     0.881
2019-02-11 13:28:45,713 - INFO - allennlp.training.trainer - accuracy3       |     1.000  |     1.000
2019-02-11 13:28:45,721 - INFO - allennlp.training.trainer - Epoch duration: 00:00:19
2019-02-11 13:28:45,721 - INFO - allennlp.training.trainer - Estimated training time remaining: 0:13:44
2019-02-11 13:28:45,721 - INFO - allennlp.training.trainer - Epoch 9/39
2019-02-11 13:28:45,721 - INFO - allennlp.training.trainer - Peak CPU memory usage MB: 2655.772
2019-02-11 13:28:45,787 - INFO - allennlp.training.trainer - GPU 0 memory usage MB: 359
2019-02-11 13:28:45,787 - INFO - allennlp.training.trainer - Training
2019-02-11 13:29:03,166 - INFO - allennlp.training.trainer - Validating
2019-02-11 13:29:07,426 - INFO - allennlp.training.trainer -                     Training |  Validation
2019-02-11 13:29:07,427 - INFO - allennlp.training.trainer - gpu_0_memory_MB |   359.000  |       N/A
2019-02-11 13:29:07,428 - INFO - allennlp.training.trainer - loss            |     0.347  |     0.441
2019-02-11 13:29:07,428 - INFO - allennlp.training.trainer - cpu_memory_MB   |  2655.772  |       N/A
2019-02-11 13:29:07,428 - INFO - allennlp.training.trainer - accuracy        |     0.892  |     0.855
2019-02-11 13:29:07,429 - INFO - allennlp.training.trainer - accuracy3       |     1.000  |     1.000
2019-02-11 13:29:07,445 - INFO - allennlp.training.trainer - Best validation performance so far. Copying weights to './model_params/best.th'.
2019-02-11 13:29:07,450 - INFO - allennlp.training.trainer - Epoch duration: 00:00:21
2019-02-11 13:29:07,452 - INFO - allennlp.training.trainer - Estimated training time remaining: 0:13:03
2019-02-11 13:29:07,452 - INFO - allennlp.training.trainer - Epoch 10/39
2019-02-11 13:29:07,453 - INFO - allennlp.training.trainer - Peak CPU memory usage MB: 2655.792
2019-02-11 13:29:07,615 - INFO - allennlp.training.trainer - GPU 0 memory usage MB: 422
2019-02-11 13:29:07,616 - INFO - allennlp.training.trainer - Training
2019-02-11 13:29:26,290 - INFO - allennlp.training.trainer - Validating
2019-02-11 13:29:30,007 - INFO - allennlp.training.trainer -                     Training |  Validation
2019-02-11 13:29:30,007 - INFO - allennlp.training.trainer - gpu_0_memory_MB |   422.000  |       N/A
2019-02-11 13:29:30,008 - INFO - allennlp.training.trainer - loss            |     0.347  |     0.443
2019-02-11 13:29:30,008 - INFO - allennlp.training.trainer - cpu_memory_MB   |  2655.792  |       N/A
2019-02-11 13:29:30,008 - INFO - allennlp.training.trainer - accuracy        |     0.892  |     0.875
2019-02-11 13:29:30,009 - INFO - allennlp.training.trainer - accuracy3       |     1.000  |     1.000
2019-02-11 13:29:30,022 - INFO - allennlp.training.trainer - Epoch duration: 00:00:22
2019-02-11 13:29:30,023 - INFO - allennlp.training.trainer - Estimated training time remaining: 0:12:28
2019-02-11 13:29:30,023 - INFO - allennlp.training.trainer - Epoch 11/39
2019-02-11 13:29:30,023 - INFO - allennlp.training.trainer - Peak CPU memory usage MB: 2655.8
2019-02-11 13:29:30,172 - INFO - allennlp.training.trainer - GPU 0 memory usage MB: 422
2019-02-11 13:29:30,172 - INFO - allennlp.training.trainer - Training
2019-02-11 13:29:48,772 - INFO - allennlp.training.trainer - Validating
2019-02-11 13:29:52,430 - INFO - allennlp.training.trainer -                     Training |  Validation
2019-02-11 13:29:52,431 - INFO - allennlp.training.trainer - gpu_0_memory_MB |   422.000  |       N/A
2019-02-11 13:29:52,431 - INFO - allennlp.training.trainer - loss            |     0.344  |     0.458
2019-02-11 13:29:52,432 - INFO - allennlp.training.trainer - cpu_memory_MB   |  2655.800  |       N/A
2019-02-11 13:29:52,432 - INFO - allennlp.training.trainer - accuracy        |     0.893  |     0.885
2019-02-11 13:29:52,432 - INFO - allennlp.training.trainer - accuracy3       |     1.000  |     1.000
2019-02-11 13:29:52,447 - INFO - allennlp.training.trainer - Epoch duration: 00:00:22
2019-02-11 13:29:52,449 - INFO - allennlp.training.trainer - Estimated training time remaining: 0:11:54
2019-02-11 13:29:52,449 - INFO - allennlp.training.trainer - Epoch 12/39
2019-02-11 13:29:52,450 - INFO - allennlp.training.trainer - Peak CPU memory usage MB: 2655.808
2019-02-11 13:29:52,588 - INFO - allennlp.training.trainer - GPU 0 memory usage MB: 422
2019-02-11 13:29:52,589 - INFO - allennlp.training.trainer - Training
2019-02-11 13:30:11,265 - INFO - allennlp.training.trainer - Validating
2019-02-11 13:30:15,681 - INFO - allennlp.training.trainer -                     Training |  Validation
2019-02-11 13:30:15,682 - INFO - allennlp.training.trainer - gpu_0_memory_MB |   422.000  |       N/A
2019-02-11 13:30:15,682 - INFO - allennlp.training.trainer - loss            |     0.342  |     0.442
2019-02-11 13:30:15,682 - INFO - allennlp.training.trainer - cpu_memory_MB   |  2655.808  |       N/A
2019-02-11 13:30:15,682 - INFO - allennlp.training.trainer - accuracy        |     0.892  |     0.860
2019-02-11 13:30:15,682 - INFO - allennlp.training.trainer - accuracy3       |     1.000  |     1.000
2019-02-11 13:30:15,691 - INFO - allennlp.training.trainer - Epoch duration: 00:00:23
2019-02-11 13:30:15,692 - INFO - allennlp.training.trainer - Estimated training time remaining: 0:11:24
2019-02-11 13:30:15,692 - INFO - allennlp.training.trainer - Epoch 13/39
2019-02-11 13:30:15,692 - INFO - allennlp.training.trainer - Peak CPU memory usage MB: 2655.808
2019-02-11 13:30:15,789 - INFO - allennlp.training.trainer - GPU 0 memory usage MB: 422
2019-02-11 13:30:15,790 - INFO - allennlp.training.trainer - Training
2019-02-11 13:30:33,961 - INFO - allennlp.training.trainer - Validating
2019-02-11 13:30:37,805 - INFO - allennlp.training.trainer -                     Training |  Validation
2019-02-11 13:30:37,806 - INFO - allennlp.training.trainer - gpu_0_memory_MB |   422.000  |       N/A
2019-02-11 13:30:37,807 - INFO - allennlp.training.trainer - loss            |     0.340  |     0.450
2019-02-11 13:30:37,808 - INFO - allennlp.training.trainer - cpu_memory_MB   |  2655.808  |       N/A
2019-02-11 13:30:37,808 - INFO - allennlp.training.trainer - accuracy        |     0.892  |     0.888
2019-02-11 13:30:37,808 - INFO - allennlp.training.trainer - accuracy3       |     1.000  |     1.000
2019-02-11 13:30:37,819 - INFO - allennlp.training.trainer - Epoch duration: 00:00:22
2019-02-11 13:30:37,819 - INFO - allennlp.training.trainer - Estimated training time remaining: 0:10:52
2019-02-11 13:30:37,820 - INFO - allennlp.training.trainer - Epoch 14/39
2019-02-11 13:30:37,820 - INFO - allennlp.training.trainer - Peak CPU memory usage MB: 2655.808
2019-02-11 13:30:37,967 - INFO - allennlp.training.trainer - GPU 0 memory usage MB: 422
2019-02-11 13:30:37,968 - INFO - allennlp.training.trainer - Training
2019-02-11 13:30:57,251 - INFO - allennlp.training.trainer - Validating
2019-02-11 13:31:01,094 - INFO - allennlp.training.trainer - Ran out of patience.  Stopping training.
2019-02-11 13:31:01,095 - INFO - allennlp.models.archival - archiving weights and vocabulary to ./model_params/model.tar.gz
2019-02-11 13:31:01,139 - INFO - allennlp.commands.train - Loading the best epoch weights.
2019-02-11 13:31:01,144 - INFO - allennlp.common.util - Metrics: {
  "peak_cpu_memory_MB": 2655.808,
  "peak_gpu_0_memory_MB": 722,
  "training_duration": "00:05:51",
  "training_start_epoch": 0,
  "training_epochs": 13,
  "epoch": 13,
  "training_accuracy": 0.8922260952277749,
  "training_accuracy3": 1.0,
  "training_loss": 0.33978219638052193,
  "training_cpu_memory_MB": 2655.808,
  "training_gpu_0_memory_MB": 422,
  "validation_accuracy": 0.88764843194966,
  "validation_accuracy3": 1.0,
  "validation_loss": 0.4504872317216834,
  "best_epoch": 9,
  "best_validation_accuracy": 0.8551710139043947,
  "best_validation_accuracy3": 1.0,
  "best_validation_loss": 0.44077105029505126
}
Token batch process time:
116.86610817909241
Token batch process time:
55.04335117340088
