2019-02-11 13:28:50,184 - INFO - allennlp.common.from_params - instantiating class <class 'allennlp.data.dataset_readers.dataset_reader.DatasetReader'> from params {'mytokenizer': {'type': 'word', 'word_splitter': {'ner': True, 'parse': True, 'pos_tags': True, 'type': 'whitespacy'}}, 'token_indexers': {'dependency_label': {'namespace': 'dependencies', 'type': 'dependency_label'}, 'ner_tag': {'namespace': 'ner', 'type': 'ner_tag'}, 'pos_tag': {'coarse_tags': True, 'namespace': 'pos', 'type': 'pos_tag'}, 'tokens': {'lowercase_tokens': True, 'type': 'single_id'}}, 'type': 'sequence_tagging2', 'word_tag_delimiter': '//'} and extras {}
2019-02-11 13:28:50,184 - INFO - allennlp.common.params - dataset_reader.type = sequence_tagging2
2019-02-11 13:28:50,185 - INFO - allennlp.common.from_params - instantiating class <class 'myallennlp.dataset_readers.sequence_tagging2.SequenceTaggingDatasetReader'> from params {'mytokenizer': {'type': 'word', 'word_splitter': {'ner': True, 'parse': True, 'pos_tags': True, 'type': 'whitespacy'}}, 'token_indexers': {'dependency_label': {'namespace': 'dependencies', 'type': 'dependency_label'}, 'ner_tag': {'namespace': 'ner', 'type': 'ner_tag'}, 'pos_tag': {'coarse_tags': True, 'namespace': 'pos', 'type': 'pos_tag'}, 'tokens': {'lowercase_tokens': True, 'type': 'single_id'}}, 'word_tag_delimiter': '//'} and extras {}
2019-02-11 13:28:50,185 - INFO - allennlp.common.params - dataset_reader.word_tag_delimiter = //
2019-02-11 13:28:50,185 - INFO - allennlp.common.params - dataset_reader.token_delimiter = None
2019-02-11 13:28:50,185 - INFO - allennlp.common.from_params - instantiating class allennlp.data.token_indexers.token_indexer.TokenIndexer from params {'namespace': 'dependencies', 'type': 'dependency_label'} and extras {}
2019-02-11 13:28:50,186 - INFO - allennlp.common.params - dataset_reader.token_indexers.dependency_label.type = dependency_label
2019-02-11 13:28:50,186 - INFO - allennlp.common.from_params - instantiating class allennlp.data.token_indexers.dep_label_indexer.DepLabelIndexer from params {'namespace': 'dependencies'} and extras {}
2019-02-11 13:28:50,186 - INFO - allennlp.common.params - dataset_reader.token_indexers.dependency_label.namespace = dependencies
2019-02-11 13:28:50,186 - INFO - allennlp.common.from_params - instantiating class allennlp.data.token_indexers.token_indexer.TokenIndexer from params {'namespace': 'ner', 'type': 'ner_tag'} and extras {}
2019-02-11 13:28:50,187 - INFO - allennlp.common.params - dataset_reader.token_indexers.ner_tag.type = ner_tag
2019-02-11 13:28:50,187 - INFO - allennlp.common.from_params - instantiating class allennlp.data.token_indexers.ner_tag_indexer.NerTagIndexer from params {'namespace': 'ner'} and extras {}
2019-02-11 13:28:50,187 - INFO - allennlp.common.params - dataset_reader.token_indexers.ner_tag.namespace = ner
2019-02-11 13:28:50,187 - INFO - allennlp.common.from_params - instantiating class allennlp.data.token_indexers.token_indexer.TokenIndexer from params {'coarse_tags': True, 'namespace': 'pos', 'type': 'pos_tag'} and extras {}
2019-02-11 13:28:50,187 - INFO - allennlp.common.params - dataset_reader.token_indexers.pos_tag.type = pos_tag
2019-02-11 13:28:50,187 - INFO - allennlp.common.from_params - instantiating class allennlp.data.token_indexers.pos_tag_indexer.PosTagIndexer from params {'coarse_tags': True, 'namespace': 'pos'} and extras {}
2019-02-11 13:28:50,188 - INFO - allennlp.common.params - dataset_reader.token_indexers.pos_tag.namespace = pos
2019-02-11 13:28:50,188 - INFO - allennlp.common.params - dataset_reader.token_indexers.pos_tag.coarse_tags = True
2019-02-11 13:28:50,188 - INFO - allennlp.common.from_params - instantiating class allennlp.data.token_indexers.token_indexer.TokenIndexer from params {'lowercase_tokens': True, 'type': 'single_id'} and extras {}
2019-02-11 13:28:50,188 - INFO - allennlp.common.params - dataset_reader.token_indexers.tokens.type = single_id
2019-02-11 13:28:50,188 - INFO - allennlp.common.from_params - instantiating class allennlp.data.token_indexers.single_id_token_indexer.SingleIdTokenIndexer from params {'lowercase_tokens': True} and extras {}
2019-02-11 13:28:50,189 - INFO - allennlp.common.params - dataset_reader.token_indexers.tokens.namespace = tokens
2019-02-11 13:28:50,189 - INFO - allennlp.common.params - dataset_reader.token_indexers.tokens.lowercase_tokens = True
2019-02-11 13:28:50,189 - INFO - allennlp.common.params - dataset_reader.token_indexers.tokens.start_tokens = None
2019-02-11 13:28:50,189 - INFO - allennlp.common.params - dataset_reader.token_indexers.tokens.end_tokens = None
2019-02-11 13:28:50,189 - INFO - allennlp.common.params - dataset_reader.lazy = False
2019-02-11 13:28:50,190 - INFO - allennlp.common.from_params - instantiating class <class 'allennlp.data.tokenizers.tokenizer.Tokenizer'> from params {'type': 'word', 'word_splitter': {'ner': True, 'parse': True, 'pos_tags': True, 'type': 'whitespacy'}} and extras {}
2019-02-11 13:28:50,190 - INFO - allennlp.common.params - dataset_reader.mytokenizer.type = word
2019-02-11 13:28:50,190 - INFO - allennlp.common.from_params - instantiating class <class 'allennlp.data.tokenizers.word_tokenizer.WordTokenizer'> from params {'word_splitter': {'ner': True, 'parse': True, 'pos_tags': True, 'type': 'whitespacy'}} and extras {}
2019-02-11 13:28:50,190 - INFO - allennlp.common.from_params - instantiating class <class 'allennlp.data.tokenizers.word_splitter.WordSplitter'> from params {'ner': True, 'parse': True, 'pos_tags': True, 'type': 'whitespacy'} and extras {}
2019-02-11 13:28:50,191 - INFO - allennlp.common.params - dataset_reader.mytokenizer.word_splitter.type = whitespacy
2019-02-11 13:28:50,191 - INFO - allennlp.common.from_params - instantiating class <class 'myallennlp.data.tokenizers.word_splitter.SpacyWordSplitter'> from params {'ner': True, 'parse': True, 'pos_tags': True} and extras {}
2019-02-11 13:28:50,191 - INFO - allennlp.common.params - dataset_reader.mytokenizer.word_splitter.language = en_core_web_sm
2019-02-11 13:28:50,191 - INFO - allennlp.common.params - dataset_reader.mytokenizer.word_splitter.pos_tags = True
2019-02-11 13:28:50,191 - INFO - allennlp.common.params - dataset_reader.mytokenizer.word_splitter.parse = True
2019-02-11 13:28:50,191 - INFO - allennlp.common.params - dataset_reader.mytokenizer.word_splitter.ner = True
2019-02-11 13:28:50,952 - INFO - allennlp.common.params - dataset_reader.mytokenizer.start_tokens = None
2019-02-11 13:28:50,953 - INFO - allennlp.common.params - dataset_reader.mytokenizer.end_tokens = None
2019-02-11 13:28:50,953 - INFO - allennlp.common.params - dataset_reader.use_spacy_directly = False
2019-02-11 13:28:50,953 - INFO - allennlp.common.params - validation_dataset_reader = None
2019-02-11 13:28:50,953 - INFO - allennlp.common.params - train_data_path = ../data/allenTrain.txt
2019-02-11 13:28:50,954 - INFO - allennlp.commands.train - Reading training data from ../data/allenTrain.txt
2019-02-11 13:28:50,954 - INFO - myallennlp.dataset_readers.sequence_tagging2 - Reading instances from lines in file at: ../data/allenTrain.txt
2019-02-11 13:30:17,125 - INFO - allennlp.common.params - validation_data_path = ../data/allenDev.txt
2019-02-11 13:30:17,125 - INFO - allennlp.commands.train - Reading validation data from ../data/allenDev.txt
2019-02-11 13:30:17,126 - INFO - myallennlp.dataset_readers.sequence_tagging2 - Reading instances from lines in file at: ../data/allenDev.txt
2019-02-11 13:31:03,133 - INFO - allennlp.common.params - test_data_path = None
2019-02-11 13:31:03,133 - INFO - allennlp.commands.train - From dataset instances, train, validation will be considered for vocabulary creation.
2019-02-11 13:31:03,133 - INFO - allennlp.common.params - vocabulary.type = None
2019-02-11 13:31:03,133 - INFO - allennlp.common.params - vocabulary.extend = False
2019-02-11 13:31:03,134 - INFO - allennlp.common.params - vocabulary.directory_path = None
2019-02-11 13:31:03,134 - INFO - allennlp.common.params - vocabulary.min_count = None
2019-02-11 13:31:03,134 - INFO - allennlp.common.params - vocabulary.max_vocab_size = None
2019-02-11 13:31:03,134 - INFO - allennlp.common.params - vocabulary.non_padded_namespaces = ('*tags', '*labels')
2019-02-11 13:31:03,134 - INFO - allennlp.common.params - vocabulary.min_pretrained_embeddings = None
2019-02-11 13:31:03,134 - INFO - allennlp.common.params - vocabulary.only_include_pretrained_words = False
2019-02-11 13:31:03,134 - INFO - allennlp.common.params - vocabulary.tokens_to_add = None
2019-02-11 13:31:03,134 - INFO - allennlp.data.vocabulary - Fitting token dictionary from dataset.
2019-02-11 13:31:04,119 - INFO - allennlp.common.from_params - instantiating class <class 'allennlp.models.model.Model'> from params {'Ntags0': 90, 'Ntags1': 10, 'do_crossentropy_weighting': True, 'encoder': {'bidirectional': True, 'dropout': 0.5, 'hidden_size': 72, 'input_size': 72, 'num_layers': 2, 'type': 'rnn'}, 'text_field_embedder': {'token_embedders': {'dependency_label': {'embedding_dim': 10, 'type': 'embedding', 'vocab_namespace': 'dependencies'}, 'ner_tag': {'embedding_dim': 7, 'type': 'embedding', 'vocab_namespace': 'ner'}, 'pos_tag': {'embedding_dim': 5, 'type': 'embedding', 'vocab_namespace': 'pos'}, 'tokens': {'embedding_dim': 50, 'pretrained_file': '~/src/allennlp/glove/glove.6B.50d.txt.gz', 'trainable': False, 'type': 'embedding'}}}, 'type': 'simple_tagger2'} and extras {'vocab': Vocabulary with namespaces:  dependencies, Size: 47 || ner, Size: 21 || pos, Size: 17 || tokens, Size: 21902 || labels, Size: 2 || Non Padded Namespaces: {'*labels', '*tags'}}
2019-02-11 13:31:04,119 - INFO - allennlp.common.params - model.type = simple_tagger2
2019-02-11 13:31:04,119 - INFO - allennlp.common.from_params - instantiating class <class 'myallennlp.models.simple_tagger2.SimpleTagger2'> from params {'Ntags0': 90, 'Ntags1': 10, 'do_crossentropy_weighting': True, 'encoder': {'bidirectional': True, 'dropout': 0.5, 'hidden_size': 72, 'input_size': 72, 'num_layers': 2, 'type': 'rnn'}, 'text_field_embedder': {'token_embedders': {'dependency_label': {'embedding_dim': 10, 'type': 'embedding', 'vocab_namespace': 'dependencies'}, 'ner_tag': {'embedding_dim': 7, 'type': 'embedding', 'vocab_namespace': 'ner'}, 'pos_tag': {'embedding_dim': 5, 'type': 'embedding', 'vocab_namespace': 'pos'}, 'tokens': {'embedding_dim': 50, 'pretrained_file': '~/src/allennlp/glove/glove.6B.50d.txt.gz', 'trainable': False, 'type': 'embedding'}}}} and extras {'vocab': Vocabulary with namespaces:  dependencies, Size: 47 || ner, Size: 21 || pos, Size: 17 || tokens, Size: 21902 || labels, Size: 2 || Non Padded Namespaces: {'*labels', '*tags'}}
2019-02-11 13:31:04,120 - INFO - allennlp.common.from_params - instantiating class <class 'allennlp.modules.text_field_embedders.text_field_embedder.TextFieldEmbedder'> from params {'token_embedders': {'dependency_label': {'embedding_dim': 10, 'type': 'embedding', 'vocab_namespace': 'dependencies'}, 'ner_tag': {'embedding_dim': 7, 'type': 'embedding', 'vocab_namespace': 'ner'}, 'pos_tag': {'embedding_dim': 5, 'type': 'embedding', 'vocab_namespace': 'pos'}, 'tokens': {'embedding_dim': 50, 'pretrained_file': '~/src/allennlp/glove/glove.6B.50d.txt.gz', 'trainable': False, 'type': 'embedding'}}} and extras {'vocab': Vocabulary with namespaces:  dependencies, Size: 47 || ner, Size: 21 || pos, Size: 17 || tokens, Size: 21902 || labels, Size: 2 || Non Padded Namespaces: {'*labels', '*tags'}}
2019-02-11 13:31:04,120 - INFO - allennlp.common.params - model.text_field_embedder.type = basic
2019-02-11 13:31:04,120 - INFO - allennlp.common.params - model.text_field_embedder.embedder_to_indexer_map = None
2019-02-11 13:31:04,120 - INFO - allennlp.common.params - model.text_field_embedder.allow_unmatched_keys = False
2019-02-11 13:31:04,120 - INFO - allennlp.common.from_params - instantiating class <class 'allennlp.modules.token_embedders.token_embedder.TokenEmbedder'> from params {'embedding_dim': 10, 'type': 'embedding', 'vocab_namespace': 'dependencies'} and extras {'vocab': Vocabulary with namespaces:  dependencies, Size: 47 || ner, Size: 21 || pos, Size: 17 || tokens, Size: 21902 || labels, Size: 2 || Non Padded Namespaces: {'*labels', '*tags'}}
2019-02-11 13:31:04,120 - INFO - allennlp.common.params - model.text_field_embedder.token_embedders.dependency_label.type = embedding
2019-02-11 13:31:04,121 - INFO - allennlp.common.params - model.text_field_embedder.token_embedders.dependency_label.num_embeddings = None
2019-02-11 13:31:04,121 - INFO - allennlp.common.params - model.text_field_embedder.token_embedders.dependency_label.vocab_namespace = dependencies
2019-02-11 13:31:04,121 - INFO - allennlp.common.params - model.text_field_embedder.token_embedders.dependency_label.embedding_dim = 10
2019-02-11 13:31:04,121 - INFO - allennlp.common.params - model.text_field_embedder.token_embedders.dependency_label.pretrained_file = None
2019-02-11 13:31:04,121 - INFO - allennlp.common.params - model.text_field_embedder.token_embedders.dependency_label.projection_dim = None
2019-02-11 13:31:04,121 - INFO - allennlp.common.params - model.text_field_embedder.token_embedders.dependency_label.trainable = True
2019-02-11 13:31:04,121 - INFO - allennlp.common.params - model.text_field_embedder.token_embedders.dependency_label.padding_index = None
2019-02-11 13:31:04,121 - INFO - allennlp.common.params - model.text_field_embedder.token_embedders.dependency_label.max_norm = None
2019-02-11 13:31:04,122 - INFO - allennlp.common.params - model.text_field_embedder.token_embedders.dependency_label.norm_type = 2.0
2019-02-11 13:31:04,122 - INFO - allennlp.common.params - model.text_field_embedder.token_embedders.dependency_label.scale_grad_by_freq = False
2019-02-11 13:31:04,122 - INFO - allennlp.common.params - model.text_field_embedder.token_embedders.dependency_label.sparse = False
2019-02-11 13:31:04,122 - INFO - allennlp.common.from_params - instantiating class <class 'allennlp.modules.token_embedders.token_embedder.TokenEmbedder'> from params {'embedding_dim': 7, 'type': 'embedding', 'vocab_namespace': 'ner'} and extras {'vocab': Vocabulary with namespaces:  dependencies, Size: 47 || ner, Size: 21 || pos, Size: 17 || tokens, Size: 21902 || labels, Size: 2 || Non Padded Namespaces: {'*labels', '*tags'}}
2019-02-11 13:31:04,123 - INFO - allennlp.common.params - model.text_field_embedder.token_embedders.ner_tag.type = embedding
2019-02-11 13:31:04,123 - INFO - allennlp.common.params - model.text_field_embedder.token_embedders.ner_tag.num_embeddings = None
2019-02-11 13:31:04,123 - INFO - allennlp.common.params - model.text_field_embedder.token_embedders.ner_tag.vocab_namespace = ner
2019-02-11 13:31:04,123 - INFO - allennlp.common.params - model.text_field_embedder.token_embedders.ner_tag.embedding_dim = 7
2019-02-11 13:31:04,123 - INFO - allennlp.common.params - model.text_field_embedder.token_embedders.ner_tag.pretrained_file = None
2019-02-11 13:31:04,123 - INFO - allennlp.common.params - model.text_field_embedder.token_embedders.ner_tag.projection_dim = None
2019-02-11 13:31:04,123 - INFO - allennlp.common.params - model.text_field_embedder.token_embedders.ner_tag.trainable = True
2019-02-11 13:31:04,123 - INFO - allennlp.common.params - model.text_field_embedder.token_embedders.ner_tag.padding_index = None
2019-02-11 13:31:04,123 - INFO - allennlp.common.params - model.text_field_embedder.token_embedders.ner_tag.max_norm = None
2019-02-11 13:31:04,124 - INFO - allennlp.common.params - model.text_field_embedder.token_embedders.ner_tag.norm_type = 2.0
2019-02-11 13:31:04,124 - INFO - allennlp.common.params - model.text_field_embedder.token_embedders.ner_tag.scale_grad_by_freq = False
2019-02-11 13:31:04,124 - INFO - allennlp.common.params - model.text_field_embedder.token_embedders.ner_tag.sparse = False
2019-02-11 13:31:04,124 - INFO - allennlp.common.from_params - instantiating class <class 'allennlp.modules.token_embedders.token_embedder.TokenEmbedder'> from params {'embedding_dim': 5, 'type': 'embedding', 'vocab_namespace': 'pos'} and extras {'vocab': Vocabulary with namespaces:  dependencies, Size: 47 || ner, Size: 21 || pos, Size: 17 || tokens, Size: 21902 || labels, Size: 2 || Non Padded Namespaces: {'*labels', '*tags'}}
2019-02-11 13:31:04,124 - INFO - allennlp.common.params - model.text_field_embedder.token_embedders.pos_tag.type = embedding
2019-02-11 13:31:04,124 - INFO - allennlp.common.params - model.text_field_embedder.token_embedders.pos_tag.num_embeddings = None
2019-02-11 13:31:04,124 - INFO - allennlp.common.params - model.text_field_embedder.token_embedders.pos_tag.vocab_namespace = pos
2019-02-11 13:31:04,125 - INFO - allennlp.common.params - model.text_field_embedder.token_embedders.pos_tag.embedding_dim = 5
2019-02-11 13:31:04,125 - INFO - allennlp.common.params - model.text_field_embedder.token_embedders.pos_tag.pretrained_file = None
2019-02-11 13:31:04,125 - INFO - allennlp.common.params - model.text_field_embedder.token_embedders.pos_tag.projection_dim = None
2019-02-11 13:31:04,125 - INFO - allennlp.common.params - model.text_field_embedder.token_embedders.pos_tag.trainable = True
2019-02-11 13:31:04,125 - INFO - allennlp.common.params - model.text_field_embedder.token_embedders.pos_tag.padding_index = None
2019-02-11 13:31:04,125 - INFO - allennlp.common.params - model.text_field_embedder.token_embedders.pos_tag.max_norm = None
2019-02-11 13:31:04,125 - INFO - allennlp.common.params - model.text_field_embedder.token_embedders.pos_tag.norm_type = 2.0
2019-02-11 13:31:04,125 - INFO - allennlp.common.params - model.text_field_embedder.token_embedders.pos_tag.scale_grad_by_freq = False
2019-02-11 13:31:04,125 - INFO - allennlp.common.params - model.text_field_embedder.token_embedders.pos_tag.sparse = False
2019-02-11 13:31:04,126 - INFO - allennlp.common.from_params - instantiating class <class 'allennlp.modules.token_embedders.token_embedder.TokenEmbedder'> from params {'embedding_dim': 50, 'pretrained_file': '~/src/allennlp/glove/glove.6B.50d.txt.gz', 'trainable': False, 'type': 'embedding'} and extras {'vocab': Vocabulary with namespaces:  dependencies, Size: 47 || ner, Size: 21 || pos, Size: 17 || tokens, Size: 21902 || labels, Size: 2 || Non Padded Namespaces: {'*labels', '*tags'}}
2019-02-11 13:31:04,126 - INFO - allennlp.common.params - model.text_field_embedder.token_embedders.tokens.type = embedding
2019-02-11 13:31:04,126 - INFO - allennlp.common.params - model.text_field_embedder.token_embedders.tokens.num_embeddings = None
2019-02-11 13:31:04,126 - INFO - allennlp.common.params - model.text_field_embedder.token_embedders.tokens.vocab_namespace = tokens
2019-02-11 13:31:04,126 - INFO - allennlp.common.params - model.text_field_embedder.token_embedders.tokens.embedding_dim = 50
2019-02-11 13:31:04,126 - INFO - allennlp.common.params - model.text_field_embedder.token_embedders.tokens.pretrained_file = ~/src/allennlp/glove/glove.6B.50d.txt.gz
2019-02-11 13:31:04,127 - INFO - allennlp.common.params - model.text_field_embedder.token_embedders.tokens.projection_dim = None
2019-02-11 13:31:04,127 - INFO - allennlp.common.params - model.text_field_embedder.token_embedders.tokens.trainable = False
2019-02-11 13:31:04,127 - INFO - allennlp.common.params - model.text_field_embedder.token_embedders.tokens.padding_index = None
2019-02-11 13:31:04,127 - INFO - allennlp.common.params - model.text_field_embedder.token_embedders.tokens.max_norm = None
2019-02-11 13:31:04,127 - INFO - allennlp.common.params - model.text_field_embedder.token_embedders.tokens.norm_type = 2.0
2019-02-11 13:31:04,127 - INFO - allennlp.common.params - model.text_field_embedder.token_embedders.tokens.scale_grad_by_freq = False
2019-02-11 13:31:04,127 - INFO - allennlp.common.params - model.text_field_embedder.token_embedders.tokens.sparse = False
2019-02-11 13:31:04,129 - INFO - allennlp.modules.token_embedders.embedding - Reading pretrained embeddings from file
2019-02-11 13:31:06,421 - INFO - allennlp.modules.token_embedders.embedding - Initializing pre-trained embedding layer
2019-02-11 13:31:06,562 - INFO - allennlp.modules.token_embedders.embedding - Pretrained embeddings were found for 20103 out of 21902 tokens
2019-02-11 13:31:06,566 - INFO - allennlp.common.from_params - instantiating class <class 'allennlp.modules.seq2seq_encoders.seq2seq_encoder.Seq2SeqEncoder'> from params {'bidirectional': True, 'dropout': 0.5, 'hidden_size': 72, 'input_size': 72, 'num_layers': 2, 'type': 'rnn'} and extras {'vocab': Vocabulary with namespaces:  dependencies, Size: 47 || ner, Size: 21 || pos, Size: 17 || tokens, Size: 21902 || labels, Size: 2 || Non Padded Namespaces: {'*labels', '*tags'}}
2019-02-11 13:31:06,566 - INFO - allennlp.common.params - model.encoder.type = rnn
2019-02-11 13:31:06,566 - INFO - allennlp.common.params - model.encoder.batch_first = True
2019-02-11 13:31:06,566 - INFO - allennlp.common.params - model.encoder.stateful = False
2019-02-11 13:31:06,566 - INFO - allennlp.common.params - Converting Params object to dict; logging of default values will not occur when dictionary parameters are used subsequently.
2019-02-11 13:31:06,566 - INFO - allennlp.common.params - CURRENTLY DEFINED PARAMETERS: 
2019-02-11 13:31:06,566 - INFO - allennlp.common.params - model.encoder.bidirectional = True
2019-02-11 13:31:06,567 - INFO - allennlp.common.params - model.encoder.dropout = 0.5
2019-02-11 13:31:06,567 - INFO - allennlp.common.params - model.encoder.hidden_size = 72
2019-02-11 13:31:06,567 - INFO - allennlp.common.params - model.encoder.input_size = 72
2019-02-11 13:31:06,567 - INFO - allennlp.common.params - model.encoder.num_layers = 2
2019-02-11 13:31:06,567 - INFO - allennlp.common.params - model.encoder.batch_first = True
2019-02-11 13:31:06,568 - INFO - allennlp.common.params - model.do_crossentropy_weighting = True
2019-02-11 13:31:06,568 - INFO - allennlp.common.params - model.Ntags0 = 90
2019-02-11 13:31:06,568 - INFO - allennlp.common.params - model.Ntags1 = 10
2019-02-11 13:31:06,569 - INFO - allennlp.nn.initializers - Initializing parameters
2019-02-11 13:31:06,569 - INFO - allennlp.nn.initializers - Done initializing parameters; the following parameters are using their default initialization from their code
2019-02-11 13:31:06,569 - INFO - allennlp.nn.initializers -    encoder._module.bias_hh_l0
2019-02-11 13:31:06,569 - INFO - allennlp.nn.initializers -    encoder._module.bias_hh_l0_reverse
2019-02-11 13:31:06,569 - INFO - allennlp.nn.initializers -    encoder._module.bias_hh_l1
2019-02-11 13:31:06,569 - INFO - allennlp.nn.initializers -    encoder._module.bias_hh_l1_reverse
2019-02-11 13:31:06,570 - INFO - allennlp.nn.initializers -    encoder._module.bias_ih_l0
2019-02-11 13:31:06,570 - INFO - allennlp.nn.initializers -    encoder._module.bias_ih_l0_reverse
2019-02-11 13:31:06,570 - INFO - allennlp.nn.initializers -    encoder._module.bias_ih_l1
2019-02-11 13:31:06,570 - INFO - allennlp.nn.initializers -    encoder._module.bias_ih_l1_reverse
2019-02-11 13:31:06,570 - INFO - allennlp.nn.initializers -    encoder._module.weight_hh_l0
2019-02-11 13:31:06,570 - INFO - allennlp.nn.initializers -    encoder._module.weight_hh_l0_reverse
2019-02-11 13:31:06,570 - INFO - allennlp.nn.initializers -    encoder._module.weight_hh_l1
2019-02-11 13:31:06,570 - INFO - allennlp.nn.initializers -    encoder._module.weight_hh_l1_reverse
2019-02-11 13:31:06,570 - INFO - allennlp.nn.initializers -    encoder._module.weight_ih_l0
2019-02-11 13:31:06,570 - INFO - allennlp.nn.initializers -    encoder._module.weight_ih_l0_reverse
2019-02-11 13:31:06,571 - INFO - allennlp.nn.initializers -    encoder._module.weight_ih_l1
2019-02-11 13:31:06,571 - INFO - allennlp.nn.initializers -    encoder._module.weight_ih_l1_reverse
2019-02-11 13:31:06,571 - INFO - allennlp.nn.initializers -    tag_projection_layer._module.bias
2019-02-11 13:31:06,571 - INFO - allennlp.nn.initializers -    tag_projection_layer._module.weight
2019-02-11 13:31:06,571 - INFO - allennlp.nn.initializers -    text_field_embedder.token_embedder_dependency_label.weight
2019-02-11 13:31:06,571 - INFO - allennlp.nn.initializers -    text_field_embedder.token_embedder_ner_tag.weight
2019-02-11 13:31:06,571 - INFO - allennlp.nn.initializers -    text_field_embedder.token_embedder_pos_tag.weight
2019-02-11 13:31:06,571 - INFO - allennlp.nn.initializers -    text_field_embedder.token_embedder_tokens.weight
2019-02-11 13:31:06,620 - INFO - allennlp.common.from_params - instantiating class <class 'allennlp.data.iterators.data_iterator.DataIterator'> from params {'batch_size': 32, 'type': 'basic'} and extras {}
2019-02-11 13:31:06,620 - INFO - allennlp.common.params - iterator.type = basic
2019-02-11 13:31:06,620 - INFO - allennlp.common.from_params - instantiating class <class 'allennlp.data.iterators.basic_iterator.BasicIterator'> from params {'batch_size': 32} and extras {}
2019-02-11 13:31:06,620 - INFO - allennlp.common.params - iterator.batch_size = 32
2019-02-11 13:31:06,621 - INFO - allennlp.common.params - iterator.instances_per_epoch = None
2019-02-11 13:31:06,621 - INFO - allennlp.common.params - iterator.max_instances_in_memory = None
2019-02-11 13:31:06,621 - INFO - allennlp.common.params - iterator.cache_instances = False
2019-02-11 13:31:06,621 - INFO - allennlp.common.params - iterator.track_epoch = False
2019-02-11 13:31:06,621 - INFO - allennlp.common.params - iterator.maximum_samples_per_batch = None
2019-02-11 13:31:06,621 - INFO - allennlp.common.params - validation_iterator = None
2019-02-11 13:31:06,621 - INFO - allennlp.common.params - trainer.no_grad = ()
2019-02-11 13:31:06,622 - INFO - allennlp.commands.train - Following parameters are Frozen  (without gradient):
2019-02-11 13:31:06,622 - INFO - allennlp.commands.train - text_field_embedder.token_embedder_tokens.weight
2019-02-11 13:31:06,622 - INFO - allennlp.commands.train - Following parameters are Tunable (with gradient):
2019-02-11 13:31:06,622 - INFO - allennlp.commands.train - text_field_embedder.token_embedder_dependency_label.weight
2019-02-11 13:31:06,622 - INFO - allennlp.commands.train - text_field_embedder.token_embedder_ner_tag.weight
2019-02-11 13:31:06,622 - INFO - allennlp.commands.train - text_field_embedder.token_embedder_pos_tag.weight
2019-02-11 13:31:06,622 - INFO - allennlp.commands.train - encoder._module.weight_ih_l0
2019-02-11 13:31:06,622 - INFO - allennlp.commands.train - encoder._module.weight_hh_l0
2019-02-11 13:31:06,622 - INFO - allennlp.commands.train - encoder._module.bias_ih_l0
2019-02-11 13:31:06,623 - INFO - allennlp.commands.train - encoder._module.bias_hh_l0
2019-02-11 13:31:06,623 - INFO - allennlp.commands.train - encoder._module.weight_ih_l0_reverse
2019-02-11 13:31:06,623 - INFO - allennlp.commands.train - encoder._module.weight_hh_l0_reverse
2019-02-11 13:31:06,623 - INFO - allennlp.commands.train - encoder._module.bias_ih_l0_reverse
2019-02-11 13:31:06,623 - INFO - allennlp.commands.train - encoder._module.bias_hh_l0_reverse
2019-02-11 13:31:06,623 - INFO - allennlp.commands.train - encoder._module.weight_ih_l1
2019-02-11 13:31:06,623 - INFO - allennlp.commands.train - encoder._module.weight_hh_l1
2019-02-11 13:31:06,623 - INFO - allennlp.commands.train - encoder._module.bias_ih_l1
2019-02-11 13:31:06,623 - INFO - allennlp.commands.train - encoder._module.bias_hh_l1
2019-02-11 13:31:06,623 - INFO - allennlp.commands.train - encoder._module.weight_ih_l1_reverse
2019-02-11 13:31:06,624 - INFO - allennlp.commands.train - encoder._module.weight_hh_l1_reverse
2019-02-11 13:31:06,624 - INFO - allennlp.commands.train - encoder._module.bias_ih_l1_reverse
2019-02-11 13:31:06,624 - INFO - allennlp.commands.train - encoder._module.bias_hh_l1_reverse
2019-02-11 13:31:06,624 - INFO - allennlp.commands.train - tag_projection_layer._module.weight
2019-02-11 13:31:06,624 - INFO - allennlp.commands.train - tag_projection_layer._module.bias
2019-02-11 13:31:06,624 - INFO - allennlp.common.params - trainer.type = default
2019-02-11 13:31:06,624 - INFO - allennlp.common.params - trainer.patience = 5
2019-02-11 13:31:06,624 - INFO - allennlp.common.params - trainer.validation_metric = -loss
2019-02-11 13:31:06,624 - INFO - allennlp.common.params - trainer.shuffle = True
2019-02-11 13:31:06,624 - INFO - allennlp.common.params - trainer.num_epochs = 40
2019-02-11 13:31:06,625 - INFO - allennlp.common.params - trainer.cuda_device = 0
2019-02-11 13:31:06,625 - INFO - allennlp.common.params - trainer.grad_norm = None
2019-02-11 13:31:06,625 - INFO - allennlp.common.params - trainer.grad_clipping = None
2019-02-11 13:31:06,625 - INFO - allennlp.common.params - trainer.learning_rate_scheduler = None
2019-02-11 13:31:08,641 - INFO - allennlp.common.params - trainer.optimizer = adam
2019-02-11 13:31:08,641 - INFO - allennlp.common.params - parameter_groups = None
2019-02-11 13:31:08,641 - INFO - allennlp.training.optimizers - Number of trainable parameters: 53408
2019-02-11 13:31:08,642 - INFO - allennlp.common.params - Converting Params object to dict; logging of default values will not occur when dictionary parameters are used subsequently.
2019-02-11 13:31:08,643 - INFO - allennlp.common.params - CURRENTLY DEFINED PARAMETERS: 
2019-02-11 13:31:08,643 - INFO - allennlp.common.params - trainer.num_serialized_models_to_keep = 20
2019-02-11 13:31:08,643 - INFO - allennlp.common.params - trainer.keep_serialized_model_every_num_seconds = None
2019-02-11 13:31:08,643 - INFO - allennlp.common.params - trainer.model_save_interval = None
2019-02-11 13:31:08,643 - INFO - allennlp.common.params - trainer.summary_interval = 100
2019-02-11 13:31:08,643 - INFO - allennlp.common.params - trainer.histogram_interval = None
2019-02-11 13:31:08,643 - INFO - allennlp.common.params - trainer.should_log_parameter_statistics = True
2019-02-11 13:31:08,644 - INFO - allennlp.common.params - trainer.should_log_learning_rate = False
2019-02-11 13:31:08,644 - INFO - allennlp.common.params - trainer.log_batch_size_period = None
2019-02-11 13:31:08,647 - INFO - allennlp.common.params - evaluate_on_test = False
2019-02-11 13:31:08,647 - INFO - allennlp.training.trainer - Beginning training.
2019-02-11 13:31:08,647 - INFO - allennlp.training.trainer - Epoch 0/39
2019-02-11 13:31:08,647 - INFO - allennlp.training.trainer - Peak CPU memory usage MB: 2624.244
2019-02-11 13:31:08,708 - INFO - allennlp.training.trainer - GPU 0 memory usage MB: 327
2019-02-11 13:31:08,708 - INFO - allennlp.training.trainer - Training
2019-02-11 13:31:27,127 - INFO - allennlp.training.trainer - Validating
2019-02-11 13:31:31,830 - INFO - allennlp.training.trainer -                     Training |  Validation
2019-02-11 13:31:31,831 - INFO - allennlp.training.trainer - loss            |     0.401  |     0.462
2019-02-11 13:31:31,831 - INFO - allennlp.training.trainer - gpu_0_memory_MB |   327.000  |       N/A
2019-02-11 13:31:31,832 - INFO - allennlp.training.trainer - accuracy3       |     1.000  |     1.000
2019-02-11 13:31:31,832 - INFO - allennlp.training.trainer - accuracy        |     0.882  |     0.873
2019-02-11 13:31:31,832 - INFO - allennlp.training.trainer - cpu_memory_MB   |  2624.244  |       N/A
2019-02-11 13:31:31,852 - INFO - allennlp.training.trainer - Best validation performance so far. Copying weights to './model_params/best.th'.
2019-02-11 13:31:31,868 - INFO - allennlp.training.trainer - Epoch duration: 00:00:23
2019-02-11 13:31:31,868 - INFO - allennlp.training.trainer - Estimated training time remaining: 0:15:05
2019-02-11 13:31:31,868 - INFO - allennlp.training.trainer - Epoch 1/39
2019-02-11 13:31:31,868 - INFO - allennlp.training.trainer - Peak CPU memory usage MB: 2661.144
2019-02-11 13:31:31,973 - INFO - allennlp.training.trainer - GPU 0 memory usage MB: 414
2019-02-11 13:31:31,973 - INFO - allennlp.training.trainer - Training
2019-02-11 13:31:49,561 - INFO - allennlp.training.trainer - Validating
2019-02-11 13:31:53,162 - INFO - allennlp.training.trainer -                     Training |  Validation
2019-02-11 13:31:53,163 - INFO - allennlp.training.trainer - loss            |     0.365  |     0.451
2019-02-11 13:31:53,163 - INFO - allennlp.training.trainer - gpu_0_memory_MB |   414.000  |       N/A
2019-02-11 13:31:53,163 - INFO - allennlp.training.trainer - accuracy3       |     1.000  |     1.000
2019-02-11 13:31:53,163 - INFO - allennlp.training.trainer - accuracy        |     0.881  |     0.864
2019-02-11 13:31:53,163 - INFO - allennlp.training.trainer - cpu_memory_MB   |  2661.144  |       N/A
2019-02-11 13:31:53,176 - INFO - allennlp.training.trainer - Best validation performance so far. Copying weights to './model_params/best.th'.
2019-02-11 13:31:53,189 - INFO - allennlp.training.trainer - Epoch duration: 00:00:21
2019-02-11 13:31:53,189 - INFO - allennlp.training.trainer - Estimated training time remaining: 0:14:06
2019-02-11 13:31:53,189 - INFO - allennlp.training.trainer - Epoch 2/39
2019-02-11 13:31:53,189 - INFO - allennlp.training.trainer - Peak CPU memory usage MB: 2661.516
2019-02-11 13:31:53,293 - INFO - allennlp.training.trainer - GPU 0 memory usage MB: 414
2019-02-11 13:31:53,294 - INFO - allennlp.training.trainer - Training
2019-02-11 13:32:10,694 - INFO - allennlp.training.trainer - Validating
2019-02-11 13:32:14,197 - INFO - allennlp.training.trainer -                     Training |  Validation
2019-02-11 13:32:14,199 - INFO - allennlp.training.trainer - loss            |     0.354  |     0.444
2019-02-11 13:32:14,199 - INFO - allennlp.training.trainer - gpu_0_memory_MB |   414.000  |       N/A
2019-02-11 13:32:14,200 - INFO - allennlp.training.trainer - accuracy3       |     1.000  |     1.000
2019-02-11 13:32:14,200 - INFO - allennlp.training.trainer - accuracy        |     0.880  |     0.864
2019-02-11 13:32:14,200 - INFO - allennlp.training.trainer - cpu_memory_MB   |  2661.516  |       N/A
2019-02-11 13:32:14,225 - INFO - allennlp.training.trainer - Best validation performance so far. Copying weights to './model_params/best.th'.
2019-02-11 13:32:14,253 - INFO - allennlp.training.trainer - Epoch duration: 00:00:21
2019-02-11 13:32:14,253 - INFO - allennlp.training.trainer - Estimated training time remaining: 0:13:29
2019-02-11 13:32:14,253 - INFO - allennlp.training.trainer - Epoch 3/39
2019-02-11 13:32:14,253 - INFO - allennlp.training.trainer - Peak CPU memory usage MB: 2661.68
2019-02-11 13:32:14,457 - INFO - allennlp.training.trainer - GPU 0 memory usage MB: 414
2019-02-11 13:32:14,458 - INFO - allennlp.training.trainer - Training
2019-02-11 13:32:32,145 - INFO - allennlp.training.trainer - Validating
2019-02-11 13:32:35,872 - INFO - allennlp.training.trainer -                     Training |  Validation
2019-02-11 13:32:35,873 - INFO - allennlp.training.trainer - loss            |     0.347  |     0.451
2019-02-11 13:32:35,873 - INFO - allennlp.training.trainer - gpu_0_memory_MB |   414.000  |       N/A
2019-02-11 13:32:35,873 - INFO - allennlp.training.trainer - accuracy3       |     1.000  |     1.000
2019-02-11 13:32:35,874 - INFO - allennlp.training.trainer - accuracy        |     0.881  |     0.887
2019-02-11 13:32:35,874 - INFO - allennlp.training.trainer - cpu_memory_MB   |  2661.680  |       N/A
2019-02-11 13:32:35,886 - INFO - allennlp.training.trainer - Epoch duration: 00:00:21
2019-02-11 13:32:35,886 - INFO - allennlp.training.trainer - Estimated training time remaining: 0:13:05
2019-02-11 13:32:35,886 - INFO - allennlp.training.trainer - Epoch 4/39
2019-02-11 13:32:35,887 - INFO - allennlp.training.trainer - Peak CPU memory usage MB: 2661.86
2019-02-11 13:32:35,975 - INFO - allennlp.training.trainer - GPU 0 memory usage MB: 414
2019-02-11 13:32:35,975 - INFO - allennlp.training.trainer - Training
2019-02-11 13:32:53,037 - INFO - allennlp.training.trainer - Validating
2019-02-11 13:32:56,293 - INFO - allennlp.training.trainer -                     Training |  Validation
2019-02-11 13:32:56,294 - INFO - allennlp.training.trainer - loss            |     0.341  |     0.451
2019-02-11 13:32:56,294 - INFO - allennlp.training.trainer - gpu_0_memory_MB |   414.000  |       N/A
2019-02-11 13:32:56,294 - INFO - allennlp.training.trainer - accuracy3       |     1.000  |     1.000
2019-02-11 13:32:56,294 - INFO - allennlp.training.trainer - accuracy        |     0.883  |     0.879
2019-02-11 13:32:56,294 - INFO - allennlp.training.trainer - cpu_memory_MB   |  2661.860  |       N/A
2019-02-11 13:32:56,317 - INFO - allennlp.training.trainer - Epoch duration: 00:00:20
2019-02-11 13:32:56,323 - INFO - allennlp.training.trainer - Estimated training time remaining: 0:12:33
2019-02-11 13:32:56,323 - INFO - allennlp.training.trainer - Epoch 5/39
2019-02-11 13:32:56,323 - INFO - allennlp.training.trainer - Peak CPU memory usage MB: 2661.976
2019-02-11 13:32:56,483 - INFO - allennlp.training.trainer - GPU 0 memory usage MB: 414
2019-02-11 13:32:56,484 - INFO - allennlp.training.trainer - Training
2019-02-11 13:33:13,902 - INFO - allennlp.training.trainer - Validating
2019-02-11 13:33:17,349 - INFO - allennlp.training.trainer -                     Training |  Validation
2019-02-11 13:33:17,350 - INFO - allennlp.training.trainer - loss            |     0.336  |     0.446
2019-02-11 13:33:17,351 - INFO - allennlp.training.trainer - gpu_0_memory_MB |   414.000  |       N/A
2019-02-11 13:33:17,351 - INFO - allennlp.training.trainer - accuracy3       |     1.000  |     1.000
2019-02-11 13:33:17,351 - INFO - allennlp.training.trainer - accuracy        |     0.886  |     0.865
2019-02-11 13:33:17,351 - INFO - allennlp.training.trainer - cpu_memory_MB   |  2661.976  |       N/A
2019-02-11 13:33:17,372 - INFO - allennlp.training.trainer - Epoch duration: 00:00:21
2019-02-11 13:33:17,378 - INFO - allennlp.training.trainer - Estimated training time remaining: 0:12:09
2019-02-11 13:33:17,378 - INFO - allennlp.training.trainer - Epoch 6/39
2019-02-11 13:33:17,378 - INFO - allennlp.training.trainer - Peak CPU memory usage MB: 2662.128
2019-02-11 13:33:17,552 - INFO - allennlp.training.trainer - GPU 0 memory usage MB: 414
2019-02-11 13:33:17,553 - INFO - allennlp.training.trainer - Training
2019-02-11 13:33:36,249 - INFO - allennlp.training.trainer - Validating
2019-02-11 13:33:40,746 - INFO - allennlp.training.trainer -                     Training |  Validation
2019-02-11 13:33:40,747 - INFO - allennlp.training.trainer - loss            |     0.332  |     0.450
2019-02-11 13:33:40,747 - INFO - allennlp.training.trainer - gpu_0_memory_MB |   414.000  |       N/A
2019-02-11 13:33:40,747 - INFO - allennlp.training.trainer - accuracy3       |     1.000  |     1.000
2019-02-11 13:33:40,748 - INFO - allennlp.training.trainer - accuracy        |     0.887  |     0.857
2019-02-11 13:33:40,748 - INFO - allennlp.training.trainer - cpu_memory_MB   |  2662.128  |       N/A
2019-02-11 13:33:40,760 - INFO - allennlp.training.trainer - Epoch duration: 00:00:23
2019-02-11 13:33:40,760 - INFO - allennlp.training.trainer - Estimated training time remaining: 0:11:57
2019-02-11 13:33:40,760 - INFO - allennlp.training.trainer - Epoch 7/39
2019-02-11 13:33:40,760 - INFO - allennlp.training.trainer - Peak CPU memory usage MB: 2662.624
2019-02-11 13:33:40,857 - INFO - allennlp.training.trainer - GPU 0 memory usage MB: 677
2019-02-11 13:33:40,858 - INFO - allennlp.training.trainer - Training
2019-02-11 13:34:06,016 - INFO - allennlp.training.trainer - Validating
2019-02-11 13:34:11,045 - INFO - allennlp.training.trainer - Ran out of patience.  Stopping training.
2019-02-11 13:34:11,046 - INFO - allennlp.models.archival - archiving weights and vocabulary to ./model_params/model.tar.gz
2019-02-11 13:34:11,553 - INFO - allennlp.commands.train - Loading the best epoch weights.
2019-02-11 13:34:11,571 - INFO - allennlp.common.util - Metrics: {
  "peak_cpu_memory_MB": 2662.624,
  "peak_gpu_0_memory_MB": 677,
  "training_duration": "00:02:32",
  "training_start_epoch": 0,
  "training_epochs": 6,
  "epoch": 6,
  "training_accuracy": 0.886741678556593,
  "training_accuracy3": 1.0,
  "training_loss": 0.33189815809221374,
  "training_cpu_memory_MB": 2662.128,
  "training_gpu_0_memory_MB": 414,
  "validation_accuracy": 0.8574827745638666,
  "validation_accuracy3": 1.0,
  "validation_loss": 0.4500641640351743,
  "best_epoch": 2,
  "best_validation_accuracy": 0.863606121091151,
  "best_validation_accuracy3": 1.0,
  "best_validation_loss": 0.4435823070151465
}
Token batch process time:
85.64581513404846
Token batch process time:
45.58186864852905
