2019-02-24 06:58:18,879 - INFO - allennlp.common.params - evaluate_on_test = False
2019-02-24 06:58:18,880 - INFO - allennlp.common.from_params - instantiating class <class 'allennlp.data.dataset_readers.dataset_reader.DatasetReader'> from params {'mytokenizer': {'type': 'word', 'word_splitter': {'ner': True, 'parse': True, 'pos_tags': True, 'type': 'whitespacy'}}, 'token_indexers': {'dependency_label': {'namespace': 'dependencies', 'type': 'dependency_label'}, 'ner_tag': {'namespace': 'ner', 'type': 'ner_tag'}, 'pos_tag': {'coarse_tags': True, 'namespace': 'pos', 'type': 'pos_tag'}, 'tokens': {'lowercase_tokens': True, 'type': 'single_id'}}, 'type': 'sequence_tagging2', 'word_tag_delimiter': '//'} and extras {}
2019-02-24 06:58:18,880 - INFO - allennlp.common.params - dataset_reader.type = sequence_tagging2
2019-02-24 06:58:18,880 - INFO - allennlp.common.from_params - instantiating class <class 'myallennlp.dataset_readers.sequence_tagging2.SequenceTaggingDatasetReader'> from params {'mytokenizer': {'type': 'word', 'word_splitter': {'ner': True, 'parse': True, 'pos_tags': True, 'type': 'whitespacy'}}, 'token_indexers': {'dependency_label': {'namespace': 'dependencies', 'type': 'dependency_label'}, 'ner_tag': {'namespace': 'ner', 'type': 'ner_tag'}, 'pos_tag': {'coarse_tags': True, 'namespace': 'pos', 'type': 'pos_tag'}, 'tokens': {'lowercase_tokens': True, 'type': 'single_id'}}, 'word_tag_delimiter': '//'} and extras {}
2019-02-24 06:58:18,880 - INFO - allennlp.common.params - dataset_reader.word_tag_delimiter = //
2019-02-24 06:58:18,880 - INFO - allennlp.common.params - dataset_reader.token_delimiter = None
2019-02-24 06:58:18,881 - INFO - allennlp.common.from_params - instantiating class allennlp.data.token_indexers.token_indexer.TokenIndexer from params {'namespace': 'dependencies', 'type': 'dependency_label'} and extras {}
2019-02-24 06:58:18,881 - INFO - allennlp.common.params - dataset_reader.token_indexers.dependency_label.type = dependency_label
2019-02-24 06:58:18,881 - INFO - allennlp.common.from_params - instantiating class allennlp.data.token_indexers.dep_label_indexer.DepLabelIndexer from params {'namespace': 'dependencies'} and extras {}
2019-02-24 06:58:18,881 - INFO - allennlp.common.params - dataset_reader.token_indexers.dependency_label.namespace = dependencies
2019-02-24 06:58:18,882 - INFO - allennlp.common.from_params - instantiating class allennlp.data.token_indexers.token_indexer.TokenIndexer from params {'namespace': 'ner', 'type': 'ner_tag'} and extras {}
2019-02-24 06:58:18,882 - INFO - allennlp.common.params - dataset_reader.token_indexers.ner_tag.type = ner_tag
2019-02-24 06:58:18,882 - INFO - allennlp.common.from_params - instantiating class allennlp.data.token_indexers.ner_tag_indexer.NerTagIndexer from params {'namespace': 'ner'} and extras {}
2019-02-24 06:58:18,882 - INFO - allennlp.common.params - dataset_reader.token_indexers.ner_tag.namespace = ner
2019-02-24 06:58:18,882 - INFO - allennlp.common.from_params - instantiating class allennlp.data.token_indexers.token_indexer.TokenIndexer from params {'coarse_tags': True, 'namespace': 'pos', 'type': 'pos_tag'} and extras {}
2019-02-24 06:58:18,882 - INFO - allennlp.common.params - dataset_reader.token_indexers.pos_tag.type = pos_tag
2019-02-24 06:58:18,883 - INFO - allennlp.common.from_params - instantiating class allennlp.data.token_indexers.pos_tag_indexer.PosTagIndexer from params {'coarse_tags': True, 'namespace': 'pos'} and extras {}
2019-02-24 06:58:18,883 - INFO - allennlp.common.params - dataset_reader.token_indexers.pos_tag.namespace = pos
2019-02-24 06:58:18,883 - INFO - allennlp.common.params - dataset_reader.token_indexers.pos_tag.coarse_tags = True
2019-02-24 06:58:18,883 - INFO - allennlp.common.from_params - instantiating class allennlp.data.token_indexers.token_indexer.TokenIndexer from params {'lowercase_tokens': True, 'type': 'single_id'} and extras {}
2019-02-24 06:58:18,883 - INFO - allennlp.common.params - dataset_reader.token_indexers.tokens.type = single_id
2019-02-24 06:58:18,884 - INFO - allennlp.common.from_params - instantiating class allennlp.data.token_indexers.single_id_token_indexer.SingleIdTokenIndexer from params {'lowercase_tokens': True} and extras {}
2019-02-24 06:58:18,884 - INFO - allennlp.common.params - dataset_reader.token_indexers.tokens.namespace = tokens
2019-02-24 06:58:18,884 - INFO - allennlp.common.params - dataset_reader.token_indexers.tokens.lowercase_tokens = True
2019-02-24 06:58:18,884 - INFO - allennlp.common.params - dataset_reader.token_indexers.tokens.start_tokens = None
2019-02-24 06:58:18,884 - INFO - allennlp.common.params - dataset_reader.token_indexers.tokens.end_tokens = None
2019-02-24 06:58:18,884 - INFO - allennlp.common.params - dataset_reader.lazy = False
2019-02-24 06:58:18,885 - INFO - allennlp.common.from_params - instantiating class <class 'allennlp.data.tokenizers.tokenizer.Tokenizer'> from params {'type': 'word', 'word_splitter': {'ner': True, 'parse': True, 'pos_tags': True, 'type': 'whitespacy'}} and extras {}
2019-02-24 06:58:18,885 - INFO - allennlp.common.params - dataset_reader.mytokenizer.type = word
2019-02-24 06:58:18,885 - INFO - allennlp.common.from_params - instantiating class <class 'allennlp.data.tokenizers.word_tokenizer.WordTokenizer'> from params {'word_splitter': {'ner': True, 'parse': True, 'pos_tags': True, 'type': 'whitespacy'}} and extras {}
2019-02-24 06:58:18,885 - INFO - allennlp.common.from_params - instantiating class <class 'allennlp.data.tokenizers.word_splitter.WordSplitter'> from params {'ner': True, 'parse': True, 'pos_tags': True, 'type': 'whitespacy'} and extras {}
2019-02-24 06:58:18,885 - INFO - allennlp.common.params - dataset_reader.mytokenizer.word_splitter.type = whitespacy
2019-02-24 06:58:18,886 - INFO - allennlp.common.from_params - instantiating class <class 'myallennlp.data.tokenizers.word_splitter.SpacyWordSplitter'> from params {'ner': True, 'parse': True, 'pos_tags': True} and extras {}
2019-02-24 06:58:18,886 - INFO - allennlp.common.params - dataset_reader.mytokenizer.word_splitter.language = en_core_web_sm
2019-02-24 06:58:18,886 - INFO - allennlp.common.params - dataset_reader.mytokenizer.word_splitter.pos_tags = True
2019-02-24 06:58:18,886 - INFO - allennlp.common.params - dataset_reader.mytokenizer.word_splitter.parse = True
2019-02-24 06:58:18,886 - INFO - allennlp.common.params - dataset_reader.mytokenizer.word_splitter.ner = True
2019-02-24 06:58:19,425 - INFO - allennlp.common.params - dataset_reader.mytokenizer.start_tokens = None
2019-02-24 06:58:19,425 - INFO - allennlp.common.params - dataset_reader.mytokenizer.end_tokens = None
2019-02-24 06:58:19,425 - INFO - allennlp.common.params - dataset_reader.use_spacy_directly = False
2019-02-24 06:58:19,425 - INFO - allennlp.common.params - validation_dataset_reader = None
2019-02-24 06:58:19,425 - INFO - allennlp.common.params - train_data_path = ../data/allenTrain.txt
2019-02-24 06:58:19,426 - INFO - allennlp.training.util - Reading training data from ../data/allenTrain.txt
2019-02-24 06:58:19,426 - INFO - myallennlp.dataset_readers.sequence_tagging2 - Reading instances from lines in file at: ../data/allenTrain.txt
2019-02-24 06:59:19,464 - INFO - allennlp.common.params - validation_data_path = ../data/allenDev.txt
2019-02-24 06:59:19,464 - INFO - allennlp.training.util - Reading validation data from ../data/allenDev.txt
2019-02-24 06:59:19,465 - INFO - myallennlp.dataset_readers.sequence_tagging2 - Reading instances from lines in file at: ../data/allenDev.txt
2019-02-24 06:59:46,804 - INFO - allennlp.common.params - test_data_path = None
2019-02-24 06:59:46,804 - INFO - allennlp.training.trainer - From dataset instances, train, validation will be considered for vocabulary creation.
2019-02-24 06:59:46,804 - INFO - allennlp.common.params - vocabulary.type = None
2019-02-24 06:59:46,804 - INFO - allennlp.common.params - vocabulary.extend = False
2019-02-24 06:59:46,804 - INFO - allennlp.common.params - vocabulary.directory_path = None
2019-02-24 06:59:46,805 - INFO - allennlp.common.params - vocabulary.min_count = None
2019-02-24 06:59:46,805 - INFO - allennlp.common.params - vocabulary.max_vocab_size = None
2019-02-24 06:59:46,805 - INFO - allennlp.common.params - vocabulary.non_padded_namespaces = ('*tags', '*labels')
2019-02-24 06:59:46,805 - INFO - allennlp.common.params - vocabulary.min_pretrained_embeddings = None
2019-02-24 06:59:46,805 - INFO - allennlp.common.params - vocabulary.only_include_pretrained_words = False
2019-02-24 06:59:46,805 - INFO - allennlp.common.params - vocabulary.tokens_to_add = None
2019-02-24 06:59:46,805 - INFO - allennlp.data.vocabulary - Fitting token dictionary from dataset.
2019-02-24 06:59:47,897 - INFO - allennlp.common.from_params - instantiating class <class 'allennlp.models.model.Model'> from params {'Ntags0': 93, 'Ntags1': 7, 'do_crossentropy_weighting': True, 'encoder': {'bidirectional': True, 'dropout': 0.5, 'hidden_size': 72, 'input_size': 72, 'num_layers': 2, 'type': 'rnn'}, 'text_field_embedder': {'token_embedders': {'dependency_label': {'embedding_dim': 10, 'type': 'embedding', 'vocab_namespace': 'dependencies'}, 'ner_tag': {'embedding_dim': 7, 'type': 'embedding', 'vocab_namespace': 'ner'}, 'pos_tag': {'embedding_dim': 5, 'type': 'embedding', 'vocab_namespace': 'pos'}, 'tokens': {'embedding_dim': 50, 'pretrained_file': '~/src/allennlp/glove/glove.6B.50d.txt.gz', 'trainable': False, 'type': 'embedding'}}}, 'type': 'simple_tagger2'} and extras {'vocab': Vocabulary with namespaces:  dependencies, Size: 47 || ner, Size: 21 || pos, Size: 17 || tokens, Size: 21902 || labels, Size: 2 || Non Padded Namespaces: {'*tags', '*labels'}}
2019-02-24 06:59:47,897 - INFO - allennlp.common.params - model.type = simple_tagger2
2019-02-24 06:59:47,897 - INFO - allennlp.common.from_params - instantiating class <class 'myallennlp.models.simple_tagger2.SimpleTagger2'> from params {'Ntags0': 93, 'Ntags1': 7, 'do_crossentropy_weighting': True, 'encoder': {'bidirectional': True, 'dropout': 0.5, 'hidden_size': 72, 'input_size': 72, 'num_layers': 2, 'type': 'rnn'}, 'text_field_embedder': {'token_embedders': {'dependency_label': {'embedding_dim': 10, 'type': 'embedding', 'vocab_namespace': 'dependencies'}, 'ner_tag': {'embedding_dim': 7, 'type': 'embedding', 'vocab_namespace': 'ner'}, 'pos_tag': {'embedding_dim': 5, 'type': 'embedding', 'vocab_namespace': 'pos'}, 'tokens': {'embedding_dim': 50, 'pretrained_file': '~/src/allennlp/glove/glove.6B.50d.txt.gz', 'trainable': False, 'type': 'embedding'}}}} and extras {'vocab': Vocabulary with namespaces:  dependencies, Size: 47 || ner, Size: 21 || pos, Size: 17 || tokens, Size: 21902 || labels, Size: 2 || Non Padded Namespaces: {'*tags', '*labels'}}
2019-02-24 06:59:47,897 - INFO - allennlp.common.from_params - instantiating class <class 'allennlp.modules.text_field_embedders.text_field_embedder.TextFieldEmbedder'> from params {'token_embedders': {'dependency_label': {'embedding_dim': 10, 'type': 'embedding', 'vocab_namespace': 'dependencies'}, 'ner_tag': {'embedding_dim': 7, 'type': 'embedding', 'vocab_namespace': 'ner'}, 'pos_tag': {'embedding_dim': 5, 'type': 'embedding', 'vocab_namespace': 'pos'}, 'tokens': {'embedding_dim': 50, 'pretrained_file': '~/src/allennlp/glove/glove.6B.50d.txt.gz', 'trainable': False, 'type': 'embedding'}}} and extras {'vocab': Vocabulary with namespaces:  dependencies, Size: 47 || ner, Size: 21 || pos, Size: 17 || tokens, Size: 21902 || labels, Size: 2 || Non Padded Namespaces: {'*tags', '*labels'}}
2019-02-24 06:59:47,898 - INFO - allennlp.common.params - model.text_field_embedder.type = basic
2019-02-24 06:59:47,898 - INFO - allennlp.common.params - model.text_field_embedder.embedder_to_indexer_map = None
2019-02-24 06:59:47,898 - INFO - allennlp.common.params - model.text_field_embedder.allow_unmatched_keys = False
2019-02-24 06:59:47,898 - INFO - allennlp.common.from_params - instantiating class <class 'allennlp.modules.token_embedders.token_embedder.TokenEmbedder'> from params {'embedding_dim': 10, 'type': 'embedding', 'vocab_namespace': 'dependencies'} and extras {'vocab': Vocabulary with namespaces:  dependencies, Size: 47 || ner, Size: 21 || pos, Size: 17 || tokens, Size: 21902 || labels, Size: 2 || Non Padded Namespaces: {'*tags', '*labels'}}
2019-02-24 06:59:47,898 - INFO - allennlp.common.params - model.text_field_embedder.token_embedders.dependency_label.type = embedding
2019-02-24 06:59:47,898 - INFO - allennlp.common.params - model.text_field_embedder.token_embedders.dependency_label.num_embeddings = None
2019-02-24 06:59:47,899 - INFO - allennlp.common.params - model.text_field_embedder.token_embedders.dependency_label.vocab_namespace = dependencies
2019-02-24 06:59:47,899 - INFO - allennlp.common.params - model.text_field_embedder.token_embedders.dependency_label.embedding_dim = 10
2019-02-24 06:59:47,899 - INFO - allennlp.common.params - model.text_field_embedder.token_embedders.dependency_label.pretrained_file = None
2019-02-24 06:59:47,899 - INFO - allennlp.common.params - model.text_field_embedder.token_embedders.dependency_label.projection_dim = None
2019-02-24 06:59:47,899 - INFO - allennlp.common.params - model.text_field_embedder.token_embedders.dependency_label.trainable = True
2019-02-24 06:59:47,899 - INFO - allennlp.common.params - model.text_field_embedder.token_embedders.dependency_label.padding_index = None
2019-02-24 06:59:47,899 - INFO - allennlp.common.params - model.text_field_embedder.token_embedders.dependency_label.max_norm = None
2019-02-24 06:59:47,899 - INFO - allennlp.common.params - model.text_field_embedder.token_embedders.dependency_label.norm_type = 2.0
2019-02-24 06:59:47,899 - INFO - allennlp.common.params - model.text_field_embedder.token_embedders.dependency_label.scale_grad_by_freq = False
2019-02-24 06:59:47,900 - INFO - allennlp.common.params - model.text_field_embedder.token_embedders.dependency_label.sparse = False
2019-02-24 06:59:47,936 - INFO - allennlp.common.from_params - instantiating class <class 'allennlp.modules.token_embedders.token_embedder.TokenEmbedder'> from params {'embedding_dim': 7, 'type': 'embedding', 'vocab_namespace': 'ner'} and extras {'vocab': Vocabulary with namespaces:  dependencies, Size: 47 || ner, Size: 21 || pos, Size: 17 || tokens, Size: 21902 || labels, Size: 2 || Non Padded Namespaces: {'*tags', '*labels'}}
2019-02-24 06:59:47,936 - INFO - allennlp.common.params - model.text_field_embedder.token_embedders.ner_tag.type = embedding
2019-02-24 06:59:47,936 - INFO - allennlp.common.params - model.text_field_embedder.token_embedders.ner_tag.num_embeddings = None
2019-02-24 06:59:47,936 - INFO - allennlp.common.params - model.text_field_embedder.token_embedders.ner_tag.vocab_namespace = ner
2019-02-24 06:59:47,936 - INFO - allennlp.common.params - model.text_field_embedder.token_embedders.ner_tag.embedding_dim = 7
2019-02-24 06:59:47,936 - INFO - allennlp.common.params - model.text_field_embedder.token_embedders.ner_tag.pretrained_file = None
2019-02-24 06:59:47,936 - INFO - allennlp.common.params - model.text_field_embedder.token_embedders.ner_tag.projection_dim = None
2019-02-24 06:59:47,937 - INFO - allennlp.common.params - model.text_field_embedder.token_embedders.ner_tag.trainable = True
2019-02-24 06:59:47,937 - INFO - allennlp.common.params - model.text_field_embedder.token_embedders.ner_tag.padding_index = None
2019-02-24 06:59:47,937 - INFO - allennlp.common.params - model.text_field_embedder.token_embedders.ner_tag.max_norm = None
2019-02-24 06:59:47,937 - INFO - allennlp.common.params - model.text_field_embedder.token_embedders.ner_tag.norm_type = 2.0
2019-02-24 06:59:47,937 - INFO - allennlp.common.params - model.text_field_embedder.token_embedders.ner_tag.scale_grad_by_freq = False
2019-02-24 06:59:47,937 - INFO - allennlp.common.params - model.text_field_embedder.token_embedders.ner_tag.sparse = False
2019-02-24 06:59:47,937 - INFO - allennlp.common.from_params - instantiating class <class 'allennlp.modules.token_embedders.token_embedder.TokenEmbedder'> from params {'embedding_dim': 5, 'type': 'embedding', 'vocab_namespace': 'pos'} and extras {'vocab': Vocabulary with namespaces:  dependencies, Size: 47 || ner, Size: 21 || pos, Size: 17 || tokens, Size: 21902 || labels, Size: 2 || Non Padded Namespaces: {'*tags', '*labels'}}
2019-02-24 06:59:47,938 - INFO - allennlp.common.params - model.text_field_embedder.token_embedders.pos_tag.type = embedding
2019-02-24 06:59:47,938 - INFO - allennlp.common.params - model.text_field_embedder.token_embedders.pos_tag.num_embeddings = None
2019-02-24 06:59:47,938 - INFO - allennlp.common.params - model.text_field_embedder.token_embedders.pos_tag.vocab_namespace = pos
2019-02-24 06:59:47,938 - INFO - allennlp.common.params - model.text_field_embedder.token_embedders.pos_tag.embedding_dim = 5
2019-02-24 06:59:47,938 - INFO - allennlp.common.params - model.text_field_embedder.token_embedders.pos_tag.pretrained_file = None
2019-02-24 06:59:47,938 - INFO - allennlp.common.params - model.text_field_embedder.token_embedders.pos_tag.projection_dim = None
2019-02-24 06:59:47,938 - INFO - allennlp.common.params - model.text_field_embedder.token_embedders.pos_tag.trainable = True
2019-02-24 06:59:47,938 - INFO - allennlp.common.params - model.text_field_embedder.token_embedders.pos_tag.padding_index = None
2019-02-24 06:59:47,939 - INFO - allennlp.common.params - model.text_field_embedder.token_embedders.pos_tag.max_norm = None
2019-02-24 06:59:47,939 - INFO - allennlp.common.params - model.text_field_embedder.token_embedders.pos_tag.norm_type = 2.0
2019-02-24 06:59:47,939 - INFO - allennlp.common.params - model.text_field_embedder.token_embedders.pos_tag.scale_grad_by_freq = False
2019-02-24 06:59:47,939 - INFO - allennlp.common.params - model.text_field_embedder.token_embedders.pos_tag.sparse = False
2019-02-24 06:59:47,939 - INFO - allennlp.common.from_params - instantiating class <class 'allennlp.modules.token_embedders.token_embedder.TokenEmbedder'> from params {'embedding_dim': 50, 'pretrained_file': '~/src/allennlp/glove/glove.6B.50d.txt.gz', 'trainable': False, 'type': 'embedding'} and extras {'vocab': Vocabulary with namespaces:  dependencies, Size: 47 || ner, Size: 21 || pos, Size: 17 || tokens, Size: 21902 || labels, Size: 2 || Non Padded Namespaces: {'*tags', '*labels'}}
2019-02-24 06:59:47,939 - INFO - allennlp.common.params - model.text_field_embedder.token_embedders.tokens.type = embedding
2019-02-24 06:59:47,940 - INFO - allennlp.common.params - model.text_field_embedder.token_embedders.tokens.num_embeddings = None
2019-02-24 06:59:47,940 - INFO - allennlp.common.params - model.text_field_embedder.token_embedders.tokens.vocab_namespace = tokens
2019-02-24 06:59:47,940 - INFO - allennlp.common.params - model.text_field_embedder.token_embedders.tokens.embedding_dim = 50
2019-02-24 06:59:47,940 - INFO - allennlp.common.params - model.text_field_embedder.token_embedders.tokens.pretrained_file = ~/src/allennlp/glove/glove.6B.50d.txt.gz
2019-02-24 06:59:47,940 - INFO - allennlp.common.params - model.text_field_embedder.token_embedders.tokens.projection_dim = None
2019-02-24 06:59:47,940 - INFO - allennlp.common.params - model.text_field_embedder.token_embedders.tokens.trainable = False
2019-02-24 06:59:47,940 - INFO - allennlp.common.params - model.text_field_embedder.token_embedders.tokens.padding_index = None
2019-02-24 06:59:47,940 - INFO - allennlp.common.params - model.text_field_embedder.token_embedders.tokens.max_norm = None
2019-02-24 06:59:47,940 - INFO - allennlp.common.params - model.text_field_embedder.token_embedders.tokens.norm_type = 2.0
2019-02-24 06:59:47,941 - INFO - allennlp.common.params - model.text_field_embedder.token_embedders.tokens.scale_grad_by_freq = False
2019-02-24 06:59:47,941 - INFO - allennlp.common.params - model.text_field_embedder.token_embedders.tokens.sparse = False
2019-02-24 06:59:47,943 - INFO - allennlp.modules.token_embedders.embedding - Reading pretrained embeddings from file
2019-02-24 06:59:50,509 - INFO - allennlp.modules.token_embedders.embedding - Initializing pre-trained embedding layer
2019-02-24 06:59:50,665 - INFO - allennlp.modules.token_embedders.embedding - Pretrained embeddings were found for 20103 out of 21902 tokens
2019-02-24 06:59:50,669 - INFO - allennlp.common.from_params - instantiating class <class 'allennlp.modules.seq2seq_encoders.seq2seq_encoder.Seq2SeqEncoder'> from params {'bidirectional': True, 'dropout': 0.5, 'hidden_size': 72, 'input_size': 72, 'num_layers': 2, 'type': 'rnn'} and extras {'vocab': Vocabulary with namespaces:  dependencies, Size: 47 || ner, Size: 21 || pos, Size: 17 || tokens, Size: 21902 || labels, Size: 2 || Non Padded Namespaces: {'*tags', '*labels'}}
2019-02-24 06:59:50,670 - INFO - allennlp.common.params - model.encoder.type = rnn
2019-02-24 06:59:50,670 - INFO - allennlp.common.params - model.encoder.batch_first = True
2019-02-24 06:59:50,670 - INFO - allennlp.common.params - model.encoder.stateful = False
2019-02-24 06:59:50,670 - INFO - allennlp.common.params - Converting Params object to dict; logging of default values will not occur when dictionary parameters are used subsequently.
2019-02-24 06:59:50,670 - INFO - allennlp.common.params - CURRENTLY DEFINED PARAMETERS: 
2019-02-24 06:59:50,670 - INFO - allennlp.common.params - model.encoder.bidirectional = True
2019-02-24 06:59:50,671 - INFO - allennlp.common.params - model.encoder.dropout = 0.5
2019-02-24 06:59:50,671 - INFO - allennlp.common.params - model.encoder.hidden_size = 72
2019-02-24 06:59:50,671 - INFO - allennlp.common.params - model.encoder.input_size = 72
2019-02-24 06:59:50,671 - INFO - allennlp.common.params - model.encoder.num_layers = 2
2019-02-24 06:59:50,671 - INFO - allennlp.common.params - model.encoder.batch_first = True
2019-02-24 06:59:50,672 - INFO - allennlp.common.params - model.do_crossentropy_weighting = True
2019-02-24 06:59:50,673 - INFO - allennlp.common.params - model.Ntags0 = 93
2019-02-24 06:59:50,673 - INFO - allennlp.common.params - model.Ntags1 = 7
2019-02-24 06:59:50,673 - INFO - allennlp.nn.initializers - Initializing parameters
2019-02-24 06:59:50,673 - INFO - allennlp.nn.initializers - Done initializing parameters; the following parameters are using their default initialization from their code
2019-02-24 06:59:50,673 - INFO - allennlp.nn.initializers -    encoder._module.bias_hh_l0
2019-02-24 06:59:50,674 - INFO - allennlp.nn.initializers -    encoder._module.bias_hh_l0_reverse
2019-02-24 06:59:50,674 - INFO - allennlp.nn.initializers -    encoder._module.bias_hh_l1
2019-02-24 06:59:50,674 - INFO - allennlp.nn.initializers -    encoder._module.bias_hh_l1_reverse
2019-02-24 06:59:50,674 - INFO - allennlp.nn.initializers -    encoder._module.bias_ih_l0
2019-02-24 06:59:50,674 - INFO - allennlp.nn.initializers -    encoder._module.bias_ih_l0_reverse
2019-02-24 06:59:50,674 - INFO - allennlp.nn.initializers -    encoder._module.bias_ih_l1
2019-02-24 06:59:50,674 - INFO - allennlp.nn.initializers -    encoder._module.bias_ih_l1_reverse
2019-02-24 06:59:50,674 - INFO - allennlp.nn.initializers -    encoder._module.weight_hh_l0
2019-02-24 06:59:50,674 - INFO - allennlp.nn.initializers -    encoder._module.weight_hh_l0_reverse
2019-02-24 06:59:50,675 - INFO - allennlp.nn.initializers -    encoder._module.weight_hh_l1
2019-02-24 06:59:50,675 - INFO - allennlp.nn.initializers -    encoder._module.weight_hh_l1_reverse
2019-02-24 06:59:50,675 - INFO - allennlp.nn.initializers -    encoder._module.weight_ih_l0
2019-02-24 06:59:50,675 - INFO - allennlp.nn.initializers -    encoder._module.weight_ih_l0_reverse
2019-02-24 06:59:50,675 - INFO - allennlp.nn.initializers -    encoder._module.weight_ih_l1
2019-02-24 06:59:50,675 - INFO - allennlp.nn.initializers -    encoder._module.weight_ih_l1_reverse
2019-02-24 06:59:50,675 - INFO - allennlp.nn.initializers -    tag_projection_layer._module.bias
2019-02-24 06:59:50,675 - INFO - allennlp.nn.initializers -    tag_projection_layer._module.weight
2019-02-24 06:59:50,675 - INFO - allennlp.nn.initializers -    text_field_embedder.token_embedder_dependency_label.weight
2019-02-24 06:59:50,675 - INFO - allennlp.nn.initializers -    text_field_embedder.token_embedder_ner_tag.weight
2019-02-24 06:59:50,676 - INFO - allennlp.nn.initializers -    text_field_embedder.token_embedder_pos_tag.weight
2019-02-24 06:59:50,676 - INFO - allennlp.nn.initializers -    text_field_embedder.token_embedder_tokens.weight
2019-02-24 06:59:50,737 - INFO - allennlp.common.from_params - instantiating class <class 'allennlp.data.iterators.data_iterator.DataIterator'> from params {'batch_size': 32, 'type': 'basic'} and extras {}
2019-02-24 06:59:50,737 - INFO - allennlp.common.params - iterator.type = basic
2019-02-24 06:59:50,737 - INFO - allennlp.common.from_params - instantiating class <class 'allennlp.data.iterators.basic_iterator.BasicIterator'> from params {'batch_size': 32} and extras {}
2019-02-24 06:59:50,737 - INFO - allennlp.common.params - iterator.batch_size = 32
2019-02-24 06:59:50,737 - INFO - allennlp.common.params - iterator.instances_per_epoch = None
2019-02-24 06:59:50,737 - INFO - allennlp.common.params - iterator.max_instances_in_memory = None
2019-02-24 06:59:50,738 - INFO - allennlp.common.params - iterator.cache_instances = False
2019-02-24 06:59:50,738 - INFO - allennlp.common.params - iterator.track_epoch = False
2019-02-24 06:59:50,738 - INFO - allennlp.common.params - iterator.maximum_samples_per_batch = None
2019-02-24 06:59:50,738 - INFO - allennlp.common.params - validation_iterator = None
2019-02-24 06:59:50,738 - INFO - allennlp.common.params - trainer.no_grad = ()
2019-02-24 06:59:50,738 - INFO - allennlp.training.trainer - Following parameters are Frozen  (without gradient):
2019-02-24 06:59:50,738 - INFO - allennlp.training.trainer - text_field_embedder.token_embedder_tokens.weight
2019-02-24 06:59:50,739 - INFO - allennlp.training.trainer - Following parameters are Tunable (with gradient):
2019-02-24 06:59:50,739 - INFO - allennlp.training.trainer - text_field_embedder.token_embedder_dependency_label.weight
2019-02-24 06:59:50,739 - INFO - allennlp.training.trainer - text_field_embedder.token_embedder_ner_tag.weight
2019-02-24 06:59:50,739 - INFO - allennlp.training.trainer - text_field_embedder.token_embedder_pos_tag.weight
2019-02-24 06:59:50,739 - INFO - allennlp.training.trainer - encoder._module.weight_ih_l0
2019-02-24 06:59:50,739 - INFO - allennlp.training.trainer - encoder._module.weight_hh_l0
2019-02-24 06:59:50,739 - INFO - allennlp.training.trainer - encoder._module.bias_ih_l0
2019-02-24 06:59:50,739 - INFO - allennlp.training.trainer - encoder._module.bias_hh_l0
2019-02-24 06:59:50,739 - INFO - allennlp.training.trainer - encoder._module.weight_ih_l0_reverse
2019-02-24 06:59:50,740 - INFO - allennlp.training.trainer - encoder._module.weight_hh_l0_reverse
2019-02-24 06:59:50,740 - INFO - allennlp.training.trainer - encoder._module.bias_ih_l0_reverse
2019-02-24 06:59:50,740 - INFO - allennlp.training.trainer - encoder._module.bias_hh_l0_reverse
2019-02-24 06:59:50,740 - INFO - allennlp.training.trainer - encoder._module.weight_ih_l1
2019-02-24 06:59:50,740 - INFO - allennlp.training.trainer - encoder._module.weight_hh_l1
2019-02-24 06:59:50,740 - INFO - allennlp.training.trainer - encoder._module.bias_ih_l1
2019-02-24 06:59:50,740 - INFO - allennlp.training.trainer - encoder._module.bias_hh_l1
2019-02-24 06:59:50,740 - INFO - allennlp.training.trainer - encoder._module.weight_ih_l1_reverse
2019-02-24 06:59:50,740 - INFO - allennlp.training.trainer - encoder._module.weight_hh_l1_reverse
2019-02-24 06:59:50,741 - INFO - allennlp.training.trainer - encoder._module.bias_ih_l1_reverse
2019-02-24 06:59:50,741 - INFO - allennlp.training.trainer - encoder._module.bias_hh_l1_reverse
2019-02-24 06:59:50,741 - INFO - allennlp.training.trainer - tag_projection_layer._module.weight
2019-02-24 06:59:50,741 - INFO - allennlp.training.trainer - tag_projection_layer._module.bias
2019-02-24 06:59:50,741 - INFO - allennlp.common.params - trainer.patience = 5
2019-02-24 06:59:50,741 - INFO - allennlp.common.params - trainer.validation_metric = -loss
2019-02-24 06:59:50,741 - INFO - allennlp.common.params - trainer.shuffle = True
2019-02-24 06:59:50,741 - INFO - allennlp.common.params - trainer.num_epochs = 40
2019-02-24 06:59:50,741 - INFO - allennlp.common.params - trainer.cuda_device = 0
2019-02-24 06:59:50,741 - INFO - allennlp.common.params - trainer.grad_norm = None
2019-02-24 06:59:50,742 - INFO - allennlp.common.params - trainer.grad_clipping = None
2019-02-24 06:59:50,742 - INFO - allennlp.common.params - trainer.learning_rate_scheduler = None
2019-02-24 06:59:50,742 - INFO - allennlp.common.params - trainer.momentum_scheduler = None
2019-02-24 06:59:55,790 - INFO - allennlp.common.params - trainer.optimizer = adam
2019-02-24 06:59:55,790 - INFO - allennlp.common.params - parameter_groups = None
2019-02-24 06:59:55,790 - INFO - allennlp.training.optimizers - Number of trainable parameters: 53408
2019-02-24 06:59:55,791 - INFO - allennlp.common.params - infer_type_and_cast = True
2019-02-24 06:59:55,791 - INFO - allennlp.common.params - Converting Params object to dict; logging of default values will not occur when dictionary parameters are used subsequently.
2019-02-24 06:59:55,791 - INFO - allennlp.common.params - CURRENTLY DEFINED PARAMETERS: 
2019-02-24 06:59:55,792 - INFO - allennlp.common.params - trainer.num_serialized_models_to_keep = 20
2019-02-24 06:59:55,792 - INFO - allennlp.common.params - trainer.keep_serialized_model_every_num_seconds = None
2019-02-24 06:59:55,792 - INFO - allennlp.common.params - trainer.model_save_interval = None
2019-02-24 06:59:55,792 - INFO - allennlp.common.params - trainer.summary_interval = 100
2019-02-24 06:59:55,792 - INFO - allennlp.common.params - trainer.histogram_interval = None
2019-02-24 06:59:55,792 - INFO - allennlp.common.params - trainer.should_log_parameter_statistics = True
2019-02-24 06:59:55,792 - INFO - allennlp.common.params - trainer.should_log_learning_rate = False
2019-02-24 06:59:55,792 - INFO - allennlp.common.params - trainer.log_batch_size_period = None
2019-02-24 06:59:55,794 - INFO - allennlp.training.trainer - Beginning training.
2019-02-24 06:59:55,795 - INFO - allennlp.training.trainer - Epoch 0/39
2019-02-24 06:59:55,795 - INFO - allennlp.training.trainer - Peak CPU memory usage MB: 2629.776
2019-02-24 06:59:55,852 - INFO - allennlp.training.trainer - GPU 0 memory usage MB: 328
2019-02-24 06:59:55,853 - INFO - allennlp.training.trainer - Training
2019-02-24 07:00:10,835 - INFO - allennlp.training.trainer - Validating
2019-02-24 07:00:13,862 - INFO - allennlp.training.tensorboard_writer -                     Training |  Validation
2019-02-24 07:00:13,862 - INFO - allennlp.training.tensorboard_writer - cpu_memory_MB   |  2629.776  |       N/A
2019-02-24 07:00:13,863 - INFO - allennlp.training.tensorboard_writer - accuracy3       |     1.000  |     1.000
2019-02-24 07:00:13,863 - INFO - allennlp.training.tensorboard_writer - loss            |     0.427  |     0.492
2019-02-24 07:00:13,864 - INFO - allennlp.training.tensorboard_writer - accuracy        |     0.862  |     0.854
2019-02-24 07:00:13,864 - INFO - allennlp.training.tensorboard_writer - gpu_0_memory_MB |   328.000  |       N/A
2019-02-24 07:00:13,876 - INFO - allennlp.training.checkpointer - Best validation performance so far. Copying weights to './model_params/best.th'.
2019-02-24 07:00:13,880 - INFO - allennlp.training.trainer - Epoch duration: 00:00:18
2019-02-24 07:00:13,881 - INFO - allennlp.training.trainer - Estimated training time remaining: 0:11:45
2019-02-24 07:00:13,881 - INFO - allennlp.training.trainer - Epoch 1/39
2019-02-24 07:00:13,881 - INFO - allennlp.training.trainer - Peak CPU memory usage MB: 2666.08
2019-02-24 07:00:13,945 - INFO - allennlp.training.trainer - GPU 0 memory usage MB: 351
2019-02-24 07:00:13,945 - INFO - allennlp.training.trainer - Training
2019-02-24 07:00:27,798 - INFO - allennlp.training.trainer - Validating
2019-02-24 07:00:30,208 - INFO - allennlp.training.tensorboard_writer -                     Training |  Validation
2019-02-24 07:00:30,208 - INFO - allennlp.training.tensorboard_writer - cpu_memory_MB   |  2666.080  |       N/A
2019-02-24 07:00:30,209 - INFO - allennlp.training.tensorboard_writer - accuracy3       |     1.000  |     1.000
2019-02-24 07:00:30,209 - INFO - allennlp.training.tensorboard_writer - loss            |     0.389  |     0.478
2019-02-24 07:00:30,210 - INFO - allennlp.training.tensorboard_writer - accuracy        |     0.860  |     0.845
2019-02-24 07:00:30,211 - INFO - allennlp.training.tensorboard_writer - gpu_0_memory_MB |   351.000  |       N/A
2019-02-24 07:00:30,221 - INFO - allennlp.training.checkpointer - Best validation performance so far. Copying weights to './model_params/best.th'.
2019-02-24 07:00:30,226 - INFO - allennlp.training.trainer - Epoch duration: 00:00:16
2019-02-24 07:00:30,227 - INFO - allennlp.training.trainer - Estimated training time remaining: 0:10:54
2019-02-24 07:00:30,227 - INFO - allennlp.training.trainer - Epoch 2/39
2019-02-24 07:00:30,227 - INFO - allennlp.training.trainer - Peak CPU memory usage MB: 2666.58
2019-02-24 07:00:30,288 - INFO - allennlp.training.trainer - GPU 0 memory usage MB: 351
2019-02-24 07:00:30,289 - INFO - allennlp.training.trainer - Training
2019-02-24 07:00:43,966 - INFO - allennlp.training.trainer - Validating
2019-02-24 07:00:46,382 - INFO - allennlp.training.tensorboard_writer -                     Training |  Validation
2019-02-24 07:00:46,383 - INFO - allennlp.training.tensorboard_writer - cpu_memory_MB   |  2666.580  |       N/A
2019-02-24 07:00:46,383 - INFO - allennlp.training.tensorboard_writer - accuracy3       |     1.000  |     1.000
2019-02-24 07:00:46,384 - INFO - allennlp.training.tensorboard_writer - loss            |     0.376  |     0.470
2019-02-24 07:00:46,384 - INFO - allennlp.training.tensorboard_writer - accuracy        |     0.858  |     0.842
2019-02-24 07:00:46,385 - INFO - allennlp.training.tensorboard_writer - gpu_0_memory_MB |   351.000  |       N/A
2019-02-24 07:00:46,394 - INFO - allennlp.training.checkpointer - Best validation performance so far. Copying weights to './model_params/best.th'.
2019-02-24 07:00:46,400 - INFO - allennlp.training.trainer - Epoch duration: 00:00:16
2019-02-24 07:00:46,400 - INFO - allennlp.training.trainer - Estimated training time remaining: 0:10:24
2019-02-24 07:00:46,400 - INFO - allennlp.training.trainer - Epoch 3/39
2019-02-24 07:00:46,401 - INFO - allennlp.training.trainer - Peak CPU memory usage MB: 2666.772
2019-02-24 07:00:46,464 - INFO - allennlp.training.trainer - GPU 0 memory usage MB: 352
2019-02-24 07:00:46,464 - INFO - allennlp.training.trainer - Training
2019-02-24 07:01:00,370 - INFO - allennlp.training.trainer - Validating
2019-02-24 07:01:02,786 - INFO - allennlp.training.tensorboard_writer -                     Training |  Validation
2019-02-24 07:01:02,786 - INFO - allennlp.training.tensorboard_writer - cpu_memory_MB   |  2666.772  |       N/A
2019-02-24 07:01:02,787 - INFO - allennlp.training.tensorboard_writer - accuracy3       |     1.000  |     1.000
2019-02-24 07:01:02,787 - INFO - allennlp.training.tensorboard_writer - loss            |     0.369  |     0.478
2019-02-24 07:01:02,789 - INFO - allennlp.training.tensorboard_writer - accuracy        |     0.858  |     0.863
2019-02-24 07:01:02,789 - INFO - allennlp.training.tensorboard_writer - gpu_0_memory_MB |   352.000  |       N/A
2019-02-24 07:01:02,799 - INFO - allennlp.training.trainer - Epoch duration: 00:00:16
2019-02-24 07:01:02,799 - INFO - allennlp.training.trainer - Estimated training time remaining: 0:10:03
2019-02-24 07:01:02,799 - INFO - allennlp.training.trainer - Epoch 4/39
2019-02-24 07:01:02,799 - INFO - allennlp.training.trainer - Peak CPU memory usage MB: 2666.848
2019-02-24 07:01:02,865 - INFO - allennlp.training.trainer - GPU 0 memory usage MB: 352
2019-02-24 07:01:02,866 - INFO - allennlp.training.trainer - Training
2019-02-24 07:01:16,726 - INFO - allennlp.training.trainer - Validating
2019-02-24 07:01:19,124 - INFO - allennlp.training.tensorboard_writer -                     Training |  Validation
2019-02-24 07:01:19,125 - INFO - allennlp.training.tensorboard_writer - cpu_memory_MB   |  2666.848  |       N/A
2019-02-24 07:01:19,125 - INFO - allennlp.training.tensorboard_writer - accuracy3       |     1.000  |     1.000
2019-02-24 07:01:19,126 - INFO - allennlp.training.tensorboard_writer - loss            |     0.363  |     0.480
2019-02-24 07:01:19,126 - INFO - allennlp.training.tensorboard_writer - accuracy        |     0.860  |     0.862
2019-02-24 07:01:19,126 - INFO - allennlp.training.tensorboard_writer - gpu_0_memory_MB |   352.000  |       N/A
2019-02-24 07:01:19,137 - INFO - allennlp.training.trainer - Epoch duration: 00:00:16
2019-02-24 07:01:19,138 - INFO - allennlp.training.trainer - Estimated training time remaining: 0:09:43
2019-02-24 07:01:19,138 - INFO - allennlp.training.trainer - Epoch 5/39
2019-02-24 07:01:19,138 - INFO - allennlp.training.trainer - Peak CPU memory usage MB: 2667.04
2019-02-24 07:01:19,199 - INFO - allennlp.training.trainer - GPU 0 memory usage MB: 352
2019-02-24 07:01:19,199 - INFO - allennlp.training.trainer - Training
2019-02-24 07:01:33,031 - INFO - allennlp.training.trainer - Validating
2019-02-24 07:01:35,448 - INFO - allennlp.training.tensorboard_writer -                     Training |  Validation
2019-02-24 07:01:35,449 - INFO - allennlp.training.tensorboard_writer - cpu_memory_MB   |  2667.040  |       N/A
2019-02-24 07:01:35,449 - INFO - allennlp.training.tensorboard_writer - accuracy3       |     1.000  |     1.000
2019-02-24 07:01:35,450 - INFO - allennlp.training.tensorboard_writer - loss            |     0.358  |     0.472
2019-02-24 07:01:35,450 - INFO - allennlp.training.tensorboard_writer - accuracy        |     0.863  |     0.840
2019-02-24 07:01:35,451 - INFO - allennlp.training.tensorboard_writer - gpu_0_memory_MB |   352.000  |       N/A
2019-02-24 07:01:35,461 - INFO - allennlp.training.trainer - Epoch duration: 00:00:16
2019-02-24 07:01:35,462 - INFO - allennlp.training.trainer - Estimated training time remaining: 0:09:24
2019-02-24 07:01:35,462 - INFO - allennlp.training.trainer - Epoch 6/39
2019-02-24 07:01:35,462 - INFO - allennlp.training.trainer - Peak CPU memory usage MB: 2667.132
2019-02-24 07:01:35,520 - INFO - allennlp.training.trainer - GPU 0 memory usage MB: 352
2019-02-24 07:01:35,520 - INFO - allennlp.training.trainer - Training
2019-02-24 07:01:49,326 - INFO - allennlp.training.trainer - Validating
2019-02-24 07:01:51,738 - INFO - allennlp.training.tensorboard_writer -                     Training |  Validation
2019-02-24 07:01:51,739 - INFO - allennlp.training.tensorboard_writer - cpu_memory_MB   |  2667.132  |       N/A
2019-02-24 07:01:51,739 - INFO - allennlp.training.tensorboard_writer - accuracy3       |     1.000  |     1.000
2019-02-24 07:01:51,740 - INFO - allennlp.training.tensorboard_writer - loss            |     0.353  |     0.477
2019-02-24 07:01:51,741 - INFO - allennlp.training.tensorboard_writer - accuracy        |     0.864  |     0.835
2019-02-24 07:01:51,741 - INFO - allennlp.training.tensorboard_writer - gpu_0_memory_MB |   352.000  |       N/A
2019-02-24 07:01:51,754 - INFO - allennlp.training.trainer - Epoch duration: 00:00:16
2019-02-24 07:01:51,755 - INFO - allennlp.training.trainer - Estimated training time remaining: 0:09:06
2019-02-24 07:01:51,755 - INFO - allennlp.training.trainer - Epoch 7/39
2019-02-24 07:01:51,755 - INFO - allennlp.training.trainer - Peak CPU memory usage MB: 2667.232
2019-02-24 07:01:51,813 - INFO - allennlp.training.trainer - GPU 0 memory usage MB: 352
2019-02-24 07:01:51,813 - INFO - allennlp.training.trainer - Training
2019-02-24 07:02:05,526 - INFO - allennlp.training.trainer - Validating
2019-02-24 07:02:07,927 - INFO - allennlp.training.trainer - Ran out of patience.  Stopping training.
2019-02-24 07:02:07,927 - INFO - allennlp.training.checkpointer - loading best weights
Token batch process time:
59.65931224822998
Token batch process time:
26.96172785758972
