2019-02-13 01:59:44,960 - INFO - allennlp.common.from_params - instantiating class <class 'allennlp.data.dataset_readers.dataset_reader.DatasetReader'> from params {'mytokenizer': {'type': 'word', 'word_splitter': {'ner': True, 'parse': True, 'pos_tags': True, 'type': 'whitespacy'}}, 'token_indexers': {'dependency_label': {'namespace': 'dependencies', 'type': 'dependency_label'}, 'ner_tag': {'namespace': 'ner', 'type': 'ner_tag'}, 'pos_tag': {'coarse_tags': True, 'namespace': 'pos', 'type': 'pos_tag'}}, 'type': 'sequence_tagging2', 'word_tag_delimiter': '//'} and extras {}
2019-02-13 01:59:44,961 - INFO - allennlp.common.params - dataset_reader.type = sequence_tagging2
2019-02-13 01:59:44,961 - INFO - allennlp.common.from_params - instantiating class <class 'myallennlp.dataset_readers.sequence_tagging2.SequenceTaggingDatasetReader'> from params {'mytokenizer': {'type': 'word', 'word_splitter': {'ner': True, 'parse': True, 'pos_tags': True, 'type': 'whitespacy'}}, 'token_indexers': {'dependency_label': {'namespace': 'dependencies', 'type': 'dependency_label'}, 'ner_tag': {'namespace': 'ner', 'type': 'ner_tag'}, 'pos_tag': {'coarse_tags': True, 'namespace': 'pos', 'type': 'pos_tag'}}, 'word_tag_delimiter': '//'} and extras {}
2019-02-13 01:59:44,961 - INFO - allennlp.common.params - dataset_reader.word_tag_delimiter = //
2019-02-13 01:59:44,961 - INFO - allennlp.common.params - dataset_reader.token_delimiter = None
2019-02-13 01:59:44,961 - INFO - allennlp.common.from_params - instantiating class allennlp.data.token_indexers.token_indexer.TokenIndexer from params {'namespace': 'dependencies', 'type': 'dependency_label'} and extras {}
2019-02-13 01:59:44,962 - INFO - allennlp.common.params - dataset_reader.token_indexers.dependency_label.type = dependency_label
2019-02-13 01:59:44,962 - INFO - allennlp.common.from_params - instantiating class allennlp.data.token_indexers.dep_label_indexer.DepLabelIndexer from params {'namespace': 'dependencies'} and extras {}
2019-02-13 01:59:44,962 - INFO - allennlp.common.params - dataset_reader.token_indexers.dependency_label.namespace = dependencies
2019-02-13 01:59:44,962 - INFO - allennlp.common.from_params - instantiating class allennlp.data.token_indexers.token_indexer.TokenIndexer from params {'namespace': 'ner', 'type': 'ner_tag'} and extras {}
2019-02-13 01:59:44,962 - INFO - allennlp.common.params - dataset_reader.token_indexers.ner_tag.type = ner_tag
2019-02-13 01:59:44,962 - INFO - allennlp.common.from_params - instantiating class allennlp.data.token_indexers.ner_tag_indexer.NerTagIndexer from params {'namespace': 'ner'} and extras {}
2019-02-13 01:59:44,963 - INFO - allennlp.common.params - dataset_reader.token_indexers.ner_tag.namespace = ner
2019-02-13 01:59:44,963 - INFO - allennlp.common.from_params - instantiating class allennlp.data.token_indexers.token_indexer.TokenIndexer from params {'coarse_tags': True, 'namespace': 'pos', 'type': 'pos_tag'} and extras {}
2019-02-13 01:59:44,963 - INFO - allennlp.common.params - dataset_reader.token_indexers.pos_tag.type = pos_tag
2019-02-13 01:59:44,963 - INFO - allennlp.common.from_params - instantiating class allennlp.data.token_indexers.pos_tag_indexer.PosTagIndexer from params {'coarse_tags': True, 'namespace': 'pos'} and extras {}
2019-02-13 01:59:44,963 - INFO - allennlp.common.params - dataset_reader.token_indexers.pos_tag.namespace = pos
2019-02-13 01:59:44,964 - INFO - allennlp.common.params - dataset_reader.token_indexers.pos_tag.coarse_tags = True
2019-02-13 01:59:44,964 - INFO - allennlp.common.params - dataset_reader.lazy = False
2019-02-13 01:59:44,964 - INFO - allennlp.common.from_params - instantiating class <class 'allennlp.data.tokenizers.tokenizer.Tokenizer'> from params {'type': 'word', 'word_splitter': {'ner': True, 'parse': True, 'pos_tags': True, 'type': 'whitespacy'}} and extras {}
2019-02-13 01:59:44,964 - INFO - allennlp.common.params - dataset_reader.mytokenizer.type = word
2019-02-13 01:59:44,964 - INFO - allennlp.common.from_params - instantiating class <class 'allennlp.data.tokenizers.word_tokenizer.WordTokenizer'> from params {'word_splitter': {'ner': True, 'parse': True, 'pos_tags': True, 'type': 'whitespacy'}} and extras {}
2019-02-13 01:59:44,964 - INFO - allennlp.common.from_params - instantiating class <class 'allennlp.data.tokenizers.word_splitter.WordSplitter'> from params {'ner': True, 'parse': True, 'pos_tags': True, 'type': 'whitespacy'} and extras {}
2019-02-13 01:59:44,965 - INFO - allennlp.common.params - dataset_reader.mytokenizer.word_splitter.type = whitespacy
2019-02-13 01:59:44,965 - INFO - allennlp.common.from_params - instantiating class <class 'myallennlp.data.tokenizers.word_splitter.SpacyWordSplitter'> from params {'ner': True, 'parse': True, 'pos_tags': True} and extras {}
2019-02-13 01:59:44,965 - INFO - allennlp.common.params - dataset_reader.mytokenizer.word_splitter.language = en_core_web_sm
2019-02-13 01:59:44,965 - INFO - allennlp.common.params - dataset_reader.mytokenizer.word_splitter.pos_tags = True
2019-02-13 01:59:44,965 - INFO - allennlp.common.params - dataset_reader.mytokenizer.word_splitter.parse = True
2019-02-13 01:59:44,965 - INFO - allennlp.common.params - dataset_reader.mytokenizer.word_splitter.ner = True
2019-02-13 01:59:45,539 - INFO - allennlp.common.params - dataset_reader.mytokenizer.start_tokens = None
2019-02-13 01:59:45,540 - INFO - allennlp.common.params - dataset_reader.mytokenizer.end_tokens = None
2019-02-13 01:59:45,540 - INFO - allennlp.common.params - dataset_reader.use_spacy_directly = False
2019-02-13 01:59:45,540 - INFO - allennlp.common.params - validation_dataset_reader = None
2019-02-13 01:59:45,540 - INFO - allennlp.common.params - train_data_path = ../data/allenTrain.txt
2019-02-13 01:59:45,540 - INFO - allennlp.commands.train - Reading training data from ../data/allenTrain.txt
2019-02-13 01:59:45,541 - INFO - myallennlp.dataset_readers.sequence_tagging2 - Reading instances from lines in file at: ../data/allenTrain.txt
2019-02-13 02:00:42,243 - INFO - allennlp.common.params - validation_data_path = ../data/allenDev.txt
2019-02-13 02:00:42,243 - INFO - allennlp.commands.train - Reading validation data from ../data/allenDev.txt
2019-02-13 02:00:42,244 - INFO - myallennlp.dataset_readers.sequence_tagging2 - Reading instances from lines in file at: ../data/allenDev.txt
2019-02-13 02:01:11,930 - INFO - allennlp.common.params - test_data_path = None
2019-02-13 02:01:11,930 - INFO - allennlp.commands.train - From dataset instances, train, validation will be considered for vocabulary creation.
2019-02-13 02:01:11,930 - INFO - allennlp.common.params - vocabulary.type = None
2019-02-13 02:01:11,930 - INFO - allennlp.common.params - vocabulary.extend = False
2019-02-13 02:01:11,931 - INFO - allennlp.common.params - vocabulary.directory_path = None
2019-02-13 02:01:11,931 - INFO - allennlp.common.params - vocabulary.min_count = None
2019-02-13 02:01:11,931 - INFO - allennlp.common.params - vocabulary.max_vocab_size = None
2019-02-13 02:01:11,931 - INFO - allennlp.common.params - vocabulary.non_padded_namespaces = ('*tags', '*labels')
2019-02-13 02:01:11,931 - INFO - allennlp.common.params - vocabulary.min_pretrained_embeddings = None
2019-02-13 02:01:11,931 - INFO - allennlp.common.params - vocabulary.only_include_pretrained_words = False
2019-02-13 02:01:11,931 - INFO - allennlp.common.params - vocabulary.tokens_to_add = None
2019-02-13 02:01:11,931 - INFO - allennlp.data.vocabulary - Fitting token dictionary from dataset.
2019-02-13 02:01:12,490 - INFO - allennlp.common.from_params - instantiating class <class 'allennlp.models.model.Model'> from params {'Ntags0': 90, 'Ntags1': 10, 'do_crossentropy_weighting': True, 'encoder': {'bidirectional': True, 'dropout': 0.5, 'hidden_size': 54, 'input_size': 54, 'num_layers': 2, 'type': 'rnn'}, 'text_field_embedder': {'token_embedders': {'dependency_label': {'embedding_dim': 20, 'type': 'embedding', 'vocab_namespace': 'dependencies'}, 'ner_tag': {'embedding_dim': 19, 'type': 'embedding', 'vocab_namespace': 'ner'}, 'pos_tag': {'embedding_dim': 15, 'type': 'embedding', 'vocab_namespace': 'pos'}}}, 'type': 'simple_tagger2'} and extras {'vocab': Vocabulary with namespaces:  dependencies, Size: 47 || ner, Size: 21 || pos, Size: 17 || labels, Size: 2 || Non Padded Namespaces: {'*labels', '*tags'}}
2019-02-13 02:01:12,490 - INFO - allennlp.common.params - model.type = simple_tagger2
2019-02-13 02:01:12,490 - INFO - allennlp.common.from_params - instantiating class <class 'myallennlp.models.simple_tagger2.SimpleTagger2'> from params {'Ntags0': 90, 'Ntags1': 10, 'do_crossentropy_weighting': True, 'encoder': {'bidirectional': True, 'dropout': 0.5, 'hidden_size': 54, 'input_size': 54, 'num_layers': 2, 'type': 'rnn'}, 'text_field_embedder': {'token_embedders': {'dependency_label': {'embedding_dim': 20, 'type': 'embedding', 'vocab_namespace': 'dependencies'}, 'ner_tag': {'embedding_dim': 19, 'type': 'embedding', 'vocab_namespace': 'ner'}, 'pos_tag': {'embedding_dim': 15, 'type': 'embedding', 'vocab_namespace': 'pos'}}}} and extras {'vocab': Vocabulary with namespaces:  dependencies, Size: 47 || ner, Size: 21 || pos, Size: 17 || labels, Size: 2 || Non Padded Namespaces: {'*labels', '*tags'}}
2019-02-13 02:01:12,491 - INFO - allennlp.common.from_params - instantiating class <class 'allennlp.modules.text_field_embedders.text_field_embedder.TextFieldEmbedder'> from params {'token_embedders': {'dependency_label': {'embedding_dim': 20, 'type': 'embedding', 'vocab_namespace': 'dependencies'}, 'ner_tag': {'embedding_dim': 19, 'type': 'embedding', 'vocab_namespace': 'ner'}, 'pos_tag': {'embedding_dim': 15, 'type': 'embedding', 'vocab_namespace': 'pos'}}} and extras {'vocab': Vocabulary with namespaces:  dependencies, Size: 47 || ner, Size: 21 || pos, Size: 17 || labels, Size: 2 || Non Padded Namespaces: {'*labels', '*tags'}}
2019-02-13 02:01:12,491 - INFO - allennlp.common.params - model.text_field_embedder.type = basic
2019-02-13 02:01:12,491 - INFO - allennlp.common.params - model.text_field_embedder.embedder_to_indexer_map = None
2019-02-13 02:01:12,491 - INFO - allennlp.common.params - model.text_field_embedder.allow_unmatched_keys = False
2019-02-13 02:01:12,491 - INFO - allennlp.common.from_params - instantiating class <class 'allennlp.modules.token_embedders.token_embedder.TokenEmbedder'> from params {'embedding_dim': 20, 'type': 'embedding', 'vocab_namespace': 'dependencies'} and extras {'vocab': Vocabulary with namespaces:  dependencies, Size: 47 || ner, Size: 21 || pos, Size: 17 || labels, Size: 2 || Non Padded Namespaces: {'*labels', '*tags'}}
2019-02-13 02:01:12,491 - INFO - allennlp.common.params - model.text_field_embedder.token_embedders.dependency_label.type = embedding
2019-02-13 02:01:12,492 - INFO - allennlp.common.params - model.text_field_embedder.token_embedders.dependency_label.num_embeddings = None
2019-02-13 02:01:12,492 - INFO - allennlp.common.params - model.text_field_embedder.token_embedders.dependency_label.vocab_namespace = dependencies
2019-02-13 02:01:12,492 - INFO - allennlp.common.params - model.text_field_embedder.token_embedders.dependency_label.embedding_dim = 20
2019-02-13 02:01:12,492 - INFO - allennlp.common.params - model.text_field_embedder.token_embedders.dependency_label.pretrained_file = None
2019-02-13 02:01:12,492 - INFO - allennlp.common.params - model.text_field_embedder.token_embedders.dependency_label.projection_dim = None
2019-02-13 02:01:12,492 - INFO - allennlp.common.params - model.text_field_embedder.token_embedders.dependency_label.trainable = True
2019-02-13 02:01:12,492 - INFO - allennlp.common.params - model.text_field_embedder.token_embedders.dependency_label.padding_index = None
2019-02-13 02:01:12,493 - INFO - allennlp.common.params - model.text_field_embedder.token_embedders.dependency_label.max_norm = None
2019-02-13 02:01:12,493 - INFO - allennlp.common.params - model.text_field_embedder.token_embedders.dependency_label.norm_type = 2.0
2019-02-13 02:01:12,493 - INFO - allennlp.common.params - model.text_field_embedder.token_embedders.dependency_label.scale_grad_by_freq = False
2019-02-13 02:01:12,493 - INFO - allennlp.common.params - model.text_field_embedder.token_embedders.dependency_label.sparse = False
2019-02-13 02:01:12,494 - INFO - allennlp.common.from_params - instantiating class <class 'allennlp.modules.token_embedders.token_embedder.TokenEmbedder'> from params {'embedding_dim': 19, 'type': 'embedding', 'vocab_namespace': 'ner'} and extras {'vocab': Vocabulary with namespaces:  dependencies, Size: 47 || ner, Size: 21 || pos, Size: 17 || labels, Size: 2 || Non Padded Namespaces: {'*labels', '*tags'}}
2019-02-13 02:01:12,494 - INFO - allennlp.common.params - model.text_field_embedder.token_embedders.ner_tag.type = embedding
2019-02-13 02:01:12,494 - INFO - allennlp.common.params - model.text_field_embedder.token_embedders.ner_tag.num_embeddings = None
2019-02-13 02:01:12,494 - INFO - allennlp.common.params - model.text_field_embedder.token_embedders.ner_tag.vocab_namespace = ner
2019-02-13 02:01:12,495 - INFO - allennlp.common.params - model.text_field_embedder.token_embedders.ner_tag.embedding_dim = 19
2019-02-13 02:01:12,495 - INFO - allennlp.common.params - model.text_field_embedder.token_embedders.ner_tag.pretrained_file = None
2019-02-13 02:01:12,495 - INFO - allennlp.common.params - model.text_field_embedder.token_embedders.ner_tag.projection_dim = None
2019-02-13 02:01:12,495 - INFO - allennlp.common.params - model.text_field_embedder.token_embedders.ner_tag.trainable = True
2019-02-13 02:01:12,495 - INFO - allennlp.common.params - model.text_field_embedder.token_embedders.ner_tag.padding_index = None
2019-02-13 02:01:12,495 - INFO - allennlp.common.params - model.text_field_embedder.token_embedders.ner_tag.max_norm = None
2019-02-13 02:01:12,495 - INFO - allennlp.common.params - model.text_field_embedder.token_embedders.ner_tag.norm_type = 2.0
2019-02-13 02:01:12,495 - INFO - allennlp.common.params - model.text_field_embedder.token_embedders.ner_tag.scale_grad_by_freq = False
2019-02-13 02:01:12,496 - INFO - allennlp.common.params - model.text_field_embedder.token_embedders.ner_tag.sparse = False
2019-02-13 02:01:12,496 - INFO - allennlp.common.from_params - instantiating class <class 'allennlp.modules.token_embedders.token_embedder.TokenEmbedder'> from params {'embedding_dim': 15, 'type': 'embedding', 'vocab_namespace': 'pos'} and extras {'vocab': Vocabulary with namespaces:  dependencies, Size: 47 || ner, Size: 21 || pos, Size: 17 || labels, Size: 2 || Non Padded Namespaces: {'*labels', '*tags'}}
2019-02-13 02:01:12,496 - INFO - allennlp.common.params - model.text_field_embedder.token_embedders.pos_tag.type = embedding
2019-02-13 02:01:12,496 - INFO - allennlp.common.params - model.text_field_embedder.token_embedders.pos_tag.num_embeddings = None
2019-02-13 02:01:12,496 - INFO - allennlp.common.params - model.text_field_embedder.token_embedders.pos_tag.vocab_namespace = pos
2019-02-13 02:01:12,496 - INFO - allennlp.common.params - model.text_field_embedder.token_embedders.pos_tag.embedding_dim = 15
2019-02-13 02:01:12,497 - INFO - allennlp.common.params - model.text_field_embedder.token_embedders.pos_tag.pretrained_file = None
2019-02-13 02:01:12,497 - INFO - allennlp.common.params - model.text_field_embedder.token_embedders.pos_tag.projection_dim = None
2019-02-13 02:01:12,497 - INFO - allennlp.common.params - model.text_field_embedder.token_embedders.pos_tag.trainable = True
2019-02-13 02:01:12,497 - INFO - allennlp.common.params - model.text_field_embedder.token_embedders.pos_tag.padding_index = None
2019-02-13 02:01:12,497 - INFO - allennlp.common.params - model.text_field_embedder.token_embedders.pos_tag.max_norm = None
2019-02-13 02:01:12,497 - INFO - allennlp.common.params - model.text_field_embedder.token_embedders.pos_tag.norm_type = 2.0
2019-02-13 02:01:12,497 - INFO - allennlp.common.params - model.text_field_embedder.token_embedders.pos_tag.scale_grad_by_freq = False
2019-02-13 02:01:12,497 - INFO - allennlp.common.params - model.text_field_embedder.token_embedders.pos_tag.sparse = False
2019-02-13 02:01:12,498 - INFO - allennlp.common.from_params - instantiating class <class 'allennlp.modules.seq2seq_encoders.seq2seq_encoder.Seq2SeqEncoder'> from params {'bidirectional': True, 'dropout': 0.5, 'hidden_size': 54, 'input_size': 54, 'num_layers': 2, 'type': 'rnn'} and extras {'vocab': Vocabulary with namespaces:  dependencies, Size: 47 || ner, Size: 21 || pos, Size: 17 || labels, Size: 2 || Non Padded Namespaces: {'*labels', '*tags'}}
2019-02-13 02:01:12,498 - INFO - allennlp.common.params - model.encoder.type = rnn
2019-02-13 02:01:12,498 - INFO - allennlp.common.params - model.encoder.batch_first = True
2019-02-13 02:01:12,498 - INFO - allennlp.common.params - model.encoder.stateful = False
2019-02-13 02:01:12,498 - INFO - allennlp.common.params - Converting Params object to dict; logging of default values will not occur when dictionary parameters are used subsequently.
2019-02-13 02:01:12,499 - INFO - allennlp.common.params - CURRENTLY DEFINED PARAMETERS: 
2019-02-13 02:01:12,499 - INFO - allennlp.common.params - model.encoder.bidirectional = True
2019-02-13 02:01:12,499 - INFO - allennlp.common.params - model.encoder.dropout = 0.5
2019-02-13 02:01:12,499 - INFO - allennlp.common.params - model.encoder.hidden_size = 54
2019-02-13 02:01:12,499 - INFO - allennlp.common.params - model.encoder.input_size = 54
2019-02-13 02:01:12,499 - INFO - allennlp.common.params - model.encoder.num_layers = 2
2019-02-13 02:01:12,499 - INFO - allennlp.common.params - model.encoder.batch_first = True
2019-02-13 02:01:12,500 - INFO - allennlp.common.params - model.do_crossentropy_weighting = True
2019-02-13 02:01:12,500 - INFO - allennlp.common.params - model.Ntags0 = 90
2019-02-13 02:01:12,501 - INFO - allennlp.common.params - model.Ntags1 = 10
2019-02-13 02:01:12,501 - INFO - allennlp.nn.initializers - Initializing parameters
2019-02-13 02:01:12,501 - INFO - allennlp.nn.initializers - Done initializing parameters; the following parameters are using their default initialization from their code
2019-02-13 02:01:12,501 - INFO - allennlp.nn.initializers -    encoder._module.bias_hh_l0
2019-02-13 02:01:12,501 - INFO - allennlp.nn.initializers -    encoder._module.bias_hh_l0_reverse
2019-02-13 02:01:12,502 - INFO - allennlp.nn.initializers -    encoder._module.bias_hh_l1
2019-02-13 02:01:12,502 - INFO - allennlp.nn.initializers -    encoder._module.bias_hh_l1_reverse
2019-02-13 02:01:12,502 - INFO - allennlp.nn.initializers -    encoder._module.bias_ih_l0
2019-02-13 02:01:12,502 - INFO - allennlp.nn.initializers -    encoder._module.bias_ih_l0_reverse
2019-02-13 02:01:12,502 - INFO - allennlp.nn.initializers -    encoder._module.bias_ih_l1
2019-02-13 02:01:12,502 - INFO - allennlp.nn.initializers -    encoder._module.bias_ih_l1_reverse
2019-02-13 02:01:12,502 - INFO - allennlp.nn.initializers -    encoder._module.weight_hh_l0
2019-02-13 02:01:12,503 - INFO - allennlp.nn.initializers -    encoder._module.weight_hh_l0_reverse
2019-02-13 02:01:12,503 - INFO - allennlp.nn.initializers -    encoder._module.weight_hh_l1
2019-02-13 02:01:12,503 - INFO - allennlp.nn.initializers -    encoder._module.weight_hh_l1_reverse
2019-02-13 02:01:12,503 - INFO - allennlp.nn.initializers -    encoder._module.weight_ih_l0
2019-02-13 02:01:12,503 - INFO - allennlp.nn.initializers -    encoder._module.weight_ih_l0_reverse
2019-02-13 02:01:12,503 - INFO - allennlp.nn.initializers -    encoder._module.weight_ih_l1
2019-02-13 02:01:12,503 - INFO - allennlp.nn.initializers -    encoder._module.weight_ih_l1_reverse
2019-02-13 02:01:12,503 - INFO - allennlp.nn.initializers -    tag_projection_layer._module.bias
2019-02-13 02:01:12,503 - INFO - allennlp.nn.initializers -    tag_projection_layer._module.weight
2019-02-13 02:01:12,503 - INFO - allennlp.nn.initializers -    text_field_embedder.token_embedder_dependency_label.weight
2019-02-13 02:01:12,504 - INFO - allennlp.nn.initializers -    text_field_embedder.token_embedder_ner_tag.weight
2019-02-13 02:01:12,504 - INFO - allennlp.nn.initializers -    text_field_embedder.token_embedder_pos_tag.weight
2019-02-13 02:01:12,505 - INFO - allennlp.common.from_params - instantiating class <class 'allennlp.data.iterators.data_iterator.DataIterator'> from params {'batch_size': 32, 'type': 'basic'} and extras {}
2019-02-13 02:01:12,505 - INFO - allennlp.common.params - iterator.type = basic
2019-02-13 02:01:12,505 - INFO - allennlp.common.from_params - instantiating class <class 'allennlp.data.iterators.basic_iterator.BasicIterator'> from params {'batch_size': 32} and extras {}
2019-02-13 02:01:12,505 - INFO - allennlp.common.params - iterator.batch_size = 32
2019-02-13 02:01:12,505 - INFO - allennlp.common.params - iterator.instances_per_epoch = None
2019-02-13 02:01:12,506 - INFO - allennlp.common.params - iterator.max_instances_in_memory = None
2019-02-13 02:01:12,506 - INFO - allennlp.common.params - iterator.cache_instances = False
2019-02-13 02:01:12,506 - INFO - allennlp.common.params - iterator.track_epoch = False
2019-02-13 02:01:12,506 - INFO - allennlp.common.params - iterator.maximum_samples_per_batch = None
2019-02-13 02:01:12,506 - INFO - allennlp.common.params - validation_iterator = None
2019-02-13 02:01:12,506 - INFO - allennlp.common.params - trainer.no_grad = ()
2019-02-13 02:01:12,507 - INFO - allennlp.commands.train - Following parameters are Frozen  (without gradient):
2019-02-13 02:01:12,507 - INFO - allennlp.commands.train - Following parameters are Tunable (with gradient):
2019-02-13 02:01:12,507 - INFO - allennlp.commands.train - text_field_embedder.token_embedder_dependency_label.weight
2019-02-13 02:01:12,507 - INFO - allennlp.commands.train - text_field_embedder.token_embedder_ner_tag.weight
2019-02-13 02:01:12,507 - INFO - allennlp.commands.train - text_field_embedder.token_embedder_pos_tag.weight
2019-02-13 02:01:12,507 - INFO - allennlp.commands.train - encoder._module.weight_ih_l0
2019-02-13 02:01:12,507 - INFO - allennlp.commands.train - encoder._module.weight_hh_l0
2019-02-13 02:01:12,507 - INFO - allennlp.commands.train - encoder._module.bias_ih_l0
2019-02-13 02:01:12,508 - INFO - allennlp.commands.train - encoder._module.bias_hh_l0
2019-02-13 02:01:12,508 - INFO - allennlp.commands.train - encoder._module.weight_ih_l0_reverse
2019-02-13 02:01:12,508 - INFO - allennlp.commands.train - encoder._module.weight_hh_l0_reverse
2019-02-13 02:01:12,508 - INFO - allennlp.commands.train - encoder._module.bias_ih_l0_reverse
2019-02-13 02:01:12,508 - INFO - allennlp.commands.train - encoder._module.bias_hh_l0_reverse
2019-02-13 02:01:12,508 - INFO - allennlp.commands.train - encoder._module.weight_ih_l1
2019-02-13 02:01:12,508 - INFO - allennlp.commands.train - encoder._module.weight_hh_l1
2019-02-13 02:01:12,508 - INFO - allennlp.commands.train - encoder._module.bias_ih_l1
2019-02-13 02:01:12,508 - INFO - allennlp.commands.train - encoder._module.bias_hh_l1
2019-02-13 02:01:12,508 - INFO - allennlp.commands.train - encoder._module.weight_ih_l1_reverse
2019-02-13 02:01:12,509 - INFO - allennlp.commands.train - encoder._module.weight_hh_l1_reverse
2019-02-13 02:01:12,509 - INFO - allennlp.commands.train - encoder._module.bias_ih_l1_reverse
2019-02-13 02:01:12,509 - INFO - allennlp.commands.train - encoder._module.bias_hh_l1_reverse
2019-02-13 02:01:12,509 - INFO - allennlp.commands.train - tag_projection_layer._module.weight
2019-02-13 02:01:12,509 - INFO - allennlp.commands.train - tag_projection_layer._module.bias
2019-02-13 02:01:12,509 - INFO - allennlp.common.params - trainer.type = default
2019-02-13 02:01:12,509 - INFO - allennlp.common.params - trainer.patience = 5
2019-02-13 02:01:12,509 - INFO - allennlp.common.params - trainer.validation_metric = -loss
2019-02-13 02:01:12,509 - INFO - allennlp.common.params - trainer.shuffle = True
2019-02-13 02:01:12,510 - INFO - allennlp.common.params - trainer.num_epochs = 40
2019-02-13 02:01:12,510 - INFO - allennlp.common.params - trainer.cuda_device = 0
2019-02-13 02:01:12,510 - INFO - allennlp.common.params - trainer.grad_norm = None
2019-02-13 02:01:12,510 - INFO - allennlp.common.params - trainer.grad_clipping = None
2019-02-13 02:01:12,510 - INFO - allennlp.common.params - trainer.learning_rate_scheduler = None
2019-02-13 02:01:14,845 - INFO - allennlp.common.params - trainer.optimizer = adam
2019-02-13 02:01:14,846 - INFO - allennlp.common.params - parameter_groups = None
2019-02-13 02:01:14,846 - INFO - allennlp.training.optimizers - Number of trainable parameters: 31404
2019-02-13 02:01:14,847 - INFO - allennlp.common.params - Converting Params object to dict; logging of default values will not occur when dictionary parameters are used subsequently.
2019-02-13 02:01:14,847 - INFO - allennlp.common.params - CURRENTLY DEFINED PARAMETERS: 
2019-02-13 02:01:14,847 - INFO - allennlp.common.params - trainer.num_serialized_models_to_keep = 20
2019-02-13 02:01:14,847 - INFO - allennlp.common.params - trainer.keep_serialized_model_every_num_seconds = None
2019-02-13 02:01:14,848 - INFO - allennlp.common.params - trainer.model_save_interval = None
2019-02-13 02:01:14,848 - INFO - allennlp.common.params - trainer.summary_interval = 100
2019-02-13 02:01:14,848 - INFO - allennlp.common.params - trainer.histogram_interval = None
2019-02-13 02:01:14,848 - INFO - allennlp.common.params - trainer.should_log_parameter_statistics = True
2019-02-13 02:01:14,848 - INFO - allennlp.common.params - trainer.should_log_learning_rate = False
2019-02-13 02:01:14,848 - INFO - allennlp.common.params - trainer.log_batch_size_period = None
2019-02-13 02:01:14,851 - INFO - allennlp.common.params - evaluate_on_test = False
2019-02-13 02:01:14,851 - INFO - allennlp.training.trainer - Beginning training.
2019-02-13 02:01:14,851 - INFO - allennlp.training.trainer - Epoch 0/39
2019-02-13 02:01:14,851 - INFO - allennlp.training.trainer - Peak CPU memory usage MB: 2611.076
2019-02-13 02:01:14,943 - INFO - allennlp.training.trainer - GPU 0 memory usage MB: 321
2019-02-13 02:01:14,944 - INFO - allennlp.training.trainer - Training
2019-02-13 02:01:29,338 - INFO - allennlp.training.trainer - Validating
2019-02-13 02:01:32,083 - INFO - allennlp.training.trainer -                     Training |  Validation
2019-02-13 02:01:32,084 - INFO - allennlp.training.trainer - accuracy3       |     1.000  |     1.000
2019-02-13 02:01:32,084 - INFO - allennlp.training.trainer - gpu_0_memory_MB |   321.000  |       N/A
2019-02-13 02:01:32,085 - INFO - allennlp.training.trainer - cpu_memory_MB   |  2611.076  |       N/A
2019-02-13 02:01:32,085 - INFO - allennlp.training.trainer - accuracy        |     0.882  |     0.880
2019-02-13 02:01:32,085 - INFO - allennlp.training.trainer - loss            |     0.407  |     0.460
2019-02-13 02:01:32,090 - INFO - allennlp.training.trainer - Best validation performance so far. Copying weights to './model_params/best.th'.
2019-02-13 02:01:32,091 - INFO - allennlp.training.trainer - Epoch duration: 00:00:17
2019-02-13 02:01:32,091 - INFO - allennlp.training.trainer - Estimated training time remaining: 0:11:12
2019-02-13 02:01:32,091 - INFO - allennlp.training.trainer - Epoch 1/39
2019-02-13 02:01:32,091 - INFO - allennlp.training.trainer - Peak CPU memory usage MB: 2645.304
2019-02-13 02:01:32,190 - INFO - allennlp.training.trainer - GPU 0 memory usage MB: 340
2019-02-13 02:01:32,190 - INFO - allennlp.training.trainer - Training
2019-02-13 02:01:46,008 - INFO - allennlp.training.trainer - Validating
2019-02-13 02:01:48,385 - INFO - allennlp.training.trainer -                     Training |  Validation
2019-02-13 02:01:48,386 - INFO - allennlp.training.trainer - accuracy3       |     1.000  |     1.000
2019-02-13 02:01:48,386 - INFO - allennlp.training.trainer - gpu_0_memory_MB |   340.000  |       N/A
2019-02-13 02:01:48,386 - INFO - allennlp.training.trainer - cpu_memory_MB   |  2645.304  |       N/A
2019-02-13 02:01:48,387 - INFO - allennlp.training.trainer - accuracy        |     0.884  |     0.876
2019-02-13 02:01:48,387 - INFO - allennlp.training.trainer - loss            |     0.376  |     0.461
2019-02-13 02:01:48,391 - INFO - allennlp.training.trainer - Epoch duration: 00:00:16
2019-02-13 02:01:48,392 - INFO - allennlp.training.trainer - Estimated training time remaining: 0:10:37
2019-02-13 02:01:48,392 - INFO - allennlp.training.trainer - Epoch 2/39
2019-02-13 02:01:48,392 - INFO - allennlp.training.trainer - Peak CPU memory usage MB: 2645.652
2019-02-13 02:01:48,488 - INFO - allennlp.training.trainer - GPU 0 memory usage MB: 340
2019-02-13 02:01:48,488 - INFO - allennlp.training.trainer - Training
2019-02-13 02:02:02,207 - INFO - allennlp.training.trainer - Validating
2019-02-13 02:02:04,598 - INFO - allennlp.training.trainer -                     Training |  Validation
2019-02-13 02:02:04,599 - INFO - allennlp.training.trainer - accuracy3       |     1.000  |     1.000
2019-02-13 02:02:04,600 - INFO - allennlp.training.trainer - gpu_0_memory_MB |   340.000  |       N/A
2019-02-13 02:02:04,600 - INFO - allennlp.training.trainer - cpu_memory_MB   |  2645.652  |       N/A
2019-02-13 02:02:04,600 - INFO - allennlp.training.trainer - accuracy        |     0.883  |     0.875
2019-02-13 02:02:04,600 - INFO - allennlp.training.trainer - loss            |     0.371  |     0.451
2019-02-13 02:02:04,604 - INFO - allennlp.training.trainer - Best validation performance so far. Copying weights to './model_params/best.th'.
2019-02-13 02:02:04,605 - INFO - allennlp.training.trainer - Epoch duration: 00:00:16
2019-02-13 02:02:04,605 - INFO - allennlp.training.trainer - Estimated training time remaining: 0:10:13
2019-02-13 02:02:04,605 - INFO - allennlp.training.trainer - Epoch 3/39
2019-02-13 02:02:04,606 - INFO - allennlp.training.trainer - Peak CPU memory usage MB: 2645.932
2019-02-13 02:02:04,700 - INFO - allennlp.training.trainer - GPU 0 memory usage MB: 341
2019-02-13 02:02:04,701 - INFO - allennlp.training.trainer - Training
2019-02-13 02:02:18,621 - INFO - allennlp.training.trainer - Validating
2019-02-13 02:02:21,023 - INFO - allennlp.training.trainer -                     Training |  Validation
2019-02-13 02:02:21,024 - INFO - allennlp.training.trainer - accuracy3       |     1.000  |     1.000
2019-02-13 02:02:21,024 - INFO - allennlp.training.trainer - gpu_0_memory_MB |   341.000  |       N/A
2019-02-13 02:02:21,024 - INFO - allennlp.training.trainer - cpu_memory_MB   |  2645.932  |       N/A
2019-02-13 02:02:21,025 - INFO - allennlp.training.trainer - accuracy        |     0.883  |     0.891
2019-02-13 02:02:21,025 - INFO - allennlp.training.trainer - loss            |     0.367  |     0.456
2019-02-13 02:02:21,030 - INFO - allennlp.training.trainer - Epoch duration: 00:00:16
2019-02-13 02:02:21,030 - INFO - allennlp.training.trainer - Estimated training time remaining: 0:09:55
2019-02-13 02:02:21,030 - INFO - allennlp.training.trainer - Epoch 4/39
2019-02-13 02:02:21,030 - INFO - allennlp.training.trainer - Peak CPU memory usage MB: 2646.12
2019-02-13 02:02:21,125 - INFO - allennlp.training.trainer - GPU 0 memory usage MB: 341
2019-02-13 02:02:21,126 - INFO - allennlp.training.trainer - Training
2019-02-13 02:02:34,986 - INFO - allennlp.training.trainer - Validating
2019-02-13 02:02:37,373 - INFO - allennlp.training.trainer -                     Training |  Validation
2019-02-13 02:02:37,374 - INFO - allennlp.training.trainer - accuracy3       |     1.000  |     1.000
2019-02-13 02:02:37,375 - INFO - allennlp.training.trainer - gpu_0_memory_MB |   341.000  |       N/A
2019-02-13 02:02:37,375 - INFO - allennlp.training.trainer - cpu_memory_MB   |  2646.120  |       N/A
2019-02-13 02:02:37,375 - INFO - allennlp.training.trainer - accuracy        |     0.884  |     0.880
2019-02-13 02:02:37,375 - INFO - allennlp.training.trainer - loss            |     0.364  |     0.455
2019-02-13 02:02:37,379 - INFO - allennlp.training.trainer - Epoch duration: 00:00:16
2019-02-13 02:02:37,380 - INFO - allennlp.training.trainer - Estimated training time remaining: 0:09:37
2019-02-13 02:02:37,380 - INFO - allennlp.training.trainer - Epoch 5/39
2019-02-13 02:02:37,380 - INFO - allennlp.training.trainer - Peak CPU memory usage MB: 2646.248
2019-02-13 02:02:37,475 - INFO - allennlp.training.trainer - GPU 0 memory usage MB: 341
2019-02-13 02:02:37,475 - INFO - allennlp.training.trainer - Training
2019-02-13 02:02:51,277 - INFO - allennlp.training.trainer - Validating
2019-02-13 02:02:53,670 - INFO - allennlp.training.trainer -                     Training |  Validation
2019-02-13 02:02:53,670 - INFO - allennlp.training.trainer - accuracy3       |     1.000  |     1.000
2019-02-13 02:02:53,671 - INFO - allennlp.training.trainer - gpu_0_memory_MB |   341.000  |       N/A
2019-02-13 02:02:53,671 - INFO - allennlp.training.trainer - cpu_memory_MB   |  2646.248  |       N/A
2019-02-13 02:02:53,671 - INFO - allennlp.training.trainer - accuracy        |     0.887  |     0.853
2019-02-13 02:02:53,672 - INFO - allennlp.training.trainer - loss            |     0.361  |     0.449
2019-02-13 02:02:53,676 - INFO - allennlp.training.trainer - Best validation performance so far. Copying weights to './model_params/best.th'.
2019-02-13 02:02:53,677 - INFO - allennlp.training.trainer - Epoch duration: 00:00:16
2019-02-13 02:02:53,677 - INFO - allennlp.training.trainer - Estimated training time remaining: 0:09:20
2019-02-13 02:02:53,677 - INFO - allennlp.training.trainer - Epoch 6/39
2019-02-13 02:02:53,677 - INFO - allennlp.training.trainer - Peak CPU memory usage MB: 2646.38
2019-02-13 02:02:53,773 - INFO - allennlp.training.trainer - GPU 0 memory usage MB: 341
2019-02-13 02:02:53,774 - INFO - allennlp.training.trainer - Training
2019-02-13 02:03:07,560 - INFO - allennlp.training.trainer - Validating
2019-02-13 02:03:09,953 - INFO - allennlp.training.trainer -                     Training |  Validation
2019-02-13 02:03:09,954 - INFO - allennlp.training.trainer - accuracy3       |     1.000  |     1.000
2019-02-13 02:03:09,955 - INFO - allennlp.training.trainer - gpu_0_memory_MB |   341.000  |       N/A
2019-02-13 02:03:09,955 - INFO - allennlp.training.trainer - cpu_memory_MB   |  2646.380  |       N/A
2019-02-13 02:03:09,955 - INFO - allennlp.training.trainer - accuracy        |     0.886  |     0.858
2019-02-13 02:03:09,955 - INFO - allennlp.training.trainer - loss            |     0.360  |     0.448
2019-02-13 02:03:09,960 - INFO - allennlp.training.trainer - Best validation performance so far. Copying weights to './model_params/best.th'.
2019-02-13 02:03:09,960 - INFO - allennlp.training.trainer - Epoch duration: 00:00:16
2019-02-13 02:03:09,961 - INFO - allennlp.training.trainer - Estimated training time remaining: 0:09:02
2019-02-13 02:03:09,961 - INFO - allennlp.training.trainer - Epoch 7/39
2019-02-13 02:03:09,961 - INFO - allennlp.training.trainer - Peak CPU memory usage MB: 2646.492
2019-02-13 02:03:10,057 - INFO - allennlp.training.trainer - GPU 0 memory usage MB: 341
2019-02-13 02:03:10,058 - INFO - allennlp.training.trainer - Training
2019-02-13 02:03:23,793 - INFO - allennlp.training.trainer - Validating
2019-02-13 02:03:26,173 - INFO - allennlp.training.trainer -                     Training |  Validation
2019-02-13 02:03:26,173 - INFO - allennlp.training.trainer - accuracy3       |     1.000  |     1.000
2019-02-13 02:03:26,174 - INFO - allennlp.training.trainer - gpu_0_memory_MB |   341.000  |       N/A
2019-02-13 02:03:26,174 - INFO - allennlp.training.trainer - cpu_memory_MB   |  2646.492  |       N/A
2019-02-13 02:03:26,175 - INFO - allennlp.training.trainer - accuracy        |     0.887  |     0.873
2019-02-13 02:03:26,175 - INFO - allennlp.training.trainer - loss            |     0.357  |     0.454
2019-02-13 02:03:26,179 - INFO - allennlp.training.trainer - Epoch duration: 00:00:16
2019-02-13 02:03:26,180 - INFO - allennlp.training.trainer - Estimated training time remaining: 0:08:45
2019-02-13 02:03:26,180 - INFO - allennlp.training.trainer - Epoch 8/39
2019-02-13 02:03:26,180 - INFO - allennlp.training.trainer - Peak CPU memory usage MB: 2646.552
2019-02-13 02:03:26,286 - INFO - allennlp.training.trainer - GPU 0 memory usage MB: 341
2019-02-13 02:03:26,286 - INFO - allennlp.training.trainer - Training
2019-02-13 02:03:40,128 - INFO - allennlp.training.trainer - Validating
2019-02-13 02:03:42,511 - INFO - allennlp.training.trainer -                     Training |  Validation
2019-02-13 02:03:42,512 - INFO - allennlp.training.trainer - accuracy3       |     1.000  |     1.000
2019-02-13 02:03:42,512 - INFO - allennlp.training.trainer - gpu_0_memory_MB |   341.000  |       N/A
2019-02-13 02:03:42,513 - INFO - allennlp.training.trainer - cpu_memory_MB   |  2646.552  |       N/A
2019-02-13 02:03:42,513 - INFO - allennlp.training.trainer - accuracy        |     0.887  |     0.879
2019-02-13 02:03:42,513 - INFO - allennlp.training.trainer - loss            |     0.355  |     0.454
2019-02-13 02:03:42,518 - INFO - allennlp.training.trainer - Epoch duration: 00:00:16
2019-02-13 02:03:42,518 - INFO - allennlp.training.trainer - Estimated training time remaining: 0:08:28
2019-02-13 02:03:42,518 - INFO - allennlp.training.trainer - Epoch 9/39
2019-02-13 02:03:42,519 - INFO - allennlp.training.trainer - Peak CPU memory usage MB: 2646.84
2019-02-13 02:03:42,613 - INFO - allennlp.training.trainer - GPU 0 memory usage MB: 341
2019-02-13 02:03:42,613 - INFO - allennlp.training.trainer - Training
2019-02-13 02:03:56,398 - INFO - allennlp.training.trainer - Validating
2019-02-13 02:03:58,796 - INFO - allennlp.training.trainer -                     Training |  Validation
2019-02-13 02:03:58,797 - INFO - allennlp.training.trainer - accuracy3       |     1.000  |     1.000
2019-02-13 02:03:58,797 - INFO - allennlp.training.trainer - gpu_0_memory_MB |   341.000  |       N/A
2019-02-13 02:03:58,797 - INFO - allennlp.training.trainer - cpu_memory_MB   |  2646.840  |       N/A
2019-02-13 02:03:58,798 - INFO - allennlp.training.trainer - accuracy        |     0.888  |     0.877
2019-02-13 02:03:58,798 - INFO - allennlp.training.trainer - loss            |     0.354  |     0.452
2019-02-13 02:03:58,802 - INFO - allennlp.training.trainer - Epoch duration: 00:00:16
2019-02-13 02:03:58,803 - INFO - allennlp.training.trainer - Estimated training time remaining: 0:08:11
2019-02-13 02:03:58,803 - INFO - allennlp.training.trainer - Epoch 10/39
2019-02-13 02:03:58,803 - INFO - allennlp.training.trainer - Peak CPU memory usage MB: 2647.308
2019-02-13 02:03:58,899 - INFO - allennlp.training.trainer - GPU 0 memory usage MB: 341
2019-02-13 02:03:58,899 - INFO - allennlp.training.trainer - Training
2019-02-13 02:04:12,622 - INFO - allennlp.training.trainer - Validating
2019-02-13 02:04:14,998 - INFO - allennlp.training.trainer -                     Training |  Validation
2019-02-13 02:04:14,998 - INFO - allennlp.training.trainer - accuracy3       |     1.000  |     1.000
2019-02-13 02:04:14,998 - INFO - allennlp.training.trainer - gpu_0_memory_MB |   341.000  |       N/A
2019-02-13 02:04:14,999 - INFO - allennlp.training.trainer - cpu_memory_MB   |  2647.308  |       N/A
2019-02-13 02:04:14,999 - INFO - allennlp.training.trainer - accuracy        |     0.887  |     0.890
2019-02-13 02:04:14,999 - INFO - allennlp.training.trainer - loss            |     0.355  |     0.466
2019-02-13 02:04:15,004 - INFO - allennlp.training.trainer - Epoch duration: 00:00:16
2019-02-13 02:04:15,004 - INFO - allennlp.training.trainer - Estimated training time remaining: 0:07:54
2019-02-13 02:04:15,005 - INFO - allennlp.training.trainer - Epoch 11/39
2019-02-13 02:04:15,005 - INFO - allennlp.training.trainer - Peak CPU memory usage MB: 2647.372
2019-02-13 02:04:15,098 - INFO - allennlp.training.trainer - GPU 0 memory usage MB: 341
2019-02-13 02:04:15,099 - INFO - allennlp.training.trainer - Training
2019-02-13 02:04:28,865 - INFO - allennlp.training.trainer - Validating
2019-02-13 02:04:31,259 - INFO - allennlp.training.trainer - Ran out of patience.  Stopping training.
2019-02-13 02:04:31,260 - INFO - allennlp.models.archival - archiving weights and vocabulary to ./model_params/model.tar.gz
2019-02-13 02:04:31,270 - INFO - allennlp.commands.train - Loading the best epoch weights.
2019-02-13 02:04:31,273 - INFO - allennlp.common.util - Metrics: {
  "peak_cpu_memory_MB": 2647.372,
  "peak_gpu_0_memory_MB": 341,
  "training_duration": "00:03:00",
  "training_start_epoch": 0,
  "training_epochs": 10,
  "epoch": 10,
  "training_accuracy": 0.8870366691349552,
  "training_accuracy3": 1.0,
  "training_loss": 0.3545210850627526,
  "training_cpu_memory_MB": 2647.308,
  "training_gpu_0_memory_MB": 341,
  "validation_accuracy": 0.8895542248835662,
  "validation_accuracy3": 1.0,
  "validation_loss": 0.46581621498477704,
  "best_epoch": 6,
  "best_validation_accuracy": 0.8576970353079152,
  "best_validation_accuracy3": 1.0,
  "best_validation_loss": 0.4484527080642934
}
Token batch process time:
56.336223125457764
Token batch process time:
29.261666536331177
