2019-02-10 04:59:52,025 - INFO - allennlp.common.from_params - instantiating class <class 'allennlp.data.dataset_readers.dataset_reader.DatasetReader'> from params {'mytokenizer': {'type': 'word', 'word_splitter': {'ner': True, 'parse': True, 'pos_tags': True, 'type': 'whitespacy'}}, 'token_indexers': {'dependency_label': {'namespace': 'dependencies', 'type': 'dependency_label'}, 'ner_tag': {'namespace': 'ner', 'type': 'ner_tag'}, 'pos_tag': {'coarse_tags': False, 'namespace': 'pos', 'type': 'pos_tag'}}, 'type': 'sequence_tagging2', 'word_tag_delimiter': '//'} and extras {}
2019-02-10 04:59:52,025 - INFO - allennlp.common.params - dataset_reader.type = sequence_tagging2
2019-02-10 04:59:52,026 - INFO - allennlp.common.from_params - instantiating class <class 'myallennlp.dataset_readers.sequence_tagging2.SequenceTaggingDatasetReader'> from params {'mytokenizer': {'type': 'word', 'word_splitter': {'ner': True, 'parse': True, 'pos_tags': True, 'type': 'whitespacy'}}, 'token_indexers': {'dependency_label': {'namespace': 'dependencies', 'type': 'dependency_label'}, 'ner_tag': {'namespace': 'ner', 'type': 'ner_tag'}, 'pos_tag': {'coarse_tags': False, 'namespace': 'pos', 'type': 'pos_tag'}}, 'word_tag_delimiter': '//'} and extras {}
2019-02-10 04:59:52,026 - INFO - allennlp.common.params - dataset_reader.word_tag_delimiter = //
2019-02-10 04:59:52,026 - INFO - allennlp.common.params - dataset_reader.token_delimiter = None
2019-02-10 04:59:52,026 - INFO - allennlp.common.from_params - instantiating class allennlp.data.token_indexers.token_indexer.TokenIndexer from params {'namespace': 'dependencies', 'type': 'dependency_label'} and extras {}
2019-02-10 04:59:52,027 - INFO - allennlp.common.params - dataset_reader.token_indexers.dependency_label.type = dependency_label
2019-02-10 04:59:52,029 - INFO - allennlp.common.from_params - instantiating class allennlp.data.token_indexers.dep_label_indexer.DepLabelIndexer from params {'namespace': 'dependencies'} and extras {}
2019-02-10 04:59:52,029 - INFO - allennlp.common.params - dataset_reader.token_indexers.dependency_label.namespace = dependencies
2019-02-10 04:59:52,029 - INFO - allennlp.common.from_params - instantiating class allennlp.data.token_indexers.token_indexer.TokenIndexer from params {'namespace': 'ner', 'type': 'ner_tag'} and extras {}
2019-02-10 04:59:52,030 - INFO - allennlp.common.params - dataset_reader.token_indexers.ner_tag.type = ner_tag
2019-02-10 04:59:52,030 - INFO - allennlp.common.from_params - instantiating class allennlp.data.token_indexers.ner_tag_indexer.NerTagIndexer from params {'namespace': 'ner'} and extras {}
2019-02-10 04:59:52,030 - INFO - allennlp.common.params - dataset_reader.token_indexers.ner_tag.namespace = ner
2019-02-10 04:59:52,031 - INFO - allennlp.common.from_params - instantiating class allennlp.data.token_indexers.token_indexer.TokenIndexer from params {'coarse_tags': False, 'namespace': 'pos', 'type': 'pos_tag'} and extras {}
2019-02-10 04:59:52,031 - INFO - allennlp.common.params - dataset_reader.token_indexers.pos_tag.type = pos_tag
2019-02-10 04:59:52,031 - INFO - allennlp.common.from_params - instantiating class allennlp.data.token_indexers.pos_tag_indexer.PosTagIndexer from params {'coarse_tags': False, 'namespace': 'pos'} and extras {}
2019-02-10 04:59:52,032 - INFO - allennlp.common.params - dataset_reader.token_indexers.pos_tag.namespace = pos
2019-02-10 04:59:52,032 - INFO - allennlp.common.params - dataset_reader.token_indexers.pos_tag.coarse_tags = False
2019-02-10 04:59:52,032 - INFO - allennlp.common.params - dataset_reader.lazy = False
2019-02-10 04:59:52,033 - INFO - allennlp.common.from_params - instantiating class <class 'allennlp.data.tokenizers.tokenizer.Tokenizer'> from params {'type': 'word', 'word_splitter': {'ner': True, 'parse': True, 'pos_tags': True, 'type': 'whitespacy'}} and extras {}
2019-02-10 04:59:52,033 - INFO - allennlp.common.params - dataset_reader.mytokenizer.type = word
2019-02-10 04:59:52,033 - INFO - allennlp.common.from_params - instantiating class <class 'allennlp.data.tokenizers.word_tokenizer.WordTokenizer'> from params {'word_splitter': {'ner': True, 'parse': True, 'pos_tags': True, 'type': 'whitespacy'}} and extras {}
2019-02-10 04:59:52,034 - INFO - allennlp.common.from_params - instantiating class <class 'allennlp.data.tokenizers.word_splitter.WordSplitter'> from params {'ner': True, 'parse': True, 'pos_tags': True, 'type': 'whitespacy'} and extras {}
2019-02-10 04:59:52,034 - INFO - allennlp.common.params - dataset_reader.mytokenizer.word_splitter.type = whitespacy
2019-02-10 04:59:52,034 - INFO - allennlp.common.from_params - instantiating class <class 'myallennlp.data.tokenizers.word_splitter.SpacyWordSplitter'> from params {'ner': True, 'parse': True, 'pos_tags': True} and extras {}
2019-02-10 04:59:52,034 - INFO - allennlp.common.params - dataset_reader.mytokenizer.word_splitter.language = en_core_web_sm
2019-02-10 04:59:52,035 - INFO - allennlp.common.params - dataset_reader.mytokenizer.word_splitter.pos_tags = True
2019-02-10 04:59:52,035 - INFO - allennlp.common.params - dataset_reader.mytokenizer.word_splitter.parse = True
2019-02-10 04:59:52,035 - INFO - allennlp.common.params - dataset_reader.mytokenizer.word_splitter.ner = True
2019-02-10 04:59:52,838 - INFO - allennlp.common.params - dataset_reader.mytokenizer.start_tokens = None
2019-02-10 04:59:52,839 - INFO - allennlp.common.params - dataset_reader.mytokenizer.end_tokens = None
2019-02-10 04:59:52,839 - INFO - allennlp.common.params - dataset_reader.use_spacy_directly = False
2019-02-10 04:59:52,840 - INFO - allennlp.common.params - validation_dataset_reader = None
2019-02-10 04:59:52,840 - INFO - allennlp.common.params - train_data_path = ../data/allenTrain.txt
2019-02-10 04:59:52,840 - INFO - allennlp.commands.train - Reading training data from ../data/allenTrain.txt
2019-02-10 04:59:52,840 - INFO - myallennlp.dataset_readers.sequence_tagging2 - Reading instances from lines in file at: ../data/allenTrain.txt
2019-02-10 05:00:43,054 - INFO - allennlp.common.params - validation_data_path = ../data/allenDev.txt
2019-02-10 05:00:43,055 - INFO - allennlp.commands.train - Reading validation data from ../data/allenDev.txt
2019-02-10 05:00:43,056 - INFO - myallennlp.dataset_readers.sequence_tagging2 - Reading instances from lines in file at: ../data/allenDev.txt
2019-02-10 05:01:07,501 - INFO - allennlp.common.params - test_data_path = None
2019-02-10 05:01:07,501 - INFO - allennlp.commands.train - From dataset instances, validation, train will be considered for vocabulary creation.
2019-02-10 05:01:07,501 - INFO - allennlp.common.params - vocabulary.type = None
2019-02-10 05:01:07,501 - INFO - allennlp.common.params - vocabulary.extend = False
2019-02-10 05:01:07,501 - INFO - allennlp.common.params - vocabulary.directory_path = None
2019-02-10 05:01:07,501 - INFO - allennlp.common.params - vocabulary.min_count = None
2019-02-10 05:01:07,502 - INFO - allennlp.common.params - vocabulary.max_vocab_size = None
2019-02-10 05:01:07,502 - INFO - allennlp.common.params - vocabulary.non_padded_namespaces = ('*tags', '*labels')
2019-02-10 05:01:07,502 - INFO - allennlp.common.params - vocabulary.min_pretrained_embeddings = None
2019-02-10 05:01:07,502 - INFO - allennlp.common.params - vocabulary.only_include_pretrained_words = False
2019-02-10 05:01:07,502 - INFO - allennlp.common.params - vocabulary.tokens_to_add = None
2019-02-10 05:01:07,502 - INFO - allennlp.data.vocabulary - Fitting token dictionary from dataset.
2019-02-10 05:01:08,386 - INFO - allennlp.common.from_params - instantiating class <class 'allennlp.models.model.Model'> from params {'Ntags0': 5620.99, 'Ntags1': 256.16, 'do_crossentropy_weighting': True, 'encoder': {'bidirectional': True, 'dropout': 0.5, 'hidden_size': 22, 'input_size': 22, 'num_layers': 2, 'type': 'lstm'}, 'text_field_embedder': {'token_embedders': {'dependency_label': {'embedding_dim': 10, 'type': 'embedding', 'vocab_namespace': 'dependencies'}, 'ner_tag': {'embedding_dim': 7, 'type': 'embedding', 'vocab_namespace': 'ner'}, 'pos_tag': {'embedding_dim': 5, 'type': 'embedding', 'vocab_namespace': 'pos'}}}, 'type': 'simple_tagger2'} and extras {'vocab': Vocabulary with namespaces:  dependencies, Size: 47 || ner, Size: 21 || pos, Size: 51 || labels, Size: 2 || Non Padded Namespaces: {'*tags', '*labels'}}
2019-02-10 05:01:08,386 - INFO - allennlp.common.params - model.type = simple_tagger2
2019-02-10 05:01:08,387 - INFO - allennlp.common.from_params - instantiating class <class 'myallennlp.models.simple_tagger2.SimpleTagger2'> from params {'Ntags0': 5620.99, 'Ntags1': 256.16, 'do_crossentropy_weighting': True, 'encoder': {'bidirectional': True, 'dropout': 0.5, 'hidden_size': 22, 'input_size': 22, 'num_layers': 2, 'type': 'lstm'}, 'text_field_embedder': {'token_embedders': {'dependency_label': {'embedding_dim': 10, 'type': 'embedding', 'vocab_namespace': 'dependencies'}, 'ner_tag': {'embedding_dim': 7, 'type': 'embedding', 'vocab_namespace': 'ner'}, 'pos_tag': {'embedding_dim': 5, 'type': 'embedding', 'vocab_namespace': 'pos'}}}} and extras {'vocab': Vocabulary with namespaces:  dependencies, Size: 47 || ner, Size: 21 || pos, Size: 51 || labels, Size: 2 || Non Padded Namespaces: {'*tags', '*labels'}}
2019-02-10 05:01:08,387 - INFO - allennlp.common.from_params - instantiating class <class 'allennlp.modules.text_field_embedders.text_field_embedder.TextFieldEmbedder'> from params {'token_embedders': {'dependency_label': {'embedding_dim': 10, 'type': 'embedding', 'vocab_namespace': 'dependencies'}, 'ner_tag': {'embedding_dim': 7, 'type': 'embedding', 'vocab_namespace': 'ner'}, 'pos_tag': {'embedding_dim': 5, 'type': 'embedding', 'vocab_namespace': 'pos'}}} and extras {'vocab': Vocabulary with namespaces:  dependencies, Size: 47 || ner, Size: 21 || pos, Size: 51 || labels, Size: 2 || Non Padded Namespaces: {'*tags', '*labels'}}
2019-02-10 05:01:08,387 - INFO - allennlp.common.params - model.text_field_embedder.type = basic
2019-02-10 05:01:08,387 - INFO - allennlp.common.params - model.text_field_embedder.embedder_to_indexer_map = None
2019-02-10 05:01:08,387 - INFO - allennlp.common.params - model.text_field_embedder.allow_unmatched_keys = False
2019-02-10 05:01:08,388 - INFO - allennlp.common.from_params - instantiating class <class 'allennlp.modules.token_embedders.token_embedder.TokenEmbedder'> from params {'embedding_dim': 10, 'type': 'embedding', 'vocab_namespace': 'dependencies'} and extras {'vocab': Vocabulary with namespaces:  dependencies, Size: 47 || ner, Size: 21 || pos, Size: 51 || labels, Size: 2 || Non Padded Namespaces: {'*tags', '*labels'}}
2019-02-10 05:01:08,388 - INFO - allennlp.common.params - model.text_field_embedder.token_embedders.dependency_label.type = embedding
2019-02-10 05:01:08,388 - INFO - allennlp.common.params - model.text_field_embedder.token_embedders.dependency_label.num_embeddings = None
2019-02-10 05:01:08,388 - INFO - allennlp.common.params - model.text_field_embedder.token_embedders.dependency_label.vocab_namespace = dependencies
2019-02-10 05:01:08,388 - INFO - allennlp.common.params - model.text_field_embedder.token_embedders.dependency_label.embedding_dim = 10
2019-02-10 05:01:08,388 - INFO - allennlp.common.params - model.text_field_embedder.token_embedders.dependency_label.pretrained_file = None
2019-02-10 05:01:08,388 - INFO - allennlp.common.params - model.text_field_embedder.token_embedders.dependency_label.projection_dim = None
2019-02-10 05:01:08,388 - INFO - allennlp.common.params - model.text_field_embedder.token_embedders.dependency_label.trainable = True
2019-02-10 05:01:08,388 - INFO - allennlp.common.params - model.text_field_embedder.token_embedders.dependency_label.padding_index = None
2019-02-10 05:01:08,388 - INFO - allennlp.common.params - model.text_field_embedder.token_embedders.dependency_label.max_norm = None
2019-02-10 05:01:08,389 - INFO - allennlp.common.params - model.text_field_embedder.token_embedders.dependency_label.norm_type = 2.0
2019-02-10 05:01:08,389 - INFO - allennlp.common.params - model.text_field_embedder.token_embedders.dependency_label.scale_grad_by_freq = False
2019-02-10 05:01:08,389 - INFO - allennlp.common.params - model.text_field_embedder.token_embedders.dependency_label.sparse = False
2019-02-10 05:01:08,389 - INFO - allennlp.common.from_params - instantiating class <class 'allennlp.modules.token_embedders.token_embedder.TokenEmbedder'> from params {'embedding_dim': 7, 'type': 'embedding', 'vocab_namespace': 'ner'} and extras {'vocab': Vocabulary with namespaces:  dependencies, Size: 47 || ner, Size: 21 || pos, Size: 51 || labels, Size: 2 || Non Padded Namespaces: {'*tags', '*labels'}}
2019-02-10 05:01:08,389 - INFO - allennlp.common.params - model.text_field_embedder.token_embedders.ner_tag.type = embedding
2019-02-10 05:01:08,390 - INFO - allennlp.common.params - model.text_field_embedder.token_embedders.ner_tag.num_embeddings = None
2019-02-10 05:01:08,390 - INFO - allennlp.common.params - model.text_field_embedder.token_embedders.ner_tag.vocab_namespace = ner
2019-02-10 05:01:08,390 - INFO - allennlp.common.params - model.text_field_embedder.token_embedders.ner_tag.embedding_dim = 7
2019-02-10 05:01:08,390 - INFO - allennlp.common.params - model.text_field_embedder.token_embedders.ner_tag.pretrained_file = None
2019-02-10 05:01:08,390 - INFO - allennlp.common.params - model.text_field_embedder.token_embedders.ner_tag.projection_dim = None
2019-02-10 05:01:08,390 - INFO - allennlp.common.params - model.text_field_embedder.token_embedders.ner_tag.trainable = True
2019-02-10 05:01:08,390 - INFO - allennlp.common.params - model.text_field_embedder.token_embedders.ner_tag.padding_index = None
2019-02-10 05:01:08,390 - INFO - allennlp.common.params - model.text_field_embedder.token_embedders.ner_tag.max_norm = None
2019-02-10 05:01:08,390 - INFO - allennlp.common.params - model.text_field_embedder.token_embedders.ner_tag.norm_type = 2.0
2019-02-10 05:01:08,390 - INFO - allennlp.common.params - model.text_field_embedder.token_embedders.ner_tag.scale_grad_by_freq = False
2019-02-10 05:01:08,391 - INFO - allennlp.common.params - model.text_field_embedder.token_embedders.ner_tag.sparse = False
2019-02-10 05:01:08,391 - INFO - allennlp.common.from_params - instantiating class <class 'allennlp.modules.token_embedders.token_embedder.TokenEmbedder'> from params {'embedding_dim': 5, 'type': 'embedding', 'vocab_namespace': 'pos'} and extras {'vocab': Vocabulary with namespaces:  dependencies, Size: 47 || ner, Size: 21 || pos, Size: 51 || labels, Size: 2 || Non Padded Namespaces: {'*tags', '*labels'}}
2019-02-10 05:01:08,391 - INFO - allennlp.common.params - model.text_field_embedder.token_embedders.pos_tag.type = embedding
2019-02-10 05:01:08,391 - INFO - allennlp.common.params - model.text_field_embedder.token_embedders.pos_tag.num_embeddings = None
2019-02-10 05:01:08,391 - INFO - allennlp.common.params - model.text_field_embedder.token_embedders.pos_tag.vocab_namespace = pos
2019-02-10 05:01:08,391 - INFO - allennlp.common.params - model.text_field_embedder.token_embedders.pos_tag.embedding_dim = 5
2019-02-10 05:01:08,391 - INFO - allennlp.common.params - model.text_field_embedder.token_embedders.pos_tag.pretrained_file = None
2019-02-10 05:01:08,391 - INFO - allennlp.common.params - model.text_field_embedder.token_embedders.pos_tag.projection_dim = None
2019-02-10 05:01:08,391 - INFO - allennlp.common.params - model.text_field_embedder.token_embedders.pos_tag.trainable = True
2019-02-10 05:01:08,392 - INFO - allennlp.common.params - model.text_field_embedder.token_embedders.pos_tag.padding_index = None
2019-02-10 05:01:08,392 - INFO - allennlp.common.params - model.text_field_embedder.token_embedders.pos_tag.max_norm = None
2019-02-10 05:01:08,392 - INFO - allennlp.common.params - model.text_field_embedder.token_embedders.pos_tag.norm_type = 2.0
2019-02-10 05:01:08,392 - INFO - allennlp.common.params - model.text_field_embedder.token_embedders.pos_tag.scale_grad_by_freq = False
2019-02-10 05:01:08,392 - INFO - allennlp.common.params - model.text_field_embedder.token_embedders.pos_tag.sparse = False
2019-02-10 05:01:08,392 - INFO - allennlp.common.from_params - instantiating class <class 'allennlp.modules.seq2seq_encoders.seq2seq_encoder.Seq2SeqEncoder'> from params {'bidirectional': True, 'dropout': 0.5, 'hidden_size': 22, 'input_size': 22, 'num_layers': 2, 'type': 'lstm'} and extras {'vocab': Vocabulary with namespaces:  dependencies, Size: 47 || ner, Size: 21 || pos, Size: 51 || labels, Size: 2 || Non Padded Namespaces: {'*tags', '*labels'}}
2019-02-10 05:01:08,393 - INFO - allennlp.common.params - model.encoder.type = lstm
2019-02-10 05:01:08,393 - INFO - allennlp.common.params - model.encoder.batch_first = True
2019-02-10 05:01:08,393 - INFO - allennlp.common.params - model.encoder.stateful = False
2019-02-10 05:01:08,393 - INFO - allennlp.common.params - Converting Params object to dict; logging of default values will not occur when dictionary parameters are used subsequently.
2019-02-10 05:01:08,393 - INFO - allennlp.common.params - CURRENTLY DEFINED PARAMETERS: 
2019-02-10 05:01:08,393 - INFO - allennlp.common.params - model.encoder.bidirectional = True
2019-02-10 05:01:08,393 - INFO - allennlp.common.params - model.encoder.dropout = 0.5
2019-02-10 05:01:08,393 - INFO - allennlp.common.params - model.encoder.hidden_size = 22
2019-02-10 05:01:08,393 - INFO - allennlp.common.params - model.encoder.input_size = 22
2019-02-10 05:01:08,393 - INFO - allennlp.common.params - model.encoder.num_layers = 2
2019-02-10 05:01:08,393 - INFO - allennlp.common.params - model.encoder.batch_first = True
2019-02-10 05:01:08,395 - INFO - allennlp.common.params - model.do_crossentropy_weighting = True
2019-02-10 05:01:08,395 - INFO - allennlp.common.params - model.Ntags0 = 5620.99
2019-02-10 05:01:08,395 - INFO - allennlp.common.params - model.Ntags1 = 256.16
2019-02-10 05:01:08,395 - INFO - allennlp.nn.initializers - Initializing parameters
2019-02-10 05:01:08,395 - INFO - allennlp.nn.initializers - Done initializing parameters; the following parameters are using their default initialization from their code
2019-02-10 05:01:08,396 - INFO - allennlp.nn.initializers -    encoder._module.bias_hh_l0
2019-02-10 05:01:08,396 - INFO - allennlp.nn.initializers -    encoder._module.bias_hh_l0_reverse
2019-02-10 05:01:08,396 - INFO - allennlp.nn.initializers -    encoder._module.bias_hh_l1
2019-02-10 05:01:08,396 - INFO - allennlp.nn.initializers -    encoder._module.bias_hh_l1_reverse
2019-02-10 05:01:08,396 - INFO - allennlp.nn.initializers -    encoder._module.bias_ih_l0
2019-02-10 05:01:08,396 - INFO - allennlp.nn.initializers -    encoder._module.bias_ih_l0_reverse
2019-02-10 05:01:08,396 - INFO - allennlp.nn.initializers -    encoder._module.bias_ih_l1
2019-02-10 05:01:08,396 - INFO - allennlp.nn.initializers -    encoder._module.bias_ih_l1_reverse
2019-02-10 05:01:08,396 - INFO - allennlp.nn.initializers -    encoder._module.weight_hh_l0
2019-02-10 05:01:08,396 - INFO - allennlp.nn.initializers -    encoder._module.weight_hh_l0_reverse
2019-02-10 05:01:08,396 - INFO - allennlp.nn.initializers -    encoder._module.weight_hh_l1
2019-02-10 05:01:08,396 - INFO - allennlp.nn.initializers -    encoder._module.weight_hh_l1_reverse
2019-02-10 05:01:08,396 - INFO - allennlp.nn.initializers -    encoder._module.weight_ih_l0
2019-02-10 05:01:08,397 - INFO - allennlp.nn.initializers -    encoder._module.weight_ih_l0_reverse
2019-02-10 05:01:08,397 - INFO - allennlp.nn.initializers -    encoder._module.weight_ih_l1
2019-02-10 05:01:08,397 - INFO - allennlp.nn.initializers -    encoder._module.weight_ih_l1_reverse
2019-02-10 05:01:08,397 - INFO - allennlp.nn.initializers -    tag_projection_layer._module.bias
2019-02-10 05:01:08,397 - INFO - allennlp.nn.initializers -    tag_projection_layer._module.weight
2019-02-10 05:01:08,397 - INFO - allennlp.nn.initializers -    text_field_embedder.token_embedder_dependency_label.weight
2019-02-10 05:01:08,397 - INFO - allennlp.nn.initializers -    text_field_embedder.token_embedder_ner_tag.weight
2019-02-10 05:01:08,397 - INFO - allennlp.nn.initializers -    text_field_embedder.token_embedder_pos_tag.weight
2019-02-10 05:01:08,398 - INFO - allennlp.common.from_params - instantiating class <class 'allennlp.data.iterators.data_iterator.DataIterator'> from params {'batch_size': 32, 'type': 'basic'} and extras {}
2019-02-10 05:01:08,399 - INFO - allennlp.common.params - iterator.type = basic
2019-02-10 05:01:08,399 - INFO - allennlp.common.from_params - instantiating class <class 'allennlp.data.iterators.basic_iterator.BasicIterator'> from params {'batch_size': 32} and extras {}
2019-02-10 05:01:08,399 - INFO - allennlp.common.params - iterator.batch_size = 32
2019-02-10 05:01:08,399 - INFO - allennlp.common.params - iterator.instances_per_epoch = None
2019-02-10 05:01:08,399 - INFO - allennlp.common.params - iterator.max_instances_in_memory = None
2019-02-10 05:01:08,399 - INFO - allennlp.common.params - iterator.cache_instances = False
2019-02-10 05:01:08,399 - INFO - allennlp.common.params - iterator.track_epoch = False
2019-02-10 05:01:08,400 - INFO - allennlp.common.params - iterator.maximum_samples_per_batch = None
2019-02-10 05:01:08,400 - INFO - allennlp.common.params - validation_iterator = None
2019-02-10 05:01:08,400 - INFO - allennlp.common.params - trainer.no_grad = ()
2019-02-10 05:01:08,400 - INFO - allennlp.commands.train - Following parameters are Frozen  (without gradient):
2019-02-10 05:01:08,400 - INFO - allennlp.commands.train - Following parameters are Tunable (with gradient):
2019-02-10 05:01:08,400 - INFO - allennlp.commands.train - text_field_embedder.token_embedder_dependency_label.weight
2019-02-10 05:01:08,400 - INFO - allennlp.commands.train - text_field_embedder.token_embedder_ner_tag.weight
2019-02-10 05:01:08,400 - INFO - allennlp.commands.train - text_field_embedder.token_embedder_pos_tag.weight
2019-02-10 05:01:08,401 - INFO - allennlp.commands.train - encoder._module.weight_ih_l0
2019-02-10 05:01:08,401 - INFO - allennlp.commands.train - encoder._module.weight_hh_l0
2019-02-10 05:01:08,401 - INFO - allennlp.commands.train - encoder._module.bias_ih_l0
2019-02-10 05:01:08,401 - INFO - allennlp.commands.train - encoder._module.bias_hh_l0
2019-02-10 05:01:08,401 - INFO - allennlp.commands.train - encoder._module.weight_ih_l0_reverse
2019-02-10 05:01:08,401 - INFO - allennlp.commands.train - encoder._module.weight_hh_l0_reverse
2019-02-10 05:01:08,401 - INFO - allennlp.commands.train - encoder._module.bias_ih_l0_reverse
2019-02-10 05:01:08,401 - INFO - allennlp.commands.train - encoder._module.bias_hh_l0_reverse
2019-02-10 05:01:08,401 - INFO - allennlp.commands.train - encoder._module.weight_ih_l1
2019-02-10 05:01:08,401 - INFO - allennlp.commands.train - encoder._module.weight_hh_l1
2019-02-10 05:01:08,401 - INFO - allennlp.commands.train - encoder._module.bias_ih_l1
2019-02-10 05:01:08,401 - INFO - allennlp.commands.train - encoder._module.bias_hh_l1
2019-02-10 05:01:08,401 - INFO - allennlp.commands.train - encoder._module.weight_ih_l1_reverse
2019-02-10 05:01:08,402 - INFO - allennlp.commands.train - encoder._module.weight_hh_l1_reverse
2019-02-10 05:01:08,402 - INFO - allennlp.commands.train - encoder._module.bias_ih_l1_reverse
2019-02-10 05:01:08,402 - INFO - allennlp.commands.train - encoder._module.bias_hh_l1_reverse
2019-02-10 05:01:08,402 - INFO - allennlp.commands.train - tag_projection_layer._module.weight
2019-02-10 05:01:08,402 - INFO - allennlp.commands.train - tag_projection_layer._module.bias
2019-02-10 05:01:08,402 - INFO - allennlp.common.params - trainer.type = default
2019-02-10 05:01:08,402 - INFO - allennlp.common.params - trainer.patience = 5
2019-02-10 05:01:08,402 - INFO - allennlp.common.params - trainer.validation_metric = -loss
2019-02-10 05:01:08,402 - INFO - allennlp.common.params - trainer.shuffle = True
2019-02-10 05:01:08,402 - INFO - allennlp.common.params - trainer.num_epochs = 40
2019-02-10 05:01:08,402 - INFO - allennlp.common.params - trainer.cuda_device = -1
2019-02-10 05:01:08,403 - INFO - allennlp.common.params - trainer.grad_norm = None
2019-02-10 05:01:08,403 - INFO - allennlp.common.params - trainer.grad_clipping = None
2019-02-10 05:01:08,403 - INFO - allennlp.common.params - trainer.learning_rate_scheduler = None
2019-02-10 05:01:08,403 - INFO - allennlp.common.params - trainer.optimizer = adam
2019-02-10 05:01:08,403 - INFO - allennlp.common.params - parameter_groups = None
2019-02-10 05:01:08,403 - INFO - allennlp.training.optimizers - Number of trainable parameters: 21026
2019-02-10 05:01:08,404 - INFO - allennlp.common.params - Converting Params object to dict; logging of default values will not occur when dictionary parameters are used subsequently.
2019-02-10 05:01:08,405 - INFO - allennlp.common.params - CURRENTLY DEFINED PARAMETERS: 
2019-02-10 05:01:08,405 - INFO - allennlp.common.params - trainer.num_serialized_models_to_keep = 20
2019-02-10 05:01:08,405 - INFO - allennlp.common.params - trainer.keep_serialized_model_every_num_seconds = None
2019-02-10 05:01:08,405 - INFO - allennlp.common.params - trainer.model_save_interval = None
2019-02-10 05:01:08,405 - INFO - allennlp.common.params - trainer.summary_interval = 100
2019-02-10 05:01:08,405 - INFO - allennlp.common.params - trainer.histogram_interval = None
2019-02-10 05:01:08,405 - INFO - allennlp.common.params - trainer.should_log_parameter_statistics = True
2019-02-10 05:01:08,405 - INFO - allennlp.common.params - trainer.should_log_learning_rate = False
2019-02-10 05:01:08,405 - INFO - allennlp.common.params - trainer.log_batch_size_period = None
2019-02-10 05:01:08,410 - INFO - allennlp.common.params - evaluate_on_test = False
2019-02-10 05:01:08,410 - INFO - allennlp.training.trainer - Beginning training.
2019-02-10 05:01:08,410 - INFO - allennlp.training.trainer - Epoch 0/39
2019-02-10 05:01:08,410 - INFO - allennlp.training.trainer - Peak CPU memory usage MB: 1032.468
2019-02-10 05:01:08,464 - INFO - allennlp.training.trainer - Training
2019-02-10 05:02:33,364 - INFO - allennlp.training.trainer - Validating
2019-02-10 05:02:40,405 - INFO - allennlp.training.trainer -                   Training |  Validation
2019-02-10 05:02:40,406 - INFO - allennlp.training.trainer - cpu_memory_MB |  1032.468  |       N/A
2019-02-10 05:02:40,406 - INFO - allennlp.training.trainer - loss          |     0.562  |     0.513
2019-02-10 05:02:40,406 - INFO - allennlp.training.trainer - accuracy3     |     1.000  |     1.000
2019-02-10 05:02:40,406 - INFO - allennlp.training.trainer - accuracy      |     0.621  |     0.734
2019-02-10 05:02:40,411 - INFO - allennlp.training.trainer - Best validation performance so far. Copying weights to './model_params/best.th'.
2019-02-10 05:02:40,411 - INFO - allennlp.training.trainer - Epoch duration: 00:01:32
2019-02-10 05:02:40,411 - INFO - allennlp.training.trainer - Estimated training time remaining: 0:59:48
2019-02-10 05:02:40,411 - INFO - allennlp.training.trainer - Epoch 1/39
2019-02-10 05:02:40,419 - INFO - allennlp.training.trainer - Peak CPU memory usage MB: 1032.468
2019-02-10 05:02:40,471 - INFO - allennlp.training.trainer - Training
2019-02-10 05:04:05,716 - INFO - allennlp.training.trainer - Validating
2019-02-10 05:04:11,281 - INFO - allennlp.training.trainer -                   Training |  Validation
2019-02-10 05:04:11,284 - INFO - allennlp.training.trainer - cpu_memory_MB |  1032.468  |       N/A
2019-02-10 05:04:11,284 - INFO - allennlp.training.trainer - loss          |     0.432  |     0.506
2019-02-10 05:04:11,284 - INFO - allennlp.training.trainer - accuracy3     |     1.000  |     1.000
2019-02-10 05:04:11,284 - INFO - allennlp.training.trainer - accuracy      |     0.789  |     0.704
2019-02-10 05:04:11,306 - INFO - allennlp.training.trainer - Best validation performance so far. Copying weights to './model_params/best.th'.
2019-02-10 05:04:11,318 - INFO - allennlp.training.trainer - Epoch duration: 00:01:30
2019-02-10 05:04:11,319 - INFO - allennlp.training.trainer - Estimated training time remaining: 0:57:55
2019-02-10 05:04:11,319 - INFO - allennlp.training.trainer - Epoch 2/39
2019-02-10 05:04:11,322 - INFO - allennlp.training.trainer - Peak CPU memory usage MB: 1032.468
2019-02-10 05:04:11,377 - INFO - allennlp.training.trainer - Training
2019-02-10 05:05:33,384 - INFO - allennlp.training.trainer - Validating
2019-02-10 05:05:38,178 - INFO - allennlp.training.trainer -                   Training |  Validation
2019-02-10 05:05:38,178 - INFO - allennlp.training.trainer - cpu_memory_MB |  1032.468  |       N/A
2019-02-10 05:05:38,179 - INFO - allennlp.training.trainer - loss          |     0.419  |     0.500
2019-02-10 05:05:38,179 - INFO - allennlp.training.trainer - accuracy3     |     1.000  |     1.000
2019-02-10 05:05:38,179 - INFO - allennlp.training.trainer - accuracy      |     0.796  |     0.701
2019-02-10 05:05:38,186 - INFO - allennlp.training.trainer - Best validation performance so far. Copying weights to './model_params/best.th'.
2019-02-10 05:05:38,187 - INFO - allennlp.training.trainer - Epoch duration: 00:01:26
2019-02-10 05:05:38,187 - INFO - allennlp.training.trainer - Estimated training time remaining: 0:55:27
2019-02-10 05:05:38,187 - INFO - allennlp.training.trainer - Epoch 3/39
2019-02-10 05:05:38,187 - INFO - allennlp.training.trainer - Peak CPU memory usage MB: 1032.468
2019-02-10 05:05:38,235 - INFO - allennlp.training.trainer - Training
2019-02-10 05:06:26,569 - INFO - allennlp.training.trainer - Validating
2019-02-10 05:06:29,160 - INFO - allennlp.training.trainer -                   Training |  Validation
2019-02-10 05:06:29,160 - INFO - allennlp.training.trainer - cpu_memory_MB |  1032.468  |       N/A
2019-02-10 05:06:29,160 - INFO - allennlp.training.trainer - loss          |     0.411  |     0.502
2019-02-10 05:06:29,160 - INFO - allennlp.training.trainer - accuracy3     |     1.000  |     1.000
2019-02-10 05:06:29,161 - INFO - allennlp.training.trainer - accuracy      |     0.800  |     0.695
2019-02-10 05:06:29,165 - INFO - allennlp.training.trainer - Epoch duration: 00:00:50
2019-02-10 05:06:29,165 - INFO - allennlp.training.trainer - Estimated training time remaining: 0:48:06
2019-02-10 05:06:29,165 - INFO - allennlp.training.trainer - Epoch 4/39
2019-02-10 05:06:29,165 - INFO - allennlp.training.trainer - Peak CPU memory usage MB: 1032.468
2019-02-10 05:06:29,204 - INFO - allennlp.training.trainer - Training
2019-02-10 05:06:57,900 - INFO - allennlp.training.trainer - Validating
2019-02-10 05:07:00,289 - INFO - allennlp.training.trainer -                   Training |  Validation
2019-02-10 05:07:00,290 - INFO - allennlp.training.trainer - cpu_memory_MB |  1032.468  |       N/A
2019-02-10 05:07:00,290 - INFO - allennlp.training.trainer - loss          |     0.409  |     0.513
2019-02-10 05:07:00,290 - INFO - allennlp.training.trainer - accuracy3     |     1.000  |     1.000
2019-02-10 05:07:00,290 - INFO - allennlp.training.trainer - accuracy      |     0.799  |     0.666
2019-02-10 05:07:00,292 - INFO - allennlp.training.trainer - Epoch duration: 00:00:31
2019-02-10 05:07:00,292 - INFO - allennlp.training.trainer - Estimated training time remaining: 0:41:03
2019-02-10 05:07:00,293 - INFO - allennlp.training.trainer - Epoch 5/39
2019-02-10 05:07:00,293 - INFO - allennlp.training.trainer - Peak CPU memory usage MB: 1032.468
2019-02-10 05:07:00,329 - INFO - allennlp.training.trainer - Training
2019-02-10 05:07:30,050 - INFO - allennlp.training.trainer - Validating
2019-02-10 05:07:32,450 - INFO - allennlp.training.trainer -                   Training |  Validation
2019-02-10 05:07:32,450 - INFO - allennlp.training.trainer - cpu_memory_MB |  1032.468  |       N/A
2019-02-10 05:07:32,451 - INFO - allennlp.training.trainer - loss          |     0.406  |     0.489
2019-02-10 05:07:32,451 - INFO - allennlp.training.trainer - accuracy3     |     1.000  |     1.000
2019-02-10 05:07:32,451 - INFO - allennlp.training.trainer - accuracy      |     0.800  |     0.740
2019-02-10 05:07:32,453 - INFO - allennlp.training.trainer - Best validation performance so far. Copying weights to './model_params/best.th'.
2019-02-10 05:07:32,454 - INFO - allennlp.training.trainer - Epoch duration: 00:00:32
2019-02-10 05:07:32,454 - INFO - allennlp.training.trainer - Estimated training time remaining: 0:36:16
2019-02-10 05:07:32,454 - INFO - allennlp.training.trainer - Epoch 6/39
2019-02-10 05:07:32,454 - INFO - allennlp.training.trainer - Peak CPU memory usage MB: 1032.468
2019-02-10 05:07:32,485 - INFO - allennlp.training.trainer - Training
2019-02-10 05:08:01,066 - INFO - allennlp.training.trainer - Validating
2019-02-10 05:08:03,338 - INFO - allennlp.training.trainer -                   Training |  Validation
2019-02-10 05:08:03,339 - INFO - allennlp.training.trainer - cpu_memory_MB |  1032.468  |       N/A
2019-02-10 05:08:03,339 - INFO - allennlp.training.trainer - loss          |     0.403  |     0.495
2019-02-10 05:08:03,339 - INFO - allennlp.training.trainer - accuracy3     |     1.000  |     1.000
2019-02-10 05:08:03,340 - INFO - allennlp.training.trainer - accuracy      |     0.802  |     0.721
2019-02-10 05:08:03,344 - INFO - allennlp.training.trainer - Epoch duration: 00:00:30
2019-02-10 05:08:03,344 - INFO - allennlp.training.trainer - Estimated training time remaining: 0:32:36
2019-02-10 05:08:03,344 - INFO - allennlp.training.trainer - Epoch 7/39
2019-02-10 05:08:03,344 - INFO - allennlp.training.trainer - Peak CPU memory usage MB: 1032.468
2019-02-10 05:08:03,380 - INFO - allennlp.training.trainer - Training
2019-02-10 05:08:32,931 - INFO - allennlp.training.trainer - Validating
2019-02-10 05:08:36,036 - INFO - allennlp.training.trainer -                   Training |  Validation
2019-02-10 05:08:36,037 - INFO - allennlp.training.trainer - cpu_memory_MB |  1032.468  |       N/A
2019-02-10 05:08:36,037 - INFO - allennlp.training.trainer - loss          |     0.401  |     0.502
2019-02-10 05:08:36,037 - INFO - allennlp.training.trainer - accuracy3     |     1.000  |     1.000
2019-02-10 05:08:36,037 - INFO - allennlp.training.trainer - accuracy      |     0.803  |     0.693
2019-02-10 05:08:36,039 - INFO - allennlp.training.trainer - Epoch duration: 00:00:32
2019-02-10 05:08:36,039 - INFO - allennlp.training.trainer - Estimated training time remaining: 0:29:50
2019-02-10 05:08:36,039 - INFO - allennlp.training.trainer - Epoch 8/39
2019-02-10 05:08:36,040 - INFO - allennlp.training.trainer - Peak CPU memory usage MB: 1032.468
2019-02-10 05:08:36,075 - INFO - allennlp.training.trainer - Training
2019-02-10 05:09:04,554 - INFO - allennlp.training.trainer - Validating
2019-02-10 05:09:06,817 - INFO - allennlp.training.trainer -                   Training |  Validation
2019-02-10 05:09:06,818 - INFO - allennlp.training.trainer - cpu_memory_MB |  1032.468  |       N/A
2019-02-10 05:09:06,818 - INFO - allennlp.training.trainer - loss          |     0.400  |     0.495
2019-02-10 05:09:06,819 - INFO - allennlp.training.trainer - accuracy3     |     1.000  |     1.000
2019-02-10 05:09:06,819 - INFO - allennlp.training.trainer - accuracy      |     0.805  |     0.724
2019-02-10 05:09:06,823 - INFO - allennlp.training.trainer - Epoch duration: 00:00:30
2019-02-10 05:09:06,823 - INFO - allennlp.training.trainer - Estimated training time remaining: 0:27:27
2019-02-10 05:09:06,823 - INFO - allennlp.training.trainer - Epoch 9/39
2019-02-10 05:09:06,823 - INFO - allennlp.training.trainer - Peak CPU memory usage MB: 1032.468
2019-02-10 05:09:06,854 - INFO - allennlp.training.trainer - Training
2019-02-10 05:10:11,388 - INFO - allennlp.training.trainer - Validating
2019-02-10 05:10:16,668 - INFO - allennlp.training.trainer -                   Training |  Validation
2019-02-10 05:10:16,671 - INFO - allennlp.training.trainer - cpu_memory_MB |  1032.468  |       N/A
2019-02-10 05:10:16,672 - INFO - allennlp.training.trainer - loss          |     0.399  |     0.481
2019-02-10 05:10:16,672 - INFO - allennlp.training.trainer - accuracy3     |     1.000  |     1.000
2019-02-10 05:10:16,672 - INFO - allennlp.training.trainer - accuracy      |     0.804  |     0.760
2019-02-10 05:10:16,677 - INFO - allennlp.training.trainer - Best validation performance so far. Copying weights to './model_params/best.th'.
2019-02-10 05:10:16,678 - INFO - allennlp.training.trainer - Epoch duration: 00:01:09
2019-02-10 05:10:16,678 - INFO - allennlp.training.trainer - Estimated training time remaining: 0:27:24
2019-02-10 05:10:16,678 - INFO - allennlp.training.trainer - Epoch 10/39
2019-02-10 05:10:16,678 - INFO - allennlp.training.trainer - Peak CPU memory usage MB: 1032.468
2019-02-10 05:10:16,722 - INFO - allennlp.training.trainer - Training
2019-02-10 05:11:40,356 - INFO - allennlp.training.trainer - Validating
2019-02-10 05:11:47,619 - INFO - allennlp.training.trainer -                   Training |  Validation
2019-02-10 05:11:47,623 - INFO - allennlp.training.trainer - cpu_memory_MB |  1032.468  |       N/A
2019-02-10 05:11:47,624 - INFO - allennlp.training.trainer - loss          |     0.396  |     0.485
2019-02-10 05:11:47,625 - INFO - allennlp.training.trainer - accuracy3     |     1.000  |     1.000
2019-02-10 05:11:47,631 - INFO - allennlp.training.trainer - accuracy      |     0.805  |     0.744
2019-02-10 05:11:47,636 - INFO - allennlp.training.trainer - Epoch duration: 00:01:30
2019-02-10 05:11:47,636 - INFO - allennlp.training.trainer - Estimated training time remaining: 0:28:05
2019-02-10 05:11:47,636 - INFO - allennlp.training.trainer - Epoch 11/39
2019-02-10 05:11:47,636 - INFO - allennlp.training.trainer - Peak CPU memory usage MB: 1032.468
2019-02-10 05:11:47,706 - INFO - allennlp.training.trainer - Training
2019-02-10 05:13:10,680 - INFO - allennlp.training.trainer - Validating
2019-02-10 05:13:16,078 - INFO - allennlp.training.trainer -                   Training |  Validation
2019-02-10 05:13:16,081 - INFO - allennlp.training.trainer - cpu_memory_MB |  1032.468  |       N/A
2019-02-10 05:13:16,081 - INFO - allennlp.training.trainer - loss          |     0.395  |     0.500
2019-02-10 05:13:16,081 - INFO - allennlp.training.trainer - accuracy3     |     1.000  |     1.000
2019-02-10 05:13:16,082 - INFO - allennlp.training.trainer - accuracy      |     0.805  |     0.692
2019-02-10 05:13:16,086 - INFO - allennlp.training.trainer - Epoch duration: 00:01:28
2019-02-10 05:13:16,086 - INFO - allennlp.training.trainer - Estimated training time remaining: 0:28:17
2019-02-10 05:13:16,086 - INFO - allennlp.training.trainer - Epoch 12/39
2019-02-10 05:13:16,087 - INFO - allennlp.training.trainer - Peak CPU memory usage MB: 1032.468
2019-02-10 05:13:16,141 - INFO - allennlp.training.trainer - Training
2019-02-10 05:14:40,176 - INFO - allennlp.training.trainer - Validating
2019-02-10 05:14:46,267 - INFO - allennlp.training.trainer -                   Training |  Validation
2019-02-10 05:14:46,271 - INFO - allennlp.training.trainer - cpu_memory_MB |  1032.468  |       N/A
2019-02-10 05:14:46,274 - INFO - allennlp.training.trainer - loss          |     0.395  |     0.485
2019-02-10 05:14:46,277 - INFO - allennlp.training.trainer - accuracy3     |     1.000  |     1.000
2019-02-10 05:14:46,278 - INFO - allennlp.training.trainer - accuracy      |     0.806  |     0.738
2019-02-10 05:14:46,285 - INFO - allennlp.training.trainer - Epoch duration: 00:01:30
2019-02-10 05:14:46,285 - INFO - allennlp.training.trainer - Estimated training time remaining: 0:28:18
2019-02-10 05:14:46,286 - INFO - allennlp.training.trainer - Epoch 13/39
2019-02-10 05:14:46,286 - INFO - allennlp.training.trainer - Peak CPU memory usage MB: 1032.468
2019-02-10 05:14:46,374 - INFO - allennlp.training.trainer - Training
2019-02-10 05:16:10,474 - INFO - allennlp.training.trainer - Validating
2019-02-10 05:16:16,841 - INFO - allennlp.training.trainer -                   Training |  Validation
2019-02-10 05:16:16,844 - INFO - allennlp.training.trainer - cpu_memory_MB |  1032.468  |       N/A
2019-02-10 05:16:16,844 - INFO - allennlp.training.trainer - loss          |     0.394  |     0.489
2019-02-10 05:16:16,844 - INFO - allennlp.training.trainer - accuracy3     |     1.000  |     1.000
2019-02-10 05:16:16,844 - INFO - allennlp.training.trainer - accuracy      |     0.808  |     0.715
2019-02-10 05:16:16,858 - INFO - allennlp.training.trainer - Epoch duration: 00:01:30
2019-02-10 05:16:16,865 - INFO - allennlp.training.trainer - Estimated training time remaining: 0:28:07
2019-02-10 05:16:16,867 - INFO - allennlp.training.trainer - Epoch 14/39
2019-02-10 05:16:16,867 - INFO - allennlp.training.trainer - Peak CPU memory usage MB: 1032.468
2019-02-10 05:16:16,915 - INFO - allennlp.training.trainer - Training
2019-02-10 05:17:37,896 - INFO - allennlp.training.trainer - Validating
2019-02-10 05:17:42,654 - INFO - allennlp.training.trainer - Ran out of patience.  Stopping training.
2019-02-10 05:17:42,656 - INFO - allennlp.models.archival - archiving weights and vocabulary to ./model_params/model.tar.gz
2019-02-10 05:17:42,685 - INFO - allennlp.commands.train - Loading the best epoch weights.
2019-02-10 05:17:42,693 - INFO - allennlp.common.util - Metrics: {
  "peak_cpu_memory_MB": 1032.468,
  "training_duration": "00:15:08",
  "training_start_epoch": 0,
  "training_epochs": 13,
  "epoch": 13,
  "training_accuracy": 0.8084734329036165,
  "training_accuracy3": 1.0,
  "training_loss": 0.3938569016754627,
  "training_cpu_memory_MB": 1032.468,
  "validation_accuracy": 0.7151692360957957,
  "validation_accuracy3": 1.0,
  "validation_loss": 0.4894526257198684,
  "best_epoch": 9,
  "best_validation_accuracy": 0.7600743676026646,
  "best_validation_accuracy3": 1.0,
  "best_validation_loss": 0.48104180456424245
}
Token batch process time:
49.5524365901947
Token batch process time:
24.192088842391968
