0it [00:00, ?it/s]
1it [00:00,  3.26it/s]
80it [00:00, 257.59it/s]

0it [00:00, ?it/s]
1it [00:00,  3.62it/s]
74it [00:00, 264.80it/s]

0it [00:00, ?it/s]
154it [00:00, 29522.50it/s]

  0%|          | 0/3 [00:00<?, ?it/s]
accuracy: 0.4329, accuracy3: 1.0000, loss: 0.6933 ||:  67%|######6   | 2/3 [00:00<00:00, 12.05it/s]
accuracy: 0.4343, accuracy3: 1.0000, loss: 0.6960 ||: 100%|##########| 3/3 [00:00<00:00, 12.76it/s]

  0%|          | 0/3 [00:00<?, ?it/s]
accuracy: 0.4914, accuracy3: 1.0000, loss: 0.6542 ||: 100%|##########| 3/3 [00:00<00:00, 43.74it/s]

  0%|          | 0/3 [00:00<?, ?it/s]
accuracy: 0.4447, accuracy3: 1.0000, loss: 0.6856 ||:  67%|######6   | 2/3 [00:00<00:00, 12.94it/s]
accuracy: 0.4507, accuracy3: 1.0000, loss: 0.6814 ||: 100%|##########| 3/3 [00:00<00:00, 13.53it/s]

  0%|          | 0/3 [00:00<?, ?it/s]
accuracy: 0.5086, accuracy3: 1.0000, loss: 0.6487 ||: 100%|##########| 3/3 [00:00<00:00, 63.68it/s]

  0%|          | 0/3 [00:00<?, ?it/s]
accuracy: 0.4785, accuracy3: 1.0000, loss: 0.6765 ||:  67%|######6   | 2/3 [00:00<00:00, 17.19it/s]
accuracy: 0.4793, accuracy3: 1.0000, loss: 0.6734 ||: 100%|##########| 3/3 [00:00<00:00, 18.55it/s]

  0%|          | 0/3 [00:00<?, ?it/s]
accuracy: 0.5367, accuracy3: 1.0000, loss: 0.6373 ||: 100%|##########| 3/3 [00:00<00:00, 67.51it/s]

  0%|          | 0/3 [00:00<?, ?it/s]
accuracy: 0.5275, accuracy3: 1.0000, loss: 0.6638 ||:  67%|######6   | 2/3 [00:00<00:00,  9.55it/s]
accuracy: 0.5477, accuracy3: 1.0000, loss: 0.6507 ||: 100%|##########| 3/3 [00:00<00:00, 11.17it/s]

  0%|          | 0/3 [00:00<?, ?it/s]
accuracy: 0.5302, accuracy3: 1.0000, loss: 0.6255 ||: 100%|##########| 3/3 [00:00<00:00, 68.25it/s]

  0%|          | 0/3 [00:00<?, ?it/s]
accuracy: 0.5663, accuracy3: 1.0000, loss: 0.6443 ||:  67%|######6   | 2/3 [00:00<00:00, 12.80it/s]
accuracy: 0.5497, accuracy3: 1.0000, loss: 0.6413 ||: 100%|##########| 3/3 [00:00<00:00, 15.17it/s]

  0%|          | 0/3 [00:00<?, ?it/s]
accuracy: 0.5294, accuracy3: 1.0000, loss: 0.6104 ||: 100%|##########| 3/3 [00:00<00:00, 62.23it/s]

  0%|          | 0/3 [00:00<?, ?it/s]
accuracy: 0.5223, accuracy3: 1.0000, loss: 0.6350 ||:  67%|######6   | 2/3 [00:00<00:00, 12.52it/s]
accuracy: 0.5209, accuracy3: 1.0000, loss: 0.6352 ||: 100%|##########| 3/3 [00:00<00:00, 12.23it/s]

  0%|          | 0/3 [00:00<?, ?it/s]
accuracy: 0.5397, accuracy3: 1.0000, loss: 0.5995 ||: 100%|##########| 3/3 [00:00<00:00, 61.90it/s]

  0%|          | 0/3 [00:00<?, ?it/s]
accuracy: 0.6025, accuracy3: 1.0000, loss: 0.6204 ||:  67%|######6   | 2/3 [00:00<00:00, 12.04it/s]
accuracy: 0.5803, accuracy3: 1.0000, loss: 0.6227 ||: 100%|##########| 3/3 [00:00<00:00, 14.52it/s]

  0%|          | 0/3 [00:00<?, ?it/s]
accuracy: 0.6421, accuracy3: 1.0000, loss: 0.5944 ||: 100%|##########| 3/3 [00:00<00:00, 49.30it/s]

  0%|          | 0/3 [00:00<?, ?it/s]
accuracy: 0.6866, accuracy3: 1.0000, loss: 0.5985 ||:  67%|######6   | 2/3 [00:00<00:00, 11.85it/s]
accuracy: 0.6587, accuracy3: 1.0000, loss: 0.6098 ||: 100%|##########| 3/3 [00:00<00:00, 12.94it/s]

  0%|          | 0/3 [00:00<?, ?it/s]
accuracy: 0.6615, accuracy3: 1.0000, loss: 0.5912 ||: 100%|##########| 3/3 [00:00<00:00, 44.30it/s]

  0%|          | 0/3 [00:00<?, ?it/s]
accuracy: 0.6911, accuracy3: 1.0000, loss: 0.5951 ||:  67%|######6   | 2/3 [00:00<00:00, 12.02it/s]
accuracy: 0.6813, accuracy3: 1.0000, loss: 0.5955 ||: 100%|##########| 3/3 [00:00<00:00, 14.56it/s]

  0%|          | 0/3 [00:00<?, ?it/s]
accuracy: 0.6843, accuracy3: 1.0000, loss: 0.5884 ||: 100%|##########| 3/3 [00:00<00:00, 65.16it/s]

  0%|          | 0/3 [00:00<?, ?it/s]
accuracy: 0.6843, accuracy3: 1.0000, loss: 0.5876 ||:  67%|######6   | 2/3 [00:00<00:00, 12.44it/s]
accuracy: 0.6884, accuracy3: 1.0000, loss: 0.5856 ||: 100%|##########| 3/3 [00:00<00:00, 15.04it/s]

  0%|          | 0/3 [00:00<?, ?it/s]
accuracy: 0.6953, accuracy3: 1.0000, loss: 0.5873 ||: 100%|##########| 3/3 [00:00<00:00, 62.09it/s]

  0%|          | 0/3 [00:00<?, ?it/s]
accuracy: 0.7627, accuracy3: 1.0000, loss: 0.5773 ||:  33%|###3      | 1/3 [00:00<00:00,  9.30it/s]
accuracy: 0.7617, accuracy3: 1.0000, loss: 0.5595 ||: 100%|##########| 3/3 [00:00<00:00, 10.41it/s]

  0%|          | 0/3 [00:00<?, ?it/s]
accuracy: 0.7040, accuracy3: 1.0000, loss: 0.5799 ||: 100%|##########| 3/3 [00:00<00:00, 54.02it/s]

  0%|          | 0/3 [00:00<?, ?it/s]
accuracy: 0.8003, accuracy3: 1.0000, loss: 0.5447 ||:  67%|######6   | 2/3 [00:00<00:00, 12.59it/s]
accuracy: 0.7843, accuracy3: 1.0000, loss: 0.5463 ||: 100%|##########| 3/3 [00:00<00:00, 13.49it/s]

  0%|          | 0/3 [00:00<?, ?it/s]
accuracy: 0.7053, accuracy3: 1.0000, loss: 0.5685 ||: 100%|##########| 3/3 [00:00<00:00, 41.97it/s]

  0%|          | 0/3 [00:00<?, ?it/s]
accuracy: 0.7560, accuracy3: 1.0000, loss: 0.5366 ||:  67%|######6   | 2/3 [00:00<00:00, 14.26it/s]
accuracy: 0.7381, accuracy3: 1.0000, loss: 0.5436 ||: 100%|##########| 3/3 [00:00<00:00, 16.01it/s]

  0%|          | 0/3 [00:00<?, ?it/s]
accuracy: 0.6961, accuracy3: 1.0000, loss: 0.5572 ||: 100%|##########| 3/3 [00:00<00:00, 58.45it/s]

  0%|          | 0/3 [00:00<?, ?it/s]
accuracy: 0.7607, accuracy3: 1.0000, loss: 0.5245 ||:  67%|######6   | 2/3 [00:00<00:00, 12.67it/s]
accuracy: 0.7645, accuracy3: 1.0000, loss: 0.5199 ||: 100%|##########| 3/3 [00:00<00:00, 13.46it/s]

  0%|          | 0/3 [00:00<?, ?it/s]
accuracy: 0.6963, accuracy3: 1.0000, loss: 0.5486 ||: 100%|##########| 3/3 [00:00<00:00, 49.78it/s]

  0%|          | 0/3 [00:00<?, ?it/s]
accuracy: 0.7750, accuracy3: 1.0000, loss: 0.5123 ||:  67%|######6   | 2/3 [00:00<00:00, 13.33it/s]
accuracy: 0.7899, accuracy3: 1.0000, loss: 0.5070 ||: 100%|##########| 3/3 [00:00<00:00, 14.50it/s]

  0%|          | 0/3 [00:00<?, ?it/s]
accuracy: 0.7008, accuracy3: 1.0000, loss: 0.5422 ||: 100%|##########| 3/3 [00:00<00:00, 54.37it/s]

  0%|          | 0/3 [00:00<?, ?it/s]
accuracy: 0.7364, accuracy3: 1.0000, loss: 0.4978 ||:  67%|######6   | 2/3 [00:00<00:00, 11.74it/s]
accuracy: 0.7602, accuracy3: 1.0000, loss: 0.4851 ||: 100%|##########| 3/3 [00:00<00:00, 13.30it/s]

  0%|          | 0/3 [00:00<?, ?it/s]
accuracy: 0.6926, accuracy3: 1.0000, loss: 0.5376 ||: 100%|##########| 3/3 [00:00<00:00, 46.53it/s]

  0%|          | 0/3 [00:00<?, ?it/s]
accuracy: 0.7663, accuracy3: 1.0000, loss: 0.4800 ||:  67%|######6   | 2/3 [00:00<00:00, 10.79it/s]
accuracy: 0.7655, accuracy3: 1.0000, loss: 0.4898 ||: 100%|##########| 3/3 [00:00<00:00, 12.92it/s]

  0%|          | 0/3 [00:00<?, ?it/s]
accuracy: 0.7061, accuracy3: 1.0000, loss: 0.5392 ||: 100%|##########| 3/3 [00:00<00:00, 63.56it/s]

  0%|          | 0/3 [00:00<?, ?it/s]
accuracy: 0.7660, accuracy3: 1.0000, loss: 0.4720 ||:  67%|######6   | 2/3 [00:00<00:00, 12.90it/s]
accuracy: 0.7698, accuracy3: 1.0000, loss: 0.4639 ||: 100%|##########| 3/3 [00:00<00:00, 14.18it/s]

  0%|          | 0/3 [00:00<?, ?it/s]
accuracy: 0.7053, accuracy3: 1.0000, loss: 0.5322 ||: 100%|##########| 3/3 [00:00<00:00, 55.25it/s]

  0%|          | 0/3 [00:00<?, ?it/s]
accuracy: 0.7882, accuracy3: 1.0000, loss: 0.4716 ||:  67%|######6   | 2/3 [00:00<00:00, 11.50it/s]
accuracy: 0.7867, accuracy3: 1.0000, loss: 0.4678 ||: 100%|##########| 3/3 [00:00<00:00, 13.74it/s]

  0%|          | 0/3 [00:00<?, ?it/s]
accuracy: 0.7049, accuracy3: 1.0000, loss: 0.5267 ||: 100%|##########| 3/3 [00:00<00:00, 44.73it/s]

  0%|          | 0/3 [00:00<?, ?it/s]
accuracy: 0.8078, accuracy3: 1.0000, loss: 0.4543 ||:  67%|######6   | 2/3 [00:00<00:00, 12.97it/s]
accuracy: 0.8060, accuracy3: 1.0000, loss: 0.4407 ||: 100%|##########| 3/3 [00:00<00:00, 14.20it/s]

  0%|          | 0/3 [00:00<?, ?it/s]
accuracy: 0.7044, accuracy3: 1.0000, loss: 0.5213 ||: 100%|##########| 3/3 [00:00<00:00, 60.29it/s]

  0%|          | 0/3 [00:00<?, ?it/s]
accuracy: 0.7534, accuracy3: 1.0000, loss: 0.4745 ||:  33%|###3      | 1/3 [00:00<00:00,  9.20it/s]
accuracy: 0.7895, accuracy3: 1.0000, loss: 0.4486 ||:  67%|######6   | 2/3 [00:00<00:00,  9.41it/s]
accuracy: 0.7943, accuracy3: 1.0000, loss: 0.4391 ||: 100%|##########| 3/3 [00:00<00:00, 11.34it/s]

  0%|          | 0/3 [00:00<?, ?it/s]
accuracy: 0.7063, accuracy3: 1.0000, loss: 0.5203 ||: 100%|##########| 3/3 [00:00<00:00, 41.90it/s]

  0%|          | 0/3 [00:00<?, ?it/s]
accuracy: 0.7738, accuracy3: 1.0000, loss: 0.4475 ||:  67%|######6   | 2/3 [00:00<00:00, 10.89it/s]
accuracy: 0.7690, accuracy3: 1.0000, loss: 0.4497 ||: 100%|##########| 3/3 [00:00<00:00, 12.46it/s]

  0%|          | 0/3 [00:00<?, ?it/s]
accuracy: 0.7090, accuracy3: 1.0000, loss: 0.5177 ||: 100%|##########| 3/3 [00:00<00:00, 45.29it/s]

  0%|          | 0/3 [00:00<?, ?it/s]
accuracy: 0.7994, accuracy3: 1.0000, loss: 0.4330 ||:  67%|######6   | 2/3 [00:00<00:00, 13.06it/s]
accuracy: 0.7843, accuracy3: 1.0000, loss: 0.4356 ||: 100%|##########| 3/3 [00:00<00:00, 14.47it/s]

  0%|          | 0/3 [00:00<?, ?it/s]
accuracy: 0.7047, accuracy3: 1.0000, loss: 0.5213 ||: 100%|##########| 3/3 [00:00<00:00, 58.11it/s]

  0%|          | 0/3 [00:00<?, ?it/s]
accuracy: 0.8026, accuracy3: 1.0000, loss: 0.4142 ||:  67%|######6   | 2/3 [00:00<00:00, 11.43it/s]
accuracy: 0.7989, accuracy3: 1.0000, loss: 0.4348 ||: 100%|##########| 3/3 [00:00<00:00, 13.49it/s]

  0%|          | 0/3 [00:00<?, ?it/s]
accuracy: 0.7208, accuracy3: 1.0000, loss: 0.5247 ||: 100%|##########| 3/3 [00:00<00:00, 49.91it/s]

  0%|          | 0/3 [00:00<?, ?it/s]
accuracy: 0.8033, accuracy3: 1.0000, loss: 0.4259 ||:  67%|######6   | 2/3 [00:00<00:00, 11.78it/s]
accuracy: 0.8155, accuracy3: 1.0000, loss: 0.4262 ||: 100%|##########| 3/3 [00:00<00:00, 13.63it/s]

  0%|          | 0/3 [00:00<?, ?it/s]
accuracy: 0.7206, accuracy3: 1.0000, loss: 0.5245 ||: 100%|##########| 3/3 [00:00<00:00, 62.61it/s]

  0%|          | 0/3 [00:00<?, ?it/s]
accuracy: 0.7980, accuracy3: 1.0000, loss: 0.4219 ||:  67%|######6   | 2/3 [00:00<00:00, 12.56it/s]
accuracy: 0.8066, accuracy3: 1.0000, loss: 0.4257 ||: 100%|##########| 3/3 [00:00<00:00, 15.26it/s]

  0%|          | 0/3 [00:00<?, ?it/s]
accuracy: 0.7131, accuracy3: 1.0000, loss: 0.5251 ||: 100%|##########| 3/3 [00:00<00:00, 71.85it/s]

  0%|          | 0/3 [00:00<?, ?it/s]
accuracy: 0.8207, accuracy3: 1.0000, loss: 0.4084 ||:  67%|######6   | 2/3 [00:00<00:00, 10.86it/s]
accuracy: 0.8269, accuracy3: 1.0000, loss: 0.3995 ||: 100%|##########| 3/3 [00:00<00:00, 12.42it/s]

  0%|          | 0/3 [00:00<?, ?it/s]
accuracy: 0.7097, accuracy3: 1.0000, loss: 0.5222 ||: 100%|##########| 3/3 [00:00<00:00, 52.43it/s]

