2019-02-11 00:12:23,550 - INFO - allennlp.common.from_params - instantiating class <class 'allennlp.data.dataset_readers.dataset_reader.DatasetReader'> from params {'mytokenizer': {'type': 'word', 'word_splitter': {'ner': True, 'parse': True, 'pos_tags': True, 'type': 'whitespacy'}}, 'token_indexers': {'dependency_label': {'namespace': 'dependencies', 'type': 'dependency_label'}, 'ner_tag': {'namespace': 'ner', 'type': 'ner_tag'}, 'pos_tag': {'coarse_tags': True, 'namespace': 'pos', 'type': 'pos_tag'}}, 'type': 'sequence_tagging2', 'word_tag_delimiter': '//'} and extras {}
2019-02-11 00:12:23,551 - INFO - allennlp.common.params - dataset_reader.type = sequence_tagging2
2019-02-11 00:12:23,551 - INFO - allennlp.common.from_params - instantiating class <class 'myallennlp.dataset_readers.sequence_tagging2.SequenceTaggingDatasetReader'> from params {'mytokenizer': {'type': 'word', 'word_splitter': {'ner': True, 'parse': True, 'pos_tags': True, 'type': 'whitespacy'}}, 'token_indexers': {'dependency_label': {'namespace': 'dependencies', 'type': 'dependency_label'}, 'ner_tag': {'namespace': 'ner', 'type': 'ner_tag'}, 'pos_tag': {'coarse_tags': True, 'namespace': 'pos', 'type': 'pos_tag'}}, 'word_tag_delimiter': '//'} and extras {}
2019-02-11 00:12:23,551 - INFO - allennlp.common.params - dataset_reader.word_tag_delimiter = //
2019-02-11 00:12:23,551 - INFO - allennlp.common.params - dataset_reader.token_delimiter = None
2019-02-11 00:12:23,551 - INFO - allennlp.common.from_params - instantiating class allennlp.data.token_indexers.token_indexer.TokenIndexer from params {'namespace': 'dependencies', 'type': 'dependency_label'} and extras {}
2019-02-11 00:12:23,551 - INFO - allennlp.common.params - dataset_reader.token_indexers.dependency_label.type = dependency_label
2019-02-11 00:12:23,551 - INFO - allennlp.common.from_params - instantiating class allennlp.data.token_indexers.dep_label_indexer.DepLabelIndexer from params {'namespace': 'dependencies'} and extras {}
2019-02-11 00:12:23,551 - INFO - allennlp.common.params - dataset_reader.token_indexers.dependency_label.namespace = dependencies
2019-02-11 00:12:23,551 - INFO - allennlp.common.from_params - instantiating class allennlp.data.token_indexers.token_indexer.TokenIndexer from params {'namespace': 'ner', 'type': 'ner_tag'} and extras {}
2019-02-11 00:12:23,551 - INFO - allennlp.common.params - dataset_reader.token_indexers.ner_tag.type = ner_tag
2019-02-11 00:12:23,552 - INFO - allennlp.common.from_params - instantiating class allennlp.data.token_indexers.ner_tag_indexer.NerTagIndexer from params {'namespace': 'ner'} and extras {}
2019-02-11 00:12:23,552 - INFO - allennlp.common.params - dataset_reader.token_indexers.ner_tag.namespace = ner
2019-02-11 00:12:23,552 - INFO - allennlp.common.from_params - instantiating class allennlp.data.token_indexers.token_indexer.TokenIndexer from params {'coarse_tags': True, 'namespace': 'pos', 'type': 'pos_tag'} and extras {}
2019-02-11 00:12:23,552 - INFO - allennlp.common.params - dataset_reader.token_indexers.pos_tag.type = pos_tag
2019-02-11 00:12:23,552 - INFO - allennlp.common.from_params - instantiating class allennlp.data.token_indexers.pos_tag_indexer.PosTagIndexer from params {'coarse_tags': True, 'namespace': 'pos'} and extras {}
2019-02-11 00:12:23,552 - INFO - allennlp.common.params - dataset_reader.token_indexers.pos_tag.namespace = pos
2019-02-11 00:12:23,552 - INFO - allennlp.common.params - dataset_reader.token_indexers.pos_tag.coarse_tags = True
2019-02-11 00:12:23,552 - INFO - allennlp.common.params - dataset_reader.lazy = False
2019-02-11 00:12:23,552 - INFO - allennlp.common.from_params - instantiating class <class 'allennlp.data.tokenizers.tokenizer.Tokenizer'> from params {'type': 'word', 'word_splitter': {'ner': True, 'parse': True, 'pos_tags': True, 'type': 'whitespacy'}} and extras {}
2019-02-11 00:12:23,552 - INFO - allennlp.common.params - dataset_reader.mytokenizer.type = word
2019-02-11 00:12:23,552 - INFO - allennlp.common.from_params - instantiating class <class 'allennlp.data.tokenizers.word_tokenizer.WordTokenizer'> from params {'word_splitter': {'ner': True, 'parse': True, 'pos_tags': True, 'type': 'whitespacy'}} and extras {}
2019-02-11 00:12:23,553 - INFO - allennlp.common.from_params - instantiating class <class 'allennlp.data.tokenizers.word_splitter.WordSplitter'> from params {'ner': True, 'parse': True, 'pos_tags': True, 'type': 'whitespacy'} and extras {}
2019-02-11 00:12:23,553 - INFO - allennlp.common.params - dataset_reader.mytokenizer.word_splitter.type = whitespacy
2019-02-11 00:12:23,553 - INFO - allennlp.common.from_params - instantiating class <class 'myallennlp.data.tokenizers.word_splitter.SpacyWordSplitter'> from params {'ner': True, 'parse': True, 'pos_tags': True} and extras {}
2019-02-11 00:12:23,553 - INFO - allennlp.common.params - dataset_reader.mytokenizer.word_splitter.language = en_core_web_sm
2019-02-11 00:12:23,553 - INFO - allennlp.common.params - dataset_reader.mytokenizer.word_splitter.pos_tags = True
2019-02-11 00:12:23,553 - INFO - allennlp.common.params - dataset_reader.mytokenizer.word_splitter.parse = True
2019-02-11 00:12:23,553 - INFO - allennlp.common.params - dataset_reader.mytokenizer.word_splitter.ner = True
2019-02-11 00:12:23,979 - INFO - allennlp.common.params - dataset_reader.mytokenizer.start_tokens = None
2019-02-11 00:12:23,979 - INFO - allennlp.common.params - dataset_reader.mytokenizer.end_tokens = None
2019-02-11 00:12:23,979 - INFO - allennlp.common.params - dataset_reader.use_spacy_directly = False
2019-02-11 00:12:23,979 - INFO - allennlp.common.params - validation_dataset_reader = None
2019-02-11 00:12:23,979 - INFO - allennlp.common.params - train_data_path = ../data/allenTrain.txt
2019-02-11 00:12:23,980 - INFO - allennlp.commands.train - Reading training data from ../data/allenTrain.txt
2019-02-11 00:12:23,980 - INFO - myallennlp.dataset_readers.sequence_tagging2 - Reading instances from lines in file at: ../data/allenTrain.txt
2019-02-11 00:12:24,291 - INFO - allennlp.common.params - validation_data_path = ../data/allenDev.txt
2019-02-11 00:12:24,291 - INFO - allennlp.commands.train - Reading validation data from ../data/allenDev.txt
2019-02-11 00:12:24,291 - INFO - myallennlp.dataset_readers.sequence_tagging2 - Reading instances from lines in file at: ../data/allenDev.txt
2019-02-11 00:12:24,570 - INFO - allennlp.common.params - test_data_path = None
2019-02-11 00:12:24,571 - INFO - allennlp.commands.train - From dataset instances, validation, train will be considered for vocabulary creation.
2019-02-11 00:12:24,571 - INFO - allennlp.common.params - vocabulary.type = None
2019-02-11 00:12:24,571 - INFO - allennlp.common.params - vocabulary.extend = False
2019-02-11 00:12:24,571 - INFO - allennlp.common.params - vocabulary.directory_path = None
2019-02-11 00:12:24,571 - INFO - allennlp.common.params - vocabulary.min_count = None
2019-02-11 00:12:24,571 - INFO - allennlp.common.params - vocabulary.max_vocab_size = None
2019-02-11 00:12:24,571 - INFO - allennlp.common.params - vocabulary.non_padded_namespaces = ('*tags', '*labels')
2019-02-11 00:12:24,571 - INFO - allennlp.common.params - vocabulary.min_pretrained_embeddings = None
2019-02-11 00:12:24,571 - INFO - allennlp.common.params - vocabulary.only_include_pretrained_words = False
2019-02-11 00:12:24,571 - INFO - allennlp.common.params - vocabulary.tokens_to_add = None
2019-02-11 00:12:24,571 - INFO - allennlp.data.vocabulary - Fitting token dictionary from dataset.
2019-02-11 00:12:24,577 - INFO - allennlp.common.from_params - instantiating class <class 'allennlp.models.model.Model'> from params {'Ntags0': 5620.99, 'Ntags1': 256.16, 'do_crossentropy_weighting': True, 'encoder': {'bidirectional': True, 'dropout': 0.5, 'hidden_size': 22, 'input_size': 22, 'num_layers': 2, 'type': 'rnn'}, 'text_field_embedder': {'token_embedders': {'dependency_label': {'embedding_dim': 10, 'type': 'embedding', 'vocab_namespace': 'dependencies'}, 'ner_tag': {'embedding_dim': 7, 'type': 'embedding', 'vocab_namespace': 'ner'}, 'pos_tag': {'embedding_dim': 5, 'type': 'embedding', 'vocab_namespace': 'pos'}}}, 'type': 'simple_tagger2'} and extras {'vocab': Vocabulary with namespaces:  dependencies, Size: 44 || ner, Size: 14 || pos, Size: 16 || labels, Size: 2 || Non Padded Namespaces: {'*tags', '*labels'}}
2019-02-11 00:12:24,577 - INFO - allennlp.common.params - model.type = simple_tagger2
2019-02-11 00:12:24,577 - INFO - allennlp.common.from_params - instantiating class <class 'myallennlp.models.simple_tagger2.SimpleTagger2'> from params {'Ntags0': 5620.99, 'Ntags1': 256.16, 'do_crossentropy_weighting': True, 'encoder': {'bidirectional': True, 'dropout': 0.5, 'hidden_size': 22, 'input_size': 22, 'num_layers': 2, 'type': 'rnn'}, 'text_field_embedder': {'token_embedders': {'dependency_label': {'embedding_dim': 10, 'type': 'embedding', 'vocab_namespace': 'dependencies'}, 'ner_tag': {'embedding_dim': 7, 'type': 'embedding', 'vocab_namespace': 'ner'}, 'pos_tag': {'embedding_dim': 5, 'type': 'embedding', 'vocab_namespace': 'pos'}}}} and extras {'vocab': Vocabulary with namespaces:  dependencies, Size: 44 || ner, Size: 14 || pos, Size: 16 || labels, Size: 2 || Non Padded Namespaces: {'*tags', '*labels'}}
2019-02-11 00:12:24,577 - INFO - allennlp.common.from_params - instantiating class <class 'allennlp.modules.text_field_embedders.text_field_embedder.TextFieldEmbedder'> from params {'token_embedders': {'dependency_label': {'embedding_dim': 10, 'type': 'embedding', 'vocab_namespace': 'dependencies'}, 'ner_tag': {'embedding_dim': 7, 'type': 'embedding', 'vocab_namespace': 'ner'}, 'pos_tag': {'embedding_dim': 5, 'type': 'embedding', 'vocab_namespace': 'pos'}}} and extras {'vocab': Vocabulary with namespaces:  dependencies, Size: 44 || ner, Size: 14 || pos, Size: 16 || labels, Size: 2 || Non Padded Namespaces: {'*tags', '*labels'}}
2019-02-11 00:12:24,577 - INFO - allennlp.common.params - model.text_field_embedder.type = basic
2019-02-11 00:12:24,577 - INFO - allennlp.common.params - model.text_field_embedder.embedder_to_indexer_map = None
2019-02-11 00:12:24,578 - INFO - allennlp.common.params - model.text_field_embedder.allow_unmatched_keys = False
2019-02-11 00:12:24,578 - INFO - allennlp.common.from_params - instantiating class <class 'allennlp.modules.token_embedders.token_embedder.TokenEmbedder'> from params {'embedding_dim': 10, 'type': 'embedding', 'vocab_namespace': 'dependencies'} and extras {'vocab': Vocabulary with namespaces:  dependencies, Size: 44 || ner, Size: 14 || pos, Size: 16 || labels, Size: 2 || Non Padded Namespaces: {'*tags', '*labels'}}
2019-02-11 00:12:24,578 - INFO - allennlp.common.params - model.text_field_embedder.token_embedders.dependency_label.type = embedding
2019-02-11 00:12:24,578 - INFO - allennlp.common.params - model.text_field_embedder.token_embedders.dependency_label.num_embeddings = None
2019-02-11 00:12:24,578 - INFO - allennlp.common.params - model.text_field_embedder.token_embedders.dependency_label.vocab_namespace = dependencies
2019-02-11 00:12:24,578 - INFO - allennlp.common.params - model.text_field_embedder.token_embedders.dependency_label.embedding_dim = 10
2019-02-11 00:12:24,578 - INFO - allennlp.common.params - model.text_field_embedder.token_embedders.dependency_label.pretrained_file = None
2019-02-11 00:12:24,578 - INFO - allennlp.common.params - model.text_field_embedder.token_embedders.dependency_label.projection_dim = None
2019-02-11 00:12:24,578 - INFO - allennlp.common.params - model.text_field_embedder.token_embedders.dependency_label.trainable = True
2019-02-11 00:12:24,578 - INFO - allennlp.common.params - model.text_field_embedder.token_embedders.dependency_label.padding_index = None
2019-02-11 00:12:24,578 - INFO - allennlp.common.params - model.text_field_embedder.token_embedders.dependency_label.max_norm = None
2019-02-11 00:12:24,578 - INFO - allennlp.common.params - model.text_field_embedder.token_embedders.dependency_label.norm_type = 2.0
2019-02-11 00:12:24,578 - INFO - allennlp.common.params - model.text_field_embedder.token_embedders.dependency_label.scale_grad_by_freq = False
2019-02-11 00:12:24,578 - INFO - allennlp.common.params - model.text_field_embedder.token_embedders.dependency_label.sparse = False
2019-02-11 00:12:24,579 - INFO - allennlp.common.from_params - instantiating class <class 'allennlp.modules.token_embedders.token_embedder.TokenEmbedder'> from params {'embedding_dim': 7, 'type': 'embedding', 'vocab_namespace': 'ner'} and extras {'vocab': Vocabulary with namespaces:  dependencies, Size: 44 || ner, Size: 14 || pos, Size: 16 || labels, Size: 2 || Non Padded Namespaces: {'*tags', '*labels'}}
2019-02-11 00:12:24,579 - INFO - allennlp.common.params - model.text_field_embedder.token_embedders.ner_tag.type = embedding
2019-02-11 00:12:24,579 - INFO - allennlp.common.params - model.text_field_embedder.token_embedders.ner_tag.num_embeddings = None
2019-02-11 00:12:24,579 - INFO - allennlp.common.params - model.text_field_embedder.token_embedders.ner_tag.vocab_namespace = ner
2019-02-11 00:12:24,579 - INFO - allennlp.common.params - model.text_field_embedder.token_embedders.ner_tag.embedding_dim = 7
2019-02-11 00:12:24,579 - INFO - allennlp.common.params - model.text_field_embedder.token_embedders.ner_tag.pretrained_file = None
2019-02-11 00:12:24,579 - INFO - allennlp.common.params - model.text_field_embedder.token_embedders.ner_tag.projection_dim = None
2019-02-11 00:12:24,579 - INFO - allennlp.common.params - model.text_field_embedder.token_embedders.ner_tag.trainable = True
2019-02-11 00:12:24,579 - INFO - allennlp.common.params - model.text_field_embedder.token_embedders.ner_tag.padding_index = None
2019-02-11 00:12:24,580 - INFO - allennlp.common.params - model.text_field_embedder.token_embedders.ner_tag.max_norm = None
2019-02-11 00:12:24,580 - INFO - allennlp.common.params - model.text_field_embedder.token_embedders.ner_tag.norm_type = 2.0
2019-02-11 00:12:24,580 - INFO - allennlp.common.params - model.text_field_embedder.token_embedders.ner_tag.scale_grad_by_freq = False
2019-02-11 00:12:24,580 - INFO - allennlp.common.params - model.text_field_embedder.token_embedders.ner_tag.sparse = False
2019-02-11 00:12:24,580 - INFO - allennlp.common.from_params - instantiating class <class 'allennlp.modules.token_embedders.token_embedder.TokenEmbedder'> from params {'embedding_dim': 5, 'type': 'embedding', 'vocab_namespace': 'pos'} and extras {'vocab': Vocabulary with namespaces:  dependencies, Size: 44 || ner, Size: 14 || pos, Size: 16 || labels, Size: 2 || Non Padded Namespaces: {'*tags', '*labels'}}
2019-02-11 00:12:24,580 - INFO - allennlp.common.params - model.text_field_embedder.token_embedders.pos_tag.type = embedding
2019-02-11 00:12:24,580 - INFO - allennlp.common.params - model.text_field_embedder.token_embedders.pos_tag.num_embeddings = None
2019-02-11 00:12:24,580 - INFO - allennlp.common.params - model.text_field_embedder.token_embedders.pos_tag.vocab_namespace = pos
2019-02-11 00:12:24,581 - INFO - allennlp.common.params - model.text_field_embedder.token_embedders.pos_tag.embedding_dim = 5
2019-02-11 00:12:24,581 - INFO - allennlp.common.params - model.text_field_embedder.token_embedders.pos_tag.pretrained_file = None
2019-02-11 00:12:24,581 - INFO - allennlp.common.params - model.text_field_embedder.token_embedders.pos_tag.projection_dim = None
2019-02-11 00:12:24,581 - INFO - allennlp.common.params - model.text_field_embedder.token_embedders.pos_tag.trainable = True
2019-02-11 00:12:24,581 - INFO - allennlp.common.params - model.text_field_embedder.token_embedders.pos_tag.padding_index = None
2019-02-11 00:12:24,581 - INFO - allennlp.common.params - model.text_field_embedder.token_embedders.pos_tag.max_norm = None
2019-02-11 00:12:24,581 - INFO - allennlp.common.params - model.text_field_embedder.token_embedders.pos_tag.norm_type = 2.0
2019-02-11 00:12:24,581 - INFO - allennlp.common.params - model.text_field_embedder.token_embedders.pos_tag.scale_grad_by_freq = False
2019-02-11 00:12:24,581 - INFO - allennlp.common.params - model.text_field_embedder.token_embedders.pos_tag.sparse = False
2019-02-11 00:12:24,581 - INFO - allennlp.common.from_params - instantiating class <class 'allennlp.modules.seq2seq_encoders.seq2seq_encoder.Seq2SeqEncoder'> from params {'bidirectional': True, 'dropout': 0.5, 'hidden_size': 22, 'input_size': 22, 'num_layers': 2, 'type': 'rnn'} and extras {'vocab': Vocabulary with namespaces:  dependencies, Size: 44 || ner, Size: 14 || pos, Size: 16 || labels, Size: 2 || Non Padded Namespaces: {'*tags', '*labels'}}
2019-02-11 00:12:24,581 - INFO - allennlp.common.params - model.encoder.type = rnn
2019-02-11 00:12:24,582 - INFO - allennlp.common.params - model.encoder.batch_first = True
2019-02-11 00:12:24,582 - INFO - allennlp.common.params - model.encoder.stateful = False
2019-02-11 00:12:24,582 - INFO - allennlp.common.params - Converting Params object to dict; logging of default values will not occur when dictionary parameters are used subsequently.
2019-02-11 00:12:24,582 - INFO - allennlp.common.params - CURRENTLY DEFINED PARAMETERS: 
2019-02-11 00:12:24,582 - INFO - allennlp.common.params - model.encoder.bidirectional = True
2019-02-11 00:12:24,582 - INFO - allennlp.common.params - model.encoder.dropout = 0.5
2019-02-11 00:12:24,582 - INFO - allennlp.common.params - model.encoder.hidden_size = 22
2019-02-11 00:12:24,582 - INFO - allennlp.common.params - model.encoder.input_size = 22
2019-02-11 00:12:24,582 - INFO - allennlp.common.params - model.encoder.num_layers = 2
2019-02-11 00:12:24,582 - INFO - allennlp.common.params - model.encoder.batch_first = True
2019-02-11 00:12:24,582 - INFO - allennlp.common.params - model.do_crossentropy_weighting = True
2019-02-11 00:12:24,583 - INFO - allennlp.common.params - model.Ntags0 = 5620.99
2019-02-11 00:12:24,583 - INFO - allennlp.common.params - model.Ntags1 = 256.16
2019-02-11 00:12:24,583 - INFO - allennlp.nn.initializers - Initializing parameters
2019-02-11 00:12:24,583 - INFO - allennlp.nn.initializers - Done initializing parameters; the following parameters are using their default initialization from their code
2019-02-11 00:12:24,583 - INFO - allennlp.nn.initializers -    encoder._module.bias_hh_l0
2019-02-11 00:12:24,583 - INFO - allennlp.nn.initializers -    encoder._module.bias_hh_l0_reverse
2019-02-11 00:12:24,583 - INFO - allennlp.nn.initializers -    encoder._module.bias_hh_l1
2019-02-11 00:12:24,583 - INFO - allennlp.nn.initializers -    encoder._module.bias_hh_l1_reverse
2019-02-11 00:12:24,583 - INFO - allennlp.nn.initializers -    encoder._module.bias_ih_l0
2019-02-11 00:12:24,583 - INFO - allennlp.nn.initializers -    encoder._module.bias_ih_l0_reverse
2019-02-11 00:12:24,583 - INFO - allennlp.nn.initializers -    encoder._module.bias_ih_l1
2019-02-11 00:12:24,583 - INFO - allennlp.nn.initializers -    encoder._module.bias_ih_l1_reverse
2019-02-11 00:12:24,583 - INFO - allennlp.nn.initializers -    encoder._module.weight_hh_l0
2019-02-11 00:12:24,583 - INFO - allennlp.nn.initializers -    encoder._module.weight_hh_l0_reverse
2019-02-11 00:12:24,583 - INFO - allennlp.nn.initializers -    encoder._module.weight_hh_l1
2019-02-11 00:12:24,583 - INFO - allennlp.nn.initializers -    encoder._module.weight_hh_l1_reverse
2019-02-11 00:12:24,584 - INFO - allennlp.nn.initializers -    encoder._module.weight_ih_l0
2019-02-11 00:12:24,584 - INFO - allennlp.nn.initializers -    encoder._module.weight_ih_l0_reverse
2019-02-11 00:12:24,584 - INFO - allennlp.nn.initializers -    encoder._module.weight_ih_l1
2019-02-11 00:12:24,584 - INFO - allennlp.nn.initializers -    encoder._module.weight_ih_l1_reverse
2019-02-11 00:12:24,584 - INFO - allennlp.nn.initializers -    tag_projection_layer._module.bias
2019-02-11 00:12:24,584 - INFO - allennlp.nn.initializers -    tag_projection_layer._module.weight
2019-02-11 00:12:24,584 - INFO - allennlp.nn.initializers -    text_field_embedder.token_embedder_dependency_label.weight
2019-02-11 00:12:24,584 - INFO - allennlp.nn.initializers -    text_field_embedder.token_embedder_ner_tag.weight
2019-02-11 00:12:24,584 - INFO - allennlp.nn.initializers -    text_field_embedder.token_embedder_pos_tag.weight
2019-02-11 00:12:24,584 - INFO - allennlp.common.from_params - instantiating class <class 'allennlp.data.iterators.data_iterator.DataIterator'> from params {'batch_size': 32, 'type': 'basic'} and extras {}
2019-02-11 00:12:24,584 - INFO - allennlp.common.params - iterator.type = basic
2019-02-11 00:12:24,585 - INFO - allennlp.common.from_params - instantiating class <class 'allennlp.data.iterators.basic_iterator.BasicIterator'> from params {'batch_size': 32} and extras {}
2019-02-11 00:12:24,585 - INFO - allennlp.common.params - iterator.batch_size = 32
2019-02-11 00:12:24,585 - INFO - allennlp.common.params - iterator.instances_per_epoch = None
2019-02-11 00:12:24,585 - INFO - allennlp.common.params - iterator.max_instances_in_memory = None
2019-02-11 00:12:24,585 - INFO - allennlp.common.params - iterator.cache_instances = False
2019-02-11 00:12:24,585 - INFO - allennlp.common.params - iterator.track_epoch = False
2019-02-11 00:12:24,585 - INFO - allennlp.common.params - iterator.maximum_samples_per_batch = None
2019-02-11 00:12:24,585 - INFO - allennlp.common.params - validation_iterator = None
2019-02-11 00:12:24,585 - INFO - allennlp.common.params - trainer.no_grad = ()
2019-02-11 00:12:24,585 - INFO - allennlp.commands.train - Following parameters are Frozen  (without gradient):
2019-02-11 00:12:24,585 - INFO - allennlp.commands.train - Following parameters are Tunable (with gradient):
2019-02-11 00:12:24,585 - INFO - allennlp.commands.train - text_field_embedder.token_embedder_dependency_label.weight
2019-02-11 00:12:24,585 - INFO - allennlp.commands.train - text_field_embedder.token_embedder_ner_tag.weight
2019-02-11 00:12:24,585 - INFO - allennlp.commands.train - text_field_embedder.token_embedder_pos_tag.weight
2019-02-11 00:12:24,585 - INFO - allennlp.commands.train - encoder._module.weight_ih_l0
2019-02-11 00:12:24,585 - INFO - allennlp.commands.train - encoder._module.weight_hh_l0
2019-02-11 00:12:24,585 - INFO - allennlp.commands.train - encoder._module.bias_ih_l0
2019-02-11 00:12:24,586 - INFO - allennlp.commands.train - encoder._module.bias_hh_l0
2019-02-11 00:12:24,586 - INFO - allennlp.commands.train - encoder._module.weight_ih_l0_reverse
2019-02-11 00:12:24,586 - INFO - allennlp.commands.train - encoder._module.weight_hh_l0_reverse
2019-02-11 00:12:24,586 - INFO - allennlp.commands.train - encoder._module.bias_ih_l0_reverse
2019-02-11 00:12:24,586 - INFO - allennlp.commands.train - encoder._module.bias_hh_l0_reverse
2019-02-11 00:12:24,586 - INFO - allennlp.commands.train - encoder._module.weight_ih_l1
2019-02-11 00:12:24,586 - INFO - allennlp.commands.train - encoder._module.weight_hh_l1
2019-02-11 00:12:24,586 - INFO - allennlp.commands.train - encoder._module.bias_ih_l1
2019-02-11 00:12:24,586 - INFO - allennlp.commands.train - encoder._module.bias_hh_l1
2019-02-11 00:12:24,586 - INFO - allennlp.commands.train - encoder._module.weight_ih_l1_reverse
2019-02-11 00:12:24,586 - INFO - allennlp.commands.train - encoder._module.weight_hh_l1_reverse
2019-02-11 00:12:24,586 - INFO - allennlp.commands.train - encoder._module.bias_ih_l1_reverse
2019-02-11 00:12:24,586 - INFO - allennlp.commands.train - encoder._module.bias_hh_l1_reverse
2019-02-11 00:12:24,586 - INFO - allennlp.commands.train - tag_projection_layer._module.weight
2019-02-11 00:12:24,586 - INFO - allennlp.commands.train - tag_projection_layer._module.bias
2019-02-11 00:12:24,586 - INFO - allennlp.common.params - trainer.type = default
2019-02-11 00:12:24,586 - INFO - allennlp.common.params - trainer.patience = 5
2019-02-11 00:12:24,586 - INFO - allennlp.common.params - trainer.validation_metric = -loss
2019-02-11 00:12:24,586 - INFO - allennlp.common.params - trainer.shuffle = True
2019-02-11 00:12:24,586 - INFO - allennlp.common.params - trainer.num_epochs = 40
2019-02-11 00:12:24,586 - INFO - allennlp.common.params - trainer.cuda_device = -1
2019-02-11 00:12:24,586 - INFO - allennlp.common.params - trainer.grad_norm = None
2019-02-11 00:12:24,586 - INFO - allennlp.common.params - trainer.grad_clipping = None
2019-02-11 00:12:24,587 - INFO - allennlp.common.params - trainer.learning_rate_scheduler = None
2019-02-11 00:12:24,587 - INFO - allennlp.common.params - trainer.optimizer = adam
2019-02-11 00:12:24,587 - INFO - allennlp.common.params - parameter_groups = None
2019-02-11 00:12:24,587 - INFO - allennlp.training.optimizers - Number of trainable parameters: 5724
2019-02-11 00:12:24,587 - INFO - allennlp.common.params - Converting Params object to dict; logging of default values will not occur when dictionary parameters are used subsequently.
2019-02-11 00:12:24,587 - INFO - allennlp.common.params - CURRENTLY DEFINED PARAMETERS: 
2019-02-11 00:12:24,587 - INFO - allennlp.common.params - trainer.num_serialized_models_to_keep = 20
2019-02-11 00:12:24,588 - INFO - allennlp.common.params - trainer.keep_serialized_model_every_num_seconds = None
2019-02-11 00:12:24,588 - INFO - allennlp.common.params - trainer.model_save_interval = None
2019-02-11 00:12:24,588 - INFO - allennlp.common.params - trainer.summary_interval = 100
2019-02-11 00:12:24,588 - INFO - allennlp.common.params - trainer.histogram_interval = None
2019-02-11 00:12:24,588 - INFO - allennlp.common.params - trainer.should_log_parameter_statistics = True
2019-02-11 00:12:24,588 - INFO - allennlp.common.params - trainer.should_log_learning_rate = False
2019-02-11 00:12:24,588 - INFO - allennlp.common.params - trainer.log_batch_size_period = None
2019-02-11 00:12:24,589 - INFO - allennlp.common.params - evaluate_on_test = False
2019-02-11 00:12:24,589 - INFO - allennlp.training.trainer - Beginning training.
2019-02-11 00:12:24,589 - INFO - allennlp.training.trainer - Epoch 0/39
2019-02-11 00:12:24,589 - INFO - allennlp.training.trainer - Peak CPU memory usage MB: 555.924
2019-02-11 00:12:24,607 - INFO - allennlp.training.trainer - Training
2019-02-11 00:12:24,847 - INFO - allennlp.training.trainer - Validating
2019-02-11 00:12:24,919 - INFO - allennlp.training.trainer -                   Training |  Validation
2019-02-11 00:12:24,921 - INFO - allennlp.training.trainer - loss          |     0.696  |     0.654
2019-02-11 00:12:24,921 - INFO - allennlp.training.trainer - accuracy      |     0.434  |     0.491
2019-02-11 00:12:24,922 - INFO - allennlp.training.trainer - accuracy3     |     1.000  |     1.000
2019-02-11 00:12:24,922 - INFO - allennlp.training.trainer - cpu_memory_MB |   555.924  |       N/A
2019-02-11 00:12:24,928 - INFO - allennlp.training.trainer - Best validation performance so far. Copying weights to './model_params/best.th'.
2019-02-11 00:12:24,929 - INFO - allennlp.training.trainer - Epoch duration: 00:00:00
2019-02-11 00:12:24,929 - INFO - allennlp.training.trainer - Estimated training time remaining: 0:00:13
2019-02-11 00:12:24,929 - INFO - allennlp.training.trainer - Epoch 1/39
2019-02-11 00:12:24,929 - INFO - allennlp.training.trainer - Peak CPU memory usage MB: 566.928
2019-02-11 00:12:24,969 - INFO - allennlp.training.trainer - Training
2019-02-11 00:12:25,195 - INFO - allennlp.training.trainer - Validating
2019-02-11 00:12:25,243 - INFO - allennlp.training.trainer -                   Training |  Validation
2019-02-11 00:12:25,244 - INFO - allennlp.training.trainer - loss          |     0.681  |     0.649
2019-02-11 00:12:25,244 - INFO - allennlp.training.trainer - accuracy      |     0.451  |     0.509
2019-02-11 00:12:25,244 - INFO - allennlp.training.trainer - accuracy3     |     1.000  |     1.000
2019-02-11 00:12:25,244 - INFO - allennlp.training.trainer - cpu_memory_MB |   566.928  |       N/A
2019-02-11 00:12:25,247 - INFO - allennlp.training.trainer - Best validation performance so far. Copying weights to './model_params/best.th'.
2019-02-11 00:12:25,248 - INFO - allennlp.training.trainer - Epoch duration: 00:00:00
2019-02-11 00:12:25,248 - INFO - allennlp.training.trainer - Estimated training time remaining: 0:00:12
2019-02-11 00:12:25,248 - INFO - allennlp.training.trainer - Epoch 2/39
2019-02-11 00:12:25,248 - INFO - allennlp.training.trainer - Peak CPU memory usage MB: 567.224
2019-02-11 00:12:25,272 - INFO - allennlp.training.trainer - Training
2019-02-11 00:12:25,435 - INFO - allennlp.training.trainer - Validating
2019-02-11 00:12:25,481 - INFO - allennlp.training.trainer -                   Training |  Validation
2019-02-11 00:12:25,482 - INFO - allennlp.training.trainer - loss          |     0.673  |     0.637
2019-02-11 00:12:25,482 - INFO - allennlp.training.trainer - accuracy      |     0.479  |     0.537
2019-02-11 00:12:25,482 - INFO - allennlp.training.trainer - accuracy3     |     1.000  |     1.000
2019-02-11 00:12:25,482 - INFO - allennlp.training.trainer - cpu_memory_MB |   567.224  |       N/A
2019-02-11 00:12:25,486 - INFO - allennlp.training.trainer - Best validation performance so far. Copying weights to './model_params/best.th'.
2019-02-11 00:12:25,486 - INFO - allennlp.training.trainer - Epoch duration: 00:00:00
2019-02-11 00:12:25,486 - INFO - allennlp.training.trainer - Estimated training time remaining: 0:00:11
2019-02-11 00:12:25,486 - INFO - allennlp.training.trainer - Epoch 3/39
2019-02-11 00:12:25,486 - INFO - allennlp.training.trainer - Peak CPU memory usage MB: 567.248
2019-02-11 00:12:25,508 - INFO - allennlp.training.trainer - Training
2019-02-11 00:12:25,782 - INFO - allennlp.training.trainer - Validating
2019-02-11 00:12:25,827 - INFO - allennlp.training.trainer -                   Training |  Validation
2019-02-11 00:12:25,828 - INFO - allennlp.training.trainer - loss          |     0.651  |     0.625
2019-02-11 00:12:25,828 - INFO - allennlp.training.trainer - accuracy      |     0.548  |     0.530
2019-02-11 00:12:25,833 - INFO - allennlp.training.trainer - accuracy3     |     1.000  |     1.000
2019-02-11 00:12:25,835 - INFO - allennlp.training.trainer - cpu_memory_MB |   567.248  |       N/A
2019-02-11 00:12:25,842 - INFO - allennlp.training.trainer - Best validation performance so far. Copying weights to './model_params/best.th'.
2019-02-11 00:12:25,843 - INFO - allennlp.training.trainer - Epoch duration: 00:00:00
2019-02-11 00:12:25,843 - INFO - allennlp.training.trainer - Estimated training time remaining: 0:00:11
2019-02-11 00:12:25,843 - INFO - allennlp.training.trainer - Epoch 4/39
2019-02-11 00:12:25,844 - INFO - allennlp.training.trainer - Peak CPU memory usage MB: 567.252
2019-02-11 00:12:25,867 - INFO - allennlp.training.trainer - Training
2019-02-11 00:12:26,067 - INFO - allennlp.training.trainer - Validating
2019-02-11 00:12:26,117 - INFO - allennlp.training.trainer -                   Training |  Validation
2019-02-11 00:12:26,117 - INFO - allennlp.training.trainer - loss          |     0.641  |     0.610
2019-02-11 00:12:26,117 - INFO - allennlp.training.trainer - accuracy      |     0.550  |     0.529
2019-02-11 00:12:26,117 - INFO - allennlp.training.trainer - accuracy3     |     1.000  |     1.000
2019-02-11 00:12:26,117 - INFO - allennlp.training.trainer - cpu_memory_MB |   567.252  |       N/A
2019-02-11 00:12:26,121 - INFO - allennlp.training.trainer - Best validation performance so far. Copying weights to './model_params/best.th'.
2019-02-11 00:12:26,121 - INFO - allennlp.training.trainer - Epoch duration: 00:00:00
2019-02-11 00:12:26,121 - INFO - allennlp.training.trainer - Estimated training time remaining: 0:00:10
2019-02-11 00:12:26,121 - INFO - allennlp.training.trainer - Epoch 5/39
2019-02-11 00:12:26,122 - INFO - allennlp.training.trainer - Peak CPU memory usage MB: 567.252
2019-02-11 00:12:26,163 - INFO - allennlp.training.trainer - Training
2019-02-11 00:12:26,411 - INFO - allennlp.training.trainer - Validating
2019-02-11 00:12:26,461 - INFO - allennlp.training.trainer -                   Training |  Validation
2019-02-11 00:12:26,462 - INFO - allennlp.training.trainer - loss          |     0.635  |     0.599
2019-02-11 00:12:26,462 - INFO - allennlp.training.trainer - accuracy      |     0.521  |     0.540
2019-02-11 00:12:26,463 - INFO - allennlp.training.trainer - accuracy3     |     1.000  |     1.000
2019-02-11 00:12:26,463 - INFO - allennlp.training.trainer - cpu_memory_MB |   567.252  |       N/A
2019-02-11 00:12:26,471 - INFO - allennlp.training.trainer - Best validation performance so far. Copying weights to './model_params/best.th'.
2019-02-11 00:12:26,472 - INFO - allennlp.training.trainer - Epoch duration: 00:00:00
2019-02-11 00:12:26,472 - INFO - allennlp.training.trainer - Estimated training time remaining: 0:00:10
2019-02-11 00:12:26,472 - INFO - allennlp.training.trainer - Epoch 6/39
2019-02-11 00:12:26,473 - INFO - allennlp.training.trainer - Peak CPU memory usage MB: 567.252
2019-02-11 00:12:26,495 - INFO - allennlp.training.trainer - Training
2019-02-11 00:12:26,703 - INFO - allennlp.training.trainer - Validating
2019-02-11 00:12:26,766 - INFO - allennlp.training.trainer -                   Training |  Validation
2019-02-11 00:12:26,767 - INFO - allennlp.training.trainer - loss          |     0.623  |     0.594
2019-02-11 00:12:26,767 - INFO - allennlp.training.trainer - accuracy      |     0.580  |     0.642
2019-02-11 00:12:26,767 - INFO - allennlp.training.trainer - accuracy3     |     1.000  |     1.000
2019-02-11 00:12:26,767 - INFO - allennlp.training.trainer - cpu_memory_MB |   567.252  |       N/A
2019-02-11 00:12:26,772 - INFO - allennlp.training.trainer - Best validation performance so far. Copying weights to './model_params/best.th'.
2019-02-11 00:12:26,772 - INFO - allennlp.training.trainer - Epoch duration: 00:00:00
2019-02-11 00:12:26,772 - INFO - allennlp.training.trainer - Estimated training time remaining: 0:00:10
2019-02-11 00:12:26,772 - INFO - allennlp.training.trainer - Epoch 7/39
2019-02-11 00:12:26,773 - INFO - allennlp.training.trainer - Peak CPU memory usage MB: 567.26
2019-02-11 00:12:26,802 - INFO - allennlp.training.trainer - Training
2019-02-11 00:12:27,041 - INFO - allennlp.training.trainer - Validating
2019-02-11 00:12:27,111 - INFO - allennlp.training.trainer -                   Training |  Validation
2019-02-11 00:12:27,112 - INFO - allennlp.training.trainer - loss          |     0.610  |     0.591
2019-02-11 00:12:27,112 - INFO - allennlp.training.trainer - accuracy      |     0.659  |     0.661
2019-02-11 00:12:27,113 - INFO - allennlp.training.trainer - accuracy3     |     1.000  |     1.000
2019-02-11 00:12:27,113 - INFO - allennlp.training.trainer - cpu_memory_MB |   567.260  |       N/A
2019-02-11 00:12:27,116 - INFO - allennlp.training.trainer - Best validation performance so far. Copying weights to './model_params/best.th'.
2019-02-11 00:12:27,116 - INFO - allennlp.training.trainer - Epoch duration: 00:00:00
2019-02-11 00:12:27,117 - INFO - allennlp.training.trainer - Estimated training time remaining: 0:00:10
2019-02-11 00:12:27,117 - INFO - allennlp.training.trainer - Epoch 8/39
2019-02-11 00:12:27,117 - INFO - allennlp.training.trainer - Peak CPU memory usage MB: 567.268
2019-02-11 00:12:27,156 - INFO - allennlp.training.trainer - Training
2019-02-11 00:12:27,364 - INFO - allennlp.training.trainer - Validating
2019-02-11 00:12:27,411 - INFO - allennlp.training.trainer -                   Training |  Validation
2019-02-11 00:12:27,412 - INFO - allennlp.training.trainer - loss          |     0.595  |     0.588
2019-02-11 00:12:27,412 - INFO - allennlp.training.trainer - accuracy      |     0.681  |     0.684
2019-02-11 00:12:27,412 - INFO - allennlp.training.trainer - accuracy3     |     1.000  |     1.000
2019-02-11 00:12:27,413 - INFO - allennlp.training.trainer - cpu_memory_MB |   567.268  |       N/A
2019-02-11 00:12:27,416 - INFO - allennlp.training.trainer - Best validation performance so far. Copying weights to './model_params/best.th'.
2019-02-11 00:12:27,416 - INFO - allennlp.training.trainer - Epoch duration: 00:00:00
2019-02-11 00:12:27,416 - INFO - allennlp.training.trainer - Estimated training time remaining: 0:00:09
2019-02-11 00:12:27,416 - INFO - allennlp.training.trainer - Epoch 9/39
2019-02-11 00:12:27,417 - INFO - allennlp.training.trainer - Peak CPU memory usage MB: 567.272
2019-02-11 00:12:27,445 - INFO - allennlp.training.trainer - Training
2019-02-11 00:12:27,649 - INFO - allennlp.training.trainer - Validating
2019-02-11 00:12:27,700 - INFO - allennlp.training.trainer -                   Training |  Validation
2019-02-11 00:12:27,700 - INFO - allennlp.training.trainer - loss          |     0.586  |     0.587
2019-02-11 00:12:27,700 - INFO - allennlp.training.trainer - accuracy      |     0.688  |     0.695
2019-02-11 00:12:27,701 - INFO - allennlp.training.trainer - accuracy3     |     1.000  |     1.000
2019-02-11 00:12:27,701 - INFO - allennlp.training.trainer - cpu_memory_MB |   567.272  |       N/A
2019-02-11 00:12:27,704 - INFO - allennlp.training.trainer - Best validation performance so far. Copying weights to './model_params/best.th'.
2019-02-11 00:12:27,705 - INFO - allennlp.training.trainer - Epoch duration: 00:00:00
2019-02-11 00:12:27,705 - INFO - allennlp.training.trainer - Estimated training time remaining: 0:00:09
2019-02-11 00:12:27,705 - INFO - allennlp.training.trainer - Epoch 10/39
2019-02-11 00:12:27,705 - INFO - allennlp.training.trainer - Peak CPU memory usage MB: 567.272
2019-02-11 00:12:27,729 - INFO - allennlp.training.trainer - Training
2019-02-11 00:12:27,979 - INFO - allennlp.training.trainer - Validating
2019-02-11 00:12:28,036 - INFO - allennlp.training.trainer -                   Training |  Validation
2019-02-11 00:12:28,037 - INFO - allennlp.training.trainer - loss          |     0.559  |     0.580
2019-02-11 00:12:28,037 - INFO - allennlp.training.trainer - accuracy      |     0.762  |     0.704
2019-02-11 00:12:28,037 - INFO - allennlp.training.trainer - accuracy3     |     1.000  |     1.000
2019-02-11 00:12:28,038 - INFO - allennlp.training.trainer - cpu_memory_MB |   567.272  |       N/A
2019-02-11 00:12:28,042 - INFO - allennlp.training.trainer - Best validation performance so far. Copying weights to './model_params/best.th'.
2019-02-11 00:12:28,044 - INFO - allennlp.training.trainer - Epoch duration: 00:00:00
2019-02-11 00:12:28,044 - INFO - allennlp.training.trainer - Estimated training time remaining: 0:00:09
2019-02-11 00:12:28,044 - INFO - allennlp.training.trainer - Epoch 11/39
2019-02-11 00:12:28,045 - INFO - allennlp.training.trainer - Peak CPU memory usage MB: 567.408
2019-02-11 00:12:28,090 - INFO - allennlp.training.trainer - Training
2019-02-11 00:12:28,318 - INFO - allennlp.training.trainer - Validating
2019-02-11 00:12:28,398 - INFO - allennlp.training.trainer -                   Training |  Validation
2019-02-11 00:12:28,412 - INFO - allennlp.training.trainer - loss          |     0.546  |     0.568
2019-02-11 00:12:28,414 - INFO - allennlp.training.trainer - accuracy      |     0.784  |     0.705
2019-02-11 00:12:28,417 - INFO - allennlp.training.trainer - accuracy3     |     1.000  |     1.000
2019-02-11 00:12:28,417 - INFO - allennlp.training.trainer - cpu_memory_MB |   567.408  |       N/A
2019-02-11 00:12:28,429 - INFO - allennlp.training.trainer - Best validation performance so far. Copying weights to './model_params/best.th'.
2019-02-11 00:12:28,430 - INFO - allennlp.training.trainer - Epoch duration: 00:00:00
2019-02-11 00:12:28,430 - INFO - allennlp.training.trainer - Estimated training time remaining: 0:00:08
2019-02-11 00:12:28,431 - INFO - allennlp.training.trainer - Epoch 12/39
2019-02-11 00:12:28,431 - INFO - allennlp.training.trainer - Peak CPU memory usage MB: 567.408
2019-02-11 00:12:28,452 - INFO - allennlp.training.trainer - Training
2019-02-11 00:12:28,643 - INFO - allennlp.training.trainer - Validating
2019-02-11 00:12:28,698 - INFO - allennlp.training.trainer -                   Training |  Validation
2019-02-11 00:12:28,699 - INFO - allennlp.training.trainer - loss          |     0.544  |     0.557
2019-02-11 00:12:28,700 - INFO - allennlp.training.trainer - accuracy      |     0.738  |     0.696
2019-02-11 00:12:28,700 - INFO - allennlp.training.trainer - accuracy3     |     1.000  |     1.000
2019-02-11 00:12:28,700 - INFO - allennlp.training.trainer - cpu_memory_MB |   567.408  |       N/A
2019-02-11 00:12:28,704 - INFO - allennlp.training.trainer - Best validation performance so far. Copying weights to './model_params/best.th'.
2019-02-11 00:12:28,704 - INFO - allennlp.training.trainer - Epoch duration: 00:00:00
2019-02-11 00:12:28,704 - INFO - allennlp.training.trainer - Estimated training time remaining: 0:00:08
2019-02-11 00:12:28,704 - INFO - allennlp.training.trainer - Epoch 13/39
2019-02-11 00:12:28,705 - INFO - allennlp.training.trainer - Peak CPU memory usage MB: 567.408
2019-02-11 00:12:28,735 - INFO - allennlp.training.trainer - Training
2019-02-11 00:12:28,960 - INFO - allennlp.training.trainer - Validating
2019-02-11 00:12:29,024 - INFO - allennlp.training.trainer -                   Training |  Validation
2019-02-11 00:12:29,028 - INFO - allennlp.training.trainer - loss          |     0.520  |     0.549
2019-02-11 00:12:29,028 - INFO - allennlp.training.trainer - accuracy      |     0.765  |     0.696
2019-02-11 00:12:29,029 - INFO - allennlp.training.trainer - accuracy3     |     1.000  |     1.000
2019-02-11 00:12:29,029 - INFO - allennlp.training.trainer - cpu_memory_MB |   567.408  |       N/A
2019-02-11 00:12:29,034 - INFO - allennlp.training.trainer - Best validation performance so far. Copying weights to './model_params/best.th'.
2019-02-11 00:12:29,035 - INFO - allennlp.training.trainer - Epoch duration: 00:00:00
2019-02-11 00:12:29,035 - INFO - allennlp.training.trainer - Estimated training time remaining: 0:00:08
2019-02-11 00:12:29,035 - INFO - allennlp.training.trainer - Epoch 14/39
2019-02-11 00:12:29,036 - INFO - allennlp.training.trainer - Peak CPU memory usage MB: 567.408
2019-02-11 00:12:29,066 - INFO - allennlp.training.trainer - Training
2019-02-11 00:12:29,275 - INFO - allennlp.training.trainer - Validating
2019-02-11 00:12:29,331 - INFO - allennlp.training.trainer -                   Training |  Validation
2019-02-11 00:12:29,332 - INFO - allennlp.training.trainer - loss          |     0.507  |     0.542
2019-02-11 00:12:29,332 - INFO - allennlp.training.trainer - accuracy      |     0.790  |     0.701
2019-02-11 00:12:29,332 - INFO - allennlp.training.trainer - accuracy3     |     1.000  |     1.000
2019-02-11 00:12:29,332 - INFO - allennlp.training.trainer - cpu_memory_MB |   567.408  |       N/A
2019-02-11 00:12:29,335 - INFO - allennlp.training.trainer - Best validation performance so far. Copying weights to './model_params/best.th'.
2019-02-11 00:12:29,336 - INFO - allennlp.training.trainer - Epoch duration: 00:00:00
2019-02-11 00:12:29,336 - INFO - allennlp.training.trainer - Estimated training time remaining: 0:00:07
2019-02-11 00:12:29,336 - INFO - allennlp.training.trainer - Epoch 15/39
2019-02-11 00:12:29,336 - INFO - allennlp.training.trainer - Peak CPU memory usage MB: 567.408
2019-02-11 00:12:29,371 - INFO - allennlp.training.trainer - Training
2019-02-11 00:12:29,600 - INFO - allennlp.training.trainer - Validating
2019-02-11 00:12:29,670 - INFO - allennlp.training.trainer -                   Training |  Validation
2019-02-11 00:12:29,671 - INFO - allennlp.training.trainer - loss          |     0.485  |     0.538
2019-02-11 00:12:29,672 - INFO - allennlp.training.trainer - accuracy      |     0.760  |     0.693
2019-02-11 00:12:29,673 - INFO - allennlp.training.trainer - accuracy3     |     1.000  |     1.000
2019-02-11 00:12:29,673 - INFO - allennlp.training.trainer - cpu_memory_MB |   567.408  |       N/A
2019-02-11 00:12:29,681 - INFO - allennlp.training.trainer - Best validation performance so far. Copying weights to './model_params/best.th'.
2019-02-11 00:12:29,682 - INFO - allennlp.training.trainer - Epoch duration: 00:00:00
2019-02-11 00:12:29,682 - INFO - allennlp.training.trainer - Estimated training time remaining: 0:00:07
2019-02-11 00:12:29,683 - INFO - allennlp.training.trainer - Epoch 16/39
2019-02-11 00:12:29,683 - INFO - allennlp.training.trainer - Peak CPU memory usage MB: 567.432
2019-02-11 00:12:29,705 - INFO - allennlp.training.trainer - Training
2019-02-11 00:12:29,939 - INFO - allennlp.training.trainer - Validating
2019-02-11 00:12:29,988 - INFO - allennlp.training.trainer -                   Training |  Validation
2019-02-11 00:12:29,989 - INFO - allennlp.training.trainer - loss          |     0.490  |     0.539
2019-02-11 00:12:29,989 - INFO - allennlp.training.trainer - accuracy      |     0.765  |     0.706
2019-02-11 00:12:29,990 - INFO - allennlp.training.trainer - accuracy3     |     1.000  |     1.000
2019-02-11 00:12:29,990 - INFO - allennlp.training.trainer - cpu_memory_MB |   567.432  |       N/A
2019-02-11 00:12:30,003 - INFO - allennlp.training.trainer - Epoch duration: 00:00:00
2019-02-11 00:12:30,003 - INFO - allennlp.training.trainer - Estimated training time remaining: 0:00:07
2019-02-11 00:12:30,003 - INFO - allennlp.training.trainer - Epoch 17/39
2019-02-11 00:12:30,003 - INFO - allennlp.training.trainer - Peak CPU memory usage MB: 567.432
2019-02-11 00:12:30,034 - INFO - allennlp.training.trainer - Training
2019-02-11 00:12:30,248 - INFO - allennlp.training.trainer - Validating
2019-02-11 00:12:30,305 - INFO - allennlp.training.trainer -                   Training |  Validation
2019-02-11 00:12:30,305 - INFO - allennlp.training.trainer - loss          |     0.464  |     0.532
2019-02-11 00:12:30,306 - INFO - allennlp.training.trainer - accuracy      |     0.770  |     0.705
2019-02-11 00:12:30,306 - INFO - allennlp.training.trainer - accuracy3     |     1.000  |     1.000
2019-02-11 00:12:30,306 - INFO - allennlp.training.trainer - cpu_memory_MB |   567.432  |       N/A
2019-02-11 00:12:30,309 - INFO - allennlp.training.trainer - Best validation performance so far. Copying weights to './model_params/best.th'.
2019-02-11 00:12:30,309 - INFO - allennlp.training.trainer - Epoch duration: 00:00:00
2019-02-11 00:12:30,309 - INFO - allennlp.training.trainer - Estimated training time remaining: 0:00:06
2019-02-11 00:12:30,310 - INFO - allennlp.training.trainer - Epoch 18/39
2019-02-11 00:12:30,310 - INFO - allennlp.training.trainer - Peak CPU memory usage MB: 567.464
2019-02-11 00:12:30,340 - INFO - allennlp.training.trainer - Training
2019-02-11 00:12:30,560 - INFO - allennlp.training.trainer - Validating
2019-02-11 00:12:30,631 - INFO - allennlp.training.trainer -                   Training |  Validation
2019-02-11 00:12:30,634 - INFO - allennlp.training.trainer - loss          |     0.468  |     0.527
2019-02-11 00:12:30,634 - INFO - allennlp.training.trainer - accuracy      |     0.787  |     0.705
2019-02-11 00:12:30,635 - INFO - allennlp.training.trainer - accuracy3     |     1.000  |     1.000
2019-02-11 00:12:30,635 - INFO - allennlp.training.trainer - cpu_memory_MB |   567.464  |       N/A
2019-02-11 00:12:30,646 - INFO - allennlp.training.trainer - Best validation performance so far. Copying weights to './model_params/best.th'.
2019-02-11 00:12:30,653 - INFO - allennlp.training.trainer - Epoch duration: 00:00:00
2019-02-11 00:12:30,658 - INFO - allennlp.training.trainer - Estimated training time remaining: 0:00:06
2019-02-11 00:12:30,658 - INFO - allennlp.training.trainer - Epoch 19/39
2019-02-11 00:12:30,658 - INFO - allennlp.training.trainer - Peak CPU memory usage MB: 567.488
2019-02-11 00:12:30,684 - INFO - allennlp.training.trainer - Training
2019-02-11 00:12:30,899 - INFO - allennlp.training.trainer - Validating
2019-02-11 00:12:30,950 - INFO - allennlp.training.trainer -                   Training |  Validation
2019-02-11 00:12:30,951 - INFO - allennlp.training.trainer - loss          |     0.441  |     0.521
2019-02-11 00:12:30,951 - INFO - allennlp.training.trainer - accuracy      |     0.806  |     0.704
2019-02-11 00:12:30,951 - INFO - allennlp.training.trainer - accuracy3     |     1.000  |     1.000
2019-02-11 00:12:30,951 - INFO - allennlp.training.trainer - cpu_memory_MB |   567.488  |       N/A
2019-02-11 00:12:30,954 - INFO - allennlp.training.trainer - Best validation performance so far. Copying weights to './model_params/best.th'.
2019-02-11 00:12:30,955 - INFO - allennlp.training.trainer - Epoch duration: 00:00:00
2019-02-11 00:12:30,955 - INFO - allennlp.training.trainer - Estimated training time remaining: 0:00:06
2019-02-11 00:12:30,955 - INFO - allennlp.training.trainer - Epoch 20/39
2019-02-11 00:12:30,955 - INFO - allennlp.training.trainer - Peak CPU memory usage MB: 567.488
2019-02-11 00:12:30,980 - INFO - allennlp.training.trainer - Training
2019-02-11 00:12:31,246 - INFO - allennlp.training.trainer - Validating
2019-02-11 00:12:31,319 - INFO - allennlp.training.trainer -                   Training |  Validation
2019-02-11 00:12:31,320 - INFO - allennlp.training.trainer - loss          |     0.439  |     0.520
2019-02-11 00:12:31,320 - INFO - allennlp.training.trainer - accuracy      |     0.794  |     0.706
2019-02-11 00:12:31,320 - INFO - allennlp.training.trainer - accuracy3     |     1.000  |     1.000
2019-02-11 00:12:31,320 - INFO - allennlp.training.trainer - cpu_memory_MB |   567.488  |       N/A
2019-02-11 00:12:31,327 - INFO - allennlp.training.trainer - Best validation performance so far. Copying weights to './model_params/best.th'.
2019-02-11 00:12:31,329 - INFO - allennlp.training.trainer - Epoch duration: 00:00:00
2019-02-11 00:12:31,329 - INFO - allennlp.training.trainer - Estimated training time remaining: 0:00:06
2019-02-11 00:12:31,330 - INFO - allennlp.training.trainer - Epoch 21/39
2019-02-11 00:12:31,330 - INFO - allennlp.training.trainer - Peak CPU memory usage MB: 567.492
2019-02-11 00:12:31,378 - INFO - allennlp.training.trainer - Training
2019-02-11 00:12:31,622 - INFO - allennlp.training.trainer - Validating
2019-02-11 00:12:31,691 - INFO - allennlp.training.trainer -                   Training |  Validation
2019-02-11 00:12:31,692 - INFO - allennlp.training.trainer - loss          |     0.450  |     0.518
2019-02-11 00:12:31,692 - INFO - allennlp.training.trainer - accuracy      |     0.769  |     0.709
2019-02-11 00:12:31,692 - INFO - allennlp.training.trainer - accuracy3     |     1.000  |     1.000
2019-02-11 00:12:31,692 - INFO - allennlp.training.trainer - cpu_memory_MB |   567.492  |       N/A
2019-02-11 00:12:31,695 - INFO - allennlp.training.trainer - Best validation performance so far. Copying weights to './model_params/best.th'.
2019-02-11 00:12:31,696 - INFO - allennlp.training.trainer - Epoch duration: 00:00:00
2019-02-11 00:12:31,696 - INFO - allennlp.training.trainer - Estimated training time remaining: 0:00:05
2019-02-11 00:12:31,696 - INFO - allennlp.training.trainer - Epoch 22/39
2019-02-11 00:12:31,696 - INFO - allennlp.training.trainer - Peak CPU memory usage MB: 567.492
2019-02-11 00:12:31,720 - INFO - allennlp.training.trainer - Training
2019-02-11 00:12:31,931 - INFO - allennlp.training.trainer - Validating
2019-02-11 00:12:31,984 - INFO - allennlp.training.trainer -                   Training |  Validation
2019-02-11 00:12:31,985 - INFO - allennlp.training.trainer - loss          |     0.436  |     0.521
2019-02-11 00:12:31,985 - INFO - allennlp.training.trainer - accuracy      |     0.784  |     0.705
2019-02-11 00:12:31,985 - INFO - allennlp.training.trainer - accuracy3     |     1.000  |     1.000
2019-02-11 00:12:31,985 - INFO - allennlp.training.trainer - cpu_memory_MB |   567.492  |       N/A
2019-02-11 00:12:31,989 - INFO - allennlp.training.trainer - Epoch duration: 00:00:00
2019-02-11 00:12:31,989 - INFO - allennlp.training.trainer - Estimated training time remaining: 0:00:05
2019-02-11 00:12:31,989 - INFO - allennlp.training.trainer - Epoch 23/39
2019-02-11 00:12:31,989 - INFO - allennlp.training.trainer - Peak CPU memory usage MB: 567.5
2019-02-11 00:12:32,020 - INFO - allennlp.training.trainer - Training
2019-02-11 00:12:32,244 - INFO - allennlp.training.trainer - Validating
2019-02-11 00:12:32,310 - INFO - allennlp.training.trainer -                   Training |  Validation
2019-02-11 00:12:32,311 - INFO - allennlp.training.trainer - loss          |     0.435  |     0.525
2019-02-11 00:12:32,311 - INFO - allennlp.training.trainer - accuracy      |     0.799  |     0.721
2019-02-11 00:12:32,312 - INFO - allennlp.training.trainer - accuracy3     |     1.000  |     1.000
2019-02-11 00:12:32,312 - INFO - allennlp.training.trainer - cpu_memory_MB |   567.500  |       N/A
2019-02-11 00:12:32,319 - INFO - allennlp.training.trainer - Epoch duration: 00:00:00
2019-02-11 00:12:32,320 - INFO - allennlp.training.trainer - Estimated training time remaining: 0:00:05
2019-02-11 00:12:32,320 - INFO - allennlp.training.trainer - Epoch 24/39
2019-02-11 00:12:32,320 - INFO - allennlp.training.trainer - Peak CPU memory usage MB: 567.7
2019-02-11 00:12:32,353 - INFO - allennlp.training.trainer - Training
2019-02-11 00:12:32,575 - INFO - allennlp.training.trainer - Validating
2019-02-11 00:12:32,624 - INFO - allennlp.training.trainer -                   Training |  Validation
2019-02-11 00:12:32,627 - INFO - allennlp.training.trainer - loss          |     0.426  |     0.525
2019-02-11 00:12:32,628 - INFO - allennlp.training.trainer - accuracy      |     0.816  |     0.721
2019-02-11 00:12:32,628 - INFO - allennlp.training.trainer - accuracy3     |     1.000  |     1.000
2019-02-11 00:12:32,628 - INFO - allennlp.training.trainer - cpu_memory_MB |   567.700  |       N/A
2019-02-11 00:12:32,633 - INFO - allennlp.training.trainer - Epoch duration: 00:00:00
2019-02-11 00:12:32,635 - INFO - allennlp.training.trainer - Estimated training time remaining: 0:00:04
2019-02-11 00:12:32,636 - INFO - allennlp.training.trainer - Epoch 25/39
2019-02-11 00:12:32,636 - INFO - allennlp.training.trainer - Peak CPU memory usage MB: 567.7
2019-02-11 00:12:32,667 - INFO - allennlp.training.trainer - Training
2019-02-11 00:12:32,865 - INFO - allennlp.training.trainer - Validating
2019-02-11 00:12:32,908 - INFO - allennlp.training.trainer -                   Training |  Validation
2019-02-11 00:12:32,910 - INFO - allennlp.training.trainer - loss          |     0.426  |     0.525
2019-02-11 00:12:32,910 - INFO - allennlp.training.trainer - accuracy      |     0.807  |     0.713
2019-02-11 00:12:32,910 - INFO - allennlp.training.trainer - accuracy3     |     1.000  |     1.000
2019-02-11 00:12:32,911 - INFO - allennlp.training.trainer - cpu_memory_MB |   567.700  |       N/A
2019-02-11 00:12:32,914 - INFO - allennlp.training.trainer - Epoch duration: 00:00:00
2019-02-11 00:12:32,916 - INFO - allennlp.training.trainer - Estimated training time remaining: 0:00:04
2019-02-11 00:12:32,917 - INFO - allennlp.training.trainer - Epoch 26/39
2019-02-11 00:12:32,917 - INFO - allennlp.training.trainer - Peak CPU memory usage MB: 567.7
2019-02-11 00:12:32,940 - INFO - allennlp.training.trainer - Training
2019-02-11 00:12:33,186 - INFO - allennlp.training.trainer - Validating
2019-02-11 00:12:33,249 - INFO - allennlp.training.trainer - Ran out of patience.  Stopping training.
2019-02-11 00:12:33,251 - INFO - allennlp.models.archival - archiving weights and vocabulary to ./model_params/model.tar.gz
2019-02-11 00:12:33,264 - INFO - allennlp.commands.train - Loading the best epoch weights.
2019-02-11 00:12:33,266 - INFO - allennlp.common.util - Metrics: {
  "peak_cpu_memory_MB": 567.7,
  "training_duration": "00:00:08",
  "training_start_epoch": 0,
  "training_epochs": 25,
  "epoch": 25,
  "training_accuracy": 0.8066132264529058,
  "training_accuracy3": 1.0,
  "training_loss": 0.42570458849271137,
  "training_cpu_memory_MB": 567.7,
  "validation_accuracy": 0.7131164038913116,
  "validation_accuracy3": 1.0,
  "validation_loss": 0.5251308679580688,
  "best_epoch": 21,
  "best_validation_accuracy": 0.7089567259308956,
  "best_validation_accuracy3": 1.0,
  "best_validation_loss": 0.517715056737264
}
Token batch process time:
0.30677318572998047
Token batch process time:
0.27590131759643555
