0it [00:00, ?it/s]
1it [01:37, 97.25s/it]
955it [01:37, 68.08s/it]
1941it [01:37, 47.65s/it]
2870it [01:37, 33.36s/it]
3886it [01:37, 23.35s/it]
4676it [01:37, 16.35s/it]
5672it [01:37, 11.44s/it]
5863it [01:37, 59.90it/s]

0it [00:00, ?it/s]
1it [00:51, 51.36s/it]
963it [00:51, 35.95s/it]
1864it [00:51, 25.17s/it]
2337it [00:51, 17.62s/it]
3112it [00:51, 59.95it/s]

0it [00:00, ?it/s]
2343it [00:00, 23428.51it/s]
4872it [00:00, 23957.25it/s]
7452it [00:00, 24476.77it/s]
8975it [00:00, 24856.07it/s]

  0%|          | 0/184 [00:00<?, ?it/s]
accuracy: 0.9390, accuracy3: 1.0000, loss: 0.6886 ||:   2%|2         | 4/184 [00:00<00:05, 33.32it/s]
accuracy: 0.9431, accuracy3: 1.0000, loss: 0.6735 ||:   5%|4         | 9/184 [00:00<00:05, 34.57it/s]
accuracy: 0.9423, accuracy3: 1.0000, loss: 0.6747 ||:   8%|7         | 14/184 [00:00<00:04, 36.04it/s]
accuracy: 0.9420, accuracy3: 1.0000, loss: 0.6710 ||:  10%|#         | 19/184 [00:00<00:04, 37.61it/s]
accuracy: 0.9423, accuracy3: 1.0000, loss: 0.6688 ||:  13%|#3        | 24/184 [00:00<00:04, 39.78it/s]
accuracy: 0.9412, accuracy3: 1.0000, loss: 0.6671 ||:  16%|#5        | 29/184 [00:00<00:03, 39.43it/s]
accuracy: 0.9416, accuracy3: 1.0000, loss: 0.6633 ||:  18%|#8        | 34/184 [00:00<00:03, 39.99it/s]
accuracy: 0.9422, accuracy3: 1.0000, loss: 0.6588 ||:  21%|##1       | 39/184 [00:00<00:03, 40.78it/s]
accuracy: 0.9422, accuracy3: 1.0000, loss: 0.6589 ||:  23%|##3       | 43/184 [00:01<00:03, 40.42it/s]
accuracy: 0.9415, accuracy3: 1.0000, loss: 0.6575 ||:  26%|##6       | 48/184 [00:01<00:03, 40.53it/s]
accuracy: 0.9414, accuracy3: 1.0000, loss: 0.6546 ||:  29%|##8       | 53/184 [00:01<00:03, 41.24it/s]
accuracy: 0.9415, accuracy3: 1.0000, loss: 0.6510 ||:  32%|###1      | 58/184 [00:01<00:03, 41.53it/s]
accuracy: 0.9424, accuracy3: 1.0000, loss: 0.6468 ||:  34%|###4      | 63/184 [00:01<00:02, 40.92it/s]
accuracy: 0.9423, accuracy3: 1.0000, loss: 0.6441 ||:  37%|###6      | 68/184 [00:01<00:02, 41.55it/s]
accuracy: 0.9423, accuracy3: 1.0000, loss: 0.6404 ||:  40%|###9      | 73/184 [00:01<00:02, 41.31it/s]
accuracy: 0.9418, accuracy3: 1.0000, loss: 0.6372 ||:  42%|####2     | 78/184 [00:01<00:02, 42.73it/s]
accuracy: 0.9407, accuracy3: 1.0000, loss: 0.6349 ||:  45%|####5     | 83/184 [00:02<00:02, 41.13it/s]
accuracy: 0.9395, accuracy3: 1.0000, loss: 0.6330 ||:  48%|####7     | 88/184 [00:02<00:02, 41.99it/s]
accuracy: 0.9389, accuracy3: 1.0000, loss: 0.6297 ||:  51%|#####     | 93/184 [00:02<00:02, 41.00it/s]
accuracy: 0.9376, accuracy3: 1.0000, loss: 0.6270 ||:  53%|#####3    | 98/184 [00:02<00:02, 40.58it/s]
accuracy: 0.9368, accuracy3: 1.0000, loss: 0.6264 ||:  56%|#####5    | 103/184 [00:02<00:02, 40.32it/s]
accuracy: 0.9365, accuracy3: 1.0000, loss: 0.6239 ||:  59%|#####8    | 108/184 [00:02<00:01, 41.73it/s]
accuracy: 0.9350, accuracy3: 1.0000, loss: 0.6225 ||:  61%|######1   | 113/184 [00:02<00:01, 41.53it/s]
accuracy: 0.9345, accuracy3: 1.0000, loss: 0.6185 ||:  64%|######4   | 118/184 [00:02<00:01, 41.11it/s]
accuracy: 0.9338, accuracy3: 1.0000, loss: 0.6165 ||:  67%|######6   | 123/184 [00:03<00:01, 39.70it/s]
accuracy: 0.9321, accuracy3: 1.0000, loss: 0.6145 ||:  70%|######9   | 128/184 [00:03<00:01, 41.06it/s]
accuracy: 0.9304, accuracy3: 1.0000, loss: 0.6122 ||:  72%|#######2  | 133/184 [00:03<00:01, 40.42it/s]
accuracy: 0.9285, accuracy3: 1.0000, loss: 0.6095 ||:  75%|#######5  | 138/184 [00:03<00:01, 40.03it/s]
accuracy: 0.9268, accuracy3: 1.0000, loss: 0.6079 ||:  78%|#######7  | 143/184 [00:03<00:01, 40.60it/s]
accuracy: 0.9250, accuracy3: 1.0000, loss: 0.6059 ||:  80%|########  | 148/184 [00:03<00:00, 38.42it/s]
accuracy: 0.9239, accuracy3: 1.0000, loss: 0.6049 ||:  83%|########2 | 152/184 [00:03<00:00, 38.23it/s]
accuracy: 0.9223, accuracy3: 1.0000, loss: 0.6046 ||:  85%|########4 | 156/184 [00:03<00:00, 38.61it/s]
accuracy: 0.9212, accuracy3: 1.0000, loss: 0.6023 ||:  87%|########6 | 160/184 [00:03<00:00, 38.53it/s]
accuracy: 0.9201, accuracy3: 1.0000, loss: 0.6010 ||:  89%|########9 | 164/184 [00:04<00:00, 38.19it/s]
accuracy: 0.9176, accuracy3: 1.0000, loss: 0.5997 ||:  92%|#########1| 169/184 [00:04<00:00, 38.68it/s]
accuracy: 0.9154, accuracy3: 1.0000, loss: 0.5985 ||:  94%|#########4| 173/184 [00:04<00:00, 38.94it/s]
accuracy: 0.9139, accuracy3: 1.0000, loss: 0.5975 ||:  96%|#########6| 177/184 [00:04<00:00, 38.97it/s]
accuracy: 0.9118, accuracy3: 1.0000, loss: 0.5973 ||:  99%|#########8| 182/184 [00:04<00:00, 39.22it/s]
accuracy: 0.9109, accuracy3: 1.0000, loss: 0.5966 ||: 100%|##########| 184/184 [00:04<00:00, 40.36it/s]

  0%|          | 0/98 [00:00<?, ?it/s]
accuracy: 0.8323, accuracy3: 1.0000, loss: 0.5185 ||:   6%|6         | 6/98 [00:00<00:01, 58.91it/s]
accuracy: 0.8552, accuracy3: 1.0000, loss: 0.6894 ||:  12%|#2        | 12/98 [00:00<00:01, 56.89it/s]
accuracy: 0.8351, accuracy3: 1.0000, loss: 0.6794 ||:  18%|#8        | 18/98 [00:00<00:01, 56.38it/s]
accuracy: 0.8258, accuracy3: 1.0000, loss: 0.6516 ||:  24%|##4       | 24/98 [00:00<00:01, 56.33it/s]
accuracy: 0.8231, accuracy3: 1.0000, loss: 0.6320 ||:  32%|###1      | 31/98 [00:00<00:01, 56.51it/s]
accuracy: 0.8343, accuracy3: 1.0000, loss: 0.6562 ||:  38%|###7      | 37/98 [00:00<00:01, 56.90it/s]
accuracy: 0.8381, accuracy3: 1.0000, loss: 0.6849 ||:  44%|####3     | 43/98 [00:00<00:00, 57.20it/s]
accuracy: 0.8368, accuracy3: 1.0000, loss: 0.6727 ||:  50%|#####     | 49/98 [00:00<00:00, 54.72it/s]
accuracy: 0.8398, accuracy3: 1.0000, loss: 0.6556 ||:  56%|#####6    | 55/98 [00:00<00:00, 55.71it/s]
accuracy: 0.8405, accuracy3: 1.0000, loss: 0.6529 ||:  62%|######2   | 61/98 [00:01<00:00, 55.51it/s]
accuracy: 0.8451, accuracy3: 1.0000, loss: 0.6558 ||:  68%|######8   | 67/98 [00:01<00:00, 53.67it/s]
accuracy: 0.8416, accuracy3: 1.0000, loss: 0.6477 ||:  74%|#######4  | 73/98 [00:01<00:00, 55.33it/s]
accuracy: 0.8415, accuracy3: 1.0000, loss: 0.6486 ||:  82%|########1 | 80/98 [00:01<00:00, 57.47it/s]
accuracy: 0.8451, accuracy3: 1.0000, loss: 0.6498 ||:  88%|########7 | 86/98 [00:01<00:00, 57.54it/s]
accuracy: 0.8475, accuracy3: 1.0000, loss: 0.6634 ||:  94%|#########3| 92/98 [00:01<00:00, 56.35it/s]
accuracy: 0.8487, accuracy3: 1.0000, loss: 0.6606 ||: 100%|##########| 98/98 [00:01<00:00, 56.50it/s]

  0%|          | 0/184 [00:00<?, ?it/s]
accuracy: 0.8252, accuracy3: 1.0000, loss: 0.5446 ||:   3%|2         | 5/184 [00:00<00:04, 40.73it/s]
accuracy: 0.8348, accuracy3: 1.0000, loss: 0.5466 ||:   5%|5         | 10/184 [00:00<00:04, 42.19it/s]
accuracy: 0.8360, accuracy3: 1.0000, loss: 0.5591 ||:   8%|7         | 14/184 [00:00<00:04, 41.32it/s]
accuracy: 0.8349, accuracy3: 1.0000, loss: 0.5571 ||:  10%|#         | 19/184 [00:00<00:03, 41.26it/s]
accuracy: 0.8323, accuracy3: 1.0000, loss: 0.5578 ||:  13%|#3        | 24/184 [00:00<00:03, 42.66it/s]
accuracy: 0.8314, accuracy3: 1.0000, loss: 0.5606 ||:  16%|#5        | 29/184 [00:00<00:03, 42.57it/s]
accuracy: 0.8297, accuracy3: 1.0000, loss: 0.5597 ||:  18%|#8        | 34/184 [00:00<00:03, 43.34it/s]
accuracy: 0.8273, accuracy3: 1.0000, loss: 0.5608 ||:  21%|##1       | 39/184 [00:00<00:03, 43.10it/s]
accuracy: 0.8274, accuracy3: 1.0000, loss: 0.5588 ||:  24%|##3       | 44/184 [00:01<00:03, 42.46it/s]
accuracy: 0.8279, accuracy3: 1.0000, loss: 0.5580 ||:  27%|##7       | 50/184 [00:01<00:03, 44.04it/s]
accuracy: 0.8275, accuracy3: 1.0000, loss: 0.5550 ||:  30%|##9       | 55/184 [00:01<00:02, 43.97it/s]
accuracy: 0.8286, accuracy3: 1.0000, loss: 0.5522 ||:  33%|###2      | 60/184 [00:01<00:02, 43.79it/s]
accuracy: 0.8295, accuracy3: 1.0000, loss: 0.5508 ||:  35%|###5      | 65/184 [00:01<00:02, 44.08it/s]
accuracy: 0.8306, accuracy3: 1.0000, loss: 0.5484 ||:  38%|###8      | 70/184 [00:01<00:02, 45.19it/s]
accuracy: 0.8304, accuracy3: 1.0000, loss: 0.5489 ||:  41%|####      | 75/184 [00:01<00:02, 45.34it/s]
accuracy: 0.8301, accuracy3: 1.0000, loss: 0.5483 ||:  43%|####3     | 80/184 [00:01<00:02, 46.02it/s]
accuracy: 0.8303, accuracy3: 1.0000, loss: 0.5473 ||:  46%|####6     | 85/184 [00:01<00:02, 46.61it/s]
accuracy: 0.8302, accuracy3: 1.0000, loss: 0.5477 ||:  49%|####8     | 90/184 [00:02<00:02, 45.09it/s]
accuracy: 0.8301, accuracy3: 1.0000, loss: 0.5478 ||:  52%|#####1    | 95/184 [00:02<00:02, 43.66it/s]
accuracy: 0.8293, accuracy3: 1.0000, loss: 0.5492 ||:  54%|#####4    | 100/184 [00:02<00:01, 44.07it/s]
accuracy: 0.8293, accuracy3: 1.0000, loss: 0.5505 ||:  57%|#####7    | 105/184 [00:02<00:01, 45.08it/s]
accuracy: 0.8283, accuracy3: 1.0000, loss: 0.5513 ||:  60%|#####9    | 110/184 [00:02<00:01, 45.06it/s]
accuracy: 0.8282, accuracy3: 1.0000, loss: 0.5512 ||:  63%|######3   | 116/184 [00:02<00:01, 45.63it/s]
accuracy: 0.8286, accuracy3: 1.0000, loss: 0.5511 ||:  66%|######5   | 121/184 [00:02<00:01, 46.60it/s]
accuracy: 0.8288, accuracy3: 1.0000, loss: 0.5487 ||:  68%|######8   | 126/184 [00:02<00:01, 44.96it/s]
accuracy: 0.8285, accuracy3: 1.0000, loss: 0.5488 ||:  72%|#######1  | 132/184 [00:02<00:01, 45.80it/s]
accuracy: 0.8285, accuracy3: 1.0000, loss: 0.5471 ||:  74%|#######4  | 137/184 [00:03<00:01, 45.13it/s]
accuracy: 0.8283, accuracy3: 1.0000, loss: 0.5455 ||:  77%|#######7  | 142/184 [00:03<00:00, 45.96it/s]
accuracy: 0.8285, accuracy3: 1.0000, loss: 0.5456 ||:  80%|#######9  | 147/184 [00:03<00:00, 45.64it/s]
accuracy: 0.8286, accuracy3: 1.0000, loss: 0.5451 ||:  83%|########2 | 152/184 [00:03<00:00, 46.78it/s]
accuracy: 0.8288, accuracy3: 1.0000, loss: 0.5450 ||:  85%|########5 | 157/184 [00:03<00:00, 47.51it/s]
accuracy: 0.8288, accuracy3: 1.0000, loss: 0.5449 ||:  88%|########8 | 162/184 [00:03<00:00, 47.25it/s]
accuracy: 0.8289, accuracy3: 1.0000, loss: 0.5454 ||:  91%|######### | 167/184 [00:03<00:00, 47.42it/s]
accuracy: 0.8289, accuracy3: 1.0000, loss: 0.5453 ||:  94%|#########4| 173/184 [00:03<00:00, 48.15it/s]
accuracy: 0.8285, accuracy3: 1.0000, loss: 0.5444 ||:  97%|#########6| 178/184 [00:03<00:00, 47.32it/s]
accuracy: 0.8288, accuracy3: 1.0000, loss: 0.5445 ||:  99%|#########9| 183/184 [00:04<00:00, 46.98it/s]
accuracy: 0.8288, accuracy3: 1.0000, loss: 0.5446 ||: 100%|##########| 184/184 [00:04<00:00, 45.38it/s]

  0%|          | 0/98 [00:00<?, ?it/s]
accuracy: 0.8239, accuracy3: 1.0000, loss: 0.5980 ||:   7%|7         | 7/98 [00:00<00:01, 59.91it/s]
accuracy: 0.8174, accuracy3: 1.0000, loss: 0.6923 ||:  15%|#5        | 15/98 [00:00<00:01, 63.64it/s]
accuracy: 0.8124, accuracy3: 1.0000, loss: 0.6539 ||:  23%|##3       | 23/98 [00:00<00:01, 67.37it/s]
accuracy: 0.8054, accuracy3: 1.0000, loss: 0.6213 ||:  30%|##9       | 29/98 [00:00<00:01, 64.18it/s]
accuracy: 0.8209, accuracy3: 1.0000, loss: 0.6503 ||:  38%|###7      | 37/98 [00:00<00:00, 67.76it/s]
accuracy: 0.8256, accuracy3: 1.0000, loss: 0.6801 ||:  45%|####4     | 44/98 [00:00<00:00, 67.92it/s]
accuracy: 0.8251, accuracy3: 1.0000, loss: 0.6598 ||:  53%|#####3    | 52/98 [00:00<00:00, 68.46it/s]
accuracy: 0.8289, accuracy3: 1.0000, loss: 0.6462 ||:  60%|######    | 59/98 [00:00<00:00, 68.80it/s]
accuracy: 0.8346, accuracy3: 1.0000, loss: 0.6526 ||:  68%|######8   | 67/98 [00:00<00:00, 70.73it/s]
accuracy: 0.8304, accuracy3: 1.0000, loss: 0.6430 ||:  76%|#######5  | 74/98 [00:01<00:00, 69.86it/s]
accuracy: 0.8304, accuracy3: 1.0000, loss: 0.6472 ||:  83%|########2 | 81/98 [00:01<00:00, 68.56it/s]
accuracy: 0.8339, accuracy3: 1.0000, loss: 0.6559 ||:  90%|########9 | 88/98 [00:01<00:00, 68.36it/s]
accuracy: 0.8382, accuracy3: 1.0000, loss: 0.6621 ||:  98%|#########7| 96/98 [00:01<00:00, 68.66it/s]
accuracy: 0.8383, accuracy3: 1.0000, loss: 0.6601 ||: 100%|##########| 98/98 [00:01<00:00, 69.42it/s]

  0%|          | 0/184 [00:00<?, ?it/s]
accuracy: 0.8148, accuracy3: 1.0000, loss: 0.5791 ||:   2%|2         | 4/184 [00:00<00:04, 38.90it/s]
accuracy: 0.8273, accuracy3: 1.0000, loss: 0.5595 ||:   5%|5         | 10/184 [00:00<00:04, 41.81it/s]
accuracy: 0.8304, accuracy3: 1.0000, loss: 0.5630 ||:   8%|8         | 15/184 [00:00<00:03, 43.12it/s]
accuracy: 0.8262, accuracy3: 1.0000, loss: 0.5537 ||:  11%|#         | 20/184 [00:00<00:03, 44.91it/s]
accuracy: 0.8263, accuracy3: 1.0000, loss: 0.5478 ||:  14%|#3        | 25/184 [00:00<00:03, 45.41it/s]
accuracy: 0.8241, accuracy3: 1.0000, loss: 0.5495 ||:  16%|#6        | 30/184 [00:00<00:03, 45.02it/s]
accuracy: 0.8247, accuracy3: 1.0000, loss: 0.5474 ||:  19%|#9        | 35/184 [00:00<00:03, 42.92it/s]
accuracy: 0.8236, accuracy3: 1.0000, loss: 0.5485 ||:  22%|##1       | 40/184 [00:00<00:03, 44.31it/s]
accuracy: 0.8242, accuracy3: 1.0000, loss: 0.5430 ||:  24%|##4       | 45/184 [00:01<00:03, 43.44it/s]
accuracy: 0.8222, accuracy3: 1.0000, loss: 0.5437 ||:  27%|##7       | 50/184 [00:01<00:02, 44.85it/s]
accuracy: 0.8246, accuracy3: 1.0000, loss: 0.5427 ||:  30%|##9       | 55/184 [00:01<00:02, 44.66it/s]
accuracy: 0.8249, accuracy3: 1.0000, loss: 0.5404 ||:  33%|###2      | 60/184 [00:01<00:02, 44.29it/s]
accuracy: 0.8250, accuracy3: 1.0000, loss: 0.5396 ||:  35%|###5      | 65/184 [00:01<00:02, 45.10it/s]
accuracy: 0.8245, accuracy3: 1.0000, loss: 0.5388 ||:  38%|###8      | 70/184 [00:01<00:02, 45.18it/s]
accuracy: 0.8245, accuracy3: 1.0000, loss: 0.5402 ||:  41%|####      | 75/184 [00:01<00:02, 44.12it/s]
accuracy: 0.8235, accuracy3: 1.0000, loss: 0.5391 ||:  43%|####3     | 80/184 [00:01<00:02, 43.96it/s]
accuracy: 0.8254, accuracy3: 1.0000, loss: 0.5398 ||:  47%|####6     | 86/184 [00:01<00:02, 47.06it/s]
accuracy: 0.8262, accuracy3: 1.0000, loss: 0.5403 ||:  49%|####9     | 91/184 [00:02<00:02, 43.80it/s]
accuracy: 0.8262, accuracy3: 1.0000, loss: 0.5428 ||:  52%|#####2    | 96/184 [00:02<00:01, 44.90it/s]
accuracy: 0.8265, accuracy3: 1.0000, loss: 0.5420 ||:  55%|#####5    | 102/184 [00:02<00:01, 47.03it/s]
accuracy: 0.8269, accuracy3: 1.0000, loss: 0.5405 ||:  58%|#####8    | 107/184 [00:02<00:01, 45.12it/s]
accuracy: 0.8271, accuracy3: 1.0000, loss: 0.5407 ||:  61%|######    | 112/184 [00:02<00:01, 45.48it/s]
accuracy: 0.8260, accuracy3: 1.0000, loss: 0.5423 ||:  64%|######4   | 118/184 [00:02<00:01, 46.70it/s]
accuracy: 0.8260, accuracy3: 1.0000, loss: 0.5436 ||:  67%|######6   | 123/184 [00:02<00:01, 45.14it/s]
accuracy: 0.8266, accuracy3: 1.0000, loss: 0.5432 ||:  70%|######9   | 128/184 [00:02<00:01, 46.32it/s]
accuracy: 0.8265, accuracy3: 1.0000, loss: 0.5445 ||:  72%|#######2  | 133/184 [00:02<00:01, 47.05it/s]
accuracy: 0.8264, accuracy3: 1.0000, loss: 0.5440 ||:  75%|#######5  | 138/184 [00:03<00:01, 45.50it/s]
accuracy: 0.8268, accuracy3: 1.0000, loss: 0.5425 ||:  78%|#######7  | 143/184 [00:03<00:00, 44.19it/s]
accuracy: 0.8271, accuracy3: 1.0000, loss: 0.5427 ||:  80%|########  | 148/184 [00:03<00:00, 44.55it/s]
accuracy: 0.8271, accuracy3: 1.0000, loss: 0.5422 ||:  84%|########3 | 154/184 [00:03<00:00, 45.56it/s]
accuracy: 0.8265, accuracy3: 1.0000, loss: 0.5424 ||:  87%|########6 | 160/184 [00:03<00:00, 46.53it/s]
accuracy: 0.8272, accuracy3: 1.0000, loss: 0.5419 ||:  90%|########9 | 165/184 [00:03<00:00, 47.49it/s]
accuracy: 0.8273, accuracy3: 1.0000, loss: 0.5413 ||:  92%|#########2| 170/184 [00:03<00:00, 45.68it/s]
accuracy: 0.8269, accuracy3: 1.0000, loss: 0.5407 ||:  96%|#########5| 176/184 [00:03<00:00, 46.22it/s]
accuracy: 0.8269, accuracy3: 1.0000, loss: 0.5408 ||:  99%|#########8| 182/184 [00:03<00:00, 47.84it/s]
accuracy: 0.8268, accuracy3: 1.0000, loss: 0.5419 ||: 100%|##########| 184/184 [00:04<00:00, 45.85it/s]

  0%|          | 0/98 [00:00<?, ?it/s]
accuracy: 0.8239, accuracy3: 1.0000, loss: 0.5992 ||:   7%|7         | 7/98 [00:00<00:01, 64.41it/s]
accuracy: 0.8174, accuracy3: 1.0000, loss: 0.6927 ||:  15%|#5        | 15/98 [00:00<00:01, 66.85it/s]
accuracy: 0.8124, accuracy3: 1.0000, loss: 0.6533 ||:  23%|##3       | 23/98 [00:00<00:01, 68.01it/s]
accuracy: 0.8079, accuracy3: 1.0000, loss: 0.6252 ||:  32%|###1      | 31/98 [00:00<00:00, 70.14it/s]
accuracy: 0.8227, accuracy3: 1.0000, loss: 0.6599 ||:  40%|###9      | 39/98 [00:00<00:00, 71.22it/s]
accuracy: 0.8228, accuracy3: 1.0000, loss: 0.6716 ||:  48%|####7     | 47/98 [00:00<00:00, 71.24it/s]
accuracy: 0.8265, accuracy3: 1.0000, loss: 0.6566 ||:  55%|#####5    | 54/98 [00:00<00:00, 70.41it/s]
accuracy: 0.8312, accuracy3: 1.0000, loss: 0.6518 ||:  63%|######3   | 62/98 [00:00<00:00, 72.35it/s]
accuracy: 0.8318, accuracy3: 1.0000, loss: 0.6484 ||:  70%|#######   | 69/98 [00:00<00:00, 70.81it/s]
accuracy: 0.8304, accuracy3: 1.0000, loss: 0.6390 ||:  79%|#######8  | 77/98 [00:01<00:00, 70.80it/s]
accuracy: 0.8330, accuracy3: 1.0000, loss: 0.6477 ||:  87%|########6 | 85/98 [00:01<00:00, 69.55it/s]
accuracy: 0.8376, accuracy3: 1.0000, loss: 0.6637 ||:  95%|#########4| 93/98 [00:01<00:00, 70.02it/s]
accuracy: 0.8383, accuracy3: 1.0000, loss: 0.6602 ||: 100%|##########| 98/98 [00:01<00:00, 71.15it/s]

  0%|          | 0/184 [00:00<?, ?it/s]
accuracy: 0.8048, accuracy3: 1.0000, loss: 0.5726 ||:   3%|2         | 5/184 [00:00<00:04, 42.34it/s]
accuracy: 0.8159, accuracy3: 1.0000, loss: 0.5409 ||:   6%|5         | 11/184 [00:00<00:03, 43.94it/s]
accuracy: 0.8211, accuracy3: 1.0000, loss: 0.5300 ||:   9%|8         | 16/184 [00:00<00:03, 45.15it/s]
accuracy: 0.8234, accuracy3: 1.0000, loss: 0.5292 ||:  12%|#1        | 22/184 [00:00<00:03, 47.82it/s]
accuracy: 0.8221, accuracy3: 1.0000, loss: 0.5330 ||:  15%|#4        | 27/184 [00:00<00:03, 48.24it/s]
accuracy: 0.8238, accuracy3: 1.0000, loss: 0.5368 ||:  17%|#7        | 32/184 [00:00<00:03, 46.60it/s]
accuracy: 0.8267, accuracy3: 1.0000, loss: 0.5383 ||:  20%|##        | 37/184 [00:00<00:03, 45.97it/s]
accuracy: 0.8293, accuracy3: 1.0000, loss: 0.5366 ||:  23%|##3       | 43/184 [00:00<00:03, 46.46it/s]
accuracy: 0.8290, accuracy3: 1.0000, loss: 0.5372 ||:  26%|##6       | 48/184 [00:01<00:02, 46.28it/s]
accuracy: 0.8286, accuracy3: 1.0000, loss: 0.5396 ||:  29%|##8       | 53/184 [00:01<00:02, 45.54it/s]
accuracy: 0.8306, accuracy3: 1.0000, loss: 0.5398 ||:  32%|###1      | 58/184 [00:01<00:02, 45.48it/s]
accuracy: 0.8295, accuracy3: 1.0000, loss: 0.5394 ||:  34%|###4      | 63/184 [00:01<00:02, 46.22it/s]
accuracy: 0.8288, accuracy3: 1.0000, loss: 0.5408 ||:  37%|###6      | 68/184 [00:01<00:02, 46.16it/s]
accuracy: 0.8281, accuracy3: 1.0000, loss: 0.5415 ||:  40%|###9      | 73/184 [00:01<00:02, 45.23it/s]
accuracy: 0.8281, accuracy3: 1.0000, loss: 0.5415 ||:  42%|####2     | 78/184 [00:01<00:02, 46.34it/s]
accuracy: 0.8285, accuracy3: 1.0000, loss: 0.5419 ||:  45%|####5     | 83/184 [00:01<00:02, 46.45it/s]
accuracy: 0.8278, accuracy3: 1.0000, loss: 0.5408 ||:  48%|####7     | 88/184 [00:01<00:02, 46.09it/s]
accuracy: 0.8282, accuracy3: 1.0000, loss: 0.5422 ||:  51%|#####     | 93/184 [00:01<00:01, 46.38it/s]
accuracy: 0.8283, accuracy3: 1.0000, loss: 0.5414 ||:  53%|#####3    | 98/184 [00:02<00:01, 46.34it/s]
accuracy: 0.8274, accuracy3: 1.0000, loss: 0.5424 ||:  56%|#####5    | 103/184 [00:02<00:01, 46.13it/s]
accuracy: 0.8277, accuracy3: 1.0000, loss: 0.5415 ||:  59%|#####8    | 108/184 [00:02<00:01, 46.85it/s]
accuracy: 0.8272, accuracy3: 1.0000, loss: 0.5412 ||:  61%|######1   | 113/184 [00:02<00:01, 45.67it/s]
accuracy: 0.8263, accuracy3: 1.0000, loss: 0.5426 ||:  64%|######4   | 118/184 [00:02<00:01, 45.55it/s]
accuracy: 0.8263, accuracy3: 1.0000, loss: 0.5416 ||:  67%|######7   | 124/184 [00:02<00:01, 45.47it/s]
accuracy: 0.8266, accuracy3: 1.0000, loss: 0.5425 ||:  70%|#######   | 129/184 [00:02<00:01, 44.73it/s]
accuracy: 0.8270, accuracy3: 1.0000, loss: 0.5423 ||:  73%|#######2  | 134/184 [00:02<00:01, 44.49it/s]
accuracy: 0.8265, accuracy3: 1.0000, loss: 0.5420 ||:  76%|#######6  | 140/184 [00:03<00:00, 46.60it/s]
accuracy: 0.8264, accuracy3: 1.0000, loss: 0.5407 ||:  79%|#######8  | 145/184 [00:03<00:00, 45.61it/s]
accuracy: 0.8265, accuracy3: 1.0000, loss: 0.5408 ||:  82%|########1 | 150/184 [00:03<00:00, 43.69it/s]
accuracy: 0.8264, accuracy3: 1.0000, loss: 0.5411 ||:  84%|########4 | 155/184 [00:03<00:00, 44.21it/s]
accuracy: 0.8268, accuracy3: 1.0000, loss: 0.5410 ||:  87%|########6 | 160/184 [00:03<00:00, 43.51it/s]
accuracy: 0.8268, accuracy3: 1.0000, loss: 0.5408 ||:  90%|########9 | 165/184 [00:03<00:00, 44.50it/s]
accuracy: 0.8269, accuracy3: 1.0000, loss: 0.5404 ||:  92%|#########2| 170/184 [00:03<00:00, 45.35it/s]
accuracy: 0.8265, accuracy3: 1.0000, loss: 0.5414 ||:  95%|#########5| 175/184 [00:03<00:00, 45.17it/s]
accuracy: 0.8261, accuracy3: 1.0000, loss: 0.5412 ||:  98%|#########7| 180/184 [00:03<00:00, 45.15it/s]
accuracy: 0.8264, accuracy3: 1.0000, loss: 0.5409 ||: 100%|##########| 184/184 [00:04<00:00, 45.95it/s]

  0%|          | 0/98 [00:00<?, ?it/s]
accuracy: 0.8254, accuracy3: 1.0000, loss: 0.5977 ||:   7%|7         | 7/98 [00:00<00:01, 67.78it/s]
accuracy: 0.8190, accuracy3: 1.0000, loss: 0.6897 ||:  15%|#5        | 15/98 [00:00<00:01, 68.83it/s]
accuracy: 0.8138, accuracy3: 1.0000, loss: 0.6509 ||:  23%|##3       | 23/98 [00:00<00:01, 69.70it/s]
accuracy: 0.8065, accuracy3: 1.0000, loss: 0.6222 ||:  31%|###       | 30/98 [00:00<00:00, 69.62it/s]
accuracy: 0.8239, accuracy3: 1.0000, loss: 0.6540 ||:  39%|###8      | 38/98 [00:00<00:00, 69.46it/s]
accuracy: 0.8259, accuracy3: 1.0000, loss: 0.6752 ||:  46%|####5     | 45/98 [00:00<00:00, 68.63it/s]
accuracy: 0.8283, accuracy3: 1.0000, loss: 0.6570 ||:  54%|#####4    | 53/98 [00:00<00:00, 69.34it/s]
accuracy: 0.8310, accuracy3: 1.0000, loss: 0.6454 ||:  61%|######1   | 60/98 [00:00<00:00, 65.34it/s]
accuracy: 0.8360, accuracy3: 1.0000, loss: 0.6483 ||:  69%|######9   | 68/98 [00:00<00:00, 68.03it/s]
accuracy: 0.8322, accuracy3: 1.0000, loss: 0.6379 ||:  78%|#######7  | 76/98 [00:01<00:00, 68.80it/s]
accuracy: 0.8333, accuracy3: 1.0000, loss: 0.6468 ||:  85%|########4 | 83/98 [00:01<00:00, 68.15it/s]
accuracy: 0.8370, accuracy3: 1.0000, loss: 0.6605 ||:  93%|#########2| 91/98 [00:01<00:00, 70.40it/s]
accuracy: 0.8399, accuracy3: 1.0000, loss: 0.6579 ||: 100%|##########| 98/98 [00:01<00:00, 70.18it/s]

  0%|          | 0/184 [00:00<?, ?it/s]
accuracy: 0.8035, accuracy3: 1.0000, loss: 0.5704 ||:   3%|2         | 5/184 [00:00<00:03, 45.42it/s]
accuracy: 0.8196, accuracy3: 1.0000, loss: 0.5707 ||:   5%|5         | 10/184 [00:00<00:03, 44.35it/s]
accuracy: 0.8201, accuracy3: 1.0000, loss: 0.5522 ||:   8%|8         | 15/184 [00:00<00:03, 45.46it/s]
accuracy: 0.8241, accuracy3: 1.0000, loss: 0.5482 ||:  11%|#         | 20/184 [00:00<00:03, 44.10it/s]
accuracy: 0.8274, accuracy3: 1.0000, loss: 0.5505 ||:  14%|#3        | 25/184 [00:00<00:03, 45.63it/s]
accuracy: 0.8277, accuracy3: 1.0000, loss: 0.5523 ||:  16%|#6        | 30/184 [00:00<00:03, 45.85it/s]
accuracy: 0.8290, accuracy3: 1.0000, loss: 0.5518 ||:  19%|#9        | 35/184 [00:00<00:03, 43.69it/s]
accuracy: 0.8289, accuracy3: 1.0000, loss: 0.5481 ||:  22%|##1       | 40/184 [00:00<00:03, 45.27it/s]
accuracy: 0.8278, accuracy3: 1.0000, loss: 0.5500 ||:  25%|##5       | 46/184 [00:01<00:02, 47.33it/s]
accuracy: 0.8283, accuracy3: 1.0000, loss: 0.5433 ||:  28%|##8       | 52/184 [00:01<00:02, 47.23it/s]
accuracy: 0.8276, accuracy3: 1.0000, loss: 0.5465 ||:  32%|###1      | 58/184 [00:01<00:02, 47.90it/s]
accuracy: 0.8274, accuracy3: 1.0000, loss: 0.5453 ||:  34%|###4      | 63/184 [00:01<00:02, 47.88it/s]
accuracy: 0.8278, accuracy3: 1.0000, loss: 0.5440 ||:  37%|###6      | 68/184 [00:01<00:02, 42.64it/s]
accuracy: 0.8277, accuracy3: 1.0000, loss: 0.5436 ||:  40%|###9      | 73/184 [00:01<00:02, 40.97it/s]
accuracy: 0.8276, accuracy3: 1.0000, loss: 0.5437 ||:  43%|####2     | 79/184 [00:01<00:02, 44.13it/s]
accuracy: 0.8268, accuracy3: 1.0000, loss: 0.5441 ||:  46%|####5     | 84/184 [00:01<00:02, 44.02it/s]
accuracy: 0.8268, accuracy3: 1.0000, loss: 0.5409 ||:  48%|####8     | 89/184 [00:01<00:02, 44.34it/s]
accuracy: 0.8261, accuracy3: 1.0000, loss: 0.5419 ||:  52%|#####1    | 95/184 [00:02<00:01, 45.89it/s]
accuracy: 0.8263, accuracy3: 1.0000, loss: 0.5430 ||:  54%|#####4    | 100/184 [00:02<00:01, 46.59it/s]
accuracy: 0.8265, accuracy3: 1.0000, loss: 0.5434 ||:  57%|#####7    | 105/184 [00:02<00:01, 47.41it/s]
accuracy: 0.8264, accuracy3: 1.0000, loss: 0.5435 ||:  60%|######    | 111/184 [00:02<00:01, 48.85it/s]
accuracy: 0.8266, accuracy3: 1.0000, loss: 0.5426 ||:  63%|######3   | 116/184 [00:02<00:01, 47.31it/s]
accuracy: 0.8268, accuracy3: 1.0000, loss: 0.5429 ||:  66%|######5   | 121/184 [00:02<00:01, 47.37it/s]
accuracy: 0.8271, accuracy3: 1.0000, loss: 0.5421 ||:  68%|######8   | 126/184 [00:02<00:01, 47.80it/s]
accuracy: 0.8275, accuracy3: 1.0000, loss: 0.5425 ||:  71%|#######1  | 131/184 [00:02<00:01, 47.94it/s]
accuracy: 0.8269, accuracy3: 1.0000, loss: 0.5425 ||:  74%|#######4  | 137/184 [00:02<00:00, 48.10it/s]
accuracy: 0.8264, accuracy3: 1.0000, loss: 0.5434 ||:  77%|#######7  | 142/184 [00:03<00:00, 47.58it/s]
accuracy: 0.8270, accuracy3: 1.0000, loss: 0.5421 ||:  80%|########  | 148/184 [00:03<00:00, 49.58it/s]
accuracy: 0.8273, accuracy3: 1.0000, loss: 0.5424 ||:  83%|########3 | 153/184 [00:03<00:00, 46.16it/s]
accuracy: 0.8275, accuracy3: 1.0000, loss: 0.5424 ||:  86%|########6 | 159/184 [00:03<00:00, 47.10it/s]
accuracy: 0.8274, accuracy3: 1.0000, loss: 0.5425 ||:  89%|########9 | 164/184 [00:03<00:00, 44.40it/s]
accuracy: 0.8271, accuracy3: 1.0000, loss: 0.5423 ||:  92%|#########2| 170/184 [00:03<00:00, 45.88it/s]
accuracy: 0.8275, accuracy3: 1.0000, loss: 0.5418 ||:  96%|#########5| 176/184 [00:03<00:00, 47.76it/s]
accuracy: 0.8276, accuracy3: 1.0000, loss: 0.5408 ||:  99%|#########8| 182/184 [00:03<00:00, 48.76it/s]
accuracy: 0.8273, accuracy3: 1.0000, loss: 0.5406 ||: 100%|##########| 184/184 [00:03<00:00, 46.86it/s]

  0%|          | 0/98 [00:00<?, ?it/s]
accuracy: 0.8406, accuracy3: 1.0000, loss: 0.6717 ||:   9%|9         | 9/98 [00:00<00:01, 84.07it/s]
accuracy: 0.8220, accuracy3: 1.0000, loss: 0.6736 ||:  18%|#8        | 18/98 [00:00<00:00, 83.69it/s]
accuracy: 0.8110, accuracy3: 1.0000, loss: 0.6382 ||:  27%|##6       | 26/98 [00:00<00:00, 80.89it/s]
accuracy: 0.8178, accuracy3: 1.0000, loss: 0.6367 ||:  36%|###5      | 35/98 [00:00<00:00, 81.45it/s]
accuracy: 0.8265, accuracy3: 1.0000, loss: 0.6787 ||:  45%|####4     | 44/98 [00:00<00:00, 81.57it/s]
accuracy: 0.8274, accuracy3: 1.0000, loss: 0.6589 ||:  53%|#####3    | 52/98 [00:00<00:00, 78.63it/s]
accuracy: 0.8320, accuracy3: 1.0000, loss: 0.6485 ||:  62%|######2   | 61/98 [00:00<00:00, 79.64it/s]
accuracy: 0.8337, accuracy3: 1.0000, loss: 0.6478 ||:  70%|#######   | 69/98 [00:00<00:00, 79.50it/s]
accuracy: 0.8324, accuracy3: 1.0000, loss: 0.6385 ||:  79%|#######8  | 77/98 [00:00<00:00, 78.73it/s]
accuracy: 0.8347, accuracy3: 1.0000, loss: 0.6472 ||:  87%|########6 | 85/98 [00:01<00:00, 77.53it/s]
accuracy: 0.8394, accuracy3: 1.0000, loss: 0.6632 ||:  96%|#########5| 94/98 [00:01<00:00, 78.81it/s]
accuracy: 0.8399, accuracy3: 1.0000, loss: 0.6597 ||: 100%|##########| 98/98 [00:01<00:00, 80.00it/s]

  0%|          | 0/184 [00:00<?, ?it/s]
accuracy: 0.8242, accuracy3: 1.0000, loss: 0.5217 ||:   2%|2         | 4/184 [00:00<00:04, 36.69it/s]
accuracy: 0.8163, accuracy3: 1.0000, loss: 0.5695 ||:   5%|4         | 9/184 [00:00<00:04, 39.57it/s]
accuracy: 0.8289, accuracy3: 1.0000, loss: 0.5592 ||:   8%|8         | 15/184 [00:00<00:04, 41.28it/s]
accuracy: 0.8295, accuracy3: 1.0000, loss: 0.5523 ||:  11%|#         | 20/184 [00:00<00:03, 42.81it/s]
accuracy: 0.8348, accuracy3: 1.0000, loss: 0.5472 ||:  15%|#4        | 27/184 [00:00<00:03, 46.78it/s]
accuracy: 0.8368, accuracy3: 1.0000, loss: 0.5430 ||:  18%|#7        | 33/184 [00:00<00:03, 48.68it/s]
accuracy: 0.8337, accuracy3: 1.0000, loss: 0.5465 ||:  21%|##        | 38/184 [00:00<00:03, 48.16it/s]
accuracy: 0.8338, accuracy3: 1.0000, loss: 0.5408 ||:  23%|##3       | 43/184 [00:00<00:02, 47.93it/s]
accuracy: 0.8331, accuracy3: 1.0000, loss: 0.5378 ||:  27%|##6       | 49/184 [00:01<00:02, 49.67it/s]
accuracy: 0.8331, accuracy3: 1.0000, loss: 0.5360 ||:  30%|##9       | 55/184 [00:01<00:02, 50.38it/s]
accuracy: 0.8337, accuracy3: 1.0000, loss: 0.5386 ||:  34%|###3      | 62/184 [00:01<00:02, 53.21it/s]
accuracy: 0.8336, accuracy3: 1.0000, loss: 0.5371 ||:  37%|###6      | 68/184 [00:01<00:02, 50.92it/s]
accuracy: 0.8315, accuracy3: 1.0000, loss: 0.5392 ||:  40%|####      | 74/184 [00:01<00:02, 44.51it/s]
accuracy: 0.8298, accuracy3: 1.0000, loss: 0.5392 ||:  43%|####3     | 80/184 [00:01<00:02, 47.66it/s]
accuracy: 0.8305, accuracy3: 1.0000, loss: 0.5385 ||:  46%|####6     | 85/184 [00:01<00:02, 47.42it/s]
accuracy: 0.8296, accuracy3: 1.0000, loss: 0.5380 ||:  49%|####9     | 91/184 [00:01<00:01, 49.37it/s]
accuracy: 0.8288, accuracy3: 1.0000, loss: 0.5389 ||:  53%|#####2    | 97/184 [00:01<00:01, 50.51it/s]
accuracy: 0.8291, accuracy3: 1.0000, loss: 0.5376 ||:  56%|#####5    | 103/184 [00:02<00:01, 52.61it/s]
accuracy: 0.8286, accuracy3: 1.0000, loss: 0.5395 ||:  59%|#####9    | 109/184 [00:02<00:01, 51.39it/s]
accuracy: 0.8282, accuracy3: 1.0000, loss: 0.5384 ||:  62%|######2   | 115/184 [00:02<00:01, 51.25it/s]
accuracy: 0.8282, accuracy3: 1.0000, loss: 0.5367 ||:  66%|######5   | 121/184 [00:02<00:01, 49.01it/s]
accuracy: 0.8282, accuracy3: 1.0000, loss: 0.5380 ||:  69%|######9   | 127/184 [00:02<00:01, 50.77it/s]
accuracy: 0.8279, accuracy3: 1.0000, loss: 0.5381 ||:  72%|#######2  | 133/184 [00:02<00:00, 51.18it/s]
accuracy: 0.8280, accuracy3: 1.0000, loss: 0.5396 ||:  76%|#######5  | 139/184 [00:02<00:00, 49.41it/s]
accuracy: 0.8288, accuracy3: 1.0000, loss: 0.5387 ||:  79%|#######8  | 145/184 [00:02<00:00, 50.33it/s]
accuracy: 0.8286, accuracy3: 1.0000, loss: 0.5394 ||:  82%|########2 | 151/184 [00:03<00:00, 51.00it/s]
accuracy: 0.8283, accuracy3: 1.0000, loss: 0.5409 ||:  85%|########5 | 157/184 [00:03<00:00, 52.10it/s]
accuracy: 0.8281, accuracy3: 1.0000, loss: 0.5412 ||:  89%|########8 | 163/184 [00:03<00:00, 50.70it/s]
accuracy: 0.8277, accuracy3: 1.0000, loss: 0.5404 ||:  92%|#########1| 169/184 [00:03<00:00, 52.69it/s]
accuracy: 0.8276, accuracy3: 1.0000, loss: 0.5392 ||:  95%|#########5| 175/184 [00:03<00:00, 50.50it/s]
accuracy: 0.8273, accuracy3: 1.0000, loss: 0.5405 ||:  98%|#########8| 181/184 [00:03<00:00, 49.41it/s]
accuracy: 0.8274, accuracy3: 1.0000, loss: 0.5406 ||: 100%|##########| 184/184 [00:03<00:00, 49.98it/s]

  0%|          | 0/98 [00:00<?, ?it/s]
accuracy: 0.8361, accuracy3: 1.0000, loss: 0.6421 ||:   8%|8         | 8/98 [00:00<00:01, 74.60it/s]
accuracy: 0.8203, accuracy3: 1.0000, loss: 0.6707 ||:  17%|#7        | 17/98 [00:00<00:01, 76.06it/s]
accuracy: 0.8110, accuracy3: 1.0000, loss: 0.6354 ||:  27%|##6       | 26/98 [00:00<00:00, 77.66it/s]
accuracy: 0.8158, accuracy3: 1.0000, loss: 0.6320 ||:  35%|###4      | 34/98 [00:00<00:00, 77.92it/s]
accuracy: 0.8262, accuracy3: 1.0000, loss: 0.6786 ||:  43%|####2     | 42/98 [00:00<00:00, 77.99it/s]
accuracy: 0.8272, accuracy3: 1.0000, loss: 0.6620 ||:  51%|#####1    | 50/98 [00:00<00:00, 77.28it/s]
accuracy: 0.8309, accuracy3: 1.0000, loss: 0.6424 ||:  59%|#####9    | 58/98 [00:00<00:00, 76.67it/s]
accuracy: 0.8377, accuracy3: 1.0000, loss: 0.6503 ||:  67%|######7   | 66/98 [00:00<00:00, 76.15it/s]
accuracy: 0.8324, accuracy3: 1.0000, loss: 0.6396 ||:  76%|#######5  | 74/98 [00:00<00:00, 77.07it/s]
accuracy: 0.8330, accuracy3: 1.0000, loss: 0.6446 ||:  84%|########3 | 82/98 [00:01<00:00, 74.15it/s]
accuracy: 0.8364, accuracy3: 1.0000, loss: 0.6585 ||:  92%|#########1| 90/98 [00:01<00:00, 74.51it/s]
accuracy: 0.8399, accuracy3: 1.0000, loss: 0.6566 ||: 100%|##########| 98/98 [00:01<00:00, 76.02it/s]

  0%|          | 0/184 [00:00<?, ?it/s]
accuracy: 0.8181, accuracy3: 1.0000, loss: 0.6018 ||:   3%|2         | 5/184 [00:00<00:04, 42.62it/s]
accuracy: 0.8285, accuracy3: 1.0000, loss: 0.5620 ||:   6%|5         | 11/184 [00:00<00:03, 45.01it/s]
accuracy: 0.8267, accuracy3: 1.0000, loss: 0.5462 ||:   9%|9         | 17/184 [00:00<00:03, 46.74it/s]
accuracy: 0.8274, accuracy3: 1.0000, loss: 0.5493 ||:  12%|#1        | 22/184 [00:00<00:03, 47.64it/s]
accuracy: 0.8250, accuracy3: 1.0000, loss: 0.5462 ||:  15%|#4        | 27/184 [00:00<00:03, 47.44it/s]
accuracy: 0.8242, accuracy3: 1.0000, loss: 0.5500 ||:  17%|#7        | 32/184 [00:00<00:03, 48.00it/s]
accuracy: 0.8234, accuracy3: 1.0000, loss: 0.5484 ||:  21%|##        | 38/184 [00:00<00:02, 48.80it/s]
accuracy: 0.8257, accuracy3: 1.0000, loss: 0.5443 ||:  24%|##3       | 44/184 [00:00<00:02, 50.74it/s]
accuracy: 0.8258, accuracy3: 1.0000, loss: 0.5471 ||:  27%|##7       | 50/184 [00:00<00:02, 51.13it/s]
accuracy: 0.8249, accuracy3: 1.0000, loss: 0.5473 ||:  30%|##9       | 55/184 [00:01<00:02, 49.85it/s]
accuracy: 0.8249, accuracy3: 1.0000, loss: 0.5485 ||:  33%|###3      | 61/184 [00:01<00:02, 51.25it/s]
accuracy: 0.8252, accuracy3: 1.0000, loss: 0.5471 ||:  36%|###6      | 67/184 [00:01<00:02, 50.98it/s]
accuracy: 0.8242, accuracy3: 1.0000, loss: 0.5484 ||:  40%|###9      | 73/184 [00:01<00:02, 50.83it/s]
accuracy: 0.8260, accuracy3: 1.0000, loss: 0.5461 ||:  43%|####2     | 79/184 [00:01<00:02, 50.00it/s]
accuracy: 0.8261, accuracy3: 1.0000, loss: 0.5425 ||:  46%|####6     | 85/184 [00:01<00:01, 51.14it/s]
accuracy: 0.8271, accuracy3: 1.0000, loss: 0.5412 ||:  49%|####9     | 91/184 [00:01<00:01, 52.45it/s]
accuracy: 0.8265, accuracy3: 1.0000, loss: 0.5419 ||:  53%|#####2    | 97/184 [00:01<00:01, 48.15it/s]
accuracy: 0.8273, accuracy3: 1.0000, loss: 0.5397 ||:  56%|#####5    | 103/184 [00:02<00:01, 49.92it/s]
accuracy: 0.8271, accuracy3: 1.0000, loss: 0.5401 ||:  59%|#####9    | 109/184 [00:02<00:01, 48.74it/s]
accuracy: 0.8268, accuracy3: 1.0000, loss: 0.5407 ||:  62%|######2   | 115/184 [00:02<00:01, 50.98it/s]
accuracy: 0.8272, accuracy3: 1.0000, loss: 0.5422 ||:  66%|######5   | 121/184 [00:02<00:01, 49.60it/s]
accuracy: 0.8274, accuracy3: 1.0000, loss: 0.5408 ||:  69%|######9   | 127/184 [00:02<00:01, 48.29it/s]
accuracy: 0.8275, accuracy3: 1.0000, loss: 0.5434 ||:  72%|#######1  | 132/184 [00:02<00:01, 47.66it/s]
accuracy: 0.8263, accuracy3: 1.0000, loss: 0.5435 ||:  75%|#######5  | 138/184 [00:02<00:00, 49.25it/s]
accuracy: 0.8260, accuracy3: 1.0000, loss: 0.5428 ||:  78%|#######8  | 144/184 [00:02<00:00, 50.58it/s]
accuracy: 0.8262, accuracy3: 1.0000, loss: 0.5410 ||:  82%|########1 | 150/184 [00:03<00:00, 48.79it/s]
accuracy: 0.8256, accuracy3: 1.0000, loss: 0.5409 ||:  84%|########4 | 155/184 [00:03<00:00, 48.22it/s]
accuracy: 0.8261, accuracy3: 1.0000, loss: 0.5405 ||:  88%|########7 | 161/184 [00:03<00:00, 50.62it/s]
accuracy: 0.8256, accuracy3: 1.0000, loss: 0.5412 ||:  91%|######### | 167/184 [00:03<00:00, 50.93it/s]
accuracy: 0.8262, accuracy3: 1.0000, loss: 0.5405 ||:  94%|#########4| 173/184 [00:03<00:00, 50.80it/s]
accuracy: 0.8270, accuracy3: 1.0000, loss: 0.5402 ||:  97%|#########7| 179/184 [00:03<00:00, 48.44it/s]
accuracy: 0.8275, accuracy3: 1.0000, loss: 0.5412 ||: 100%|##########| 184/184 [00:03<00:00, 49.83it/s]

  0%|          | 0/98 [00:00<?, ?it/s]
accuracy: 0.8361, accuracy3: 1.0000, loss: 0.6449 ||:   8%|8         | 8/98 [00:00<00:01, 79.26it/s]
accuracy: 0.8203, accuracy3: 1.0000, loss: 0.6746 ||:  17%|#7        | 17/98 [00:00<00:01, 79.99it/s]
accuracy: 0.8110, accuracy3: 1.0000, loss: 0.6385 ||:  27%|##6       | 26/98 [00:00<00:00, 79.30it/s]
accuracy: 0.8178, accuracy3: 1.0000, loss: 0.6371 ||:  36%|###5      | 35/98 [00:00<00:00, 79.59it/s]
accuracy: 0.8265, accuracy3: 1.0000, loss: 0.6809 ||:  44%|####3     | 43/98 [00:00<00:00, 78.34it/s]
accuracy: 0.8272, accuracy3: 1.0000, loss: 0.6660 ||:  51%|#####1    | 50/98 [00:00<00:00, 74.51it/s]
accuracy: 0.8309, accuracy3: 1.0000, loss: 0.6456 ||:  59%|#####9    | 58/98 [00:00<00:00, 74.20it/s]
accuracy: 0.8366, accuracy3: 1.0000, loss: 0.6523 ||:  68%|######8   | 67/98 [00:00<00:00, 75.51it/s]
accuracy: 0.8319, accuracy3: 1.0000, loss: 0.6416 ||:  77%|#######6  | 75/98 [00:01<00:00, 67.22it/s]
accuracy: 0.8336, accuracy3: 1.0000, loss: 0.6502 ||:  86%|########5 | 84/98 [00:01<00:00, 71.41it/s]
accuracy: 0.8382, accuracy3: 1.0000, loss: 0.6626 ||:  94%|#########3| 92/98 [00:01<00:00, 71.59it/s]
accuracy: 0.8399, accuracy3: 1.0000, loss: 0.6604 ||: 100%|##########| 98/98 [00:01<00:00, 73.85it/s]

  0%|          | 0/184 [00:00<?, ?it/s]
accuracy: 0.8300, accuracy3: 1.0000, loss: 0.5428 ||:   3%|2         | 5/184 [00:00<00:04, 42.39it/s]
accuracy: 0.8286, accuracy3: 1.0000, loss: 0.5599 ||:   5%|5         | 10/184 [00:00<00:04, 43.17it/s]
accuracy: 0.8244, accuracy3: 1.0000, loss: 0.5506 ||:   8%|8         | 15/184 [00:00<00:03, 43.34it/s]
accuracy: 0.8299, accuracy3: 1.0000, loss: 0.5408 ||:  11%|#1        | 21/184 [00:00<00:03, 46.14it/s]
accuracy: 0.8265, accuracy3: 1.0000, loss: 0.5396 ||:  15%|#4        | 27/184 [00:00<00:03, 46.38it/s]
accuracy: 0.8251, accuracy3: 1.0000, loss: 0.5455 ||:  18%|#7        | 33/184 [00:00<00:03, 48.18it/s]
accuracy: 0.8249, accuracy3: 1.0000, loss: 0.5431 ||:  21%|##        | 38/184 [00:00<00:03, 48.66it/s]
accuracy: 0.8261, accuracy3: 1.0000, loss: 0.5430 ||:  24%|##3       | 44/184 [00:00<00:02, 50.36it/s]
accuracy: 0.8242, accuracy3: 1.0000, loss: 0.5441 ||:  27%|##7       | 50/184 [00:01<00:02, 51.56it/s]
accuracy: 0.8248, accuracy3: 1.0000, loss: 0.5433 ||:  30%|###       | 56/184 [00:01<00:02, 48.19it/s]
accuracy: 0.8239, accuracy3: 1.0000, loss: 0.5441 ||:  34%|###3      | 62/184 [00:01<00:02, 48.22it/s]
accuracy: 0.8262, accuracy3: 1.0000, loss: 0.5429 ||:  36%|###6      | 67/184 [00:01<00:02, 48.67it/s]
accuracy: 0.8278, accuracy3: 1.0000, loss: 0.5405 ||:  40%|###9      | 73/184 [00:01<00:02, 49.37it/s]
accuracy: 0.8283, accuracy3: 1.0000, loss: 0.5397 ||:  43%|####2     | 79/184 [00:01<00:02, 50.64it/s]
accuracy: 0.8288, accuracy3: 1.0000, loss: 0.5393 ||:  46%|####6     | 85/184 [00:01<00:01, 51.90it/s]
accuracy: 0.8280, accuracy3: 1.0000, loss: 0.5397 ||:  49%|####9     | 91/184 [00:01<00:01, 50.93it/s]
accuracy: 0.8281, accuracy3: 1.0000, loss: 0.5406 ||:  53%|#####2    | 97/184 [00:01<00:01, 50.25it/s]
accuracy: 0.8282, accuracy3: 1.0000, loss: 0.5397 ||:  56%|#####5    | 103/184 [00:02<00:01, 49.98it/s]
accuracy: 0.8279, accuracy3: 1.0000, loss: 0.5423 ||:  59%|#####9    | 109/184 [00:02<00:01, 51.14it/s]
accuracy: 0.8281, accuracy3: 1.0000, loss: 0.5433 ||:  62%|######2   | 115/184 [00:02<00:01, 47.69it/s]
accuracy: 0.8281, accuracy3: 1.0000, loss: 0.5436 ||:  66%|######5   | 121/184 [00:02<00:01, 49.40it/s]
accuracy: 0.8278, accuracy3: 1.0000, loss: 0.5441 ||:  70%|######9   | 128/184 [00:02<00:01, 52.82it/s]
accuracy: 0.8280, accuracy3: 1.0000, loss: 0.5442 ||:  73%|#######2  | 134/184 [00:02<00:00, 50.77it/s]
accuracy: 0.8277, accuracy3: 1.0000, loss: 0.5436 ||:  76%|#######6  | 140/184 [00:02<00:00, 51.46it/s]
accuracy: 0.8279, accuracy3: 1.0000, loss: 0.5419 ||:  79%|#######9  | 146/184 [00:02<00:00, 49.93it/s]
accuracy: 0.8280, accuracy3: 1.0000, loss: 0.5407 ||:  83%|########2 | 152/184 [00:03<00:00, 48.44it/s]
accuracy: 0.8288, accuracy3: 1.0000, loss: 0.5413 ||:  86%|########5 | 158/184 [00:03<00:00, 49.82it/s]
accuracy: 0.8287, accuracy3: 1.0000, loss: 0.5413 ||:  89%|########9 | 164/184 [00:03<00:00, 50.61it/s]
accuracy: 0.8291, accuracy3: 1.0000, loss: 0.5410 ||:  92%|#########2| 170/184 [00:03<00:00, 49.41it/s]
accuracy: 0.8292, accuracy3: 1.0000, loss: 0.5402 ||:  96%|#########5| 176/184 [00:03<00:00, 51.09it/s]
accuracy: 0.8286, accuracy3: 1.0000, loss: 0.5403 ||:  99%|#########8| 182/184 [00:03<00:00, 50.46it/s]
accuracy: 0.8285, accuracy3: 1.0000, loss: 0.5402 ||: 100%|##########| 184/184 [00:03<00:00, 49.79it/s]

  0%|          | 0/98 [00:00<?, ?it/s]
accuracy: 0.8406, accuracy3: 1.0000, loss: 0.6717 ||:   9%|9         | 9/98 [00:00<00:01, 86.96it/s]
accuracy: 0.8203, accuracy3: 1.0000, loss: 0.6744 ||:  17%|#7        | 17/98 [00:00<00:00, 83.27it/s]
accuracy: 0.8131, accuracy3: 1.0000, loss: 0.6407 ||:  26%|##5       | 25/98 [00:00<00:00, 81.55it/s]
accuracy: 0.8138, accuracy3: 1.0000, loss: 0.6313 ||:  34%|###3      | 33/98 [00:00<00:00, 80.33it/s]
accuracy: 0.8262, accuracy3: 1.0000, loss: 0.6828 ||:  43%|####2     | 42/98 [00:00<00:00, 80.38it/s]
accuracy: 0.8272, accuracy3: 1.0000, loss: 0.6656 ||:  51%|#####1    | 50/98 [00:00<00:00, 78.61it/s]
accuracy: 0.8309, accuracy3: 1.0000, loss: 0.6453 ||:  59%|#####9    | 58/98 [00:00<00:00, 76.22it/s]
accuracy: 0.8366, accuracy3: 1.0000, loss: 0.6519 ||:  68%|######8   | 67/98 [00:00<00:00, 78.43it/s]
accuracy: 0.8322, accuracy3: 1.0000, loss: 0.6397 ||:  78%|#######7  | 76/98 [00:00<00:00, 78.96it/s]
accuracy: 0.8336, accuracy3: 1.0000, loss: 0.6499 ||:  86%|########5 | 84/98 [00:01<00:00, 74.73it/s]
accuracy: 0.8392, accuracy3: 1.0000, loss: 0.6633 ||:  95%|#########4| 93/98 [00:01<00:00, 75.95it/s]
accuracy: 0.8399, accuracy3: 1.0000, loss: 0.6601 ||: 100%|##########| 98/98 [00:01<00:00, 77.72it/s]

  0%|          | 0/184 [00:00<?, ?it/s]
accuracy: 0.8271, accuracy3: 1.0000, loss: 0.5207 ||:   3%|2         | 5/184 [00:00<00:03, 48.35it/s]
accuracy: 0.8354, accuracy3: 1.0000, loss: 0.5283 ||:   5%|5         | 10/184 [00:00<00:03, 47.54it/s]
accuracy: 0.8322, accuracy3: 1.0000, loss: 0.5294 ||:   9%|8         | 16/184 [00:00<00:03, 49.13it/s]
accuracy: 0.8281, accuracy3: 1.0000, loss: 0.5277 ||:  11%|#1        | 21/184 [00:00<00:03, 47.96it/s]
accuracy: 0.8281, accuracy3: 1.0000, loss: 0.5334 ||:  15%|#4        | 27/184 [00:00<00:03, 48.98it/s]
accuracy: 0.8290, accuracy3: 1.0000, loss: 0.5385 ||:  17%|#7        | 32/184 [00:00<00:03, 48.15it/s]
accuracy: 0.8274, accuracy3: 1.0000, loss: 0.5372 ||:  20%|##        | 37/184 [00:00<00:03, 47.60it/s]
accuracy: 0.8277, accuracy3: 1.0000, loss: 0.5395 ||:  23%|##3       | 43/184 [00:00<00:02, 50.52it/s]
accuracy: 0.8283, accuracy3: 1.0000, loss: 0.5388 ||:  27%|##6       | 49/184 [00:00<00:02, 50.13it/s]
accuracy: 0.8295, accuracy3: 1.0000, loss: 0.5377 ||:  29%|##9       | 54/184 [00:01<00:02, 48.95it/s]
accuracy: 0.8291, accuracy3: 1.0000, loss: 0.5398 ||:  33%|###2      | 60/184 [00:01<00:02, 49.89it/s]
accuracy: 0.8287, accuracy3: 1.0000, loss: 0.5388 ||:  35%|###5      | 65/184 [00:01<00:02, 49.76it/s]
accuracy: 0.8274, accuracy3: 1.0000, loss: 0.5391 ||:  39%|###8      | 71/184 [00:01<00:02, 51.83it/s]
accuracy: 0.8270, accuracy3: 1.0000, loss: 0.5388 ||:  42%|####1     | 77/184 [00:01<00:02, 50.90it/s]
accuracy: 0.8269, accuracy3: 1.0000, loss: 0.5408 ||:  45%|####5     | 83/184 [00:01<00:02, 49.72it/s]
accuracy: 0.8273, accuracy3: 1.0000, loss: 0.5419 ||:  48%|####7     | 88/184 [00:01<00:02, 47.85it/s]
accuracy: 0.8277, accuracy3: 1.0000, loss: 0.5420 ||:  51%|#####     | 93/184 [00:01<00:01, 46.81it/s]
accuracy: 0.8264, accuracy3: 1.0000, loss: 0.5431 ||:  53%|#####3    | 98/184 [00:02<00:01, 46.68it/s]
accuracy: 0.8270, accuracy3: 1.0000, loss: 0.5419 ||:  57%|#####6    | 104/184 [00:02<00:01, 48.58it/s]
accuracy: 0.8282, accuracy3: 1.0000, loss: 0.5419 ||:  59%|#####9    | 109/184 [00:02<00:01, 48.35it/s]
accuracy: 0.8276, accuracy3: 1.0000, loss: 0.5421 ||:  62%|######2   | 115/184 [00:02<00:01, 50.67it/s]
accuracy: 0.8276, accuracy3: 1.0000, loss: 0.5413 ||:  66%|######5   | 121/184 [00:02<00:01, 48.75it/s]
accuracy: 0.8280, accuracy3: 1.0000, loss: 0.5404 ||:  69%|######9   | 127/184 [00:02<00:01, 50.47it/s]
accuracy: 0.8281, accuracy3: 1.0000, loss: 0.5409 ||:  72%|#######2  | 133/184 [00:02<00:01, 50.57it/s]
accuracy: 0.8266, accuracy3: 1.0000, loss: 0.5412 ||:  76%|#######5  | 139/184 [00:02<00:00, 49.50it/s]
accuracy: 0.8268, accuracy3: 1.0000, loss: 0.5410 ||:  78%|#######8  | 144/184 [00:02<00:00, 49.52it/s]
accuracy: 0.8275, accuracy3: 1.0000, loss: 0.5404 ||:  82%|########1 | 150/184 [00:03<00:00, 50.63it/s]
accuracy: 0.8277, accuracy3: 1.0000, loss: 0.5395 ||:  85%|########4 | 156/184 [00:03<00:00, 51.24it/s]
accuracy: 0.8278, accuracy3: 1.0000, loss: 0.5398 ||:  88%|########8 | 162/184 [00:03<00:00, 52.57it/s]
accuracy: 0.8276, accuracy3: 1.0000, loss: 0.5406 ||:  91%|#########1| 168/184 [00:03<00:00, 52.44it/s]
accuracy: 0.8282, accuracy3: 1.0000, loss: 0.5396 ||:  95%|#########4| 174/184 [00:03<00:00, 52.77it/s]
accuracy: 0.8280, accuracy3: 1.0000, loss: 0.5402 ||:  98%|#########7| 180/184 [00:03<00:00, 52.63it/s]
accuracy: 0.8278, accuracy3: 1.0000, loss: 0.5406 ||: 100%|##########| 184/184 [00:03<00:00, 50.20it/s]

  0%|          | 0/98 [00:00<?, ?it/s]
accuracy: 0.8406, accuracy3: 1.0000, loss: 0.6674 ||:   9%|9         | 9/98 [00:00<00:01, 86.70it/s]
accuracy: 0.8193, accuracy3: 1.0000, loss: 0.6797 ||:  16%|#6        | 16/98 [00:00<00:01, 77.19it/s]
accuracy: 0.8126, accuracy3: 1.0000, loss: 0.6402 ||:  24%|##4       | 24/98 [00:00<00:00, 74.31it/s]
accuracy: 0.8127, accuracy3: 1.0000, loss: 0.6238 ||:  33%|###2      | 32/98 [00:00<00:00, 75.29it/s]
accuracy: 0.8252, accuracy3: 1.0000, loss: 0.6709 ||:  42%|####1     | 41/98 [00:00<00:00, 77.95it/s]
accuracy: 0.8256, accuracy3: 1.0000, loss: 0.6638 ||:  50%|#####     | 49/98 [00:00<00:00, 76.53it/s]
accuracy: 0.8315, accuracy3: 1.0000, loss: 0.6412 ||:  58%|#####8    | 57/98 [00:00<00:00, 77.29it/s]
accuracy: 0.8377, accuracy3: 1.0000, loss: 0.6502 ||:  67%|######7   | 66/98 [00:00<00:00, 78.91it/s]
accuracy: 0.8324, accuracy3: 1.0000, loss: 0.6393 ||:  76%|#######5  | 74/98 [00:00<00:00, 77.45it/s]
accuracy: 0.8330, accuracy3: 1.0000, loss: 0.6444 ||:  84%|########3 | 82/98 [00:01<00:00, 75.63it/s]
accuracy: 0.8364, accuracy3: 1.0000, loss: 0.6582 ||:  92%|#########1| 90/98 [00:01<00:00, 73.77it/s]
accuracy: 0.8399, accuracy3: 1.0000, loss: 0.6563 ||: 100%|##########| 98/98 [00:01<00:00, 74.92it/s]

  0%|          | 0/184 [00:00<?, ?it/s]
accuracy: 0.8338, accuracy3: 1.0000, loss: 0.5233 ||:   3%|2         | 5/184 [00:00<00:04, 44.51it/s]
accuracy: 0.8354, accuracy3: 1.0000, loss: 0.5232 ||:   5%|5         | 10/184 [00:00<00:03, 45.73it/s]
accuracy: 0.8297, accuracy3: 1.0000, loss: 0.5174 ||:   8%|8         | 15/184 [00:00<00:03, 46.27it/s]
accuracy: 0.8271, accuracy3: 1.0000, loss: 0.5149 ||:  11%|#         | 20/184 [00:00<00:03, 45.96it/s]
accuracy: 0.8307, accuracy3: 1.0000, loss: 0.5271 ||:  14%|#4        | 26/184 [00:00<00:03, 48.08it/s]
accuracy: 0.8328, accuracy3: 1.0000, loss: 0.5289 ||:  17%|#6        | 31/184 [00:00<00:03, 48.56it/s]
accuracy: 0.8317, accuracy3: 1.0000, loss: 0.5348 ||:  20%|##        | 37/184 [00:00<00:02, 49.40it/s]
accuracy: 0.8322, accuracy3: 1.0000, loss: 0.5375 ||:  23%|##3       | 43/184 [00:00<00:02, 50.11it/s]
accuracy: 0.8313, accuracy3: 1.0000, loss: 0.5373 ||:  26%|##6       | 48/184 [00:00<00:02, 49.77it/s]
accuracy: 0.8304, accuracy3: 1.0000, loss: 0.5415 ||:  29%|##9       | 54/184 [00:01<00:02, 50.39it/s]
accuracy: 0.8311, accuracy3: 1.0000, loss: 0.5383 ||:  32%|###2      | 59/184 [00:01<00:02, 48.99it/s]
accuracy: 0.8292, accuracy3: 1.0000, loss: 0.5415 ||:  36%|###5      | 66/184 [00:01<00:02, 52.45it/s]
accuracy: 0.8283, accuracy3: 1.0000, loss: 0.5401 ||:  39%|###9      | 72/184 [00:01<00:02, 51.70it/s]
accuracy: 0.8289, accuracy3: 1.0000, loss: 0.5395 ||:  42%|####2     | 78/184 [00:01<00:02, 50.75it/s]
accuracy: 0.8288, accuracy3: 1.0000, loss: 0.5396 ||:  46%|####5     | 84/184 [00:01<00:01, 50.45it/s]
accuracy: 0.8290, accuracy3: 1.0000, loss: 0.5386 ||:  49%|####8     | 90/184 [00:01<00:01, 51.75it/s]
accuracy: 0.8293, accuracy3: 1.0000, loss: 0.5364 ||:  52%|#####2    | 96/184 [00:01<00:01, 50.54it/s]
accuracy: 0.8304, accuracy3: 1.0000, loss: 0.5355 ||:  55%|#####5    | 102/184 [00:02<00:01, 51.87it/s]
accuracy: 0.8304, accuracy3: 1.0000, loss: 0.5365 ||:  59%|#####8    | 108/184 [00:02<00:01, 51.92it/s]
accuracy: 0.8300, accuracy3: 1.0000, loss: 0.5374 ||:  62%|######1   | 114/184 [00:02<00:01, 52.11it/s]
accuracy: 0.8290, accuracy3: 1.0000, loss: 0.5388 ||:  65%|######5   | 120/184 [00:02<00:01, 52.42it/s]
accuracy: 0.8297, accuracy3: 1.0000, loss: 0.5388 ||:  68%|######8   | 126/184 [00:02<00:01, 53.49it/s]
accuracy: 0.8294, accuracy3: 1.0000, loss: 0.5381 ||:  72%|#######1  | 132/184 [00:02<00:01, 50.71it/s]
accuracy: 0.8284, accuracy3: 1.0000, loss: 0.5375 ||:  75%|#######5  | 138/184 [00:02<00:00, 51.90it/s]
accuracy: 0.8291, accuracy3: 1.0000, loss: 0.5378 ||:  78%|#######8  | 144/184 [00:02<00:00, 49.75it/s]
accuracy: 0.8288, accuracy3: 1.0000, loss: 0.5384 ||:  82%|########1 | 150/184 [00:02<00:00, 49.37it/s]
accuracy: 0.8290, accuracy3: 1.0000, loss: 0.5391 ||:  85%|########4 | 156/184 [00:03<00:00, 50.98it/s]
accuracy: 0.8290, accuracy3: 1.0000, loss: 0.5390 ||:  88%|########8 | 162/184 [00:03<00:00, 51.27it/s]
accuracy: 0.8288, accuracy3: 1.0000, loss: 0.5395 ||:  91%|#########1| 168/184 [00:03<00:00, 52.36it/s]
accuracy: 0.8287, accuracy3: 1.0000, loss: 0.5403 ||:  95%|#########4| 174/184 [00:03<00:00, 54.26it/s]
accuracy: 0.8290, accuracy3: 1.0000, loss: 0.5406 ||:  98%|#########7| 180/184 [00:03<00:00, 52.63it/s]
accuracy: 0.8287, accuracy3: 1.0000, loss: 0.5406 ||: 100%|##########| 184/184 [00:03<00:00, 51.05it/s]

  0%|          | 0/98 [00:00<?, ?it/s]
accuracy: 0.8361, accuracy3: 1.0000, loss: 0.6385 ||:   8%|8         | 8/98 [00:00<00:01, 77.62it/s]
accuracy: 0.8203, accuracy3: 1.0000, loss: 0.6665 ||:  17%|#7        | 17/98 [00:00<00:01, 79.54it/s]
accuracy: 0.8126, accuracy3: 1.0000, loss: 0.6372 ||:  24%|##4       | 24/98 [00:00<00:00, 76.30it/s]
accuracy: 0.8127, accuracy3: 1.0000, loss: 0.6213 ||:  33%|###2      | 32/98 [00:00<00:00, 76.28it/s]
accuracy: 0.8252, accuracy3: 1.0000, loss: 0.6670 ||:  42%|####1     | 41/98 [00:00<00:00, 77.45it/s]
accuracy: 0.8256, accuracy3: 1.0000, loss: 0.6601 ||:  50%|#####     | 49/98 [00:00<00:00, 77.54it/s]
accuracy: 0.8315, accuracy3: 1.0000, loss: 0.6382 ||:  58%|#####8    | 57/98 [00:00<00:00, 77.69it/s]
accuracy: 0.8375, accuracy3: 1.0000, loss: 0.6479 ||:  66%|######6   | 65/98 [00:00<00:00, 69.88it/s]
accuracy: 0.8331, accuracy3: 1.0000, loss: 0.6389 ||:  73%|#######3  | 72/98 [00:00<00:00, 68.62it/s]
accuracy: 0.8323, accuracy3: 1.0000, loss: 0.6406 ||:  83%|########2 | 81/98 [00:01<00:00, 72.46it/s]
accuracy: 0.8360, accuracy3: 1.0000, loss: 0.6523 ||:  91%|######### | 89/98 [00:01<00:00, 73.71it/s]
accuracy: 0.8400, accuracy3: 1.0000, loss: 0.6540 ||:  99%|#########8| 97/98 [00:01<00:00, 74.07it/s]
accuracy: 0.8399, accuracy3: 1.0000, loss: 0.6528 ||: 100%|##########| 98/98 [00:01<00:00, 75.10it/s]

  0%|          | 0/184 [00:00<?, ?it/s]
accuracy: 0.8244, accuracy3: 1.0000, loss: 0.5189 ||:   3%|2         | 5/184 [00:00<00:04, 43.14it/s]
accuracy: 0.8115, accuracy3: 1.0000, loss: 0.5296 ||:   5%|5         | 10/184 [00:00<00:03, 44.61it/s]
accuracy: 0.8173, accuracy3: 1.0000, loss: 0.5452 ||:   8%|8         | 15/184 [00:00<00:03, 45.44it/s]
accuracy: 0.8175, accuracy3: 1.0000, loss: 0.5492 ||:  11%|#         | 20/184 [00:00<00:03, 44.81it/s]
accuracy: 0.8208, accuracy3: 1.0000, loss: 0.5445 ||:  14%|#4        | 26/184 [00:00<00:03, 47.14it/s]
accuracy: 0.8218, accuracy3: 1.0000, loss: 0.5445 ||:  17%|#7        | 32/184 [00:00<00:03, 49.67it/s]
accuracy: 0.8203, accuracy3: 1.0000, loss: 0.5405 ||:  21%|##        | 38/184 [00:00<00:02, 51.21it/s]
accuracy: 0.8220, accuracy3: 1.0000, loss: 0.5403 ||:  23%|##3       | 43/184 [00:00<00:02, 47.86it/s]
accuracy: 0.8216, accuracy3: 1.0000, loss: 0.5398 ||:  27%|##6       | 49/184 [00:01<00:02, 48.42it/s]
accuracy: 0.8216, accuracy3: 1.0000, loss: 0.5411 ||:  30%|##9       | 55/184 [00:01<00:02, 49.86it/s]
accuracy: 0.8230, accuracy3: 1.0000, loss: 0.5401 ||:  33%|###2      | 60/184 [00:01<00:02, 49.18it/s]
accuracy: 0.8232, accuracy3: 1.0000, loss: 0.5413 ||:  35%|###5      | 65/184 [00:01<00:02, 45.47it/s]
accuracy: 0.8239, accuracy3: 1.0000, loss: 0.5420 ||:  39%|###8      | 71/184 [00:01<00:02, 47.51it/s]
accuracy: 0.8245, accuracy3: 1.0000, loss: 0.5424 ||:  42%|####1     | 77/184 [00:01<00:02, 49.62it/s]
accuracy: 0.8248, accuracy3: 1.0000, loss: 0.5469 ||:  45%|####5     | 83/184 [00:01<00:02, 48.36it/s]
accuracy: 0.8251, accuracy3: 1.0000, loss: 0.5483 ||:  48%|####7     | 88/184 [00:01<00:01, 48.12it/s]
accuracy: 0.8250, accuracy3: 1.0000, loss: 0.5468 ||:  51%|#####1    | 94/184 [00:01<00:01, 50.44it/s]
accuracy: 0.8262, accuracy3: 1.0000, loss: 0.5450 ||:  54%|#####4    | 100/184 [00:02<00:01, 49.11it/s]
accuracy: 0.8261, accuracy3: 1.0000, loss: 0.5442 ||:  58%|#####7    | 106/184 [00:02<00:01, 49.36it/s]
accuracy: 0.8253, accuracy3: 1.0000, loss: 0.5436 ||:  60%|######    | 111/184 [00:02<00:01, 48.71it/s]
accuracy: 0.8249, accuracy3: 1.0000, loss: 0.5436 ||:  63%|######3   | 116/184 [00:02<00:01, 48.20it/s]
accuracy: 0.8255, accuracy3: 1.0000, loss: 0.5425 ||:  66%|######5   | 121/184 [00:02<00:01, 48.62it/s]
accuracy: 0.8264, accuracy3: 1.0000, loss: 0.5430 ||:  69%|######9   | 127/184 [00:02<00:01, 51.00it/s]
accuracy: 0.8266, accuracy3: 1.0000, loss: 0.5425 ||:  72%|#######2  | 133/184 [00:02<00:01, 50.08it/s]
accuracy: 0.8268, accuracy3: 1.0000, loss: 0.5420 ||:  76%|#######5  | 139/184 [00:02<00:00, 50.08it/s]
accuracy: 0.8275, accuracy3: 1.0000, loss: 0.5414 ||:  79%|#######8  | 145/184 [00:02<00:00, 49.47it/s]
accuracy: 0.8275, accuracy3: 1.0000, loss: 0.5411 ||:  82%|########1 | 150/184 [00:03<00:00, 49.20it/s]
accuracy: 0.8274, accuracy3: 1.0000, loss: 0.5406 ||:  85%|########4 | 156/184 [00:03<00:00, 50.10it/s]
accuracy: 0.8277, accuracy3: 1.0000, loss: 0.5398 ||:  88%|########8 | 162/184 [00:03<00:00, 49.13it/s]
accuracy: 0.8276, accuracy3: 1.0000, loss: 0.5395 ||:  91%|#########1| 168/184 [00:03<00:00, 50.49it/s]
accuracy: 0.8280, accuracy3: 1.0000, loss: 0.5408 ||:  95%|#########4| 174/184 [00:03<00:00, 52.19it/s]
accuracy: 0.8280, accuracy3: 1.0000, loss: 0.5404 ||:  98%|#########7| 180/184 [00:03<00:00, 51.12it/s]
accuracy: 0.8277, accuracy3: 1.0000, loss: 0.5411 ||: 100%|##########| 184/184 [00:03<00:00, 49.71it/s]

  0%|          | 0/98 [00:00<?, ?it/s]
accuracy: 0.8361, accuracy3: 1.0000, loss: 0.6431 ||:   8%|8         | 8/98 [00:00<00:01, 76.24it/s]
accuracy: 0.8193, accuracy3: 1.0000, loss: 0.6807 ||:  16%|#6        | 16/98 [00:00<00:01, 75.98it/s]
accuracy: 0.8126, accuracy3: 1.0000, loss: 0.6409 ||:  24%|##4       | 24/98 [00:00<00:00, 76.23it/s]
accuracy: 0.8127, accuracy3: 1.0000, loss: 0.6244 ||:  33%|###2      | 32/98 [00:00<00:00, 75.05it/s]
accuracy: 0.8247, accuracy3: 1.0000, loss: 0.6641 ||:  41%|####      | 40/98 [00:00<00:00, 75.73it/s]
accuracy: 0.8250, accuracy3: 1.0000, loss: 0.6671 ||:  49%|####8     | 48/98 [00:00<00:00, 74.56it/s]
accuracy: 0.8310, accuracy3: 1.0000, loss: 0.6465 ||:  57%|#####7    | 56/98 [00:00<00:00, 75.69it/s]
accuracy: 0.8351, accuracy3: 1.0000, loss: 0.6498 ||:  64%|######4   | 63/98 [00:00<00:00, 71.17it/s]
accuracy: 0.8329, accuracy3: 1.0000, loss: 0.6436 ||:  72%|#######2  | 71/98 [00:00<00:00, 73.34it/s]
accuracy: 0.8305, accuracy3: 1.0000, loss: 0.6418 ||:  81%|########  | 79/98 [00:01<00:00, 73.83it/s]
accuracy: 0.8354, accuracy3: 1.0000, loss: 0.6492 ||:  89%|########8 | 87/98 [00:01<00:00, 73.70it/s]
accuracy: 0.8398, accuracy3: 1.0000, loss: 0.6591 ||:  98%|#########7| 96/98 [00:01<00:00, 74.61it/s]
accuracy: 0.8399, accuracy3: 1.0000, loss: 0.6574 ||: 100%|##########| 98/98 [00:01<00:00, 74.48it/s]

  0%|          | 0/184 [00:00<?, ?it/s]
accuracy: 0.8144, accuracy3: 1.0000, loss: 0.5335 ||:   3%|2         | 5/184 [00:00<00:04, 44.38it/s]
accuracy: 0.8212, accuracy3: 1.0000, loss: 0.5411 ||:   6%|5         | 11/184 [00:00<00:03, 46.16it/s]
accuracy: 0.8229, accuracy3: 1.0000, loss: 0.5370 ||:   9%|8         | 16/184 [00:00<00:03, 46.67it/s]
accuracy: 0.8254, accuracy3: 1.0000, loss: 0.5310 ||:  12%|#1        | 22/184 [00:00<00:03, 49.94it/s]
accuracy: 0.8264, accuracy3: 1.0000, loss: 0.5345 ||:  15%|#4        | 27/184 [00:00<00:03, 49.43it/s]
accuracy: 0.8253, accuracy3: 1.0000, loss: 0.5436 ||:  18%|#7        | 33/184 [00:00<00:02, 51.50it/s]
accuracy: 0.8247, accuracy3: 1.0000, loss: 0.5426 ||:  21%|##1       | 39/184 [00:00<00:02, 51.28it/s]
accuracy: 0.8256, accuracy3: 1.0000, loss: 0.5455 ||:  24%|##4       | 45/184 [00:00<00:02, 51.02it/s]
accuracy: 0.8242, accuracy3: 1.0000, loss: 0.5472 ||:  28%|##7       | 51/184 [00:00<00:02, 51.85it/s]
accuracy: 0.8249, accuracy3: 1.0000, loss: 0.5439 ||:  31%|###       | 57/184 [00:01<00:02, 48.61it/s]
accuracy: 0.8257, accuracy3: 1.0000, loss: 0.5452 ||:  34%|###4      | 63/184 [00:01<00:02, 49.75it/s]
accuracy: 0.8260, accuracy3: 1.0000, loss: 0.5438 ||:  38%|###7      | 69/184 [00:01<00:02, 49.99it/s]
accuracy: 0.8260, accuracy3: 1.0000, loss: 0.5431 ||:  41%|####      | 75/184 [00:01<00:02, 51.35it/s]
accuracy: 0.8265, accuracy3: 1.0000, loss: 0.5434 ||:  44%|####4     | 81/184 [00:01<00:02, 49.52it/s]
accuracy: 0.8278, accuracy3: 1.0000, loss: 0.5409 ||:  48%|####7     | 88/184 [00:01<00:01, 51.45it/s]
accuracy: 0.8283, accuracy3: 1.0000, loss: 0.5378 ||:  51%|#####1    | 94/184 [00:01<00:01, 53.60it/s]
accuracy: 0.8288, accuracy3: 1.0000, loss: 0.5409 ||:  54%|#####4    | 100/184 [00:01<00:01, 52.18it/s]
accuracy: 0.8272, accuracy3: 1.0000, loss: 0.5416 ||:  58%|#####7    | 106/184 [00:02<00:01, 49.72it/s]
accuracy: 0.8275, accuracy3: 1.0000, loss: 0.5408 ||:  61%|######    | 112/184 [00:02<00:01, 51.18it/s]
accuracy: 0.8272, accuracy3: 1.0000, loss: 0.5405 ||:  64%|######4   | 118/184 [00:02<00:01, 50.91it/s]
accuracy: 0.8275, accuracy3: 1.0000, loss: 0.5406 ||:  67%|######7   | 124/184 [00:02<00:01, 50.51it/s]
accuracy: 0.8283, accuracy3: 1.0000, loss: 0.5410 ||:  71%|#######   | 130/184 [00:02<00:01, 51.97it/s]
accuracy: 0.8290, accuracy3: 1.0000, loss: 0.5402 ||:  74%|#######3  | 136/184 [00:02<00:00, 51.50it/s]
accuracy: 0.8286, accuracy3: 1.0000, loss: 0.5411 ||:  77%|#######7  | 142/184 [00:02<00:00, 51.08it/s]
accuracy: 0.8288, accuracy3: 1.0000, loss: 0.5398 ||:  80%|########  | 148/184 [00:02<00:00, 49.69it/s]
accuracy: 0.8289, accuracy3: 1.0000, loss: 0.5402 ||:  84%|########3 | 154/184 [00:03<00:00, 51.42it/s]
accuracy: 0.8285, accuracy3: 1.0000, loss: 0.5407 ||:  87%|########6 | 160/184 [00:03<00:00, 52.48it/s]
accuracy: 0.8288, accuracy3: 1.0000, loss: 0.5422 ||:  90%|######### | 166/184 [00:03<00:00, 51.73it/s]
accuracy: 0.8287, accuracy3: 1.0000, loss: 0.5415 ||:  93%|#########3| 172/184 [00:03<00:00, 52.45it/s]
accuracy: 0.8283, accuracy3: 1.0000, loss: 0.5412 ||:  97%|#########6| 178/184 [00:03<00:00, 50.27it/s]
accuracy: 0.8285, accuracy3: 1.0000, loss: 0.5413 ||: 100%|##########| 184/184 [00:03<00:00, 52.08it/s]

  0%|          | 0/98 [00:00<?, ?it/s]
accuracy: 0.8406, accuracy3: 1.0000, loss: 0.6672 ||:   9%|9         | 9/98 [00:00<00:01, 81.83it/s]
accuracy: 0.8211, accuracy3: 1.0000, loss: 0.6698 ||:  17%|#7        | 17/98 [00:00<00:01, 80.85it/s]
accuracy: 0.8132, accuracy3: 1.0000, loss: 0.6350 ||:  27%|##6       | 26/98 [00:00<00:00, 81.32it/s]
accuracy: 0.8200, accuracy3: 1.0000, loss: 0.6335 ||:  36%|###5      | 35/98 [00:00<00:00, 82.26it/s]
accuracy: 0.8294, accuracy3: 1.0000, loss: 0.6756 ||:  44%|####3     | 43/98 [00:00<00:00, 81.09it/s]
accuracy: 0.8299, accuracy3: 1.0000, loss: 0.6614 ||:  51%|#####1    | 50/98 [00:00<00:00, 74.92it/s]
accuracy: 0.8333, accuracy3: 1.0000, loss: 0.6420 ||:  59%|#####9    | 58/98 [00:00<00:00, 75.05it/s]
accuracy: 0.8389, accuracy3: 1.0000, loss: 0.6483 ||:  68%|######8   | 67/98 [00:00<00:00, 76.55it/s]
accuracy: 0.8357, accuracy3: 1.0000, loss: 0.6365 ||:  78%|#######7  | 76/98 [00:00<00:00, 78.27it/s]
accuracy: 0.8372, accuracy3: 1.0000, loss: 0.6463 ||:  86%|########5 | 84/98 [00:01<00:00, 74.97it/s]
accuracy: 0.8416, accuracy3: 1.0000, loss: 0.6582 ||:  94%|#########3| 92/98 [00:01<00:00, 75.74it/s]
accuracy: 0.8431, accuracy3: 1.0000, loss: 0.6561 ||: 100%|##########| 98/98 [00:01<00:00, 77.31it/s]

  0%|          | 0/184 [00:00<?, ?it/s]
accuracy: 0.8242, accuracy3: 1.0000, loss: 0.5186 ||:   3%|2         | 5/184 [00:00<00:03, 46.48it/s]
accuracy: 0.8266, accuracy3: 1.0000, loss: 0.5346 ||:   6%|5         | 11/184 [00:00<00:03, 48.24it/s]
accuracy: 0.8246, accuracy3: 1.0000, loss: 0.5402 ||:   9%|9         | 17/184 [00:00<00:03, 49.16it/s]
accuracy: 0.8274, accuracy3: 1.0000, loss: 0.5330 ||:  12%|#2        | 23/184 [00:00<00:03, 50.43it/s]
accuracy: 0.8306, accuracy3: 1.0000, loss: 0.5341 ||:  16%|#6        | 30/184 [00:00<00:02, 52.71it/s]
accuracy: 0.8302, accuracy3: 1.0000, loss: 0.5378 ||:  20%|#9        | 36/184 [00:00<00:02, 53.52it/s]
accuracy: 0.8307, accuracy3: 1.0000, loss: 0.5352 ||:  23%|##2       | 42/184 [00:00<00:02, 54.35it/s]
accuracy: 0.8296, accuracy3: 1.0000, loss: 0.5388 ||:  26%|##6       | 48/184 [00:00<00:02, 54.39it/s]
accuracy: 0.8306, accuracy3: 1.0000, loss: 0.5393 ||:  29%|##9       | 54/184 [00:00<00:02, 55.15it/s]
accuracy: 0.8302, accuracy3: 1.0000, loss: 0.5388 ||:  33%|###2      | 60/184 [00:01<00:02, 54.70it/s]
accuracy: 0.8311, accuracy3: 1.0000, loss: 0.5381 ||:  36%|###5      | 66/184 [00:01<00:02, 53.97it/s]
accuracy: 0.8302, accuracy3: 1.0000, loss: 0.5376 ||:  39%|###9      | 72/184 [00:01<00:02, 53.42it/s]
accuracy: 0.8295, accuracy3: 1.0000, loss: 0.5376 ||:  42%|####2     | 78/184 [00:01<00:01, 54.11it/s]
accuracy: 0.8280, accuracy3: 1.0000, loss: 0.5417 ||:  46%|####5     | 84/184 [00:01<00:01, 52.85it/s]
accuracy: 0.8275, accuracy3: 1.0000, loss: 0.5404 ||:  49%|####8     | 90/184 [00:01<00:01, 54.19it/s]
accuracy: 0.8266, accuracy3: 1.0000, loss: 0.5395 ||:  52%|#####2    | 96/184 [00:01<00:01, 49.57it/s]
accuracy: 0.8267, accuracy3: 1.0000, loss: 0.5400 ||:  55%|#####5    | 102/184 [00:01<00:01, 49.87it/s]
accuracy: 0.8268, accuracy3: 1.0000, loss: 0.5395 ||:  59%|#####8    | 108/184 [00:02<00:01, 51.12it/s]
accuracy: 0.8264, accuracy3: 1.0000, loss: 0.5404 ||:  62%|######1   | 114/184 [00:02<00:01, 51.57it/s]
accuracy: 0.8261, accuracy3: 1.0000, loss: 0.5406 ||:  65%|######5   | 120/184 [00:02<00:01, 51.95it/s]
accuracy: 0.8259, accuracy3: 1.0000, loss: 0.5407 ||:  68%|######8   | 126/184 [00:02<00:01, 52.25it/s]
accuracy: 0.8272, accuracy3: 1.0000, loss: 0.5387 ||:  72%|#######1  | 132/184 [00:02<00:01, 51.65it/s]
accuracy: 0.8277, accuracy3: 1.0000, loss: 0.5385 ||:  75%|#######5  | 138/184 [00:02<00:00, 52.55it/s]
accuracy: 0.8280, accuracy3: 1.0000, loss: 0.5380 ||:  78%|#######8  | 144/184 [00:02<00:00, 52.76it/s]
accuracy: 0.8293, accuracy3: 1.0000, loss: 0.5369 ||:  82%|########1 | 150/184 [00:02<00:00, 51.26it/s]
accuracy: 0.8296, accuracy3: 1.0000, loss: 0.5384 ||:  85%|########4 | 156/184 [00:02<00:00, 51.80it/s]
accuracy: 0.8294, accuracy3: 1.0000, loss: 0.5376 ||:  88%|########8 | 162/184 [00:03<00:00, 51.66it/s]
accuracy: 0.8296, accuracy3: 1.0000, loss: 0.5386 ||:  91%|#########1| 168/184 [00:03<00:00, 52.53it/s]
accuracy: 0.8295, accuracy3: 1.0000, loss: 0.5392 ||:  95%|#########4| 174/184 [00:03<00:00, 52.58it/s]
accuracy: 0.8294, accuracy3: 1.0000, loss: 0.5406 ||:  98%|#########7| 180/184 [00:03<00:00, 52.75it/s]
accuracy: 0.8289, accuracy3: 1.0000, loss: 0.5411 ||: 100%|##########| 184/184 [00:03<00:00, 52.69it/s]

  0%|          | 0/98 [00:00<?, ?it/s]
accuracy: 0.8406, accuracy3: 1.0000, loss: 0.6627 ||:   9%|9         | 9/98 [00:00<00:01, 86.52it/s]
accuracy: 0.8211, accuracy3: 1.0000, loss: 0.6653 ||:  17%|#7        | 17/98 [00:00<00:00, 82.74it/s]
accuracy: 0.8154, accuracy3: 1.0000, loss: 0.6340 ||:  26%|##5       | 25/98 [00:00<00:00, 81.40it/s]
accuracy: 0.8180, accuracy3: 1.0000, loss: 0.6283 ||:  35%|###4      | 34/98 [00:00<00:00, 83.06it/s]
accuracy: 0.8291, accuracy3: 1.0000, loss: 0.6728 ||:  43%|####2     | 42/98 [00:00<00:00, 81.29it/s]
accuracy: 0.8299, accuracy3: 1.0000, loss: 0.6571 ||:  51%|#####1    | 50/98 [00:00<00:00, 80.32it/s]
accuracy: 0.8333, accuracy3: 1.0000, loss: 0.6383 ||:  59%|#####9    | 58/98 [00:00<00:00, 80.09it/s]
accuracy: 0.8400, accuracy3: 1.0000, loss: 0.6458 ||:  67%|######7   | 66/98 [00:00<00:00, 78.87it/s]
accuracy: 0.8353, accuracy3: 1.0000, loss: 0.6345 ||:  77%|#######6  | 75/98 [00:00<00:00, 79.84it/s]
accuracy: 0.8372, accuracy3: 1.0000, loss: 0.6425 ||:  86%|########5 | 84/98 [00:01<00:00, 80.04it/s]
accuracy: 0.8416, accuracy3: 1.0000, loss: 0.6539 ||:  94%|#########3| 92/98 [00:01<00:00, 76.34it/s]
accuracy: 0.8431, accuracy3: 1.0000, loss: 0.6519 ||: 100%|##########| 98/98 [00:01<00:00, 79.17it/s]

  0%|          | 0/184 [00:00<?, ?it/s]
accuracy: 0.8365, accuracy3: 1.0000, loss: 0.4794 ||:   3%|2         | 5/184 [00:00<00:04, 42.67it/s]
accuracy: 0.8353, accuracy3: 1.0000, loss: 0.5103 ||:   6%|5         | 11/184 [00:00<00:03, 44.54it/s]
accuracy: 0.8354, accuracy3: 1.0000, loss: 0.5095 ||:   9%|9         | 17/184 [00:00<00:03, 46.43it/s]
accuracy: 0.8334, accuracy3: 1.0000, loss: 0.5194 ||:  12%|#2        | 23/184 [00:00<00:03, 47.39it/s]
accuracy: 0.8337, accuracy3: 1.0000, loss: 0.5247 ||:  15%|#5        | 28/184 [00:00<00:03, 48.07it/s]
accuracy: 0.8334, accuracy3: 1.0000, loss: 0.5274 ||:  18%|#8        | 34/184 [00:00<00:03, 49.50it/s]
accuracy: 0.8325, accuracy3: 1.0000, loss: 0.5276 ||:  22%|##1       | 40/184 [00:00<00:02, 49.91it/s]
accuracy: 0.8324, accuracy3: 1.0000, loss: 0.5293 ||:  25%|##5       | 46/184 [00:00<00:02, 50.59it/s]
accuracy: 0.8329, accuracy3: 1.0000, loss: 0.5306 ||:  28%|##8       | 52/184 [00:01<00:02, 49.93it/s]
accuracy: 0.8301, accuracy3: 1.0000, loss: 0.5342 ||:  32%|###1      | 58/184 [00:01<00:02, 51.44it/s]
accuracy: 0.8300, accuracy3: 1.0000, loss: 0.5372 ||:  35%|###4      | 64/184 [00:01<00:02, 51.82it/s]
accuracy: 0.8294, accuracy3: 1.0000, loss: 0.5395 ||:  38%|###8      | 70/184 [00:01<00:02, 50.95it/s]
accuracy: 0.8290, accuracy3: 1.0000, loss: 0.5388 ||:  41%|####1     | 76/184 [00:01<00:02, 51.67it/s]
accuracy: 0.8293, accuracy3: 1.0000, loss: 0.5375 ||:  45%|####4     | 82/184 [00:01<00:01, 51.49it/s]
accuracy: 0.8296, accuracy3: 1.0000, loss: 0.5372 ||:  48%|####7     | 88/184 [00:01<00:01, 51.42it/s]
accuracy: 0.8294, accuracy3: 1.0000, loss: 0.5386 ||:  51%|#####1    | 94/184 [00:01<00:01, 50.81it/s]
accuracy: 0.8290, accuracy3: 1.0000, loss: 0.5401 ||:  54%|#####4    | 100/184 [00:01<00:01, 50.56it/s]
accuracy: 0.8281, accuracy3: 1.0000, loss: 0.5411 ||:  58%|#####7    | 106/184 [00:02<00:01, 51.19it/s]
accuracy: 0.8282, accuracy3: 1.0000, loss: 0.5400 ||:  61%|######    | 112/184 [00:02<00:01, 50.17it/s]
accuracy: 0.8281, accuracy3: 1.0000, loss: 0.5396 ||:  64%|######4   | 118/184 [00:02<00:01, 50.99it/s]
accuracy: 0.8285, accuracy3: 1.0000, loss: 0.5396 ||:  67%|######7   | 124/184 [00:02<00:01, 52.55it/s]
accuracy: 0.8289, accuracy3: 1.0000, loss: 0.5404 ||:  71%|#######   | 130/184 [00:02<00:01, 49.90it/s]
accuracy: 0.8293, accuracy3: 1.0000, loss: 0.5393 ||:  74%|#######3  | 136/184 [00:02<00:00, 51.11it/s]
accuracy: 0.8293, accuracy3: 1.0000, loss: 0.5400 ||:  77%|#######7  | 142/184 [00:02<00:00, 50.77it/s]
accuracy: 0.8299, accuracy3: 1.0000, loss: 0.5384 ||:  80%|########  | 148/184 [00:02<00:00, 51.60it/s]
accuracy: 0.8302, accuracy3: 1.0000, loss: 0.5374 ||:  84%|########3 | 154/184 [00:03<00:00, 52.50it/s]
accuracy: 0.8300, accuracy3: 1.0000, loss: 0.5375 ||:  87%|########6 | 160/184 [00:03<00:00, 51.71it/s]
accuracy: 0.8302, accuracy3: 1.0000, loss: 0.5384 ||:  90%|######### | 166/184 [00:03<00:00, 50.88it/s]
accuracy: 0.8296, accuracy3: 1.0000, loss: 0.5395 ||:  93%|#########3| 172/184 [00:03<00:00, 52.40it/s]
accuracy: 0.8295, accuracy3: 1.0000, loss: 0.5397 ||:  97%|#########6| 178/184 [00:03<00:00, 49.51it/s]
accuracy: 0.8293, accuracy3: 1.0000, loss: 0.5406 ||:  99%|#########9| 183/184 [00:03<00:00, 49.35it/s]
accuracy: 0.8292, accuracy3: 1.0000, loss: 0.5416 ||: 100%|##########| 184/184 [00:03<00:00, 50.84it/s]

  0%|          | 0/98 [00:00<?, ?it/s]
accuracy: 0.8361, accuracy3: 1.0000, loss: 0.6390 ||:   8%|8         | 8/98 [00:00<00:01, 75.80it/s]
accuracy: 0.8193, accuracy3: 1.0000, loss: 0.6752 ||:  16%|#6        | 16/98 [00:00<00:01, 75.34it/s]
accuracy: 0.8131, accuracy3: 1.0000, loss: 0.6349 ||:  26%|##5       | 25/98 [00:00<00:00, 77.63it/s]
accuracy: 0.8158, accuracy3: 1.0000, loss: 0.6292 ||:  35%|###4      | 34/98 [00:00<00:00, 79.52it/s]
accuracy: 0.8262, accuracy3: 1.0000, loss: 0.6742 ||:  43%|####2     | 42/98 [00:00<00:00, 79.47it/s]
accuracy: 0.8272, accuracy3: 1.0000, loss: 0.6583 ||:  51%|#####1    | 50/98 [00:00<00:00, 78.92it/s]
accuracy: 0.8313, accuracy3: 1.0000, loss: 0.6395 ||:  60%|######    | 59/98 [00:00<00:00, 81.42it/s]
accuracy: 0.8366, accuracy3: 1.0000, loss: 0.6454 ||:  68%|######8   | 67/98 [00:00<00:00, 78.72it/s]
accuracy: 0.8322, accuracy3: 1.0000, loss: 0.6340 ||:  78%|#######7  | 76/98 [00:00<00:00, 78.92it/s]
accuracy: 0.8336, accuracy3: 1.0000, loss: 0.6436 ||:  86%|########5 | 84/98 [00:01<00:00, 78.81it/s]
accuracy: 0.8382, accuracy3: 1.0000, loss: 0.6552 ||:  94%|#########3| 92/98 [00:01<00:00, 78.16it/s]
accuracy: 0.8399, accuracy3: 1.0000, loss: 0.6531 ||: 100%|##########| 98/98 [00:01<00:00, 78.44it/s]

  0%|          | 0/184 [00:00<?, ?it/s]
accuracy: 0.8437, accuracy3: 1.0000, loss: 0.5865 ||:   3%|2         | 5/184 [00:00<00:04, 44.45it/s]
accuracy: 0.8356, accuracy3: 1.0000, loss: 0.5532 ||:   6%|5         | 11/184 [00:00<00:03, 46.77it/s]
accuracy: 0.8345, accuracy3: 1.0000, loss: 0.5439 ||:   9%|9         | 17/184 [00:00<00:03, 48.75it/s]
accuracy: 0.8267, accuracy3: 1.0000, loss: 0.5414 ||:  12%|#1        | 22/184 [00:00<00:03, 48.64it/s]
accuracy: 0.8262, accuracy3: 1.0000, loss: 0.5439 ||:  15%|#4        | 27/184 [00:00<00:03, 47.61it/s]
accuracy: 0.8273, accuracy3: 1.0000, loss: 0.5485 ||:  18%|#7        | 33/184 [00:00<00:03, 50.23it/s]
accuracy: 0.8260, accuracy3: 1.0000, loss: 0.5465 ||:  21%|##1       | 39/184 [00:00<00:02, 51.27it/s]
accuracy: 0.8265, accuracy3: 1.0000, loss: 0.5478 ||:  24%|##3       | 44/184 [00:00<00:02, 49.93it/s]
accuracy: 0.8271, accuracy3: 1.0000, loss: 0.5483 ||:  27%|##6       | 49/184 [00:00<00:02, 49.79it/s]
accuracy: 0.8277, accuracy3: 1.0000, loss: 0.5452 ||:  30%|##9       | 55/184 [00:01<00:02, 50.64it/s]
accuracy: 0.8285, accuracy3: 1.0000, loss: 0.5419 ||:  33%|###3      | 61/184 [00:01<00:02, 51.57it/s]
accuracy: 0.8284, accuracy3: 1.0000, loss: 0.5414 ||:  36%|###6      | 67/184 [00:01<00:02, 52.22it/s]
accuracy: 0.8282, accuracy3: 1.0000, loss: 0.5420 ||:  40%|###9      | 73/184 [00:01<00:02, 53.28it/s]
accuracy: 0.8281, accuracy3: 1.0000, loss: 0.5438 ||:  43%|####2     | 79/184 [00:01<00:01, 52.87it/s]
accuracy: 0.8282, accuracy3: 1.0000, loss: 0.5433 ||:  46%|####6     | 85/184 [00:01<00:01, 53.76it/s]
accuracy: 0.8285, accuracy3: 1.0000, loss: 0.5418 ||:  49%|####9     | 91/184 [00:01<00:01, 52.17it/s]
accuracy: 0.8284, accuracy3: 1.0000, loss: 0.5398 ||:  53%|#####2    | 97/184 [00:01<00:01, 52.26it/s]
accuracy: 0.8284, accuracy3: 1.0000, loss: 0.5371 ||:  56%|#####5    | 103/184 [00:01<00:01, 51.92it/s]
accuracy: 0.8284, accuracy3: 1.0000, loss: 0.5382 ||:  59%|#####9    | 109/184 [00:02<00:01, 52.78it/s]
accuracy: 0.8283, accuracy3: 1.0000, loss: 0.5402 ||:  62%|######2   | 115/184 [00:02<00:01, 52.27it/s]
accuracy: 0.8286, accuracy3: 1.0000, loss: 0.5426 ||:  66%|######5   | 121/184 [00:02<00:01, 53.00it/s]
accuracy: 0.8289, accuracy3: 1.0000, loss: 0.5430 ||:  69%|######9   | 127/184 [00:02<00:01, 50.85it/s]
accuracy: 0.8285, accuracy3: 1.0000, loss: 0.5416 ||:  72%|#######2  | 133/184 [00:02<00:00, 51.61it/s]
accuracy: 0.8283, accuracy3: 1.0000, loss: 0.5439 ||:  76%|#######5  | 139/184 [00:02<00:00, 52.47it/s]
accuracy: 0.8279, accuracy3: 1.0000, loss: 0.5438 ||:  79%|#######8  | 145/184 [00:02<00:00, 51.85it/s]
accuracy: 0.8276, accuracy3: 1.0000, loss: 0.5446 ||:  82%|########2 | 151/184 [00:02<00:00, 53.35it/s]
accuracy: 0.8276, accuracy3: 1.0000, loss: 0.5444 ||:  85%|########5 | 157/184 [00:03<00:00, 51.85it/s]
accuracy: 0.8275, accuracy3: 1.0000, loss: 0.5434 ||:  89%|########8 | 163/184 [00:03<00:00, 52.12it/s]
accuracy: 0.8276, accuracy3: 1.0000, loss: 0.5427 ||:  92%|#########1| 169/184 [00:03<00:00, 53.52it/s]
accuracy: 0.8278, accuracy3: 1.0000, loss: 0.5415 ||:  95%|#########5| 175/184 [00:03<00:00, 54.17it/s]
accuracy: 0.8277, accuracy3: 1.0000, loss: 0.5409 ||:  98%|#########8| 181/184 [00:03<00:00, 55.16it/s]
accuracy: 0.8274, accuracy3: 1.0000, loss: 0.5411 ||: 100%|##########| 184/184 [00:03<00:00, 52.58it/s]

  0%|          | 0/98 [00:00<?, ?it/s]
accuracy: 0.8406, accuracy3: 1.0000, loss: 0.6750 ||:   9%|9         | 9/98 [00:00<00:01, 81.50it/s]
accuracy: 0.8203, accuracy3: 1.0000, loss: 0.6783 ||:  17%|#7        | 17/98 [00:00<00:01, 80.69it/s]
accuracy: 0.8110, accuracy3: 1.0000, loss: 0.6412 ||:  27%|##6       | 26/98 [00:00<00:00, 79.97it/s]
accuracy: 0.8178, accuracy3: 1.0000, loss: 0.6397 ||:  36%|###5      | 35/98 [00:00<00:00, 80.61it/s]
accuracy: 0.8265, accuracy3: 1.0000, loss: 0.6846 ||:  44%|####3     | 43/98 [00:00<00:00, 79.59it/s]
accuracy: 0.8276, accuracy3: 1.0000, loss: 0.6660 ||:  52%|#####2    | 51/98 [00:00<00:00, 79.02it/s]
accuracy: 0.8310, accuracy3: 1.0000, loss: 0.6507 ||:  61%|######1   | 60/98 [00:00<00:00, 79.88it/s]
accuracy: 0.8360, accuracy3: 1.0000, loss: 0.6536 ||:  69%|######9   | 68/98 [00:00<00:00, 79.25it/s]
accuracy: 0.8322, accuracy3: 1.0000, loss: 0.6428 ||:  78%|#######7  | 76/98 [00:00<00:00, 78.40it/s]
accuracy: 0.8336, accuracy3: 1.0000, loss: 0.6532 ||:  86%|########5 | 84/98 [00:01<00:00, 78.22it/s]
accuracy: 0.8392, accuracy3: 1.0000, loss: 0.6670 ||:  95%|#########4| 93/98 [00:01<00:00, 79.48it/s]
accuracy: 0.8399, accuracy3: 1.0000, loss: 0.6636 ||: 100%|##########| 98/98 [00:01<00:00, 79.28it/s]

  0%|          | 0/184 [00:00<?, ?it/s]
accuracy: 0.8405, accuracy3: 1.0000, loss: 0.5270 ||:   3%|2         | 5/184 [00:00<00:04, 43.45it/s]
accuracy: 0.8359, accuracy3: 1.0000, loss: 0.5404 ||:   5%|5         | 10/184 [00:00<00:03, 44.89it/s]
accuracy: 0.8372, accuracy3: 1.0000, loss: 0.5378 ||:   8%|8         | 15/184 [00:00<00:03, 44.89it/s]
accuracy: 0.8334, accuracy3: 1.0000, loss: 0.5375 ||:  11%|#1        | 21/184 [00:00<00:03, 47.38it/s]
accuracy: 0.8320, accuracy3: 1.0000, loss: 0.5341 ||:  15%|#4        | 27/184 [00:00<00:03, 49.39it/s]
accuracy: 0.8320, accuracy3: 1.0000, loss: 0.5363 ||:  17%|#7        | 32/184 [00:00<00:03, 48.51it/s]
accuracy: 0.8339, accuracy3: 1.0000, loss: 0.5366 ||:  21%|##        | 38/184 [00:00<00:02, 50.47it/s]
accuracy: 0.8339, accuracy3: 1.0000, loss: 0.5328 ||:  23%|##3       | 43/184 [00:00<00:02, 49.15it/s]
accuracy: 0.8335, accuracy3: 1.0000, loss: 0.5345 ||:  26%|##6       | 48/184 [00:00<00:02, 48.36it/s]
accuracy: 0.8323, accuracy3: 1.0000, loss: 0.5340 ||:  29%|##8       | 53/184 [00:01<00:02, 47.96it/s]
accuracy: 0.8328, accuracy3: 1.0000, loss: 0.5306 ||:  32%|###2      | 59/184 [00:01<00:02, 47.96it/s]
accuracy: 0.8319, accuracy3: 1.0000, loss: 0.5304 ||:  35%|###4      | 64/184 [00:01<00:02, 47.97it/s]
accuracy: 0.8314, accuracy3: 1.0000, loss: 0.5306 ||:  38%|###8      | 70/184 [00:01<00:02, 49.55it/s]
accuracy: 0.8303, accuracy3: 1.0000, loss: 0.5312 ||:  41%|####1     | 76/184 [00:01<00:02, 50.33it/s]
accuracy: 0.8309, accuracy3: 1.0000, loss: 0.5327 ||:  45%|####4     | 82/184 [00:01<00:01, 52.29it/s]
accuracy: 0.8296, accuracy3: 1.0000, loss: 0.5358 ||:  48%|####7     | 88/184 [00:01<00:01, 52.32it/s]
accuracy: 0.8294, accuracy3: 1.0000, loss: 0.5379 ||:  51%|#####1    | 94/184 [00:01<00:01, 49.68it/s]
accuracy: 0.8290, accuracy3: 1.0000, loss: 0.5388 ||:  54%|#####4    | 100/184 [00:02<00:01, 51.23it/s]
accuracy: 0.8287, accuracy3: 1.0000, loss: 0.5382 ||:  58%|#####7    | 106/184 [00:02<00:01, 53.28it/s]
accuracy: 0.8289, accuracy3: 1.0000, loss: 0.5386 ||:  61%|######    | 112/184 [00:02<00:01, 52.23it/s]
accuracy: 0.8300, accuracy3: 1.0000, loss: 0.5379 ||:  64%|######4   | 118/184 [00:02<00:01, 53.33it/s]
accuracy: 0.8304, accuracy3: 1.0000, loss: 0.5382 ||:  67%|######7   | 124/184 [00:02<00:01, 53.54it/s]
accuracy: 0.8299, accuracy3: 1.0000, loss: 0.5395 ||:  71%|#######   | 130/184 [00:02<00:01, 52.41it/s]
accuracy: 0.8294, accuracy3: 1.0000, loss: 0.5403 ||:  74%|#######3  | 136/184 [00:02<00:00, 51.56it/s]
accuracy: 0.8298, accuracy3: 1.0000, loss: 0.5397 ||:  77%|#######7  | 142/184 [00:02<00:00, 50.15it/s]
accuracy: 0.8296, accuracy3: 1.0000, loss: 0.5391 ||:  80%|########  | 148/184 [00:02<00:00, 50.37it/s]
accuracy: 0.8294, accuracy3: 1.0000, loss: 0.5383 ||:  84%|########3 | 154/184 [00:03<00:00, 49.76it/s]
accuracy: 0.8293, accuracy3: 1.0000, loss: 0.5397 ||:  87%|########6 | 160/184 [00:03<00:00, 50.32it/s]
accuracy: 0.8287, accuracy3: 1.0000, loss: 0.5398 ||:  90%|######### | 166/184 [00:03<00:00, 50.12it/s]
accuracy: 0.8279, accuracy3: 1.0000, loss: 0.5402 ||:  93%|#########3| 172/184 [00:03<00:00, 50.94it/s]
accuracy: 0.8279, accuracy3: 1.0000, loss: 0.5408 ||:  97%|#########6| 178/184 [00:03<00:00, 51.74it/s]
accuracy: 0.8281, accuracy3: 1.0000, loss: 0.5405 ||: 100%|##########| 184/184 [00:03<00:00, 52.08it/s]

  0%|          | 0/98 [00:00<?, ?it/s]
accuracy: 0.8361, accuracy3: 1.0000, loss: 0.6391 ||:   8%|8         | 8/98 [00:00<00:01, 78.35it/s]
accuracy: 0.8193, accuracy3: 1.0000, loss: 0.6760 ||:  16%|#6        | 16/98 [00:00<00:01, 77.40it/s]
accuracy: 0.8126, accuracy3: 1.0000, loss: 0.6378 ||:  24%|##4       | 24/98 [00:00<00:00, 77.95it/s]
accuracy: 0.8127, accuracy3: 1.0000, loss: 0.6218 ||:  33%|###2      | 32/98 [00:00<00:00, 78.32it/s]
accuracy: 0.8247, accuracy3: 1.0000, loss: 0.6603 ||:  41%|####      | 40/98 [00:00<00:00, 78.38it/s]
accuracy: 0.8256, accuracy3: 1.0000, loss: 0.6609 ||:  50%|#####     | 49/98 [00:00<00:00, 78.52it/s]
accuracy: 0.8315, accuracy3: 1.0000, loss: 0.6388 ||:  58%|#####8    | 57/98 [00:00<00:00, 76.16it/s]
accuracy: 0.8377, accuracy3: 1.0000, loss: 0.6474 ||:  67%|######7   | 66/98 [00:00<00:00, 77.11it/s]
accuracy: 0.8324, accuracy3: 1.0000, loss: 0.6370 ||:  76%|#######5  | 74/98 [00:00<00:00, 77.55it/s]
accuracy: 0.8330, accuracy3: 1.0000, loss: 0.6420 ||:  84%|########3 | 82/98 [00:01<00:00, 76.79it/s]
accuracy: 0.8370, accuracy3: 1.0000, loss: 0.6560 ||:  93%|#########2| 91/98 [00:01<00:00, 77.46it/s]
accuracy: 0.8399, accuracy3: 1.0000, loss: 0.6536 ||: 100%|##########| 98/98 [00:01<00:00, 77.53it/s]

  0%|          | 0/184 [00:00<?, ?it/s]
accuracy: 0.8215, accuracy3: 1.0000, loss: 0.5502 ||:   3%|3         | 6/184 [00:00<00:03, 50.12it/s]
accuracy: 0.8220, accuracy3: 1.0000, loss: 0.5383 ||:   7%|6         | 12/184 [00:00<00:03, 50.97it/s]
accuracy: 0.8275, accuracy3: 1.0000, loss: 0.5297 ||:   9%|9         | 17/184 [00:00<00:03, 50.65it/s]
accuracy: 0.8246, accuracy3: 1.0000, loss: 0.5402 ||:  12%|#2        | 23/184 [00:00<00:03, 52.44it/s]
accuracy: 0.8251, accuracy3: 1.0000, loss: 0.5383 ||:  15%|#5        | 28/184 [00:00<00:03, 50.30it/s]
accuracy: 0.8243, accuracy3: 1.0000, loss: 0.5428 ||:  18%|#7        | 33/184 [00:00<00:03, 50.11it/s]
accuracy: 0.8245, accuracy3: 1.0000, loss: 0.5408 ||:  21%|##1       | 39/184 [00:00<00:02, 51.08it/s]
accuracy: 0.8252, accuracy3: 1.0000, loss: 0.5415 ||:  24%|##3       | 44/184 [00:00<00:02, 50.61it/s]
accuracy: 0.8241, accuracy3: 1.0000, loss: 0.5418 ||:  27%|##7       | 50/184 [00:00<00:02, 51.86it/s]
accuracy: 0.8236, accuracy3: 1.0000, loss: 0.5418 ||:  30%|###       | 56/184 [00:01<00:02, 50.53it/s]
accuracy: 0.8249, accuracy3: 1.0000, loss: 0.5425 ||:  33%|###3      | 61/184 [00:01<00:02, 50.25it/s]
accuracy: 0.8262, accuracy3: 1.0000, loss: 0.5387 ||:  36%|###6      | 67/184 [00:01<00:02, 51.05it/s]
accuracy: 0.8258, accuracy3: 1.0000, loss: 0.5391 ||:  40%|###9      | 73/184 [00:01<00:02, 50.03it/s]
accuracy: 0.8251, accuracy3: 1.0000, loss: 0.5410 ||:  43%|####2     | 79/184 [00:01<00:02, 49.92it/s]
accuracy: 0.8248, accuracy3: 1.0000, loss: 0.5395 ||:  46%|####6     | 85/184 [00:01<00:01, 51.00it/s]
accuracy: 0.8258, accuracy3: 1.0000, loss: 0.5384 ||:  49%|####9     | 91/184 [00:01<00:01, 52.25it/s]
accuracy: 0.8259, accuracy3: 1.0000, loss: 0.5395 ||:  53%|#####2    | 97/184 [00:01<00:01, 51.27it/s]
accuracy: 0.8261, accuracy3: 1.0000, loss: 0.5399 ||:  56%|#####5    | 103/184 [00:02<00:01, 51.68it/s]
accuracy: 0.8263, accuracy3: 1.0000, loss: 0.5390 ||:  59%|#####9    | 109/184 [00:02<00:01, 51.72it/s]
accuracy: 0.8258, accuracy3: 1.0000, loss: 0.5396 ||:  62%|######2   | 115/184 [00:02<00:01, 53.04it/s]
accuracy: 0.8259, accuracy3: 1.0000, loss: 0.5404 ||:  66%|######5   | 121/184 [00:02<00:01, 52.64it/s]
accuracy: 0.8248, accuracy3: 1.0000, loss: 0.5415 ||:  69%|######9   | 127/184 [00:02<00:01, 52.38it/s]
accuracy: 0.8255, accuracy3: 1.0000, loss: 0.5413 ||:  72%|#######2  | 133/184 [00:02<00:00, 51.23it/s]
accuracy: 0.8259, accuracy3: 1.0000, loss: 0.5418 ||:  76%|#######5  | 139/184 [00:02<00:00, 52.58it/s]
accuracy: 0.8263, accuracy3: 1.0000, loss: 0.5415 ||:  79%|#######8  | 145/184 [00:02<00:00, 51.00it/s]
accuracy: 0.8262, accuracy3: 1.0000, loss: 0.5421 ||:  82%|########2 | 151/184 [00:02<00:00, 50.24it/s]
accuracy: 0.8271, accuracy3: 1.0000, loss: 0.5423 ||:  85%|########5 | 157/184 [00:03<00:00, 49.10it/s]
accuracy: 0.8277, accuracy3: 1.0000, loss: 0.5413 ||:  89%|########8 | 163/184 [00:03<00:00, 50.75it/s]
accuracy: 0.8280, accuracy3: 1.0000, loss: 0.5408 ||:  92%|#########1| 169/184 [00:03<00:00, 51.68it/s]
accuracy: 0.8285, accuracy3: 1.0000, loss: 0.5417 ||:  95%|#########5| 175/184 [00:03<00:00, 50.11it/s]
accuracy: 0.8284, accuracy3: 1.0000, loss: 0.5409 ||:  98%|#########8| 181/184 [00:03<00:00, 52.01it/s]
accuracy: 0.8284, accuracy3: 1.0000, loss: 0.5403 ||: 100%|##########| 184/184 [00:03<00:00, 51.45it/s]

  0%|          | 0/98 [00:00<?, ?it/s]
accuracy: 0.8361, accuracy3: 1.0000, loss: 0.6415 ||:   8%|8         | 8/98 [00:00<00:01, 72.34it/s]
accuracy: 0.8202, accuracy3: 1.0000, loss: 0.6779 ||:  16%|#6        | 16/98 [00:00<00:01, 74.43it/s]
accuracy: 0.8148, accuracy3: 1.0000, loss: 0.6388 ||:  24%|##4       | 24/98 [00:00<00:00, 74.16it/s]
accuracy: 0.8159, accuracy3: 1.0000, loss: 0.6275 ||:  34%|###3      | 33/98 [00:00<00:00, 76.44it/s]
accuracy: 0.8291, accuracy3: 1.0000, loss: 0.6766 ||:  43%|####2     | 42/98 [00:00<00:00, 77.47it/s]
accuracy: 0.8299, accuracy3: 1.0000, loss: 0.6604 ||:  51%|#####1    | 50/98 [00:00<00:00, 75.07it/s]
accuracy: 0.8333, accuracy3: 1.0000, loss: 0.6412 ||:  59%|#####9    | 58/98 [00:00<00:00, 75.50it/s]
accuracy: 0.8389, accuracy3: 1.0000, loss: 0.6474 ||:  68%|######8   | 67/98 [00:00<00:00, 76.77it/s]
accuracy: 0.8353, accuracy3: 1.0000, loss: 0.6373 ||:  77%|#######6  | 75/98 [00:00<00:00, 74.73it/s]
accuracy: 0.8372, accuracy3: 1.0000, loss: 0.6456 ||:  86%|########5 | 84/98 [00:01<00:00, 77.00it/s]
accuracy: 0.8416, accuracy3: 1.0000, loss: 0.6574 ||:  94%|#########3| 92/98 [00:01<00:00, 75.40it/s]
accuracy: 0.8431, accuracy3: 1.0000, loss: 0.6553 ||: 100%|##########| 98/98 [00:01<00:00, 76.87it/s]

  0%|          | 0/184 [00:00<?, ?it/s]
accuracy: 0.8239, accuracy3: 1.0000, loss: 0.5908 ||:   3%|2         | 5/184 [00:00<00:03, 47.39it/s]
accuracy: 0.8276, accuracy3: 1.0000, loss: 0.5571 ||:   6%|5         | 11/184 [00:00<00:03, 48.01it/s]
accuracy: 0.8270, accuracy3: 1.0000, loss: 0.5487 ||:   9%|9         | 17/184 [00:00<00:03, 50.20it/s]
accuracy: 0.8259, accuracy3: 1.0000, loss: 0.5459 ||:  12%|#1        | 22/184 [00:00<00:03, 49.71it/s]
accuracy: 0.8256, accuracy3: 1.0000, loss: 0.5448 ||:  15%|#5        | 28/184 [00:00<00:03, 50.53it/s]
accuracy: 0.8243, accuracy3: 1.0000, loss: 0.5509 ||:  18%|#7        | 33/184 [00:00<00:03, 49.13it/s]
accuracy: 0.8261, accuracy3: 1.0000, loss: 0.5479 ||:  21%|##1       | 39/184 [00:00<00:02, 51.11it/s]
accuracy: 0.8265, accuracy3: 1.0000, loss: 0.5431 ||:  24%|##4       | 45/184 [00:00<00:02, 52.02it/s]
accuracy: 0.8281, accuracy3: 1.0000, loss: 0.5413 ||:  28%|##7       | 51/184 [00:00<00:02, 51.89it/s]
accuracy: 0.8275, accuracy3: 1.0000, loss: 0.5409 ||:  31%|###       | 57/184 [00:01<00:02, 52.72it/s]
accuracy: 0.8286, accuracy3: 1.0000, loss: 0.5404 ||:  34%|###4      | 63/184 [00:01<00:02, 53.05it/s]
accuracy: 0.8278, accuracy3: 1.0000, loss: 0.5398 ||:  38%|###7      | 69/184 [00:01<00:02, 52.06it/s]
accuracy: 0.8286, accuracy3: 1.0000, loss: 0.5396 ||:  41%|####      | 75/184 [00:01<00:02, 50.07it/s]
accuracy: 0.8294, accuracy3: 1.0000, loss: 0.5389 ||:  44%|####4     | 81/184 [00:01<00:01, 52.02it/s]
accuracy: 0.8289, accuracy3: 1.0000, loss: 0.5373 ||:  47%|####7     | 87/184 [00:01<00:01, 48.98it/s]
accuracy: 0.8287, accuracy3: 1.0000, loss: 0.5379 ||:  51%|#####     | 93/184 [00:01<00:01, 50.64it/s]
accuracy: 0.8285, accuracy3: 1.0000, loss: 0.5401 ||:  54%|#####3    | 99/184 [00:01<00:01, 51.57it/s]
accuracy: 0.8287, accuracy3: 1.0000, loss: 0.5406 ||:  57%|#####7    | 105/184 [00:02<00:01, 52.42it/s]
accuracy: 0.8277, accuracy3: 1.0000, loss: 0.5419 ||:  60%|######    | 111/184 [00:02<00:01, 52.24it/s]
accuracy: 0.8279, accuracy3: 1.0000, loss: 0.5416 ||:  64%|######3   | 117/184 [00:02<00:01, 53.22it/s]
accuracy: 0.8287, accuracy3: 1.0000, loss: 0.5415 ||:  67%|######6   | 123/184 [00:02<00:01, 52.16it/s]
accuracy: 0.8297, accuracy3: 1.0000, loss: 0.5410 ||:  70%|#######   | 129/184 [00:02<00:01, 51.57it/s]
accuracy: 0.8300, accuracy3: 1.0000, loss: 0.5405 ||:  73%|#######3  | 135/184 [00:02<00:00, 51.86it/s]
accuracy: 0.8304, accuracy3: 1.0000, loss: 0.5393 ||:  77%|#######6  | 141/184 [00:02<00:00, 52.14it/s]
accuracy: 0.8302, accuracy3: 1.0000, loss: 0.5389 ||:  80%|#######9  | 147/184 [00:02<00:00, 51.92it/s]
accuracy: 0.8298, accuracy3: 1.0000, loss: 0.5380 ||:  83%|########3 | 153/184 [00:02<00:00, 52.37it/s]
accuracy: 0.8297, accuracy3: 1.0000, loss: 0.5383 ||:  86%|########6 | 159/184 [00:03<00:00, 52.26it/s]
accuracy: 0.8293, accuracy3: 1.0000, loss: 0.5389 ||:  90%|########9 | 165/184 [00:03<00:00, 53.44it/s]
accuracy: 0.8288, accuracy3: 1.0000, loss: 0.5404 ||:  93%|#########2| 171/184 [00:03<00:00, 53.47it/s]
accuracy: 0.8291, accuracy3: 1.0000, loss: 0.5405 ||:  96%|#########6| 177/184 [00:03<00:00, 51.77it/s]
accuracy: 0.8283, accuracy3: 1.0000, loss: 0.5406 ||:  99%|#########9| 183/184 [00:03<00:00, 53.07it/s]
accuracy: 0.8282, accuracy3: 1.0000, loss: 0.5410 ||: 100%|##########| 184/184 [00:03<00:00, 52.09it/s]

  0%|          | 0/98 [00:00<?, ?it/s]
accuracy: 0.8361, accuracy3: 1.0000, loss: 0.6388 ||:   8%|8         | 8/98 [00:00<00:01, 79.26it/s]
accuracy: 0.8202, accuracy3: 1.0000, loss: 0.6749 ||:  16%|#6        | 16/98 [00:00<00:01, 78.06it/s]
accuracy: 0.8148, accuracy3: 1.0000, loss: 0.6369 ||:  24%|##4       | 24/98 [00:00<00:00, 78.18it/s]
accuracy: 0.8147, accuracy3: 1.0000, loss: 0.6211 ||:  33%|###2      | 32/98 [00:00<00:00, 78.24it/s]
accuracy: 0.8280, accuracy3: 1.0000, loss: 0.6665 ||:  42%|####1     | 41/98 [00:00<00:00, 79.36it/s]
accuracy: 0.8284, accuracy3: 1.0000, loss: 0.6598 ||:  50%|#####     | 49/98 [00:00<00:00, 77.84it/s]
accuracy: 0.8338, accuracy3: 1.0000, loss: 0.6381 ||:  58%|#####8    | 57/98 [00:00<00:00, 78.11it/s]
accuracy: 0.8400, accuracy3: 1.0000, loss: 0.6466 ||:  67%|######7   | 66/98 [00:00<00:00, 78.94it/s]
accuracy: 0.8353, accuracy3: 1.0000, loss: 0.6352 ||:  77%|#######6  | 75/98 [00:00<00:00, 79.06it/s]
accuracy: 0.8372, accuracy3: 1.0000, loss: 0.6432 ||:  86%|########5 | 84/98 [00:01<00:00, 80.59it/s]
accuracy: 0.8416, accuracy3: 1.0000, loss: 0.6547 ||:  94%|#########3| 92/98 [00:01<00:00, 77.78it/s]
accuracy: 0.8431, accuracy3: 1.0000, loss: 0.6527 ||: 100%|##########| 98/98 [00:01<00:00, 78.23it/s]

