0it [00:00, ?it/s]
1it [00:55, 55.89s/it]
1588it [00:55, 39.12s/it]
3173it [00:56, 27.38s/it]
4738it [00:56, 19.17s/it]
5863it [00:56, 104.23it/s]

0it [00:00, ?it/s]
1it [00:29, 29.07s/it]
1333it [00:29, 20.35s/it]
2048it [00:29, 14.25s/it]
3112it [00:29, 105.50it/s]

0it [00:00, ?it/s]
844it [00:00, 8429.40it/s]
1620it [00:00, 8213.84it/s]
2365it [00:00, 7966.10it/s]
3174it [00:00, 8000.23it/s]
3945it [00:00, 7910.01it/s]
4788it [00:00, 8055.50it/s]
5595it [00:00, 8055.85it/s]
6442it [00:00, 8170.43it/s]
7292it [00:00, 8263.31it/s]
8086it [00:01, 7830.37it/s]
8882it [00:01, 7868.13it/s]
8975it [00:01, 7967.12it/s]

0it [00:00, ?it/s]
4695it [00:00, 46948.48it/s]
10829it [00:00, 50500.33it/s]
18299it [00:00, 55925.87it/s]
28234it [00:00, 64365.68it/s]
38890it [00:00, 73042.36it/s]
52147it [00:00, 84411.32it/s]
66687it [00:00, 96546.48it/s]
81291it [00:00, 107460.05it/s]
95159it [00:00, 115242.87it/s]
110350it [00:01, 124233.31it/s]
127054it [00:01, 134573.38it/s]
143984it [00:01, 143397.38it/s]
160109it [00:01, 148308.95it/s]
176240it [00:01, 151976.43it/s]
192563it [00:01, 155178.57it/s]
209958it [00:01, 160343.78it/s]
226998it [00:01, 163233.25it/s]
244506it [00:01, 166615.04it/s]
261323it [00:01, 165011.96it/s]
278369it [00:02, 166595.64it/s]
296023it [00:02, 169444.92it/s]
313766it [00:02, 171741.40it/s]
331334it [00:02, 172903.87it/s]
348666it [00:02, 171908.68it/s]
366345it [00:02, 173336.08it/s]
383703it [00:02, 172491.85it/s]
400000it [00:02, 147823.61it/s]

  0%|          | 0/184 [00:00<?, ?it/s]
accuracy: 0.0654, accuracy3: 1.0000, loss: 0.7053 ||:   1%|          | 1/184 [00:00<00:24,  7.44it/s]
accuracy: 0.4268, accuracy3: 1.0000, loss: 0.6957 ||:   1%|1         | 2/184 [00:00<00:22,  7.96it/s]
accuracy: 0.6929, accuracy3: 1.0000, loss: 0.6809 ||:   2%|2         | 4/184 [00:00<00:20,  8.78it/s]
accuracy: 0.7430, accuracy3: 1.0000, loss: 0.6689 ||:   3%|2         | 5/184 [00:00<00:19,  8.99it/s]
accuracy: 0.7799, accuracy3: 1.0000, loss: 0.6567 ||:   3%|3         | 6/184 [00:00<00:19,  9.12it/s]
accuracy: 0.8226, accuracy3: 1.0000, loss: 0.6383 ||:   4%|4         | 8/184 [00:00<00:18,  9.76it/s]
accuracy: 0.8382, accuracy3: 1.0000, loss: 0.6385 ||:   5%|4         | 9/184 [00:00<00:19,  8.86it/s]
accuracy: 0.8575, accuracy3: 1.0000, loss: 0.6448 ||:   6%|5         | 11/184 [00:01<00:18,  9.25it/s]
accuracy: 0.8701, accuracy3: 1.0000, loss: 0.6430 ||:   7%|7         | 13/184 [00:01<00:17,  9.63it/s]
accuracy: 0.8792, accuracy3: 1.0000, loss: 0.6420 ||:   8%|8         | 15/184 [00:01<00:16, 10.52it/s]
accuracy: 0.8868, accuracy3: 1.0000, loss: 0.6376 ||:   9%|9         | 17/184 [00:01<00:15, 10.60it/s]
accuracy: 0.8941, accuracy3: 1.0000, loss: 0.6318 ||:  10%|#         | 19/184 [00:01<00:15, 10.85it/s]
accuracy: 0.8989, accuracy3: 1.0000, loss: 0.6318 ||:  11%|#1        | 21/184 [00:02<00:15, 10.57it/s]
accuracy: 0.9022, accuracy3: 1.0000, loss: 0.6317 ||:  12%|#2        | 23/184 [00:02<00:14, 10.94it/s]
accuracy: 0.9064, accuracy3: 1.0000, loss: 0.6267 ||:  14%|#3        | 25/184 [00:02<00:14, 10.85it/s]
accuracy: 0.9082, accuracy3: 1.0000, loss: 0.6275 ||:  15%|#4        | 27/184 [00:02<00:14, 11.01it/s]
accuracy: 0.9113, accuracy3: 1.0000, loss: 0.6268 ||:  16%|#5        | 29/184 [00:02<00:14, 10.48it/s]
accuracy: 0.9136, accuracy3: 1.0000, loss: 0.6255 ||:  17%|#6        | 31/184 [00:02<00:14, 10.51it/s]
accuracy: 0.9150, accuracy3: 1.0000, loss: 0.6226 ||:  18%|#7        | 33/184 [00:03<00:14, 10.77it/s]
accuracy: 0.9164, accuracy3: 1.0000, loss: 0.6207 ||:  19%|#9        | 35/184 [00:03<00:13, 11.11it/s]
accuracy: 0.9181, accuracy3: 1.0000, loss: 0.6166 ||:  20%|##        | 37/184 [00:03<00:13, 11.03it/s]
accuracy: 0.9196, accuracy3: 1.0000, loss: 0.6128 ||:  21%|##1       | 39/184 [00:03<00:13, 10.62it/s]
accuracy: 0.9206, accuracy3: 1.0000, loss: 0.6125 ||:  22%|##2       | 41/184 [00:03<00:13, 10.90it/s]
accuracy: 0.9211, accuracy3: 1.0000, loss: 0.6115 ||:  23%|##3       | 43/184 [00:04<00:13, 10.68it/s]
accuracy: 0.9218, accuracy3: 1.0000, loss: 0.6087 ||:  24%|##4       | 45/184 [00:04<00:13, 10.39it/s]
accuracy: 0.9212, accuracy3: 1.0000, loss: 0.6062 ||:  26%|##5       | 47/184 [00:04<00:13, 10.28it/s]
accuracy: 0.9200, accuracy3: 1.0000, loss: 0.6028 ||:  27%|##6       | 49/184 [00:04<00:13, 10.30it/s]
accuracy: 0.9180, accuracy3: 1.0000, loss: 0.5991 ||:  28%|##7       | 51/184 [00:04<00:12, 10.61it/s]
accuracy: 0.9177, accuracy3: 1.0000, loss: 0.5955 ||:  29%|##8       | 53/184 [00:04<00:11, 11.00it/s]
accuracy: 0.9170, accuracy3: 1.0000, loss: 0.5929 ||:  30%|##9       | 55/184 [00:05<00:11, 11.49it/s]
accuracy: 0.9156, accuracy3: 1.0000, loss: 0.5874 ||:  31%|###       | 57/184 [00:05<00:11, 11.15it/s]
accuracy: 0.9146, accuracy3: 1.0000, loss: 0.5818 ||:  32%|###2      | 59/184 [00:05<00:11, 11.25it/s]
accuracy: 0.9135, accuracy3: 1.0000, loss: 0.5765 ||:  33%|###3      | 61/184 [00:05<00:10, 11.19it/s]
accuracy: 0.9120, accuracy3: 1.0000, loss: 0.5725 ||:  34%|###4      | 63/184 [00:05<00:10, 11.29it/s]
accuracy: 0.9089, accuracy3: 1.0000, loss: 0.5697 ||:  35%|###5      | 65/184 [00:06<00:10, 10.89it/s]
accuracy: 0.9067, accuracy3: 1.0000, loss: 0.5654 ||:  36%|###6      | 67/184 [00:06<00:10, 11.45it/s]
accuracy: 0.9047, accuracy3: 1.0000, loss: 0.5612 ||:  38%|###7      | 69/184 [00:06<00:10, 11.21it/s]
accuracy: 0.9028, accuracy3: 1.0000, loss: 0.5559 ||:  39%|###8      | 71/184 [00:06<00:10, 11.12it/s]
accuracy: 0.9019, accuracy3: 1.0000, loss: 0.5519 ||:  40%|###9      | 73/184 [00:06<00:10, 10.76it/s]
accuracy: 0.9003, accuracy3: 1.0000, loss: 0.5495 ||:  41%|####      | 75/184 [00:06<00:09, 11.16it/s]
accuracy: 0.8985, accuracy3: 1.0000, loss: 0.5477 ||:  42%|####1     | 77/184 [00:07<00:09, 11.25it/s]
accuracy: 0.8972, accuracy3: 1.0000, loss: 0.5450 ||:  43%|####2     | 79/184 [00:07<00:09, 11.13it/s]
accuracy: 0.8954, accuracy3: 1.0000, loss: 0.5422 ||:  44%|####4     | 81/184 [00:07<00:09, 11.01it/s]
accuracy: 0.8929, accuracy3: 1.0000, loss: 0.5402 ||:  45%|####5     | 83/184 [00:07<00:09, 10.89it/s]
accuracy: 0.8910, accuracy3: 1.0000, loss: 0.5381 ||:  46%|####6     | 85/184 [00:07<00:09, 10.38it/s]
accuracy: 0.8898, accuracy3: 1.0000, loss: 0.5346 ||:  47%|####7     | 87/184 [00:08<00:09, 10.49it/s]
accuracy: 0.8888, accuracy3: 1.0000, loss: 0.5316 ||:  48%|####8     | 89/184 [00:08<00:09,  9.91it/s]
accuracy: 0.8884, accuracy3: 1.0000, loss: 0.5294 ||:  49%|####9     | 91/184 [00:08<00:08, 10.57it/s]
accuracy: 0.8874, accuracy3: 1.0000, loss: 0.5273 ||:  51%|#####     | 93/184 [00:08<00:08, 10.50it/s]
accuracy: 0.8864, accuracy3: 1.0000, loss: 0.5256 ||:  52%|#####1    | 95/184 [00:08<00:08, 10.72it/s]
accuracy: 0.8859, accuracy3: 1.0000, loss: 0.5226 ||:  53%|#####2    | 97/184 [00:09<00:08, 10.07it/s]
accuracy: 0.8849, accuracy3: 1.0000, loss: 0.5212 ||:  54%|#####3    | 99/184 [00:09<00:08, 10.54it/s]
accuracy: 0.8846, accuracy3: 1.0000, loss: 0.5191 ||:  55%|#####4    | 101/184 [00:09<00:08,  9.86it/s]
accuracy: 0.8840, accuracy3: 1.0000, loss: 0.5166 ||:  56%|#####5    | 103/184 [00:09<00:08, 10.08it/s]
accuracy: 0.8829, accuracy3: 1.0000, loss: 0.5144 ||:  57%|#####7    | 105/184 [00:09<00:07, 10.77it/s]
accuracy: 0.8820, accuracy3: 1.0000, loss: 0.5125 ||:  58%|#####8    | 107/184 [00:10<00:07, 10.60it/s]
accuracy: 0.8810, accuracy3: 1.0000, loss: 0.5103 ||:  59%|#####9    | 109/184 [00:10<00:07, 10.35it/s]
accuracy: 0.8804, accuracy3: 1.0000, loss: 0.5085 ||:  60%|######    | 111/184 [00:10<00:06, 11.06it/s]
accuracy: 0.8793, accuracy3: 1.0000, loss: 0.5065 ||:  61%|######1   | 113/184 [00:10<00:06, 11.37it/s]
accuracy: 0.8786, accuracy3: 1.0000, loss: 0.5051 ||:  62%|######2   | 115/184 [00:10<00:05, 11.60it/s]
accuracy: 0.8781, accuracy3: 1.0000, loss: 0.5031 ||:  64%|######3   | 117/184 [00:10<00:05, 11.57it/s]
accuracy: 0.8770, accuracy3: 1.0000, loss: 0.5011 ||:  65%|######4   | 119/184 [00:11<00:06, 10.79it/s]
accuracy: 0.8767, accuracy3: 1.0000, loss: 0.4989 ||:  66%|######5   | 121/184 [00:11<00:05, 10.84it/s]
accuracy: 0.8764, accuracy3: 1.0000, loss: 0.4971 ||:  67%|######6   | 123/184 [00:11<00:05, 10.99it/s]
accuracy: 0.8760, accuracy3: 1.0000, loss: 0.4950 ||:  68%|######7   | 125/184 [00:11<00:05, 11.07it/s]
accuracy: 0.8758, accuracy3: 1.0000, loss: 0.4926 ||:  69%|######9   | 127/184 [00:11<00:04, 11.85it/s]
accuracy: 0.8752, accuracy3: 1.0000, loss: 0.4914 ||:  70%|#######   | 129/184 [00:11<00:04, 11.81it/s]
accuracy: 0.8750, accuracy3: 1.0000, loss: 0.4907 ||:  71%|#######1  | 131/184 [00:12<00:04, 11.05it/s]
accuracy: 0.8750, accuracy3: 1.0000, loss: 0.4888 ||:  72%|#######2  | 133/184 [00:12<00:04, 11.08it/s]
accuracy: 0.8742, accuracy3: 1.0000, loss: 0.4875 ||:  73%|#######3  | 135/184 [00:12<00:04, 10.49it/s]
accuracy: 0.8739, accuracy3: 1.0000, loss: 0.4856 ||:  74%|#######4  | 137/184 [00:12<00:04, 10.83it/s]
accuracy: 0.8736, accuracy3: 1.0000, loss: 0.4841 ||:  76%|#######5  | 139/184 [00:12<00:04, 10.28it/s]
accuracy: 0.8731, accuracy3: 1.0000, loss: 0.4825 ||:  77%|#######6  | 141/184 [00:13<00:04, 10.70it/s]
accuracy: 0.8729, accuracy3: 1.0000, loss: 0.4813 ||:  78%|#######7  | 143/184 [00:13<00:03, 10.59it/s]
accuracy: 0.8730, accuracy3: 1.0000, loss: 0.4794 ||:  79%|#######8  | 145/184 [00:13<00:03, 10.85it/s]
accuracy: 0.8728, accuracy3: 1.0000, loss: 0.4787 ||:  80%|#######9  | 147/184 [00:13<00:03, 10.57it/s]
accuracy: 0.8726, accuracy3: 1.0000, loss: 0.4779 ||:  81%|########  | 149/184 [00:13<00:03, 10.79it/s]
accuracy: 0.8723, accuracy3: 1.0000, loss: 0.4774 ||:  82%|########2 | 151/184 [00:14<00:03, 10.62it/s]
accuracy: 0.8715, accuracy3: 1.0000, loss: 0.4764 ||:  83%|########3 | 153/184 [00:14<00:02, 10.71it/s]
accuracy: 0.8706, accuracy3: 1.0000, loss: 0.4756 ||:  84%|########4 | 155/184 [00:14<00:02, 10.58it/s]
accuracy: 0.8698, accuracy3: 1.0000, loss: 0.4744 ||:  85%|########5 | 157/184 [00:14<00:02, 10.91it/s]
accuracy: 0.8692, accuracy3: 1.0000, loss: 0.4728 ||:  86%|########6 | 159/184 [00:14<00:02, 11.26it/s]
accuracy: 0.8687, accuracy3: 1.0000, loss: 0.4717 ||:  88%|########7 | 161/184 [00:14<00:02, 10.82it/s]
accuracy: 0.8687, accuracy3: 1.0000, loss: 0.4708 ||:  89%|########8 | 163/184 [00:15<00:01, 10.64it/s]
accuracy: 0.8689, accuracy3: 1.0000, loss: 0.4696 ||:  90%|########9 | 165/184 [00:15<00:01, 10.98it/s]
accuracy: 0.8688, accuracy3: 1.0000, loss: 0.4688 ||:  91%|######### | 167/184 [00:15<00:01, 11.36it/s]
accuracy: 0.8688, accuracy3: 1.0000, loss: 0.4676 ||:  92%|#########1| 169/184 [00:15<00:01, 10.23it/s]
accuracy: 0.8687, accuracy3: 1.0000, loss: 0.4666 ||:  93%|#########2| 171/184 [00:15<00:01, 10.39it/s]
accuracy: 0.8682, accuracy3: 1.0000, loss: 0.4658 ||:  94%|#########4| 173/184 [00:16<00:01, 10.51it/s]
accuracy: 0.8679, accuracy3: 1.0000, loss: 0.4647 ||:  95%|#########5| 175/184 [00:16<00:00, 10.37it/s]
accuracy: 0.8676, accuracy3: 1.0000, loss: 0.4635 ||:  96%|#########6| 177/184 [00:16<00:00, 10.51it/s]
accuracy: 0.8670, accuracy3: 1.0000, loss: 0.4629 ||:  97%|#########7| 179/184 [00:16<00:00, 10.98it/s]
accuracy: 0.8664, accuracy3: 1.0000, loss: 0.4620 ||:  98%|#########8| 181/184 [00:16<00:00, 10.55it/s]
accuracy: 0.8657, accuracy3: 1.0000, loss: 0.4610 ||:  99%|#########9| 183/184 [00:17<00:00, 10.68it/s]
accuracy: 0.8657, accuracy3: 1.0000, loss: 0.4601 ||: 100%|##########| 184/184 [00:17<00:00, 10.76it/s]

  0%|          | 0/98 [00:00<?, ?it/s]
accuracy: 0.7944, accuracy3: 1.0000, loss: 0.4131 ||:   3%|3         | 3/98 [00:00<00:03, 28.55it/s]
accuracy: 0.8106, accuracy3: 1.0000, loss: 0.4717 ||:   7%|7         | 7/98 [00:00<00:03, 29.62it/s]
accuracy: 0.8255, accuracy3: 1.0000, loss: 0.5124 ||:  10%|#         | 10/98 [00:00<00:02, 29.73it/s]
accuracy: 0.8262, accuracy3: 1.0000, loss: 0.5162 ||:  14%|#4        | 14/98 [00:00<00:02, 30.10it/s]
accuracy: 0.8257, accuracy3: 1.0000, loss: 0.5091 ||:  17%|#7        | 17/98 [00:00<00:02, 28.73it/s]
accuracy: 0.8239, accuracy3: 1.0000, loss: 0.5191 ||:  21%|##1       | 21/98 [00:00<00:02, 29.31it/s]
accuracy: 0.8221, accuracy3: 1.0000, loss: 0.5020 ||:  24%|##4       | 24/98 [00:00<00:02, 29.46it/s]
accuracy: 0.8187, accuracy3: 1.0000, loss: 0.4966 ||:  28%|##7       | 27/98 [00:00<00:02, 28.33it/s]
accuracy: 0.8177, accuracy3: 1.0000, loss: 0.4847 ||:  32%|###1      | 31/98 [00:01<00:02, 29.67it/s]
accuracy: 0.8218, accuracy3: 1.0000, loss: 0.4784 ||:  36%|###5      | 35/98 [00:01<00:02, 30.97it/s]
accuracy: 0.8232, accuracy3: 1.0000, loss: 0.4822 ||:  40%|###9      | 39/98 [00:01<00:01, 30.30it/s]
accuracy: 0.8237, accuracy3: 1.0000, loss: 0.4916 ||:  44%|####3     | 43/98 [00:01<00:01, 30.32it/s]
accuracy: 0.8254, accuracy3: 1.0000, loss: 0.4940 ||:  48%|####7     | 47/98 [00:01<00:01, 29.08it/s]
accuracy: 0.8289, accuracy3: 1.0000, loss: 0.4915 ||:  51%|#####1    | 50/98 [00:01<00:01, 28.79it/s]
accuracy: 0.8316, accuracy3: 1.0000, loss: 0.4933 ||:  54%|#####4    | 53/98 [00:01<00:01, 28.93it/s]
accuracy: 0.8348, accuracy3: 1.0000, loss: 0.4844 ||:  57%|#####7    | 56/98 [00:01<00:01, 28.76it/s]
accuracy: 0.8348, accuracy3: 1.0000, loss: 0.4832 ||:  60%|######    | 59/98 [00:01<00:01, 28.68it/s]
accuracy: 0.8341, accuracy3: 1.0000, loss: 0.4804 ||:  64%|######4   | 63/98 [00:02<00:01, 28.97it/s]
accuracy: 0.8325, accuracy3: 1.0000, loss: 0.4791 ||:  67%|######7   | 66/98 [00:02<00:01, 28.84it/s]
accuracy: 0.8309, accuracy3: 1.0000, loss: 0.4758 ||:  70%|#######   | 69/98 [00:02<00:01, 27.68it/s]
accuracy: 0.8306, accuracy3: 1.0000, loss: 0.4754 ||:  74%|#######4  | 73/98 [00:02<00:00, 28.46it/s]
accuracy: 0.8297, accuracy3: 1.0000, loss: 0.4736 ||:  78%|#######7  | 76/98 [00:02<00:00, 28.71it/s]
accuracy: 0.8282, accuracy3: 1.0000, loss: 0.4790 ||:  81%|########  | 79/98 [00:02<00:00, 27.85it/s]
accuracy: 0.8287, accuracy3: 1.0000, loss: 0.4788 ||:  85%|########4 | 83/98 [00:02<00:00, 29.08it/s]
accuracy: 0.8303, accuracy3: 1.0000, loss: 0.4800 ||:  89%|########8 | 87/98 [00:02<00:00, 28.75it/s]
accuracy: 0.8314, accuracy3: 1.0000, loss: 0.4869 ||:  92%|#########1| 90/98 [00:03<00:00, 27.77it/s]
accuracy: 0.8341, accuracy3: 1.0000, loss: 0.4880 ||:  96%|#########5| 94/98 [00:03<00:00, 28.20it/s]
accuracy: 0.8355, accuracy3: 1.0000, loss: 0.4861 ||:  99%|#########8| 97/98 [00:03<00:00, 27.51it/s]
accuracy: 0.8356, accuracy3: 1.0000, loss: 0.4842 ||: 100%|##########| 98/98 [00:03<00:00, 29.23it/s]

  0%|          | 0/184 [00:00<?, ?it/s]
accuracy: 0.8435, accuracy3: 1.0000, loss: 0.3581 ||:   1%|1         | 2/184 [00:00<00:14, 12.84it/s]
accuracy: 0.8516, accuracy3: 1.0000, loss: 0.3555 ||:   2%|2         | 4/184 [00:00<00:14, 12.44it/s]
accuracy: 0.8603, accuracy3: 1.0000, loss: 0.3650 ||:   3%|3         | 6/184 [00:00<00:14, 12.64it/s]
accuracy: 0.8700, accuracy3: 1.0000, loss: 0.3672 ||:   4%|4         | 8/184 [00:00<00:14, 12.43it/s]
accuracy: 0.8727, accuracy3: 1.0000, loss: 0.3678 ||:   5%|4         | 9/184 [00:00<00:15, 11.40it/s]
accuracy: 0.8707, accuracy3: 1.0000, loss: 0.3689 ||:   6%|5         | 11/184 [00:00<00:15, 11.00it/s]
accuracy: 0.8699, accuracy3: 1.0000, loss: 0.3710 ||:   7%|7         | 13/184 [00:01<00:15, 11.09it/s]
accuracy: 0.8650, accuracy3: 1.0000, loss: 0.3761 ||:   8%|8         | 15/184 [00:01<00:14, 11.78it/s]
accuracy: 0.8596, accuracy3: 1.0000, loss: 0.3731 ||:   9%|9         | 17/184 [00:01<00:15, 10.94it/s]
accuracy: 0.8535, accuracy3: 1.0000, loss: 0.3784 ||:  10%|#         | 19/184 [00:01<00:15, 10.95it/s]
accuracy: 0.8484, accuracy3: 1.0000, loss: 0.3803 ||:  11%|#1        | 21/184 [00:01<00:14, 11.64it/s]
accuracy: 0.8465, accuracy3: 1.0000, loss: 0.3809 ||:  12%|#2        | 23/184 [00:01<00:13, 12.02it/s]
accuracy: 0.8462, accuracy3: 1.0000, loss: 0.3801 ||:  14%|#3        | 25/184 [00:02<00:13, 11.69it/s]
accuracy: 0.8472, accuracy3: 1.0000, loss: 0.3794 ||:  15%|#4        | 27/184 [00:02<00:14, 11.13it/s]
accuracy: 0.8496, accuracy3: 1.0000, loss: 0.3813 ||:  16%|#5        | 29/184 [00:02<00:14, 10.41it/s]
accuracy: 0.8490, accuracy3: 1.0000, loss: 0.3813 ||:  17%|#6        | 31/184 [00:02<00:14, 10.67it/s]
accuracy: 0.8504, accuracy3: 1.0000, loss: 0.3801 ||:  18%|#7        | 33/184 [00:02<00:14, 10.67it/s]
accuracy: 0.8485, accuracy3: 1.0000, loss: 0.3824 ||:  19%|#9        | 35/184 [00:03<00:13, 10.73it/s]
accuracy: 0.8473, accuracy3: 1.0000, loss: 0.3807 ||:  20%|##        | 37/184 [00:03<00:12, 11.62it/s]
accuracy: 0.8449, accuracy3: 1.0000, loss: 0.3832 ||:  21%|##1       | 39/184 [00:03<00:12, 12.02it/s]
accuracy: 0.8440, accuracy3: 1.0000, loss: 0.3824 ||:  22%|##2       | 41/184 [00:03<00:12, 11.11it/s]
accuracy: 0.8440, accuracy3: 1.0000, loss: 0.3822 ||:  23%|##3       | 43/184 [00:03<00:13, 10.60it/s]
accuracy: 0.8443, accuracy3: 1.0000, loss: 0.3804 ||:  24%|##4       | 45/184 [00:04<00:13, 10.56it/s]
accuracy: 0.8459, accuracy3: 1.0000, loss: 0.3793 ||:  26%|##5       | 47/184 [00:04<00:12, 11.00it/s]
accuracy: 0.8468, accuracy3: 1.0000, loss: 0.3791 ||:  27%|##6       | 49/184 [00:04<00:12, 11.19it/s]
accuracy: 0.8476, accuracy3: 1.0000, loss: 0.3804 ||:  28%|##7       | 51/184 [00:04<00:11, 11.21it/s]
accuracy: 0.8482, accuracy3: 1.0000, loss: 0.3790 ||:  29%|##8       | 53/184 [00:04<00:11, 11.25it/s]
accuracy: 0.8480, accuracy3: 1.0000, loss: 0.3774 ||:  30%|##9       | 55/184 [00:04<00:11, 11.28it/s]
accuracy: 0.8474, accuracy3: 1.0000, loss: 0.3769 ||:  31%|###       | 57/184 [00:05<00:10, 11.70it/s]
accuracy: 0.8472, accuracy3: 1.0000, loss: 0.3763 ||:  32%|###2      | 59/184 [00:05<00:10, 11.73it/s]
accuracy: 0.8472, accuracy3: 1.0000, loss: 0.3764 ||:  33%|###3      | 61/184 [00:05<00:10, 12.07it/s]
accuracy: 0.8477, accuracy3: 1.0000, loss: 0.3769 ||:  34%|###4      | 63/184 [00:05<00:10, 11.81it/s]
accuracy: 0.8486, accuracy3: 1.0000, loss: 0.3756 ||:  35%|###5      | 65/184 [00:05<00:10, 11.57it/s]
accuracy: 0.8491, accuracy3: 1.0000, loss: 0.3740 ||:  36%|###6      | 67/184 [00:05<00:10, 11.61it/s]
accuracy: 0.8501, accuracy3: 1.0000, loss: 0.3732 ||:  38%|###7      | 69/184 [00:06<00:09, 11.91it/s]
accuracy: 0.8499, accuracy3: 1.0000, loss: 0.3742 ||:  39%|###8      | 71/184 [00:06<00:09, 12.10it/s]
accuracy: 0.8504, accuracy3: 1.0000, loss: 0.3744 ||:  40%|###9      | 73/184 [00:06<00:09, 12.27it/s]
accuracy: 0.8503, accuracy3: 1.0000, loss: 0.3745 ||:  41%|####      | 75/184 [00:06<00:09, 11.94it/s]
accuracy: 0.8499, accuracy3: 1.0000, loss: 0.3737 ||:  42%|####1     | 77/184 [00:06<00:08, 12.46it/s]
accuracy: 0.8499, accuracy3: 1.0000, loss: 0.3730 ||:  43%|####2     | 79/184 [00:06<00:08, 12.60it/s]
accuracy: 0.8497, accuracy3: 1.0000, loss: 0.3721 ||:  44%|####4     | 81/184 [00:07<00:09, 11.38it/s]
accuracy: 0.8495, accuracy3: 1.0000, loss: 0.3723 ||:  45%|####5     | 83/184 [00:07<00:08, 11.67it/s]
accuracy: 0.8498, accuracy3: 1.0000, loss: 0.3716 ||:  46%|####6     | 85/184 [00:07<00:08, 11.88it/s]
accuracy: 0.8502, accuracy3: 1.0000, loss: 0.3726 ||:  47%|####7     | 87/184 [00:07<00:08, 11.99it/s]
accuracy: 0.8506, accuracy3: 1.0000, loss: 0.3728 ||:  48%|####8     | 89/184 [00:07<00:08, 11.81it/s]
accuracy: 0.8510, accuracy3: 1.0000, loss: 0.3730 ||:  49%|####9     | 91/184 [00:07<00:08, 11.21it/s]
accuracy: 0.8514, accuracy3: 1.0000, loss: 0.3720 ||:  51%|#####     | 93/184 [00:08<00:08, 10.98it/s]
accuracy: 0.8512, accuracy3: 1.0000, loss: 0.3722 ||:  52%|#####1    | 95/184 [00:08<00:07, 11.38it/s]
accuracy: 0.8511, accuracy3: 1.0000, loss: 0.3728 ||:  53%|#####2    | 97/184 [00:08<00:07, 11.33it/s]
accuracy: 0.8510, accuracy3: 1.0000, loss: 0.3728 ||:  54%|#####3    | 99/184 [00:08<00:07, 10.91it/s]
accuracy: 0.8510, accuracy3: 1.0000, loss: 0.3725 ||:  55%|#####4    | 101/184 [00:08<00:07, 11.73it/s]
accuracy: 0.8508, accuracy3: 1.0000, loss: 0.3736 ||:  56%|#####5    | 103/184 [00:08<00:06, 12.09it/s]
accuracy: 0.8505, accuracy3: 1.0000, loss: 0.3737 ||:  57%|#####7    | 105/184 [00:09<00:07, 10.63it/s]
accuracy: 0.8499, accuracy3: 1.0000, loss: 0.3745 ||:  58%|#####8    | 107/184 [00:09<00:06, 11.03it/s]
accuracy: 0.8498, accuracy3: 1.0000, loss: 0.3742 ||:  59%|#####9    | 109/184 [00:09<00:06, 11.32it/s]
accuracy: 0.8501, accuracy3: 1.0000, loss: 0.3735 ||:  60%|######    | 111/184 [00:09<00:06, 11.34it/s]
accuracy: 0.8502, accuracy3: 1.0000, loss: 0.3740 ||:  61%|######1   | 113/184 [00:09<00:06, 11.60it/s]
accuracy: 0.8502, accuracy3: 1.0000, loss: 0.3743 ||:  62%|######2   | 115/184 [00:09<00:05, 12.28it/s]
accuracy: 0.8501, accuracy3: 1.0000, loss: 0.3734 ||:  64%|######3   | 117/184 [00:10<00:05, 11.31it/s]
accuracy: 0.8505, accuracy3: 1.0000, loss: 0.3732 ||:  65%|######4   | 119/184 [00:10<00:05, 11.28it/s]
accuracy: 0.8509, accuracy3: 1.0000, loss: 0.3732 ||:  66%|######5   | 121/184 [00:10<00:05, 11.51it/s]
accuracy: 0.8513, accuracy3: 1.0000, loss: 0.3736 ||:  67%|######6   | 123/184 [00:10<00:05, 11.26it/s]
accuracy: 0.8517, accuracy3: 1.0000, loss: 0.3725 ||:  68%|######7   | 125/184 [00:10<00:05, 11.38it/s]
accuracy: 0.8517, accuracy3: 1.0000, loss: 0.3720 ||:  69%|######9   | 127/184 [00:11<00:04, 11.42it/s]
accuracy: 0.8519, accuracy3: 1.0000, loss: 0.3724 ||:  70%|#######   | 129/184 [00:11<00:04, 11.90it/s]
accuracy: 0.8519, accuracy3: 1.0000, loss: 0.3730 ||:  71%|#######1  | 131/184 [00:11<00:04, 12.03it/s]
accuracy: 0.8518, accuracy3: 1.0000, loss: 0.3727 ||:  72%|#######2  | 133/184 [00:11<00:04, 10.89it/s]
accuracy: 0.8516, accuracy3: 1.0000, loss: 0.3727 ||:  73%|#######3  | 135/184 [00:11<00:04, 10.86it/s]
accuracy: 0.8513, accuracy3: 1.0000, loss: 0.3724 ||:  74%|#######4  | 137/184 [00:11<00:04, 10.83it/s]
accuracy: 0.8512, accuracy3: 1.0000, loss: 0.3725 ||:  76%|#######5  | 139/184 [00:12<00:03, 11.33it/s]
accuracy: 0.8513, accuracy3: 1.0000, loss: 0.3721 ||:  77%|#######6  | 141/184 [00:12<00:03, 12.20it/s]
accuracy: 0.8517, accuracy3: 1.0000, loss: 0.3722 ||:  78%|#######7  | 143/184 [00:12<00:03, 11.81it/s]
accuracy: 0.8520, accuracy3: 1.0000, loss: 0.3723 ||:  79%|#######8  | 145/184 [00:12<00:03, 11.66it/s]
accuracy: 0.8526, accuracy3: 1.0000, loss: 0.3726 ||:  80%|#######9  | 147/184 [00:12<00:03, 11.23it/s]
accuracy: 0.8530, accuracy3: 1.0000, loss: 0.3727 ||:  81%|########  | 149/184 [00:12<00:02, 11.78it/s]
accuracy: 0.8532, accuracy3: 1.0000, loss: 0.3728 ||:  82%|########2 | 151/184 [00:13<00:02, 11.77it/s]
accuracy: 0.8534, accuracy3: 1.0000, loss: 0.3726 ||:  83%|########3 | 153/184 [00:13<00:02, 11.50it/s]
accuracy: 0.8536, accuracy3: 1.0000, loss: 0.3728 ||:  84%|########4 | 155/184 [00:13<00:02, 11.30it/s]
accuracy: 0.8535, accuracy3: 1.0000, loss: 0.3730 ||:  85%|########5 | 157/184 [00:13<00:02, 11.70it/s]
accuracy: 0.8536, accuracy3: 1.0000, loss: 0.3724 ||:  86%|########6 | 159/184 [00:13<00:02, 11.86it/s]
accuracy: 0.8537, accuracy3: 1.0000, loss: 0.3723 ||:  88%|########7 | 161/184 [00:14<00:01, 11.64it/s]
accuracy: 0.8538, accuracy3: 1.0000, loss: 0.3728 ||:  89%|########8 | 163/184 [00:14<00:01, 11.65it/s]
accuracy: 0.8540, accuracy3: 1.0000, loss: 0.3726 ||:  90%|########9 | 165/184 [00:14<00:01, 12.07it/s]
accuracy: 0.8540, accuracy3: 1.0000, loss: 0.3723 ||:  91%|######### | 167/184 [00:14<00:01, 11.75it/s]
accuracy: 0.8540, accuracy3: 1.0000, loss: 0.3723 ||:  92%|#########1| 169/184 [00:14<00:01, 11.65it/s]
accuracy: 0.8539, accuracy3: 1.0000, loss: 0.3722 ||:  93%|#########2| 171/184 [00:14<00:01, 11.95it/s]
accuracy: 0.8540, accuracy3: 1.0000, loss: 0.3721 ||:  94%|#########4| 173/184 [00:15<00:00, 11.95it/s]
accuracy: 0.8539, accuracy3: 1.0000, loss: 0.3716 ||:  95%|#########5| 175/184 [00:15<00:00, 11.20it/s]
accuracy: 0.8540, accuracy3: 1.0000, loss: 0.3713 ||:  96%|#########6| 177/184 [00:15<00:00, 11.20it/s]
accuracy: 0.8544, accuracy3: 1.0000, loss: 0.3714 ||:  97%|#########7| 179/184 [00:15<00:00, 10.95it/s]
accuracy: 0.8546, accuracy3: 1.0000, loss: 0.3715 ||:  98%|#########8| 181/184 [00:15<00:00, 11.33it/s]
accuracy: 0.8546, accuracy3: 1.0000, loss: 0.3716 ||:  99%|#########9| 183/184 [00:15<00:00, 11.28it/s]
accuracy: 0.8546, accuracy3: 1.0000, loss: 0.3713 ||: 100%|##########| 184/184 [00:15<00:00, 11.51it/s]

  0%|          | 0/98 [00:00<?, ?it/s]
accuracy: 0.8039, accuracy3: 1.0000, loss: 0.3832 ||:   5%|5         | 5/98 [00:00<00:02, 39.93it/s]
accuracy: 0.8357, accuracy3: 1.0000, loss: 0.5187 ||:  10%|#         | 10/98 [00:00<00:02, 39.06it/s]
accuracy: 0.8378, accuracy3: 1.0000, loss: 0.5301 ||:  14%|#4        | 14/98 [00:00<00:02, 39.05it/s]
accuracy: 0.8429, accuracy3: 1.0000, loss: 0.5249 ||:  18%|#8        | 18/98 [00:00<00:02, 36.69it/s]
accuracy: 0.8399, accuracy3: 1.0000, loss: 0.5202 ||:  22%|##2       | 22/98 [00:00<00:02, 36.95it/s]
accuracy: 0.8359, accuracy3: 1.0000, loss: 0.5057 ||:  27%|##6       | 26/98 [00:00<00:02, 34.80it/s]
accuracy: 0.8334, accuracy3: 1.0000, loss: 0.4851 ||:  32%|###1      | 31/98 [00:00<00:01, 36.55it/s]
accuracy: 0.8369, accuracy3: 1.0000, loss: 0.4778 ||:  36%|###5      | 35/98 [00:00<00:01, 37.25it/s]
accuracy: 0.8383, accuracy3: 1.0000, loss: 0.4824 ||:  40%|###9      | 39/98 [00:01<00:01, 36.84it/s]
accuracy: 0.8390, accuracy3: 1.0000, loss: 0.4924 ||:  44%|####3     | 43/98 [00:01<00:01, 36.90it/s]
accuracy: 0.8396, accuracy3: 1.0000, loss: 0.4944 ||:  48%|####7     | 47/98 [00:01<00:01, 35.45it/s]
accuracy: 0.8429, accuracy3: 1.0000, loss: 0.4879 ||:  52%|#####2    | 51/98 [00:01<00:01, 35.47it/s]
accuracy: 0.8465, accuracy3: 1.0000, loss: 0.4847 ||:  56%|#####6    | 55/98 [00:01<00:01, 35.67it/s]
accuracy: 0.8473, accuracy3: 1.0000, loss: 0.4807 ||:  60%|######    | 59/98 [00:01<00:01, 35.58it/s]
accuracy: 0.8466, accuracy3: 1.0000, loss: 0.4798 ||:  64%|######4   | 63/98 [00:01<00:00, 35.57it/s]
accuracy: 0.8455, accuracy3: 1.0000, loss: 0.4760 ||:  68%|######8   | 67/98 [00:01<00:00, 36.13it/s]
accuracy: 0.8446, accuracy3: 1.0000, loss: 0.4740 ||:  72%|#######2  | 71/98 [00:01<00:00, 35.01it/s]
accuracy: 0.8442, accuracy3: 1.0000, loss: 0.4735 ||:  77%|#######6  | 75/98 [00:02<00:00, 36.07it/s]
accuracy: 0.8420, accuracy3: 1.0000, loss: 0.4768 ||:  81%|########  | 79/98 [00:02<00:00, 34.37it/s]
accuracy: 0.8426, accuracy3: 1.0000, loss: 0.4776 ||:  85%|########4 | 83/98 [00:02<00:00, 35.81it/s]
accuracy: 0.8442, accuracy3: 1.0000, loss: 0.4783 ||:  89%|########8 | 87/98 [00:02<00:00, 36.13it/s]
accuracy: 0.8460, accuracy3: 1.0000, loss: 0.4859 ||:  93%|#########2| 91/98 [00:02<00:00, 35.83it/s]
accuracy: 0.8484, accuracy3: 1.0000, loss: 0.4857 ||:  97%|#########6| 95/98 [00:02<00:00, 35.30it/s]
accuracy: 0.8496, accuracy3: 1.0000, loss: 0.4817 ||: 100%|##########| 98/98 [00:02<00:00, 36.08it/s]

  0%|          | 0/184 [00:00<?, ?it/s]
accuracy: 0.8616, accuracy3: 1.0000, loss: 0.3021 ||:   1%|          | 1/184 [00:00<00:19,  9.34it/s]
accuracy: 0.8699, accuracy3: 1.0000, loss: 0.3406 ||:   2%|1         | 3/184 [00:00<00:17, 10.39it/s]
accuracy: 0.8604, accuracy3: 1.0000, loss: 0.3469 ||:   3%|2         | 5/184 [00:00<00:16, 10.70it/s]
accuracy: 0.8586, accuracy3: 1.0000, loss: 0.3586 ||:   3%|3         | 6/184 [00:00<00:17, 10.47it/s]
accuracy: 0.8620, accuracy3: 1.0000, loss: 0.3649 ||:   4%|4         | 8/184 [00:00<00:16, 10.83it/s]
accuracy: 0.8635, accuracy3: 1.0000, loss: 0.3614 ||:   5%|5         | 10/184 [00:00<00:15, 11.05it/s]
accuracy: 0.8653, accuracy3: 1.0000, loss: 0.3719 ||:   7%|6         | 12/184 [00:01<00:15, 11.26it/s]
accuracy: 0.8612, accuracy3: 1.0000, loss: 0.3705 ||:   8%|7         | 14/184 [00:01<00:14, 11.83it/s]
accuracy: 0.8578, accuracy3: 1.0000, loss: 0.3686 ||:   9%|8         | 16/184 [00:01<00:13, 12.09it/s]
accuracy: 0.8549, accuracy3: 1.0000, loss: 0.3666 ||:  10%|9         | 18/184 [00:01<00:13, 12.13it/s]
accuracy: 0.8536, accuracy3: 1.0000, loss: 0.3652 ||:  11%|#         | 20/184 [00:01<00:12, 12.64it/s]
accuracy: 0.8547, accuracy3: 1.0000, loss: 0.3672 ||:  12%|#1        | 22/184 [00:01<00:12, 12.71it/s]
accuracy: 0.8578, accuracy3: 1.0000, loss: 0.3620 ||:  13%|#3        | 24/184 [00:01<00:13, 11.94it/s]
accuracy: 0.8592, accuracy3: 1.0000, loss: 0.3617 ||:  14%|#4        | 26/184 [00:02<00:13, 12.07it/s]
accuracy: 0.8601, accuracy3: 1.0000, loss: 0.3638 ||:  15%|#5        | 28/184 [00:02<00:13, 11.90it/s]
accuracy: 0.8584, accuracy3: 1.0000, loss: 0.3643 ||:  16%|#6        | 30/184 [00:02<00:12, 12.04it/s]
accuracy: 0.8573, accuracy3: 1.0000, loss: 0.3647 ||:  17%|#7        | 32/184 [00:02<00:13, 11.20it/s]
accuracy: 0.8567, accuracy3: 1.0000, loss: 0.3629 ||:  18%|#8        | 34/184 [00:02<00:13, 11.13it/s]
accuracy: 0.8567, accuracy3: 1.0000, loss: 0.3608 ||:  20%|#9        | 36/184 [00:03<00:13, 10.57it/s]
accuracy: 0.8571, accuracy3: 1.0000, loss: 0.3602 ||:  21%|##        | 38/184 [00:03<00:13, 10.58it/s]
accuracy: 0.8570, accuracy3: 1.0000, loss: 0.3611 ||:  22%|##1       | 40/184 [00:03<00:14, 10.28it/s]
accuracy: 0.8572, accuracy3: 1.0000, loss: 0.3605 ||:  23%|##2       | 42/184 [00:03<00:13, 10.61it/s]
accuracy: 0.8583, accuracy3: 1.0000, loss: 0.3579 ||:  24%|##3       | 44/184 [00:03<00:12, 11.16it/s]
accuracy: 0.8587, accuracy3: 1.0000, loss: 0.3589 ||:  25%|##5       | 46/184 [00:03<00:11, 11.53it/s]
accuracy: 0.8590, accuracy3: 1.0000, loss: 0.3604 ||:  26%|##6       | 48/184 [00:04<00:11, 11.73it/s]
accuracy: 0.8591, accuracy3: 1.0000, loss: 0.3588 ||:  27%|##7       | 50/184 [00:04<00:11, 11.40it/s]
accuracy: 0.8589, accuracy3: 1.0000, loss: 0.3592 ||:  28%|##8       | 52/184 [00:04<00:12, 10.65it/s]
accuracy: 0.8581, accuracy3: 1.0000, loss: 0.3585 ||:  29%|##9       | 54/184 [00:04<00:12, 10.74it/s]
accuracy: 0.8570, accuracy3: 1.0000, loss: 0.3582 ||:  30%|###       | 56/184 [00:04<00:11, 11.33it/s]
accuracy: 0.8567, accuracy3: 1.0000, loss: 0.3572 ||:  32%|###1      | 58/184 [00:05<00:10, 11.60it/s]
accuracy: 0.8572, accuracy3: 1.0000, loss: 0.3569 ||:  33%|###2      | 60/184 [00:05<00:10, 11.63it/s]
accuracy: 0.8582, accuracy3: 1.0000, loss: 0.3565 ||:  34%|###3      | 62/184 [00:05<00:10, 11.68it/s]
accuracy: 0.8594, accuracy3: 1.0000, loss: 0.3572 ||:  35%|###4      | 64/184 [00:05<00:10, 11.77it/s]
accuracy: 0.8603, accuracy3: 1.0000, loss: 0.3577 ||:  36%|###5      | 66/184 [00:05<00:10, 11.42it/s]
accuracy: 0.8604, accuracy3: 1.0000, loss: 0.3584 ||:  37%|###6      | 68/184 [00:05<00:09, 11.80it/s]
accuracy: 0.8596, accuracy3: 1.0000, loss: 0.3588 ||:  38%|###8      | 70/184 [00:06<00:09, 12.26it/s]
accuracy: 0.8588, accuracy3: 1.0000, loss: 0.3598 ||:  39%|###9      | 72/184 [00:06<00:09, 12.05it/s]
accuracy: 0.8583, accuracy3: 1.0000, loss: 0.3596 ||:  40%|####      | 74/184 [00:06<00:08, 12.27it/s]
accuracy: 0.8577, accuracy3: 1.0000, loss: 0.3589 ||:  41%|####1     | 76/184 [00:06<00:09, 11.92it/s]
accuracy: 0.8575, accuracy3: 1.0000, loss: 0.3593 ||:  42%|####2     | 78/184 [00:06<00:09, 11.19it/s]
accuracy: 0.8576, accuracy3: 1.0000, loss: 0.3580 ||:  43%|####3     | 80/184 [00:06<00:09, 10.47it/s]
accuracy: 0.8581, accuracy3: 1.0000, loss: 0.3576 ||:  45%|####4     | 82/184 [00:07<00:09, 11.20it/s]
accuracy: 0.8592, accuracy3: 1.0000, loss: 0.3565 ||:  46%|####5     | 84/184 [00:07<00:08, 11.70it/s]
accuracy: 0.8600, accuracy3: 1.0000, loss: 0.3570 ||:  47%|####6     | 86/184 [00:07<00:08, 11.39it/s]
accuracy: 0.8609, accuracy3: 1.0000, loss: 0.3572 ||:  48%|####7     | 88/184 [00:07<00:08, 11.36it/s]
accuracy: 0.8614, accuracy3: 1.0000, loss: 0.3571 ||:  49%|####8     | 90/184 [00:07<00:08, 11.39it/s]
accuracy: 0.8613, accuracy3: 1.0000, loss: 0.3578 ||:  50%|#####     | 92/184 [00:07<00:07, 11.77it/s]
accuracy: 0.8610, accuracy3: 1.0000, loss: 0.3574 ||:  51%|#####1    | 94/184 [00:08<00:07, 11.65it/s]
accuracy: 0.8603, accuracy3: 1.0000, loss: 0.3588 ||:  52%|#####2    | 96/184 [00:08<00:07, 11.96it/s]
accuracy: 0.8595, accuracy3: 1.0000, loss: 0.3588 ||:  53%|#####3    | 98/184 [00:08<00:07, 11.35it/s]
accuracy: 0.8591, accuracy3: 1.0000, loss: 0.3580 ||:  54%|#####4    | 100/184 [00:08<00:06, 12.05it/s]
accuracy: 0.8591, accuracy3: 1.0000, loss: 0.3582 ||:  55%|#####5    | 102/184 [00:08<00:06, 12.10it/s]
accuracy: 0.8592, accuracy3: 1.0000, loss: 0.3585 ||:  57%|#####6    | 104/184 [00:08<00:06, 11.84it/s]
accuracy: 0.8596, accuracy3: 1.0000, loss: 0.3586 ||:  58%|#####7    | 106/184 [00:09<00:06, 11.85it/s]
accuracy: 0.8602, accuracy3: 1.0000, loss: 0.3579 ||:  59%|#####8    | 108/184 [00:09<00:06, 12.00it/s]
accuracy: 0.8611, accuracy3: 1.0000, loss: 0.3587 ||:  60%|#####9    | 110/184 [00:09<00:07, 10.39it/s]
accuracy: 0.8614, accuracy3: 1.0000, loss: 0.3584 ||:  61%|######    | 112/184 [00:09<00:06, 11.10it/s]
accuracy: 0.8609, accuracy3: 1.0000, loss: 0.3585 ||:  62%|######1   | 114/184 [00:09<00:06, 11.59it/s]
accuracy: 0.8605, accuracy3: 1.0000, loss: 0.3586 ||:  63%|######3   | 116/184 [00:10<00:05, 11.87it/s]
accuracy: 0.8602, accuracy3: 1.0000, loss: 0.3589 ||:  64%|######4   | 118/184 [00:10<00:05, 12.01it/s]
accuracy: 0.8600, accuracy3: 1.0000, loss: 0.3589 ||:  65%|######5   | 120/184 [00:10<00:05, 11.61it/s]
accuracy: 0.8596, accuracy3: 1.0000, loss: 0.3593 ||:  66%|######6   | 122/184 [00:10<00:05, 11.74it/s]
accuracy: 0.8595, accuracy3: 1.0000, loss: 0.3593 ||:  67%|######7   | 124/184 [00:10<00:05, 11.21it/s]
accuracy: 0.8595, accuracy3: 1.0000, loss: 0.3586 ||:  68%|######8   | 126/184 [00:10<00:05, 10.91it/s]
accuracy: 0.8596, accuracy3: 1.0000, loss: 0.3583 ||:  70%|######9   | 128/184 [00:11<00:05, 11.09it/s]
accuracy: 0.8597, accuracy3: 1.0000, loss: 0.3585 ||:  71%|#######   | 130/184 [00:11<00:04, 11.28it/s]
accuracy: 0.8597, accuracy3: 1.0000, loss: 0.3597 ||:  72%|#######1  | 132/184 [00:11<00:04, 11.15it/s]
accuracy: 0.8596, accuracy3: 1.0000, loss: 0.3593 ||:  73%|#######2  | 134/184 [00:11<00:04, 11.47it/s]
accuracy: 0.8594, accuracy3: 1.0000, loss: 0.3588 ||:  74%|#######3  | 136/184 [00:11<00:04, 11.54it/s]
accuracy: 0.8594, accuracy3: 1.0000, loss: 0.3586 ||:  75%|#######5  | 138/184 [00:11<00:03, 11.73it/s]
accuracy: 0.8593, accuracy3: 1.0000, loss: 0.3584 ||:  76%|#######6  | 140/184 [00:12<00:03, 11.72it/s]
accuracy: 0.8594, accuracy3: 1.0000, loss: 0.3585 ||:  77%|#######7  | 142/184 [00:12<00:03, 10.75it/s]
accuracy: 0.8596, accuracy3: 1.0000, loss: 0.3581 ||:  78%|#######8  | 144/184 [00:12<00:03, 11.14it/s]
accuracy: 0.8599, accuracy3: 1.0000, loss: 0.3584 ||:  79%|#######9  | 146/184 [00:12<00:03, 10.97it/s]
accuracy: 0.8598, accuracy3: 1.0000, loss: 0.3590 ||:  80%|########  | 148/184 [00:12<00:03, 11.39it/s]
accuracy: 0.8595, accuracy3: 1.0000, loss: 0.3595 ||:  82%|########1 | 150/184 [00:13<00:02, 11.64it/s]
accuracy: 0.8593, accuracy3: 1.0000, loss: 0.3592 ||:  83%|########2 | 152/184 [00:13<00:02, 11.82it/s]
accuracy: 0.8593, accuracy3: 1.0000, loss: 0.3588 ||:  84%|########3 | 154/184 [00:13<00:02, 12.16it/s]
accuracy: 0.8592, accuracy3: 1.0000, loss: 0.3585 ||:  85%|########4 | 156/184 [00:13<00:02, 12.40it/s]
accuracy: 0.8592, accuracy3: 1.0000, loss: 0.3586 ||:  86%|########5 | 158/184 [00:13<00:02, 12.28it/s]
accuracy: 0.8592, accuracy3: 1.0000, loss: 0.3591 ||:  87%|########6 | 160/184 [00:13<00:01, 12.23it/s]
accuracy: 0.8594, accuracy3: 1.0000, loss: 0.3586 ||:  88%|########8 | 162/184 [00:14<00:01, 11.93it/s]
accuracy: 0.8596, accuracy3: 1.0000, loss: 0.3581 ||:  89%|########9 | 164/184 [00:14<00:01, 11.44it/s]
accuracy: 0.8597, accuracy3: 1.0000, loss: 0.3591 ||:  90%|######### | 166/184 [00:14<00:01, 11.60it/s]
accuracy: 0.8598, accuracy3: 1.0000, loss: 0.3588 ||:  91%|#########1| 168/184 [00:14<00:01, 11.90it/s]
accuracy: 0.8600, accuracy3: 1.0000, loss: 0.3591 ||:  92%|#########2| 170/184 [00:14<00:01, 11.85it/s]
accuracy: 0.8598, accuracy3: 1.0000, loss: 0.3592 ||:  93%|#########3| 172/184 [00:14<00:01, 11.58it/s]
accuracy: 0.8599, accuracy3: 1.0000, loss: 0.3594 ||:  95%|#########4| 174/184 [00:15<00:00, 11.06it/s]
accuracy: 0.8599, accuracy3: 1.0000, loss: 0.3591 ||:  96%|#########5| 176/184 [00:15<00:00, 10.95it/s]
accuracy: 0.8600, accuracy3: 1.0000, loss: 0.3586 ||:  97%|#########6| 178/184 [00:15<00:00, 11.76it/s]
accuracy: 0.8603, accuracy3: 1.0000, loss: 0.3583 ||:  98%|#########7| 180/184 [00:15<00:00, 12.27it/s]
accuracy: 0.8605, accuracy3: 1.0000, loss: 0.3580 ||:  99%|#########8| 182/184 [00:15<00:00, 11.65it/s]
accuracy: 0.8605, accuracy3: 1.0000, loss: 0.3585 ||: 100%|##########| 184/184 [00:15<00:00, 12.28it/s]

  0%|          | 0/98 [00:00<?, ?it/s]
accuracy: 0.8212, accuracy3: 1.0000, loss: 0.3708 ||:   5%|5         | 5/98 [00:00<00:02, 40.50it/s]
accuracy: 0.8443, accuracy3: 1.0000, loss: 0.5050 ||:  10%|#         | 10/98 [00:00<00:02, 39.49it/s]
accuracy: 0.8508, accuracy3: 1.0000, loss: 0.5303 ||:  15%|#5        | 15/98 [00:00<00:02, 38.09it/s]
accuracy: 0.8539, accuracy3: 1.0000, loss: 0.5273 ||:  19%|#9        | 19/98 [00:00<00:02, 37.76it/s]
accuracy: 0.8521, accuracy3: 1.0000, loss: 0.5087 ||:  23%|##3       | 23/98 [00:00<00:02, 37.50it/s]
accuracy: 0.8493, accuracy3: 1.0000, loss: 0.4932 ||:  28%|##7       | 27/98 [00:00<00:01, 35.71it/s]
accuracy: 0.8485, accuracy3: 1.0000, loss: 0.4783 ||:  32%|###1      | 31/98 [00:00<00:01, 36.82it/s]
accuracy: 0.8512, accuracy3: 1.0000, loss: 0.4691 ||:  37%|###6      | 36/98 [00:00<00:01, 38.16it/s]
accuracy: 0.8502, accuracy3: 1.0000, loss: 0.4786 ||:  41%|####      | 40/98 [00:01<00:01, 37.40it/s]
accuracy: 0.8516, accuracy3: 1.0000, loss: 0.4891 ||:  45%|####4     | 44/98 [00:01<00:01, 37.13it/s]
accuracy: 0.8532, accuracy3: 1.0000, loss: 0.4861 ||:  49%|####8     | 48/98 [00:01<00:01, 35.89it/s]
accuracy: 0.8558, accuracy3: 1.0000, loss: 0.4819 ||:  53%|#####3    | 52/98 [00:01<00:01, 36.36it/s]
accuracy: 0.8592, accuracy3: 1.0000, loss: 0.4746 ||:  57%|#####7    | 56/98 [00:01<00:01, 36.03it/s]
accuracy: 0.8590, accuracy3: 1.0000, loss: 0.4752 ||:  61%|######1   | 60/98 [00:01<00:01, 35.85it/s]
accuracy: 0.8575, accuracy3: 1.0000, loss: 0.4748 ||:  65%|######5   | 64/98 [00:01<00:00, 35.82it/s]
accuracy: 0.8565, accuracy3: 1.0000, loss: 0.4687 ||:  69%|######9   | 68/98 [00:01<00:00, 35.43it/s]
accuracy: 0.8567, accuracy3: 1.0000, loss: 0.4659 ||:  73%|#######3  | 72/98 [00:01<00:00, 35.11it/s]
accuracy: 0.8558, accuracy3: 1.0000, loss: 0.4641 ||:  78%|#######7  | 76/98 [00:02<00:00, 35.05it/s]
accuracy: 0.8545, accuracy3: 1.0000, loss: 0.4687 ||:  82%|########1 | 80/98 [00:02<00:00, 34.73it/s]
accuracy: 0.8548, accuracy3: 1.0000, loss: 0.4682 ||:  86%|########5 | 84/98 [00:02<00:00, 35.83it/s]
accuracy: 0.8561, accuracy3: 1.0000, loss: 0.4736 ||:  90%|########9 | 88/98 [00:02<00:00, 35.33it/s]
accuracy: 0.8579, accuracy3: 1.0000, loss: 0.4777 ||:  94%|#########3| 92/98 [00:02<00:00, 35.45it/s]
accuracy: 0.8601, accuracy3: 1.0000, loss: 0.4767 ||:  98%|#########7| 96/98 [00:02<00:00, 34.53it/s]
accuracy: 0.8606, accuracy3: 1.0000, loss: 0.4744 ||: 100%|##########| 98/98 [00:02<00:00, 36.16it/s]

  0%|          | 0/184 [00:00<?, ?it/s]
accuracy: 0.8624, accuracy3: 1.0000, loss: 0.3495 ||:   1%|1         | 2/184 [00:00<00:15, 11.55it/s]
accuracy: 0.8537, accuracy3: 1.0000, loss: 0.3480 ||:   2%|2         | 4/184 [00:00<00:15, 11.96it/s]
accuracy: 0.8552, accuracy3: 1.0000, loss: 0.3492 ||:   3%|3         | 6/184 [00:00<00:14, 12.21it/s]
accuracy: 0.8566, accuracy3: 1.0000, loss: 0.3403 ||:   4%|4         | 8/184 [00:00<00:14, 12.41it/s]
accuracy: 0.8610, accuracy3: 1.0000, loss: 0.3357 ||:   5%|5         | 10/184 [00:00<00:13, 12.55it/s]
accuracy: 0.8632, accuracy3: 1.0000, loss: 0.3338 ||:   7%|6         | 12/184 [00:00<00:13, 12.33it/s]
accuracy: 0.8679, accuracy3: 1.0000, loss: 0.3307 ||:   8%|7         | 14/184 [00:01<00:14, 12.13it/s]
accuracy: 0.8719, accuracy3: 1.0000, loss: 0.3319 ||:   9%|8         | 16/184 [00:01<00:13, 12.24it/s]
accuracy: 0.8731, accuracy3: 1.0000, loss: 0.3292 ||:  10%|9         | 18/184 [00:01<00:12, 12.81it/s]
accuracy: 0.8723, accuracy3: 1.0000, loss: 0.3312 ||:  11%|#         | 20/184 [00:01<00:13, 11.76it/s]
accuracy: 0.8723, accuracy3: 1.0000, loss: 0.3282 ||:  12%|#1        | 22/184 [00:01<00:13, 11.96it/s]
accuracy: 0.8713, accuracy3: 1.0000, loss: 0.3279 ||:  13%|#3        | 24/184 [00:01<00:12, 12.59it/s]
accuracy: 0.8707, accuracy3: 1.0000, loss: 0.3308 ||:  14%|#4        | 26/184 [00:02<00:12, 12.36it/s]
accuracy: 0.8690, accuracy3: 1.0000, loss: 0.3310 ||:  15%|#5        | 28/184 [00:02<00:12, 12.78it/s]
accuracy: 0.8690, accuracy3: 1.0000, loss: 0.3310 ||:  16%|#6        | 30/184 [00:02<00:12, 12.71it/s]
accuracy: 0.8693, accuracy3: 1.0000, loss: 0.3323 ||:  17%|#7        | 32/184 [00:02<00:12, 12.15it/s]
accuracy: 0.8695, accuracy3: 1.0000, loss: 0.3338 ||:  18%|#8        | 34/184 [00:02<00:13, 11.06it/s]
accuracy: 0.8703, accuracy3: 1.0000, loss: 0.3331 ||:  20%|#9        | 36/184 [00:03<00:14, 10.22it/s]
accuracy: 0.8702, accuracy3: 1.0000, loss: 0.3356 ||:  21%|##        | 38/184 [00:03<00:13, 10.86it/s]
accuracy: 0.8704, accuracy3: 1.0000, loss: 0.3355 ||:  22%|##1       | 40/184 [00:03<00:12, 11.63it/s]
accuracy: 0.8697, accuracy3: 1.0000, loss: 0.3372 ||:  23%|##2       | 42/184 [00:03<00:12, 11.31it/s]
accuracy: 0.8687, accuracy3: 1.0000, loss: 0.3375 ||:  24%|##3       | 44/184 [00:03<00:12, 11.44it/s]
accuracy: 0.8677, accuracy3: 1.0000, loss: 0.3404 ||:  25%|##5       | 46/184 [00:03<00:11, 11.82it/s]
accuracy: 0.8664, accuracy3: 1.0000, loss: 0.3398 ||:  26%|##6       | 48/184 [00:04<00:12, 11.24it/s]
accuracy: 0.8667, accuracy3: 1.0000, loss: 0.3413 ||:  27%|##7       | 50/184 [00:04<00:12, 10.99it/s]
accuracy: 0.8669, accuracy3: 1.0000, loss: 0.3413 ||:  28%|##8       | 52/184 [00:04<00:11, 11.18it/s]
accuracy: 0.8671, accuracy3: 1.0000, loss: 0.3420 ||:  29%|##9       | 54/184 [00:04<00:11, 11.52it/s]
accuracy: 0.8667, accuracy3: 1.0000, loss: 0.3419 ||:  30%|###       | 56/184 [00:04<00:11, 11.49it/s]
accuracy: 0.8664, accuracy3: 1.0000, loss: 0.3420 ||:  32%|###1      | 58/184 [00:04<00:11, 11.43it/s]
accuracy: 0.8659, accuracy3: 1.0000, loss: 0.3424 ||:  33%|###2      | 60/184 [00:05<00:10, 12.14it/s]
accuracy: 0.8660, accuracy3: 1.0000, loss: 0.3416 ||:  34%|###3      | 62/184 [00:05<00:10, 11.78it/s]
accuracy: 0.8662, accuracy3: 1.0000, loss: 0.3436 ||:  35%|###4      | 64/184 [00:05<00:10, 11.66it/s]
accuracy: 0.8667, accuracy3: 1.0000, loss: 0.3429 ||:  36%|###5      | 66/184 [00:05<00:10, 11.68it/s]
accuracy: 0.8672, accuracy3: 1.0000, loss: 0.3424 ||:  37%|###6      | 68/184 [00:05<00:10, 11.52it/s]
accuracy: 0.8677, accuracy3: 1.0000, loss: 0.3431 ||:  38%|###8      | 70/184 [00:05<00:10, 10.74it/s]
accuracy: 0.8668, accuracy3: 1.0000, loss: 0.3435 ||:  39%|###9      | 72/184 [00:06<00:10, 11.19it/s]
accuracy: 0.8660, accuracy3: 1.0000, loss: 0.3450 ||:  40%|####      | 74/184 [00:06<00:09, 11.41it/s]
accuracy: 0.8653, accuracy3: 1.0000, loss: 0.3455 ||:  41%|####1     | 76/184 [00:06<00:09, 11.55it/s]
accuracy: 0.8651, accuracy3: 1.0000, loss: 0.3459 ||:  42%|####2     | 78/184 [00:06<00:09, 11.54it/s]
accuracy: 0.8650, accuracy3: 1.0000, loss: 0.3452 ||:  43%|####3     | 80/184 [00:06<00:08, 11.76it/s]
accuracy: 0.8654, accuracy3: 1.0000, loss: 0.3454 ||:  45%|####4     | 82/184 [00:07<00:08, 11.61it/s]
accuracy: 0.8658, accuracy3: 1.0000, loss: 0.3454 ||:  46%|####5     | 84/184 [00:07<00:08, 11.57it/s]
accuracy: 0.8664, accuracy3: 1.0000, loss: 0.3443 ||:  47%|####6     | 86/184 [00:07<00:08, 11.55it/s]
accuracy: 0.8664, accuracy3: 1.0000, loss: 0.3454 ||:  48%|####7     | 88/184 [00:07<00:08, 11.01it/s]
accuracy: 0.8665, accuracy3: 1.0000, loss: 0.3456 ||:  49%|####8     | 90/184 [00:07<00:08, 11.35it/s]
accuracy: 0.8668, accuracy3: 1.0000, loss: 0.3455 ||:  50%|#####     | 92/184 [00:07<00:07, 11.91it/s]
accuracy: 0.8666, accuracy3: 1.0000, loss: 0.3457 ||:  51%|#####1    | 94/184 [00:08<00:07, 12.26it/s]
accuracy: 0.8666, accuracy3: 1.0000, loss: 0.3452 ||:  52%|#####2    | 96/184 [00:08<00:07, 11.75it/s]
accuracy: 0.8667, accuracy3: 1.0000, loss: 0.3454 ||:  53%|#####3    | 98/184 [00:08<00:08, 10.41it/s]
accuracy: 0.8669, accuracy3: 1.0000, loss: 0.3457 ||:  54%|#####4    | 100/184 [00:08<00:07, 10.94it/s]
accuracy: 0.8671, accuracy3: 1.0000, loss: 0.3467 ||:  55%|#####5    | 102/184 [00:08<00:07, 11.47it/s]
accuracy: 0.8671, accuracy3: 1.0000, loss: 0.3466 ||:  57%|#####6    | 104/184 [00:08<00:07, 11.32it/s]
accuracy: 0.8671, accuracy3: 1.0000, loss: 0.3462 ||:  58%|#####7    | 106/184 [00:09<00:06, 11.46it/s]
accuracy: 0.8668, accuracy3: 1.0000, loss: 0.3463 ||:  59%|#####8    | 108/184 [00:09<00:06, 11.05it/s]
accuracy: 0.8665, accuracy3: 1.0000, loss: 0.3457 ||:  60%|#####9    | 110/184 [00:09<00:06, 11.44it/s]
accuracy: 0.8664, accuracy3: 1.0000, loss: 0.3459 ||:  61%|######    | 112/184 [00:09<00:06, 10.91it/s]
accuracy: 0.8664, accuracy3: 1.0000, loss: 0.3466 ||:  62%|######1   | 114/184 [00:09<00:06, 11.06it/s]
accuracy: 0.8665, accuracy3: 1.0000, loss: 0.3467 ||:  63%|######3   | 116/184 [00:10<00:06, 10.72it/s]
accuracy: 0.8665, accuracy3: 1.0000, loss: 0.3466 ||:  64%|######4   | 118/184 [00:10<00:06, 10.51it/s]
accuracy: 0.8667, accuracy3: 1.0000, loss: 0.3459 ||:  65%|######5   | 120/184 [00:10<00:05, 10.71it/s]
accuracy: 0.8667, accuracy3: 1.0000, loss: 0.3457 ||:  66%|######6   | 122/184 [00:10<00:05, 11.12it/s]
accuracy: 0.8668, accuracy3: 1.0000, loss: 0.3464 ||:  67%|######7   | 124/184 [00:10<00:05, 10.86it/s]
accuracy: 0.8668, accuracy3: 1.0000, loss: 0.3467 ||:  68%|######8   | 126/184 [00:10<00:05, 11.40it/s]
accuracy: 0.8667, accuracy3: 1.0000, loss: 0.3466 ||:  70%|######9   | 128/184 [00:11<00:04, 12.03it/s]
accuracy: 0.8666, accuracy3: 1.0000, loss: 0.3466 ||:  71%|#######   | 130/184 [00:11<00:04, 12.05it/s]
accuracy: 0.8665, accuracy3: 1.0000, loss: 0.3462 ||:  72%|#######1  | 132/184 [00:11<00:04, 11.86it/s]
accuracy: 0.8665, accuracy3: 1.0000, loss: 0.3466 ||:  73%|#######2  | 134/184 [00:11<00:04, 12.14it/s]
accuracy: 0.8660, accuracy3: 1.0000, loss: 0.3469 ||:  74%|#######3  | 136/184 [00:11<00:04, 11.35it/s]
accuracy: 0.8664, accuracy3: 1.0000, loss: 0.3461 ||:  75%|#######5  | 138/184 [00:11<00:03, 11.92it/s]
accuracy: 0.8665, accuracy3: 1.0000, loss: 0.3466 ||:  76%|#######6  | 140/184 [00:12<00:03, 11.56it/s]
accuracy: 0.8667, accuracy3: 1.0000, loss: 0.3468 ||:  77%|#######7  | 142/184 [00:12<00:03, 11.65it/s]
accuracy: 0.8670, accuracy3: 1.0000, loss: 0.3459 ||:  78%|#######8  | 144/184 [00:12<00:03, 12.00it/s]
accuracy: 0.8673, accuracy3: 1.0000, loss: 0.3456 ||:  79%|#######9  | 146/184 [00:12<00:03, 12.12it/s]
accuracy: 0.8676, accuracy3: 1.0000, loss: 0.3452 ||:  80%|########  | 148/184 [00:12<00:03, 10.89it/s]
accuracy: 0.8676, accuracy3: 1.0000, loss: 0.3449 ||:  82%|########1 | 150/184 [00:12<00:03, 11.25it/s]
accuracy: 0.8677, accuracy3: 1.0000, loss: 0.3459 ||:  83%|########2 | 152/184 [00:13<00:02, 11.23it/s]
accuracy: 0.8677, accuracy3: 1.0000, loss: 0.3458 ||:  84%|########3 | 154/184 [00:13<00:02, 10.73it/s]
accuracy: 0.8677, accuracy3: 1.0000, loss: 0.3454 ||:  85%|########4 | 156/184 [00:13<00:02, 10.90it/s]
accuracy: 0.8677, accuracy3: 1.0000, loss: 0.3456 ||:  86%|########5 | 158/184 [00:13<00:02, 10.40it/s]
accuracy: 0.8676, accuracy3: 1.0000, loss: 0.3452 ||:  87%|########6 | 160/184 [00:13<00:02, 10.80it/s]
accuracy: 0.8674, accuracy3: 1.0000, loss: 0.3452 ||:  88%|########8 | 162/184 [00:14<00:02,  9.88it/s]
accuracy: 0.8676, accuracy3: 1.0000, loss: 0.3448 ||:  89%|########9 | 164/184 [00:14<00:01, 10.23it/s]
accuracy: 0.8677, accuracy3: 1.0000, loss: 0.3445 ||:  90%|######### | 166/184 [00:14<00:01, 10.80it/s]
accuracy: 0.8678, accuracy3: 1.0000, loss: 0.3443 ||:  91%|#########1| 168/184 [00:14<00:01, 10.88it/s]
accuracy: 0.8677, accuracy3: 1.0000, loss: 0.3445 ||:  92%|#########2| 170/184 [00:14<00:01, 11.20it/s]
accuracy: 0.8679, accuracy3: 1.0000, loss: 0.3445 ||:  93%|#########3| 172/184 [00:15<00:01, 11.54it/s]
accuracy: 0.8679, accuracy3: 1.0000, loss: 0.3452 ||:  95%|#########4| 174/184 [00:15<00:00, 11.79it/s]
accuracy: 0.8677, accuracy3: 1.0000, loss: 0.3454 ||:  96%|#########5| 176/184 [00:15<00:00, 12.02it/s]
accuracy: 0.8673, accuracy3: 1.0000, loss: 0.3461 ||:  97%|#########6| 178/184 [00:15<00:00, 12.01it/s]
accuracy: 0.8670, accuracy3: 1.0000, loss: 0.3461 ||:  98%|#########7| 180/184 [00:15<00:00, 11.86it/s]
accuracy: 0.8668, accuracy3: 1.0000, loss: 0.3459 ||:  99%|#########8| 182/184 [00:15<00:00, 11.73it/s]
accuracy: 0.8669, accuracy3: 1.0000, loss: 0.3457 ||: 100%|##########| 184/184 [00:15<00:00, 12.46it/s]

  0%|          | 0/98 [00:00<?, ?it/s]
accuracy: 0.8245, accuracy3: 1.0000, loss: 0.3704 ||:   4%|4         | 4/98 [00:00<00:02, 39.67it/s]
accuracy: 0.8487, accuracy3: 1.0000, loss: 0.5003 ||:   9%|9         | 9/98 [00:00<00:02, 40.22it/s]
accuracy: 0.8612, accuracy3: 1.0000, loss: 0.5229 ||:  13%|#3        | 13/98 [00:00<00:02, 38.28it/s]
accuracy: 0.8664, accuracy3: 1.0000, loss: 0.5302 ||:  17%|#7        | 17/98 [00:00<00:02, 35.74it/s]
accuracy: 0.8657, accuracy3: 1.0000, loss: 0.5324 ||:  21%|##1       | 21/98 [00:00<00:02, 36.15it/s]
accuracy: 0.8642, accuracy3: 1.0000, loss: 0.5135 ||:  26%|##5       | 25/98 [00:00<00:02, 36.35it/s]
accuracy: 0.8627, accuracy3: 1.0000, loss: 0.4914 ||:  30%|##9       | 29/98 [00:00<00:01, 36.28it/s]
accuracy: 0.8651, accuracy3: 1.0000, loss: 0.4878 ||:  34%|###3      | 33/98 [00:00<00:01, 37.20it/s]
accuracy: 0.8681, accuracy3: 1.0000, loss: 0.4888 ||:  39%|###8      | 38/98 [00:01<00:01, 37.68it/s]
accuracy: 0.8677, accuracy3: 1.0000, loss: 0.5025 ||:  43%|####2     | 42/98 [00:01<00:01, 37.41it/s]
accuracy: 0.8699, accuracy3: 1.0000, loss: 0.5110 ||:  47%|####6     | 46/98 [00:01<00:01, 36.27it/s]
accuracy: 0.8718, accuracy3: 1.0000, loss: 0.5009 ||:  51%|#####1    | 50/98 [00:01<00:01, 35.20it/s]
accuracy: 0.8740, accuracy3: 1.0000, loss: 0.4988 ||:  55%|#####5    | 54/98 [00:01<00:01, 35.66it/s]
accuracy: 0.8759, accuracy3: 1.0000, loss: 0.4893 ||:  59%|#####9    | 58/98 [00:01<00:01, 35.03it/s]
accuracy: 0.8741, accuracy3: 1.0000, loss: 0.4885 ||:  63%|######3   | 62/98 [00:01<00:00, 36.19it/s]
accuracy: 0.8713, accuracy3: 1.0000, loss: 0.4862 ||:  67%|######7   | 66/98 [00:01<00:00, 36.32it/s]
accuracy: 0.8719, accuracy3: 1.0000, loss: 0.4779 ||:  71%|#######1  | 70/98 [00:01<00:00, 34.96it/s]
accuracy: 0.8725, accuracy3: 1.0000, loss: 0.4780 ||:  76%|#######5  | 74/98 [00:02<00:00, 35.97it/s]
accuracy: 0.8697, accuracy3: 1.0000, loss: 0.4747 ||:  80%|#######9  | 78/98 [00:02<00:00, 34.92it/s]
accuracy: 0.8690, accuracy3: 1.0000, loss: 0.4792 ||:  85%|########4 | 83/98 [00:02<00:00, 36.34it/s]
accuracy: 0.8697, accuracy3: 1.0000, loss: 0.4794 ||:  89%|########8 | 87/98 [00:02<00:00, 36.51it/s]
accuracy: 0.8705, accuracy3: 1.0000, loss: 0.4866 ||:  93%|#########2| 91/98 [00:02<00:00, 35.48it/s]
accuracy: 0.8724, accuracy3: 1.0000, loss: 0.4862 ||:  97%|#########6| 95/98 [00:02<00:00, 34.72it/s]
accuracy: 0.8733, accuracy3: 1.0000, loss: 0.4827 ||: 100%|##########| 98/98 [00:02<00:00, 36.16it/s]

  0%|          | 0/184 [00:00<?, ?it/s]
accuracy: 0.8632, accuracy3: 1.0000, loss: 0.3636 ||:   1%|1         | 2/184 [00:00<00:14, 12.37it/s]
accuracy: 0.8652, accuracy3: 1.0000, loss: 0.3520 ||:   2%|2         | 4/184 [00:00<00:14, 12.27it/s]
accuracy: 0.8643, accuracy3: 1.0000, loss: 0.3626 ||:   3%|3         | 6/184 [00:00<00:14, 12.41it/s]
accuracy: 0.8627, accuracy3: 1.0000, loss: 0.3560 ||:   4%|4         | 8/184 [00:00<00:14, 11.80it/s]
accuracy: 0.8575, accuracy3: 1.0000, loss: 0.3567 ||:   5%|5         | 10/184 [00:00<00:14, 11.80it/s]
accuracy: 0.8543, accuracy3: 1.0000, loss: 0.3510 ||:   7%|6         | 12/184 [00:01<00:14, 11.78it/s]
accuracy: 0.8535, accuracy3: 1.0000, loss: 0.3469 ||:   8%|7         | 14/184 [00:01<00:14, 12.10it/s]
accuracy: 0.8525, accuracy3: 1.0000, loss: 0.3519 ||:   9%|8         | 16/184 [00:01<00:14, 11.83it/s]
accuracy: 0.8568, accuracy3: 1.0000, loss: 0.3460 ||:  10%|9         | 18/184 [00:01<00:14, 11.71it/s]
accuracy: 0.8605, accuracy3: 1.0000, loss: 0.3457 ||:  11%|#         | 20/184 [00:01<00:13, 11.73it/s]
accuracy: 0.8643, accuracy3: 1.0000, loss: 0.3435 ||:  12%|#1        | 22/184 [00:01<00:14, 11.30it/s]
accuracy: 0.8660, accuracy3: 1.0000, loss: 0.3447 ||:  13%|#3        | 24/184 [00:02<00:13, 11.74it/s]
accuracy: 0.8659, accuracy3: 1.0000, loss: 0.3428 ||:  14%|#4        | 26/184 [00:02<00:12, 12.23it/s]
accuracy: 0.8643, accuracy3: 1.0000, loss: 0.3437 ||:  15%|#5        | 28/184 [00:02<00:13, 11.62it/s]
accuracy: 0.8632, accuracy3: 1.0000, loss: 0.3435 ||:  16%|#6        | 30/184 [00:02<00:14, 10.54it/s]
accuracy: 0.8623, accuracy3: 1.0000, loss: 0.3435 ||:  17%|#7        | 32/184 [00:02<00:14, 10.60it/s]
accuracy: 0.8624, accuracy3: 1.0000, loss: 0.3422 ||:  18%|#8        | 34/184 [00:02<00:14, 10.62it/s]
accuracy: 0.8615, accuracy3: 1.0000, loss: 0.3425 ||:  20%|#9        | 36/184 [00:03<00:13, 11.35it/s]
accuracy: 0.8615, accuracy3: 1.0000, loss: 0.3421 ||:  21%|##        | 38/184 [00:03<00:12, 11.90it/s]
accuracy: 0.8619, accuracy3: 1.0000, loss: 0.3419 ||:  22%|##1       | 40/184 [00:03<00:12, 11.71it/s]
accuracy: 0.8627, accuracy3: 1.0000, loss: 0.3412 ||:  23%|##2       | 42/184 [00:03<00:12, 11.56it/s]
accuracy: 0.8638, accuracy3: 1.0000, loss: 0.3421 ||:  24%|##3       | 44/184 [00:03<00:12, 11.23it/s]
accuracy: 0.8652, accuracy3: 1.0000, loss: 0.3421 ||:  25%|##5       | 46/184 [00:03<00:11, 11.80it/s]
accuracy: 0.8662, accuracy3: 1.0000, loss: 0.3404 ||:  26%|##6       | 48/184 [00:04<00:11, 12.15it/s]
accuracy: 0.8665, accuracy3: 1.0000, loss: 0.3388 ||:  27%|##7       | 50/184 [00:04<00:10, 12.37it/s]
accuracy: 0.8667, accuracy3: 1.0000, loss: 0.3379 ||:  28%|##8       | 52/184 [00:04<00:12, 11.00it/s]
accuracy: 0.8665, accuracy3: 1.0000, loss: 0.3377 ||:  29%|##9       | 54/184 [00:04<00:12, 10.72it/s]
accuracy: 0.8675, accuracy3: 1.0000, loss: 0.3367 ||:  30%|###       | 56/184 [00:04<00:11, 11.39it/s]
accuracy: 0.8680, accuracy3: 1.0000, loss: 0.3377 ||:  32%|###1      | 58/184 [00:05<00:11, 11.35it/s]
accuracy: 0.8682, accuracy3: 1.0000, loss: 0.3385 ||:  33%|###2      | 60/184 [00:05<00:10, 11.97it/s]
accuracy: 0.8689, accuracy3: 1.0000, loss: 0.3374 ||:  34%|###3      | 62/184 [00:05<00:10, 12.06it/s]
accuracy: 0.8691, accuracy3: 1.0000, loss: 0.3374 ||:  35%|###4      | 64/184 [00:05<00:10, 11.29it/s]
accuracy: 0.8694, accuracy3: 1.0000, loss: 0.3378 ||:  36%|###5      | 66/184 [00:05<00:10, 11.53it/s]
accuracy: 0.8701, accuracy3: 1.0000, loss: 0.3365 ||:  37%|###6      | 68/184 [00:05<00:09, 11.78it/s]
accuracy: 0.8700, accuracy3: 1.0000, loss: 0.3367 ||:  38%|###8      | 70/184 [00:06<00:09, 11.50it/s]
accuracy: 0.8699, accuracy3: 1.0000, loss: 0.3367 ||:  39%|###9      | 72/184 [00:06<00:09, 11.90it/s]
accuracy: 0.8702, accuracy3: 1.0000, loss: 0.3367 ||:  40%|####      | 74/184 [00:06<00:10, 10.82it/s]
accuracy: 0.8703, accuracy3: 1.0000, loss: 0.3377 ||:  41%|####1     | 76/184 [00:06<00:10, 10.77it/s]
accuracy: 0.8700, accuracy3: 1.0000, loss: 0.3373 ||:  42%|####2     | 78/184 [00:06<00:09, 11.10it/s]
accuracy: 0.8700, accuracy3: 1.0000, loss: 0.3381 ||:  43%|####3     | 80/184 [00:06<00:08, 11.60it/s]
accuracy: 0.8703, accuracy3: 1.0000, loss: 0.3378 ||:  45%|####4     | 82/184 [00:07<00:08, 11.37it/s]
accuracy: 0.8704, accuracy3: 1.0000, loss: 0.3392 ||:  46%|####5     | 84/184 [00:07<00:08, 11.20it/s]
accuracy: 0.8708, accuracy3: 1.0000, loss: 0.3390 ||:  47%|####6     | 86/184 [00:07<00:09, 10.54it/s]
accuracy: 0.8708, accuracy3: 1.0000, loss: 0.3379 ||:  48%|####7     | 88/184 [00:07<00:08, 10.75it/s]
accuracy: 0.8713, accuracy3: 1.0000, loss: 0.3368 ||:  49%|####8     | 90/184 [00:07<00:08, 11.00it/s]
accuracy: 0.8718, accuracy3: 1.0000, loss: 0.3373 ||:  50%|#####     | 92/184 [00:08<00:08, 10.72it/s]
accuracy: 0.8721, accuracy3: 1.0000, loss: 0.3371 ||:  51%|#####1    | 94/184 [00:08<00:08, 11.05it/s]
accuracy: 0.8725, accuracy3: 1.0000, loss: 0.3375 ||:  52%|#####2    | 96/184 [00:08<00:07, 11.75it/s]
accuracy: 0.8724, accuracy3: 1.0000, loss: 0.3370 ||:  53%|#####3    | 98/184 [00:08<00:07, 11.86it/s]
accuracy: 0.8719, accuracy3: 1.0000, loss: 0.3372 ||:  54%|#####4    | 100/184 [00:08<00:07, 11.76it/s]
accuracy: 0.8710, accuracy3: 1.0000, loss: 0.3375 ||:  55%|#####5    | 102/184 [00:08<00:06, 11.99it/s]
accuracy: 0.8699, accuracy3: 1.0000, loss: 0.3385 ||:  57%|#####6    | 104/184 [00:09<00:06, 11.53it/s]
accuracy: 0.8695, accuracy3: 1.0000, loss: 0.3385 ||:  58%|#####7    | 106/184 [00:09<00:06, 11.28it/s]
accuracy: 0.8692, accuracy3: 1.0000, loss: 0.3390 ||:  59%|#####8    | 108/184 [00:09<00:06, 11.65it/s]
accuracy: 0.8693, accuracy3: 1.0000, loss: 0.3390 ||:  60%|#####9    | 110/184 [00:09<00:06, 11.27it/s]
accuracy: 0.8697, accuracy3: 1.0000, loss: 0.3382 ||:  61%|######    | 112/184 [00:09<00:06, 11.68it/s]
accuracy: 0.8702, accuracy3: 1.0000, loss: 0.3376 ||:  62%|######1   | 114/184 [00:09<00:06, 11.17it/s]
accuracy: 0.8711, accuracy3: 1.0000, loss: 0.3366 ||:  63%|######3   | 116/184 [00:10<00:06, 11.14it/s]
accuracy: 0.8717, accuracy3: 1.0000, loss: 0.3374 ||:  64%|######4   | 118/184 [00:10<00:05, 11.45it/s]
accuracy: 0.8717, accuracy3: 1.0000, loss: 0.3376 ||:  65%|######5   | 120/184 [00:10<00:05, 11.19it/s]
accuracy: 0.8711, accuracy3: 1.0000, loss: 0.3373 ||:  66%|######6   | 122/184 [00:10<00:05, 11.79it/s]
accuracy: 0.8708, accuracy3: 1.0000, loss: 0.3377 ||:  67%|######7   | 124/184 [00:10<00:05, 11.93it/s]
accuracy: 0.8702, accuracy3: 1.0000, loss: 0.3381 ||:  68%|######8   | 126/184 [00:10<00:04, 11.74it/s]
accuracy: 0.8697, accuracy3: 1.0000, loss: 0.3381 ||:  70%|######9   | 128/184 [00:11<00:05, 10.63it/s]
accuracy: 0.8696, accuracy3: 1.0000, loss: 0.3381 ||:  71%|#######   | 130/184 [00:11<00:04, 11.28it/s]
accuracy: 0.8693, accuracy3: 1.0000, loss: 0.3382 ||:  72%|#######1  | 132/184 [00:11<00:04, 11.25it/s]
accuracy: 0.8689, accuracy3: 1.0000, loss: 0.3379 ||:  73%|#######2  | 134/184 [00:11<00:04, 11.39it/s]
accuracy: 0.8687, accuracy3: 1.0000, loss: 0.3374 ||:  74%|#######3  | 136/184 [00:11<00:04, 10.94it/s]
accuracy: 0.8686, accuracy3: 1.0000, loss: 0.3381 ||:  75%|#######5  | 138/184 [00:12<00:03, 11.53it/s]
accuracy: 0.8685, accuracy3: 1.0000, loss: 0.3378 ||:  76%|#######6  | 140/184 [00:12<00:03, 11.81it/s]
accuracy: 0.8687, accuracy3: 1.0000, loss: 0.3376 ||:  77%|#######7  | 142/184 [00:12<00:03, 11.48it/s]
accuracy: 0.8690, accuracy3: 1.0000, loss: 0.3371 ||:  78%|#######8  | 144/184 [00:12<00:03, 11.48it/s]
accuracy: 0.8691, accuracy3: 1.0000, loss: 0.3371 ||:  79%|#######9  | 146/184 [00:12<00:03, 11.78it/s]
accuracy: 0.8694, accuracy3: 1.0000, loss: 0.3366 ||:  80%|########  | 148/184 [00:12<00:02, 12.00it/s]
accuracy: 0.8694, accuracy3: 1.0000, loss: 0.3376 ||:  82%|########1 | 150/184 [00:13<00:02, 11.70it/s]
accuracy: 0.8695, accuracy3: 1.0000, loss: 0.3370 ||:  83%|########2 | 152/184 [00:13<00:02, 11.72it/s]
accuracy: 0.8696, accuracy3: 1.0000, loss: 0.3367 ||:  84%|########3 | 154/184 [00:13<00:02, 11.74it/s]
accuracy: 0.8695, accuracy3: 1.0000, loss: 0.3364 ||:  85%|########4 | 156/184 [00:13<00:02, 11.70it/s]
accuracy: 0.8692, accuracy3: 1.0000, loss: 0.3365 ||:  86%|########5 | 158/184 [00:13<00:02, 11.90it/s]
accuracy: 0.8693, accuracy3: 1.0000, loss: 0.3365 ||:  87%|########6 | 160/184 [00:13<00:02, 11.70it/s]
accuracy: 0.8695, accuracy3: 1.0000, loss: 0.3362 ||:  88%|########8 | 162/184 [00:14<00:02, 10.64it/s]
accuracy: 0.8697, accuracy3: 1.0000, loss: 0.3358 ||:  89%|########9 | 164/184 [00:14<00:01, 10.89it/s]
accuracy: 0.8699, accuracy3: 1.0000, loss: 0.3357 ||:  90%|######### | 166/184 [00:14<00:01, 11.01it/s]
accuracy: 0.8700, accuracy3: 1.0000, loss: 0.3358 ||:  91%|#########1| 168/184 [00:14<00:01, 11.24it/s]
accuracy: 0.8699, accuracy3: 1.0000, loss: 0.3354 ||:  92%|#########2| 170/184 [00:14<00:01, 11.32it/s]
accuracy: 0.8697, accuracy3: 1.0000, loss: 0.3355 ||:  93%|#########3| 172/184 [00:15<00:01, 11.47it/s]
accuracy: 0.8695, accuracy3: 1.0000, loss: 0.3355 ||:  95%|#########4| 174/184 [00:15<00:00, 11.54it/s]
accuracy: 0.8693, accuracy3: 1.0000, loss: 0.3360 ||:  96%|#########5| 176/184 [00:15<00:00, 11.19it/s]
accuracy: 0.8694, accuracy3: 1.0000, loss: 0.3354 ||:  97%|#########6| 178/184 [00:15<00:00, 11.18it/s]
accuracy: 0.8696, accuracy3: 1.0000, loss: 0.3354 ||:  98%|#########7| 180/184 [00:15<00:00, 11.65it/s]
accuracy: 0.8699, accuracy3: 1.0000, loss: 0.3358 ||:  99%|#########8| 182/184 [00:15<00:00, 11.60it/s]
accuracy: 0.8699, accuracy3: 1.0000, loss: 0.3358 ||: 100%|##########| 184/184 [00:16<00:00, 12.62it/s]

  0%|          | 0/98 [00:00<?, ?it/s]
accuracy: 0.8361, accuracy3: 1.0000, loss: 0.3612 ||:   4%|4         | 4/98 [00:00<00:02, 37.74it/s]
accuracy: 0.8526, accuracy3: 1.0000, loss: 0.4980 ||:   8%|8         | 8/98 [00:00<00:02, 37.66it/s]
accuracy: 0.8624, accuracy3: 1.0000, loss: 0.5520 ||:  12%|#2        | 12/98 [00:00<00:02, 36.98it/s]
accuracy: 0.8636, accuracy3: 1.0000, loss: 0.5578 ||:  16%|#6        | 16/98 [00:00<00:02, 35.80it/s]
accuracy: 0.8626, accuracy3: 1.0000, loss: 0.5525 ||:  20%|##        | 20/98 [00:00<00:02, 36.08it/s]
accuracy: 0.8605, accuracy3: 1.0000, loss: 0.5254 ||:  24%|##4       | 24/98 [00:00<00:02, 36.09it/s]
accuracy: 0.8593, accuracy3: 1.0000, loss: 0.5107 ||:  29%|##8       | 28/98 [00:00<00:01, 35.49it/s]
accuracy: 0.8611, accuracy3: 1.0000, loss: 0.4959 ||:  34%|###3      | 33/98 [00:00<00:01, 36.65it/s]
accuracy: 0.8641, accuracy3: 1.0000, loss: 0.4963 ||:  39%|###8      | 38/98 [00:01<00:01, 36.94it/s]
accuracy: 0.8632, accuracy3: 1.0000, loss: 0.5117 ||:  43%|####2     | 42/98 [00:01<00:01, 36.98it/s]
accuracy: 0.8648, accuracy3: 1.0000, loss: 0.5203 ||:  47%|####6     | 46/98 [00:01<00:01, 35.99it/s]
accuracy: 0.8673, accuracy3: 1.0000, loss: 0.5102 ||:  51%|#####1    | 50/98 [00:01<00:01, 34.68it/s]
accuracy: 0.8699, accuracy3: 1.0000, loss: 0.5066 ||:  55%|#####5    | 54/98 [00:01<00:01, 35.03it/s]
accuracy: 0.8723, accuracy3: 1.0000, loss: 0.4962 ||:  59%|#####9    | 58/98 [00:01<00:01, 34.29it/s]
accuracy: 0.8708, accuracy3: 1.0000, loss: 0.4956 ||:  63%|######3   | 62/98 [00:01<00:01, 35.72it/s]
accuracy: 0.8684, accuracy3: 1.0000, loss: 0.4935 ||:  67%|######7   | 66/98 [00:01<00:00, 36.36it/s]
accuracy: 0.8685, accuracy3: 1.0000, loss: 0.4846 ||:  71%|#######1  | 70/98 [00:01<00:00, 35.19it/s]
accuracy: 0.8688, accuracy3: 1.0000, loss: 0.4858 ||:  76%|#######5  | 74/98 [00:02<00:00, 36.34it/s]
accuracy: 0.8663, accuracy3: 1.0000, loss: 0.4829 ||:  80%|#######9  | 78/98 [00:02<00:00, 34.97it/s]
accuracy: 0.8662, accuracy3: 1.0000, loss: 0.4884 ||:  85%|########4 | 83/98 [00:02<00:00, 36.35it/s]
accuracy: 0.8672, accuracy3: 1.0000, loss: 0.4897 ||:  89%|########8 | 87/98 [00:02<00:00, 36.35it/s]
accuracy: 0.8682, accuracy3: 1.0000, loss: 0.4998 ||:  93%|#########2| 91/98 [00:02<00:00, 35.76it/s]
accuracy: 0.8703, accuracy3: 1.0000, loss: 0.4998 ||:  97%|#########6| 95/98 [00:02<00:00, 35.49it/s]
accuracy: 0.8712, accuracy3: 1.0000, loss: 0.4957 ||: 100%|##########| 98/98 [00:02<00:00, 35.97it/s]

  0%|          | 0/184 [00:00<?, ?it/s]
accuracy: 0.8902, accuracy3: 1.0000, loss: 0.2971 ||:   1%|1         | 2/184 [00:00<00:18,  9.98it/s]
accuracy: 0.8880, accuracy3: 1.0000, loss: 0.2954 ||:   2%|2         | 4/184 [00:00<00:17, 10.52it/s]
accuracy: 0.8841, accuracy3: 1.0000, loss: 0.3061 ||:   3%|3         | 6/184 [00:00<00:17, 10.15it/s]
accuracy: 0.8733, accuracy3: 1.0000, loss: 0.3329 ||:   4%|4         | 8/184 [00:00<00:16, 10.80it/s]
accuracy: 0.8657, accuracy3: 1.0000, loss: 0.3411 ||:   5%|5         | 10/184 [00:00<00:16, 10.47it/s]
accuracy: 0.8561, accuracy3: 1.0000, loss: 0.3442 ||:   7%|6         | 12/184 [00:01<00:15, 11.06it/s]
accuracy: 0.8557, accuracy3: 1.0000, loss: 0.3406 ||:   8%|7         | 14/184 [00:01<00:16, 10.46it/s]
accuracy: 0.8570, accuracy3: 1.0000, loss: 0.3364 ||:   8%|8         | 15/184 [00:01<00:16,  9.99it/s]
accuracy: 0.8585, accuracy3: 1.0000, loss: 0.3312 ||:   9%|9         | 17/184 [00:01<00:16, 10.09it/s]
accuracy: 0.8600, accuracy3: 1.0000, loss: 0.3324 ||:  10%|9         | 18/184 [00:01<00:16,  9.86it/s]
accuracy: 0.8634, accuracy3: 1.0000, loss: 0.3377 ||:  11%|#         | 20/184 [00:01<00:15, 10.45it/s]
accuracy: 0.8667, accuracy3: 1.0000, loss: 0.3335 ||:  12%|#1        | 22/184 [00:02<00:14, 11.00it/s]
accuracy: 0.8686, accuracy3: 1.0000, loss: 0.3321 ||:  13%|#3        | 24/184 [00:02<00:13, 11.83it/s]
accuracy: 0.8694, accuracy3: 1.0000, loss: 0.3368 ||:  14%|#4        | 26/184 [00:02<00:12, 12.30it/s]
accuracy: 0.8689, accuracy3: 1.0000, loss: 0.3349 ||:  15%|#5        | 28/184 [00:02<00:13, 11.61it/s]
accuracy: 0.8666, accuracy3: 1.0000, loss: 0.3365 ||:  16%|#6        | 30/184 [00:02<00:13, 11.77it/s]
accuracy: 0.8656, accuracy3: 1.0000, loss: 0.3349 ||:  17%|#7        | 32/184 [00:02<00:13, 11.41it/s]
accuracy: 0.8661, accuracy3: 1.0000, loss: 0.3325 ||:  18%|#8        | 34/184 [00:03<00:12, 11.87it/s]
accuracy: 0.8664, accuracy3: 1.0000, loss: 0.3373 ||:  20%|#9        | 36/184 [00:03<00:12, 12.11it/s]
accuracy: 0.8662, accuracy3: 1.0000, loss: 0.3385 ||:  21%|##        | 38/184 [00:03<00:11, 12.36it/s]
accuracy: 0.8666, accuracy3: 1.0000, loss: 0.3361 ||:  22%|##1       | 40/184 [00:03<00:12, 11.96it/s]
accuracy: 0.8673, accuracy3: 1.0000, loss: 0.3346 ||:  23%|##2       | 42/184 [00:03<00:11, 11.89it/s]
accuracy: 0.8672, accuracy3: 1.0000, loss: 0.3322 ||:  24%|##3       | 44/184 [00:03<00:13, 10.70it/s]
accuracy: 0.8674, accuracy3: 1.0000, loss: 0.3301 ||:  25%|##5       | 46/184 [00:04<00:12, 11.04it/s]
accuracy: 0.8686, accuracy3: 1.0000, loss: 0.3303 ||:  26%|##6       | 48/184 [00:04<00:11, 11.47it/s]
accuracy: 0.8700, accuracy3: 1.0000, loss: 0.3310 ||:  27%|##7       | 50/184 [00:04<00:11, 11.70it/s]
accuracy: 0.8713, accuracy3: 1.0000, loss: 0.3314 ||:  28%|##8       | 52/184 [00:04<00:10, 12.00it/s]
accuracy: 0.8721, accuracy3: 1.0000, loss: 0.3303 ||:  29%|##9       | 54/184 [00:04<00:10, 12.17it/s]
accuracy: 0.8720, accuracy3: 1.0000, loss: 0.3290 ||:  30%|###       | 56/184 [00:04<00:10, 11.74it/s]
accuracy: 0.8721, accuracy3: 1.0000, loss: 0.3292 ||:  32%|###1      | 58/184 [00:05<00:10, 11.77it/s]
accuracy: 0.8715, accuracy3: 1.0000, loss: 0.3298 ||:  33%|###2      | 60/184 [00:05<00:10, 12.32it/s]
accuracy: 0.8709, accuracy3: 1.0000, loss: 0.3287 ||:  34%|###3      | 62/184 [00:05<00:10, 12.02it/s]
accuracy: 0.8703, accuracy3: 1.0000, loss: 0.3278 ||:  35%|###4      | 64/184 [00:05<00:10, 11.11it/s]
accuracy: 0.8703, accuracy3: 1.0000, loss: 0.3277 ||:  36%|###5      | 66/184 [00:05<00:10, 11.64it/s]
accuracy: 0.8708, accuracy3: 1.0000, loss: 0.3261 ||:  37%|###6      | 68/184 [00:05<00:10, 11.59it/s]
accuracy: 0.8714, accuracy3: 1.0000, loss: 0.3254 ||:  38%|###8      | 70/184 [00:06<00:09, 11.63it/s]
accuracy: 0.8717, accuracy3: 1.0000, loss: 0.3263 ||:  39%|###9      | 72/184 [00:06<00:09, 11.99it/s]
accuracy: 0.8716, accuracy3: 1.0000, loss: 0.3284 ||:  40%|####      | 74/184 [00:06<00:09, 12.00it/s]
accuracy: 0.8714, accuracy3: 1.0000, loss: 0.3281 ||:  41%|####1     | 76/184 [00:06<00:08, 12.15it/s]
accuracy: 0.8716, accuracy3: 1.0000, loss: 0.3283 ||:  42%|####2     | 78/184 [00:06<00:08, 12.54it/s]
accuracy: 0.8712, accuracy3: 1.0000, loss: 0.3287 ||:  43%|####3     | 80/184 [00:06<00:08, 11.94it/s]
accuracy: 0.8710, accuracy3: 1.0000, loss: 0.3286 ||:  45%|####4     | 82/184 [00:07<00:08, 12.15it/s]
accuracy: 0.8712, accuracy3: 1.0000, loss: 0.3285 ||:  46%|####5     | 84/184 [00:07<00:08, 11.77it/s]
accuracy: 0.8715, accuracy3: 1.0000, loss: 0.3286 ||:  47%|####6     | 86/184 [00:07<00:08, 11.18it/s]
accuracy: 0.8715, accuracy3: 1.0000, loss: 0.3287 ||:  48%|####7     | 88/184 [00:07<00:08, 11.75it/s]
accuracy: 0.8715, accuracy3: 1.0000, loss: 0.3285 ||:  49%|####8     | 90/184 [00:07<00:07, 11.88it/s]
accuracy: 0.8716, accuracy3: 1.0000, loss: 0.3281 ||:  50%|#####     | 92/184 [00:07<00:07, 12.21it/s]
accuracy: 0.8717, accuracy3: 1.0000, loss: 0.3278 ||:  51%|#####1    | 94/184 [00:08<00:07, 12.56it/s]
accuracy: 0.8716, accuracy3: 1.0000, loss: 0.3278 ||:  52%|#####2    | 96/184 [00:08<00:06, 12.82it/s]
accuracy: 0.8718, accuracy3: 1.0000, loss: 0.3281 ||:  53%|#####3    | 98/184 [00:08<00:06, 12.36it/s]
accuracy: 0.8720, accuracy3: 1.0000, loss: 0.3276 ||:  54%|#####4    | 100/184 [00:08<00:06, 12.37it/s]
accuracy: 0.8722, accuracy3: 1.0000, loss: 0.3271 ||:  55%|#####5    | 102/184 [00:08<00:07, 11.65it/s]
accuracy: 0.8722, accuracy3: 1.0000, loss: 0.3275 ||:  57%|#####6    | 104/184 [00:08<00:06, 11.79it/s]
accuracy: 0.8716, accuracy3: 1.0000, loss: 0.3275 ||:  58%|#####7    | 106/184 [00:09<00:06, 12.18it/s]
accuracy: 0.8711, accuracy3: 1.0000, loss: 0.3276 ||:  59%|#####8    | 108/184 [00:09<00:06, 11.53it/s]
accuracy: 0.8713, accuracy3: 1.0000, loss: 0.3272 ||:  60%|#####9    | 110/184 [00:09<00:06, 11.69it/s]
accuracy: 0.8716, accuracy3: 1.0000, loss: 0.3271 ||:  61%|######    | 112/184 [00:09<00:06, 11.96it/s]
accuracy: 0.8719, accuracy3: 1.0000, loss: 0.3266 ||:  62%|######1   | 114/184 [00:09<00:06, 11.44it/s]
accuracy: 0.8719, accuracy3: 1.0000, loss: 0.3265 ||:  63%|######3   | 116/184 [00:09<00:05, 11.88it/s]
accuracy: 0.8724, accuracy3: 1.0000, loss: 0.3260 ||:  64%|######4   | 118/184 [00:10<00:05, 11.32it/s]
accuracy: 0.8726, accuracy3: 1.0000, loss: 0.3257 ||:  65%|######5   | 120/184 [00:10<00:05, 11.38it/s]
accuracy: 0.8729, accuracy3: 1.0000, loss: 0.3254 ||:  66%|######6   | 122/184 [00:10<00:05, 11.79it/s]
accuracy: 0.8734, accuracy3: 1.0000, loss: 0.3251 ||:  67%|######7   | 124/184 [00:10<00:05, 11.36it/s]
accuracy: 0.8734, accuracy3: 1.0000, loss: 0.3248 ||:  68%|######8   | 126/184 [00:10<00:04, 11.71it/s]
accuracy: 0.8732, accuracy3: 1.0000, loss: 0.3249 ||:  70%|######9   | 128/184 [00:10<00:04, 11.67it/s]
accuracy: 0.8732, accuracy3: 1.0000, loss: 0.3250 ||:  71%|#######   | 130/184 [00:11<00:04, 11.64it/s]
accuracy: 0.8732, accuracy3: 1.0000, loss: 0.3253 ||:  72%|#######1  | 132/184 [00:11<00:04, 10.89it/s]
accuracy: 0.8733, accuracy3: 1.0000, loss: 0.3257 ||:  73%|#######2  | 134/184 [00:11<00:04, 10.78it/s]
accuracy: 0.8731, accuracy3: 1.0000, loss: 0.3251 ||:  74%|#######3  | 136/184 [00:11<00:04, 10.61it/s]
accuracy: 0.8732, accuracy3: 1.0000, loss: 0.3257 ||:  75%|#######5  | 138/184 [00:11<00:04, 11.35it/s]
accuracy: 0.8732, accuracy3: 1.0000, loss: 0.3260 ||:  76%|#######6  | 140/184 [00:12<00:03, 11.25it/s]
accuracy: 0.8733, accuracy3: 1.0000, loss: 0.3260 ||:  77%|#######7  | 142/184 [00:12<00:03, 11.24it/s]
accuracy: 0.8735, accuracy3: 1.0000, loss: 0.3253 ||:  78%|#######8  | 144/184 [00:12<00:03, 11.66it/s]
accuracy: 0.8738, accuracy3: 1.0000, loss: 0.3258 ||:  79%|#######9  | 146/184 [00:12<00:03, 11.78it/s]
accuracy: 0.8740, accuracy3: 1.0000, loss: 0.3261 ||:  80%|########  | 148/184 [00:12<00:03, 11.38it/s]
accuracy: 0.8741, accuracy3: 1.0000, loss: 0.3267 ||:  82%|########1 | 150/184 [00:12<00:02, 11.67it/s]
accuracy: 0.8742, accuracy3: 1.0000, loss: 0.3268 ||:  83%|########2 | 152/184 [00:13<00:02, 11.91it/s]
accuracy: 0.8738, accuracy3: 1.0000, loss: 0.3271 ||:  84%|########3 | 154/184 [00:13<00:02, 12.19it/s]
accuracy: 0.8736, accuracy3: 1.0000, loss: 0.3271 ||:  85%|########4 | 156/184 [00:13<00:02, 11.93it/s]
accuracy: 0.8736, accuracy3: 1.0000, loss: 0.3274 ||:  86%|########5 | 158/184 [00:13<00:02, 12.25it/s]
accuracy: 0.8734, accuracy3: 1.0000, loss: 0.3272 ||:  87%|########6 | 160/184 [00:13<00:02, 11.48it/s]
accuracy: 0.8731, accuracy3: 1.0000, loss: 0.3274 ||:  88%|########8 | 162/184 [00:13<00:01, 11.17it/s]
accuracy: 0.8729, accuracy3: 1.0000, loss: 0.3272 ||:  89%|########9 | 164/184 [00:14<00:01, 11.27it/s]
accuracy: 0.8729, accuracy3: 1.0000, loss: 0.3274 ||:  90%|######### | 166/184 [00:14<00:01, 11.94it/s]
accuracy: 0.8733, accuracy3: 1.0000, loss: 0.3270 ||:  91%|#########1| 168/184 [00:14<00:01, 12.20it/s]
accuracy: 0.8733, accuracy3: 1.0000, loss: 0.3270 ||:  92%|#########2| 170/184 [00:14<00:01, 11.67it/s]
accuracy: 0.8734, accuracy3: 1.0000, loss: 0.3268 ||:  93%|#########3| 172/184 [00:14<00:01, 11.29it/s]
accuracy: 0.8734, accuracy3: 1.0000, loss: 0.3264 ||:  95%|#########4| 174/184 [00:15<00:00, 10.85it/s]
accuracy: 0.8736, accuracy3: 1.0000, loss: 0.3267 ||:  96%|#########5| 176/184 [00:15<00:00, 10.36it/s]
accuracy: 0.8735, accuracy3: 1.0000, loss: 0.3267 ||:  97%|#########6| 178/184 [00:15<00:00, 10.81it/s]
accuracy: 0.8734, accuracy3: 1.0000, loss: 0.3266 ||:  98%|#########7| 180/184 [00:15<00:00, 10.66it/s]
accuracy: 0.8731, accuracy3: 1.0000, loss: 0.3265 ||:  99%|#########8| 182/184 [00:15<00:00, 11.04it/s]
accuracy: 0.8730, accuracy3: 1.0000, loss: 0.3266 ||: 100%|##########| 184/184 [00:15<00:00, 12.66it/s]

  0%|          | 0/98 [00:00<?, ?it/s]
accuracy: 0.8076, accuracy3: 1.0000, loss: 0.3909 ||:   5%|5         | 5/98 [00:00<00:02, 39.73it/s]
accuracy: 0.8315, accuracy3: 1.0000, loss: 0.5001 ||:  10%|#         | 10/98 [00:00<00:02, 39.00it/s]
accuracy: 0.8339, accuracy3: 1.0000, loss: 0.5145 ||:  14%|#4        | 14/98 [00:00<00:02, 38.67it/s]
accuracy: 0.8383, accuracy3: 1.0000, loss: 0.5107 ||:  18%|#8        | 18/98 [00:00<00:02, 36.63it/s]
accuracy: 0.8352, accuracy3: 1.0000, loss: 0.5048 ||:  22%|##2       | 22/98 [00:00<00:02, 37.20it/s]
accuracy: 0.8349, accuracy3: 1.0000, loss: 0.4929 ||:  27%|##6       | 26/98 [00:00<00:02, 35.53it/s]
accuracy: 0.8332, accuracy3: 1.0000, loss: 0.4761 ||:  31%|###       | 30/98 [00:00<00:01, 36.61it/s]
accuracy: 0.8362, accuracy3: 1.0000, loss: 0.4691 ||:  36%|###5      | 35/98 [00:00<00:01, 38.45it/s]
accuracy: 0.8377, accuracy3: 1.0000, loss: 0.4741 ||:  40%|###9      | 39/98 [00:01<00:01, 37.57it/s]
accuracy: 0.8384, accuracy3: 1.0000, loss: 0.4865 ||:  44%|####3     | 43/98 [00:01<00:01, 37.52it/s]
accuracy: 0.8388, accuracy3: 1.0000, loss: 0.4921 ||:  48%|####7     | 47/98 [00:01<00:01, 35.65it/s]
accuracy: 0.8404, accuracy3: 1.0000, loss: 0.4839 ||:  52%|#####2    | 51/98 [00:01<00:01, 35.21it/s]
accuracy: 0.8421, accuracy3: 1.0000, loss: 0.4817 ||:  56%|#####6    | 55/98 [00:01<00:01, 35.43it/s]
accuracy: 0.8424, accuracy3: 1.0000, loss: 0.4792 ||:  60%|######    | 59/98 [00:01<00:01, 35.72it/s]
accuracy: 0.8406, accuracy3: 1.0000, loss: 0.4790 ||:  64%|######4   | 63/98 [00:01<00:00, 36.19it/s]
accuracy: 0.8386, accuracy3: 1.0000, loss: 0.4754 ||:  68%|######8   | 67/98 [00:01<00:00, 35.89it/s]
accuracy: 0.8388, accuracy3: 1.0000, loss: 0.4720 ||:  72%|#######2  | 71/98 [00:01<00:00, 34.95it/s]
accuracy: 0.8382, accuracy3: 1.0000, loss: 0.4719 ||:  77%|#######6  | 75/98 [00:02<00:00, 35.66it/s]
accuracy: 0.8362, accuracy3: 1.0000, loss: 0.4739 ||:  81%|########  | 79/98 [00:02<00:00, 34.42it/s]
accuracy: 0.8357, accuracy3: 1.0000, loss: 0.4744 ||:  85%|########4 | 83/98 [00:02<00:00, 35.73it/s]
accuracy: 0.8366, accuracy3: 1.0000, loss: 0.4746 ||:  89%|########8 | 87/98 [00:02<00:00, 36.00it/s]
accuracy: 0.8382, accuracy3: 1.0000, loss: 0.4805 ||:  93%|#########2| 91/98 [00:02<00:00, 35.23it/s]
accuracy: 0.8400, accuracy3: 1.0000, loss: 0.4798 ||:  97%|#########6| 95/98 [00:02<00:00, 35.03it/s]
accuracy: 0.8405, accuracy3: 1.0000, loss: 0.4767 ||: 100%|##########| 98/98 [00:02<00:00, 36.15it/s]

  0%|          | 0/184 [00:00<?, ?it/s]
accuracy: 0.8490, accuracy3: 1.0000, loss: 0.3085 ||:   1%|          | 1/184 [00:00<00:18,  9.78it/s]
accuracy: 0.8487, accuracy3: 1.0000, loss: 0.3308 ||:   2%|1         | 3/184 [00:00<00:17, 10.45it/s]
accuracy: 0.8456, accuracy3: 1.0000, loss: 0.3428 ||:   3%|2         | 5/184 [00:00<00:16, 10.64it/s]
accuracy: 0.8476, accuracy3: 1.0000, loss: 0.3462 ||:   4%|3         | 7/184 [00:00<00:15, 11.37it/s]
accuracy: 0.8511, accuracy3: 1.0000, loss: 0.3337 ||:   5%|4         | 9/184 [00:00<00:15, 11.12it/s]
accuracy: 0.8538, accuracy3: 1.0000, loss: 0.3268 ||:   6%|5         | 11/184 [00:00<00:15, 11.19it/s]
accuracy: 0.8614, accuracy3: 1.0000, loss: 0.3159 ||:   7%|7         | 13/184 [00:01<00:15, 11.28it/s]
accuracy: 0.8667, accuracy3: 1.0000, loss: 0.3161 ||:   8%|8         | 15/184 [00:01<00:15, 10.84it/s]
accuracy: 0.8686, accuracy3: 1.0000, loss: 0.3169 ||:   9%|9         | 17/184 [00:01<00:14, 11.29it/s]
accuracy: 0.8681, accuracy3: 1.0000, loss: 0.3228 ||:  10%|#         | 19/184 [00:01<00:14, 11.33it/s]
accuracy: 0.8685, accuracy3: 1.0000, loss: 0.3221 ||:  11%|#1        | 21/184 [00:01<00:13, 11.97it/s]
accuracy: 0.8650, accuracy3: 1.0000, loss: 0.3234 ||:  12%|#2        | 23/184 [00:01<00:13, 11.84it/s]
accuracy: 0.8648, accuracy3: 1.0000, loss: 0.3225 ||:  14%|#3        | 25/184 [00:02<00:14, 10.66it/s]
accuracy: 0.8634, accuracy3: 1.0000, loss: 0.3236 ||:  15%|#4        | 27/184 [00:02<00:14, 11.07it/s]
accuracy: 0.8646, accuracy3: 1.0000, loss: 0.3272 ||:  16%|#5        | 29/184 [00:02<00:14, 10.95it/s]
accuracy: 0.8659, accuracy3: 1.0000, loss: 0.3269 ||:  17%|#6        | 31/184 [00:02<00:14, 10.82it/s]
accuracy: 0.8668, accuracy3: 1.0000, loss: 0.3257 ||:  18%|#7        | 33/184 [00:02<00:14, 10.64it/s]
accuracy: 0.8673, accuracy3: 1.0000, loss: 0.3284 ||:  19%|#9        | 35/184 [00:03<00:13, 10.76it/s]
accuracy: 0.8688, accuracy3: 1.0000, loss: 0.3275 ||:  20%|##        | 37/184 [00:03<00:13, 10.75it/s]
accuracy: 0.8696, accuracy3: 1.0000, loss: 0.3280 ||:  21%|##1       | 39/184 [00:03<00:12, 11.17it/s]
accuracy: 0.8703, accuracy3: 1.0000, loss: 0.3281 ||:  22%|##2       | 41/184 [00:03<00:13, 10.90it/s]
accuracy: 0.8705, accuracy3: 1.0000, loss: 0.3254 ||:  23%|##3       | 43/184 [00:03<00:12, 11.55it/s]
accuracy: 0.8706, accuracy3: 1.0000, loss: 0.3245 ||:  24%|##4       | 45/184 [00:03<00:11, 12.05it/s]
accuracy: 0.8710, accuracy3: 1.0000, loss: 0.3229 ||:  26%|##5       | 47/184 [00:04<00:11, 11.45it/s]
accuracy: 0.8712, accuracy3: 1.0000, loss: 0.3244 ||:  27%|##6       | 49/184 [00:04<00:11, 11.62it/s]
accuracy: 0.8722, accuracy3: 1.0000, loss: 0.3256 ||:  28%|##7       | 51/184 [00:04<00:10, 12.13it/s]
accuracy: 0.8727, accuracy3: 1.0000, loss: 0.3253 ||:  29%|##8       | 53/184 [00:04<00:11, 11.78it/s]
accuracy: 0.8731, accuracy3: 1.0000, loss: 0.3247 ||:  30%|##9       | 55/184 [00:04<00:10, 11.74it/s]
accuracy: 0.8734, accuracy3: 1.0000, loss: 0.3261 ||:  31%|###       | 57/184 [00:05<00:11, 11.31it/s]
accuracy: 0.8733, accuracy3: 1.0000, loss: 0.3254 ||:  32%|###2      | 59/184 [00:05<00:10, 11.56it/s]
accuracy: 0.8732, accuracy3: 1.0000, loss: 0.3249 ||:  33%|###3      | 61/184 [00:05<00:10, 11.45it/s]
accuracy: 0.8728, accuracy3: 1.0000, loss: 0.3253 ||:  34%|###4      | 63/184 [00:05<00:10, 11.55it/s]
accuracy: 0.8730, accuracy3: 1.0000, loss: 0.3258 ||:  35%|###5      | 65/184 [00:05<00:11, 10.68it/s]
accuracy: 0.8729, accuracy3: 1.0000, loss: 0.3266 ||:  36%|###6      | 67/184 [00:05<00:10, 10.98it/s]
accuracy: 0.8729, accuracy3: 1.0000, loss: 0.3261 ||:  38%|###7      | 69/184 [00:06<00:10, 11.17it/s]
accuracy: 0.8729, accuracy3: 1.0000, loss: 0.3256 ||:  39%|###8      | 71/184 [00:06<00:10, 10.73it/s]
accuracy: 0.8723, accuracy3: 1.0000, loss: 0.3256 ||:  40%|###9      | 73/184 [00:06<00:10, 10.77it/s]
accuracy: 0.8730, accuracy3: 1.0000, loss: 0.3245 ||:  41%|####      | 75/184 [00:06<00:09, 11.33it/s]
accuracy: 0.8732, accuracy3: 1.0000, loss: 0.3253 ||:  42%|####1     | 77/184 [00:06<00:09, 11.79it/s]
accuracy: 0.8740, accuracy3: 1.0000, loss: 0.3262 ||:  43%|####2     | 79/184 [00:06<00:08, 12.29it/s]
accuracy: 0.8742, accuracy3: 1.0000, loss: 0.3246 ||:  44%|####4     | 81/184 [00:07<00:08, 11.92it/s]
accuracy: 0.8742, accuracy3: 1.0000, loss: 0.3242 ||:  45%|####5     | 83/184 [00:07<00:08, 12.00it/s]
accuracy: 0.8743, accuracy3: 1.0000, loss: 0.3235 ||:  46%|####6     | 85/184 [00:07<00:08, 12.22it/s]
accuracy: 0.8746, accuracy3: 1.0000, loss: 0.3219 ||:  47%|####7     | 87/184 [00:07<00:07, 12.14it/s]
accuracy: 0.8750, accuracy3: 1.0000, loss: 0.3232 ||:  48%|####8     | 89/184 [00:07<00:07, 12.19it/s]
accuracy: 0.8751, accuracy3: 1.0000, loss: 0.3228 ||:  49%|####9     | 91/184 [00:07<00:08, 11.03it/s]
accuracy: 0.8747, accuracy3: 1.0000, loss: 0.3220 ||:  51%|#####     | 93/184 [00:08<00:08, 10.48it/s]
accuracy: 0.8746, accuracy3: 1.0000, loss: 0.3226 ||:  52%|#####1    | 95/184 [00:08<00:08, 11.12it/s]
accuracy: 0.8741, accuracy3: 1.0000, loss: 0.3231 ||:  53%|#####2    | 97/184 [00:08<00:08, 10.74it/s]
accuracy: 0.8737, accuracy3: 1.0000, loss: 0.3226 ||:  54%|#####3    | 99/184 [00:08<00:07, 10.99it/s]
accuracy: 0.8736, accuracy3: 1.0000, loss: 0.3217 ||:  55%|#####4    | 101/184 [00:08<00:07, 11.01it/s]
accuracy: 0.8736, accuracy3: 1.0000, loss: 0.3213 ||:  56%|#####5    | 103/184 [00:09<00:06, 11.60it/s]
accuracy: 0.8737, accuracy3: 1.0000, loss: 0.3208 ||:  57%|#####7    | 105/184 [00:09<00:07, 11.23it/s]
accuracy: 0.8740, accuracy3: 1.0000, loss: 0.3202 ||:  58%|#####8    | 107/184 [00:09<00:06, 11.72it/s]
accuracy: 0.8742, accuracy3: 1.0000, loss: 0.3208 ||:  59%|#####9    | 109/184 [00:09<00:06, 11.56it/s]
accuracy: 0.8744, accuracy3: 1.0000, loss: 0.3209 ||:  60%|######    | 111/184 [00:09<00:06, 11.74it/s]
accuracy: 0.8743, accuracy3: 1.0000, loss: 0.3210 ||:  61%|######1   | 113/184 [00:09<00:05, 12.21it/s]
accuracy: 0.8741, accuracy3: 1.0000, loss: 0.3211 ||:  62%|######2   | 115/184 [00:10<00:05, 12.11it/s]
accuracy: 0.8735, accuracy3: 1.0000, loss: 0.3215 ||:  64%|######3   | 117/184 [00:10<00:05, 11.43it/s]
accuracy: 0.8728, accuracy3: 1.0000, loss: 0.3219 ||:  65%|######4   | 119/184 [00:10<00:05, 11.41it/s]
accuracy: 0.8720, accuracy3: 1.0000, loss: 0.3225 ||:  66%|######5   | 121/184 [00:10<00:05, 11.02it/s]
accuracy: 0.8718, accuracy3: 1.0000, loss: 0.3220 ||:  67%|######6   | 123/184 [00:10<00:05, 11.44it/s]
accuracy: 0.8716, accuracy3: 1.0000, loss: 0.3216 ||:  68%|######7   | 125/184 [00:11<00:05, 11.01it/s]
accuracy: 0.8721, accuracy3: 1.0000, loss: 0.3209 ||:  69%|######9   | 127/184 [00:11<00:04, 11.53it/s]
accuracy: 0.8725, accuracy3: 1.0000, loss: 0.3210 ||:  70%|#######   | 129/184 [00:11<00:04, 11.79it/s]
accuracy: 0.8728, accuracy3: 1.0000, loss: 0.3224 ||:  71%|#######1  | 131/184 [00:11<00:04, 11.41it/s]
accuracy: 0.8732, accuracy3: 1.0000, loss: 0.3225 ||:  72%|#######2  | 133/184 [00:11<00:04, 11.57it/s]
accuracy: 0.8729, accuracy3: 1.0000, loss: 0.3233 ||:  73%|#######3  | 135/184 [00:11<00:04, 11.70it/s]
accuracy: 0.8726, accuracy3: 1.0000, loss: 0.3235 ||:  74%|#######4  | 137/184 [00:11<00:03, 11.97it/s]
accuracy: 0.8717, accuracy3: 1.0000, loss: 0.3236 ||:  76%|#######5  | 139/184 [00:12<00:03, 11.58it/s]
accuracy: 0.8712, accuracy3: 1.0000, loss: 0.3235 ||:  77%|#######6  | 141/184 [00:12<00:03, 12.35it/s]
accuracy: 0.8709, accuracy3: 1.0000, loss: 0.3230 ||:  78%|#######7  | 143/184 [00:12<00:03, 12.46it/s]
accuracy: 0.8710, accuracy3: 1.0000, loss: 0.3227 ||:  79%|#######8  | 145/184 [00:12<00:03, 12.27it/s]
accuracy: 0.8715, accuracy3: 1.0000, loss: 0.3224 ||:  80%|#######9  | 147/184 [00:12<00:03, 11.79it/s]
accuracy: 0.8718, accuracy3: 1.0000, loss: 0.3224 ||:  81%|########  | 149/184 [00:13<00:03, 11.42it/s]
accuracy: 0.8723, accuracy3: 1.0000, loss: 0.3222 ||:  82%|########2 | 151/184 [00:13<00:03, 10.95it/s]
accuracy: 0.8727, accuracy3: 1.0000, loss: 0.3217 ||:  83%|########3 | 153/184 [00:13<00:02, 11.30it/s]
accuracy: 0.8732, accuracy3: 1.0000, loss: 0.3215 ||:  84%|########4 | 155/184 [00:13<00:02, 11.15it/s]
accuracy: 0.8734, accuracy3: 1.0000, loss: 0.3219 ||:  85%|########5 | 157/184 [00:13<00:02, 12.07it/s]
accuracy: 0.8735, accuracy3: 1.0000, loss: 0.3215 ||:  86%|########6 | 159/184 [00:13<00:02, 12.22it/s]
accuracy: 0.8733, accuracy3: 1.0000, loss: 0.3214 ||:  88%|########7 | 161/184 [00:14<00:01, 12.38it/s]
accuracy: 0.8732, accuracy3: 1.0000, loss: 0.3220 ||:  89%|########8 | 163/184 [00:14<00:01, 12.05it/s]
accuracy: 0.8728, accuracy3: 1.0000, loss: 0.3219 ||:  90%|########9 | 165/184 [00:14<00:01, 12.03it/s]
accuracy: 0.8728, accuracy3: 1.0000, loss: 0.3212 ||:  91%|######### | 167/184 [00:14<00:01, 11.99it/s]
accuracy: 0.8727, accuracy3: 1.0000, loss: 0.3210 ||:  92%|#########1| 169/184 [00:14<00:01, 11.92it/s]
accuracy: 0.8729, accuracy3: 1.0000, loss: 0.3205 ||:  93%|#########2| 171/184 [00:14<00:01, 12.17it/s]
accuracy: 0.8731, accuracy3: 1.0000, loss: 0.3198 ||:  94%|#########4| 173/184 [00:15<00:00, 12.31it/s]
accuracy: 0.8735, accuracy3: 1.0000, loss: 0.3192 ||:  95%|#########5| 175/184 [00:15<00:00, 12.57it/s]
accuracy: 0.8738, accuracy3: 1.0000, loss: 0.3195 ||:  96%|#########6| 177/184 [00:15<00:00, 12.03it/s]
accuracy: 0.8740, accuracy3: 1.0000, loss: 0.3201 ||:  97%|#########7| 179/184 [00:15<00:00, 12.19it/s]
accuracy: 0.8740, accuracy3: 1.0000, loss: 0.3207 ||:  98%|#########8| 181/184 [00:15<00:00, 11.83it/s]
accuracy: 0.8741, accuracy3: 1.0000, loss: 0.3203 ||:  99%|#########9| 183/184 [00:15<00:00, 11.98it/s]
accuracy: 0.8741, accuracy3: 1.0000, loss: 0.3197 ||: 100%|##########| 184/184 [00:15<00:00, 11.58it/s]

  0%|          | 0/98 [00:00<?, ?it/s]
accuracy: 0.8046, accuracy3: 1.0000, loss: 0.4085 ||:   4%|4         | 4/98 [00:00<00:02, 37.56it/s]
accuracy: 0.8194, accuracy3: 1.0000, loss: 0.4563 ||:   8%|8         | 8/98 [00:00<00:02, 38.20it/s]
accuracy: 0.8282, accuracy3: 1.0000, loss: 0.4847 ||:  12%|#2        | 12/98 [00:00<00:02, 37.08it/s]
accuracy: 0.8323, accuracy3: 1.0000, loss: 0.4973 ||:  16%|#6        | 16/98 [00:00<00:02, 36.26it/s]
accuracy: 0.8315, accuracy3: 1.0000, loss: 0.5025 ||:  20%|##        | 20/98 [00:00<00:02, 36.39it/s]
accuracy: 0.8317, accuracy3: 1.0000, loss: 0.4841 ||:  24%|##4       | 24/98 [00:00<00:02, 36.52it/s]
accuracy: 0.8323, accuracy3: 1.0000, loss: 0.4770 ||:  29%|##8       | 28/98 [00:00<00:01, 36.29it/s]
accuracy: 0.8325, accuracy3: 1.0000, loss: 0.4687 ||:  33%|###2      | 32/98 [00:00<00:01, 37.13it/s]
accuracy: 0.8339, accuracy3: 1.0000, loss: 0.4669 ||:  38%|###7      | 37/98 [00:00<00:01, 38.33it/s]
accuracy: 0.8332, accuracy3: 1.0000, loss: 0.4764 ||:  42%|####1     | 41/98 [00:01<00:01, 37.54it/s]
accuracy: 0.8349, accuracy3: 1.0000, loss: 0.4945 ||:  46%|####5     | 45/98 [00:01<00:01, 36.37it/s]
accuracy: 0.8355, accuracy3: 1.0000, loss: 0.4864 ||:  50%|#####     | 49/98 [00:01<00:01, 35.30it/s]
accuracy: 0.8361, accuracy3: 1.0000, loss: 0.4876 ||:  54%|#####4    | 53/98 [00:01<00:01, 35.47it/s]
accuracy: 0.8368, accuracy3: 1.0000, loss: 0.4776 ||:  58%|#####8    | 57/98 [00:01<00:01, 35.90it/s]
accuracy: 0.8361, accuracy3: 1.0000, loss: 0.4812 ||:  62%|######2   | 61/98 [00:01<00:01, 36.78it/s]
accuracy: 0.8326, accuracy3: 1.0000, loss: 0.4812 ||:  66%|######6   | 65/98 [00:01<00:00, 36.69it/s]
accuracy: 0.8323, accuracy3: 1.0000, loss: 0.4750 ||:  70%|#######   | 69/98 [00:01<00:00, 35.37it/s]
accuracy: 0.8317, accuracy3: 1.0000, loss: 0.4748 ||:  74%|#######4  | 73/98 [00:01<00:00, 36.27it/s]
accuracy: 0.8303, accuracy3: 1.0000, loss: 0.4727 ||:  79%|#######8  | 77/98 [00:02<00:00, 34.60it/s]
accuracy: 0.8288, accuracy3: 1.0000, loss: 0.4756 ||:  84%|########3 | 82/98 [00:02<00:00, 36.16it/s]
accuracy: 0.8287, accuracy3: 1.0000, loss: 0.4736 ||:  88%|########7 | 86/98 [00:02<00:00, 36.90it/s]
accuracy: 0.8301, accuracy3: 1.0000, loss: 0.4817 ||:  92%|#########1| 90/98 [00:02<00:00, 35.21it/s]
accuracy: 0.8316, accuracy3: 1.0000, loss: 0.4819 ||:  96%|#########5| 94/98 [00:02<00:00, 35.26it/s]
accuracy: 0.8322, accuracy3: 1.0000, loss: 0.4781 ||: 100%|##########| 98/98 [00:02<00:00, 35.28it/s]

  0%|          | 0/184 [00:00<?, ?it/s]
accuracy: 0.8506, accuracy3: 1.0000, loss: 0.3047 ||:   1%|1         | 2/184 [00:00<00:14, 12.45it/s]
accuracy: 0.8550, accuracy3: 1.0000, loss: 0.3229 ||:   2%|2         | 4/184 [00:00<00:14, 12.31it/s]
accuracy: 0.8542, accuracy3: 1.0000, loss: 0.3157 ||:   3%|3         | 6/184 [00:00<00:14, 11.90it/s]
accuracy: 0.8625, accuracy3: 1.0000, loss: 0.3097 ||:   4%|4         | 8/184 [00:00<00:14, 12.07it/s]
accuracy: 0.8682, accuracy3: 1.0000, loss: 0.3123 ||:   5%|5         | 10/184 [00:00<00:15, 11.56it/s]
accuracy: 0.8710, accuracy3: 1.0000, loss: 0.3170 ||:   7%|6         | 12/184 [00:01<00:15, 10.87it/s]
accuracy: 0.8767, accuracy3: 1.0000, loss: 0.3151 ||:   8%|7         | 14/184 [00:01<00:15, 11.09it/s]
accuracy: 0.8803, accuracy3: 1.0000, loss: 0.3148 ||:   9%|8         | 16/184 [00:01<00:14, 11.25it/s]
accuracy: 0.8808, accuracy3: 1.0000, loss: 0.3208 ||:  10%|9         | 18/184 [00:01<00:14, 11.68it/s]
accuracy: 0.8792, accuracy3: 1.0000, loss: 0.3158 ||:  11%|#         | 20/184 [00:01<00:13, 12.32it/s]
accuracy: 0.8763, accuracy3: 1.0000, loss: 0.3151 ||:  12%|#1        | 22/184 [00:01<00:13, 11.96it/s]
accuracy: 0.8750, accuracy3: 1.0000, loss: 0.3122 ||:  13%|#3        | 24/184 [00:02<00:12, 12.31it/s]
accuracy: 0.8739, accuracy3: 1.0000, loss: 0.3130 ||:  14%|#4        | 26/184 [00:02<00:13, 12.12it/s]
accuracy: 0.8726, accuracy3: 1.0000, loss: 0.3151 ||:  15%|#5        | 28/184 [00:02<00:13, 11.56it/s]
accuracy: 0.8733, accuracy3: 1.0000, loss: 0.3131 ||:  16%|#6        | 30/184 [00:02<00:12, 12.01it/s]
accuracy: 0.8746, accuracy3: 1.0000, loss: 0.3139 ||:  17%|#7        | 32/184 [00:02<00:14, 10.69it/s]
accuracy: 0.8750, accuracy3: 1.0000, loss: 0.3159 ||:  18%|#8        | 34/184 [00:02<00:13, 11.03it/s]
accuracy: 0.8761, accuracy3: 1.0000, loss: 0.3114 ||:  20%|#9        | 36/184 [00:03<00:12, 11.65it/s]
accuracy: 0.8778, accuracy3: 1.0000, loss: 0.3104 ||:  21%|##        | 38/184 [00:03<00:12, 12.03it/s]
accuracy: 0.8782, accuracy3: 1.0000, loss: 0.3124 ||:  22%|##1       | 40/184 [00:03<00:12, 11.93it/s]
accuracy: 0.8786, accuracy3: 1.0000, loss: 0.3121 ||:  23%|##2       | 42/184 [00:03<00:12, 11.52it/s]
accuracy: 0.8790, accuracy3: 1.0000, loss: 0.3121 ||:  24%|##3       | 44/184 [00:03<00:12, 11.46it/s]
accuracy: 0.8793, accuracy3: 1.0000, loss: 0.3101 ||:  25%|##5       | 46/184 [00:03<00:11, 12.20it/s]
accuracy: 0.8787, accuracy3: 1.0000, loss: 0.3104 ||:  26%|##6       | 48/184 [00:04<00:10, 12.66it/s]
accuracy: 0.8782, accuracy3: 1.0000, loss: 0.3106 ||:  27%|##7       | 50/184 [00:04<00:11, 11.35it/s]
accuracy: 0.8774, accuracy3: 1.0000, loss: 0.3104 ||:  28%|##8       | 52/184 [00:04<00:11, 11.61it/s]
accuracy: 0.8762, accuracy3: 1.0000, loss: 0.3114 ||:  29%|##9       | 54/184 [00:04<00:11, 11.23it/s]
accuracy: 0.8763, accuracy3: 1.0000, loss: 0.3120 ||:  30%|###       | 56/184 [00:04<00:11, 10.75it/s]
accuracy: 0.8769, accuracy3: 1.0000, loss: 0.3117 ||:  32%|###1      | 58/184 [00:05<00:11, 11.28it/s]
accuracy: 0.8774, accuracy3: 1.0000, loss: 0.3131 ||:  33%|###2      | 60/184 [00:05<00:10, 11.57it/s]
accuracy: 0.8777, accuracy3: 1.0000, loss: 0.3140 ||:  34%|###3      | 62/184 [00:05<00:10, 11.53it/s]
accuracy: 0.8781, accuracy3: 1.0000, loss: 0.3145 ||:  35%|###4      | 64/184 [00:05<00:10, 11.84it/s]
accuracy: 0.8781, accuracy3: 1.0000, loss: 0.3153 ||:  36%|###5      | 66/184 [00:05<00:10, 11.26it/s]
accuracy: 0.8782, accuracy3: 1.0000, loss: 0.3138 ||:  37%|###6      | 68/184 [00:05<00:10, 11.47it/s]
accuracy: 0.8778, accuracy3: 1.0000, loss: 0.3142 ||:  38%|###8      | 70/184 [00:06<00:10, 11.33it/s]
accuracy: 0.8777, accuracy3: 1.0000, loss: 0.3149 ||:  39%|###9      | 72/184 [00:06<00:09, 11.63it/s]
accuracy: 0.8777, accuracy3: 1.0000, loss: 0.3148 ||:  40%|####      | 74/184 [00:06<00:09, 11.71it/s]
accuracy: 0.8783, accuracy3: 1.0000, loss: 0.3137 ||:  41%|####1     | 76/184 [00:06<00:09, 11.87it/s]
accuracy: 0.8784, accuracy3: 1.0000, loss: 0.3134 ||:  42%|####2     | 78/184 [00:06<00:08, 11.82it/s]
accuracy: 0.8790, accuracy3: 1.0000, loss: 0.3128 ||:  43%|####3     | 80/184 [00:06<00:08, 12.37it/s]
accuracy: 0.8792, accuracy3: 1.0000, loss: 0.3138 ||:  45%|####4     | 82/184 [00:07<00:08, 12.47it/s]
accuracy: 0.8798, accuracy3: 1.0000, loss: 0.3130 ||:  46%|####5     | 84/184 [00:07<00:07, 12.98it/s]
accuracy: 0.8794, accuracy3: 1.0000, loss: 0.3133 ||:  47%|####6     | 86/184 [00:07<00:07, 12.66it/s]
accuracy: 0.8793, accuracy3: 1.0000, loss: 0.3129 ||:  48%|####7     | 88/184 [00:07<00:07, 12.70it/s]
accuracy: 0.8788, accuracy3: 1.0000, loss: 0.3123 ||:  49%|####8     | 90/184 [00:07<00:07, 12.58it/s]
accuracy: 0.8784, accuracy3: 1.0000, loss: 0.3121 ||:  50%|#####     | 92/184 [00:07<00:07, 12.51it/s]
accuracy: 0.8782, accuracy3: 1.0000, loss: 0.3123 ||:  51%|#####1    | 94/184 [00:07<00:07, 12.37it/s]
accuracy: 0.8782, accuracy3: 1.0000, loss: 0.3120 ||:  52%|#####2    | 96/184 [00:08<00:07, 11.48it/s]
accuracy: 0.8782, accuracy3: 1.0000, loss: 0.3111 ||:  53%|#####3    | 98/184 [00:08<00:07, 11.49it/s]
accuracy: 0.8780, accuracy3: 1.0000, loss: 0.3111 ||:  54%|#####4    | 100/184 [00:08<00:07, 11.36it/s]
accuracy: 0.8783, accuracy3: 1.0000, loss: 0.3110 ||:  55%|#####5    | 102/184 [00:08<00:06, 12.04it/s]
accuracy: 0.8789, accuracy3: 1.0000, loss: 0.3108 ||:  57%|#####6    | 104/184 [00:08<00:06, 11.83it/s]
accuracy: 0.8790, accuracy3: 1.0000, loss: 0.3110 ||:  58%|#####7    | 106/184 [00:09<00:06, 11.80it/s]
accuracy: 0.8791, accuracy3: 1.0000, loss: 0.3108 ||:  59%|#####8    | 108/184 [00:09<00:06, 12.20it/s]
accuracy: 0.8791, accuracy3: 1.0000, loss: 0.3108 ||:  60%|#####9    | 110/184 [00:09<00:06, 12.09it/s]
accuracy: 0.8790, accuracy3: 1.0000, loss: 0.3110 ||:  61%|######    | 112/184 [00:09<00:06, 11.29it/s]
accuracy: 0.8791, accuracy3: 1.0000, loss: 0.3109 ||:  62%|######1   | 114/184 [00:09<00:06, 11.31it/s]
accuracy: 0.8789, accuracy3: 1.0000, loss: 0.3103 ||:  63%|######3   | 116/184 [00:09<00:06, 11.17it/s]
accuracy: 0.8788, accuracy3: 1.0000, loss: 0.3101 ||:  64%|######4   | 118/184 [00:10<00:05, 11.20it/s]
accuracy: 0.8789, accuracy3: 1.0000, loss: 0.3108 ||:  65%|######5   | 120/184 [00:10<00:05, 11.35it/s]
accuracy: 0.8789, accuracy3: 1.0000, loss: 0.3108 ||:  66%|######6   | 122/184 [00:10<00:05, 11.40it/s]
accuracy: 0.8790, accuracy3: 1.0000, loss: 0.3110 ||:  67%|######7   | 124/184 [00:10<00:05, 11.67it/s]
accuracy: 0.8788, accuracy3: 1.0000, loss: 0.3120 ||:  68%|######8   | 126/184 [00:10<00:04, 12.12it/s]
accuracy: 0.8786, accuracy3: 1.0000, loss: 0.3117 ||:  70%|######9   | 128/184 [00:10<00:04, 12.68it/s]
accuracy: 0.8784, accuracy3: 1.0000, loss: 0.3116 ||:  71%|#######   | 130/184 [00:11<00:04, 12.84it/s]
accuracy: 0.8783, accuracy3: 1.0000, loss: 0.3124 ||:  72%|#######1  | 132/184 [00:11<00:03, 13.09it/s]
accuracy: 0.8783, accuracy3: 1.0000, loss: 0.3122 ||:  73%|#######2  | 134/184 [00:11<00:04, 12.25it/s]
accuracy: 0.8781, accuracy3: 1.0000, loss: 0.3122 ||:  74%|#######3  | 136/184 [00:11<00:04, 11.92it/s]
accuracy: 0.8777, accuracy3: 1.0000, loss: 0.3124 ||:  75%|#######5  | 138/184 [00:11<00:03, 11.98it/s]
accuracy: 0.8775, accuracy3: 1.0000, loss: 0.3121 ||:  76%|#######6  | 140/184 [00:11<00:03, 11.72it/s]
accuracy: 0.8772, accuracy3: 1.0000, loss: 0.3120 ||:  77%|#######7  | 142/184 [00:12<00:03, 11.64it/s]
accuracy: 0.8772, accuracy3: 1.0000, loss: 0.3118 ||:  78%|#######8  | 144/184 [00:12<00:03, 11.34it/s]
accuracy: 0.8773, accuracy3: 1.0000, loss: 0.3113 ||:  79%|#######9  | 146/184 [00:12<00:03, 10.44it/s]
accuracy: 0.8775, accuracy3: 1.0000, loss: 0.3110 ||:  80%|########  | 148/184 [00:12<00:03, 11.04it/s]
accuracy: 0.8778, accuracy3: 1.0000, loss: 0.3111 ||:  82%|########1 | 150/184 [00:12<00:03, 10.66it/s]
accuracy: 0.8781, accuracy3: 1.0000, loss: 0.3104 ||:  83%|########2 | 152/184 [00:13<00:03, 10.38it/s]
accuracy: 0.8781, accuracy3: 1.0000, loss: 0.3104 ||:  84%|########3 | 154/184 [00:13<00:02, 11.39it/s]
accuracy: 0.8783, accuracy3: 1.0000, loss: 0.3107 ||:  85%|########4 | 156/184 [00:13<00:02, 11.29it/s]
accuracy: 0.8783, accuracy3: 1.0000, loss: 0.3110 ||:  86%|########5 | 158/184 [00:13<00:02, 11.91it/s]
accuracy: 0.8779, accuracy3: 1.0000, loss: 0.3112 ||:  87%|########6 | 160/184 [00:13<00:02, 11.66it/s]
accuracy: 0.8775, accuracy3: 1.0000, loss: 0.3110 ||:  88%|########8 | 162/184 [00:13<00:01, 11.62it/s]
accuracy: 0.8771, accuracy3: 1.0000, loss: 0.3113 ||:  89%|########9 | 164/184 [00:14<00:01, 11.40it/s]
accuracy: 0.8771, accuracy3: 1.0000, loss: 0.3114 ||:  90%|######### | 166/184 [00:14<00:01, 11.36it/s]
accuracy: 0.8771, accuracy3: 1.0000, loss: 0.3112 ||:  91%|#########1| 168/184 [00:14<00:01, 10.84it/s]
accuracy: 0.8774, accuracy3: 1.0000, loss: 0.3114 ||:  92%|#########2| 170/184 [00:14<00:01, 11.01it/s]
accuracy: 0.8776, accuracy3: 1.0000, loss: 0.3112 ||:  93%|#########3| 172/184 [00:14<00:01, 11.10it/s]
accuracy: 0.8778, accuracy3: 1.0000, loss: 0.3110 ||:  95%|#########4| 174/184 [00:14<00:00, 11.23it/s]
accuracy: 0.8780, accuracy3: 1.0000, loss: 0.3112 ||:  96%|#########5| 176/184 [00:15<00:00, 11.76it/s]
accuracy: 0.8782, accuracy3: 1.0000, loss: 0.3109 ||:  97%|#########6| 178/184 [00:15<00:00, 11.96it/s]
accuracy: 0.8780, accuracy3: 1.0000, loss: 0.3109 ||:  98%|#########7| 180/184 [00:15<00:00, 10.89it/s]
accuracy: 0.8779, accuracy3: 1.0000, loss: 0.3111 ||:  99%|#########8| 182/184 [00:15<00:00, 11.62it/s]
accuracy: 0.8780, accuracy3: 1.0000, loss: 0.3108 ||: 100%|##########| 184/184 [00:15<00:00, 12.15it/s]

  0%|          | 0/98 [00:00<?, ?it/s]
accuracy: 0.8136, accuracy3: 1.0000, loss: 0.3890 ||:   5%|5         | 5/98 [00:00<00:02, 40.25it/s]
accuracy: 0.8347, accuracy3: 1.0000, loss: 0.5404 ||:  10%|#         | 10/98 [00:00<00:02, 39.26it/s]
accuracy: 0.8387, accuracy3: 1.0000, loss: 0.5613 ||:  14%|#4        | 14/98 [00:00<00:02, 38.78it/s]
accuracy: 0.8431, accuracy3: 1.0000, loss: 0.5548 ||:  18%|#8        | 18/98 [00:00<00:02, 36.71it/s]
accuracy: 0.8414, accuracy3: 1.0000, loss: 0.5469 ||:  22%|##2       | 22/98 [00:00<00:02, 37.17it/s]
accuracy: 0.8414, accuracy3: 1.0000, loss: 0.5306 ||:  27%|##6       | 26/98 [00:00<00:02, 35.23it/s]
accuracy: 0.8406, accuracy3: 1.0000, loss: 0.5081 ||:  32%|###1      | 31/98 [00:00<00:01, 36.61it/s]
accuracy: 0.8441, accuracy3: 1.0000, loss: 0.4987 ||:  37%|###6      | 36/98 [00:00<00:01, 38.14it/s]
accuracy: 0.8448, accuracy3: 1.0000, loss: 0.5094 ||:  41%|####      | 40/98 [00:01<00:01, 37.59it/s]
accuracy: 0.8466, accuracy3: 1.0000, loss: 0.5257 ||:  45%|####4     | 44/98 [00:01<00:01, 37.28it/s]
accuracy: 0.8480, accuracy3: 1.0000, loss: 0.5236 ||:  49%|####8     | 48/98 [00:01<00:01, 35.68it/s]
accuracy: 0.8495, accuracy3: 1.0000, loss: 0.5185 ||:  53%|#####3    | 52/98 [00:01<00:01, 35.74it/s]
accuracy: 0.8519, accuracy3: 1.0000, loss: 0.5108 ||:  57%|#####7    | 56/98 [00:01<00:01, 35.73it/s]
accuracy: 0.8517, accuracy3: 1.0000, loss: 0.5115 ||:  61%|######1   | 60/98 [00:01<00:01, 35.37it/s]
accuracy: 0.8493, accuracy3: 1.0000, loss: 0.5116 ||:  65%|######5   | 64/98 [00:01<00:00, 35.87it/s]
accuracy: 0.8484, accuracy3: 1.0000, loss: 0.5046 ||:  69%|######9   | 68/98 [00:01<00:00, 35.76it/s]
accuracy: 0.8486, accuracy3: 1.0000, loss: 0.5001 ||:  73%|#######3  | 72/98 [00:01<00:00, 35.67it/s]
accuracy: 0.8470, accuracy3: 1.0000, loss: 0.4982 ||:  78%|#######7  | 76/98 [00:02<00:00, 35.56it/s]
accuracy: 0.8457, accuracy3: 1.0000, loss: 0.5026 ||:  82%|########1 | 80/98 [00:02<00:00, 34.89it/s]
accuracy: 0.8455, accuracy3: 1.0000, loss: 0.5002 ||:  87%|########6 | 85/98 [00:02<00:00, 36.04it/s]
accuracy: 0.8462, accuracy3: 1.0000, loss: 0.5126 ||:  91%|######### | 89/98 [00:02<00:00, 35.18it/s]
accuracy: 0.8482, accuracy3: 1.0000, loss: 0.5144 ||:  95%|#########4| 93/98 [00:02<00:00, 36.24it/s]
accuracy: 0.8495, accuracy3: 1.0000, loss: 0.5103 ||:  99%|#########8| 97/98 [00:02<00:00, 34.50it/s]
accuracy: 0.8496, accuracy3: 1.0000, loss: 0.5081 ||: 100%|##########| 98/98 [00:02<00:00, 36.26it/s]

