2019-02-03 23:08:19,255 - INFO - allennlp.common.from_params - instantiating class <class 'allennlp.data.dataset_readers.dataset_reader.DatasetReader'> from params {'token_indexers': {'tokens': {'lowercase_tokens': True, 'type': 'single_id'}}, 'type': 'sequence_tagging', 'word_tag_delimiter': '//'} and extras {}
2019-02-03 23:08:19,255 - INFO - allennlp.common.params - dataset_reader.type = sequence_tagging
2019-02-03 23:08:19,255 - INFO - allennlp.common.from_params - instantiating class <class 'allennlp.data.dataset_readers.sequence_tagging.SequenceTaggingDatasetReader'> from params {'token_indexers': {'tokens': {'lowercase_tokens': True, 'type': 'single_id'}}, 'word_tag_delimiter': '//'} and extras {}
2019-02-03 23:08:19,255 - INFO - allennlp.common.params - dataset_reader.word_tag_delimiter = //
2019-02-03 23:08:19,256 - INFO - allennlp.common.params - dataset_reader.token_delimiter = None
2019-02-03 23:08:19,256 - INFO - allennlp.common.from_params - instantiating class allennlp.data.token_indexers.token_indexer.TokenIndexer from params {'lowercase_tokens': True, 'type': 'single_id'} and extras {}
2019-02-03 23:08:19,256 - INFO - allennlp.common.params - dataset_reader.token_indexers.tokens.type = single_id
2019-02-03 23:08:19,256 - INFO - allennlp.common.from_params - instantiating class allennlp.data.token_indexers.single_id_token_indexer.SingleIdTokenIndexer from params {'lowercase_tokens': True} and extras {}
2019-02-03 23:08:19,256 - INFO - allennlp.common.params - dataset_reader.token_indexers.tokens.namespace = tokens
2019-02-03 23:08:19,256 - INFO - allennlp.common.params - dataset_reader.token_indexers.tokens.lowercase_tokens = True
2019-02-03 23:08:19,256 - INFO - allennlp.common.params - dataset_reader.token_indexers.tokens.start_tokens = None
2019-02-03 23:08:19,257 - INFO - allennlp.common.params - dataset_reader.token_indexers.tokens.end_tokens = None
2019-02-03 23:08:19,257 - INFO - allennlp.common.params - dataset_reader.lazy = False
2019-02-03 23:08:19,257 - INFO - allennlp.common.params - validation_dataset_reader = None
2019-02-03 23:08:19,257 - INFO - allennlp.common.params - train_data_path = ../data/allenTrain.txt
2019-02-03 23:08:19,257 - INFO - allennlp.commands.train - Reading training data from ../data/allenTrain.txt
2019-02-03 23:08:19,257 - INFO - allennlp.data.dataset_readers.sequence_tagging - Reading instances from lines in file at: ../data/allenTrain.txt
2019-02-03 23:08:32,079 - INFO - allennlp.common.params - validation_data_path = ../data/allenDev.txt
2019-02-03 23:08:32,079 - INFO - allennlp.commands.train - Reading validation data from ../data/allenDev.txt
2019-02-03 23:08:32,080 - INFO - allennlp.data.dataset_readers.sequence_tagging - Reading instances from lines in file at: ../data/allenDev.txt
2019-02-03 23:08:32,325 - INFO - allennlp.common.params - test_data_path = None
2019-02-03 23:08:32,325 - INFO - allennlp.commands.train - From dataset instances, train, validation will be considered for vocabulary creation.
2019-02-03 23:08:32,325 - INFO - allennlp.common.params - vocabulary.type = None
2019-02-03 23:08:32,326 - INFO - allennlp.common.params - vocabulary.extend = False
2019-02-03 23:08:32,326 - INFO - allennlp.common.params - vocabulary.directory_path = None
2019-02-03 23:08:32,326 - INFO - allennlp.common.params - vocabulary.min_count = None
2019-02-03 23:08:32,326 - INFO - allennlp.common.params - vocabulary.max_vocab_size = None
2019-02-03 23:08:32,326 - INFO - allennlp.common.params - vocabulary.non_padded_namespaces = ('*tags', '*labels')
2019-02-03 23:08:32,326 - INFO - allennlp.common.params - vocabulary.min_pretrained_embeddings = None
2019-02-03 23:08:32,326 - INFO - allennlp.common.params - vocabulary.only_include_pretrained_words = False
2019-02-03 23:08:32,326 - INFO - allennlp.common.params - vocabulary.tokens_to_add = None
2019-02-03 23:08:32,326 - INFO - allennlp.data.vocabulary - Fitting token dictionary from dataset.
2019-02-03 23:08:36,208 - INFO - allennlp.common.from_params - instantiating class <class 'allennlp.models.model.Model'> from params {'encoder': {'bidirectional': True, 'dropout': 0.5, 'hidden_size': 50, 'input_size': 50, 'num_layers': 2, 'type': 'lstm'}, 'text_field_embedder': {'token_embedders': {'tokens': {'embedding_dim': 50, 'pretrained_file': '~/src/allennlp/glove/glove.6B.50d.txt.gz', 'trainable': False, 'type': 'embedding'}}}, 'type': 'simple_tagger'} and extras {'vocab': Vocabulary with namespaces:  tokens, Size: 90190 || labels, Size: 2 || Non Padded Namespaces: {'*labels', '*tags'}}
2019-02-03 23:08:36,208 - INFO - allennlp.common.params - model.type = simple_tagger
2019-02-03 23:08:36,209 - INFO - allennlp.common.from_params - instantiating class <class 'allennlp.models.simple_tagger.SimpleTagger'> from params {'encoder': {'bidirectional': True, 'dropout': 0.5, 'hidden_size': 50, 'input_size': 50, 'num_layers': 2, 'type': 'lstm'}, 'text_field_embedder': {'token_embedders': {'tokens': {'embedding_dim': 50, 'pretrained_file': '~/src/allennlp/glove/glove.6B.50d.txt.gz', 'trainable': False, 'type': 'embedding'}}}} and extras {'vocab': Vocabulary with namespaces:  tokens, Size: 90190 || labels, Size: 2 || Non Padded Namespaces: {'*labels', '*tags'}}
2019-02-03 23:08:36,209 - INFO - allennlp.common.from_params - instantiating class <class 'allennlp.modules.text_field_embedders.text_field_embedder.TextFieldEmbedder'> from params {'token_embedders': {'tokens': {'embedding_dim': 50, 'pretrained_file': '~/src/allennlp/glove/glove.6B.50d.txt.gz', 'trainable': False, 'type': 'embedding'}}} and extras {'vocab': Vocabulary with namespaces:  tokens, Size: 90190 || labels, Size: 2 || Non Padded Namespaces: {'*labels', '*tags'}}
2019-02-03 23:08:36,209 - INFO - allennlp.common.params - model.text_field_embedder.type = basic
2019-02-03 23:08:36,209 - INFO - allennlp.common.params - model.text_field_embedder.embedder_to_indexer_map = None
2019-02-03 23:08:36,209 - INFO - allennlp.common.params - model.text_field_embedder.allow_unmatched_keys = False
2019-02-03 23:08:36,210 - INFO - allennlp.common.from_params - instantiating class <class 'allennlp.modules.token_embedders.token_embedder.TokenEmbedder'> from params {'embedding_dim': 50, 'pretrained_file': '~/src/allennlp/glove/glove.6B.50d.txt.gz', 'trainable': False, 'type': 'embedding'} and extras {'vocab': Vocabulary with namespaces:  tokens, Size: 90190 || labels, Size: 2 || Non Padded Namespaces: {'*labels', '*tags'}}
2019-02-03 23:08:36,210 - INFO - allennlp.common.params - model.text_field_embedder.token_embedders.tokens.type = embedding
2019-02-03 23:08:36,210 - INFO - allennlp.common.params - model.text_field_embedder.token_embedders.tokens.num_embeddings = None
2019-02-03 23:08:36,210 - INFO - allennlp.common.params - model.text_field_embedder.token_embedders.tokens.vocab_namespace = tokens
2019-02-03 23:08:36,210 - INFO - allennlp.common.params - model.text_field_embedder.token_embedders.tokens.embedding_dim = 50
2019-02-03 23:08:36,210 - INFO - allennlp.common.params - model.text_field_embedder.token_embedders.tokens.pretrained_file = ~/src/allennlp/glove/glove.6B.50d.txt.gz
2019-02-03 23:08:36,210 - INFO - allennlp.common.params - model.text_field_embedder.token_embedders.tokens.projection_dim = None
2019-02-03 23:08:36,210 - INFO - allennlp.common.params - model.text_field_embedder.token_embedders.tokens.trainable = False
2019-02-03 23:08:36,211 - INFO - allennlp.common.params - model.text_field_embedder.token_embedders.tokens.padding_index = None
2019-02-03 23:08:36,211 - INFO - allennlp.common.params - model.text_field_embedder.token_embedders.tokens.max_norm = None
2019-02-03 23:08:36,211 - INFO - allennlp.common.params - model.text_field_embedder.token_embedders.tokens.norm_type = 2.0
2019-02-03 23:08:36,211 - INFO - allennlp.common.params - model.text_field_embedder.token_embedders.tokens.scale_grad_by_freq = False
2019-02-03 23:08:36,211 - INFO - allennlp.common.params - model.text_field_embedder.token_embedders.tokens.sparse = False
2019-02-03 23:08:36,218 - INFO - allennlp.modules.token_embedders.embedding - Reading pretrained embeddings from file
2019-02-03 23:08:39,721 - INFO - allennlp.modules.token_embedders.embedding - Initializing pre-trained embedding layer
2019-02-03 23:08:40,327 - INFO - allennlp.modules.token_embedders.embedding - Pretrained embeddings were found for 70036 out of 90190 tokens
2019-02-03 23:08:40,347 - INFO - allennlp.common.from_params - instantiating class <class 'allennlp.modules.seq2seq_encoders.seq2seq_encoder.Seq2SeqEncoder'> from params {'bidirectional': True, 'dropout': 0.5, 'hidden_size': 50, 'input_size': 50, 'num_layers': 2, 'type': 'lstm'} and extras {'vocab': Vocabulary with namespaces:  tokens, Size: 90190 || labels, Size: 2 || Non Padded Namespaces: {'*labels', '*tags'}}
2019-02-03 23:08:40,347 - INFO - allennlp.common.params - model.encoder.type = lstm
2019-02-03 23:08:40,347 - INFO - allennlp.common.params - model.encoder.batch_first = True
2019-02-03 23:08:40,347 - INFO - allennlp.common.params - model.encoder.stateful = False
2019-02-03 23:08:40,347 - INFO - allennlp.common.params - Converting Params object to dict; logging of default values will not occur when dictionary parameters are used subsequently.
2019-02-03 23:08:40,347 - INFO - allennlp.common.params - CURRENTLY DEFINED PARAMETERS: 
2019-02-03 23:08:40,347 - INFO - allennlp.common.params - model.encoder.bidirectional = True
2019-02-03 23:08:40,348 - INFO - allennlp.common.params - model.encoder.dropout = 0.5
2019-02-03 23:08:40,348 - INFO - allennlp.common.params - model.encoder.hidden_size = 50
2019-02-03 23:08:40,348 - INFO - allennlp.common.params - model.encoder.input_size = 50
2019-02-03 23:08:40,348 - INFO - allennlp.common.params - model.encoder.num_layers = 2
2019-02-03 23:08:40,348 - INFO - allennlp.common.params - model.encoder.batch_first = True
2019-02-03 23:08:40,350 - INFO - allennlp.nn.initializers - Initializing parameters
2019-02-03 23:08:40,350 - INFO - allennlp.nn.initializers - Done initializing parameters; the following parameters are using their default initialization from their code
2019-02-03 23:08:40,350 - INFO - allennlp.nn.initializers -    encoder._module.bias_hh_l0
2019-02-03 23:08:40,350 - INFO - allennlp.nn.initializers -    encoder._module.bias_hh_l0_reverse
2019-02-03 23:08:40,350 - INFO - allennlp.nn.initializers -    encoder._module.bias_hh_l1
2019-02-03 23:08:40,350 - INFO - allennlp.nn.initializers -    encoder._module.bias_hh_l1_reverse
2019-02-03 23:08:40,350 - INFO - allennlp.nn.initializers -    encoder._module.bias_ih_l0
2019-02-03 23:08:40,351 - INFO - allennlp.nn.initializers -    encoder._module.bias_ih_l0_reverse
2019-02-03 23:08:40,351 - INFO - allennlp.nn.initializers -    encoder._module.bias_ih_l1
2019-02-03 23:08:40,351 - INFO - allennlp.nn.initializers -    encoder._module.bias_ih_l1_reverse
2019-02-03 23:08:40,351 - INFO - allennlp.nn.initializers -    encoder._module.weight_hh_l0
2019-02-03 23:08:40,351 - INFO - allennlp.nn.initializers -    encoder._module.weight_hh_l0_reverse
2019-02-03 23:08:40,351 - INFO - allennlp.nn.initializers -    encoder._module.weight_hh_l1
2019-02-03 23:08:40,351 - INFO - allennlp.nn.initializers -    encoder._module.weight_hh_l1_reverse
2019-02-03 23:08:40,351 - INFO - allennlp.nn.initializers -    encoder._module.weight_ih_l0
2019-02-03 23:08:40,351 - INFO - allennlp.nn.initializers -    encoder._module.weight_ih_l0_reverse
2019-02-03 23:08:40,352 - INFO - allennlp.nn.initializers -    encoder._module.weight_ih_l1
2019-02-03 23:08:40,352 - INFO - allennlp.nn.initializers -    encoder._module.weight_ih_l1_reverse
2019-02-03 23:08:40,352 - INFO - allennlp.nn.initializers -    tag_projection_layer._module.bias
2019-02-03 23:08:40,352 - INFO - allennlp.nn.initializers -    tag_projection_layer._module.weight
2019-02-03 23:08:40,352 - INFO - allennlp.nn.initializers -    text_field_embedder.token_embedder_tokens.weight
2019-02-03 23:08:40,597 - INFO - allennlp.common.from_params - instantiating class <class 'allennlp.data.iterators.data_iterator.DataIterator'> from params {'batch_size': 32, 'type': 'basic'} and extras {}
2019-02-03 23:08:40,597 - INFO - allennlp.common.params - iterator.type = basic
2019-02-03 23:08:40,597 - INFO - allennlp.common.from_params - instantiating class <class 'allennlp.data.iterators.basic_iterator.BasicIterator'> from params {'batch_size': 32} and extras {}
2019-02-03 23:08:40,597 - INFO - allennlp.common.params - iterator.batch_size = 32
2019-02-03 23:08:40,597 - INFO - allennlp.common.params - iterator.instances_per_epoch = None
2019-02-03 23:08:40,598 - INFO - allennlp.common.params - iterator.max_instances_in_memory = None
2019-02-03 23:08:40,598 - INFO - allennlp.common.params - iterator.cache_instances = False
2019-02-03 23:08:40,598 - INFO - allennlp.common.params - iterator.track_epoch = False
2019-02-03 23:08:40,598 - INFO - allennlp.common.params - iterator.maximum_samples_per_batch = None
2019-02-03 23:08:40,598 - INFO - allennlp.common.params - validation_iterator = None
2019-02-03 23:08:40,598 - INFO - allennlp.common.params - trainer.no_grad = ()
2019-02-03 23:08:40,599 - INFO - allennlp.commands.train - Following parameters are Frozen  (without gradient):
2019-02-03 23:08:40,599 - INFO - allennlp.commands.train - text_field_embedder.token_embedder_tokens.weight
2019-02-03 23:08:40,599 - INFO - allennlp.commands.train - Following parameters are Tunable (with gradient):
2019-02-03 23:08:40,599 - INFO - allennlp.commands.train - encoder._module.weight_ih_l0
2019-02-03 23:08:40,599 - INFO - allennlp.commands.train - encoder._module.weight_hh_l0
2019-02-03 23:08:40,599 - INFO - allennlp.commands.train - encoder._module.bias_ih_l0
2019-02-03 23:08:40,599 - INFO - allennlp.commands.train - encoder._module.bias_hh_l0
2019-02-03 23:08:40,599 - INFO - allennlp.commands.train - encoder._module.weight_ih_l0_reverse
2019-02-03 23:08:40,599 - INFO - allennlp.commands.train - encoder._module.weight_hh_l0_reverse
2019-02-03 23:08:40,599 - INFO - allennlp.commands.train - encoder._module.bias_ih_l0_reverse
2019-02-03 23:08:40,600 - INFO - allennlp.commands.train - encoder._module.bias_hh_l0_reverse
2019-02-03 23:08:40,600 - INFO - allennlp.commands.train - encoder._module.weight_ih_l1
2019-02-03 23:08:40,600 - INFO - allennlp.commands.train - encoder._module.weight_hh_l1
2019-02-03 23:08:40,600 - INFO - allennlp.commands.train - encoder._module.bias_ih_l1
2019-02-03 23:08:40,600 - INFO - allennlp.commands.train - encoder._module.bias_hh_l1
2019-02-03 23:08:40,600 - INFO - allennlp.commands.train - encoder._module.weight_ih_l1_reverse
2019-02-03 23:08:40,600 - INFO - allennlp.commands.train - encoder._module.weight_hh_l1_reverse
2019-02-03 23:08:40,600 - INFO - allennlp.commands.train - encoder._module.bias_ih_l1_reverse
2019-02-03 23:08:40,600 - INFO - allennlp.commands.train - encoder._module.bias_hh_l1_reverse
2019-02-03 23:08:40,600 - INFO - allennlp.commands.train - tag_projection_layer._module.weight
2019-02-03 23:08:40,600 - INFO - allennlp.commands.train - tag_projection_layer._module.bias
2019-02-03 23:08:40,601 - INFO - allennlp.common.params - trainer.type = default
2019-02-03 23:08:40,601 - INFO - allennlp.common.params - trainer.patience = 10
2019-02-03 23:08:40,601 - INFO - allennlp.common.params - trainer.validation_metric = -loss
2019-02-03 23:08:40,601 - INFO - allennlp.common.params - trainer.shuffle = True
2019-02-03 23:08:40,601 - INFO - allennlp.common.params - trainer.num_epochs = 40
2019-02-03 23:08:40,601 - INFO - allennlp.common.params - trainer.cuda_device = 0
2019-02-03 23:08:40,601 - INFO - allennlp.common.params - trainer.grad_norm = None
2019-02-03 23:08:40,601 - INFO - allennlp.common.params - trainer.grad_clipping = None
2019-02-03 23:08:40,601 - INFO - allennlp.common.params - trainer.learning_rate_scheduler = None
2019-02-03 23:08:43,202 - INFO - allennlp.common.params - trainer.optimizer = adam
2019-02-03 23:08:43,202 - INFO - allennlp.common.params - parameter_groups = None
2019-02-03 23:08:43,202 - INFO - allennlp.training.optimizers - Number of trainable parameters: 101802
2019-02-03 23:08:43,203 - INFO - allennlp.common.params - Converting Params object to dict; logging of default values will not occur when dictionary parameters are used subsequently.
2019-02-03 23:08:43,203 - INFO - allennlp.common.params - CURRENTLY DEFINED PARAMETERS: 
2019-02-03 23:08:43,203 - INFO - allennlp.common.params - trainer.num_serialized_models_to_keep = 20
2019-02-03 23:08:43,203 - INFO - allennlp.common.params - trainer.keep_serialized_model_every_num_seconds = None
2019-02-03 23:08:43,203 - INFO - allennlp.common.params - trainer.model_save_interval = None
2019-02-03 23:08:43,203 - INFO - allennlp.common.params - trainer.summary_interval = 100
2019-02-03 23:08:43,204 - INFO - allennlp.common.params - trainer.histogram_interval = None
2019-02-03 23:08:43,204 - INFO - allennlp.common.params - trainer.should_log_parameter_statistics = True
2019-02-03 23:08:43,204 - INFO - allennlp.common.params - trainer.should_log_learning_rate = False
2019-02-03 23:08:43,204 - INFO - allennlp.common.params - trainer.log_batch_size_period = None
2019-02-03 23:08:43,206 - INFO - allennlp.common.params - evaluate_on_test = False
2019-02-03 23:08:43,207 - INFO - allennlp.training.trainer - Beginning training.
2019-02-03 23:08:43,207 - INFO - allennlp.training.trainer - Epoch 0/39
2019-02-03 23:08:43,207 - INFO - allennlp.training.trainer - Peak CPU memory usage MB: 2892.508
2019-02-03 23:08:43,279 - INFO - allennlp.training.trainer - GPU 0 memory usage MB: 349
2019-02-03 23:08:43,280 - INFO - allennlp.training.trainer - Training
2019-02-03 23:12:45,404 - INFO - allennlp.training.trainer - Validating
2019-02-03 23:12:48,428 - INFO - allennlp.training.trainer -                     Training |  Validation
2019-02-03 23:12:48,428 - INFO - allennlp.training.trainer - accuracy        |     0.955  |     0.939
2019-02-03 23:12:48,429 - INFO - allennlp.training.trainer - accuracy3       |     1.000  |     1.000
2019-02-03 23:12:48,429 - INFO - allennlp.training.trainer - loss            |     0.153  |     0.186
2019-02-03 23:12:48,429 - INFO - allennlp.training.trainer - cpu_memory_MB   |  2892.508  |       N/A
2019-02-03 23:12:48,429 - INFO - allennlp.training.trainer - gpu_0_memory_MB |   349.000  |       N/A
2019-02-03 23:12:48,472 - INFO - allennlp.training.trainer - Best validation performance so far. Copying weights to './model_params/best.th'.
2019-02-03 23:12:48,505 - INFO - allennlp.training.trainer - Epoch duration: 00:04:05
2019-02-03 23:12:48,505 - INFO - allennlp.training.trainer - Estimated training time remaining: 2:39:26
2019-02-03 23:12:48,506 - INFO - allennlp.training.trainer - Epoch 1/39
2019-02-03 23:12:48,506 - INFO - allennlp.training.trainer - Peak CPU memory usage MB: 3038.18
2019-02-03 23:12:48,614 - INFO - allennlp.training.trainer - GPU 0 memory usage MB: 395
2019-02-03 23:12:48,614 - INFO - allennlp.training.trainer - Training
2019-02-03 23:18:15,815 - INFO - allennlp.training.trainer - Validating
2019-02-03 23:18:20,444 - INFO - allennlp.training.trainer -                     Training |  Validation
2019-02-03 23:18:20,445 - INFO - allennlp.training.trainer - accuracy        |     0.955  |     0.940
2019-02-03 23:18:20,445 - INFO - allennlp.training.trainer - accuracy3       |     1.000  |     1.000
2019-02-03 23:18:20,445 - INFO - allennlp.training.trainer - loss            |     0.143  |     0.177
2019-02-03 23:18:20,445 - INFO - allennlp.training.trainer - cpu_memory_MB   |  3038.180  |       N/A
2019-02-03 23:18:20,446 - INFO - allennlp.training.trainer - gpu_0_memory_MB |   395.000  |       N/A
2019-02-03 23:18:20,548 - INFO - allennlp.training.trainer - Best validation performance so far. Copying weights to './model_params/best.th'.
2019-02-03 23:18:20,612 - INFO - allennlp.training.trainer - Epoch duration: 00:05:32
2019-02-03 23:18:20,616 - INFO - allennlp.training.trainer - Estimated training time remaining: 3:02:50
2019-02-03 23:18:20,616 - INFO - allennlp.training.trainer - Epoch 2/39
2019-02-03 23:18:20,617 - INFO - allennlp.training.trainer - Peak CPU memory usage MB: 3038.26
2019-02-03 23:18:20,754 - INFO - allennlp.training.trainer - GPU 0 memory usage MB: 1022
2019-02-03 23:18:20,754 - INFO - allennlp.training.trainer - Training
2019-02-03 23:25:07,497 - INFO - allennlp.training.trainer - Validating
2019-02-03 23:25:11,385 - INFO - allennlp.training.trainer -                     Training |  Validation
2019-02-03 23:25:11,387 - INFO - allennlp.training.trainer - accuracy        |     0.955  |     0.940
2019-02-03 23:25:11,387 - INFO - allennlp.training.trainer - accuracy3       |     1.000  |     1.000
2019-02-03 23:25:11,387 - INFO - allennlp.training.trainer - loss            |     0.140  |     0.178
2019-02-03 23:25:11,387 - INFO - allennlp.training.trainer - cpu_memory_MB   |  3038.260  |       N/A
2019-02-03 23:25:11,387 - INFO - allennlp.training.trainer - gpu_0_memory_MB |  1022.000  |       N/A
2019-02-03 23:25:11,433 - INFO - allennlp.training.trainer - Epoch duration: 00:06:50
2019-02-03 23:25:11,434 - INFO - allennlp.training.trainer - Estimated training time remaining: 3:23:08
2019-02-03 23:25:11,434 - INFO - allennlp.training.trainer - Epoch 3/39
2019-02-03 23:25:11,434 - INFO - allennlp.training.trainer - Peak CPU memory usage MB: 3038.26
2019-02-03 23:25:11,535 - INFO - allennlp.training.trainer - GPU 0 memory usage MB: 1053
2019-02-03 23:25:11,535 - INFO - allennlp.training.trainer - Training
2019-02-03 23:31:42,118 - INFO - allennlp.training.trainer - Validating
2019-02-03 23:31:46,278 - INFO - allennlp.training.trainer -                     Training |  Validation
2019-02-03 23:31:46,279 - INFO - allennlp.training.trainer - accuracy        |     0.956  |     0.940
2019-02-03 23:31:46,279 - INFO - allennlp.training.trainer - accuracy3       |     1.000  |     1.000
2019-02-03 23:31:46,280 - INFO - allennlp.training.trainer - loss            |     0.138  |     0.175
2019-02-03 23:31:46,280 - INFO - allennlp.training.trainer - cpu_memory_MB   |  3038.260  |       N/A
2019-02-03 23:31:46,280 - INFO - allennlp.training.trainer - gpu_0_memory_MB |  1053.000  |       N/A
2019-02-03 23:31:46,318 - INFO - allennlp.training.trainer - Best validation performance so far. Copying weights to './model_params/best.th'.
2019-02-03 23:31:46,360 - INFO - allennlp.training.trainer - Epoch duration: 00:06:34
2019-02-03 23:31:46,361 - INFO - allennlp.training.trainer - Estimated training time remaining: 3:27:28
2019-02-03 23:31:46,361 - INFO - allennlp.training.trainer - Epoch 4/39
2019-02-03 23:31:46,361 - INFO - allennlp.training.trainer - Peak CPU memory usage MB: 3038.26
2019-02-03 23:31:46,473 - INFO - allennlp.training.trainer - GPU 0 memory usage MB: 1059
2019-02-03 23:31:46,473 - INFO - allennlp.training.trainer - Training
2019-02-03 23:37:39,937 - INFO - allennlp.training.trainer - Validating
2019-02-03 23:37:44,060 - INFO - allennlp.training.trainer -                     Training |  Validation
2019-02-03 23:37:44,061 - INFO - allennlp.training.trainer - accuracy        |     0.956  |     0.941
2019-02-03 23:37:44,062 - INFO - allennlp.training.trainer - accuracy3       |     1.000  |     1.000
2019-02-03 23:37:44,062 - INFO - allennlp.training.trainer - loss            |     0.137  |     0.170
2019-02-03 23:37:44,062 - INFO - allennlp.training.trainer - cpu_memory_MB   |  3038.260  |       N/A
2019-02-03 23:37:44,062 - INFO - allennlp.training.trainer - gpu_0_memory_MB |  1059.000  |       N/A
2019-02-03 23:37:44,095 - INFO - allennlp.training.trainer - Best validation performance so far. Copying weights to './model_params/best.th'.
2019-02-03 23:37:44,138 - INFO - allennlp.training.trainer - Epoch duration: 00:05:57
2019-02-03 23:37:44,139 - INFO - allennlp.training.trainer - Estimated training time remaining: 3:23:06
2019-02-03 23:37:44,139 - INFO - allennlp.training.trainer - Epoch 5/39
2019-02-03 23:37:44,139 - INFO - allennlp.training.trainer - Peak CPU memory usage MB: 3038.26
2019-02-03 23:37:44,254 - INFO - allennlp.training.trainer - GPU 0 memory usage MB: 1065
2019-02-03 23:37:44,255 - INFO - allennlp.training.trainer - Training
2019-02-03 23:43:41,641 - INFO - allennlp.training.trainer - Validating
2019-02-03 23:43:45,770 - INFO - allennlp.training.trainer -                     Training |  Validation
2019-02-03 23:43:45,771 - INFO - allennlp.training.trainer - accuracy        |     0.956  |     0.941
2019-02-03 23:43:45,771 - INFO - allennlp.training.trainer - accuracy3       |     1.000  |     1.000
2019-02-03 23:43:45,771 - INFO - allennlp.training.trainer - loss            |     0.136  |     0.169
2019-02-03 23:43:45,771 - INFO - allennlp.training.trainer - cpu_memory_MB   |  3038.260  |       N/A
2019-02-03 23:43:45,772 - INFO - allennlp.training.trainer - gpu_0_memory_MB |  1065.000  |       N/A
2019-02-03 23:43:45,803 - INFO - allennlp.training.trainer - Best validation performance so far. Copying weights to './model_params/best.th'.
2019-02-03 23:43:45,849 - INFO - allennlp.training.trainer - Epoch duration: 00:06:01
2019-02-03 23:43:45,850 - INFO - allennlp.training.trainer - Estimated training time remaining: 3:18:34
2019-02-03 23:43:45,850 - INFO - allennlp.training.trainer - Epoch 6/39
2019-02-03 23:43:45,850 - INFO - allennlp.training.trainer - Peak CPU memory usage MB: 3038.26
2019-02-03 23:43:45,952 - INFO - allennlp.training.trainer - GPU 0 memory usage MB: 1178
2019-02-03 23:43:45,953 - INFO - allennlp.training.trainer - Training
2019-02-03 23:50:23,679 - INFO - allennlp.training.trainer - Validating
2019-02-03 23:50:28,126 - INFO - allennlp.training.trainer -                     Training |  Validation
2019-02-03 23:50:28,127 - INFO - allennlp.training.trainer - accuracy        |     0.956  |     0.941
2019-02-03 23:50:28,127 - INFO - allennlp.training.trainer - accuracy3       |     1.000  |     1.000
2019-02-03 23:50:28,127 - INFO - allennlp.training.trainer - loss            |     0.134  |     0.167
2019-02-03 23:50:28,127 - INFO - allennlp.training.trainer - cpu_memory_MB   |  3038.260  |       N/A
2019-02-03 23:50:28,127 - INFO - allennlp.training.trainer - gpu_0_memory_MB |  1178.000  |       N/A
2019-02-03 23:50:28,164 - INFO - allennlp.training.trainer - Best validation performance so far. Copying weights to './model_params/best.th'.
2019-02-03 23:50:28,205 - INFO - allennlp.training.trainer - Epoch duration: 00:06:42
2019-02-03 23:50:28,206 - INFO - allennlp.training.trainer - Estimated training time remaining: 3:16:49
2019-02-03 23:50:28,206 - INFO - allennlp.training.trainer - Epoch 7/39
2019-02-03 23:50:28,206 - INFO - allennlp.training.trainer - Peak CPU memory usage MB: 3038.26
2019-02-03 23:50:28,328 - INFO - allennlp.training.trainer - GPU 0 memory usage MB: 1178
2019-02-03 23:50:28,328 - INFO - allennlp.training.trainer - Training
2019-02-03 23:56:58,238 - INFO - allennlp.training.trainer - Validating
2019-02-03 23:57:02,579 - INFO - allennlp.training.trainer -                     Training |  Validation
2019-02-03 23:57:02,581 - INFO - allennlp.training.trainer - accuracy        |     0.956  |     0.941
2019-02-03 23:57:02,581 - INFO - allennlp.training.trainer - accuracy3       |     1.000  |     1.000
2019-02-03 23:57:02,581 - INFO - allennlp.training.trainer - loss            |     0.134  |     0.168
2019-02-03 23:57:02,581 - INFO - allennlp.training.trainer - cpu_memory_MB   |  3038.260  |       N/A
2019-02-03 23:57:02,581 - INFO - allennlp.training.trainer - gpu_0_memory_MB |  1178.000  |       N/A
2019-02-03 23:57:02,620 - INFO - allennlp.training.trainer - Epoch duration: 00:06:34
2019-02-03 23:57:02,620 - INFO - allennlp.training.trainer - Estimated training time remaining: 3:13:17
2019-02-03 23:57:02,620 - INFO - allennlp.training.trainer - Epoch 8/39
2019-02-03 23:57:02,621 - INFO - allennlp.training.trainer - Peak CPU memory usage MB: 3038.26
2019-02-03 23:57:02,730 - INFO - allennlp.training.trainer - GPU 0 memory usage MB: 1178
2019-02-03 23:57:02,731 - INFO - allennlp.training.trainer - Training
2019-02-04 00:03:36,711 - INFO - allennlp.training.trainer - Validating
2019-02-04 00:03:41,133 - INFO - allennlp.training.trainer -                     Training |  Validation
2019-02-04 00:03:41,134 - INFO - allennlp.training.trainer - accuracy        |     0.956  |     0.941
2019-02-04 00:03:41,135 - INFO - allennlp.training.trainer - accuracy3       |     1.000  |     1.000
2019-02-04 00:03:41,135 - INFO - allennlp.training.trainer - loss            |     0.133  |     0.165
2019-02-04 00:03:41,135 - INFO - allennlp.training.trainer - cpu_memory_MB   |  3038.260  |       N/A
2019-02-04 00:03:41,135 - INFO - allennlp.training.trainer - gpu_0_memory_MB |  1178.000  |       N/A
2019-02-04 00:03:41,171 - INFO - allennlp.training.trainer - Best validation performance so far. Copying weights to './model_params/best.th'.
2019-02-04 00:03:41,227 - INFO - allennlp.training.trainer - Epoch duration: 00:06:38
2019-02-04 00:03:41,227 - INFO - allennlp.training.trainer - Estimated training time remaining: 3:09:19
2019-02-04 00:03:41,228 - INFO - allennlp.training.trainer - Epoch 9/39
2019-02-04 00:03:41,228 - INFO - allennlp.training.trainer - Peak CPU memory usage MB: 3038.26
2019-02-04 00:03:41,355 - INFO - allennlp.training.trainer - GPU 0 memory usage MB: 1178
2019-02-04 00:03:41,356 - INFO - allennlp.training.trainer - Training
2019-02-04 00:10:13,480 - INFO - allennlp.training.trainer - Validating
2019-02-04 00:10:17,832 - INFO - allennlp.training.trainer -                     Training |  Validation
2019-02-04 00:10:17,833 - INFO - allennlp.training.trainer - accuracy        |     0.956  |     0.941
2019-02-04 00:10:17,833 - INFO - allennlp.training.trainer - accuracy3       |     1.000  |     1.000
2019-02-04 00:10:17,833 - INFO - allennlp.training.trainer - loss            |     0.132  |     0.165
2019-02-04 00:10:17,833 - INFO - allennlp.training.trainer - cpu_memory_MB   |  3038.260  |       N/A
2019-02-04 00:10:17,834 - INFO - allennlp.training.trainer - gpu_0_memory_MB |  1178.000  |       N/A
2019-02-04 00:10:17,870 - INFO - allennlp.training.trainer - Epoch duration: 00:06:36
2019-02-04 00:10:17,870 - INFO - allennlp.training.trainer - Estimated training time remaining: 3:04:43
2019-02-04 00:10:17,870 - INFO - allennlp.training.trainer - Epoch 10/39
2019-02-04 00:10:17,870 - INFO - allennlp.training.trainer - Peak CPU memory usage MB: 3038.26
2019-02-04 00:10:17,978 - INFO - allennlp.training.trainer - GPU 0 memory usage MB: 1178
2019-02-04 00:10:17,978 - INFO - allennlp.training.trainer - Training
2019-02-04 00:17:01,447 - INFO - allennlp.training.trainer - Validating
2019-02-04 00:17:05,816 - INFO - allennlp.training.trainer -                     Training |  Validation
2019-02-04 00:17:05,817 - INFO - allennlp.training.trainer - accuracy        |     0.956  |     0.942
2019-02-04 00:17:05,817 - INFO - allennlp.training.trainer - accuracy3       |     1.000  |     1.000
2019-02-04 00:17:05,817 - INFO - allennlp.training.trainer - loss            |     0.131  |     0.160
2019-02-04 00:17:05,817 - INFO - allennlp.training.trainer - cpu_memory_MB   |  3038.260  |       N/A
2019-02-04 00:17:05,817 - INFO - allennlp.training.trainer - gpu_0_memory_MB |  1178.000  |       N/A
2019-02-04 00:17:05,854 - INFO - allennlp.training.trainer - Best validation performance so far. Copying weights to './model_params/best.th'.
2019-02-04 00:17:05,889 - INFO - allennlp.training.trainer - Epoch duration: 00:06:48
2019-02-04 00:17:05,889 - INFO - allennlp.training.trainer - Estimated training time remaining: 3:00:16
2019-02-04 00:17:05,889 - INFO - allennlp.training.trainer - Epoch 11/39
2019-02-04 00:17:05,890 - INFO - allennlp.training.trainer - Peak CPU memory usage MB: 3038.26
2019-02-04 00:17:05,992 - INFO - allennlp.training.trainer - GPU 0 memory usage MB: 1178
2019-02-04 00:17:05,992 - INFO - allennlp.training.trainer - Training
2019-02-04 00:23:40,809 - INFO - allennlp.training.trainer - Validating
2019-02-04 00:23:45,200 - INFO - allennlp.training.trainer -                     Training |  Validation
2019-02-04 00:23:45,201 - INFO - allennlp.training.trainer - accuracy        |     0.956  |     0.942
2019-02-04 00:23:45,201 - INFO - allennlp.training.trainer - accuracy3       |     1.000  |     1.000
2019-02-04 00:23:45,201 - INFO - allennlp.training.trainer - loss            |     0.130  |     0.162
2019-02-04 00:23:45,201 - INFO - allennlp.training.trainer - cpu_memory_MB   |  3038.260  |       N/A
2019-02-04 00:23:45,201 - INFO - allennlp.training.trainer - gpu_0_memory_MB |  1178.000  |       N/A
2019-02-04 00:23:45,238 - INFO - allennlp.training.trainer - Epoch duration: 00:06:39
2019-02-04 00:23:45,238 - INFO - allennlp.training.trainer - Estimated training time remaining: 2:55:04
2019-02-04 00:23:45,238 - INFO - allennlp.training.trainer - Epoch 12/39
2019-02-04 00:23:45,238 - INFO - allennlp.training.trainer - Peak CPU memory usage MB: 3038.26
2019-02-04 00:23:45,345 - INFO - allennlp.training.trainer - GPU 0 memory usage MB: 1178
2019-02-04 00:23:45,345 - INFO - allennlp.training.trainer - Training
2019-02-04 00:30:13,747 - INFO - allennlp.training.trainer - Validating
2019-02-04 00:30:17,950 - INFO - allennlp.training.trainer -                     Training |  Validation
2019-02-04 00:30:17,951 - INFO - allennlp.training.trainer - accuracy        |     0.956  |     0.943
2019-02-04 00:30:17,951 - INFO - allennlp.training.trainer - accuracy3       |     1.000  |     1.000
2019-02-04 00:30:17,951 - INFO - allennlp.training.trainer - loss            |     0.129  |     0.159
2019-02-04 00:30:17,951 - INFO - allennlp.training.trainer - cpu_memory_MB   |  3038.260  |       N/A
2019-02-04 00:30:17,951 - INFO - allennlp.training.trainer - gpu_0_memory_MB |  1178.000  |       N/A
2019-02-04 00:30:17,981 - INFO - allennlp.training.trainer - Best validation performance so far. Copying weights to './model_params/best.th'.
2019-02-04 00:30:18,011 - INFO - allennlp.training.trainer - Epoch duration: 00:06:32
2019-02-04 00:30:18,011 - INFO - allennlp.training.trainer - Estimated training time remaining: 2:49:26
2019-02-04 00:30:18,011 - INFO - allennlp.training.trainer - Epoch 13/39
2019-02-04 00:30:18,012 - INFO - allennlp.training.trainer - Peak CPU memory usage MB: 3038.26
2019-02-04 00:30:18,109 - INFO - allennlp.training.trainer - GPU 0 memory usage MB: 1178
2019-02-04 00:30:18,110 - INFO - allennlp.training.trainer - Training
2019-02-04 00:36:49,630 - INFO - allennlp.training.trainer - Validating
2019-02-04 00:36:53,831 - INFO - allennlp.training.trainer -                     Training |  Validation
2019-02-04 00:36:53,832 - INFO - allennlp.training.trainer - accuracy        |     0.956  |     0.942
2019-02-04 00:36:53,832 - INFO - allennlp.training.trainer - accuracy3       |     1.000  |     1.000
2019-02-04 00:36:53,833 - INFO - allennlp.training.trainer - loss            |     0.129  |     0.162
2019-02-04 00:36:53,833 - INFO - allennlp.training.trainer - cpu_memory_MB   |  3038.260  |       N/A
2019-02-04 00:36:53,833 - INFO - allennlp.training.trainer - gpu_0_memory_MB |  1178.000  |       N/A
2019-02-04 00:36:53,878 - INFO - allennlp.training.trainer - Epoch duration: 00:06:35
2019-02-04 00:36:53,879 - INFO - allennlp.training.trainer - Estimated training time remaining: 2:43:45
2019-02-04 00:36:53,879 - INFO - allennlp.training.trainer - Epoch 14/39
2019-02-04 00:36:53,879 - INFO - allennlp.training.trainer - Peak CPU memory usage MB: 3038.26
2019-02-04 00:36:53,973 - INFO - allennlp.training.trainer - GPU 0 memory usage MB: 1178
2019-02-04 00:36:53,974 - INFO - allennlp.training.trainer - Training
2019-02-04 00:41:29,803 - INFO - root - Training interrupted by the user. Attempting to create a model archive using the current best epoch weights.
2019-02-04 00:41:29,804 - INFO - allennlp.models.archival - archiving weights and vocabulary to ./model_params/model.tar.gz
