0it [00:00, ?it/s]
1it [00:59, 59.66s/it]
1516it [00:59, 41.76s/it]
3096it [00:59, 29.23s/it]
4528it [00:59, 20.46s/it]
5863it [01:00, 97.66it/s]

0it [00:00, ?it/s]
1it [00:26, 26.96s/it]
902it [00:27, 18.87s/it]
2642it [00:27, 13.21s/it]
3112it [00:27, 113.83it/s]

0it [00:00, ?it/s]
884it [00:00, 8821.10it/s]
1684it [00:00, 8556.54it/s]
2458it [00:00, 8292.80it/s]
3296it [00:00, 8317.17it/s]
4230it [00:00, 8598.93it/s]
5114it [00:00, 8667.80it/s]
6019it [00:00, 8777.11it/s]
6879it [00:00, 8722.60it/s]
7703it [00:00, 8534.34it/s]
8560it [00:01, 8543.81it/s]
8975it [00:01, 8533.77it/s]

0it [00:00, ?it/s]
4834it [00:00, 48339.82it/s]
9829it [00:00, 48810.51it/s]
17820it [00:00, 55255.91it/s]
27929it [00:00, 63942.88it/s]
40172it [00:00, 74639.45it/s]
54318it [00:00, 86958.50it/s]
70221it [00:00, 100632.32it/s]
85927it [00:00, 112788.78it/s]
103284it [00:00, 126025.33it/s]
120543it [00:01, 137116.52it/s]
138550it [00:01, 147680.15it/s]
155124it [00:01, 152670.62it/s]
173794it [00:01, 161501.42it/s]
191529it [00:01, 165921.78it/s]
210490it [00:01, 172382.05it/s]
228185it [00:01, 171651.01it/s]
246681it [00:01, 175420.48it/s]
264510it [00:01, 176270.52it/s]
282310it [00:01, 176165.53it/s]
300942it [00:02, 179061.52it/s]
319707it [00:02, 181544.12it/s]
337937it [00:02, 178914.01it/s]
355890it [00:02, 175946.62it/s]
374768it [00:02, 179609.05it/s]
393242it [00:02, 181075.54it/s]
400000it [00:02, 156691.27it/s]

  0%|          | 0/184 [00:00<?, ?it/s]
accuracy: 0.8112, accuracy3: 1.0000, loss: 0.6716 ||:   1%|          | 1/184 [00:00<00:38,  4.73it/s]
accuracy: 0.8880, accuracy3: 1.0000, loss: 0.6288 ||:   2%|1         | 3/184 [00:00<00:31,  5.72it/s]
accuracy: 0.9062, accuracy3: 1.0000, loss: 0.6011 ||:   3%|2         | 5/184 [00:00<00:26,  6.79it/s]
accuracy: 0.9134, accuracy3: 1.0000, loss: 0.5667 ||:   4%|3         | 7/184 [00:00<00:22,  7.82it/s]
accuracy: 0.9129, accuracy3: 1.0000, loss: 0.5538 ||:   5%|4         | 9/184 [00:00<00:21,  8.27it/s]
accuracy: 0.9114, accuracy3: 1.0000, loss: 0.5473 ||:   6%|5         | 11/184 [00:01<00:19,  9.04it/s]
accuracy: 0.9064, accuracy3: 1.0000, loss: 0.5385 ||:   7%|7         | 13/184 [00:01<00:17,  9.87it/s]
accuracy: 0.9023, accuracy3: 1.0000, loss: 0.5306 ||:   8%|8         | 15/184 [00:01<00:15, 11.11it/s]
accuracy: 0.8959, accuracy3: 1.0000, loss: 0.5240 ||:   9%|9         | 17/184 [00:01<00:14, 11.40it/s]
accuracy: 0.8905, accuracy3: 1.0000, loss: 0.5157 ||:  10%|#         | 19/184 [00:01<00:13, 11.96it/s]
accuracy: 0.8873, accuracy3: 1.0000, loss: 0.5104 ||:  11%|#1        | 21/184 [00:01<00:13, 11.98it/s]
accuracy: 0.8850, accuracy3: 1.0000, loss: 0.5090 ||:  12%|#2        | 23/184 [00:02<00:12, 12.50it/s]
accuracy: 0.8838, accuracy3: 1.0000, loss: 0.5015 ||:  14%|#3        | 25/184 [00:02<00:12, 12.55it/s]
accuracy: 0.8817, accuracy3: 1.0000, loss: 0.5018 ||:  15%|#4        | 27/184 [00:02<00:12, 12.73it/s]
accuracy: 0.8791, accuracy3: 1.0000, loss: 0.4993 ||:  16%|#5        | 29/184 [00:02<00:12, 12.09it/s]
accuracy: 0.8765, accuracy3: 1.0000, loss: 0.4981 ||:  17%|#6        | 31/184 [00:02<00:12, 12.07it/s]
accuracy: 0.8748, accuracy3: 1.0000, loss: 0.4963 ||:  18%|#7        | 33/184 [00:02<00:12, 12.36it/s]
accuracy: 0.8730, accuracy3: 1.0000, loss: 0.4914 ||:  19%|#9        | 35/184 [00:02<00:11, 12.92it/s]
accuracy: 0.8726, accuracy3: 1.0000, loss: 0.4882 ||:  20%|##        | 37/184 [00:03<00:11, 12.87it/s]
accuracy: 0.8727, accuracy3: 1.0000, loss: 0.4866 ||:  21%|##1       | 39/184 [00:03<00:11, 12.33it/s]
accuracy: 0.8726, accuracy3: 1.0000, loss: 0.4867 ||:  22%|##2       | 41/184 [00:03<00:11, 12.70it/s]
accuracy: 0.8732, accuracy3: 1.0000, loss: 0.4852 ||:  23%|##3       | 43/184 [00:03<00:11, 12.45it/s]
accuracy: 0.8724, accuracy3: 1.0000, loss: 0.4849 ||:  24%|##4       | 45/184 [00:03<00:11, 12.10it/s]
accuracy: 0.8709, accuracy3: 1.0000, loss: 0.4821 ||:  26%|##5       | 47/184 [00:03<00:11, 11.95it/s]
accuracy: 0.8691, accuracy3: 1.0000, loss: 0.4814 ||:  27%|##6       | 49/184 [00:04<00:11, 11.94it/s]
accuracy: 0.8672, accuracy3: 1.0000, loss: 0.4793 ||:  28%|##7       | 51/184 [00:04<00:10, 12.28it/s]
accuracy: 0.8671, accuracy3: 1.0000, loss: 0.4767 ||:  29%|##8       | 53/184 [00:04<00:10, 12.87it/s]
accuracy: 0.8672, accuracy3: 1.0000, loss: 0.4758 ||:  30%|##9       | 55/184 [00:04<00:09, 13.40it/s]
accuracy: 0.8674, accuracy3: 1.0000, loss: 0.4722 ||:  31%|###       | 57/184 [00:04<00:09, 13.04it/s]
accuracy: 0.8678, accuracy3: 1.0000, loss: 0.4694 ||:  32%|###2      | 59/184 [00:04<00:09, 13.13it/s]
accuracy: 0.8681, accuracy3: 1.0000, loss: 0.4674 ||:  33%|###3      | 61/184 [00:05<00:09, 12.88it/s]
accuracy: 0.8682, accuracy3: 1.0000, loss: 0.4660 ||:  34%|###4      | 63/184 [00:05<00:09, 12.98it/s]
accuracy: 0.8675, accuracy3: 1.0000, loss: 0.4652 ||:  35%|###5      | 65/184 [00:05<00:09, 12.72it/s]
accuracy: 0.8677, accuracy3: 1.0000, loss: 0.4623 ||:  36%|###6      | 67/184 [00:05<00:08, 13.33it/s]
accuracy: 0.8676, accuracy3: 1.0000, loss: 0.4604 ||:  38%|###7      | 69/184 [00:05<00:08, 13.27it/s]
accuracy: 0.8668, accuracy3: 1.0000, loss: 0.4583 ||:  39%|###8      | 71/184 [00:05<00:08, 12.86it/s]
accuracy: 0.8667, accuracy3: 1.0000, loss: 0.4564 ||:  40%|###9      | 73/184 [00:05<00:08, 12.61it/s]
accuracy: 0.8660, accuracy3: 1.0000, loss: 0.4559 ||:  41%|####      | 75/184 [00:06<00:08, 12.97it/s]
accuracy: 0.8654, accuracy3: 1.0000, loss: 0.4558 ||:  42%|####1     | 77/184 [00:06<00:08, 13.12it/s]
accuracy: 0.8658, accuracy3: 1.0000, loss: 0.4548 ||:  43%|####2     | 79/184 [00:06<00:08, 12.89it/s]
accuracy: 0.8656, accuracy3: 1.0000, loss: 0.4546 ||:  44%|####4     | 81/184 [00:06<00:08, 12.69it/s]
accuracy: 0.8652, accuracy3: 1.0000, loss: 0.4544 ||:  45%|####5     | 83/184 [00:06<00:08, 12.61it/s]
accuracy: 0.8652, accuracy3: 1.0000, loss: 0.4544 ||:  46%|####6     | 85/184 [00:06<00:08, 12.21it/s]
accuracy: 0.8651, accuracy3: 1.0000, loss: 0.4529 ||:  47%|####7     | 87/184 [00:07<00:07, 12.45it/s]
accuracy: 0.8651, accuracy3: 1.0000, loss: 0.4519 ||:  48%|####8     | 89/184 [00:07<00:08, 11.49it/s]
accuracy: 0.8653, accuracy3: 1.0000, loss: 0.4513 ||:  49%|####9     | 91/184 [00:07<00:07, 12.29it/s]
accuracy: 0.8649, accuracy3: 1.0000, loss: 0.4511 ||:  51%|#####     | 93/184 [00:07<00:07, 12.15it/s]
accuracy: 0.8644, accuracy3: 1.0000, loss: 0.4512 ||:  52%|#####1    | 95/184 [00:07<00:07, 12.36it/s]
accuracy: 0.8645, accuracy3: 1.0000, loss: 0.4496 ||:  53%|#####2    | 97/184 [00:07<00:07, 11.58it/s]
accuracy: 0.8641, accuracy3: 1.0000, loss: 0.4498 ||:  54%|#####3    | 99/184 [00:08<00:07, 12.12it/s]
accuracy: 0.8645, accuracy3: 1.0000, loss: 0.4493 ||:  55%|#####4    | 101/184 [00:08<00:07, 11.17it/s]
accuracy: 0.8645, accuracy3: 1.0000, loss: 0.4481 ||:  56%|#####5    | 103/184 [00:08<00:07, 11.37it/s]
accuracy: 0.8642, accuracy3: 1.0000, loss: 0.4476 ||:  57%|#####7    | 105/184 [00:08<00:06, 12.18it/s]
accuracy: 0.8641, accuracy3: 1.0000, loss: 0.4468 ||:  58%|#####8    | 107/184 [00:08<00:06, 11.99it/s]
accuracy: 0.8639, accuracy3: 1.0000, loss: 0.4457 ||:  59%|#####9    | 109/184 [00:08<00:06, 11.90it/s]
accuracy: 0.8638, accuracy3: 1.0000, loss: 0.4451 ||:  60%|######    | 111/184 [00:09<00:05, 12.67it/s]
accuracy: 0.8635, accuracy3: 1.0000, loss: 0.4444 ||:  61%|######1   | 113/184 [00:09<00:05, 13.02it/s]
accuracy: 0.8633, accuracy3: 1.0000, loss: 0.4442 ||:  62%|######2   | 115/184 [00:09<00:05, 13.38it/s]
accuracy: 0.8634, accuracy3: 1.0000, loss: 0.4429 ||:  64%|######3   | 117/184 [00:09<00:05, 13.24it/s]
accuracy: 0.8630, accuracy3: 1.0000, loss: 0.4420 ||:  65%|######4   | 119/184 [00:09<00:05, 12.28it/s]
accuracy: 0.8632, accuracy3: 1.0000, loss: 0.4411 ||:  66%|######5   | 121/184 [00:09<00:05, 12.34it/s]
accuracy: 0.8635, accuracy3: 1.0000, loss: 0.4406 ||:  67%|######6   | 123/184 [00:10<00:04, 12.59it/s]
accuracy: 0.8636, accuracy3: 1.0000, loss: 0.4396 ||:  68%|######7   | 125/184 [00:10<00:04, 12.88it/s]
accuracy: 0.8637, accuracy3: 1.0000, loss: 0.4385 ||:  69%|######9   | 127/184 [00:10<00:04, 13.66it/s]
accuracy: 0.8635, accuracy3: 1.0000, loss: 0.4386 ||:  70%|#######   | 129/184 [00:10<00:04, 13.70it/s]
accuracy: 0.8637, accuracy3: 1.0000, loss: 0.4387 ||:  71%|#######1  | 131/184 [00:10<00:04, 12.67it/s]
accuracy: 0.8640, accuracy3: 1.0000, loss: 0.4376 ||:  72%|#######2  | 133/184 [00:10<00:04, 12.70it/s]
accuracy: 0.8638, accuracy3: 1.0000, loss: 0.4371 ||:  73%|#######3  | 135/184 [00:10<00:04, 12.04it/s]
accuracy: 0.8638, accuracy3: 1.0000, loss: 0.4363 ||:  74%|#######4  | 137/184 [00:11<00:03, 12.51it/s]
accuracy: 0.8640, accuracy3: 1.0000, loss: 0.4358 ||:  76%|#######5  | 139/184 [00:11<00:03, 11.97it/s]
accuracy: 0.8639, accuracy3: 1.0000, loss: 0.4352 ||:  77%|#######6  | 141/184 [00:11<00:03, 12.47it/s]
accuracy: 0.8638, accuracy3: 1.0000, loss: 0.4348 ||:  78%|#######7  | 143/184 [00:11<00:03, 12.28it/s]
accuracy: 0.8640, accuracy3: 1.0000, loss: 0.4336 ||:  79%|#######8  | 145/184 [00:11<00:03, 12.45it/s]
accuracy: 0.8641, accuracy3: 1.0000, loss: 0.4336 ||:  80%|#######9  | 147/184 [00:11<00:03, 12.14it/s]
accuracy: 0.8640, accuracy3: 1.0000, loss: 0.4335 ||:  81%|########  | 149/184 [00:12<00:02, 12.41it/s]
accuracy: 0.8638, accuracy3: 1.0000, loss: 0.4338 ||:  82%|########2 | 151/184 [00:12<00:02, 12.31it/s]
accuracy: 0.8634, accuracy3: 1.0000, loss: 0.4336 ||:  83%|########3 | 153/184 [00:12<00:02, 12.44it/s]
accuracy: 0.8628, accuracy3: 1.0000, loss: 0.4337 ||:  84%|########4 | 155/184 [00:12<00:02, 12.10it/s]
accuracy: 0.8625, accuracy3: 1.0000, loss: 0.4333 ||:  85%|########5 | 157/184 [00:12<00:02, 12.26it/s]
accuracy: 0.8626, accuracy3: 1.0000, loss: 0.4326 ||:  86%|########6 | 159/184 [00:12<00:01, 12.81it/s]
accuracy: 0.8626, accuracy3: 1.0000, loss: 0.4316 ||:  88%|########7 | 161/184 [00:13<00:01, 12.36it/s]
accuracy: 0.8630, accuracy3: 1.0000, loss: 0.4312 ||:  89%|########8 | 163/184 [00:13<00:01, 12.29it/s]
accuracy: 0.8634, accuracy3: 1.0000, loss: 0.4306 ||:  90%|########9 | 165/184 [00:13<00:01, 12.58it/s]
accuracy: 0.8635, accuracy3: 1.0000, loss: 0.4305 ||:  91%|######### | 167/184 [00:13<00:01, 13.04it/s]
accuracy: 0.8635, accuracy3: 1.0000, loss: 0.4298 ||:  92%|#########1| 169/184 [00:13<00:01, 11.26it/s]
accuracy: 0.8632, accuracy3: 1.0000, loss: 0.4292 ||:  93%|#########2| 171/184 [00:13<00:01, 11.58it/s]
accuracy: 0.8627, accuracy3: 1.0000, loss: 0.4292 ||:  94%|#########4| 173/184 [00:14<00:00, 11.91it/s]
accuracy: 0.8625, accuracy3: 1.0000, loss: 0.4287 ||:  95%|#########5| 175/184 [00:14<00:00, 11.76it/s]
accuracy: 0.8624, accuracy3: 1.0000, loss: 0.4283 ||:  96%|#########6| 177/184 [00:14<00:00, 11.70it/s]
accuracy: 0.8622, accuracy3: 1.0000, loss: 0.4284 ||:  97%|#########7| 179/184 [00:14<00:00, 12.35it/s]
accuracy: 0.8621, accuracy3: 1.0000, loss: 0.4280 ||:  98%|#########8| 181/184 [00:14<00:00, 11.83it/s]
accuracy: 0.8617, accuracy3: 1.0000, loss: 0.4275 ||:  99%|#########9| 183/184 [00:14<00:00, 12.18it/s]
accuracy: 0.8617, accuracy3: 1.0000, loss: 0.4267 ||: 100%|##########| 184/184 [00:14<00:00, 12.28it/s]

  0%|          | 0/98 [00:00<?, ?it/s]
accuracy: 0.8144, accuracy3: 1.0000, loss: 0.3984 ||:   4%|4         | 4/98 [00:00<00:02, 34.53it/s]
accuracy: 0.8343, accuracy3: 1.0000, loss: 0.4886 ||:   8%|8         | 8/98 [00:00<00:02, 34.92it/s]
accuracy: 0.8428, accuracy3: 1.0000, loss: 0.5109 ||:  12%|#2        | 12/98 [00:00<00:02, 33.89it/s]
accuracy: 0.8401, accuracy3: 1.0000, loss: 0.5267 ||:  15%|#5        | 15/98 [00:00<00:02, 32.25it/s]
accuracy: 0.8445, accuracy3: 1.0000, loss: 0.5297 ||:  19%|#9        | 19/98 [00:00<00:02, 32.79it/s]
accuracy: 0.8397, accuracy3: 1.0000, loss: 0.5152 ||:  23%|##3       | 23/98 [00:00<00:02, 33.29it/s]
accuracy: 0.8372, accuracy3: 1.0000, loss: 0.5092 ||:  27%|##6       | 26/98 [00:00<00:02, 31.14it/s]
accuracy: 0.8354, accuracy3: 1.0000, loss: 0.4936 ||:  31%|###       | 30/98 [00:00<00:02, 32.22it/s]
accuracy: 0.8388, accuracy3: 1.0000, loss: 0.4875 ||:  35%|###4      | 34/98 [00:01<00:01, 33.63it/s]
accuracy: 0.8411, accuracy3: 1.0000, loss: 0.4877 ||:  39%|###8      | 38/98 [00:01<00:01, 33.20it/s]
accuracy: 0.8392, accuracy3: 1.0000, loss: 0.4983 ||:  43%|####2     | 42/98 [00:01<00:01, 33.25it/s]
accuracy: 0.8407, accuracy3: 1.0000, loss: 0.5040 ||:  47%|####6     | 46/98 [00:01<00:01, 32.81it/s]
accuracy: 0.8466, accuracy3: 1.0000, loss: 0.5002 ||:  51%|#####1    | 50/98 [00:01<00:01, 31.92it/s]
accuracy: 0.8508, accuracy3: 1.0000, loss: 0.4985 ||:  55%|#####5    | 54/98 [00:01<00:01, 31.92it/s]
accuracy: 0.8539, accuracy3: 1.0000, loss: 0.4894 ||:  59%|#####9    | 58/98 [00:01<00:01, 30.56it/s]
accuracy: 0.8532, accuracy3: 1.0000, loss: 0.4868 ||:  63%|######3   | 62/98 [00:01<00:01, 31.88it/s]
accuracy: 0.8515, accuracy3: 1.0000, loss: 0.4850 ||:  67%|######7   | 66/98 [00:02<00:00, 32.36it/s]
accuracy: 0.8497, accuracy3: 1.0000, loss: 0.4801 ||:  71%|#######1  | 70/98 [00:02<00:00, 31.07it/s]
accuracy: 0.8497, accuracy3: 1.0000, loss: 0.4811 ||:  76%|#######5  | 74/98 [00:02<00:00, 32.23it/s]
accuracy: 0.8472, accuracy3: 1.0000, loss: 0.4800 ||:  80%|#######9  | 78/98 [00:02<00:00, 31.37it/s]
accuracy: 0.8479, accuracy3: 1.0000, loss: 0.4848 ||:  84%|########3 | 82/98 [00:02<00:00, 32.78it/s]
accuracy: 0.8493, accuracy3: 1.0000, loss: 0.4828 ||:  88%|########7 | 86/98 [00:02<00:00, 33.31it/s]
accuracy: 0.8503, accuracy3: 1.0000, loss: 0.4947 ||:  92%|#########1| 90/98 [00:02<00:00, 31.92it/s]
accuracy: 0.8526, accuracy3: 1.0000, loss: 0.4954 ||:  96%|#########5| 94/98 [00:02<00:00, 31.35it/s]
accuracy: 0.8541, accuracy3: 1.0000, loss: 0.4915 ||: 100%|##########| 98/98 [00:03<00:00, 32.28it/s]

  0%|          | 0/184 [00:00<?, ?it/s]
accuracy: 0.8660, accuracy3: 1.0000, loss: 0.3707 ||:   1%|1         | 2/184 [00:00<00:12, 14.65it/s]
accuracy: 0.8691, accuracy3: 1.0000, loss: 0.3739 ||:   2%|2         | 4/184 [00:00<00:12, 14.11it/s]
accuracy: 0.8762, accuracy3: 1.0000, loss: 0.3813 ||:   3%|3         | 6/184 [00:00<00:12, 14.37it/s]
accuracy: 0.8830, accuracy3: 1.0000, loss: 0.3758 ||:   4%|4         | 8/184 [00:00<00:12, 14.26it/s]
accuracy: 0.8831, accuracy3: 1.0000, loss: 0.3752 ||:   5%|5         | 10/184 [00:00<00:12, 13.48it/s]
accuracy: 0.8781, accuracy3: 1.0000, loss: 0.3844 ||:   7%|6         | 12/184 [00:00<00:13, 12.59it/s]
accuracy: 0.8706, accuracy3: 1.0000, loss: 0.3863 ||:   8%|7         | 14/184 [00:01<00:12, 13.10it/s]
accuracy: 0.8642, accuracy3: 1.0000, loss: 0.3886 ||:   9%|8         | 16/184 [00:01<00:13, 12.70it/s]
accuracy: 0.8604, accuracy3: 1.0000, loss: 0.3896 ||:  10%|9         | 18/184 [00:01<00:12, 12.88it/s]
accuracy: 0.8576, accuracy3: 1.0000, loss: 0.3901 ||:  11%|#         | 20/184 [00:01<00:12, 13.24it/s]
accuracy: 0.8570, accuracy3: 1.0000, loss: 0.3905 ||:  12%|#1        | 22/184 [00:01<00:11, 13.77it/s]
accuracy: 0.8579, accuracy3: 1.0000, loss: 0.3910 ||:  13%|#3        | 24/184 [00:01<00:11, 14.05it/s]
accuracy: 0.8607, accuracy3: 1.0000, loss: 0.3903 ||:  14%|#4        | 26/184 [00:01<00:12, 12.39it/s]
accuracy: 0.8637, accuracy3: 1.0000, loss: 0.3907 ||:  15%|#5        | 28/184 [00:02<00:12, 12.67it/s]
accuracy: 0.8634, accuracy3: 1.0000, loss: 0.3942 ||:  16%|#6        | 30/184 [00:02<00:13, 11.67it/s]
accuracy: 0.8617, accuracy3: 1.0000, loss: 0.3928 ||:  17%|#7        | 32/184 [00:02<00:12, 11.79it/s]
accuracy: 0.8596, accuracy3: 1.0000, loss: 0.3927 ||:  18%|#8        | 34/184 [00:02<00:12, 12.14it/s]
accuracy: 0.8571, accuracy3: 1.0000, loss: 0.3944 ||:  20%|#9        | 36/184 [00:02<00:11, 13.01it/s]
accuracy: 0.8545, accuracy3: 1.0000, loss: 0.3964 ||:  21%|##        | 38/184 [00:02<00:10, 13.46it/s]
accuracy: 0.8537, accuracy3: 1.0000, loss: 0.3949 ||:  22%|##1       | 40/184 [00:03<00:10, 13.97it/s]
accuracy: 0.8552, accuracy3: 1.0000, loss: 0.3951 ||:  23%|##2       | 42/184 [00:03<00:10, 13.16it/s]
accuracy: 0.8576, accuracy3: 1.0000, loss: 0.3918 ||:  24%|##3       | 44/184 [00:03<00:11, 11.98it/s]
accuracy: 0.8592, accuracy3: 1.0000, loss: 0.3928 ||:  25%|##5       | 46/184 [00:03<00:11, 12.13it/s]
accuracy: 0.8606, accuracy3: 1.0000, loss: 0.3926 ||:  26%|##6       | 48/184 [00:03<00:10, 12.98it/s]
accuracy: 0.8606, accuracy3: 1.0000, loss: 0.3939 ||:  27%|##7       | 50/184 [00:03<00:10, 12.85it/s]
accuracy: 0.8602, accuracy3: 1.0000, loss: 0.3927 ||:  28%|##8       | 52/184 [00:04<00:10, 13.10it/s]
accuracy: 0.8582, accuracy3: 1.0000, loss: 0.3932 ||:  29%|##9       | 54/184 [00:04<00:09, 13.26it/s]
accuracy: 0.8572, accuracy3: 1.0000, loss: 0.3923 ||:  30%|###       | 56/184 [00:04<00:09, 13.27it/s]
accuracy: 0.8569, accuracy3: 1.0000, loss: 0.3915 ||:  32%|###1      | 58/184 [00:04<00:09, 13.60it/s]
accuracy: 0.8572, accuracy3: 1.0000, loss: 0.3911 ||:  33%|###2      | 60/184 [00:04<00:08, 14.08it/s]
accuracy: 0.8584, accuracy3: 1.0000, loss: 0.3929 ||:  34%|###3      | 62/184 [00:04<00:08, 13.58it/s]
accuracy: 0.8594, accuracy3: 1.0000, loss: 0.3907 ||:  35%|###4      | 64/184 [00:04<00:08, 13.50it/s]
accuracy: 0.8607, accuracy3: 1.0000, loss: 0.3895 ||:  36%|###5      | 66/184 [00:05<00:08, 13.84it/s]
accuracy: 0.8611, accuracy3: 1.0000, loss: 0.3879 ||:  37%|###6      | 68/184 [00:05<00:08, 13.48it/s]
accuracy: 0.8611, accuracy3: 1.0000, loss: 0.3891 ||:  38%|###8      | 70/184 [00:05<00:08, 14.16it/s]
accuracy: 0.8605, accuracy3: 1.0000, loss: 0.3895 ||:  39%|###9      | 72/184 [00:05<00:07, 14.40it/s]
accuracy: 0.8604, accuracy3: 1.0000, loss: 0.3893 ||:  40%|####      | 74/184 [00:05<00:07, 14.27it/s]
accuracy: 0.8596, accuracy3: 1.0000, loss: 0.3893 ||:  41%|####1     | 76/184 [00:05<00:07, 14.35it/s]
accuracy: 0.8594, accuracy3: 1.0000, loss: 0.3881 ||:  42%|####2     | 78/184 [00:05<00:07, 14.87it/s]
accuracy: 0.8591, accuracy3: 1.0000, loss: 0.3882 ||:  43%|####3     | 80/184 [00:06<00:07, 13.93it/s]
accuracy: 0.8591, accuracy3: 1.0000, loss: 0.3879 ||:  45%|####4     | 82/184 [00:06<00:07, 13.54it/s]
accuracy: 0.8593, accuracy3: 1.0000, loss: 0.3875 ||:  46%|####5     | 84/184 [00:06<00:06, 14.31it/s]
accuracy: 0.8603, accuracy3: 1.0000, loss: 0.3869 ||:  47%|####6     | 86/184 [00:06<00:07, 13.88it/s]
accuracy: 0.8602, accuracy3: 1.0000, loss: 0.3874 ||:  48%|####7     | 88/184 [00:06<00:06, 13.92it/s]
accuracy: 0.8606, accuracy3: 1.0000, loss: 0.3886 ||:  49%|####8     | 90/184 [00:06<00:07, 13.01it/s]
accuracy: 0.8607, accuracy3: 1.0000, loss: 0.3884 ||:  50%|#####     | 92/184 [00:06<00:07, 12.79it/s]
accuracy: 0.8603, accuracy3: 1.0000, loss: 0.3885 ||:  51%|#####1    | 94/184 [00:07<00:07, 12.65it/s]
accuracy: 0.8596, accuracy3: 1.0000, loss: 0.3887 ||:  52%|#####2    | 96/184 [00:07<00:06, 13.28it/s]
accuracy: 0.8592, accuracy3: 1.0000, loss: 0.3895 ||:  53%|#####3    | 98/184 [00:07<00:06, 12.42it/s]
accuracy: 0.8592, accuracy3: 1.0000, loss: 0.3887 ||:  54%|#####4    | 100/184 [00:07<00:06, 12.58it/s]
accuracy: 0.8590, accuracy3: 1.0000, loss: 0.3898 ||:  55%|#####5    | 102/184 [00:07<00:06, 13.62it/s]
accuracy: 0.8589, accuracy3: 1.0000, loss: 0.3908 ||:  57%|#####6    | 104/184 [00:07<00:06, 12.51it/s]
accuracy: 0.8585, accuracy3: 1.0000, loss: 0.3908 ||:  58%|#####7    | 106/184 [00:08<00:06, 12.51it/s]
accuracy: 0.8584, accuracy3: 1.0000, loss: 0.3911 ||:  59%|#####8    | 108/184 [00:08<00:05, 12.88it/s]
accuracy: 0.8582, accuracy3: 1.0000, loss: 0.3911 ||:  60%|#####9    | 110/184 [00:08<00:05, 13.46it/s]
accuracy: 0.8584, accuracy3: 1.0000, loss: 0.3906 ||:  61%|######    | 112/184 [00:08<00:05, 12.89it/s]
accuracy: 0.8580, accuracy3: 1.0000, loss: 0.3920 ||:  62%|######1   | 114/184 [00:08<00:05, 13.89it/s]
accuracy: 0.8580, accuracy3: 1.0000, loss: 0.3911 ||:  63%|######3   | 116/184 [00:08<00:05, 12.75it/s]
accuracy: 0.8580, accuracy3: 1.0000, loss: 0.3911 ||:  64%|######4   | 118/184 [00:08<00:05, 13.04it/s]
accuracy: 0.8583, accuracy3: 1.0000, loss: 0.3910 ||:  65%|######5   | 120/184 [00:09<00:04, 13.37it/s]
accuracy: 0.8587, accuracy3: 1.0000, loss: 0.3907 ||:  66%|######6   | 122/184 [00:09<00:04, 12.89it/s]
accuracy: 0.8590, accuracy3: 1.0000, loss: 0.3904 ||:  67%|######7   | 124/184 [00:09<00:04, 12.94it/s]
accuracy: 0.8592, accuracy3: 1.0000, loss: 0.3895 ||:  68%|######8   | 126/184 [00:09<00:04, 13.07it/s]
accuracy: 0.8594, accuracy3: 1.0000, loss: 0.3896 ||:  70%|######9   | 128/184 [00:09<00:04, 13.52it/s]
accuracy: 0.8596, accuracy3: 1.0000, loss: 0.3893 ||:  71%|#######   | 130/184 [00:09<00:03, 14.03it/s]
accuracy: 0.8593, accuracy3: 1.0000, loss: 0.3904 ||:  72%|#######1  | 132/184 [00:10<00:04, 12.30it/s]
accuracy: 0.8592, accuracy3: 1.0000, loss: 0.3896 ||:  73%|#######2  | 134/184 [00:10<00:04, 12.50it/s]
accuracy: 0.8589, accuracy3: 1.0000, loss: 0.3892 ||:  74%|#######3  | 136/184 [00:10<00:04, 11.97it/s]
accuracy: 0.8587, accuracy3: 1.0000, loss: 0.3887 ||:  75%|#######5  | 138/184 [00:10<00:03, 12.76it/s]
accuracy: 0.8588, accuracy3: 1.0000, loss: 0.3888 ||:  76%|#######6  | 140/184 [00:10<00:03, 13.57it/s]
accuracy: 0.8590, accuracy3: 1.0000, loss: 0.3890 ||:  77%|#######7  | 142/184 [00:10<00:03, 13.48it/s]
accuracy: 0.8593, accuracy3: 1.0000, loss: 0.3889 ||:  78%|#######8  | 144/184 [00:10<00:02, 14.13it/s]
accuracy: 0.8598, accuracy3: 1.0000, loss: 0.3895 ||:  79%|#######9  | 146/184 [00:11<00:02, 12.90it/s]
accuracy: 0.8601, accuracy3: 1.0000, loss: 0.3892 ||:  80%|########  | 148/184 [00:11<00:02, 13.22it/s]
accuracy: 0.8601, accuracy3: 1.0000, loss: 0.3893 ||:  82%|########1 | 150/184 [00:11<00:02, 14.14it/s]
accuracy: 0.8600, accuracy3: 1.0000, loss: 0.3894 ||:  83%|########2 | 152/184 [00:11<00:02, 13.55it/s]
accuracy: 0.8601, accuracy3: 1.0000, loss: 0.3893 ||:  84%|########3 | 154/184 [00:11<00:02, 13.07it/s]
accuracy: 0.8599, accuracy3: 1.0000, loss: 0.3899 ||:  85%|########4 | 156/184 [00:11<00:02, 13.58it/s]
accuracy: 0.8599, accuracy3: 1.0000, loss: 0.3895 ||:  86%|########5 | 158/184 [00:11<00:01, 14.02it/s]
accuracy: 0.8602, accuracy3: 1.0000, loss: 0.3893 ||:  87%|########6 | 160/184 [00:12<00:01, 13.65it/s]
accuracy: 0.8602, accuracy3: 1.0000, loss: 0.3891 ||:  88%|########8 | 162/184 [00:12<00:01, 13.49it/s]
accuracy: 0.8603, accuracy3: 1.0000, loss: 0.3900 ||:  89%|########9 | 164/184 [00:12<00:01, 13.43it/s]
accuracy: 0.8602, accuracy3: 1.0000, loss: 0.3896 ||:  90%|######### | 166/184 [00:12<00:01, 14.06it/s]
accuracy: 0.8600, accuracy3: 1.0000, loss: 0.3894 ||:  91%|#########1| 168/184 [00:12<00:01, 13.49it/s]
accuracy: 0.8598, accuracy3: 1.0000, loss: 0.3897 ||:  92%|#########2| 170/184 [00:12<00:01, 13.66it/s]
accuracy: 0.8595, accuracy3: 1.0000, loss: 0.3895 ||:  93%|#########3| 172/184 [00:12<00:00, 14.01it/s]
accuracy: 0.8593, accuracy3: 1.0000, loss: 0.3893 ||:  95%|#########4| 174/184 [00:13<00:00, 13.93it/s]
accuracy: 0.8594, accuracy3: 1.0000, loss: 0.3884 ||:  96%|#########5| 176/184 [00:13<00:00, 12.76it/s]
accuracy: 0.8598, accuracy3: 1.0000, loss: 0.3886 ||:  97%|#########6| 178/184 [00:13<00:00, 12.44it/s]
accuracy: 0.8600, accuracy3: 1.0000, loss: 0.3889 ||:  98%|#########7| 180/184 [00:13<00:00, 12.95it/s]
accuracy: 0.8602, accuracy3: 1.0000, loss: 0.3890 ||:  99%|#########8| 182/184 [00:13<00:00, 13.37it/s]
accuracy: 0.8600, accuracy3: 1.0000, loss: 0.3886 ||: 100%|##########| 184/184 [00:13<00:00, 14.47it/s]

  0%|          | 0/98 [00:00<?, ?it/s]
accuracy: 0.8002, accuracy3: 1.0000, loss: 0.3908 ||:   5%|5         | 5/98 [00:00<00:02, 46.32it/s]
accuracy: 0.8338, accuracy3: 1.0000, loss: 0.4949 ||:  10%|#         | 10/98 [00:00<00:01, 44.49it/s]
accuracy: 0.8311, accuracy3: 1.0000, loss: 0.5180 ||:  15%|#5        | 15/98 [00:00<00:01, 42.62it/s]
accuracy: 0.8326, accuracy3: 1.0000, loss: 0.5168 ||:  20%|##        | 20/98 [00:00<00:01, 42.76it/s]
accuracy: 0.8302, accuracy3: 1.0000, loss: 0.4995 ||:  26%|##5       | 25/98 [00:00<00:01, 42.25it/s]
accuracy: 0.8252, accuracy3: 1.0000, loss: 0.4831 ||:  30%|##9       | 29/98 [00:00<00:01, 40.87it/s]
accuracy: 0.8291, accuracy3: 1.0000, loss: 0.4745 ||:  35%|###4      | 34/98 [00:00<00:01, 42.12it/s]
accuracy: 0.8317, accuracy3: 1.0000, loss: 0.4797 ||:  40%|###9      | 39/98 [00:00<00:01, 42.15it/s]
accuracy: 0.8328, accuracy3: 1.0000, loss: 0.4915 ||:  45%|####4     | 44/98 [00:01<00:01, 42.12it/s]
accuracy: 0.8356, accuracy3: 1.0000, loss: 0.4866 ||:  50%|#####     | 49/98 [00:01<00:01, 39.82it/s]
accuracy: 0.8404, accuracy3: 1.0000, loss: 0.4836 ||:  55%|#####5    | 54/98 [00:01<00:01, 40.13it/s]
accuracy: 0.8432, accuracy3: 1.0000, loss: 0.4760 ||:  59%|#####9    | 58/98 [00:01<00:01, 39.54it/s]
accuracy: 0.8429, accuracy3: 1.0000, loss: 0.4735 ||:  64%|######4   | 63/98 [00:01<00:00, 40.68it/s]
accuracy: 0.8417, accuracy3: 1.0000, loss: 0.4698 ||:  69%|######9   | 68/98 [00:01<00:00, 40.39it/s]
accuracy: 0.8400, accuracy3: 1.0000, loss: 0.4692 ||:  74%|#######4  | 73/98 [00:01<00:00, 39.93it/s]
accuracy: 0.8384, accuracy3: 1.0000, loss: 0.4677 ||:  79%|#######8  | 77/98 [00:01<00:00, 38.17it/s]
accuracy: 0.8382, accuracy3: 1.0000, loss: 0.4734 ||:  84%|########3 | 82/98 [00:02<00:00, 40.64it/s]
accuracy: 0.8397, accuracy3: 1.0000, loss: 0.4754 ||:  89%|########8 | 87/98 [00:02<00:00, 40.97it/s]
accuracy: 0.8422, accuracy3: 1.0000, loss: 0.4808 ||:  94%|#########3| 92/98 [00:02<00:00, 40.33it/s]
accuracy: 0.8448, accuracy3: 1.0000, loss: 0.4800 ||:  99%|#########8| 97/98 [00:02<00:00, 38.81it/s]
accuracy: 0.8448, accuracy3: 1.0000, loss: 0.4782 ||: 100%|##########| 98/98 [00:02<00:00, 40.68it/s]

  0%|          | 0/184 [00:00<?, ?it/s]
accuracy: 0.8452, accuracy3: 1.0000, loss: 0.3738 ||:   1%|1         | 2/184 [00:00<00:13, 13.23it/s]
accuracy: 0.8496, accuracy3: 1.0000, loss: 0.3573 ||:   2%|2         | 4/184 [00:00<00:12, 13.88it/s]
accuracy: 0.8500, accuracy3: 1.0000, loss: 0.3745 ||:   3%|3         | 6/184 [00:00<00:13, 13.18it/s]
accuracy: 0.8564, accuracy3: 1.0000, loss: 0.3829 ||:   4%|4         | 8/184 [00:00<00:13, 13.50it/s]
accuracy: 0.8603, accuracy3: 1.0000, loss: 0.3788 ||:   5%|5         | 10/184 [00:00<00:12, 13.55it/s]
accuracy: 0.8625, accuracy3: 1.0000, loss: 0.3880 ||:   7%|6         | 12/184 [00:00<00:12, 13.71it/s]
accuracy: 0.8585, accuracy3: 1.0000, loss: 0.3892 ||:   8%|7         | 14/184 [00:01<00:11, 14.19it/s]
accuracy: 0.8539, accuracy3: 1.0000, loss: 0.3856 ||:   9%|8         | 16/184 [00:01<00:11, 14.47it/s]
accuracy: 0.8490, accuracy3: 1.0000, loss: 0.3860 ||:  10%|9         | 18/184 [00:01<00:11, 14.45it/s]
accuracy: 0.8483, accuracy3: 1.0000, loss: 0.3833 ||:  11%|#         | 20/184 [00:01<00:10, 14.97it/s]
accuracy: 0.8506, accuracy3: 1.0000, loss: 0.3853 ||:  12%|#1        | 22/184 [00:01<00:10, 15.18it/s]
accuracy: 0.8546, accuracy3: 1.0000, loss: 0.3812 ||:  13%|#3        | 24/184 [00:01<00:11, 13.96it/s]
accuracy: 0.8568, accuracy3: 1.0000, loss: 0.3807 ||:  14%|#4        | 26/184 [00:01<00:11, 14.19it/s]
accuracy: 0.8576, accuracy3: 1.0000, loss: 0.3824 ||:  15%|#5        | 28/184 [00:01<00:11, 14.02it/s]
accuracy: 0.8557, accuracy3: 1.0000, loss: 0.3826 ||:  16%|#6        | 30/184 [00:02<00:10, 14.18it/s]
accuracy: 0.8537, accuracy3: 1.0000, loss: 0.3832 ||:  17%|#7        | 32/184 [00:02<00:11, 13.14it/s]
accuracy: 0.8524, accuracy3: 1.0000, loss: 0.3812 ||:  18%|#8        | 34/184 [00:02<00:11, 13.02it/s]
accuracy: 0.8527, accuracy3: 1.0000, loss: 0.3792 ||:  20%|#9        | 36/184 [00:02<00:12, 12.20it/s]
accuracy: 0.8528, accuracy3: 1.0000, loss: 0.3782 ||:  21%|##        | 38/184 [00:02<00:11, 12.21it/s]
accuracy: 0.8531, accuracy3: 1.0000, loss: 0.3795 ||:  22%|##1       | 40/184 [00:02<00:12, 11.84it/s]
accuracy: 0.8538, accuracy3: 1.0000, loss: 0.3790 ||:  23%|##2       | 42/184 [00:03<00:11, 12.17it/s]
accuracy: 0.8549, accuracy3: 1.0000, loss: 0.3764 ||:  24%|##3       | 44/184 [00:03<00:10, 12.82it/s]
accuracy: 0.8557, accuracy3: 1.0000, loss: 0.3770 ||:  25%|##5       | 46/184 [00:03<00:10, 13.34it/s]
accuracy: 0.8556, accuracy3: 1.0000, loss: 0.3791 ||:  26%|##6       | 48/184 [00:03<00:10, 13.56it/s]
accuracy: 0.8553, accuracy3: 1.0000, loss: 0.3779 ||:  27%|##7       | 50/184 [00:03<00:10, 13.20it/s]
accuracy: 0.8548, accuracy3: 1.0000, loss: 0.3788 ||:  28%|##8       | 52/184 [00:03<00:10, 12.28it/s]
accuracy: 0.8544, accuracy3: 1.0000, loss: 0.3783 ||:  29%|##9       | 54/184 [00:04<00:10, 12.25it/s]
accuracy: 0.8536, accuracy3: 1.0000, loss: 0.3776 ||:  30%|###       | 56/184 [00:04<00:09, 12.97it/s]
accuracy: 0.8534, accuracy3: 1.0000, loss: 0.3768 ||:  32%|###1      | 58/184 [00:04<00:09, 13.30it/s]
accuracy: 0.8540, accuracy3: 1.0000, loss: 0.3767 ||:  33%|###2      | 60/184 [00:04<00:09, 13.46it/s]
accuracy: 0.8552, accuracy3: 1.0000, loss: 0.3766 ||:  34%|###3      | 62/184 [00:04<00:08, 13.70it/s]
accuracy: 0.8565, accuracy3: 1.0000, loss: 0.3771 ||:  35%|###4      | 64/184 [00:04<00:08, 13.79it/s]
accuracy: 0.8575, accuracy3: 1.0000, loss: 0.3777 ||:  36%|###5      | 66/184 [00:04<00:08, 13.36it/s]
accuracy: 0.8573, accuracy3: 1.0000, loss: 0.3782 ||:  37%|###6      | 68/184 [00:05<00:08, 13.76it/s]
accuracy: 0.8562, accuracy3: 1.0000, loss: 0.3785 ||:  38%|###8      | 70/184 [00:05<00:07, 14.39it/s]
accuracy: 0.8554, accuracy3: 1.0000, loss: 0.3792 ||:  39%|###9      | 72/184 [00:05<00:07, 14.13it/s]
accuracy: 0.8548, accuracy3: 1.0000, loss: 0.3788 ||:  40%|####      | 74/184 [00:05<00:07, 14.40it/s]
accuracy: 0.8547, accuracy3: 1.0000, loss: 0.3779 ||:  41%|####1     | 76/184 [00:05<00:07, 13.87it/s]
accuracy: 0.8549, accuracy3: 1.0000, loss: 0.3779 ||:  42%|####2     | 78/184 [00:05<00:08, 13.02it/s]
accuracy: 0.8554, accuracy3: 1.0000, loss: 0.3765 ||:  43%|####3     | 80/184 [00:06<00:08, 11.91it/s]
accuracy: 0.8561, accuracy3: 1.0000, loss: 0.3758 ||:  45%|####4     | 82/184 [00:06<00:07, 12.84it/s]
accuracy: 0.8572, accuracy3: 1.0000, loss: 0.3750 ||:  46%|####5     | 84/184 [00:06<00:07, 13.42it/s]
accuracy: 0.8581, accuracy3: 1.0000, loss: 0.3751 ||:  47%|####6     | 86/184 [00:06<00:07, 13.00it/s]
accuracy: 0.8584, accuracy3: 1.0000, loss: 0.3751 ||:  48%|####7     | 88/184 [00:06<00:07, 12.91it/s]
accuracy: 0.8586, accuracy3: 1.0000, loss: 0.3755 ||:  49%|####8     | 90/184 [00:06<00:07, 12.91it/s]
accuracy: 0.8581, accuracy3: 1.0000, loss: 0.3758 ||:  50%|#####     | 92/184 [00:06<00:06, 13.43it/s]
accuracy: 0.8575, accuracy3: 1.0000, loss: 0.3758 ||:  51%|#####1    | 94/184 [00:07<00:06, 13.36it/s]
accuracy: 0.8571, accuracy3: 1.0000, loss: 0.3769 ||:  52%|#####2    | 96/184 [00:07<00:06, 13.69it/s]
accuracy: 0.8566, accuracy3: 1.0000, loss: 0.3768 ||:  53%|#####3    | 98/184 [00:07<00:06, 13.02it/s]
accuracy: 0.8566, accuracy3: 1.0000, loss: 0.3760 ||:  54%|#####4    | 100/184 [00:07<00:06, 14.00it/s]
accuracy: 0.8569, accuracy3: 1.0000, loss: 0.3760 ||:  55%|#####5    | 102/184 [00:07<00:05, 14.18it/s]
accuracy: 0.8574, accuracy3: 1.0000, loss: 0.3759 ||:  57%|#####6    | 104/184 [00:07<00:05, 13.87it/s]
accuracy: 0.8578, accuracy3: 1.0000, loss: 0.3757 ||:  58%|#####7    | 106/184 [00:07<00:05, 13.79it/s]
accuracy: 0.8582, accuracy3: 1.0000, loss: 0.3752 ||:  59%|#####8    | 108/184 [00:08<00:05, 13.90it/s]
accuracy: 0.8589, accuracy3: 1.0000, loss: 0.3757 ||:  60%|#####9    | 110/184 [00:08<00:06, 11.89it/s]
accuracy: 0.8591, accuracy3: 1.0000, loss: 0.3753 ||:  61%|######    | 112/184 [00:08<00:05, 12.85it/s]
accuracy: 0.8585, accuracy3: 1.0000, loss: 0.3752 ||:  62%|######1   | 114/184 [00:08<00:05, 13.44it/s]
accuracy: 0.8581, accuracy3: 1.0000, loss: 0.3751 ||:  63%|######3   | 116/184 [00:08<00:04, 13.72it/s]
accuracy: 0.8578, accuracy3: 1.0000, loss: 0.3754 ||:  64%|######4   | 118/184 [00:08<00:04, 14.01it/s]
accuracy: 0.8577, accuracy3: 1.0000, loss: 0.3756 ||:  65%|######5   | 120/184 [00:08<00:04, 13.49it/s]
accuracy: 0.8576, accuracy3: 1.0000, loss: 0.3762 ||:  66%|######6   | 122/184 [00:09<00:04, 13.61it/s]
accuracy: 0.8578, accuracy3: 1.0000, loss: 0.3761 ||:  67%|######7   | 124/184 [00:09<00:04, 12.98it/s]
accuracy: 0.8578, accuracy3: 1.0000, loss: 0.3753 ||:  68%|######8   | 126/184 [00:09<00:04, 12.66it/s]
accuracy: 0.8580, accuracy3: 1.0000, loss: 0.3750 ||:  70%|######9   | 128/184 [00:09<00:04, 12.91it/s]
accuracy: 0.8577, accuracy3: 1.0000, loss: 0.3752 ||:  71%|#######   | 130/184 [00:09<00:04, 13.09it/s]
accuracy: 0.8575, accuracy3: 1.0000, loss: 0.3762 ||:  72%|#######1  | 132/184 [00:09<00:04, 12.81it/s]
accuracy: 0.8570, accuracy3: 1.0000, loss: 0.3761 ||:  73%|#######2  | 134/184 [00:10<00:03, 13.21it/s]
accuracy: 0.8568, accuracy3: 1.0000, loss: 0.3760 ||:  74%|#######3  | 136/184 [00:10<00:03, 13.25it/s]
accuracy: 0.8571, accuracy3: 1.0000, loss: 0.3757 ||:  75%|#######5  | 138/184 [00:10<00:03, 13.63it/s]
accuracy: 0.8576, accuracy3: 1.0000, loss: 0.3756 ||:  76%|#######6  | 140/184 [00:10<00:03, 13.62it/s]
accuracy: 0.8581, accuracy3: 1.0000, loss: 0.3758 ||:  77%|#######7  | 142/184 [00:10<00:03, 12.50it/s]
accuracy: 0.8584, accuracy3: 1.0000, loss: 0.3756 ||:  78%|#######8  | 144/184 [00:10<00:03, 13.14it/s]
accuracy: 0.8584, accuracy3: 1.0000, loss: 0.3755 ||:  79%|#######9  | 146/184 [00:10<00:02, 12.93it/s]
accuracy: 0.8580, accuracy3: 1.0000, loss: 0.3762 ||:  80%|########  | 148/184 [00:11<00:02, 13.39it/s]
accuracy: 0.8572, accuracy3: 1.0000, loss: 0.3767 ||:  82%|########1 | 150/184 [00:11<00:02, 13.88it/s]
accuracy: 0.8564, accuracy3: 1.0000, loss: 0.3765 ||:  83%|########2 | 152/184 [00:11<00:02, 13.99it/s]
accuracy: 0.8563, accuracy3: 1.0000, loss: 0.3763 ||:  84%|########3 | 154/184 [00:11<00:02, 14.31it/s]
accuracy: 0.8562, accuracy3: 1.0000, loss: 0.3761 ||:  85%|########4 | 156/184 [00:11<00:01, 14.66it/s]
accuracy: 0.8564, accuracy3: 1.0000, loss: 0.3761 ||:  86%|########5 | 158/184 [00:11<00:01, 14.46it/s]
accuracy: 0.8565, accuracy3: 1.0000, loss: 0.3767 ||:  87%|########6 | 160/184 [00:11<00:01, 14.22it/s]
accuracy: 0.8568, accuracy3: 1.0000, loss: 0.3762 ||:  88%|########8 | 162/184 [00:12<00:01, 13.74it/s]
accuracy: 0.8570, accuracy3: 1.0000, loss: 0.3758 ||:  89%|########9 | 164/184 [00:12<00:01, 13.20it/s]
accuracy: 0.8570, accuracy3: 1.0000, loss: 0.3768 ||:  90%|######### | 166/184 [00:12<00:01, 13.25it/s]
accuracy: 0.8569, accuracy3: 1.0000, loss: 0.3763 ||:  91%|#########1| 168/184 [00:12<00:01, 13.74it/s]
accuracy: 0.8570, accuracy3: 1.0000, loss: 0.3764 ||:  92%|#########2| 170/184 [00:12<00:01, 13.89it/s]
accuracy: 0.8568, accuracy3: 1.0000, loss: 0.3765 ||:  93%|#########3| 172/184 [00:12<00:00, 13.48it/s]
accuracy: 0.8569, accuracy3: 1.0000, loss: 0.3766 ||:  95%|#########4| 174/184 [00:12<00:00, 13.02it/s]
accuracy: 0.8570, accuracy3: 1.0000, loss: 0.3762 ||:  96%|#########5| 176/184 [00:13<00:00, 12.87it/s]
accuracy: 0.8572, accuracy3: 1.0000, loss: 0.3760 ||:  97%|#########6| 178/184 [00:13<00:00, 13.86it/s]
accuracy: 0.8576, accuracy3: 1.0000, loss: 0.3758 ||:  98%|#########7| 180/184 [00:13<00:00, 14.51it/s]
accuracy: 0.8577, accuracy3: 1.0000, loss: 0.3758 ||:  99%|#########8| 182/184 [00:13<00:00, 13.56it/s]
accuracy: 0.8576, accuracy3: 1.0000, loss: 0.3762 ||: 100%|##########| 184/184 [00:13<00:00, 14.13it/s]

  0%|          | 0/98 [00:00<?, ?it/s]
accuracy: 0.8113, accuracy3: 1.0000, loss: 0.3781 ||:   5%|5         | 5/98 [00:00<00:02, 45.46it/s]
accuracy: 0.8354, accuracy3: 1.0000, loss: 0.4723 ||:  10%|#         | 10/98 [00:00<00:02, 43.72it/s]
accuracy: 0.8326, accuracy3: 1.0000, loss: 0.5006 ||:  15%|#5        | 15/98 [00:00<00:02, 41.43it/s]
accuracy: 0.8341, accuracy3: 1.0000, loss: 0.5025 ||:  20%|##        | 20/98 [00:00<00:01, 41.91it/s]
accuracy: 0.8324, accuracy3: 1.0000, loss: 0.4862 ||:  24%|##4       | 24/98 [00:00<00:01, 41.03it/s]
accuracy: 0.8295, accuracy3: 1.0000, loss: 0.4788 ||:  29%|##8       | 28/98 [00:00<00:01, 40.32it/s]
accuracy: 0.8294, accuracy3: 1.0000, loss: 0.4671 ||:  34%|###3      | 33/98 [00:00<00:01, 41.35it/s]
accuracy: 0.8319, accuracy3: 1.0000, loss: 0.4645 ||:  39%|###8      | 38/98 [00:00<00:01, 42.02it/s]
accuracy: 0.8311, accuracy3: 1.0000, loss: 0.4771 ||:  44%|####3     | 43/98 [00:01<00:01, 41.67it/s]
accuracy: 0.8321, accuracy3: 1.0000, loss: 0.4801 ||:  48%|####7     | 47/98 [00:01<00:01, 39.99it/s]
accuracy: 0.8362, accuracy3: 1.0000, loss: 0.4751 ||:  53%|#####3    | 52/98 [00:01<00:01, 40.40it/s]
accuracy: 0.8403, accuracy3: 1.0000, loss: 0.4675 ||:  57%|#####7    | 56/98 [00:01<00:01, 40.05it/s]
accuracy: 0.8403, accuracy3: 1.0000, loss: 0.4671 ||:  62%|######2   | 61/98 [00:01<00:00, 40.50it/s]
accuracy: 0.8385, accuracy3: 1.0000, loss: 0.4645 ||:  67%|######7   | 66/98 [00:01<00:00, 40.70it/s]
accuracy: 0.8373, accuracy3: 1.0000, loss: 0.4609 ||:  72%|#######2  | 71/98 [00:01<00:00, 39.60it/s]
accuracy: 0.8362, accuracy3: 1.0000, loss: 0.4591 ||:  78%|#######7  | 76/98 [00:01<00:00, 40.31it/s]
accuracy: 0.8350, accuracy3: 1.0000, loss: 0.4651 ||:  83%|########2 | 81/98 [00:01<00:00, 40.46it/s]
accuracy: 0.8364, accuracy3: 1.0000, loss: 0.4636 ||:  88%|########7 | 86/98 [00:02<00:00, 41.53it/s]
accuracy: 0.8386, accuracy3: 1.0000, loss: 0.4735 ||:  93%|#########2| 91/98 [00:02<00:00, 40.26it/s]
accuracy: 0.8414, accuracy3: 1.0000, loss: 0.4721 ||:  98%|#########7| 96/98 [00:02<00:00, 38.90it/s]
accuracy: 0.8419, accuracy3: 1.0000, loss: 0.4700 ||: 100%|##########| 98/98 [00:02<00:00, 40.57it/s]

  0%|          | 0/184 [00:00<?, ?it/s]
accuracy: 0.8415, accuracy3: 1.0000, loss: 0.3618 ||:   1%|1         | 2/184 [00:00<00:13, 13.29it/s]
accuracy: 0.8325, accuracy3: 1.0000, loss: 0.3676 ||:   2%|2         | 4/184 [00:00<00:13, 13.79it/s]
accuracy: 0.8402, accuracy3: 1.0000, loss: 0.3641 ||:   3%|3         | 6/184 [00:00<00:12, 14.18it/s]
accuracy: 0.8451, accuracy3: 1.0000, loss: 0.3543 ||:   4%|4         | 8/184 [00:00<00:12, 14.50it/s]
accuracy: 0.8507, accuracy3: 1.0000, loss: 0.3519 ||:   5%|5         | 10/184 [00:00<00:11, 14.65it/s]
accuracy: 0.8565, accuracy3: 1.0000, loss: 0.3483 ||:   7%|6         | 12/184 [00:00<00:12, 14.21it/s]
accuracy: 0.8620, accuracy3: 1.0000, loss: 0.3444 ||:   8%|7         | 14/184 [00:00<00:12, 13.94it/s]
accuracy: 0.8660, accuracy3: 1.0000, loss: 0.3480 ||:   9%|8         | 16/184 [00:01<00:11, 14.13it/s]
accuracy: 0.8662, accuracy3: 1.0000, loss: 0.3465 ||:  10%|9         | 18/184 [00:01<00:11, 14.85it/s]
accuracy: 0.8635, accuracy3: 1.0000, loss: 0.3487 ||:  11%|#         | 20/184 [00:01<00:12, 13.47it/s]
accuracy: 0.8631, accuracy3: 1.0000, loss: 0.3469 ||:  12%|#1        | 22/184 [00:01<00:11, 13.75it/s]
accuracy: 0.8619, accuracy3: 1.0000, loss: 0.3470 ||:  13%|#3        | 24/184 [00:01<00:11, 14.38it/s]
accuracy: 0.8614, accuracy3: 1.0000, loss: 0.3510 ||:  14%|#4        | 26/184 [00:01<00:11, 14.19it/s]
accuracy: 0.8599, accuracy3: 1.0000, loss: 0.3510 ||:  15%|#5        | 28/184 [00:01<00:10, 14.55it/s]
accuracy: 0.8607, accuracy3: 1.0000, loss: 0.3520 ||:  16%|#6        | 30/184 [00:02<00:10, 14.59it/s]
accuracy: 0.8615, accuracy3: 1.0000, loss: 0.3547 ||:  17%|#7        | 32/184 [00:02<00:10, 14.00it/s]
accuracy: 0.8617, accuracy3: 1.0000, loss: 0.3559 ||:  18%|#8        | 34/184 [00:02<00:11, 12.60it/s]
accuracy: 0.8625, accuracy3: 1.0000, loss: 0.3552 ||:  20%|#9        | 36/184 [00:02<00:12, 11.61it/s]
accuracy: 0.8624, accuracy3: 1.0000, loss: 0.3572 ||:  21%|##        | 38/184 [00:02<00:11, 12.52it/s]
accuracy: 0.8624, accuracy3: 1.0000, loss: 0.3573 ||:  22%|##1       | 40/184 [00:02<00:10, 13.40it/s]
accuracy: 0.8619, accuracy3: 1.0000, loss: 0.3590 ||:  23%|##2       | 42/184 [00:03<00:10, 13.13it/s]
accuracy: 0.8605, accuracy3: 1.0000, loss: 0.3596 ||:  24%|##3       | 44/184 [00:03<00:10, 13.10it/s]
accuracy: 0.8589, accuracy3: 1.0000, loss: 0.3617 ||:  25%|##5       | 46/184 [00:03<00:10, 13.63it/s]
accuracy: 0.8580, accuracy3: 1.0000, loss: 0.3606 ||:  26%|##6       | 48/184 [00:03<00:10, 12.94it/s]
accuracy: 0.8592, accuracy3: 1.0000, loss: 0.3621 ||:  27%|##7       | 50/184 [00:03<00:10, 12.68it/s]
accuracy: 0.8600, accuracy3: 1.0000, loss: 0.3629 ||:  28%|##8       | 52/184 [00:03<00:10, 12.95it/s]
accuracy: 0.8602, accuracy3: 1.0000, loss: 0.3636 ||:  29%|##9       | 54/184 [00:03<00:09, 13.28it/s]
accuracy: 0.8595, accuracy3: 1.0000, loss: 0.3635 ||:  30%|###       | 56/184 [00:04<00:09, 13.27it/s]
accuracy: 0.8581, accuracy3: 1.0000, loss: 0.3634 ||:  32%|###1      | 58/184 [00:04<00:09, 13.28it/s]
accuracy: 0.8571, accuracy3: 1.0000, loss: 0.3642 ||:  33%|###2      | 60/184 [00:04<00:08, 14.14it/s]
accuracy: 0.8570, accuracy3: 1.0000, loss: 0.3631 ||:  34%|###3      | 62/184 [00:04<00:08, 13.66it/s]
accuracy: 0.8575, accuracy3: 1.0000, loss: 0.3655 ||:  35%|###4      | 64/184 [00:04<00:08, 13.44it/s]
accuracy: 0.8586, accuracy3: 1.0000, loss: 0.3651 ||:  36%|###5      | 66/184 [00:04<00:08, 13.43it/s]
accuracy: 0.8594, accuracy3: 1.0000, loss: 0.3649 ||:  37%|###6      | 68/184 [00:05<00:08, 13.26it/s]
accuracy: 0.8600, accuracy3: 1.0000, loss: 0.3660 ||:  38%|###8      | 70/184 [00:05<00:09, 12.29it/s]
accuracy: 0.8589, accuracy3: 1.0000, loss: 0.3666 ||:  39%|###9      | 72/184 [00:05<00:08, 12.77it/s]
accuracy: 0.8575, accuracy3: 1.0000, loss: 0.3686 ||:  40%|####      | 74/184 [00:05<00:08, 13.06it/s]
accuracy: 0.8561, accuracy3: 1.0000, loss: 0.3696 ||:  41%|####1     | 76/184 [00:05<00:08, 13.22it/s]
accuracy: 0.8558, accuracy3: 1.0000, loss: 0.3703 ||:  42%|####2     | 78/184 [00:05<00:08, 13.21it/s]
accuracy: 0.8560, accuracy3: 1.0000, loss: 0.3698 ||:  43%|####3     | 80/184 [00:05<00:07, 13.41it/s]
accuracy: 0.8566, accuracy3: 1.0000, loss: 0.3703 ||:  45%|####4     | 82/184 [00:06<00:07, 13.20it/s]
accuracy: 0.8573, accuracy3: 1.0000, loss: 0.3701 ||:  46%|####5     | 84/184 [00:06<00:07, 13.16it/s]
accuracy: 0.8578, accuracy3: 1.0000, loss: 0.3689 ||:  47%|####6     | 86/184 [00:06<00:07, 13.14it/s]
accuracy: 0.8579, accuracy3: 1.0000, loss: 0.3699 ||:  48%|####7     | 88/184 [00:06<00:07, 12.58it/s]
accuracy: 0.8581, accuracy3: 1.0000, loss: 0.3696 ||:  49%|####8     | 90/184 [00:06<00:07, 13.05it/s]
accuracy: 0.8579, accuracy3: 1.0000, loss: 0.3699 ||:  50%|#####     | 92/184 [00:06<00:06, 13.74it/s]
accuracy: 0.8575, accuracy3: 1.0000, loss: 0.3698 ||:  51%|#####1    | 94/184 [00:06<00:06, 14.32it/s]
accuracy: 0.8575, accuracy3: 1.0000, loss: 0.3694 ||:  52%|#####2    | 96/184 [00:07<00:06, 13.77it/s]
accuracy: 0.8574, accuracy3: 1.0000, loss: 0.3693 ||:  53%|#####3    | 98/184 [00:07<00:07, 11.87it/s]
accuracy: 0.8576, accuracy3: 1.0000, loss: 0.3696 ||:  54%|#####4    | 100/184 [00:07<00:06, 12.64it/s]
accuracy: 0.8580, accuracy3: 1.0000, loss: 0.3706 ||:  55%|#####5    | 102/184 [00:07<00:06, 13.23it/s]
accuracy: 0.8583, accuracy3: 1.0000, loss: 0.3706 ||:  57%|#####6    | 104/184 [00:07<00:06, 13.16it/s]
accuracy: 0.8584, accuracy3: 1.0000, loss: 0.3704 ||:  58%|#####7    | 106/184 [00:07<00:05, 13.37it/s]
accuracy: 0.8581, accuracy3: 1.0000, loss: 0.3702 ||:  59%|#####8    | 108/184 [00:08<00:05, 12.73it/s]
accuracy: 0.8578, accuracy3: 1.0000, loss: 0.3697 ||:  60%|#####9    | 110/184 [00:08<00:05, 13.19it/s]
accuracy: 0.8573, accuracy3: 1.0000, loss: 0.3696 ||:  61%|######    | 112/184 [00:08<00:05, 12.43it/s]
accuracy: 0.8569, accuracy3: 1.0000, loss: 0.3702 ||:  62%|######1   | 114/184 [00:08<00:05, 12.57it/s]
accuracy: 0.8569, accuracy3: 1.0000, loss: 0.3705 ||:  63%|######3   | 116/184 [00:08<00:05, 12.33it/s]
accuracy: 0.8570, accuracy3: 1.0000, loss: 0.3704 ||:  64%|######4   | 118/184 [00:08<00:05, 11.95it/s]
accuracy: 0.8575, accuracy3: 1.0000, loss: 0.3697 ||:  65%|######5   | 120/184 [00:09<00:05, 12.18it/s]
accuracy: 0.8576, accuracy3: 1.0000, loss: 0.3695 ||:  66%|######6   | 122/184 [00:09<00:04, 12.64it/s]
accuracy: 0.8578, accuracy3: 1.0000, loss: 0.3701 ||:  67%|######7   | 124/184 [00:09<00:04, 12.49it/s]
accuracy: 0.8577, accuracy3: 1.0000, loss: 0.3702 ||:  68%|######8   | 126/184 [00:09<00:04, 13.17it/s]
accuracy: 0.8577, accuracy3: 1.0000, loss: 0.3701 ||:  70%|######9   | 128/184 [00:09<00:03, 14.23it/s]
accuracy: 0.8575, accuracy3: 1.0000, loss: 0.3702 ||:  71%|#######   | 130/184 [00:09<00:03, 14.18it/s]
accuracy: 0.8574, accuracy3: 1.0000, loss: 0.3697 ||:  72%|#######1  | 132/184 [00:09<00:03, 13.94it/s]
accuracy: 0.8572, accuracy3: 1.0000, loss: 0.3703 ||:  73%|#######2  | 134/184 [00:10<00:03, 14.10it/s]
accuracy: 0.8567, accuracy3: 1.0000, loss: 0.3708 ||:  74%|#######3  | 136/184 [00:10<00:03, 12.94it/s]
accuracy: 0.8570, accuracy3: 1.0000, loss: 0.3700 ||:  75%|#######5  | 138/184 [00:10<00:03, 13.70it/s]
accuracy: 0.8571, accuracy3: 1.0000, loss: 0.3703 ||:  76%|#######6  | 140/184 [00:10<00:03, 13.31it/s]
accuracy: 0.8573, accuracy3: 1.0000, loss: 0.3705 ||:  77%|#######7  | 142/184 [00:10<00:03, 13.51it/s]
accuracy: 0.8577, accuracy3: 1.0000, loss: 0.3695 ||:  78%|#######8  | 144/184 [00:10<00:02, 13.97it/s]
accuracy: 0.8579, accuracy3: 1.0000, loss: 0.3692 ||:  79%|#######9  | 146/184 [00:10<00:02, 14.35it/s]
accuracy: 0.8581, accuracy3: 1.0000, loss: 0.3689 ||:  80%|########  | 148/184 [00:11<00:02, 12.65it/s]
accuracy: 0.8582, accuracy3: 1.0000, loss: 0.3686 ||:  82%|########1 | 150/184 [00:11<00:02, 13.07it/s]
accuracy: 0.8581, accuracy3: 1.0000, loss: 0.3695 ||:  83%|########2 | 152/184 [00:11<00:02, 12.93it/s]
accuracy: 0.8581, accuracy3: 1.0000, loss: 0.3692 ||:  84%|########3 | 154/184 [00:11<00:02, 12.33it/s]
accuracy: 0.8582, accuracy3: 1.0000, loss: 0.3687 ||:  85%|########4 | 156/184 [00:11<00:02, 12.41it/s]
accuracy: 0.8581, accuracy3: 1.0000, loss: 0.3689 ||:  86%|########5 | 158/184 [00:11<00:02, 11.75it/s]
accuracy: 0.8580, accuracy3: 1.0000, loss: 0.3685 ||:  87%|########6 | 160/184 [00:12<00:01, 12.14it/s]
accuracy: 0.8581, accuracy3: 1.0000, loss: 0.3684 ||:  88%|########8 | 162/184 [00:12<00:01, 11.09it/s]
accuracy: 0.8583, accuracy3: 1.0000, loss: 0.3683 ||:  89%|########9 | 164/184 [00:12<00:01, 11.65it/s]
accuracy: 0.8585, accuracy3: 1.0000, loss: 0.3678 ||:  90%|######### | 166/184 [00:12<00:01, 12.19it/s]
accuracy: 0.8586, accuracy3: 1.0000, loss: 0.3674 ||:  91%|#########1| 168/184 [00:12<00:01, 12.33it/s]
accuracy: 0.8585, accuracy3: 1.0000, loss: 0.3677 ||:  92%|#########2| 170/184 [00:12<00:01, 12.67it/s]
accuracy: 0.8585, accuracy3: 1.0000, loss: 0.3678 ||:  93%|#########3| 172/184 [00:13<00:00, 13.38it/s]
accuracy: 0.8584, accuracy3: 1.0000, loss: 0.3687 ||:  95%|#########4| 174/184 [00:13<00:00, 13.77it/s]
accuracy: 0.8583, accuracy3: 1.0000, loss: 0.3688 ||:  96%|#########5| 176/184 [00:13<00:00, 14.08it/s]
accuracy: 0.8580, accuracy3: 1.0000, loss: 0.3692 ||:  97%|#########6| 178/184 [00:13<00:00, 13.95it/s]
accuracy: 0.8578, accuracy3: 1.0000, loss: 0.3691 ||:  98%|#########7| 180/184 [00:13<00:00, 13.69it/s]
accuracy: 0.8577, accuracy3: 1.0000, loss: 0.3690 ||:  99%|#########8| 182/184 [00:13<00:00, 13.52it/s]
accuracy: 0.8577, accuracy3: 1.0000, loss: 0.3687 ||: 100%|##########| 184/184 [00:13<00:00, 14.22it/s]

  0%|          | 0/98 [00:00<?, ?it/s]
accuracy: 0.8256, accuracy3: 1.0000, loss: 0.3637 ||:   5%|5         | 5/98 [00:00<00:02, 45.36it/s]
accuracy: 0.8489, accuracy3: 1.0000, loss: 0.4763 ||:  10%|#         | 10/98 [00:00<00:02, 42.94it/s]
accuracy: 0.8519, accuracy3: 1.0000, loss: 0.5117 ||:  15%|#5        | 15/98 [00:00<00:02, 41.22it/s]
accuracy: 0.8535, accuracy3: 1.0000, loss: 0.5146 ||:  20%|##        | 20/98 [00:00<00:01, 41.63it/s]
accuracy: 0.8504, accuracy3: 1.0000, loss: 0.4997 ||:  26%|##5       | 25/98 [00:00<00:01, 41.50it/s]
accuracy: 0.8464, accuracy3: 1.0000, loss: 0.4801 ||:  31%|###       | 30/98 [00:00<00:01, 41.11it/s]
accuracy: 0.8504, accuracy3: 1.0000, loss: 0.4763 ||:  36%|###5      | 35/98 [00:00<00:01, 43.02it/s]
accuracy: 0.8515, accuracy3: 1.0000, loss: 0.4831 ||:  40%|###9      | 39/98 [00:00<00:01, 41.77it/s]
accuracy: 0.8527, accuracy3: 1.0000, loss: 0.4960 ||:  45%|####4     | 44/98 [00:01<00:01, 42.56it/s]
accuracy: 0.8560, accuracy3: 1.0000, loss: 0.4911 ||:  50%|#####     | 49/98 [00:01<00:01, 40.91it/s]
accuracy: 0.8608, accuracy3: 1.0000, loss: 0.4869 ||:  55%|#####5    | 54/98 [00:01<00:01, 41.15it/s]
accuracy: 0.8629, accuracy3: 1.0000, loss: 0.4783 ||:  60%|######    | 59/98 [00:01<00:00, 40.72it/s]
accuracy: 0.8612, accuracy3: 1.0000, loss: 0.4789 ||:  65%|######5   | 64/98 [00:01<00:00, 41.08it/s]
accuracy: 0.8597, accuracy3: 1.0000, loss: 0.4712 ||:  70%|#######   | 69/98 [00:01<00:00, 39.41it/s]
accuracy: 0.8602, accuracy3: 1.0000, loss: 0.4691 ||:  76%|#######5  | 74/98 [00:01<00:00, 40.16it/s]
accuracy: 0.8574, accuracy3: 1.0000, loss: 0.4723 ||:  81%|########  | 79/98 [00:01<00:00, 39.35it/s]
accuracy: 0.8581, accuracy3: 1.0000, loss: 0.4721 ||:  86%|########5 | 84/98 [00:02<00:00, 41.00it/s]
accuracy: 0.8596, accuracy3: 1.0000, loss: 0.4813 ||:  91%|######### | 89/98 [00:02<00:00, 39.54it/s]
accuracy: 0.8623, accuracy3: 1.0000, loss: 0.4821 ||:  96%|#########5| 94/98 [00:02<00:00, 39.89it/s]
accuracy: 0.8634, accuracy3: 1.0000, loss: 0.4781 ||: 100%|##########| 98/98 [00:02<00:00, 40.58it/s]

  0%|          | 0/184 [00:00<?, ?it/s]
accuracy: 0.8441, accuracy3: 1.0000, loss: 0.3851 ||:   1%|1         | 2/184 [00:00<00:12, 14.63it/s]
accuracy: 0.8510, accuracy3: 1.0000, loss: 0.3662 ||:   2%|2         | 4/184 [00:00<00:12, 14.35it/s]
accuracy: 0.8471, accuracy3: 1.0000, loss: 0.3813 ||:   3%|3         | 6/184 [00:00<00:12, 14.38it/s]
accuracy: 0.8437, accuracy3: 1.0000, loss: 0.3770 ||:   4%|4         | 8/184 [00:00<00:12, 13.83it/s]
accuracy: 0.8416, accuracy3: 1.0000, loss: 0.3777 ||:   5%|5         | 10/184 [00:00<00:12, 13.96it/s]
accuracy: 0.8420, accuracy3: 1.0000, loss: 0.3702 ||:   7%|6         | 12/184 [00:00<00:12, 13.64it/s]
accuracy: 0.8441, accuracy3: 1.0000, loss: 0.3653 ||:   8%|7         | 14/184 [00:01<00:12, 14.13it/s]
accuracy: 0.8463, accuracy3: 1.0000, loss: 0.3692 ||:   9%|8         | 16/184 [00:01<00:12, 13.89it/s]
accuracy: 0.8522, accuracy3: 1.0000, loss: 0.3643 ||:  10%|9         | 18/184 [00:01<00:12, 13.72it/s]
accuracy: 0.8568, accuracy3: 1.0000, loss: 0.3640 ||:  11%|#         | 20/184 [00:01<00:11, 13.71it/s]
accuracy: 0.8608, accuracy3: 1.0000, loss: 0.3617 ||:  12%|#1        | 22/184 [00:01<00:12, 13.22it/s]
accuracy: 0.8622, accuracy3: 1.0000, loss: 0.3616 ||:  13%|#3        | 24/184 [00:01<00:11, 13.66it/s]
accuracy: 0.8600, accuracy3: 1.0000, loss: 0.3610 ||:  14%|#4        | 26/184 [00:01<00:11, 14.21it/s]
accuracy: 0.8557, accuracy3: 1.0000, loss: 0.3645 ||:  15%|#5        | 28/184 [00:02<00:11, 13.50it/s]
accuracy: 0.8525, accuracy3: 1.0000, loss: 0.3651 ||:  16%|#6        | 30/184 [00:02<00:12, 12.07it/s]
accuracy: 0.8512, accuracy3: 1.0000, loss: 0.3666 ||:  17%|#7        | 32/184 [00:02<00:12, 12.28it/s]
accuracy: 0.8515, accuracy3: 1.0000, loss: 0.3644 ||:  18%|#8        | 34/184 [00:02<00:12, 12.23it/s]
accuracy: 0.8511, accuracy3: 1.0000, loss: 0.3645 ||:  20%|#9        | 36/184 [00:02<00:11, 13.10it/s]
accuracy: 0.8521, accuracy3: 1.0000, loss: 0.3636 ||:  21%|##        | 38/184 [00:02<00:10, 13.78it/s]
accuracy: 0.8530, accuracy3: 1.0000, loss: 0.3629 ||:  22%|##1       | 40/184 [00:02<00:10, 13.36it/s]
accuracy: 0.8538, accuracy3: 1.0000, loss: 0.3634 ||:  23%|##2       | 42/184 [00:03<00:10, 12.95it/s]
accuracy: 0.8548, accuracy3: 1.0000, loss: 0.3636 ||:  24%|##3       | 44/184 [00:03<00:11, 12.62it/s]
accuracy: 0.8557, accuracy3: 1.0000, loss: 0.3637 ||:  25%|##5       | 46/184 [00:03<00:10, 13.44it/s]
accuracy: 0.8558, accuracy3: 1.0000, loss: 0.3620 ||:  26%|##6       | 48/184 [00:03<00:09, 14.04it/s]
accuracy: 0.8556, accuracy3: 1.0000, loss: 0.3605 ||:  27%|##7       | 50/184 [00:03<00:09, 14.40it/s]
accuracy: 0.8558, accuracy3: 1.0000, loss: 0.3592 ||:  28%|##8       | 52/184 [00:03<00:10, 12.57it/s]
accuracy: 0.8560, accuracy3: 1.0000, loss: 0.3589 ||:  29%|##9       | 54/184 [00:04<00:10, 12.27it/s]
accuracy: 0.8566, accuracy3: 1.0000, loss: 0.3592 ||:  30%|###       | 56/184 [00:04<00:09, 13.09it/s]
accuracy: 0.8573, accuracy3: 1.0000, loss: 0.3605 ||:  32%|###1      | 58/184 [00:04<00:09, 12.95it/s]
accuracy: 0.8576, accuracy3: 1.0000, loss: 0.3613 ||:  33%|###2      | 60/184 [00:04<00:09, 13.69it/s]
accuracy: 0.8579, accuracy3: 1.0000, loss: 0.3602 ||:  34%|###3      | 62/184 [00:04<00:08, 13.90it/s]
accuracy: 0.8579, accuracy3: 1.0000, loss: 0.3610 ||:  35%|###4      | 64/184 [00:04<00:09, 12.89it/s]
accuracy: 0.8581, accuracy3: 1.0000, loss: 0.3617 ||:  36%|###5      | 66/184 [00:04<00:08, 13.16it/s]
accuracy: 0.8584, accuracy3: 1.0000, loss: 0.3609 ||:  37%|###6      | 68/184 [00:05<00:08, 13.37it/s]
accuracy: 0.8583, accuracy3: 1.0000, loss: 0.3614 ||:  38%|###8      | 70/184 [00:05<00:08, 13.11it/s]
accuracy: 0.8584, accuracy3: 1.0000, loss: 0.3610 ||:  39%|###9      | 72/184 [00:05<00:08, 13.68it/s]
accuracy: 0.8585, accuracy3: 1.0000, loss: 0.3608 ||:  40%|####      | 74/184 [00:05<00:08, 12.34it/s]
accuracy: 0.8588, accuracy3: 1.0000, loss: 0.3616 ||:  41%|####1     | 76/184 [00:05<00:08, 12.17it/s]
accuracy: 0.8591, accuracy3: 1.0000, loss: 0.3616 ||:  42%|####2     | 78/184 [00:05<00:08, 12.89it/s]
accuracy: 0.8593, accuracy3: 1.0000, loss: 0.3625 ||:  43%|####3     | 80/184 [00:06<00:07, 13.62it/s]
accuracy: 0.8595, accuracy3: 1.0000, loss: 0.3624 ||:  45%|####4     | 82/184 [00:06<00:07, 13.26it/s]
accuracy: 0.8595, accuracy3: 1.0000, loss: 0.3641 ||:  46%|####5     | 84/184 [00:06<00:07, 12.94it/s]
accuracy: 0.8598, accuracy3: 1.0000, loss: 0.3643 ||:  47%|####6     | 86/184 [00:06<00:08, 12.22it/s]
accuracy: 0.8595, accuracy3: 1.0000, loss: 0.3633 ||:  48%|####7     | 88/184 [00:06<00:07, 12.51it/s]
accuracy: 0.8600, accuracy3: 1.0000, loss: 0.3626 ||:  49%|####8     | 90/184 [00:06<00:07, 12.82it/s]
accuracy: 0.8604, accuracy3: 1.0000, loss: 0.3629 ||:  50%|#####     | 92/184 [00:06<00:07, 12.67it/s]
accuracy: 0.8607, accuracy3: 1.0000, loss: 0.3630 ||:  51%|#####1    | 94/184 [00:07<00:06, 12.96it/s]
accuracy: 0.8610, accuracy3: 1.0000, loss: 0.3632 ||:  52%|#####2    | 96/184 [00:07<00:06, 13.80it/s]
accuracy: 0.8610, accuracy3: 1.0000, loss: 0.3631 ||:  53%|#####3    | 98/184 [00:07<00:06, 14.01it/s]
accuracy: 0.8608, accuracy3: 1.0000, loss: 0.3636 ||:  54%|#####4    | 100/184 [00:07<00:06, 13.91it/s]
accuracy: 0.8598, accuracy3: 1.0000, loss: 0.3641 ||:  55%|#####5    | 102/184 [00:07<00:05, 14.21it/s]
accuracy: 0.8585, accuracy3: 1.0000, loss: 0.3651 ||:  57%|#####6    | 104/184 [00:07<00:05, 13.71it/s]
accuracy: 0.8581, accuracy3: 1.0000, loss: 0.3650 ||:  58%|#####7    | 106/184 [00:08<00:05, 13.14it/s]
accuracy: 0.8578, accuracy3: 1.0000, loss: 0.3654 ||:  59%|#####8    | 108/184 [00:08<00:05, 13.59it/s]
accuracy: 0.8581, accuracy3: 1.0000, loss: 0.3655 ||:  60%|#####9    | 110/184 [00:08<00:05, 13.08it/s]
accuracy: 0.8588, accuracy3: 1.0000, loss: 0.3650 ||:  61%|######    | 112/184 [00:08<00:05, 13.64it/s]
accuracy: 0.8593, accuracy3: 1.0000, loss: 0.3642 ||:  62%|######1   | 114/184 [00:08<00:05, 12.94it/s]
accuracy: 0.8603, accuracy3: 1.0000, loss: 0.3633 ||:  63%|######3   | 116/184 [00:08<00:05, 12.92it/s]
accuracy: 0.8608, accuracy3: 1.0000, loss: 0.3641 ||:  64%|######4   | 118/184 [00:08<00:05, 13.20it/s]
accuracy: 0.8605, accuracy3: 1.0000, loss: 0.3640 ||:  65%|######5   | 120/184 [00:09<00:04, 12.92it/s]
accuracy: 0.8599, accuracy3: 1.0000, loss: 0.3636 ||:  66%|######6   | 122/184 [00:09<00:04, 13.61it/s]
accuracy: 0.8595, accuracy3: 1.0000, loss: 0.3639 ||:  67%|######7   | 124/184 [00:09<00:04, 13.70it/s]
accuracy: 0.8592, accuracy3: 1.0000, loss: 0.3642 ||:  68%|######8   | 126/184 [00:09<00:04, 13.60it/s]
accuracy: 0.8590, accuracy3: 1.0000, loss: 0.3645 ||:  70%|######9   | 128/184 [00:09<00:04, 12.11it/s]
accuracy: 0.8592, accuracy3: 1.0000, loss: 0.3643 ||:  71%|#######   | 130/184 [00:09<00:04, 12.93it/s]
accuracy: 0.8591, accuracy3: 1.0000, loss: 0.3649 ||:  72%|#######1  | 132/184 [00:09<00:04, 12.78it/s]
accuracy: 0.8588, accuracy3: 1.0000, loss: 0.3647 ||:  73%|#######2  | 134/184 [00:10<00:03, 12.87it/s]
accuracy: 0.8586, accuracy3: 1.0000, loss: 0.3641 ||:  74%|#######3  | 136/184 [00:10<00:03, 12.35it/s]
accuracy: 0.8583, accuracy3: 1.0000, loss: 0.3650 ||:  75%|#######5  | 138/184 [00:10<00:03, 13.53it/s]
accuracy: 0.8581, accuracy3: 1.0000, loss: 0.3646 ||:  76%|#######6  | 140/184 [00:10<00:03, 13.85it/s]
accuracy: 0.8584, accuracy3: 1.0000, loss: 0.3647 ||:  77%|#######7  | 142/184 [00:10<00:03, 13.24it/s]
accuracy: 0.8588, accuracy3: 1.0000, loss: 0.3641 ||:  78%|#######8  | 144/184 [00:10<00:03, 13.06it/s]
accuracy: 0.8590, accuracy3: 1.0000, loss: 0.3640 ||:  79%|#######9  | 146/184 [00:11<00:02, 13.54it/s]
accuracy: 0.8593, accuracy3: 1.0000, loss: 0.3638 ||:  80%|########  | 148/184 [00:11<00:02, 13.98it/s]
accuracy: 0.8594, accuracy3: 1.0000, loss: 0.3649 ||:  82%|########1 | 150/184 [00:11<00:02, 13.45it/s]
accuracy: 0.8593, accuracy3: 1.0000, loss: 0.3644 ||:  83%|########2 | 152/184 [00:11<00:02, 13.65it/s]
accuracy: 0.8594, accuracy3: 1.0000, loss: 0.3640 ||:  84%|########3 | 154/184 [00:11<00:02, 13.88it/s]
accuracy: 0.8590, accuracy3: 1.0000, loss: 0.3638 ||:  85%|########4 | 156/184 [00:11<00:02, 13.75it/s]
accuracy: 0.8588, accuracy3: 1.0000, loss: 0.3638 ||:  86%|########5 | 158/184 [00:11<00:01, 13.93it/s]
accuracy: 0.8589, accuracy3: 1.0000, loss: 0.3638 ||:  87%|########6 | 160/184 [00:12<00:01, 13.59it/s]
accuracy: 0.8591, accuracy3: 1.0000, loss: 0.3636 ||:  88%|########8 | 162/184 [00:12<00:01, 12.20it/s]
accuracy: 0.8593, accuracy3: 1.0000, loss: 0.3632 ||:  89%|########9 | 164/184 [00:12<00:01, 12.55it/s]
accuracy: 0.8596, accuracy3: 1.0000, loss: 0.3630 ||:  90%|######### | 166/184 [00:12<00:01, 12.67it/s]
accuracy: 0.8595, accuracy3: 1.0000, loss: 0.3633 ||:  91%|#########1| 168/184 [00:12<00:01, 12.96it/s]
accuracy: 0.8595, accuracy3: 1.0000, loss: 0.3629 ||:  92%|#########2| 170/184 [00:12<00:01, 13.07it/s]
accuracy: 0.8594, accuracy3: 1.0000, loss: 0.3627 ||:  93%|#########3| 172/184 [00:12<00:00, 13.26it/s]
accuracy: 0.8592, accuracy3: 1.0000, loss: 0.3632 ||:  95%|#########4| 174/184 [00:13<00:00, 13.31it/s]
accuracy: 0.8590, accuracy3: 1.0000, loss: 0.3635 ||:  96%|#########5| 176/184 [00:13<00:00, 13.01it/s]
accuracy: 0.8592, accuracy3: 1.0000, loss: 0.3628 ||:  97%|#########6| 178/184 [00:13<00:00, 13.01it/s]
accuracy: 0.8594, accuracy3: 1.0000, loss: 0.3629 ||:  98%|#########7| 180/184 [00:13<00:00, 13.56it/s]
accuracy: 0.8597, accuracy3: 1.0000, loss: 0.3633 ||:  99%|#########8| 182/184 [00:13<00:00, 13.42it/s]
accuracy: 0.8598, accuracy3: 1.0000, loss: 0.3630 ||: 100%|##########| 184/184 [00:13<00:00, 14.54it/s]

  0%|          | 0/98 [00:00<?, ?it/s]
accuracy: 0.8282, accuracy3: 1.0000, loss: 0.3660 ||:   5%|5         | 5/98 [00:00<00:02, 46.29it/s]
accuracy: 0.8475, accuracy3: 1.0000, loss: 0.4851 ||:  10%|#         | 10/98 [00:00<00:01, 44.53it/s]
accuracy: 0.8497, accuracy3: 1.0000, loss: 0.5199 ||:  15%|#5        | 15/98 [00:00<00:01, 42.51it/s]
accuracy: 0.8501, accuracy3: 1.0000, loss: 0.5185 ||:  20%|##        | 20/98 [00:00<00:01, 43.02it/s]
accuracy: 0.8487, accuracy3: 1.0000, loss: 0.5030 ||:  26%|##5       | 25/98 [00:00<00:01, 42.38it/s]
accuracy: 0.8456, accuracy3: 1.0000, loss: 0.4833 ||:  30%|##9       | 29/98 [00:00<00:01, 41.23it/s]
accuracy: 0.8482, accuracy3: 1.0000, loss: 0.4755 ||:  35%|###4      | 34/98 [00:00<00:01, 42.20it/s]
accuracy: 0.8494, accuracy3: 1.0000, loss: 0.4823 ||:  40%|###9      | 39/98 [00:00<00:01, 42.09it/s]
accuracy: 0.8497, accuracy3: 1.0000, loss: 0.4949 ||:  45%|####4     | 44/98 [00:01<00:01, 42.42it/s]
accuracy: 0.8539, accuracy3: 1.0000, loss: 0.4906 ||:  50%|#####     | 49/98 [00:01<00:01, 40.98it/s]
accuracy: 0.8586, accuracy3: 1.0000, loss: 0.4889 ||:  54%|#####4    | 53/98 [00:01<00:01, 40.43it/s]
accuracy: 0.8618, accuracy3: 1.0000, loss: 0.4778 ||:  59%|#####9    | 58/98 [00:01<00:01, 39.81it/s]
accuracy: 0.8604, accuracy3: 1.0000, loss: 0.4759 ||:  64%|######4   | 63/98 [00:01<00:00, 40.92it/s]
accuracy: 0.8587, accuracy3: 1.0000, loss: 0.4718 ||:  69%|######9   | 68/98 [00:01<00:00, 40.97it/s]
accuracy: 0.8580, accuracy3: 1.0000, loss: 0.4700 ||:  74%|#######4  | 73/98 [00:01<00:00, 40.63it/s]
accuracy: 0.8558, accuracy3: 1.0000, loss: 0.4675 ||:  80%|#######9  | 78/98 [00:01<00:00, 39.46it/s]
accuracy: 0.8562, accuracy3: 1.0000, loss: 0.4736 ||:  85%|########4 | 83/98 [00:02<00:00, 41.47it/s]
accuracy: 0.8574, accuracy3: 1.0000, loss: 0.4791 ||:  90%|########9 | 88/98 [00:02<00:00, 40.51it/s]
accuracy: 0.8599, accuracy3: 1.0000, loss: 0.4848 ||:  95%|#########4| 93/98 [00:02<00:00, 40.86it/s]
accuracy: 0.8618, accuracy3: 1.0000, loss: 0.4799 ||: 100%|##########| 98/98 [00:02<00:00, 39.59it/s]

  0%|          | 0/184 [00:00<?, ?it/s]
accuracy: 0.8659, accuracy3: 1.0000, loss: 0.3254 ||:   1%|1         | 2/184 [00:00<00:15, 11.62it/s]
accuracy: 0.8636, accuracy3: 1.0000, loss: 0.3281 ||:   2%|2         | 4/184 [00:00<00:14, 12.17it/s]
accuracy: 0.8663, accuracy3: 1.0000, loss: 0.3359 ||:   3%|3         | 6/184 [00:00<00:15, 11.52it/s]
accuracy: 0.8569, accuracy3: 1.0000, loss: 0.3615 ||:   4%|4         | 8/184 [00:00<00:14, 12.38it/s]
accuracy: 0.8476, accuracy3: 1.0000, loss: 0.3707 ||:   5%|5         | 10/184 [00:00<00:14, 11.80it/s]
accuracy: 0.8399, accuracy3: 1.0000, loss: 0.3756 ||:   7%|6         | 12/184 [00:00<00:13, 12.52it/s]
accuracy: 0.8433, accuracy3: 1.0000, loss: 0.3686 ||:   8%|7         | 14/184 [00:01<00:14, 11.82it/s]
accuracy: 0.8487, accuracy3: 1.0000, loss: 0.3663 ||:   9%|8         | 16/184 [00:01<00:14, 11.55it/s]
accuracy: 0.8537, accuracy3: 1.0000, loss: 0.3627 ||:  10%|9         | 18/184 [00:01<00:14, 11.52it/s]
accuracy: 0.8581, accuracy3: 1.0000, loss: 0.3692 ||:  11%|#         | 20/184 [00:01<00:13, 12.17it/s]
accuracy: 0.8609, accuracy3: 1.0000, loss: 0.3635 ||:  12%|#1        | 22/184 [00:01<00:12, 12.85it/s]
accuracy: 0.8611, accuracy3: 1.0000, loss: 0.3622 ||:  13%|#3        | 24/184 [00:01<00:11, 13.67it/s]
accuracy: 0.8602, accuracy3: 1.0000, loss: 0.3680 ||:  14%|#4        | 26/184 [00:02<00:11, 14.26it/s]
accuracy: 0.8587, accuracy3: 1.0000, loss: 0.3668 ||:  15%|#5        | 28/184 [00:02<00:11, 13.59it/s]
accuracy: 0.8560, accuracy3: 1.0000, loss: 0.3678 ||:  16%|#6        | 30/184 [00:02<00:11, 13.71it/s]
accuracy: 0.8566, accuracy3: 1.0000, loss: 0.3653 ||:  17%|#7        | 32/184 [00:02<00:11, 13.25it/s]
accuracy: 0.8579, accuracy3: 1.0000, loss: 0.3630 ||:  18%|#8        | 34/184 [00:02<00:10, 13.82it/s]
accuracy: 0.8585, accuracy3: 1.0000, loss: 0.3686 ||:  20%|#9        | 36/184 [00:02<00:10, 14.03it/s]
accuracy: 0.8583, accuracy3: 1.0000, loss: 0.3704 ||:  21%|##        | 38/184 [00:02<00:10, 14.44it/s]
accuracy: 0.8584, accuracy3: 1.0000, loss: 0.3686 ||:  22%|##1       | 40/184 [00:03<00:10, 13.88it/s]
accuracy: 0.8594, accuracy3: 1.0000, loss: 0.3665 ||:  23%|##2       | 42/184 [00:03<00:10, 13.65it/s]
accuracy: 0.8588, accuracy3: 1.0000, loss: 0.3638 ||:  24%|##3       | 44/184 [00:03<00:11, 12.21it/s]
accuracy: 0.8587, accuracy3: 1.0000, loss: 0.3618 ||:  25%|##5       | 46/184 [00:03<00:10, 12.67it/s]
accuracy: 0.8597, accuracy3: 1.0000, loss: 0.3624 ||:  26%|##6       | 48/184 [00:03<00:10, 13.27it/s]
accuracy: 0.8613, accuracy3: 1.0000, loss: 0.3631 ||:  27%|##7       | 50/184 [00:03<00:09, 13.51it/s]
accuracy: 0.8626, accuracy3: 1.0000, loss: 0.3633 ||:  28%|##8       | 52/184 [00:03<00:09, 13.96it/s]
accuracy: 0.8635, accuracy3: 1.0000, loss: 0.3626 ||:  29%|##9       | 54/184 [00:04<00:09, 14.05it/s]
accuracy: 0.8634, accuracy3: 1.0000, loss: 0.3615 ||:  30%|###       | 56/184 [00:04<00:09, 13.62it/s]
accuracy: 0.8635, accuracy3: 1.0000, loss: 0.3613 ||:  32%|###1      | 58/184 [00:04<00:09, 13.67it/s]
accuracy: 0.8626, accuracy3: 1.0000, loss: 0.3615 ||:  33%|###2      | 60/184 [00:04<00:08, 14.30it/s]
accuracy: 0.8613, accuracy3: 1.0000, loss: 0.3611 ||:  34%|###3      | 62/184 [00:04<00:08, 13.94it/s]
accuracy: 0.8606, accuracy3: 1.0000, loss: 0.3601 ||:  35%|###4      | 64/184 [00:04<00:09, 12.52it/s]
accuracy: 0.8610, accuracy3: 1.0000, loss: 0.3597 ||:  36%|###5      | 66/184 [00:05<00:09, 12.94it/s]
accuracy: 0.8619, accuracy3: 1.0000, loss: 0.3578 ||:  37%|###6      | 68/184 [00:05<00:08, 13.07it/s]
accuracy: 0.8625, accuracy3: 1.0000, loss: 0.3570 ||:  38%|###8      | 70/184 [00:05<00:08, 13.11it/s]
accuracy: 0.8624, accuracy3: 1.0000, loss: 0.3581 ||:  39%|###9      | 72/184 [00:05<00:08, 13.65it/s]
accuracy: 0.8620, accuracy3: 1.0000, loss: 0.3600 ||:  40%|####      | 74/184 [00:05<00:08, 13.72it/s]
accuracy: 0.8619, accuracy3: 1.0000, loss: 0.3599 ||:  41%|####1     | 76/184 [00:05<00:07, 13.89it/s]
accuracy: 0.8621, accuracy3: 1.0000, loss: 0.3597 ||:  42%|####2     | 78/184 [00:05<00:07, 14.44it/s]
accuracy: 0.8618, accuracy3: 1.0000, loss: 0.3599 ||:  43%|####3     | 80/184 [00:06<00:07, 13.81it/s]
accuracy: 0.8619, accuracy3: 1.0000, loss: 0.3592 ||:  45%|####4     | 82/184 [00:06<00:07, 13.91it/s]
accuracy: 0.8621, accuracy3: 1.0000, loss: 0.3593 ||:  46%|####5     | 84/184 [00:06<00:07, 13.48it/s]
accuracy: 0.8619, accuracy3: 1.0000, loss: 0.3591 ||:  47%|####6     | 86/184 [00:06<00:07, 12.85it/s]
accuracy: 0.8623, accuracy3: 1.0000, loss: 0.3588 ||:  48%|####7     | 88/184 [00:06<00:07, 13.64it/s]
accuracy: 0.8625, accuracy3: 1.0000, loss: 0.3584 ||:  49%|####8     | 90/184 [00:06<00:06, 13.85it/s]
accuracy: 0.8627, accuracy3: 1.0000, loss: 0.3583 ||:  50%|#####     | 92/184 [00:06<00:06, 14.17it/s]
accuracy: 0.8627, accuracy3: 1.0000, loss: 0.3578 ||:  51%|#####1    | 94/184 [00:07<00:06, 14.56it/s]
accuracy: 0.8626, accuracy3: 1.0000, loss: 0.3578 ||:  52%|#####2    | 96/184 [00:07<00:05, 14.97it/s]
accuracy: 0.8628, accuracy3: 1.0000, loss: 0.3585 ||:  53%|#####3    | 98/184 [00:07<00:05, 14.46it/s]
accuracy: 0.8628, accuracy3: 1.0000, loss: 0.3582 ||:  54%|#####4    | 100/184 [00:07<00:05, 14.45it/s]
accuracy: 0.8626, accuracy3: 1.0000, loss: 0.3576 ||:  55%|#####5    | 102/184 [00:07<00:06, 13.41it/s]
accuracy: 0.8624, accuracy3: 1.0000, loss: 0.3581 ||:  57%|#####6    | 104/184 [00:07<00:05, 13.70it/s]
accuracy: 0.8617, accuracy3: 1.0000, loss: 0.3582 ||:  58%|#####7    | 106/184 [00:07<00:05, 14.16it/s]
accuracy: 0.8613, accuracy3: 1.0000, loss: 0.3583 ||:  59%|#####8    | 108/184 [00:08<00:05, 13.14it/s]
accuracy: 0.8616, accuracy3: 1.0000, loss: 0.3581 ||:  60%|#####9    | 110/184 [00:08<00:05, 13.32it/s]
accuracy: 0.8620, accuracy3: 1.0000, loss: 0.3584 ||:  61%|######    | 112/184 [00:08<00:05, 13.74it/s]
accuracy: 0.8622, accuracy3: 1.0000, loss: 0.3579 ||:  62%|######1   | 114/184 [00:08<00:05, 13.09it/s]
accuracy: 0.8624, accuracy3: 1.0000, loss: 0.3579 ||:  63%|######3   | 116/184 [00:08<00:04, 13.77it/s]
accuracy: 0.8628, accuracy3: 1.0000, loss: 0.3574 ||:  64%|######4   | 118/184 [00:08<00:05, 12.90it/s]
accuracy: 0.8630, accuracy3: 1.0000, loss: 0.3569 ||:  65%|######5   | 120/184 [00:08<00:04, 12.87it/s]
accuracy: 0.8632, accuracy3: 1.0000, loss: 0.3568 ||:  66%|######6   | 122/184 [00:09<00:04, 13.34it/s]
accuracy: 0.8635, accuracy3: 1.0000, loss: 0.3562 ||:  67%|######7   | 124/184 [00:09<00:04, 12.95it/s]
accuracy: 0.8636, accuracy3: 1.0000, loss: 0.3561 ||:  68%|######8   | 126/184 [00:09<00:04, 13.31it/s]
accuracy: 0.8633, accuracy3: 1.0000, loss: 0.3558 ||:  70%|######9   | 128/184 [00:09<00:04, 13.18it/s]
accuracy: 0.8633, accuracy3: 1.0000, loss: 0.3556 ||:  71%|#######   | 130/184 [00:09<00:04, 13.29it/s]
accuracy: 0.8635, accuracy3: 1.0000, loss: 0.3556 ||:  72%|#######1  | 132/184 [00:09<00:04, 12.30it/s]
accuracy: 0.8635, accuracy3: 1.0000, loss: 0.3559 ||:  73%|#######2  | 134/184 [00:10<00:04, 12.12it/s]
accuracy: 0.8635, accuracy3: 1.0000, loss: 0.3553 ||:  74%|#######3  | 136/184 [00:10<00:03, 12.29it/s]
accuracy: 0.8637, accuracy3: 1.0000, loss: 0.3561 ||:  75%|#######5  | 138/184 [00:10<00:03, 13.02it/s]
accuracy: 0.8638, accuracy3: 1.0000, loss: 0.3563 ||:  76%|#######6  | 140/184 [00:10<00:03, 12.94it/s]
accuracy: 0.8637, accuracy3: 1.0000, loss: 0.3563 ||:  77%|#######7  | 142/184 [00:10<00:03, 12.77it/s]
accuracy: 0.8638, accuracy3: 1.0000, loss: 0.3556 ||:  78%|#######8  | 144/184 [00:10<00:02, 13.35it/s]
accuracy: 0.8639, accuracy3: 1.0000, loss: 0.3563 ||:  79%|#######9  | 146/184 [00:10<00:02, 13.56it/s]
accuracy: 0.8643, accuracy3: 1.0000, loss: 0.3566 ||:  80%|########  | 148/184 [00:11<00:02, 13.30it/s]
accuracy: 0.8642, accuracy3: 1.0000, loss: 0.3572 ||:  82%|########1 | 150/184 [00:11<00:02, 13.52it/s]
accuracy: 0.8641, accuracy3: 1.0000, loss: 0.3575 ||:  83%|########2 | 152/184 [00:11<00:02, 13.80it/s]
accuracy: 0.8638, accuracy3: 1.0000, loss: 0.3579 ||:  84%|########3 | 154/184 [00:11<00:02, 14.11it/s]
accuracy: 0.8636, accuracy3: 1.0000, loss: 0.3580 ||:  85%|########4 | 156/184 [00:11<00:02, 13.69it/s]
accuracy: 0.8633, accuracy3: 1.0000, loss: 0.3584 ||:  86%|########5 | 158/184 [00:11<00:01, 13.94it/s]
accuracy: 0.8631, accuracy3: 1.0000, loss: 0.3581 ||:  87%|########6 | 160/184 [00:12<00:01, 13.09it/s]
accuracy: 0.8631, accuracy3: 1.0000, loss: 0.3581 ||:  88%|########8 | 162/184 [00:12<00:01, 12.66it/s]
accuracy: 0.8630, accuracy3: 1.0000, loss: 0.3578 ||:  89%|########9 | 164/184 [00:12<00:01, 12.87it/s]
accuracy: 0.8630, accuracy3: 1.0000, loss: 0.3582 ||:  90%|######### | 166/184 [00:12<00:01, 13.81it/s]
accuracy: 0.8633, accuracy3: 1.0000, loss: 0.3580 ||:  91%|#########1| 168/184 [00:12<00:01, 13.95it/s]
accuracy: 0.8632, accuracy3: 1.0000, loss: 0.3583 ||:  92%|#########2| 170/184 [00:12<00:01, 13.34it/s]
accuracy: 0.8633, accuracy3: 1.0000, loss: 0.3580 ||:  93%|#########3| 172/184 [00:12<00:00, 12.99it/s]
accuracy: 0.8633, accuracy3: 1.0000, loss: 0.3576 ||:  95%|#########4| 174/184 [00:13<00:00, 12.49it/s]
accuracy: 0.8635, accuracy3: 1.0000, loss: 0.3579 ||:  96%|#########5| 176/184 [00:13<00:00, 11.92it/s]
accuracy: 0.8634, accuracy3: 1.0000, loss: 0.3578 ||:  97%|#########6| 178/184 [00:13<00:00, 12.53it/s]
accuracy: 0.8632, accuracy3: 1.0000, loss: 0.3578 ||:  98%|#########7| 180/184 [00:13<00:00, 12.35it/s]
accuracy: 0.8628, accuracy3: 1.0000, loss: 0.3578 ||:  99%|#########8| 182/184 [00:13<00:00, 12.70it/s]
accuracy: 0.8627, accuracy3: 1.0000, loss: 0.3580 ||: 100%|##########| 184/184 [00:13<00:00, 13.30it/s]

  0%|          | 0/98 [00:00<?, ?it/s]
accuracy: 0.7986, accuracy3: 1.0000, loss: 0.3889 ||:   5%|5         | 5/98 [00:00<00:02, 44.11it/s]
accuracy: 0.8275, accuracy3: 1.0000, loss: 0.4785 ||:  10%|#         | 10/98 [00:00<00:02, 43.21it/s]
accuracy: 0.8333, accuracy3: 1.0000, loss: 0.5084 ||:  15%|#5        | 15/98 [00:00<00:02, 41.32it/s]
accuracy: 0.8340, accuracy3: 1.0000, loss: 0.5069 ||:  20%|##        | 20/98 [00:00<00:01, 41.94it/s]
accuracy: 0.8312, accuracy3: 1.0000, loss: 0.4913 ||:  26%|##5       | 25/98 [00:00<00:01, 41.82it/s]
accuracy: 0.8273, accuracy3: 1.0000, loss: 0.4735 ||:  31%|###       | 30/98 [00:00<00:01, 41.33it/s]
accuracy: 0.8301, accuracy3: 1.0000, loss: 0.4663 ||:  36%|###5      | 35/98 [00:00<00:01, 43.45it/s]
accuracy: 0.8301, accuracy3: 1.0000, loss: 0.4724 ||:  41%|####      | 40/98 [00:00<00:01, 42.24it/s]
accuracy: 0.8319, accuracy3: 1.0000, loss: 0.4867 ||:  46%|####5     | 45/98 [00:01<00:01, 41.21it/s]
accuracy: 0.8346, accuracy3: 1.0000, loss: 0.4789 ||:  50%|#####     | 49/98 [00:01<00:01, 40.10it/s]
accuracy: 0.8391, accuracy3: 1.0000, loss: 0.4768 ||:  55%|#####5    | 54/98 [00:01<00:01, 40.05it/s]
accuracy: 0.8414, accuracy3: 1.0000, loss: 0.4697 ||:  59%|#####9    | 58/98 [00:01<00:01, 39.27it/s]
accuracy: 0.8394, accuracy3: 1.0000, loss: 0.4688 ||:  64%|######4   | 63/98 [00:01<00:00, 40.14it/s]
accuracy: 0.8372, accuracy3: 1.0000, loss: 0.4654 ||:  69%|######9   | 68/98 [00:01<00:00, 40.28it/s]
accuracy: 0.8369, accuracy3: 1.0000, loss: 0.4643 ||:  74%|#######4  | 73/98 [00:01<00:00, 39.88it/s]
accuracy: 0.8356, accuracy3: 1.0000, loss: 0.4628 ||:  79%|#######8  | 77/98 [00:01<00:00, 38.29it/s]
accuracy: 0.8342, accuracy3: 1.0000, loss: 0.4670 ||:  84%|########3 | 82/98 [00:02<00:00, 40.38it/s]
accuracy: 0.8354, accuracy3: 1.0000, loss: 0.4692 ||:  89%|########8 | 87/98 [00:02<00:00, 40.81it/s]
accuracy: 0.8378, accuracy3: 1.0000, loss: 0.4749 ||:  94%|#########3| 92/98 [00:02<00:00, 40.30it/s]
accuracy: 0.8397, accuracy3: 1.0000, loss: 0.4740 ||:  99%|#########8| 97/98 [00:02<00:00, 38.45it/s]
accuracy: 0.8398, accuracy3: 1.0000, loss: 0.4720 ||: 100%|##########| 98/98 [00:02<00:00, 40.55it/s]

  0%|          | 0/184 [00:00<?, ?it/s]
accuracy: 0.8417, accuracy3: 1.0000, loss: 0.3526 ||:   1%|1         | 2/184 [00:00<00:14, 12.72it/s]
accuracy: 0.8426, accuracy3: 1.0000, loss: 0.3753 ||:   2%|2         | 4/184 [00:00<00:13, 13.33it/s]
accuracy: 0.8348, accuracy3: 1.0000, loss: 0.3797 ||:   3%|2         | 5/184 [00:00<00:14, 12.09it/s]
accuracy: 0.8362, accuracy3: 1.0000, loss: 0.3786 ||:   4%|3         | 7/184 [00:00<00:13, 12.93it/s]
accuracy: 0.8396, accuracy3: 1.0000, loss: 0.3661 ||:   5%|4         | 9/184 [00:00<00:14, 12.44it/s]
accuracy: 0.8442, accuracy3: 1.0000, loss: 0.3614 ||:   6%|5         | 11/184 [00:00<00:13, 12.52it/s]
accuracy: 0.8495, accuracy3: 1.0000, loss: 0.3513 ||:   7%|7         | 13/184 [00:01<00:13, 12.75it/s]
accuracy: 0.8558, accuracy3: 1.0000, loss: 0.3486 ||:   8%|8         | 15/184 [00:01<00:13, 12.27it/s]
accuracy: 0.8573, accuracy3: 1.0000, loss: 0.3489 ||:   9%|9         | 17/184 [00:01<00:12, 12.99it/s]
accuracy: 0.8577, accuracy3: 1.0000, loss: 0.3564 ||:  10%|#         | 19/184 [00:01<00:12, 13.09it/s]
accuracy: 0.8580, accuracy3: 1.0000, loss: 0.3549 ||:  11%|#1        | 21/184 [00:01<00:11, 13.61it/s]
accuracy: 0.8558, accuracy3: 1.0000, loss: 0.3554 ||:  12%|#2        | 23/184 [00:01<00:11, 13.47it/s]
accuracy: 0.8556, accuracy3: 1.0000, loss: 0.3544 ||:  14%|#3        | 25/184 [00:01<00:13, 11.97it/s]
accuracy: 0.8558, accuracy3: 1.0000, loss: 0.3548 ||:  15%|#4        | 27/184 [00:02<00:12, 12.49it/s]
accuracy: 0.8574, accuracy3: 1.0000, loss: 0.3592 ||:  16%|#5        | 29/184 [00:02<00:12, 12.19it/s]
accuracy: 0.8590, accuracy3: 1.0000, loss: 0.3582 ||:  17%|#6        | 31/184 [00:02<00:12, 12.22it/s]
accuracy: 0.8593, accuracy3: 1.0000, loss: 0.3577 ||:  18%|#7        | 33/184 [00:02<00:12, 12.14it/s]
accuracy: 0.8591, accuracy3: 1.0000, loss: 0.3600 ||:  19%|#9        | 35/184 [00:02<00:12, 12.30it/s]
accuracy: 0.8591, accuracy3: 1.0000, loss: 0.3589 ||:  20%|##        | 37/184 [00:02<00:11, 12.36it/s]
accuracy: 0.8593, accuracy3: 1.0000, loss: 0.3597 ||:  21%|##1       | 39/184 [00:03<00:11, 12.92it/s]
accuracy: 0.8592, accuracy3: 1.0000, loss: 0.3595 ||:  22%|##2       | 41/184 [00:03<00:11, 12.56it/s]
accuracy: 0.8595, accuracy3: 1.0000, loss: 0.3561 ||:  23%|##3       | 43/184 [00:03<00:10, 13.39it/s]
accuracy: 0.8602, accuracy3: 1.0000, loss: 0.3558 ||:  24%|##4       | 45/184 [00:03<00:10, 13.87it/s]
accuracy: 0.8614, accuracy3: 1.0000, loss: 0.3551 ||:  26%|##5       | 47/184 [00:03<00:10, 13.14it/s]
accuracy: 0.8619, accuracy3: 1.0000, loss: 0.3566 ||:  27%|##6       | 49/184 [00:03<00:10, 13.40it/s]
accuracy: 0.8625, accuracy3: 1.0000, loss: 0.3576 ||:  28%|##7       | 51/184 [00:03<00:09, 14.04it/s]
accuracy: 0.8627, accuracy3: 1.0000, loss: 0.3575 ||:  29%|##8       | 53/184 [00:04<00:09, 13.58it/s]
accuracy: 0.8631, accuracy3: 1.0000, loss: 0.3562 ||:  30%|##9       | 55/184 [00:04<00:09, 13.55it/s]
accuracy: 0.8635, accuracy3: 1.0000, loss: 0.3580 ||:  31%|###       | 57/184 [00:04<00:09, 13.07it/s]
accuracy: 0.8634, accuracy3: 1.0000, loss: 0.3577 ||:  32%|###2      | 59/184 [00:04<00:09, 13.39it/s]
accuracy: 0.8634, accuracy3: 1.0000, loss: 0.3569 ||:  33%|###3      | 61/184 [00:04<00:09, 13.44it/s]
accuracy: 0.8633, accuracy3: 1.0000, loss: 0.3572 ||:  34%|###4      | 63/184 [00:04<00:08, 13.49it/s]
accuracy: 0.8638, accuracy3: 1.0000, loss: 0.3576 ||:  35%|###5      | 65/184 [00:05<00:09, 12.20it/s]
accuracy: 0.8642, accuracy3: 1.0000, loss: 0.3582 ||:  36%|###6      | 67/184 [00:05<00:09, 12.77it/s]
accuracy: 0.8641, accuracy3: 1.0000, loss: 0.3580 ||:  38%|###7      | 69/184 [00:05<00:08, 12.79it/s]
accuracy: 0.8638, accuracy3: 1.0000, loss: 0.3576 ||:  39%|###8      | 71/184 [00:05<00:09, 12.37it/s]
accuracy: 0.8629, accuracy3: 1.0000, loss: 0.3578 ||:  40%|###9      | 73/184 [00:05<00:09, 12.32it/s]
accuracy: 0.8635, accuracy3: 1.0000, loss: 0.3565 ||:  41%|####      | 75/184 [00:05<00:08, 12.98it/s]
accuracy: 0.8637, accuracy3: 1.0000, loss: 0.3574 ||:  42%|####1     | 77/184 [00:05<00:07, 13.59it/s]
accuracy: 0.8644, accuracy3: 1.0000, loss: 0.3576 ||:  43%|####2     | 79/184 [00:06<00:07, 14.14it/s]
accuracy: 0.8649, accuracy3: 1.0000, loss: 0.3561 ||:  44%|####4     | 81/184 [00:06<00:07, 13.65it/s]
accuracy: 0.8650, accuracy3: 1.0000, loss: 0.3560 ||:  45%|####5     | 83/184 [00:06<00:07, 13.84it/s]
accuracy: 0.8653, accuracy3: 1.0000, loss: 0.3553 ||:  46%|####6     | 85/184 [00:06<00:06, 14.16it/s]
accuracy: 0.8653, accuracy3: 1.0000, loss: 0.3539 ||:  47%|####7     | 87/184 [00:06<00:06, 14.00it/s]
accuracy: 0.8654, accuracy3: 1.0000, loss: 0.3560 ||:  48%|####8     | 89/184 [00:06<00:06, 14.14it/s]
accuracy: 0.8654, accuracy3: 1.0000, loss: 0.3557 ||:  49%|####9     | 91/184 [00:06<00:07, 12.67it/s]
accuracy: 0.8651, accuracy3: 1.0000, loss: 0.3544 ||:  51%|#####     | 93/184 [00:07<00:07, 11.88it/s]
accuracy: 0.8650, accuracy3: 1.0000, loss: 0.3549 ||:  52%|#####1    | 95/184 [00:07<00:07, 12.71it/s]
accuracy: 0.8646, accuracy3: 1.0000, loss: 0.3549 ||:  53%|#####2    | 97/184 [00:07<00:07, 12.38it/s]
accuracy: 0.8641, accuracy3: 1.0000, loss: 0.3550 ||:  54%|#####3    | 99/184 [00:07<00:06, 12.71it/s]
accuracy: 0.8637, accuracy3: 1.0000, loss: 0.3543 ||:  55%|#####4    | 101/184 [00:07<00:06, 12.70it/s]
accuracy: 0.8637, accuracy3: 1.0000, loss: 0.3540 ||:  56%|#####5    | 103/184 [00:07<00:06, 13.47it/s]
accuracy: 0.8638, accuracy3: 1.0000, loss: 0.3537 ||:  57%|#####7    | 105/184 [00:08<00:06, 12.99it/s]
accuracy: 0.8643, accuracy3: 1.0000, loss: 0.3533 ||:  58%|#####8    | 107/184 [00:08<00:05, 13.67it/s]
accuracy: 0.8643, accuracy3: 1.0000, loss: 0.3536 ||:  59%|#####9    | 109/184 [00:08<00:05, 13.42it/s]
accuracy: 0.8644, accuracy3: 1.0000, loss: 0.3535 ||:  60%|######    | 111/184 [00:08<00:05, 13.44it/s]
accuracy: 0.8643, accuracy3: 1.0000, loss: 0.3539 ||:  61%|######1   | 113/184 [00:08<00:05, 14.10it/s]
accuracy: 0.8638, accuracy3: 1.0000, loss: 0.3542 ||:  62%|######2   | 115/184 [00:08<00:04, 14.06it/s]
accuracy: 0.8632, accuracy3: 1.0000, loss: 0.3544 ||:  64%|######3   | 117/184 [00:08<00:05, 13.17it/s]
accuracy: 0.8625, accuracy3: 1.0000, loss: 0.3547 ||:  65%|######4   | 119/184 [00:09<00:04, 13.30it/s]
accuracy: 0.8618, accuracy3: 1.0000, loss: 0.3555 ||:  66%|######5   | 121/184 [00:09<00:04, 12.83it/s]
accuracy: 0.8616, accuracy3: 1.0000, loss: 0.3550 ||:  67%|######6   | 123/184 [00:09<00:04, 13.21it/s]
accuracy: 0.8621, accuracy3: 1.0000, loss: 0.3548 ||:  68%|######7   | 125/184 [00:09<00:04, 12.63it/s]
accuracy: 0.8628, accuracy3: 1.0000, loss: 0.3542 ||:  69%|######9   | 127/184 [00:09<00:04, 13.26it/s]
accuracy: 0.8632, accuracy3: 1.0000, loss: 0.3543 ||:  70%|#######   | 129/184 [00:09<00:04, 13.63it/s]
accuracy: 0.8636, accuracy3: 1.0000, loss: 0.3555 ||:  71%|#######1  | 131/184 [00:10<00:04, 13.17it/s]
accuracy: 0.8636, accuracy3: 1.0000, loss: 0.3556 ||:  72%|#######2  | 133/184 [00:10<00:03, 13.33it/s]
accuracy: 0.8630, accuracy3: 1.0000, loss: 0.3565 ||:  73%|#######3  | 135/184 [00:10<00:03, 13.47it/s]
accuracy: 0.8622, accuracy3: 1.0000, loss: 0.3566 ||:  74%|#######4  | 137/184 [00:10<00:03, 13.79it/s]
accuracy: 0.8612, accuracy3: 1.0000, loss: 0.3568 ||:  76%|#######5  | 139/184 [00:10<00:03, 13.39it/s]
accuracy: 0.8606, accuracy3: 1.0000, loss: 0.3568 ||:  77%|#######6  | 141/184 [00:10<00:02, 14.41it/s]
accuracy: 0.8607, accuracy3: 1.0000, loss: 0.3565 ||:  78%|#######7  | 143/184 [00:10<00:02, 14.65it/s]
accuracy: 0.8611, accuracy3: 1.0000, loss: 0.3570 ||:  79%|#######8  | 145/184 [00:10<00:02, 14.36it/s]
accuracy: 0.8619, accuracy3: 1.0000, loss: 0.3568 ||:  80%|#######9  | 147/184 [00:11<00:02, 13.50it/s]
accuracy: 0.8621, accuracy3: 1.0000, loss: 0.3566 ||:  81%|########  | 149/184 [00:11<00:02, 13.20it/s]
accuracy: 0.8624, accuracy3: 1.0000, loss: 0.3558 ||:  82%|########2 | 151/184 [00:11<00:02, 12.76it/s]
accuracy: 0.8624, accuracy3: 1.0000, loss: 0.3557 ||:  83%|########3 | 153/184 [00:11<00:02, 13.15it/s]
accuracy: 0.8626, accuracy3: 1.0000, loss: 0.3554 ||:  84%|########4 | 155/184 [00:11<00:02, 12.85it/s]
accuracy: 0.8626, accuracy3: 1.0000, loss: 0.3556 ||:  85%|########5 | 157/184 [00:11<00:01, 14.05it/s]
accuracy: 0.8626, accuracy3: 1.0000, loss: 0.3554 ||:  86%|########6 | 159/184 [00:12<00:01, 14.20it/s]
accuracy: 0.8625, accuracy3: 1.0000, loss: 0.3552 ||:  88%|########7 | 161/184 [00:12<00:01, 14.54it/s]
accuracy: 0.8625, accuracy3: 1.0000, loss: 0.3557 ||:  89%|########8 | 163/184 [00:12<00:01, 14.06it/s]
accuracy: 0.8624, accuracy3: 1.0000, loss: 0.3555 ||:  90%|########9 | 165/184 [00:12<00:01, 14.01it/s]
accuracy: 0.8626, accuracy3: 1.0000, loss: 0.3550 ||:  91%|######### | 167/184 [00:12<00:01, 14.21it/s]
accuracy: 0.8628, accuracy3: 1.0000, loss: 0.3546 ||:  92%|#########1| 169/184 [00:12<00:01, 13.81it/s]
accuracy: 0.8630, accuracy3: 1.0000, loss: 0.3542 ||:  93%|#########2| 171/184 [00:12<00:00, 13.98it/s]
accuracy: 0.8632, accuracy3: 1.0000, loss: 0.3534 ||:  94%|#########4| 173/184 [00:13<00:00, 14.25it/s]
accuracy: 0.8634, accuracy3: 1.0000, loss: 0.3526 ||:  95%|#########5| 175/184 [00:13<00:00, 14.26it/s]
accuracy: 0.8637, accuracy3: 1.0000, loss: 0.3526 ||:  96%|#########6| 177/184 [00:13<00:00, 13.70it/s]
accuracy: 0.8638, accuracy3: 1.0000, loss: 0.3533 ||:  97%|#########7| 179/184 [00:13<00:00, 13.96it/s]
accuracy: 0.8638, accuracy3: 1.0000, loss: 0.3539 ||:  98%|#########8| 181/184 [00:13<00:00, 13.64it/s]
accuracy: 0.8635, accuracy3: 1.0000, loss: 0.3539 ||:  99%|#########9| 183/184 [00:13<00:00, 13.79it/s]
accuracy: 0.8636, accuracy3: 1.0000, loss: 0.3531 ||: 100%|##########| 184/184 [00:13<00:00, 13.33it/s]

  0%|          | 0/98 [00:00<?, ?it/s]
accuracy: 0.8037, accuracy3: 1.0000, loss: 0.3998 ||:   5%|5         | 5/98 [00:00<00:02, 43.53it/s]
accuracy: 0.8248, accuracy3: 1.0000, loss: 0.4771 ||:  10%|#         | 10/98 [00:00<00:02, 42.82it/s]
accuracy: 0.8290, accuracy3: 1.0000, loss: 0.5050 ||:  15%|#5        | 15/98 [00:00<00:02, 41.07it/s]
accuracy: 0.8289, accuracy3: 1.0000, loss: 0.5073 ||:  20%|##        | 20/98 [00:00<00:01, 41.68it/s]
accuracy: 0.8281, accuracy3: 1.0000, loss: 0.4948 ||:  26%|##5       | 25/98 [00:00<00:01, 41.43it/s]
accuracy: 0.8257, accuracy3: 1.0000, loss: 0.4791 ||:  30%|##9       | 29/98 [00:00<00:01, 40.74it/s]
accuracy: 0.8264, accuracy3: 1.0000, loss: 0.4688 ||:  35%|###4      | 34/98 [00:00<00:01, 41.97it/s]
accuracy: 0.8259, accuracy3: 1.0000, loss: 0.4735 ||:  40%|###9      | 39/98 [00:00<00:01, 41.82it/s]
accuracy: 0.8270, accuracy3: 1.0000, loss: 0.4854 ||:  45%|####4     | 44/98 [00:01<00:01, 41.99it/s]
accuracy: 0.8308, accuracy3: 1.0000, loss: 0.4823 ||:  50%|#####     | 49/98 [00:01<00:01, 40.18it/s]
accuracy: 0.8351, accuracy3: 1.0000, loss: 0.4811 ||:  55%|#####5    | 54/98 [00:01<00:01, 40.41it/s]
accuracy: 0.8367, accuracy3: 1.0000, loss: 0.4748 ||:  59%|#####9    | 58/98 [00:01<00:01, 39.06it/s]
accuracy: 0.8350, accuracy3: 1.0000, loss: 0.4738 ||:  64%|######4   | 63/98 [00:01<00:00, 40.47it/s]
accuracy: 0.8334, accuracy3: 1.0000, loss: 0.4708 ||:  69%|######9   | 68/98 [00:01<00:00, 40.04it/s]
accuracy: 0.8323, accuracy3: 1.0000, loss: 0.4699 ||:  74%|#######4  | 73/98 [00:01<00:00, 40.28it/s]
accuracy: 0.8304, accuracy3: 1.0000, loss: 0.4684 ||:  80%|#######9  | 78/98 [00:01<00:00, 39.37it/s]
accuracy: 0.8300, accuracy3: 1.0000, loss: 0.4741 ||:  85%|########4 | 83/98 [00:02<00:00, 41.35it/s]
accuracy: 0.8311, accuracy3: 1.0000, loss: 0.4784 ||:  90%|########9 | 88/98 [00:02<00:00, 40.61it/s]
accuracy: 0.8335, accuracy3: 1.0000, loss: 0.4817 ||:  95%|#########4| 93/98 [00:02<00:00, 40.84it/s]
accuracy: 0.8350, accuracy3: 1.0000, loss: 0.4766 ||: 100%|##########| 98/98 [00:02<00:00, 40.01it/s]

  0%|          | 0/184 [00:00<?, ?it/s]
accuracy: 0.8328, accuracy3: 1.0000, loss: 0.3426 ||:   1%|1         | 2/184 [00:00<00:12, 14.04it/s]
accuracy: 0.8467, accuracy3: 1.0000, loss: 0.3694 ||:   2%|2         | 4/184 [00:00<00:12, 14.13it/s]
accuracy: 0.8498, accuracy3: 1.0000, loss: 0.3571 ||:   3%|3         | 6/184 [00:00<00:13, 13.54it/s]
accuracy: 0.8575, accuracy3: 1.0000, loss: 0.3552 ||:   4%|4         | 8/184 [00:00<00:12, 13.82it/s]
accuracy: 0.8606, accuracy3: 1.0000, loss: 0.3573 ||:   5%|5         | 10/184 [00:00<00:13, 13.17it/s]
accuracy: 0.8617, accuracy3: 1.0000, loss: 0.3623 ||:   7%|6         | 12/184 [00:00<00:13, 12.43it/s]
accuracy: 0.8663, accuracy3: 1.0000, loss: 0.3572 ||:   8%|7         | 14/184 [00:01<00:13, 12.69it/s]
accuracy: 0.8674, accuracy3: 1.0000, loss: 0.3549 ||:   9%|8         | 16/184 [00:01<00:12, 13.06it/s]
accuracy: 0.8675, accuracy3: 1.0000, loss: 0.3576 ||:  10%|9         | 18/184 [00:01<00:12, 13.70it/s]
accuracy: 0.8653, accuracy3: 1.0000, loss: 0.3535 ||:  11%|#         | 20/184 [00:01<00:11, 14.48it/s]
accuracy: 0.8626, accuracy3: 1.0000, loss: 0.3543 ||:  12%|#1        | 22/184 [00:01<00:11, 14.02it/s]
accuracy: 0.8605, accuracy3: 1.0000, loss: 0.3519 ||:  13%|#3        | 24/184 [00:01<00:10, 14.56it/s]
accuracy: 0.8596, accuracy3: 1.0000, loss: 0.3518 ||:  14%|#4        | 26/184 [00:01<00:11, 14.19it/s]
accuracy: 0.8588, accuracy3: 1.0000, loss: 0.3512 ||:  15%|#5        | 28/184 [00:02<00:11, 13.53it/s]
accuracy: 0.8604, accuracy3: 1.0000, loss: 0.3494 ||:  16%|#6        | 30/184 [00:02<00:10, 14.03it/s]
accuracy: 0.8628, accuracy3: 1.0000, loss: 0.3507 ||:  17%|#7        | 32/184 [00:02<00:12, 12.24it/s]
accuracy: 0.8639, accuracy3: 1.0000, loss: 0.3514 ||:  18%|#8        | 34/184 [00:02<00:11, 12.92it/s]
accuracy: 0.8656, accuracy3: 1.0000, loss: 0.3467 ||:  20%|#9        | 36/184 [00:02<00:10, 13.62it/s]
accuracy: 0.8670, accuracy3: 1.0000, loss: 0.3467 ||:  21%|##        | 38/184 [00:02<00:10, 13.91it/s]
accuracy: 0.8677, accuracy3: 1.0000, loss: 0.3495 ||:  22%|##1       | 40/184 [00:02<00:10, 13.80it/s]
accuracy: 0.8674, accuracy3: 1.0000, loss: 0.3498 ||:  23%|##2       | 42/184 [00:03<00:10, 13.19it/s]
accuracy: 0.8675, accuracy3: 1.0000, loss: 0.3496 ||:  24%|##3       | 44/184 [00:03<00:10, 13.32it/s]
accuracy: 0.8672, accuracy3: 1.0000, loss: 0.3478 ||:  25%|##5       | 46/184 [00:03<00:09, 14.21it/s]
accuracy: 0.8667, accuracy3: 1.0000, loss: 0.3489 ||:  26%|##6       | 48/184 [00:03<00:09, 14.94it/s]
accuracy: 0.8662, accuracy3: 1.0000, loss: 0.3485 ||:  27%|##7       | 50/184 [00:03<00:10, 13.07it/s]
accuracy: 0.8657, accuracy3: 1.0000, loss: 0.3483 ||:  28%|##8       | 52/184 [00:03<00:09, 13.31it/s]
accuracy: 0.8649, accuracy3: 1.0000, loss: 0.3495 ||:  29%|##9       | 54/184 [00:04<00:10, 12.79it/s]
accuracy: 0.8651, accuracy3: 1.0000, loss: 0.3511 ||:  30%|###       | 56/184 [00:04<00:10, 12.06it/s]
accuracy: 0.8661, accuracy3: 1.0000, loss: 0.3514 ||:  32%|###1      | 58/184 [00:04<00:09, 12.72it/s]
accuracy: 0.8667, accuracy3: 1.0000, loss: 0.3523 ||:  33%|###2      | 60/184 [00:04<00:09, 13.28it/s]
accuracy: 0.8664, accuracy3: 1.0000, loss: 0.3520 ||:  34%|###3      | 62/184 [00:04<00:09, 13.04it/s]
accuracy: 0.8665, accuracy3: 1.0000, loss: 0.3530 ||:  35%|###4      | 64/184 [00:04<00:08, 13.49it/s]
accuracy: 0.8664, accuracy3: 1.0000, loss: 0.3541 ||:  36%|###5      | 66/184 [00:04<00:09, 12.78it/s]
accuracy: 0.8663, accuracy3: 1.0000, loss: 0.3521 ||:  37%|###6      | 68/184 [00:05<00:08, 13.03it/s]
accuracy: 0.8658, accuracy3: 1.0000, loss: 0.3519 ||:  38%|###8      | 70/184 [00:05<00:08, 12.91it/s]
accuracy: 0.8655, accuracy3: 1.0000, loss: 0.3527 ||:  39%|###9      | 72/184 [00:05<00:08, 13.51it/s]
accuracy: 0.8653, accuracy3: 1.0000, loss: 0.3532 ||:  40%|####      | 74/184 [00:05<00:08, 13.53it/s]
accuracy: 0.8657, accuracy3: 1.0000, loss: 0.3520 ||:  41%|####1     | 76/184 [00:05<00:07, 13.58it/s]
accuracy: 0.8659, accuracy3: 1.0000, loss: 0.3521 ||:  42%|####2     | 78/184 [00:05<00:07, 13.43it/s]
accuracy: 0.8667, accuracy3: 1.0000, loss: 0.3515 ||:  43%|####3     | 80/184 [00:05<00:07, 14.19it/s]
accuracy: 0.8669, accuracy3: 1.0000, loss: 0.3520 ||:  45%|####4     | 82/184 [00:06<00:07, 14.33it/s]
accuracy: 0.8675, accuracy3: 1.0000, loss: 0.3511 ||:  46%|####5     | 84/184 [00:06<00:06, 14.89it/s]
accuracy: 0.8677, accuracy3: 1.0000, loss: 0.3510 ||:  47%|####6     | 86/184 [00:06<00:06, 14.54it/s]
accuracy: 0.8677, accuracy3: 1.0000, loss: 0.3503 ||:  48%|####7     | 88/184 [00:06<00:06, 14.58it/s]
accuracy: 0.8676, accuracy3: 1.0000, loss: 0.3495 ||:  49%|####8     | 90/184 [00:06<00:06, 14.44it/s]
accuracy: 0.8676, accuracy3: 1.0000, loss: 0.3494 ||:  50%|#####     | 92/184 [00:06<00:06, 14.45it/s]
accuracy: 0.8675, accuracy3: 1.0000, loss: 0.3491 ||:  51%|#####1    | 94/184 [00:06<00:06, 14.19it/s]
accuracy: 0.8678, accuracy3: 1.0000, loss: 0.3486 ||:  52%|#####2    | 96/184 [00:07<00:06, 13.13it/s]
accuracy: 0.8677, accuracy3: 1.0000, loss: 0.3478 ||:  53%|#####3    | 98/184 [00:07<00:06, 13.37it/s]
accuracy: 0.8676, accuracy3: 1.0000, loss: 0.3477 ||:  54%|#####4    | 100/184 [00:07<00:06, 13.18it/s]
accuracy: 0.8680, accuracy3: 1.0000, loss: 0.3477 ||:  55%|#####5    | 102/184 [00:07<00:05, 13.98it/s]
accuracy: 0.8687, accuracy3: 1.0000, loss: 0.3472 ||:  57%|#####6    | 104/184 [00:07<00:05, 13.72it/s]
accuracy: 0.8687, accuracy3: 1.0000, loss: 0.3474 ||:  58%|#####7    | 106/184 [00:07<00:05, 13.83it/s]
accuracy: 0.8687, accuracy3: 1.0000, loss: 0.3470 ||:  59%|#####8    | 108/184 [00:07<00:05, 14.36it/s]
accuracy: 0.8684, accuracy3: 1.0000, loss: 0.3473 ||:  60%|#####9    | 110/184 [00:08<00:05, 14.11it/s]
accuracy: 0.8679, accuracy3: 1.0000, loss: 0.3477 ||:  61%|######    | 112/184 [00:08<00:05, 12.94it/s]
accuracy: 0.8678, accuracy3: 1.0000, loss: 0.3481 ||:  62%|######1   | 114/184 [00:08<00:05, 12.98it/s]
accuracy: 0.8675, accuracy3: 1.0000, loss: 0.3474 ||:  63%|######3   | 116/184 [00:08<00:05, 12.74it/s]
accuracy: 0.8676, accuracy3: 1.0000, loss: 0.3470 ||:  64%|######4   | 118/184 [00:08<00:05, 12.94it/s]
accuracy: 0.8679, accuracy3: 1.0000, loss: 0.3477 ||:  65%|######5   | 120/184 [00:08<00:04, 13.15it/s]
accuracy: 0.8680, accuracy3: 1.0000, loss: 0.3476 ||:  66%|######6   | 122/184 [00:09<00:04, 13.11it/s]
accuracy: 0.8679, accuracy3: 1.0000, loss: 0.3476 ||:  67%|######7   | 124/184 [00:09<00:04, 13.31it/s]
accuracy: 0.8677, accuracy3: 1.0000, loss: 0.3485 ||:  68%|######8   | 126/184 [00:09<00:04, 13.85it/s]
accuracy: 0.8672, accuracy3: 1.0000, loss: 0.3485 ||:  70%|######9   | 128/184 [00:09<00:03, 14.60it/s]
accuracy: 0.8668, accuracy3: 1.0000, loss: 0.3484 ||:  71%|#######   | 130/184 [00:09<00:03, 14.82it/s]
accuracy: 0.8665, accuracy3: 1.0000, loss: 0.3491 ||:  72%|#######1  | 132/184 [00:09<00:03, 15.13it/s]
accuracy: 0.8662, accuracy3: 1.0000, loss: 0.3495 ||:  73%|#######2  | 134/184 [00:09<00:03, 14.12it/s]
accuracy: 0.8659, accuracy3: 1.0000, loss: 0.3495 ||:  74%|#######3  | 136/184 [00:10<00:03, 13.76it/s]
accuracy: 0.8655, accuracy3: 1.0000, loss: 0.3496 ||:  75%|#######5  | 138/184 [00:10<00:03, 13.72it/s]
accuracy: 0.8655, accuracy3: 1.0000, loss: 0.3493 ||:  76%|#######6  | 140/184 [00:10<00:03, 13.66it/s]
accuracy: 0.8652, accuracy3: 1.0000, loss: 0.3493 ||:  77%|#######7  | 142/184 [00:10<00:03, 13.45it/s]
accuracy: 0.8652, accuracy3: 1.0000, loss: 0.3489 ||:  78%|#######8  | 144/184 [00:10<00:03, 13.21it/s]
accuracy: 0.8653, accuracy3: 1.0000, loss: 0.3487 ||:  79%|#######9  | 146/184 [00:10<00:03, 11.98it/s]
accuracy: 0.8656, accuracy3: 1.0000, loss: 0.3484 ||:  80%|########  | 148/184 [00:10<00:02, 12.58it/s]
accuracy: 0.8660, accuracy3: 1.0000, loss: 0.3481 ||:  82%|########1 | 150/184 [00:11<00:02, 12.10it/s]
accuracy: 0.8663, accuracy3: 1.0000, loss: 0.3476 ||:  83%|########2 | 152/184 [00:11<00:02, 11.72it/s]
accuracy: 0.8663, accuracy3: 1.0000, loss: 0.3475 ||:  84%|########3 | 154/184 [00:11<00:02, 12.95it/s]
accuracy: 0.8664, accuracy3: 1.0000, loss: 0.3478 ||:  85%|########4 | 156/184 [00:11<00:02, 12.89it/s]
accuracy: 0.8665, accuracy3: 1.0000, loss: 0.3482 ||:  86%|########5 | 158/184 [00:11<00:01, 13.54it/s]
accuracy: 0.8659, accuracy3: 1.0000, loss: 0.3487 ||:  87%|########6 | 160/184 [00:11<00:01, 13.45it/s]
accuracy: 0.8654, accuracy3: 1.0000, loss: 0.3484 ||:  88%|########8 | 162/184 [00:12<00:01, 13.27it/s]
accuracy: 0.8650, accuracy3: 1.0000, loss: 0.3489 ||:  89%|########9 | 164/184 [00:12<00:01, 13.05it/s]
accuracy: 0.8651, accuracy3: 1.0000, loss: 0.3489 ||:  90%|######### | 166/184 [00:12<00:01, 12.98it/s]
accuracy: 0.8654, accuracy3: 1.0000, loss: 0.3485 ||:  91%|#########1| 168/184 [00:12<00:01, 12.37it/s]
accuracy: 0.8657, accuracy3: 1.0000, loss: 0.3485 ||:  92%|#########2| 170/184 [00:12<00:01, 12.46it/s]
accuracy: 0.8661, accuracy3: 1.0000, loss: 0.3480 ||:  93%|#########3| 172/184 [00:12<00:00, 12.66it/s]
accuracy: 0.8664, accuracy3: 1.0000, loss: 0.3476 ||:  95%|#########4| 174/184 [00:12<00:00, 12.90it/s]
accuracy: 0.8665, accuracy3: 1.0000, loss: 0.3474 ||:  96%|#########5| 176/184 [00:13<00:00, 13.57it/s]
accuracy: 0.8666, accuracy3: 1.0000, loss: 0.3473 ||:  97%|#########6| 178/184 [00:13<00:00, 13.97it/s]
accuracy: 0.8663, accuracy3: 1.0000, loss: 0.3473 ||:  98%|#########7| 180/184 [00:13<00:00, 12.33it/s]
accuracy: 0.8662, accuracy3: 1.0000, loss: 0.3474 ||:  99%|#########8| 182/184 [00:13<00:00, 13.31it/s]
accuracy: 0.8662, accuracy3: 1.0000, loss: 0.3472 ||: 100%|##########| 184/184 [00:13<00:00, 13.77it/s]

  0%|          | 0/98 [00:00<?, ?it/s]
accuracy: 0.8095, accuracy3: 1.0000, loss: 0.3778 ||:   5%|5         | 5/98 [00:00<00:02, 43.50it/s]
accuracy: 0.8357, accuracy3: 1.0000, loss: 0.5101 ||:  10%|#         | 10/98 [00:00<00:02, 42.76it/s]
accuracy: 0.8408, accuracy3: 1.0000, loss: 0.5487 ||:  15%|#5        | 15/98 [00:00<00:02, 40.96it/s]
accuracy: 0.8442, accuracy3: 1.0000, loss: 0.5452 ||:  20%|##        | 20/98 [00:00<00:01, 41.42it/s]
accuracy: 0.8425, accuracy3: 1.0000, loss: 0.5216 ||:  24%|##4       | 24/98 [00:00<00:01, 40.81it/s]
accuracy: 0.8398, accuracy3: 1.0000, loss: 0.5107 ||:  29%|##8       | 28/98 [00:00<00:01, 40.14it/s]
accuracy: 0.8405, accuracy3: 1.0000, loss: 0.4955 ||:  34%|###3      | 33/98 [00:00<00:01, 41.61it/s]
accuracy: 0.8434, accuracy3: 1.0000, loss: 0.4932 ||:  39%|###8      | 38/98 [00:00<00:01, 42.05it/s]
accuracy: 0.8434, accuracy3: 1.0000, loss: 0.5064 ||:  44%|####3     | 43/98 [00:01<00:01, 41.95it/s]
accuracy: 0.8470, accuracy3: 1.0000, loss: 0.5081 ||:  49%|####8     | 48/98 [00:01<00:01, 40.29it/s]
accuracy: 0.8521, accuracy3: 1.0000, loss: 0.5057 ||:  54%|#####4    | 53/98 [00:01<00:01, 40.58it/s]
accuracy: 0.8552, accuracy3: 1.0000, loss: 0.4937 ||:  59%|#####9    | 58/98 [00:01<00:01, 39.57it/s]
accuracy: 0.8535, accuracy3: 1.0000, loss: 0.4930 ||:  64%|######4   | 63/98 [00:01<00:00, 41.18it/s]
accuracy: 0.8516, accuracy3: 1.0000, loss: 0.4882 ||:  69%|######9   | 68/98 [00:01<00:00, 41.66it/s]
accuracy: 0.8513, accuracy3: 1.0000, loss: 0.4851 ||:  74%|#######4  | 73/98 [00:01<00:00, 41.31it/s]
accuracy: 0.8487, accuracy3: 1.0000, loss: 0.4831 ||:  80%|#######9  | 78/98 [00:01<00:00, 40.17it/s]
accuracy: 0.8487, accuracy3: 1.0000, loss: 0.4887 ||:  85%|########4 | 83/98 [00:02<00:00, 42.14it/s]
accuracy: 0.8500, accuracy3: 1.0000, loss: 0.4950 ||:  90%|########9 | 88/98 [00:02<00:00, 40.99it/s]
accuracy: 0.8529, accuracy3: 1.0000, loss: 0.5022 ||:  95%|#########4| 93/98 [00:02<00:00, 40.86it/s]
accuracy: 0.8545, accuracy3: 1.0000, loss: 0.4964 ||: 100%|##########| 98/98 [00:02<00:00, 40.07it/s]

